2023-12-16 00:10:26 开始第 3513 次操作

2023-12-16 00:10:26 开始操作号码 【1893422】
2023-12-16 00:10:35 GSD getOne 第 1 次 等待 3 秒
2023-12-16 00:10:38 查询号码 【1893422】，返回信息 {"status":"ok","msg":"广东-湛江","gid":"494073","time_insert":"2021-08-04 02:51"}
2023-12-16 00:10:38 查询号码 【1893422】，GSD为【"广东-湛江"】

2023-12-16 00:10:39 开始第 3514 次操作

2023-12-16 00:10:39 开始操作号码 【1893423】
2023-12-16 00:10:44 GSD getOne 第 1 次 等待 3 秒
2023-12-16 00:10:47 查询号码 【1893423】，返回信息 {"status":"ok","msg":"广东-湛江","gid":"494065","time_insert":"2021-08-04 02:49"}
2023-12-16 00:10:47 查询号码 【1893423】，GSD为【"广东-湛江"】

2023-12-16 00:10:48 开始第 3515 次操作

2023-12-16 00:10:48 开始操作号码 【1893424】
2023-12-16 00:10:53 GSD getOne 第 1 次 等待 3 秒
2023-12-16 00:10:56 查询号码 【1893424】，返回信息 {"status":"ok","msg":"广东-湛江","gid":"494062","time_insert":"2021-08-04 02:48"}
2023-12-16 00:10:56 查询号码 【1893424】，GSD为【"广东-湛江"】

2023-12-16 00:10:57 开始第 3516 次操作

2023-12-16 00:10:57 开始操作号码 【1893425】
2023-12-16 00:11:00 GSD getOne 第 1 次 等待 3 秒
2023-12-16 00:11:03 查询号码 【1893425】，返回信息 {"status":"ok","msg":"广东-茂名","gid":"494057","time_insert":"2021-08-04 02:47"}
2023-12-16 00:11:03 查询号码 【1893425】，GSD为【"广东-茂名"】

