2024-08-21 00:20:27 开始第 281 次操作

2024-08-21 00:20:27 开始操作号码 【1450280】
2024-08-21 00:20:37 GSD getOne 第 1 次 等待 3 秒
2024-08-21 00:20:40 查询号码 【1450280】，返回信息 {"status":"ok","msg":"内蒙古-鄂尔多斯","gid":"64613","time_insert":"2021-05-22 09:34"}
2024-08-21 00:20:40 查询号码 【1450280】，GSD为【"内蒙古-鄂尔多斯"】

2024-08-21 00:20:41 开始第 282 次操作

2024-08-21 00:20:41 开始操作号码 【1450281】
2024-08-21 00:20:50 GSD getOne 第 1 次 等待 3 秒
2024-08-21 00:20:53 查询号码 【1450281】，返回信息 {"status":"ok","msg":"内蒙古-鄂尔多斯","gid":"64619","time_insert":"2021-05-22 09:42"}
2024-08-21 00:20:53 查询号码 【1450281】，GSD为【"内蒙古-鄂尔多斯"】

2024-08-21 00:20:54 开始第 283 次操作

2024-08-21 00:20:54 开始操作号码 【1450282】
2024-08-21 00:21:03 GSD getOne 第 1 次 等待 3 秒
2024-08-21 00:21:06 查询号码 【1450282】，返回信息 {"status":"ok","msg":"内蒙古-鄂尔多斯","gid":"64622","time_insert":"2021-05-22 09:49"}
2024-08-21 00:21:06 查询号码 【1450282】，GSD为【"内蒙古-鄂尔多斯"】

2024-08-21 00:21:07 开始第 284 次操作

2024-08-21 00:21:07 开始操作号码 【1450283】
2024-08-21 00:21:15 GSD getOne 第 1 次 等待 3 秒
2024-08-21 00:21:18 查询号码 【1450283】，返回信息 {"status":"ok","msg":"内蒙古-鄂尔多斯","gid":"64626","time_insert":"2021-05-22 09:54"}
2024-08-21 00:21:18 查询号码 【1450283】，GSD为【"内蒙古-鄂尔多斯"】

2024-08-21 00:40:46 开始第 285 次操作

2024-08-21 00:40:46 开始操作号码 【1450284】
2024-08-21 00:40:55 GSD getOne 第 1 次 等待 3 秒
2024-08-21 00:40:58 查询号码 【1450284】，返回信息 {"status":"ok","msg":"内蒙古-呼和浩特","gid":"64629","time_insert":"2021-05-22 10:00"}
2024-08-21 00:40:58 查询号码 【1450284】，GSD为【"内蒙古-呼和浩特"】

2024-08-21 00:40:59 开始第 286 次操作

2024-08-21 00:40:59 开始操作号码 【1450285】
2024-08-21 00:41:08 GSD getOne 第 1 次 等待 3 秒
2024-08-21 00:41:11 查询号码 【1450285】，返回信息 {"status":"ok","msg":"内蒙古-呼和浩特","gid":"64632","time_insert":"2021-05-22 10:05"}
2024-08-21 00:41:11 查询号码 【1450285】，GSD为【"内蒙古-呼和浩特"】

2024-08-21 00:41:12 开始第 287 次操作

2024-08-21 00:41:12 开始操作号码 【1450286】
2024-08-21 00:41:22 GSD getOne 第 1 次 等待 3 秒
2024-08-21 00:41:25 查询号码 【1450286】，返回信息 {"status":"ok","msg":"内蒙古-呼和浩特","gid":"64634","time_insert":"2021-05-22 10:10"}
2024-08-21 00:41:25 查询号码 【1450286】，GSD为【"内蒙古-呼和浩特"】

2024-08-21 00:41:26 开始第 288 次操作

2024-08-21 00:41:26 开始操作号码 【1450287】
2024-08-21 00:41:34 GSD getOne 第 1 次 等待 3 秒
2024-08-21 00:41:37 查询号码 【1450287】，返回信息 {"status":"ok","msg":"内蒙古-呼和浩特","gid":"64639","time_insert":"2021-05-22 10:17"}
2024-08-21 00:41:37 查询号码 【1450287】，GSD为【"内蒙古-呼和浩特"】

2024-08-21 01:15:50 开始第 289 次操作

2024-08-21 01:15:50 开始操作号码 【1450288】
2024-08-21 01:15:59 GSD getOne 第 1 次 等待 3 秒
2024-08-21 01:16:02 查询号码 【1450288】，返回信息 {"status":"ok","msg":"内蒙古-呼和浩特","gid":"64644","time_insert":"2021-05-22 10:23"}
2024-08-21 01:16:02 查询号码 【1450288】，GSD为【"内蒙古-呼和浩特"】

2024-08-21 01:16:03 开始第 290 次操作

2024-08-21 01:16:03 开始操作号码 【1450289】
2024-08-21 01:16:11 GSD getOne 第 1 次 等待 3 秒
2024-08-21 01:16:14 查询号码 【1450289】，返回信息 {"status":"ok","msg":"内蒙古-兴安盟","gid":"64648","time_insert":"2021-05-22 10:30"}
2024-08-21 01:16:14 查询号码 【1450289】，GSD为【"内蒙古-兴安盟"】

2024-08-21 01:16:15 开始第 291 次操作

2024-08-21 01:16:15 开始操作号码 【1450290】
2024-08-21 01:16:24 GSD getOne 第 1 次 等待 3 秒
2024-08-21 01:16:27 查询号码 【1450290】，返回信息 {"status":"ok","msg":"山西-大同","gid":"64652","time_insert":"2021-05-22 10:37"}
2024-08-21 01:16:27 查询号码 【1450290】，GSD为【"山西-大同"】

2024-08-21 01:16:28 开始第 292 次操作

2024-08-21 01:16:28 开始操作号码 【1450291】
2024-08-21 01:16:36 GSD getOne 第 1 次 等待 3 秒
2024-08-21 01:16:39 查询号码 【1450291】，返回信息 {"status":"ok","msg":"山西-大同","gid":"64657","time_insert":"2021-05-22 10:43"}
2024-08-21 01:16:39 查询号码 【1450291】，GSD为【"山西-大同"】

