2024-03-13 00:10:29 开始第 8749 次操作

2024-03-13 00:10:29 开始操作号码 【1788658】
2024-03-13 00:10:44 GSD getOne 第 1 次 等待 3 秒
2024-03-13 00:10:47 查询号码 【1788658】，返回信息 {"status":"ok","msg":"河北-衡水","gid":"267551","time_insert":"2021-07-13 18:46"}
2024-03-13 00:10:47 查询号码 【1788658】，GSD为【"河北-衡水"】

2024-03-13 00:10:48 开始第 8750 次操作

2024-03-13 00:10:48 开始操作号码 【1788659】
2024-03-13 00:10:52 GSD getOne 第 1 次 等待 3 秒
2024-03-13 00:10:55 查询号码 【1788659】，返回信息 {"status":"ok","msg":"河北-邢台","gid":"267538","time_insert":"2021-07-13 18:45"}
2024-03-13 00:10:55 查询号码 【1788659】，GSD为【"河北-邢台"】

2024-03-13 00:10:56 开始第 8751 次操作

2024-03-13 00:10:56 开始操作号码 【1788660】
2024-03-13 00:11:01 GSD getOne 第 1 次 等待 3 秒
2024-03-13 00:11:04 查询号码 【1788660】，返回信息 {"status":"ok","msg":"河南-周口","gid":"267523","time_insert":"2021-07-13 18:44"}
2024-03-13 00:11:04 查询号码 【1788660】，GSD为【"河南-周口"】

2024-03-13 00:11:05 开始第 8752 次操作

2024-03-13 00:11:05 开始操作号码 【1788661】
2024-03-13 00:11:10 GSD getOne 第 1 次 等待 3 秒
2024-03-13 00:11:13 查询号码 【1788661】，返回信息 {"status":"ok","msg":"河南-新乡","gid":"267510","time_insert":"2021-07-13 18:43"}
2024-03-13 00:11:13 查询号码 【1788661】，GSD为【"河南-新乡"】

