2024-06-29 00:10:33 开始第 3797 次操作

2024-06-29 00:10:33 开始操作号码 【1563703】
2024-06-29 00:10:47 GSD getOne 第 1 次 等待 3 秒
2024-06-29 00:10:50 查询号码 【1563703】，返回信息 {"status":"ok","msg":"河南-商丘","gid":"319466","time_insert":"2021-07-18 21:55"}
2024-06-29 00:10:50 查询号码 【1563703】，GSD为【"河南-商丘"】

2024-06-29 00:10:51 开始第 3798 次操作

2024-06-29 00:10:51 开始操作号码 【1563704】
2024-06-29 00:11:05 GSD getOne 第 1 次 等待 3 秒
2024-06-29 00:11:08 查询号码 【1563704】，返回信息 {"status":"ok","msg":"河南-商丘","gid":"319580","time_insert":"2021-07-18 22:05"}
2024-06-29 00:11:08 查询号码 【1563704】，GSD为【"河南-商丘"】

2024-06-29 00:11:09 开始第 3799 次操作

2024-06-29 00:11:09 开始操作号码 【1563705】
2024-06-29 00:11:23 GSD getOne 第 1 次 等待 3 秒
2024-06-29 00:11:26 查询号码 【1563705】，返回信息 {"status":"ok","msg":"河南-商丘","gid":"319649","time_insert":"2021-07-18 22:14"}
2024-06-29 00:11:26 查询号码 【1563705】，GSD为【"河南-商丘"】

2024-06-29 00:11:27 开始第 3800 次操作

2024-06-29 00:11:27 开始操作号码 【1563706】
2024-06-29 00:11:40 GSD getOne 第 1 次 等待 3 秒
2024-06-29 00:11:43 查询号码 【1563706】，返回信息 {"status":"ok","msg":"河南-商丘","gid":"319682","time_insert":"2021-07-18 22:23"}
2024-06-29 00:11:43 查询号码 【1563706】，GSD为【"河南-商丘"】

2024-06-29 00:36:47 开始第 3801 次操作

2024-06-29 00:36:47 开始操作号码 【1563707】
2024-06-29 00:37:02 GSD getOne 第 1 次 等待 3 秒
2024-06-29 00:37:05 查询号码 【1563707】，返回信息 {"status":"ok","msg":"河南-商丘","gid":"319710","time_insert":"2021-07-18 22:32"}
2024-06-29 00:37:05 查询号码 【1563707】，GSD为【"河南-商丘"】

2024-06-29 00:37:06 开始第 3802 次操作

2024-06-29 00:37:06 开始操作号码 【1563708】
2024-06-29 00:37:23 GSD getOne 第 1 次 等待 3 秒
2024-06-29 00:37:26 查询号码 【1563708】，返回信息 {"status":"ok","msg":"河南-商丘","gid":"319811","time_insert":"2021-07-18 22:42"}
2024-06-29 00:37:26 查询号码 【1563708】，GSD为【"河南-商丘"】

2024-06-29 00:37:27 开始第 3803 次操作

2024-06-29 00:37:27 开始操作号码 【1563709】
2024-06-29 00:37:43 GSD getOne 第 1 次 等待 3 秒
2024-06-29 00:37:46 查询号码 【1563709】，返回信息 {"status":"ok","msg":"河南-商丘","gid":"319969","time_insert":"2021-07-18 22:52","time_update":"2021-07-19 00:29"}
2024-06-29 00:37:46 查询号码 【1563709】，GSD为【"河南-商丘"】

2024-06-29 00:37:47 开始第 3804 次操作

2024-06-29 00:37:47 开始操作号码 【1563710】
2024-06-29 00:38:06 GSD getOne 第 1 次 等待 3 秒
2024-06-29 00:38:09 查询号码 【1563710】，返回信息 {"status":"ok","msg":"河南-郑州","gid":"320117","time_insert":"2021-07-18 23:02"}
2024-06-29 00:38:09 查询号码 【1563710】，GSD为【"河南-郑州"】

