2024-07-18 00:11:01 开始第 7241 次操作

2024-07-18 00:11:01 开始操作号码 【1567147】
2024-07-18 00:11:09 GSD getOne 第 1 次 等待 3 秒
2024-07-18 00:11:12 查询号码 【1567147】，返回信息 {"status":"ok","msg":"湖北-荆州","gid":"22693","time_insert":"2014-12-21 22:55","time_update":"2020-09-17 17:26"}
2024-07-18 00:11:12 查询号码 【1567147】，GSD为【"湖北-荆州"】

2024-07-18 00:11:13 开始第 7242 次操作

2024-07-18 00:11:13 开始操作号码 【1567148】
2024-07-18 00:11:23 GSD getOne 第 1 次 等待 3 秒
2024-07-18 00:11:26 查询号码 【1567148】，返回信息 {"status":"ok","msg":"湖北-襄阳","gid":"22694","time_insert":"2018-01-06 16:13","time_update":"2020-09-17 17:30"}
2024-07-18 00:11:26 查询号码 【1567148】，GSD为【"湖北-襄阳"】

2024-07-18 00:11:27 开始第 7243 次操作

2024-07-18 00:11:27 开始操作号码 【1567149】
2024-07-18 00:11:42 GSD getOne 第 1 次 等待 3 秒
2024-07-18 00:11:45 查询号码 【1567149】，返回信息 {"status":"ok","msg":"湖北-襄阳","gid":"396759","time_insert":"2021-07-26 03:14"}
2024-07-18 00:11:45 查询号码 【1567149】，GSD为【"湖北-襄阳"】

2024-07-18 00:11:46 开始第 7244 次操作

2024-07-18 00:11:46 开始操作号码 【1567150】
2024-07-18 00:11:56 GSD getOne 第 1 次 等待 3 秒
2024-07-18 00:11:59 查询号码 【1567150】，返回信息 {"status":"ok","msg":"湖北-恩施","gid":"396749","time_insert":"2021-07-26 03:13"}
2024-07-18 00:11:59 查询号码 【1567150】，GSD为【"湖北-恩施"】

