2023-10-14 00:09:46 开始第 3037 次操作

2023-10-14 00:09:46 开始操作号码 【1993002】
2023-10-14 00:09:50 GSD getOne 第 1 次 等待 3 秒
2023-10-14 00:09:53 查询号码 【1993002】，返回信息 {"status":"ok","msg":"河北-唐山","gid":"507380","time_insert":"2021-08-13 08:07"}
2023-10-14 00:09:53 查询号码 【1993002】，GSD为【"河北-唐山"】

2023-10-14 00:09:54 开始第 3038 次操作

2023-10-14 00:09:54 开始操作号码 【1993003】
2023-10-14 00:10:03 GSD getOne 第 1 次 等待 3 秒
2023-10-14 00:10:06 查询号码 【1993003】，返回信息 {"status":"ok","msg":"河北-唐山","gid":"507390","time_insert":"2021-08-13 08:14"}
2023-10-14 00:10:06 查询号码 【1993003】，GSD为【"河北-唐山"】

2023-10-14 00:10:07 开始第 3039 次操作

2023-10-14 00:10:07 开始操作号码 【1993004】
2023-10-14 00:10:12 GSD getOne 第 1 次 等待 3 秒
2023-10-14 00:10:15 查询号码 【1993004】，返回信息 {"status":"ok","msg":"河北-唐山","gid":"507394","time_insert":"2021-08-13 08:18"}
2023-10-14 00:10:15 查询号码 【1993004】，GSD为【"河北-唐山"】

2023-10-14 00:10:16 开始第 3040 次操作

2023-10-14 00:10:16 开始操作号码 【1993005】
2023-10-14 00:10:22 GSD getOne 第 1 次 等待 3 秒
2023-10-14 00:10:25 查询号码 【1993005】，返回信息 {"status":"ok","msg":"河北-唐山","gid":"507399","time_insert":"2021-08-13 08:23"}
2023-10-14 00:10:25 查询号码 【1993005】，GSD为【"河北-唐山"】

