2023-10-21 00:09:50 开始第 4313 次操作

2023-10-21 00:09:50 开始操作号码 【1994222】
2023-10-21 00:09:53 GSD getOne 第 1 次 等待 3 秒
2023-10-21 00:09:56 查询号码 【1994222】，返回信息 {"status":"ok","msg":"重庆-重庆","gid":"514742","time_insert":"2021-08-17 10:31"}
2023-10-21 00:09:56 查询号码 【1994222】，GSD为【"重庆-重庆"】

2023-10-21 00:09:57 开始第 4314 次操作

2023-10-21 00:09:57 开始操作号码 【1994223】
2023-10-21 00:09:59 GSD getOne 第 1 次 等待 3 秒
2023-10-21 00:10:02 查询号码 【1994223】，返回信息 {"status":"ok","msg":"重庆-重庆","gid":"514751","time_insert":"2021-08-17 10:39"}
2023-10-21 00:10:02 查询号码 【1994223】，GSD为【"重庆-重庆"】

2023-10-21 00:10:03 开始第 4315 次操作

2023-10-21 00:10:03 开始操作号码 【1994224】
2023-10-21 00:10:06 GSD getOne 第 1 次 等待 3 秒
2023-10-21 00:10:09 查询号码 【1994224】，返回信息 {"status":"ok","msg":"重庆-重庆","gid":"514756","time_insert":"2021-08-17 10:42"}
2023-10-21 00:10:09 查询号码 【1994224】，GSD为【"重庆-重庆"】

2023-10-21 00:10:10 开始第 4316 次操作

2023-10-21 00:10:10 开始操作号码 【1994225】
2023-10-21 00:10:23 GSD getOne 第 1 次 等待 3 秒
2023-10-21 00:10:26 查询号码 【1994225】，返回信息 {"status":"ok","msg":"重庆-重庆","gid":"46573","time_insert":"2018-06-29 18:36","time_update":"2021-01-20 19:46"}
2023-10-21 00:10:27 查询号码 【1994225】，GSD为【"重庆-重庆"】

2023-10-21 00:36:27 开始第 4317 次操作

2023-10-21 00:36:27 开始操作号码 【1994226】
2023-10-21 00:36:33 GSD getOne 第 1 次 等待 3 秒
2023-10-21 00:36:36 查询号码 【1994226】，返回信息 {"status":"ok","msg":"重庆-重庆","gid":"46574","time_insert":"2018-06-04 13:00","time_update":"2021-01-20 19:52"}
2023-10-21 00:36:36 查询号码 【1994226】，GSD为【"重庆-重庆"】

2023-10-21 00:36:37 开始第 4318 次操作

2023-10-21 00:36:37 开始操作号码 【1994227】
2023-10-21 00:36:43 GSD getOne 第 1 次 等待 3 秒
2023-10-21 00:36:46 查询号码 【1994227】，返回信息 {"status":"ok","msg":"重庆-重庆","gid":"514772","time_insert":"2021-08-17 10:51"}
2023-10-21 00:36:46 查询号码 【1994227】，GSD为【"重庆-重庆"】

2023-10-21 00:36:47 开始第 4319 次操作

2023-10-21 00:36:47 开始操作号码 【1994228】
2023-10-21 00:36:53 GSD getOne 第 1 次 等待 3 秒
2023-10-21 00:36:56 查询号码 【1994228】，返回信息 {"status":"ok","msg":"重庆-重庆","gid":"51685","time_insert":"2021-04-22 10:08"}
2023-10-21 00:36:56 查询号码 【1994228】，GSD为【"重庆-重庆"】

2023-10-21 00:36:57 开始第 4320 次操作

2023-10-21 00:36:57 开始操作号码 【1994229】
2023-10-21 00:36:59 GSD getOne 第 1 次 等待 3 秒
2023-10-21 00:37:02 查询号码 【1994229】，返回信息 {"status":"ok","msg":"重庆-重庆","gid":"46575","time_insert":"2019-12-27 21:03","time_update":"2021-01-20 19:56"}
2023-10-21 00:37:02 查询号码 【1994229】，GSD为【"重庆-重庆"】

