2024-03-26 00:10:11 开始第 173 次操作

2024-03-26 00:10:11 开始操作号码 【1670083】
2024-03-26 00:10:17 GSD getOne 第 1 次 等待 3 秒
2024-03-26 00:10:20 查询号码 【1670083】，返回信息 {"status":"ok","msg":"-","gid":"215895","time_insert":"2021-07-07 17:50"}
2024-03-26 00:10:20 查询号码 【1670083】，GSD为【"-"】
2024-03-26 00:10:20 ok && -
2024-03-26 00:10:22 CHB 1670083?1711383020 第 1 次 等待 3 秒
2024-03-26 00:10:25 CHB 1670083?1711383020 第 1 次 获取到号码【1670083】GSD
2024-03-26 00:10:25 未获取到号码【1670083】GSD，可能号码格式错误
2024-03-26 00:10:25 获取到号码【1670083】的GSD为【-】
2024-03-26 00:10:32 GSD insert 第 1 次 等待 3 秒
2024-03-26 00:10:35 {"status":"bad","gid":"215895","msg":"添加失败！号码【1670083(-|-)】已存在！"}
2024-03-26 00:10:35 随机等待 119 秒，约 1 分钟
2024-03-26 00:10:35 下次操作: 2024-03-26 00:12:34

2024-03-26 00:12:34 开始第 174 次操作

2024-03-26 00:12:34 开始操作号码 【1670084】
2024-03-26 00:12:39 GSD getOne 第 1 次 等待 3 秒
2024-03-26 00:12:42 查询号码 【1670084】，返回信息 {"status":"ok","msg":"-","gid":"215901","time_insert":"2021-07-07 17:51"}
2024-03-26 00:12:42 查询号码 【1670084】，GSD为【"-"】
2024-03-26 00:12:42 ok && -
2024-03-26 00:12:44 CHB 1670084?1711383162 第 1 次 等待 3 秒
2024-03-26 00:12:47 CHB 1670084?1711383162 第 1 次 获取到号码【1670084】GSD
2024-03-26 00:12:47 未获取到号码【1670084】GSD，可能号码格式错误
2024-03-26 00:12:47 获取到号码【1670084】的GSD为【-】
2024-03-26 00:12:54 GSD insert 第 1 次 等待 3 秒
2024-03-26 00:12:57 {"status":"bad","gid":"215901","msg":"添加失败！号码【1670084(-|-)】已存在！"}
2024-03-26 00:12:57 随机等待 151 秒，约 2 分钟
2024-03-26 00:12:57 下次操作: 2024-03-26 00:15:28

2024-03-26 00:15:28 开始第 175 次操作

2024-03-26 00:15:28 开始操作号码 【1670085】
2024-03-26 00:15:33 GSD getOne 第 1 次 等待 3 秒
2024-03-26 00:15:36 查询号码 【1670085】，返回信息 {"status":"ok","msg":"-","gid":"215910","time_insert":"2021-07-07 17:51"}
2024-03-26 00:15:36 查询号码 【1670085】，GSD为【"-"】
2024-03-26 00:15:36 ok && -
2024-03-26 00:15:38 CHB 1670085?1711383336 第 1 次 等待 3 秒
2024-03-26 00:15:41 CHB 1670085?1711383336 第 1 次 获取到号码【1670085】GSD
2024-03-26 00:15:41 未获取到号码【1670085】GSD，可能号码格式错误
2024-03-26 00:15:41 获取到号码【1670085】的GSD为【-】
2024-03-26 00:15:46 GSD insert 第 1 次 等待 3 秒
2024-03-26 00:15:49 {"status":"bad","gid":"215910","msg":"添加失败！号码【1670085(-|-)】已存在！"}
2024-03-26 00:15:49 随机等待 78 秒，约 1 分钟
2024-03-26 00:15:49 下次操作: 2024-03-26 00:17:07

2024-03-26 00:17:07 开始第 176 次操作

2024-03-26 00:17:07 开始操作号码 【1670086】
2024-03-26 00:17:13 GSD getOne 第 1 次 等待 3 秒
2024-03-26 00:17:16 查询号码 【1670086】，返回信息 {"status":"ok","msg":"-","gid":"215915","time_insert":"2021-07-07 17:52"}
2024-03-26 00:17:16 查询号码 【1670086】，GSD为【"-"】
2024-03-26 00:17:16 ok && -
2024-03-26 00:17:17 CHB 1670086?1711383436 第 1 次 等待 3 秒
2024-03-26 00:17:20 CHB 1670086?1711383436 第 1 次 获取到号码【1670086】GSD
2024-03-26 00:17:20 未获取到号码【1670086】GSD，可能号码格式错误
2024-03-26 00:17:20 获取到号码【1670086】的GSD为【-】
2024-03-26 00:17:25 GSD insert 第 1 次 等待 3 秒
2024-03-26 00:17:28 {"status":"bad","gid":"215915","msg":"添加失败！号码【1670086(-|-)】已存在！"}

