2024-01-05 00:09:46 开始第 7193 次操作

2024-01-05 00:09:46 开始操作号码 【1897102】
2024-01-05 00:09:49 GSD getOne 第 1 次 等待 3 秒
2024-01-05 00:09:52 查询号码 【1897102】，返回信息 {"status":"ok","msg":"湖北-武汉","gid":"454583","time_insert":"2021-07-31 09:54"}
2024-01-05 00:09:52 查询号码 【1897102】，GSD为【"湖北-武汉"】

2024-01-05 00:09:53 开始第 7194 次操作

2024-01-05 00:09:53 开始操作号码 【1897103】
2024-01-05 00:09:56 GSD getOne 第 1 次 等待 3 秒
2024-01-05 00:09:59 查询号码 【1897103】，返回信息 {"status":"ok","msg":"湖北-武汉","gid":"454570","time_insert":"2021-07-31 09:53"}
2024-01-05 00:09:59 查询号码 【1897103】，GSD为【"湖北-武汉"】

2024-01-05 00:10:00 开始第 7195 次操作

2024-01-05 00:10:00 开始操作号码 【1897104】
2024-01-05 00:10:03 GSD getOne 第 1 次 等待 3 秒
2024-01-05 00:10:06 查询号码 【1897104】，返回信息 {"status":"ok","msg":"湖北-武汉","gid":"454557","time_insert":"2021-07-31 09:52"}
2024-01-05 00:10:06 查询号码 【1897104】，GSD为【"湖北-武汉"】

2024-01-05 00:10:07 开始第 7196 次操作

2024-01-05 00:10:07 开始操作号码 【1897105】
2024-01-05 00:10:10 GSD getOne 第 1 次 等待 3 秒
2024-01-05 00:10:13 查询号码 【1897105】，返回信息 {"status":"ok","msg":"湖北-武汉","gid":"454543","time_insert":"2021-07-31 09:51"}
2024-01-05 00:10:13 查询号码 【1897105】，GSD为【"湖北-武汉"】

2024-01-05 00:38:06 开始第 7197 次操作

2024-01-05 00:38:06 开始操作号码 【1897106】
2024-01-05 00:38:09 GSD getOne 第 1 次 等待 3 秒
2024-01-05 00:38:12 查询号码 【1897106】，返回信息 {"status":"ok","msg":"湖北-武汉","gid":"454530","time_insert":"2021-07-31 09:50"}
2024-01-05 00:38:12 查询号码 【1897106】，GSD为【"湖北-武汉"】

2024-01-05 00:38:13 开始第 7198 次操作

2024-01-05 00:38:13 开始操作号码 【1897107】
2024-01-05 00:38:17 GSD getOne 第 1 次 等待 3 秒
2024-01-05 00:38:20 查询号码 【1897107】，返回信息 {"status":"ok","msg":"湖北-武汉","gid":"454517","time_insert":"2021-07-31 09:49"}
2024-01-05 00:38:20 查询号码 【1897107】，GSD为【"湖北-武汉"】

2024-01-05 00:38:21 开始第 7199 次操作

2024-01-05 00:38:21 开始操作号码 【1897108】
2024-01-05 00:38:24 GSD getOne 第 1 次 等待 3 秒
2024-01-05 00:38:27 查询号码 【1897108】，返回信息 {"status":"ok","msg":"湖北-武汉","gid":"454507","time_insert":"2021-07-31 09:48"}
2024-01-05 00:38:27 查询号码 【1897108】，GSD为【"湖北-武汉"】

2024-01-05 00:38:28 开始第 7200 次操作

2024-01-05 00:38:28 开始操作号码 【1897109】
2024-01-05 00:38:31 GSD getOne 第 1 次 等待 3 秒
2024-01-05 00:38:34 查询号码 【1897109】，返回信息 {"status":"ok","msg":"湖北-武汉","gid":"454497","time_insert":"2021-07-31 09:48"}
2024-01-05 00:38:34 查询号码 【1897109】，GSD为【"湖北-武汉"】

