2024-05-19 00:08:58 开始第 9937 次操作

2024-05-19 00:08:58 开始操作号码 【1679843】
2024-05-19 00:09:07 GSD getOne 第 1 次 等待 3 秒
2024-05-19 00:09:10 查询号码 【1679843】，返回信息 {"status":"ok","msg":"山西-忻州","gid":"336852","time_insert":"2021-07-20 13:15"}
2024-05-19 00:09:10 查询号码 【1679843】，GSD为【"山西-忻州"】

2024-05-19 00:09:11 开始第 9938 次操作

2024-05-19 00:09:11 开始操作号码 【1679844】
2024-05-19 00:09:21 GSD getOne 第 1 次 等待 3 秒
2024-05-19 00:09:24 查询号码 【1679844】，返回信息 {"status":"ok","msg":"山西-忻州","gid":"336856","time_insert":"2021-07-20 13:16"}
2024-05-19 00:09:24 查询号码 【1679844】，GSD为【"山西-忻州"】

2024-05-19 00:09:25 开始第 9939 次操作

2024-05-19 00:09:25 开始操作号码 【1679845】
2024-05-19 00:09:42 GSD getOne 第 1 次 等待 3 秒
2024-05-19 00:09:45 查询号码 【1679845】，返回信息 {"status":"ok","msg":"山西-忻州","gid":"336862","time_insert":"2021-07-20 13:17"}
2024-05-19 00:09:45 查询号码 【1679845】，GSD为【"山西-忻州"】

2024-05-19 00:09:46 开始第 9940 次操作

2024-05-19 00:09:46 开始操作号码 【1679846】
2024-05-19 00:11:06 GSD getOne 第 1 次 等待 3 秒
2024-05-19 00:11:09 查询号码 【1679846】，返回信息 {"status":"ok","msg":"山西-晋中","gid":"336868","time_insert":"2021-07-20 13:18"}
2024-05-19 00:11:09 查询号码 【1679846】，GSD为【"山西-晋中"】

2024-05-19 00:34:06 开始第 9941 次操作

2024-05-19 00:34:06 开始操作号码 【1679847】
2024-05-19 00:34:13 GSD getOne 第 1 次 等待 3 秒
2024-05-19 00:34:16 查询号码 【1679847】，返回信息 {"status":"ok","msg":"山西-晋中","gid":"336874","time_insert":"2021-07-20 13:18"}
2024-05-19 00:34:16 查询号码 【1679847】，GSD为【"山西-晋中"】

2024-05-19 00:34:17 开始第 9942 次操作

2024-05-19 00:34:17 开始操作号码 【1679848】
2024-05-19 00:34:23 GSD getOne 第 1 次 等待 3 秒
2024-05-19 00:34:26 查询号码 【1679848】，返回信息 {"status":"ok","msg":"山西-晋中","gid":"336880","time_insert":"2021-07-20 13:19"}
2024-05-19 00:34:26 查询号码 【1679848】，GSD为【"山西-晋中"】

2024-05-19 00:34:27 开始第 9943 次操作

2024-05-19 00:34:27 开始操作号码 【1679849】
2024-05-19 00:34:32 GSD getOne 第 1 次 等待 3 秒
2024-05-19 00:34:35 查询号码 【1679849】，返回信息 {"status":"ok","msg":"山西-晋中","gid":"336884","time_insert":"2021-07-20 13:20"}
2024-05-19 00:34:35 查询号码 【1679849】，GSD为【"山西-晋中"】

2024-05-19 00:34:36 开始第 9944 次操作

2024-05-19 00:34:36 开始操作号码 【1679850】
2024-05-19 00:34:53 GSD getOne 第 1 次 等待 3 秒
2024-05-19 00:34:56 查询号码 【1679850】，返回信息 {"status":"ok","msg":"山西-晋中","gid":"336887","time_insert":"2021-07-20 13:21"}
2024-05-19 00:34:56 查询号码 【1679850】，GSD为【"山西-晋中"】

2024-05-19 01:06:57 开始第 9945 次操作

2024-05-19 01:06:57 开始操作号码 【1679851】
2024-05-19 01:07:08 GSD getOne 第 1 次 等待 3 秒
2024-05-19 01:07:11 查询号码 【1679851】，返回信息 {"status":"ok","msg":"贵州-贵阳","gid":"64256","time_insert":"2021-05-21 22:38","time_update":"2021-06-09 07:19"}
2024-05-19 01:07:11 查询号码 【1679851】，GSD为【"贵州-贵阳"】

2024-05-19 01:07:12 开始第 9946 次操作

2024-05-19 01:07:12 开始操作号码 【1679852】
2024-05-19 01:07:25 GSD getOne 第 1 次 等待 3 秒
2024-05-19 01:07:28 查询号码 【1679852】，返回信息 {"status":"ok","msg":"山西-晋中","gid":"336895","time_insert":"2021-07-20 13:22"}
2024-05-19 01:07:28 查询号码 【1679852】，GSD为【"山西-晋中"】

2024-05-19 01:07:29 开始第 9947 次操作

2024-05-19 01:07:29 开始操作号码 【1679853】
2024-05-19 01:07:40 GSD getOne 第 1 次 等待 3 秒
2024-05-19 01:07:43 查询号码 【1679853】，返回信息 {"status":"ok","msg":"山西-晋中","gid":"336933","time_insert":"2021-07-20 13:34"}
2024-05-19 01:07:43 查询号码 【1679853】，GSD为【"山西-晋中"】

2024-05-19 01:07:44 开始第 9948 次操作

2024-05-19 01:07:44 开始操作号码 【1679854】
2024-05-19 01:07:52 GSD getOne 第 1 次 等待 3 秒
2024-05-19 01:07:55 查询号码 【1679854】，返回信息 {"status":"ok","msg":"山西-晋中","gid":"336937","time_insert":"2021-07-20 13:35"}
2024-05-19 01:07:55 查询号码 【1679854】，GSD为【"山西-晋中"】

