2023-12-15 00:08:57 开始第 3329 次操作

2023-12-15 00:08:57 开始操作号码 【1893238】
2023-12-15 00:09:01 GSD getOne 第 1 次 等待 3 秒
2023-12-15 00:09:04 查询号码 【1893238】，返回信息 {"status":"ok","msg":"江苏-常州","gid":"495340","time_insert":"2021-08-04 08:47"}
2023-12-15 00:09:04 查询号码 【1893238】，GSD为【"江苏-常州"】

2023-12-15 00:09:05 开始第 3330 次操作

2023-12-15 00:09:05 开始操作号码 【1893239】
2023-12-15 00:09:10 GSD getOne 第 1 次 等待 3 秒
2023-12-15 00:09:13 查询号码 【1893239】，返回信息 {"status":"ok","msg":"江苏-常州","gid":"495335","time_insert":"2021-08-04 08:46"}
2023-12-15 00:09:13 查询号码 【1893239】，GSD为【"江苏-常州"】

2023-12-15 00:09:14 开始第 3331 次操作

2023-12-15 00:09:14 开始操作号码 【1893240】
2023-12-15 00:09:19 GSD getOne 第 1 次 等待 3 秒
2023-12-15 00:09:22 查询号码 【1893240】，返回信息 {"status":"ok","msg":"湖南-长沙","gid":"495329","time_insert":"2021-08-04 08:45"}
2023-12-15 00:09:22 查询号码 【1893240】，GSD为【"湖南-长沙"】

2023-12-15 00:09:23 开始第 3332 次操作

2023-12-15 00:09:23 开始操作号码 【1893241】
2023-12-15 00:09:30 GSD getOne 第 1 次 等待 3 秒
2023-12-15 00:09:33 查询号码 【1893241】，返回信息 {"status":"ok","msg":"湖南-长沙","gid":"495323","time_insert":"2021-08-04 08:44"}
2023-12-15 00:09:33 查询号码 【1893241】，GSD为【"湖南-长沙"】

