2023-10-31 00:09:41 开始第 6153 次操作

2023-10-31 00:09:41 开始操作号码 【1996062】
2023-10-31 00:09:45 GSD getOne 第 1 次 等待 3 秒
2023-10-31 00:09:48 查询号码 【1996062】，返回信息 {"status":"ok","msg":"四川-广元","gid":"518316","time_insert":"2021-08-19 16:39"}
2023-10-31 00:09:48 查询号码 【1996062】，GSD为【"四川-广元"】

2023-10-31 00:09:49 开始第 6154 次操作

2023-10-31 00:09:49 开始操作号码 【1996063】
2023-10-31 00:10:15 GSD getOne 第 1 次 等待 3 秒
2023-10-31 00:10:18 查询号码 【1996063】，返回信息 {"status":"ok","msg":"四川-广安","gid":"46656","time_insert":"2018-10-02 23:03","time_update":"2020-11-16 03:55"}
2023-10-31 00:10:18 查询号码 【1996063】，GSD为【"四川-广安"】

2023-10-31 00:10:19 开始第 6155 次操作

2023-10-31 00:10:19 开始操作号码 【1996064】
2023-10-31 00:10:23 GSD getOne 第 1 次 等待 3 秒
2023-10-31 00:10:27 查询号码 【1996064】，返回信息 {"status":"ok","msg":"四川-广安","gid":"518332","time_insert":"2021-08-19 16:51"}
2023-10-31 00:10:27 查询号码 【1996064】，GSD为【"四川-广安"】

2023-10-31 00:10:28 开始第 6156 次操作

2023-10-31 00:10:28 开始操作号码 【1996065】
2023-10-31 00:10:33 GSD getOne 第 1 次 等待 3 秒
2023-10-31 00:10:37 查询号码 【1996065】，返回信息 {"status":"ok","msg":"四川-达州","gid":"518351","time_insert":"2021-08-19 17:04"}
2023-10-31 00:10:37 查询号码 【1996065】，GSD为【"四川-达州"】

2023-10-31 00:37:08 开始第 6157 次操作

2023-10-31 00:37:08 开始操作号码 【1996066】
2023-10-31 00:37:12 GSD getOne 第 1 次 等待 3 秒
2023-10-31 00:37:15 查询号码 【1996066】，返回信息 {"status":"ok","msg":"四川-达州","gid":"518366","time_insert":"2021-08-19 17:15"}
2023-10-31 00:37:15 查询号码 【1996066】，GSD为【"四川-达州"】

2023-10-31 00:37:16 开始第 6158 次操作

2023-10-31 00:37:16 开始操作号码 【1996067】
2023-10-31 00:37:21 GSD getOne 第 1 次 等待 3 秒
2023-10-31 00:37:24 查询号码 【1996067】，返回信息 {"status":"ok","msg":"四川-达州","gid":"46657","time_insert":"2020-07-29 20:39","time_update":"2020-11-16 03:59"}
2023-10-31 00:37:24 查询号码 【1996067】，GSD为【"四川-达州"】

2023-10-31 00:37:25 开始第 6159 次操作

2023-10-31 00:37:25 开始操作号码 【1996068】
2023-10-31 00:37:34 GSD getOne 第 1 次 等待 3 秒
2023-10-31 00:37:37 查询号码 【1996068】，返回信息 {"status":"ok","msg":"四川-达州","gid":"46658","time_insert":"2018-11-21 08:57","time_update":"2020-11-16 04:03"}
2023-10-31 00:37:37 查询号码 【1996068】，GSD为【"四川-达州"】

2023-10-31 00:37:38 开始第 6160 次操作

2023-10-31 00:37:38 开始操作号码 【1996069】
2023-10-31 00:37:43 GSD getOne 第 1 次 等待 3 秒
2023-10-31 00:37:46 查询号码 【1996069】，返回信息 {"status":"ok","msg":"四川-达州","gid":"518383","time_insert":"2021-08-19 17:28"}
2023-10-31 00:37:46 查询号码 【1996069】，GSD为【"四川-达州"】

2023-10-31 01:07:03 开始第 6161 次操作

2023-10-31 01:07:03 开始操作号码 【1996070】
2023-10-31 01:07:06 GSD getOne 第 1 次 等待 3 秒
2023-10-31 01:07:09 查询号码 【1996070】，返回信息 {"status":"ok","msg":"四川-眉山","gid":"50794","time_insert":"2021-04-21 17:03"}
2023-10-31 01:07:09 查询号码 【1996070】，GSD为【"四川-眉山"】

2023-10-31 01:07:10 开始第 6162 次操作

2023-10-31 01:07:10 开始操作号码 【1996071】
2023-10-31 01:07:20 GSD getOne 第 1 次 等待 3 秒
2023-10-31 01:07:23 查询号码 【1996071】，返回信息 {"status":"ok","msg":"四川-眉山","gid":"46659","time_insert":"2019-12-11 19:34","time_update":"2020-11-16 04:07"}
2023-10-31 01:07:23 查询号码 【1996071】，GSD为【"四川-眉山"】

2023-10-31 01:07:24 开始第 6163 次操作

2023-10-31 01:07:24 开始操作号码 【1996072】
2023-10-31 01:07:28 GSD getOne 第 1 次 等待 3 秒
2023-10-31 01:07:31 查询号码 【1996072】，返回信息 {"status":"ok","msg":"四川-眉山","gid":"518403","time_insert":"2021-08-19 17:41"}
2023-10-31 01:07:31 查询号码 【1996072】，GSD为【"四川-眉山"】

2023-10-31 01:07:32 开始第 6164 次操作

2023-10-31 01:07:32 开始操作号码 【1996073】
2023-10-31 01:07:37 GSD getOne 第 1 次 等待 3 秒
2023-10-31 01:07:40 查询号码 【1996073】，返回信息 {"status":"ok","msg":"四川-眉山","gid":"46660","time_insert":"2019-06-05 13:23","time_update":"2020-11-16 04:11"}
2023-10-31 01:07:40 查询号码 【1996073】，GSD为【"四川-眉山"】

2023-10-31 01:32:25 开始第 6165 次操作

2023-10-31 01:32:25 开始操作号码 【1996074】
2023-10-31 01:32:29 GSD getOne 第 1 次 等待 3 秒
2023-10-31 01:32:32 查询号码 【1996074】，返回信息 {"status":"ok","msg":"四川-眉山","gid":"518424","time_insert":"2021-08-19 17:55"}
2023-10-31 01:32:32 查询号码 【1996074】，GSD为【"四川-眉山"】

2023-10-31 01:32:33 开始第 6166 次操作

2023-10-31 01:32:33 开始操作号码 【1996075】
2023-10-31 01:32:36 GSD getOne 第 1 次 等待 3 秒
2023-10-31 01:32:39 查询号码 【1996075】，返回信息 {"status":"ok","msg":"四川-眉山","gid":"518438","time_insert":"2021-08-19 18:06"}
2023-10-31 01:32:39 查询号码 【1996075】，GSD为【"四川-眉山"】

2023-10-31 01:32:40 开始第 6167 次操作

2023-10-31 01:32:40 开始操作号码 【1996076】
2023-10-31 01:32:46 GSD getOne 第 1 次 等待 3 秒
2023-10-31 01:32:49 查询号码 【1996076】，返回信息 {"status":"ok","msg":"四川-眉山","gid":"46661","time_insert":"2019-12-04 18:45","time_update":"2020-11-16 04:15"}
2023-10-31 01:32:49 查询号码 【1996076】，GSD为【"四川-眉山"】

2023-10-31 01:32:50 开始第 6168 次操作

2023-10-31 01:32:50 开始操作号码 【1996077】
2023-10-31 01:33:03 GSD getOne 第 1 次 等待 3 秒
2023-10-31 01:33:06 查询号码 【1996077】，返回信息 {"status":"ok","msg":"四川-眉山","gid":"518461","time_insert":"2021-08-19 18:21"}
2023-10-31 01:33:06 查询号码 【1996077】，GSD为【"四川-眉山"】

