2024-11-26 00:28:07 开始第 6613 次操作

2024-11-26 00:28:07 开始操作号码 【1346612】
2024-11-26 00:28:09 GSD getOne 第 1 次 等待 3 秒
2024-11-26 00:28:12 查询号码 【1346612】，返回信息 {"status":"ok","msg":"云南-曲靖","gid":"4752","time_insert":"2017-01-03 05:16","time_update":"2020-11-25 09:06"}
2024-11-26 00:28:12 查询号码 【1346612】，GSD为【"云南-曲靖"】

2024-11-26 00:28:13 开始第 6614 次操作

2024-11-26 00:28:13 开始操作号码 【1346613】
2024-11-26 00:28:14 GSD getOne 第 1 次 等待 3 秒
2024-11-26 00:28:17 查询号码 【1346613】，返回信息 {"status":"ok","msg":"云南-保山","gid":"4753","time_insert":"2017-07-28 23:37","time_update":"2020-11-25 09:11"}
2024-11-26 00:28:17 查询号码 【1346613】，GSD为【"云南-保山"】

2024-11-26 00:28:18 开始第 6615 次操作

2024-11-26 00:28:18 开始操作号码 【1346614】
2024-11-26 00:28:19 GSD getOne 第 1 次 等待 3 秒
2024-11-26 00:28:22 查询号码 【1346614】，返回信息 {"status":"ok","msg":"云南-保山","gid":"4754","time_insert":"2017-10-31 00:26","time_update":"2020-11-25 09:15"}
2024-11-26 00:28:22 查询号码 【1346614】，GSD为【"云南-保山"】

2024-11-26 00:28:23 开始第 6616 次操作

2024-11-26 00:28:23 开始操作号码 【1346615】
2024-11-26 00:28:24 GSD getOne 第 1 次 等待 3 秒
2024-11-26 00:28:27 查询号码 【1346615】，返回信息 {"status":"ok","msg":"云南-大理","gid":"4755","time_insert":"2019-01-06 14:37","time_update":"2020-11-25 09:19"}
2024-11-26 00:28:27 查询号码 【1346615】，GSD为【"云南-大理"】

