2023-12-20 00:09:24 开始第 4249 次操作

2023-12-20 00:09:24 开始操作号码 【1894158】
2023-12-20 00:09:28 GSD getOne 第 1 次 等待 3 秒
2023-12-20 00:09:31 查询号码 【1894158】，返回信息 {"status":"ok","msg":"辽宁-丹东","gid":"489385","time_insert":"2021-08-03 11:18"}
2023-12-20 00:09:31 查询号码 【1894158】，GSD为【"辽宁-丹东"】

2023-12-20 00:09:32 开始第 4250 次操作

2023-12-20 00:09:32 开始操作号码 【1894159】
2023-12-20 00:09:36 GSD getOne 第 1 次 等待 3 秒
2023-12-20 00:09:39 查询号码 【1894159】，返回信息 {"status":"ok","msg":"辽宁-丹东","gid":"489378","time_insert":"2021-08-03 11:17"}
2023-12-20 00:09:39 查询号码 【1894159】，GSD为【"辽宁-丹东"】

2023-12-20 00:09:40 开始第 4251 次操作

2023-12-20 00:09:40 开始操作号码 【1894160】
2023-12-20 00:09:44 GSD getOne 第 1 次 等待 3 秒
2023-12-20 00:09:47 查询号码 【1894160】，返回信息 {"status":"ok","msg":"辽宁-锦州","gid":"489367","time_insert":"2021-08-03 11:16"}
2023-12-20 00:09:47 查询号码 【1894160】，GSD为【"辽宁-锦州"】

2023-12-20 00:09:48 开始第 4252 次操作

2023-12-20 00:09:48 开始操作号码 【1894161】
2023-12-20 00:09:53 GSD getOne 第 1 次 等待 3 秒
2023-12-20 00:09:57 查询号码 【1894161】，返回信息 {"status":"ok","msg":"辽宁-锦州","gid":"489359","time_insert":"2021-08-03 11:15"}
2023-12-20 00:09:57 查询号码 【1894161】，GSD为【"辽宁-锦州"】

2023-12-20 00:32:31 开始第 4253 次操作

2023-12-20 00:32:31 开始操作号码 【1894162】
2023-12-20 00:32:35 GSD getOne 第 1 次 等待 3 秒
2023-12-20 00:32:38 查询号码 【1894162】，返回信息 {"status":"ok","msg":"辽宁-锦州","gid":"489349","time_insert":"2021-08-03 11:14"}
2023-12-20 00:32:38 查询号码 【1894162】，GSD为【"辽宁-锦州"】

2023-12-20 00:32:39 开始第 4254 次操作

2023-12-20 00:32:39 开始操作号码 【1894163】
2023-12-20 00:32:46 GSD getOne 第 1 次 等待 3 秒
2023-12-20 00:32:49 查询号码 【1894163】，返回信息 {"status":"ok","msg":"辽宁-沈阳","gid":"489340","time_insert":"2021-08-03 11:13"}
2023-12-20 00:32:49 查询号码 【1894163】，GSD为【"辽宁-沈阳"】

2023-12-20 00:32:50 开始第 4255 次操作

2023-12-20 00:32:50 开始操作号码 【1894164】
2023-12-20 00:32:54 GSD getOne 第 1 次 等待 3 秒
2023-12-20 00:32:57 查询号码 【1894164】，返回信息 {"status":"ok","msg":"辽宁-沈阳","gid":"489330","time_insert":"2021-08-03 11:12"}
2023-12-20 00:32:57 查询号码 【1894164】，GSD为【"辽宁-沈阳"】

2023-12-20 00:32:58 开始第 4256 次操作

2023-12-20 00:32:58 开始操作号码 【1894165】
2023-12-20 00:33:07 GSD getOne 第 1 次 等待 3 秒
2023-12-20 00:33:10 查询号码 【1894165】，返回信息 {"status":"ok","msg":"辽宁-沈阳","gid":"489321","time_insert":"2021-08-03 11:12"}
2023-12-20 00:33:10 查询号码 【1894165】，GSD为【"辽宁-沈阳"】

2023-12-20 01:06:07 开始第 4257 次操作

2023-12-20 01:06:07 开始操作号码 【1894166】
2023-12-20 01:06:11 GSD getOne 第 1 次 等待 3 秒
2023-12-20 01:06:14 查询号码 【1894166】，返回信息 {"status":"ok","msg":"辽宁-锦州","gid":"489310","time_insert":"2021-08-03 11:11"}
2023-12-20 01:06:14 查询号码 【1894166】，GSD为【"辽宁-锦州"】

2023-12-20 01:06:15 开始第 4258 次操作

2023-12-20 01:06:15 开始操作号码 【1894167】
2023-12-20 01:06:19 GSD getOne 第 1 次 等待 3 秒
2023-12-20 01:06:22 查询号码 【1894167】，返回信息 {"status":"ok","msg":"辽宁-锦州","gid":"489299","time_insert":"2021-08-03 11:10"}
2023-12-20 01:06:22 查询号码 【1894167】，GSD为【"辽宁-锦州"】

2023-12-20 01:06:23 开始第 4259 次操作

2023-12-20 01:06:23 开始操作号码 【1894168】
2023-12-20 01:06:26 GSD getOne 第 1 次 等待 3 秒
2023-12-20 01:06:29 查询号码 【1894168】，返回信息 {"status":"ok","msg":"辽宁-锦州","gid":"489290","time_insert":"2021-08-03 11:09"}
2023-12-20 01:06:29 查询号码 【1894168】，GSD为【"辽宁-锦州"】

2023-12-20 01:06:30 开始第 4260 次操作

2023-12-20 01:06:30 开始操作号码 【1894169】
2023-12-20 01:06:34 GSD getOne 第 1 次 等待 3 秒
2023-12-20 01:06:37 查询号码 【1894169】，返回信息 {"status":"ok","msg":"辽宁-锦州","gid":"489283","time_insert":"2021-08-03 11:08"}
2023-12-20 01:06:37 查询号码 【1894169】，GSD为【"辽宁-锦州"】

2023-12-20 01:32:18 开始第 4261 次操作

2023-12-20 01:32:18 开始操作号码 【1894170】
2023-12-20 01:32:24 GSD getOne 第 1 次 等待 3 秒
2023-12-20 01:32:27 查询号码 【1894170】，返回信息 {"status":"ok","msg":"辽宁-营口","gid":"489272","time_insert":"2021-08-03 11:07"}
2023-12-20 01:32:27 查询号码 【1894170】，GSD为【"辽宁-营口"】

2023-12-20 01:32:28 开始第 4262 次操作

2023-12-20 01:32:28 开始操作号码 【1894171】
2023-12-20 01:32:32 GSD getOne 第 1 次 等待 3 秒
2023-12-20 01:32:35 查询号码 【1894171】，返回信息 {"status":"ok","msg":"辽宁-营口","gid":"489262","time_insert":"2021-08-03 11:06"}
2023-12-20 01:32:35 查询号码 【1894171】，GSD为【"辽宁-营口"】

2023-12-20 01:32:36 开始第 4263 次操作

2023-12-20 01:32:36 开始操作号码 【1894172】
2023-12-20 01:32:43 GSD getOne 第 1 次 等待 3 秒
2023-12-20 01:32:46 查询号码 【1894172】，返回信息 {"status":"ok","msg":"辽宁-营口","gid":"489253","time_insert":"2021-08-03 11:05"}
2023-12-20 01:32:46 查询号码 【1894172】，GSD为【"辽宁-营口"】

2023-12-20 01:32:47 开始第 4264 次操作

2023-12-20 01:32:47 开始操作号码 【1894173】
2023-12-20 01:32:51 GSD getOne 第 1 次 等待 3 秒
2023-12-20 01:32:54 查询号码 【1894173】，返回信息 {"status":"ok","msg":"辽宁-营口","gid":"489241","time_insert":"2021-08-03 11:04"}
2023-12-20 01:32:54 查询号码 【1894173】，GSD为【"辽宁-营口"】

