2024-02-24 00:09:12 开始第 5485 次操作

2024-02-24 00:09:12 开始操作号码 【1785394】
2024-02-24 00:09:17 GSD getOne 第 1 次 等待 3 秒
2024-02-24 00:09:20 查询号码 【1785394】，返回信息 {"status":"ok","msg":"山东-临沂","gid":"303189","time_insert":"2021-07-17 12:59"}
2024-02-24 00:09:20 查询号码 【1785394】，GSD为【"山东-临沂"】

2024-02-24 00:09:21 开始第 5486 次操作

2024-02-24 00:09:21 开始操作号码 【1785395】
2024-02-24 00:09:26 GSD getOne 第 1 次 等待 3 秒
2024-02-24 00:09:29 查询号码 【1785395】，返回信息 {"status":"ok","msg":"山东-临沂","gid":"303182","time_insert":"2021-07-17 12:59"}
2024-02-24 00:09:29 查询号码 【1785395】，GSD为【"山东-临沂"】

2024-02-24 00:09:30 开始第 5487 次操作

2024-02-24 00:09:30 开始操作号码 【1785396】
2024-02-24 00:09:35 GSD getOne 第 1 次 等待 3 秒
2024-02-24 00:09:38 查询号码 【1785396】，返回信息 {"status":"ok","msg":"山东-临沂","gid":"303171","time_insert":"2021-07-17 12:58"}
2024-02-24 00:09:38 查询号码 【1785396】，GSD为【"山东-临沂"】

2024-02-24 00:09:39 开始第 5488 次操作

2024-02-24 00:09:39 开始操作号码 【1785397】
2024-02-24 00:09:44 GSD getOne 第 1 次 等待 3 秒
2024-02-24 00:09:47 查询号码 【1785397】，返回信息 {"status":"ok","msg":"山东-临沂","gid":"303162","time_insert":"2021-07-17 12:58"}
2024-02-24 00:09:47 查询号码 【1785397】，GSD为【"山东-临沂"】

