2021-08-02 00:00:03 开始第 25 次操作

2021-08-02 00:00:03 开始操作号码 【1853499】
2021-08-02 00:00:10 GSD getOne 第 1 次 等待 3 秒
2021-08-02 00:00:13 查询号码 【1853499】，返回信息 {"status":"bad","msg":""}
2021-08-02 00:00:13 查询号码 【1853499】，GSD为【""】
2021-08-02 00:00:13 bad
2021-08-02 00:00:15 CHB 1853499?1627833613 第 1 次 等待 3 秒
2021-08-02 00:00:18 CHB 1853499?1627833613 第 1 次 获取到号码【1853499】GSD
2021-08-02 00:00:18 获取到号码【1853499】的GSD为【山西-朔州】
2021-08-02 00:00:22 GSD insert 第 1 次 等待 3 秒
2021-08-02 00:00:25 {"status":"ok","gid":473036,"msg":"添加成功！"}
2021-08-02 00:00:25 下次操作: 2021-08-02 00:00:38

2021-08-02 00:00:38 开始第 26 次操作

2021-08-02 00:00:38 开始操作号码 【1853498】
2021-08-02 00:00:48 GSD getOne 第 1 次 等待 3 秒
2021-08-02 00:00:51 查询号码 【1853498】，返回信息 {"status":"bad","msg":""}
2021-08-02 00:00:51 查询号码 【1853498】，GSD为【""】
2021-08-02 00:00:51 bad
2021-08-02 00:00:53 CHB 1853498?1627833651 第 1 次 等待 3 秒
2021-08-02 00:00:56 CHB 1853498?1627833651 第 1 次 获取到号码【1853498】GSD
2021-08-02 00:00:56 获取到号码【1853498】的GSD为【山西-朔州】
2021-08-02 00:01:00 GSD insert 第 1 次 等待 3 秒
2021-08-02 00:01:03 {"status":"ok","gid":473048,"msg":"添加成功！"}
2021-08-02 00:01:03 下次操作: 2021-08-02 00:01:17

2021-08-02 00:01:17 开始第 27 次操作

2021-08-02 00:01:17 开始操作号码 【1853497】
2021-08-02 00:01:21 GSD getOne 第 1 次 等待 3 秒
2021-08-02 00:01:24 查询号码 【1853497】，返回信息 {"status":"bad","msg":""}
2021-08-02 00:01:24 查询号码 【1853497】，GSD为【""】
2021-08-02 00:01:24 bad
2021-08-02 00:01:25 CHB 1853497?1627833684 第 1 次 等待 3 秒
2021-08-02 00:01:28 CHB 1853497?1627833684 第 1 次 获取到号码【1853497】GSD
2021-08-02 00:01:29 获取到号码【1853497】的GSD为【山西-朔州】
2021-08-02 00:01:36 GSD insert 第 1 次 等待 3 秒
2021-08-02 00:01:39 {"status":"ok","gid":473054,"msg":"添加成功！"}
2021-08-02 00:01:39 下次操作: 2021-08-02 00:02:03

2021-08-02 00:02:03 开始第 28 次操作

2021-08-02 00:02:03 开始操作号码 【1853496】
2021-08-02 00:02:12 GSD getOne 第 1 次 等待 3 秒
2021-08-02 00:02:15 查询号码 【1853496】，返回信息 {"status":"bad","msg":""}
2021-08-02 00:02:15 查询号码 【1853496】，GSD为【""】
2021-08-02 00:02:15 bad
2021-08-02 00:02:17 CHB 1853496?1627833735 第 1 次 等待 3 秒
2021-08-02 00:02:20 CHB 1853496?1627833735 第 1 次 获取到号码【1853496】GSD
2021-08-02 00:02:20 获取到号码【1853496】的GSD为【山西-朔州】
2021-08-02 00:02:24 GSD insert 第 1 次 等待 3 秒
2021-08-02 00:02:27 {"status":"ok","gid":473066,"msg":"添加成功！"}
2021-08-02 00:02:27 下次操作: 2021-08-02 00:02:47

2021-08-02 00:02:47 开始第 29 次操作

2021-08-02 00:02:47 开始操作号码 【1853495】
2021-08-02 00:03:10 GSD getOne 第 1 次 等待 3 秒
2021-08-02 00:03:13 查询号码 【1853495】，返回信息 {"status":"bad","msg":""}
2021-08-02 00:03:13 查询号码 【1853495】，GSD为【""】
2021-08-02 00:03:13 bad
2021-08-02 00:03:14 CHB 1853495?1627833793 第 1 次 等待 3 秒
2021-08-02 00:03:17 CHB 1853495?1627833793 第 1 次 获取到号码【1853495】GSD
2021-08-02 00:03:17 获取到号码【1853495】的GSD为【山西-朔州】
2021-08-02 00:03:21 GSD insert 第 1 次 等待 3 秒
2021-08-02 00:03:24 {"status":"ok","gid":473077,"msg":"添加成功！"}
2021-08-02 00:03:24 下次操作: 2021-08-02 00:03:47

2021-08-02 00:03:47 开始第 30 次操作

2021-08-02 00:03:47 开始操作号码 【1853494】
2021-08-02 00:03:51 GSD getOne 第 1 次 等待 3 秒
2021-08-02 00:03:54 查询号码 【1853494】，返回信息 {"status":"bad","msg":""}
2021-08-02 00:03:54 查询号码 【1853494】，GSD为【""】
2021-08-02 00:03:54 bad
2021-08-02 00:03:56 CHB 1853494?1627833834 第 1 次 等待 3 秒
2021-08-02 00:03:59 CHB 1853494?1627833834 第 1 次 获取到号码【1853494】GSD
2021-08-02 00:03:59 获取到号码【1853494】的GSD为【山西-朔州】
2021-08-02 00:04:22 GSD insert 第 1 次 等待 3 秒
2021-08-02 00:04:25 {"status":"ok","gid":473089,"msg":"添加成功！"}
2021-08-02 00:04:25 下次操作: 2021-08-02 00:04:39

2021-08-02 00:04:39 开始第 31 次操作

2021-08-02 00:04:39 开始操作号码 【1853493】
2021-08-02 00:04:45 GSD getOne 第 1 次 等待 3 秒
2021-08-02 00:04:48 查询号码 【1853493】，返回信息 {"status":"bad","msg":""}
2021-08-02 00:04:48 查询号码 【1853493】，GSD为【""】
2021-08-02 00:04:48 bad
2021-08-02 00:04:50 CHB 1853493?1627833888 第 1 次 等待 3 秒
2021-08-02 00:04:53 CHB 1853493?1627833888 第 1 次 获取到号码【1853493】GSD
2021-08-02 00:04:53 获取到号码【1853493】的GSD为【山西-朔州】
2021-08-02 00:05:02 GSD insert 第 1 次 等待 3 秒
2021-08-02 00:05:05 {"status":"ok","gid":473099,"msg":"添加成功！"}
2021-08-02 00:05:05 下次操作: 2021-08-02 00:05:23

2021-08-02 00:05:23 开始第 32 次操作

2021-08-02 00:05:23 开始操作号码 【1853492】
2021-08-02 00:05:32 GSD getOne 第 1 次 等待 3 秒
2021-08-02 00:05:35 查询号码 【1853492】，返回信息 {"status":"bad","msg":""}
2021-08-02 00:05:35 查询号码 【1853492】，GSD为【""】
2021-08-02 00:05:35 bad
2021-08-02 00:05:37 CHB 1853492?1627833935 第 1 次 等待 3 秒
2021-08-02 00:05:40 CHB 1853492?1627833935 第 1 次 获取到号码【1853492】GSD
2021-08-02 00:05:40 获取到号码【1853492】的GSD为【山西-朔州】
2021-08-02 00:05:43 GSD insert 第 1 次 等待 3 秒
2021-08-02 00:05:46 {"status":"ok","gid":473107,"msg":"添加成功！"}
2021-08-02 00:05:46 下次操作: 2021-08-02 00:05:59

2021-08-02 00:05:59 开始第 33 次操作

2021-08-02 00:05:59 开始操作号码 【1853491】
2021-08-02 00:06:04 GSD getOne 第 1 次 等待 3 秒
2021-08-02 00:06:07 查询号码 【1853491】，返回信息 {"status":"ok","msg":"山西-朔州","gid":"39872","time_insert":"2018-05-24 09:44","time_update":"2020-08-19 23:20"}
2021-08-02 00:06:07 查询号码 【1853491】，GSD为【"山西-朔州"】

2021-08-02 00:06:07 开始第 33 次操作

2021-08-02 00:06:07 开始操作号码 【1853490】
2021-08-02 00:06:26 GSD getOne 第 1 次 等待 3 秒
2021-08-02 00:06:29 查询号码 【1853490】，返回信息 {"status":"bad","msg":""}
2021-08-02 00:06:29 查询号码 【1853490】，GSD为【""】
2021-08-02 00:06:29 bad
2021-08-02 00:06:34 CHB 1853490?1627833989 第 1 次 等待 3 秒
2021-08-02 00:06:37 CHB 1853490?1627833989 第 1 次 获取到号码【1853490】GSD
2021-08-02 00:06:37 获取到号码【1853490】的GSD为【山西-朔州】
2021-08-02 00:07:08 GSD insert 第 1 次 等待 3 秒
2021-08-02 00:07:11 {"status":"ok","gid":473127,"msg":"添加成功！"}
2021-08-02 00:07:11 下次操作: 2021-08-02 00:07:26

2021-08-02 00:07:26 开始第 34 次操作

2021-08-02 00:07:26 开始操作号码 【1853489】
2021-08-02 00:07:38 GSD getOne 第 1 次 等待 3 秒
2021-08-02 00:07:41 查询号码 【1853489】，返回信息 {"status":"bad","msg":""}
2021-08-02 00:07:41 查询号码 【1853489】，GSD为【""】
2021-08-02 00:07:41 bad
2021-08-02 00:07:43 CHB 1853489?1627834061 第 1 次 等待 3 秒
2021-08-02 00:07:46 CHB 1853489?1627834061 第 1 次 获取到号码【1853489】GSD
2021-08-02 00:07:46 获取到号码【1853489】的GSD为【山西-吕梁】
2021-08-02 00:07:50 GSD insert 第 1 次 等待 3 秒
2021-08-02 00:07:53 {"status":"ok","gid":473138,"msg":"添加成功！"}
2021-08-02 00:07:53 下次操作: 2021-08-02 00:08:14

2021-08-02 00:08:14 开始第 35 次操作

2021-08-02 00:08:14 开始操作号码 【1853488】
2021-08-02 00:08:22 GSD getOne 第 1 次 等待 3 秒
2021-08-02 00:08:25 查询号码 【1853488】，返回信息 {"status":"bad","msg":""}
2021-08-02 00:08:25 查询号码 【1853488】，GSD为【""】
2021-08-02 00:08:25 bad
2021-08-02 00:08:27 CHB 1853488?1627834105 第 1 次 等待 3 秒
2021-08-02 00:08:30 CHB 1853488?1627834105 第 1 次 获取到号码【1853488】GSD
2021-08-02 00:08:30 获取到号码【1853488】的GSD为【山西-吕梁】
2021-08-02 00:08:59 GSD insert 第 1 次 等待 3 秒
2021-08-02 00:09:02 {"status":"ok","gid":473152,"msg":"添加成功！"}
2021-08-02 00:09:02 下次操作: 2021-08-02 00:09:14

2021-08-02 00:09:14 开始第 36 次操作

2021-08-02 00:09:14 开始操作号码 【1853487】
2021-08-02 00:10:55 GSD getOne 第 1 次 等待 3 秒
2021-08-02 00:10:58 查询号码 【1853487】，返回信息 {"status":"bad","msg":""}
2021-08-02 00:10:58 查询号码 【1853487】，GSD为【""】
2021-08-02 00:10:58 bad
2021-08-02 00:11:01 CHB 1853487?1627834258 第 1 次 等待 3 秒
2021-08-02 00:11:04 CHB 1853487?1627834258 第 1 次 获取到号码【1853487】GSD
2021-08-02 00:11:04 获取到号码【1853487】的GSD为【山西-吕梁】
2021-08-02 00:11:09 GSD insert 第 1 次 等待 3 秒
2021-08-02 00:11:12 {"status":"ok","gid":473171,"msg":"添加成功！"}
2021-08-02 00:11:12 下次操作: 2021-08-02 00:11:26

2021-08-02 00:11:26 开始第 37 次操作

2021-08-02 00:11:26 开始操作号码 【1853486】
2021-08-02 00:11:35 GSD getOne 第 1 次 等待 3 秒
2021-08-02 00:11:38 查询号码 【1853486】，返回信息 {"status":"bad","msg":""}
2021-08-02 00:11:38 查询号码 【1853486】，GSD为【""】
2021-08-02 00:11:38 bad
2021-08-02 00:11:40 CHB 1853486?1627834298 第 1 次 等待 3 秒
2021-08-02 00:11:43 CHB 1853486?1627834298 第 1 次 获取到号码【1853486】GSD
2021-08-02 00:11:43 获取到号码【1853486】的GSD为【山西-吕梁】
2021-08-02 00:11:47 GSD insert 第 1 次 等待 3 秒
2021-08-02 00:11:50 {"status":"ok","gid":473180,"msg":"添加成功！"}
2021-08-02 00:11:50 下次操作: 2021-08-02 00:12:06

2021-08-02 00:12:06 开始第 38 次操作

2021-08-02 00:12:06 开始操作号码 【1853485】
2021-08-02 00:12:14 GSD getOne 第 1 次 等待 3 秒
2021-08-02 00:12:17 查询号码 【1853485】，返回信息 {"status":"bad","msg":""}
2021-08-02 00:12:17 查询号码 【1853485】，GSD为【""】
2021-08-02 00:12:17 bad
2021-08-02 00:12:22 CHB 1853485?1627834337 第 1 次 等待 3 秒
2021-08-02 00:12:25 CHB 1853485?1627834337 第 1 次 获取到号码【1853485】GSD
2021-08-02 00:12:25 获取到号码【1853485】的GSD为【山西-吕梁】
2021-08-02 00:12:29 GSD insert 第 1 次 等待 3 秒
2021-08-02 00:12:32 {"status":"ok","gid":473187,"msg":"添加成功！"}
2021-08-02 00:12:32 下次操作: 2021-08-02 00:12:44

2021-08-02 00:12:44 开始第 39 次操作

2021-08-02 00:12:44 开始操作号码 【1853484】
2021-08-02 00:12:55 GSD getOne 第 1 次 等待 3 秒
2021-08-02 00:12:58 查询号码 【1853484】，返回信息 {"status":"bad","msg":""}
2021-08-02 00:12:58 查询号码 【1853484】，GSD为【""】
2021-08-02 00:12:58 bad
2021-08-02 00:13:00 CHB 1853484?1627834378 第 1 次 等待 3 秒
2021-08-02 00:13:03 CHB 1853484?1627834378 第 1 次 获取到号码【1853484】GSD
2021-08-02 00:13:04 获取到号码【1853484】的GSD为【山西-大同】
2021-08-02 00:13:07 GSD insert 第 1 次 等待 3 秒
2021-08-02 00:13:10 {"status":"ok","gid":473195,"msg":"添加成功！"}
2021-08-02 00:13:10 下次操作: 2021-08-02 00:13:22

2021-08-02 00:13:22 开始第 40 次操作

2021-08-02 00:13:22 开始操作号码 【1853483】
2021-08-02 00:13:25 GSD getOne 第 1 次 等待 3 秒
2021-08-02 00:13:28 查询号码 【1853483】，返回信息 {"status":"bad","msg":""}
2021-08-02 00:13:29 查询号码 【1853483】，GSD为【""】
2021-08-02 00:13:29 bad
2021-08-02 00:13:34 CHB 1853483?1627834409 第 1 次 等待 3 秒
2021-08-02 00:13:37 CHB 1853483?1627834409 第 1 次 获取到号码【1853483】GSD
2021-08-02 00:13:37 获取到号码【1853483】的GSD为【山西-大同】
2021-08-02 00:13:46 GSD insert 第 1 次 等待 3 秒
2021-08-02 00:13:49 {"status":"ok","gid":473199,"msg":"添加成功！"}

