2021-07-31 00:00:38 开始第 18 次操作

2021-07-31 00:00:38 开始操作号码 【1855423】
2021-07-31 00:00:43 GSD getOne 第 1 次 等待 3 秒
2021-07-31 00:00:46 查询号码 【1855423】，返回信息 {"status":"bad","msg":""}
2021-07-31 00:00:46 查询号码 【1855423】，GSD为【""】
2021-07-31 00:00:46 bad
2021-07-31 00:00:48 CHB 1855423?1627660846 第 1 次 等待 3 秒
2021-07-31 00:00:51 CHB 1855423?1627660846 第 1 次 获取到号码【1855423】GSD
2021-07-31 00:00:51 获取到号码【1855423】的GSD为【山东-泰安】
2021-07-31 00:00:55 GSD insert 第 1 次 等待 3 秒
2021-07-31 00:00:58 {"status":"ok","gid":449850,"msg":"添加成功！"}
2021-07-31 00:00:58 下次操作: 2021-07-31 00:01:11

2021-07-31 00:01:11 开始第 19 次操作

2021-07-31 00:01:11 开始操作号码 【1855422】
2021-07-31 00:01:14 GSD getOne 第 1 次 等待 3 秒
2021-07-31 00:01:17 查询号码 【1855422】，返回信息 {"status":"bad","msg":""}
2021-07-31 00:01:18 查询号码 【1855422】，GSD为【""】
2021-07-31 00:01:18 bad
2021-07-31 00:01:19 CHB 1855422?1627660878 第 1 次 等待 3 秒
2021-07-31 00:01:22 CHB 1855422?1627660878 第 1 次 获取到号码【1855422】GSD
2021-07-31 00:01:22 获取到号码【1855422】的GSD为【山东-泰安】
2021-07-31 00:01:28 GSD insert 第 1 次 等待 3 秒
2021-07-31 00:01:31 {"status":"ok","gid":449858,"msg":"添加成功！"}
2021-07-31 00:01:31 下次操作: 2021-07-31 00:01:50

2021-07-31 00:01:50 开始第 20 次操作

2021-07-31 00:01:50 开始操作号码 【1855421】
2021-07-31 00:01:59 GSD getOne 第 1 次 等待 3 秒
2021-07-31 00:02:02 查询号码 【1855421】，返回信息 {"status":"bad","msg":""}
2021-07-31 00:02:02 查询号码 【1855421】，GSD为【""】
2021-07-31 00:02:02 bad
2021-07-31 00:02:04 CHB 1855421?1627660922 第 1 次 等待 3 秒
2021-07-31 00:02:07 CHB 1855421?1627660922 第 1 次 获取到号码【1855421】GSD
2021-07-31 00:02:07 获取到号码【1855421】的GSD为【山东-泰安】
2021-07-31 00:02:13 GSD insert 第 1 次 等待 3 秒
2021-07-31 00:02:16 {"status":"ok","gid":449873,"msg":"添加成功！"}
2021-07-31 00:02:16 下次操作: 2021-07-31 00:02:33

2021-07-31 00:02:33 开始第 21 次操作

2021-07-31 00:02:33 开始操作号码 【1855420】
2021-07-31 00:02:36 GSD getOne 第 1 次 等待 3 秒
2021-07-31 00:02:39 查询号码 【1855420】，返回信息 {"status":"bad","msg":""}
2021-07-31 00:02:40 查询号码 【1855420】，GSD为【""】
2021-07-31 00:02:40 bad
2021-07-31 00:02:43 CHB 1855420?1627660960 第 1 次 等待 3 秒
2021-07-31 00:02:46 CHB 1855420?1627660960 第 1 次 获取到号码【1855420】GSD
2021-07-31 00:02:47 获取到号码【1855420】的GSD为【山东-泰安】
2021-07-31 00:02:50 GSD insert 第 1 次 等待 3 秒
2021-07-31 00:02:53 {"status":"ok","gid":449882,"msg":"添加成功！"}
2021-07-31 00:02:53 下次操作: 2021-07-31 00:03:17

2021-07-31 00:03:17 开始第 22 次操作

2021-07-31 00:03:17 开始操作号码 【1855419】
2021-07-31 00:03:21 GSD getOne 第 1 次 等待 3 秒
2021-07-31 00:03:24 查询号码 【1855419】，返回信息 {"status":"bad","msg":""}
2021-07-31 00:03:24 查询号码 【1855419】，GSD为【""】
2021-07-31 00:03:24 bad
2021-07-31 00:03:26 CHB 1855419?1627661004 第 1 次 等待 3 秒
2021-07-31 00:03:29 CHB 1855419?1627661004 第 1 次 获取到号码【1855419】GSD
2021-07-31 00:03:29 获取到号码【1855419】的GSD为【山东-泰安】
2021-07-31 00:03:33 GSD insert 第 1 次 等待 3 秒
2021-07-31 00:03:36 {"status":"ok","gid":449894,"msg":"添加成功！"}
2021-07-31 00:03:36 下次操作: 2021-07-31 00:03:55

2021-07-31 00:03:55 开始第 23 次操作

2021-07-31 00:03:55 开始操作号码 【1855418】
2021-07-31 00:04:00 GSD getOne 第 1 次 等待 3 秒
2021-07-31 00:04:03 查询号码 【1855418】，返回信息 {"status":"bad","msg":""}
2021-07-31 00:04:03 查询号码 【1855418】，GSD为【""】
2021-07-31 00:04:03 bad
2021-07-31 00:04:05 CHB 1855418?1627661043 第 1 次 等待 3 秒
2021-07-31 00:04:08 CHB 1855418?1627661043 第 1 次 获取到号码【1855418】GSD
2021-07-31 00:04:08 获取到号码【1855418】的GSD为【山东-泰安】
2021-07-31 00:04:11 GSD insert 第 1 次 等待 3 秒
2021-07-31 00:04:14 {"status":"ok","gid":449903,"msg":"添加成功！"}
2021-07-31 00:04:14 下次操作: 2021-07-31 00:04:35

2021-07-31 00:04:35 开始第 24 次操作

2021-07-31 00:04:36 开始操作号码 【1855417】
2021-07-31 00:04:41 GSD getOne 第 1 次 等待 3 秒
2021-07-31 00:04:44 查询号码 【1855417】，返回信息 {"status":"bad","msg":""}
2021-07-31 00:04:44 查询号码 【1855417】，GSD为【""】
2021-07-31 00:04:44 bad
2021-07-31 00:04:45 CHB 1855417?1627661084 第 1 次 等待 3 秒
2021-07-31 00:04:48 CHB 1855417?1627661084 第 1 次 获取到号码【1855417】GSD
2021-07-31 00:04:48 获取到号码【1855417】的GSD为【山东-泰安】
2021-07-31 00:04:56 GSD insert 第 1 次 等待 3 秒
2021-07-31 00:04:59 {"status":"ok","gid":449916,"msg":"添加成功！"}
2021-07-31 00:04:59 下次操作: 2021-07-31 00:05:20

2021-07-31 00:05:20 开始第 25 次操作

2021-07-31 00:05:20 开始操作号码 【1855416】
2021-07-31 00:05:23 GSD getOne 第 1 次 等待 3 秒
2021-07-31 00:05:26 查询号码 【1855416】，返回信息 {"status":"bad","msg":""}
2021-07-31 00:05:26 查询号码 【1855416】，GSD为【""】
2021-07-31 00:05:26 bad
2021-07-31 00:05:27 CHB 1855416?1627661126 第 1 次 等待 3 秒
2021-07-31 00:05:30 CHB 1855416?1627661126 第 1 次 获取到号码【1855416】GSD
2021-07-31 00:05:30 获取到号码【1855416】的GSD为【山东-济宁】
2021-07-31 00:05:38 GSD insert 第 1 次 等待 3 秒
2021-07-31 00:05:41 {"status":"ok","gid":449927,"msg":"添加成功！"}
2021-07-31 00:05:41 下次操作: 2021-07-31 00:05:57

2021-07-31 00:05:57 开始第 26 次操作

2021-07-31 00:05:57 开始操作号码 【1855415】
2021-07-31 00:06:00 GSD getOne 第 1 次 等待 3 秒
2021-07-31 00:06:03 查询号码 【1855415】，返回信息 {"status":"bad","msg":""}
2021-07-31 00:06:03 查询号码 【1855415】，GSD为【""】
2021-07-31 00:06:03 bad
2021-07-31 00:06:04 CHB 1855415?1627661163 第 1 次 等待 3 秒
2021-07-31 00:06:07 CHB 1855415?1627661163 第 1 次 获取到号码【1855415】GSD
2021-07-31 00:06:07 获取到号码【1855415】的GSD为【山东-潍坊】
2021-07-31 00:06:13 GSD insert 第 1 次 等待 3 秒
2021-07-31 00:06:16 {"status":"ok","gid":449936,"msg":"添加成功！"}
2021-07-31 00:06:16 下次操作: 2021-07-31 00:06:39

2021-07-31 00:06:39 开始第 27 次操作

2021-07-31 00:06:39 开始操作号码 【1855414】
2021-07-31 00:06:42 GSD getOne 第 1 次 等待 3 秒
2021-07-31 00:06:45 查询号码 【1855414】，返回信息 {"status":"bad","msg":""}
2021-07-31 00:06:45 查询号码 【1855414】，GSD为【""】
2021-07-31 00:06:45 bad
2021-07-31 00:06:47 CHB 1855414?1627661205 第 1 次 等待 3 秒
2021-07-31 00:06:50 CHB 1855414?1627661205 第 1 次 获取到号码【1855414】GSD
2021-07-31 00:06:50 获取到号码【1855414】的GSD为【山东-潍坊】
2021-07-31 00:06:53 GSD insert 第 1 次 等待 3 秒
2021-07-31 00:06:56 {"status":"ok","gid":449947,"msg":"添加成功！"}
2021-07-31 00:06:56 下次操作: 2021-07-31 00:07:10

2021-07-31 00:07:10 开始第 28 次操作

2021-07-31 00:07:10 开始操作号码 【1855413】
2021-07-31 00:07:14 GSD getOne 第 1 次 等待 3 秒
2021-07-31 00:07:17 查询号码 【1855413】，返回信息 {"status":"bad","msg":""}
2021-07-31 00:07:17 查询号码 【1855413】，GSD为【""】
2021-07-31 00:07:17 bad
2021-07-31 00:07:18 CHB 1855413?1627661237 第 1 次 等待 3 秒
2021-07-31 00:07:21 CHB 1855413?1627661237 第 1 次 获取到号码【1855413】GSD
2021-07-31 00:07:21 获取到号码【1855413】的GSD为【山东-潍坊】
2021-07-31 00:07:25 GSD insert 第 1 次 等待 3 秒
2021-07-31 00:07:28 {"status":"ok","gid":449954,"msg":"添加成功！"}
2021-07-31 00:07:28 下次操作: 2021-07-31 00:07:43

2021-07-31 00:07:43 开始第 29 次操作

2021-07-31 00:07:43 开始操作号码 【1855412】
2021-07-31 00:07:50 GSD getOne 第 1 次 等待 3 秒
2021-07-31 00:07:53 查询号码 【1855412】，返回信息 {"status":"bad","msg":""}
2021-07-31 00:07:53 查询号码 【1855412】，GSD为【""】
2021-07-31 00:07:53 bad
2021-07-31 00:07:54 CHB 1855412?1627661273 第 1 次 等待 3 秒
2021-07-31 00:07:57 CHB 1855412?1627661273 第 1 次 获取到号码【1855412】GSD
2021-07-31 00:07:57 获取到号码【1855412】的GSD为【山东-烟台】
2021-07-31 00:08:01 GSD insert 第 1 次 等待 3 秒
2021-07-31 00:08:04 {"status":"ok","gid":449963,"msg":"添加成功！"}
2021-07-31 00:08:04 下次操作: 2021-07-31 00:08:16

2021-07-31 00:08:16 开始第 30 次操作

2021-07-31 00:08:16 开始操作号码 【1855411】
2021-07-31 00:08:21 GSD getOne 第 1 次 等待 3 秒
2021-07-31 00:08:24 查询号码 【1855411】，返回信息 {"status":"bad","msg":""}
2021-07-31 00:08:24 查询号码 【1855411】，GSD为【""】
2021-07-31 00:08:24 bad
2021-07-31 00:08:25 CHB 1855411?1627661304 第 1 次 等待 3 秒
2021-07-31 00:08:28 CHB 1855411?1627661304 第 1 次 获取到号码【1855411】GSD
2021-07-31 00:08:28 获取到号码【1855411】的GSD为【山东-烟台】
2021-07-31 00:08:32 GSD insert 第 1 次 等待 3 秒
2021-07-31 00:08:35 {"status":"ok","gid":449971,"msg":"添加成功！"}
2021-07-31 00:08:35 下次操作: 2021-07-31 00:08:57

2021-07-31 00:08:57 开始第 31 次操作

2021-07-31 00:08:57 开始操作号码 【1855410】
2021-07-31 00:09:01 GSD getOne 第 1 次 等待 3 秒
2021-07-31 00:09:04 查询号码 【1855410】，返回信息 {"status":"bad","msg":""}
2021-07-31 00:09:05 查询号码 【1855410】，GSD为【""】
2021-07-31 00:09:05 bad
2021-07-31 00:09:06 CHB 1855410?1627661345 第 1 次 等待 3 秒
2021-07-31 00:09:09 CHB 1855410?1627661345 第 1 次 获取到号码【1855410】GSD
2021-07-31 00:09:09 获取到号码【1855410】的GSD为【山东-烟台】
2021-07-31 00:09:14 GSD insert 第 1 次 等待 3 秒
2021-07-31 00:09:17 {"status":"ok","gid":449983,"msg":"添加成功！"}
2021-07-31 00:09:17 下次操作: 2021-07-31 00:09:41

2021-07-31 00:09:41 开始第 32 次操作

2021-07-31 00:09:41 开始操作号码 【1855409】
2021-07-31 00:09:45 GSD getOne 第 1 次 等待 3 秒
2021-07-31 00:09:48 查询号码 【1855409】，返回信息 {"status":"bad","msg":""}
2021-07-31 00:09:48 查询号码 【1855409】，GSD为【""】
2021-07-31 00:09:48 bad
2021-07-31 00:09:50 CHB 1855409?1627661388 第 1 次 等待 3 秒
2021-07-31 00:09:53 CHB 1855409?1627661388 第 1 次 获取到号码【1855409】GSD
2021-07-31 00:09:53 获取到号码【1855409】的GSD为【山东-烟台】
2021-07-31 00:09:57 GSD insert 第 1 次 等待 3 秒
2021-07-31 00:10:00 {"status":"ok","gid":449993,"msg":"添加成功！"}
2021-07-31 00:10:00 下次操作: 2021-07-31 00:10:23

2021-07-31 00:10:23 开始第 33 次操作

2021-07-31 00:10:23 开始操作号码 【1855408】
2021-07-31 00:10:27 GSD getOne 第 1 次 等待 3 秒
2021-07-31 00:10:30 查询号码 【1855408】，返回信息 {"status":"bad","msg":""}
2021-07-31 00:10:31 查询号码 【1855408】，GSD为【""】
2021-07-31 00:10:31 bad
2021-07-31 00:10:32 CHB 1855408?1627661431 第 1 次 等待 3 秒
2021-07-31 00:10:35 CHB 1855408?1627661431 第 1 次 获取到号码【1855408】GSD
2021-07-31 00:10:35 获取到号码【1855408】的GSD为【山东-烟台】
2021-07-31 00:10:45 GSD insert 第 1 次 等待 3 秒
2021-07-31 00:10:48 {"status":"ok","gid":450008,"msg":"添加成功！"}
2021-07-31 00:10:48 下次操作: 2021-07-31 00:11:05

2021-07-31 00:11:05 开始第 34 次操作

2021-07-31 00:11:05 开始操作号码 【1855407】
2021-07-31 00:11:09 GSD getOne 第 1 次 等待 3 秒
2021-07-31 00:11:12 查询号码 【1855407】，返回信息 {"status":"bad","msg":""}
2021-07-31 00:11:12 查询号码 【1855407】，GSD为【""】
2021-07-31 00:11:12 bad
2021-07-31 00:11:13 CHB 1855407?1627661472 第 1 次 等待 3 秒
2021-07-31 00:11:16 CHB 1855407?1627661472 第 1 次 获取到号码【1855407】GSD
2021-07-31 00:11:16 获取到号码【1855407】的GSD为【山东-烟台】
2021-07-31 00:11:20 GSD insert 第 1 次 等待 3 秒
2021-07-31 00:11:23 {"status":"ok","gid":450017,"msg":"添加成功！"}
2021-07-31 00:11:23 下次操作: 2021-07-31 00:11:41

2021-07-31 00:11:41 开始第 35 次操作

2021-07-31 00:11:41 开始操作号码 【1855406】
2021-07-31 00:11:46 GSD getOne 第 1 次 等待 3 秒
2021-07-31 00:11:49 查询号码 【1855406】，返回信息 {"status":"bad","msg":""}
2021-07-31 00:11:49 查询号码 【1855406】，GSD为【""】
2021-07-31 00:11:49 bad
2021-07-31 00:11:51 CHB 1855406?1627661509 第 1 次 等待 3 秒
2021-07-31 00:11:54 CHB 1855406?1627661509 第 1 次 获取到号码【1855406】GSD
2021-07-31 00:11:54 获取到号码【1855406】的GSD为【山东-烟台】
2021-07-31 00:11:58 GSD insert 第 1 次 等待 3 秒
2021-07-31 00:12:01 {"status":"ok","gid":450026,"msg":"添加成功！"}
2021-07-31 00:12:01 下次操作: 2021-07-31 00:12:22

2021-07-31 00:12:22 开始第 36 次操作

2021-07-31 00:12:22 开始操作号码 【1855405】
2021-07-31 00:12:25 GSD getOne 第 1 次 等待 3 秒
2021-07-31 00:12:28 查询号码 【1855405】，返回信息 {"status":"bad","msg":""}
2021-07-31 00:12:28 查询号码 【1855405】，GSD为【""】
2021-07-31 00:12:28 bad
2021-07-31 00:12:29 CHB 1855405?1627661548 第 1 次 等待 3 秒
2021-07-31 00:12:32 CHB 1855405?1627661548 第 1 次 获取到号码【1855405】GSD
2021-07-31 00:12:33 获取到号码【1855405】的GSD为【山东-烟台】
2021-07-31 00:12:40 GSD insert 第 1 次 等待 3 秒
2021-07-31 00:12:43 {"status":"ok","gid":450036,"msg":"添加成功！"}
2021-07-31 00:12:43 下次操作: 2021-07-31 00:13:01

2021-07-31 00:13:01 开始第 37 次操作

2021-07-31 00:13:01 开始操作号码 【1855404】
2021-07-31 00:13:05 GSD getOne 第 1 次 等待 3 秒
2021-07-31 00:13:08 查询号码 【1855404】，返回信息 {"status":"bad","msg":""}
2021-07-31 00:13:08 查询号码 【1855404】，GSD为【""】
2021-07-31 00:13:08 bad
2021-07-31 00:13:09 CHB 1855404?1627661588 第 1 次 等待 3 秒
2021-07-31 00:13:12 CHB 1855404?1627661588 第 1 次 获取到号码【1855404】GSD
2021-07-31 00:13:12 获取到号码【1855404】的GSD为【山东-烟台】
2021-07-31 00:13:16 GSD insert 第 1 次 等待 3 秒
2021-07-31 00:13:19 {"status":"ok","gid":450042,"msg":"添加成功！"}
2021-07-31 00:13:19 下次操作: 2021-07-31 00:13:35

2021-07-31 00:13:35 开始第 38 次操作

2021-07-31 00:13:35 开始操作号码 【1855403】
2021-07-31 00:13:40 GSD getOne 第 1 次 等待 3 秒
2021-07-31 00:13:43 查询号码 【1855403】，返回信息 {"status":"bad","msg":""}
2021-07-31 00:13:43 查询号码 【1855403】，GSD为【""】
2021-07-31 00:13:43 bad
2021-07-31 00:13:44 CHB 1855403?1627661623 第 1 次 等待 3 秒
2021-07-31 00:13:47 CHB 1855403?1627661623 第 1 次 获取到号码【1855403】GSD
2021-07-31 00:13:47 获取到号码【1855403】的GSD为【山东-烟台】
2021-07-31 00:14:00 GSD insert 第 1 次 等待 3 秒
2021-07-31 00:14:03 {"status":"ok","gid":450054,"msg":"添加成功！"}
2021-07-31 00:14:03 下次操作: 2021-07-31 00:14:16

2021-07-31 00:14:16 开始第 39 次操作

2021-07-31 00:14:16 开始操作号码 【1855402】
2021-07-31 00:14:21 GSD getOne 第 1 次 等待 3 秒
2021-07-31 00:14:24 查询号码 【1855402】，返回信息 {"status":"bad","msg":""}
2021-07-31 00:14:24 查询号码 【1855402】，GSD为【""】
2021-07-31 00:14:24 bad
2021-07-31 00:14:26 CHB 1855402?1627661664 第 1 次 等待 3 秒
2021-07-31 00:14:29 CHB 1855402?1627661664 第 1 次 获取到号码【1855402】GSD
2021-07-31 00:14:29 获取到号码【1855402】的GSD为【山东-烟台】
2021-07-31 00:14:35 GSD insert 第 1 次 等待 3 秒
2021-07-31 00:14:38 {"status":"ok","gid":450063,"msg":"添加成功！"}
2021-07-31 00:14:38 下次操作: 2021-07-31 00:14:58

2021-07-31 00:14:58 开始第 40 次操作

2021-07-31 00:14:58 开始操作号码 【1855401】
2021-07-31 00:15:01 GSD getOne 第 1 次 等待 3 秒
2021-07-31 00:15:04 查询号码 【1855401】，返回信息 {"status":"bad","msg":""}
2021-07-31 00:15:04 查询号码 【1855401】，GSD为【""】
2021-07-31 00:15:04 bad
2021-07-31 00:15:05 CHB 1855401?1627661704 第 1 次 等待 3 秒
2021-07-31 00:15:08 CHB 1855401?1627661704 第 1 次 获取到号码【1855401】GSD
2021-07-31 00:15:08 未获取到号码【1855401】GSD，查号吧 400 错误
2021-07-31 00:15:08 获取到号码【1855401】的GSD为【-】
2021-07-31 00:15:25 GSD insert 第 1 次 等待 3 秒
2021-07-31 00:15:28 {"status":"ok","gid":450071,"msg":"添加成功！"}

