2021-07-30 00:00:32 开始第 21 次操作

2021-07-30 00:00:32 开始操作号码 【1856358】
2021-07-30 00:00:35 GSD getOne 第 1 次 等待 3 秒
2021-07-30 00:00:38 查询号码 【1856358】，返回信息 {"status":"bad","msg":""}
2021-07-30 00:00:38 查询号码 【1856358】，GSD为【""】
2021-07-30 00:00:38 bad
2021-07-30 00:00:39 CHB 1856358?1627574438 第 1 次 等待 3 秒
2021-07-30 00:00:42 CHB 1856358?1627574438 第 1 次 获取到号码【1856358】GSD
2021-07-30 00:00:42 获取到号码【1856358】的GSD为【山东-聊城】
2021-07-30 00:00:49 GSD insert 第 1 次 等待 3 秒
2021-07-30 00:00:52 {"status":"ok","gid":438556,"msg":"添加成功！"}
2021-07-30 00:00:52 下次操作: 2021-07-30 00:01:11

2021-07-30 00:01:11 开始第 22 次操作

2021-07-30 00:01:11 开始操作号码 【1856357】
2021-07-30 00:01:21 GSD getOne 第 1 次 等待 3 秒
2021-07-30 00:01:24 查询号码 【1856357】，返回信息 {"status":"bad","msg":""}
2021-07-30 00:01:24 查询号码 【1856357】，GSD为【""】
2021-07-30 00:01:24 bad
2021-07-30 00:01:26 CHB 1856357?1627574484 第 1 次 等待 3 秒
2021-07-30 00:01:29 CHB 1856357?1627574484 第 1 次 获取到号码【1856357】GSD
2021-07-30 00:01:29 获取到号码【1856357】的GSD为【山东-聊城】
2021-07-30 00:01:33 GSD insert 第 1 次 等待 3 秒
2021-07-30 00:01:36 {"status":"ok","gid":438566,"msg":"添加成功！"}
2021-07-30 00:01:36 下次操作: 2021-07-30 00:01:49

2021-07-30 00:01:49 开始第 23 次操作

2021-07-30 00:01:49 开始操作号码 【1856356】
2021-07-30 00:01:56 GSD getOne 第 1 次 等待 3 秒
2021-07-30 00:01:59 查询号码 【1856356】，返回信息 {"status":"bad","msg":""}
2021-07-30 00:01:59 查询号码 【1856356】，GSD为【""】
2021-07-30 00:01:59 bad
2021-07-30 00:02:00 CHB 1856356?1627574519 第 1 次 等待 3 秒
2021-07-30 00:02:03 CHB 1856356?1627574519 第 1 次 获取到号码【1856356】GSD
2021-07-30 00:02:03 获取到号码【1856356】的GSD为【山东-聊城】
2021-07-30 00:02:07 GSD insert 第 1 次 等待 3 秒
2021-07-30 00:02:10 {"status":"ok","gid":438576,"msg":"添加成功！"}
2021-07-30 00:02:10 下次操作: 2021-07-30 00:02:26

2021-07-30 00:02:26 开始第 24 次操作

2021-07-30 00:02:26 开始操作号码 【1856355】
2021-07-30 00:02:30 GSD getOne 第 1 次 等待 3 秒
2021-07-30 00:02:33 查询号码 【1856355】，返回信息 {"status":"bad","msg":""}
2021-07-30 00:02:33 查询号码 【1856355】，GSD为【""】
2021-07-30 00:02:33 bad
2021-07-30 00:02:35 CHB 1856355?1627574553 第 1 次 等待 3 秒
2021-07-30 00:02:38 CHB 1856355?1627574553 第 1 次 获取到号码【1856355】GSD
2021-07-30 00:02:38 获取到号码【1856355】的GSD为【山东-聊城】
2021-07-30 00:02:44 GSD insert 第 1 次 等待 3 秒
2021-07-30 00:02:47 {"status":"ok","gid":438587,"msg":"添加成功！"}
2021-07-30 00:02:47 下次操作: 2021-07-30 00:03:06

2021-07-30 00:03:06 开始第 25 次操作

2021-07-30 00:03:06 开始操作号码 【1856354】
2021-07-30 00:03:10 GSD getOne 第 1 次 等待 3 秒
2021-07-30 00:03:13 查询号码 【1856354】，返回信息 {"status":"bad","msg":""}
2021-07-30 00:03:13 查询号码 【1856354】，GSD为【""】
2021-07-30 00:03:13 bad
2021-07-30 00:03:15 CHB 1856354?1627574593 第 1 次 等待 3 秒
2021-07-30 00:03:18 CHB 1856354?1627574593 第 1 次 获取到号码【1856354】GSD
2021-07-30 00:03:18 获取到号码【1856354】的GSD为【山东-聊城】
2021-07-30 00:03:31 GSD insert 第 1 次 等待 3 秒
2021-07-30 00:03:34 {"status":"ok","gid":438600,"msg":"添加成功！"}
2021-07-30 00:03:34 下次操作: 2021-07-30 00:03:53

2021-07-30 00:03:53 开始第 26 次操作

2021-07-30 00:03:53 开始操作号码 【1856353】
2021-07-30 00:03:57 GSD getOne 第 1 次 等待 3 秒
2021-07-30 00:04:00 查询号码 【1856353】，返回信息 {"status":"bad","msg":""}
2021-07-30 00:04:00 查询号码 【1856353】，GSD为【""】
2021-07-30 00:04:00 bad
2021-07-30 00:04:01 CHB 1856353?1627574640 第 1 次 等待 3 秒
2021-07-30 00:04:04 CHB 1856353?1627574640 第 1 次 获取到号码【1856353】GSD
2021-07-30 00:04:04 获取到号码【1856353】的GSD为【山东-聊城】
2021-07-30 00:04:10 GSD insert 第 1 次 等待 3 秒
2021-07-30 00:04:13 {"status":"ok","gid":438606,"msg":"添加成功！"}
2021-07-30 00:04:13 下次操作: 2021-07-30 00:04:32

2021-07-30 00:04:32 开始第 27 次操作

2021-07-30 00:04:32 开始操作号码 【1856352】
2021-07-30 00:05:04 GSD getOne 第 1 次 等待 3 秒
2021-07-30 00:05:07 查询号码 【1856352】，返回信息 {"status":"bad","msg":""}
2021-07-30 00:05:07 查询号码 【1856352】，GSD为【""】
2021-07-30 00:05:07 bad
2021-07-30 00:05:08 CHB 1856352?1627574707 第 1 次 等待 3 秒
2021-07-30 00:05:11 CHB 1856352?1627574707 第 1 次 获取到号码【1856352】GSD
2021-07-30 00:05:11 获取到号码【1856352】的GSD为【山东-聊城】
2021-07-30 00:05:15 GSD insert 第 1 次 等待 3 秒
2021-07-30 00:05:18 {"status":"ok","gid":438620,"msg":"添加成功！"}
2021-07-30 00:05:18 下次操作: 2021-07-30 00:05:42

2021-07-30 00:05:42 开始第 28 次操作

2021-07-30 00:05:42 开始操作号码 【1856351】
2021-07-30 00:05:47 GSD getOne 第 1 次 等待 3 秒
2021-07-30 00:05:50 查询号码 【1856351】，返回信息 {"status":"bad","msg":""}
2021-07-30 00:05:50 查询号码 【1856351】，GSD为【""】
2021-07-30 00:05:50 bad
2021-07-30 00:05:55 CHB 1856351?1627574750 第 1 次 等待 3 秒
2021-07-30 00:05:58 CHB 1856351?1627574750 第 1 次 获取到号码【1856351】GSD
2021-07-30 00:05:58 获取到号码【1856351】的GSD为【山东-聊城】
2021-07-30 00:06:01 GSD insert 第 1 次 等待 3 秒
2021-07-30 00:06:04 {"status":"ok","gid":438632,"msg":"添加成功！"}
2021-07-30 00:06:04 下次操作: 2021-07-30 00:06:23

2021-07-30 00:06:23 开始第 29 次操作

2021-07-30 00:06:23 开始操作号码 【1856350】
2021-07-30 00:06:27 GSD getOne 第 1 次 等待 3 秒
2021-07-30 00:06:30 查询号码 【1856350】，返回信息 {"status":"bad","msg":""}
2021-07-30 00:06:30 查询号码 【1856350】，GSD为【""】
2021-07-30 00:06:30 bad
2021-07-30 00:06:36 CHB 1856350?1627574790 第 1 次 等待 3 秒
2021-07-30 00:06:39 CHB 1856350?1627574790 第 1 次 获取到号码【1856350】GSD
2021-07-30 00:06:39 获取到号码【1856350】的GSD为【山东-聊城】
2021-07-30 00:06:42 GSD insert 第 1 次 等待 3 秒
2021-07-30 00:06:45 {"status":"ok","gid":438641,"msg":"添加成功！"}
2021-07-30 00:06:45 下次操作: 2021-07-30 00:06:59

2021-07-30 00:06:59 开始第 30 次操作

2021-07-30 00:06:59 开始操作号码 【1856349】
2021-07-30 00:07:02 GSD getOne 第 1 次 等待 3 秒
2021-07-30 00:07:05 查询号码 【1856349】，返回信息 {"status":"bad","msg":""}
2021-07-30 00:07:05 查询号码 【1856349】，GSD为【""】
2021-07-30 00:07:05 bad
2021-07-30 00:07:07 CHB 1856349?1627574825 第 1 次 等待 3 秒
2021-07-30 00:07:10 CHB 1856349?1627574825 第 1 次 获取到号码【1856349】GSD
2021-07-30 00:07:10 获取到号码【1856349】的GSD为【山东-莱芜】
2021-07-30 00:07:18 GSD insert 第 1 次 等待 3 秒
2021-07-30 00:07:21 {"status":"ok","gid":438654,"msg":"添加成功！"}
2021-07-30 00:07:21 下次操作: 2021-07-30 00:07:34

2021-07-30 00:07:34 开始第 31 次操作

2021-07-30 00:07:34 开始操作号码 【1856348】
2021-07-30 00:07:37 GSD getOne 第 1 次 等待 3 秒
2021-07-30 00:07:40 查询号码 【1856348】，返回信息 {"status":"bad","msg":""}
2021-07-30 00:07:40 查询号码 【1856348】，GSD为【""】
2021-07-30 00:07:40 bad
2021-07-30 00:07:41 CHB 1856348?1627574860 第 1 次 等待 3 秒
2021-07-30 00:07:44 CHB 1856348?1627574860 第 1 次 获取到号码【1856348】GSD
2021-07-30 00:07:44 获取到号码【1856348】的GSD为【山东-莱芜】
2021-07-30 00:07:52 GSD insert 第 1 次 等待 3 秒
2021-07-30 00:07:55 {"status":"ok","gid":438661,"msg":"添加成功！"}
2021-07-30 00:07:55 下次操作: 2021-07-30 00:08:13

2021-07-30 00:08:13 开始第 32 次操作

2021-07-30 00:08:13 开始操作号码 【1856347】
2021-07-30 00:08:19 GSD getOne 第 1 次 等待 3 秒
2021-07-30 00:08:22 查询号码 【1856347】，返回信息 {"status":"bad","msg":""}
2021-07-30 00:08:22 查询号码 【1856347】，GSD为【""】
2021-07-30 00:08:22 bad
2021-07-30 00:08:24 CHB 1856347?1627574902 第 1 次 等待 3 秒
2021-07-30 00:08:27 CHB 1856347?1627574902 第 1 次 获取到号码【1856347】GSD
2021-07-30 00:08:27 获取到号码【1856347】的GSD为【山东-莱芜】
2021-07-30 00:08:33 GSD insert 第 1 次 等待 3 秒
2021-07-30 00:08:36 {"status":"ok","gid":438674,"msg":"添加成功！"}
2021-07-30 00:08:36 下次操作: 2021-07-30 00:08:48

2021-07-30 00:08:48 开始第 33 次操作

2021-07-30 00:08:48 开始操作号码 【1856346】
2021-07-30 00:08:52 GSD getOne 第 1 次 等待 3 秒
2021-07-30 00:08:55 查询号码 【1856346】，返回信息 {"status":"bad","msg":""}
2021-07-30 00:08:55 查询号码 【1856346】，GSD为【""】
2021-07-30 00:08:55 bad
2021-07-30 00:08:57 CHB 1856346?1627574935 第 1 次 等待 3 秒
2021-07-30 00:09:00 CHB 1856346?1627574935 第 1 次 获取到号码【1856346】GSD
2021-07-30 00:09:00 获取到号码【1856346】的GSD为【山东-莱芜】
2021-07-30 00:09:03 GSD insert 第 1 次 等待 3 秒
2021-07-30 00:09:06 {"status":"ok","gid":438681,"msg":"添加成功！"}
2021-07-30 00:09:06 下次操作: 2021-07-30 00:09:26

2021-07-30 00:09:26 开始第 34 次操作

2021-07-30 00:09:26 开始操作号码 【1856345】
2021-07-30 00:09:32 GSD getOne 第 1 次 等待 3 秒
2021-07-30 00:09:35 查询号码 【1856345】，返回信息 {"status":"bad","msg":""}
2021-07-30 00:09:35 查询号码 【1856345】，GSD为【""】
2021-07-30 00:09:35 bad
2021-07-30 00:09:36 CHB 1856345?1627574975 第 1 次 等待 3 秒
2021-07-30 00:09:39 CHB 1856345?1627574975 第 1 次 获取到号码【1856345】GSD
2021-07-30 00:09:39 获取到号码【1856345】的GSD为【山东-莱芜】
2021-07-30 00:09:45 GSD insert 第 1 次 等待 3 秒
2021-07-30 00:09:48 {"status":"ok","gid":438692,"msg":"添加成功！"}
2021-07-30 00:09:48 下次操作: 2021-07-30 00:10:07

2021-07-30 00:10:07 开始第 35 次操作

2021-07-30 00:10:07 开始操作号码 【1856344】
2021-07-30 00:10:15 GSD getOne 第 1 次 等待 3 秒
2021-07-30 00:10:18 查询号码 【1856344】，返回信息 {"status":"bad","msg":""}
2021-07-30 00:10:18 查询号码 【1856344】，GSD为【""】
2021-07-30 00:10:18 bad
2021-07-30 00:10:19 CHB 1856344?1627575018 第 1 次 等待 3 秒
2021-07-30 00:10:22 CHB 1856344?1627575018 第 1 次 获取到号码【1856344】GSD
2021-07-30 00:10:22 获取到号码【1856344】的GSD为【山东-莱芜】
2021-07-30 00:10:32 GSD insert 第 1 次 等待 3 秒
2021-07-30 00:10:35 {"status":"ok","gid":438702,"msg":"添加成功！"}
2021-07-30 00:10:35 下次操作: 2021-07-30 00:10:49

2021-07-30 00:10:49 开始第 36 次操作

2021-07-30 00:10:49 开始操作号码 【1856343】
2021-07-30 00:10:55 GSD getOne 第 1 次 等待 3 秒
2021-07-30 00:10:58 查询号码 【1856343】，返回信息 {"status":"bad","msg":""}
2021-07-30 00:10:58 查询号码 【1856343】，GSD为【""】
2021-07-30 00:10:59 bad
2021-07-30 00:11:03 CHB 1856343?1627575059 第 1 次 等待 3 秒
2021-07-30 00:11:06 CHB 1856343?1627575059 第 1 次 获取到号码【1856343】GSD
2021-07-30 00:11:06 获取到号码【1856343】的GSD为【山东-莱芜】
2021-07-30 00:11:10 GSD insert 第 1 次 等待 3 秒
2021-07-30 00:11:13 {"status":"ok","gid":438709,"msg":"添加成功！"}
2021-07-30 00:11:13 下次操作: 2021-07-30 00:11:28

2021-07-30 00:11:28 开始第 37 次操作

2021-07-30 00:11:28 开始操作号码 【1856342】
2021-07-30 00:11:31 GSD getOne 第 1 次 等待 3 秒
2021-07-30 00:11:34 查询号码 【1856342】，返回信息 {"status":"bad","msg":""}
2021-07-30 00:11:34 查询号码 【1856342】，GSD为【""】
2021-07-30 00:11:34 bad
2021-07-30 00:11:36 CHB 1856342?1627575094 第 1 次 等待 3 秒
2021-07-30 00:11:39 CHB 1856342?1627575094 第 1 次 获取到号码【1856342】GSD
2021-07-30 00:11:39 获取到号码【1856342】的GSD为【山东-莱芜】
2021-07-30 00:11:44 GSD insert 第 1 次 等待 3 秒
2021-07-30 00:11:47 {"status":"ok","gid":438718,"msg":"添加成功！"}
2021-07-30 00:11:47 下次操作: 2021-07-30 00:12:06

2021-07-30 00:12:06 开始第 38 次操作

2021-07-30 00:12:06 开始操作号码 【1856341】
2021-07-30 00:12:11 GSD getOne 第 1 次 等待 3 秒
2021-07-30 00:12:14 查询号码 【1856341】，返回信息 {"status":"bad","msg":""}
2021-07-30 00:12:14 查询号码 【1856341】，GSD为【""】
2021-07-30 00:12:14 bad
2021-07-30 00:12:15 CHB 1856341?1627575134 第 1 次 等待 3 秒
2021-07-30 00:12:18 CHB 1856341?1627575134 第 1 次 获取到号码【1856341】GSD
2021-07-30 00:12:18 获取到号码【1856341】的GSD为【山东-莱芜】
2021-07-30 00:12:21 GSD insert 第 1 次 等待 3 秒
2021-07-30 00:12:24 {"status":"ok","gid":438727,"msg":"添加成功！"}
2021-07-30 00:12:24 下次操作: 2021-07-30 00:12:36

2021-07-30 00:12:36 开始第 39 次操作

2021-07-30 00:12:36 开始操作号码 【1856340】
2021-07-30 00:12:40 GSD getOne 第 1 次 等待 3 秒
2021-07-30 00:12:43 查询号码 【1856340】，返回信息 {"status":"bad","msg":""}
2021-07-30 00:12:43 查询号码 【1856340】，GSD为【""】
2021-07-30 00:12:43 bad
2021-07-30 00:12:45 CHB 1856340?1627575163 第 1 次 等待 3 秒
2021-07-30 00:12:48 CHB 1856340?1627575163 第 1 次 获取到号码【1856340】GSD
2021-07-30 00:12:48 获取到号码【1856340】的GSD为【山东-莱芜】
2021-07-30 00:12:53 GSD insert 第 1 次 等待 3 秒
2021-07-30 00:12:56 {"status":"ok","gid":438734,"msg":"添加成功！"}
2021-07-30 00:12:56 下次操作: 2021-07-30 00:13:14

2021-07-30 00:13:14 开始第 40 次操作

2021-07-30 00:13:14 开始操作号码 【1856339】
2021-07-30 00:13:18 GSD getOne 第 1 次 等待 3 秒
2021-07-30 00:13:21 查询号码 【1856339】，返回信息 {"status":"bad","msg":""}
2021-07-30 00:13:21 查询号码 【1856339】，GSD为【""】
2021-07-30 00:13:21 bad
2021-07-30 00:13:22 CHB 1856339?1627575201 第 1 次 等待 3 秒
2021-07-30 00:13:25 CHB 1856339?1627575201 第 1 次 获取到号码【1856339】GSD
2021-07-30 00:13:26 获取到号码【1856339】的GSD为【山东-日照】
2021-07-30 00:13:37 GSD insert 第 1 次 等待 3 秒
2021-07-30 00:13:40 {"status":"ok","gid":438742,"msg":"添加成功！"}

