2024-11-08 00:26:13 开始第 3613 次操作

2024-11-08 00:26:13 开始操作号码 【1343612】
2024-11-08 00:26:15 GSD getOne 第 1 次 等待 3 秒
2024-11-08 00:26:18 查询号码 【1343612】，返回信息 {"status":"ok","msg":"重庆-重庆","gid":"4304","time_insert":"2017-07-18 11:48","time_update":"2021-01-04 13:18"}
2024-11-08 00:26:18 查询号码 【1343612】，GSD为【"重庆-重庆"】

2024-11-08 00:26:19 开始第 3614 次操作

2024-11-08 00:26:19 开始操作号码 【1343613】
2024-11-08 00:26:21 GSD getOne 第 1 次 等待 3 秒
2024-11-08 00:26:24 查询号码 【1343613】，返回信息 {"status":"ok","msg":"重庆-重庆","gid":"4305","time_insert":"2020-01-07 23:27","time_update":"2021-01-04 13:25"}
2024-11-08 00:26:24 查询号码 【1343613】，GSD为【"重庆-重庆"】

2024-11-08 00:26:25 开始第 3615 次操作

2024-11-08 00:26:25 开始操作号码 【1343614】
2024-11-08 00:26:28 GSD getOne 第 1 次 等待 3 秒
2024-11-08 00:26:31 查询号码 【1343614】，返回信息 {"status":"ok","msg":"重庆-重庆","gid":"4306","time_insert":"2017-05-02 16:18","time_update":"2021-01-04 13:33"}
2024-11-08 00:26:31 查询号码 【1343614】，GSD为【"重庆-重庆"】

2024-11-08 00:26:32 开始第 3616 次操作

2024-11-08 00:26:32 开始操作号码 【1343615】
2024-11-08 00:26:34 GSD getOne 第 1 次 等待 3 秒
2024-11-08 00:26:37 查询号码 【1343615】，返回信息 {"status":"ok","msg":"重庆-重庆","gid":"4307","time_insert":"2020-01-13 14:27","time_update":"2021-01-04 13:38"}
2024-11-08 00:26:37 查询号码 【1343615】，GSD为【"重庆-重庆"】

