2023-11-08 00:09:51 开始第 7621 次操作

2023-11-08 00:09:51 开始操作号码 【1997530】
2023-11-08 00:09:58 GSD getOne 第 1 次 等待 3 秒
2023-11-08 00:10:01 查询号码 【1997530】，返回信息 {"status":"ok","msg":"浙江-温州","gid":"46704","time_insert":"2018-10-17 10:34","time_update":"2021-06-25 22:46"}
2023-11-08 00:10:01 查询号码 【1997530】，GSD为【"浙江-温州"】

2023-11-08 00:10:02 开始第 7622 次操作

2023-11-08 00:10:02 开始操作号码 【1997531】
2023-11-08 00:10:13 GSD getOne 第 1 次 等待 3 秒
2023-11-08 00:10:16 查询号码 【1997531】，返回信息 {"status":"ok","msg":"浙江-温州","gid":"493643","time_insert":"2021-08-04 00:37"}
2023-11-08 00:10:16 查询号码 【1997531】，GSD为【"浙江-温州"】

2023-11-08 00:10:17 开始第 7623 次操作

2023-11-08 00:10:17 开始操作号码 【1997532】
2023-11-08 00:10:21 GSD getOne 第 1 次 等待 3 秒
2023-11-08 00:10:24 查询号码 【1997532】，返回信息 {"status":"ok","msg":"浙江-宁波","gid":"493634","time_insert":"2021-08-04 00:35"}
2023-11-08 00:10:24 查询号码 【1997532】，GSD为【"浙江-宁波"】

2023-11-08 00:10:25 开始第 7624 次操作

2023-11-08 00:10:25 开始操作号码 【1997533】
2023-11-08 00:10:29 GSD getOne 第 1 次 等待 3 秒
2023-11-08 00:10:32 查询号码 【1997533】，返回信息 {"status":"ok","msg":"浙江-宁波","gid":"493627","time_insert":"2021-08-04 00:34"}
2023-11-08 00:10:32 查询号码 【1997533】，GSD为【"浙江-宁波"】

