2023-12-25 00:08:52 开始第 5169 次操作

2023-12-25 00:08:52 开始操作号码 【1895078】
2023-12-25 00:08:59 GSD getOne 第 1 次 等待 3 秒
2023-12-25 00:09:02 查询号码 【1895078】，返回信息 {"status":"ok","msg":"福建-莆田","gid":"478614","time_insert":"2021-08-02 11:59"}
2023-12-25 00:09:02 查询号码 【1895078】，GSD为【"福建-莆田"】

2023-12-25 00:09:03 开始第 5170 次操作

2023-12-25 00:09:03 开始操作号码 【1895079】
2023-12-25 00:09:21 GSD getOne 第 1 次 等待 3 秒
2023-12-25 00:09:24 查询号码 【1895079】，返回信息 {"status":"ok","msg":"福建-莆田","gid":"478604","time_insert":"2021-08-02 11:58"}
2023-12-25 00:09:24 查询号码 【1895079】，GSD为【"福建-莆田"】

2023-12-25 00:09:25 开始第 5171 次操作

2023-12-25 00:09:25 开始操作号码 【1895080】
2023-12-25 00:09:47 GSD getOne 第 1 次 等待 3 秒
2023-12-25 00:09:50 查询号码 【1895080】，返回信息 {"status":"ok","msg":"福建-龙岩","gid":"478594","time_insert":"2021-08-02 11:58"}
2023-12-25 00:09:50 查询号码 【1895080】，GSD为【"福建-龙岩"】

2023-12-25 00:09:52 开始第 5172 次操作

2023-12-25 00:09:52 开始操作号码 【1895081】
2023-12-25 00:10:00 GSD getOne 第 1 次 等待 3 秒
2023-12-25 00:10:03 查询号码 【1895081】，返回信息 {"status":"ok","msg":"福建-龙岩","gid":"478586","time_insert":"2021-08-02 11:57"}
2023-12-25 00:10:03 查询号码 【1895081】，GSD为【"福建-龙岩"】

