2024-04-14 00:10:03 开始第 3665 次操作

2024-04-14 00:10:03 开始操作号码 【1673575】
2024-04-14 00:10:10 GSD getOne 第 1 次 等待 3 秒
2024-04-14 00:10:13 查询号码 【1673575】，返回信息 {"status":"ok","msg":"浙江-绍兴","gid":"259328","time_insert":"2021-07-12 20:58"}
2024-04-14 00:10:13 查询号码 【1673575】，GSD为【"浙江-绍兴"】

2024-04-14 00:10:14 开始第 3666 次操作

2024-04-14 00:10:14 开始操作号码 【1673576】
2024-04-14 00:10:26 GSD getOne 第 1 次 等待 3 秒
2024-04-14 00:10:29 查询号码 【1673576】，返回信息 {"status":"ok","msg":"浙江-台州","gid":"259349","time_insert":"2021-07-12 21:01"}
2024-04-14 00:10:29 查询号码 【1673576】，GSD为【"浙江-台州"】

2024-04-14 00:10:30 开始第 3667 次操作

2024-04-14 00:10:30 开始操作号码 【1673577】
2024-04-14 00:10:35 GSD getOne 第 1 次 等待 3 秒
2024-04-14 00:10:38 查询号码 【1673577】，返回信息 {"status":"ok","msg":"浙江-温州","gid":"259356","time_insert":"2021-07-12 21:01"}
2024-04-14 00:10:38 查询号码 【1673577】，GSD为【"浙江-温州"】

2024-04-14 00:10:39 开始第 3668 次操作

2024-04-14 00:10:39 开始操作号码 【1673578】
2024-04-14 00:10:46 GSD getOne 第 1 次 等待 3 秒
2024-04-14 00:10:49 查询号码 【1673578】，返回信息 {"status":"ok","msg":"浙江-丽水","gid":"259360","time_insert":"2021-07-12 21:01"}
2024-04-14 00:10:49 查询号码 【1673578】，GSD为【"浙江-丽水"】

