2023-11-15 00:08:13 开始第 8905 次操作

2023-11-15 00:08:13 开始操作号码 【1998813】
2023-11-15 00:08:17 GSD getOne 第 1 次 等待 3 秒
2023-11-15 00:08:20 查询号码 【1998813】，返回信息 {"status":"ok","msg":"云南-昆明","gid":"480726","time_insert":"2021-08-02 15:54"}
2023-11-15 00:08:21 查询号码 【1998813】，GSD为【"云南-昆明"】

2023-11-15 00:08:22 开始第 8906 次操作

2023-11-15 00:08:22 开始操作号码 【1998814】
2023-11-15 00:08:33 GSD getOne 第 1 次 等待 3 秒
2023-11-15 00:08:36 查询号码 【1998814】，返回信息 {"status":"ok","msg":"云南-昆明","gid":"480714","time_insert":"2021-08-02 15:53"}
2023-11-15 00:08:36 查询号码 【1998814】，GSD为【"云南-昆明"】

2023-11-15 00:08:37 开始第 8907 次操作

2023-11-15 00:08:37 开始操作号码 【1998815】
2023-11-15 00:08:40 GSD getOne 第 1 次 等待 3 秒
2023-11-15 00:08:43 查询号码 【1998815】，返回信息 {"status":"ok","msg":"云南-昆明","gid":"480704","time_insert":"2021-08-02 15:52"}
2023-11-15 00:08:43 查询号码 【1998815】，GSD为【"云南-昆明"】

2023-11-15 00:08:44 开始第 8908 次操作

2023-11-15 00:08:44 开始操作号码 【1998816】
2023-11-15 00:08:49 GSD getOne 第 1 次 等待 3 秒
2023-11-15 00:08:52 查询号码 【1998816】，返回信息 {"status":"ok","msg":"云南-昆明","gid":"480694","time_insert":"2021-08-02 15:52"}
2023-11-15 00:08:52 查询号码 【1998816】，GSD为【"云南-昆明"】

