2023-12-24 00:08:54 开始第 4985 次操作

2023-12-24 00:08:54 开始操作号码 【1894894】
2023-12-24 00:09:01 GSD getOne 第 1 次 等待 3 秒
2023-12-24 00:09:04 查询号码 【1894894】，返回信息 {"status":"ok","msg":"广东-清远","gid":"481028","time_insert":"2021-08-02 16:47"}
2023-12-24 00:09:04 查询号码 【1894894】，GSD为【"广东-清远"】

2023-12-24 00:09:05 开始第 4986 次操作

2023-12-24 00:09:05 开始操作号码 【1894895】
2023-12-24 00:09:11 GSD getOne 第 1 次 等待 3 秒
2023-12-24 00:09:14 查询号码 【1894895】，返回信息 {"status":"ok","msg":"广东-江门","gid":"481014","time_insert":"2021-08-02 16:46"}
2023-12-24 00:09:14 查询号码 【1894895】，GSD为【"广东-江门"】

2023-12-24 00:09:15 开始第 4987 次操作

2023-12-24 00:09:15 开始操作号码 【1894896】
2023-12-24 00:09:19 GSD getOne 第 1 次 等待 3 秒
2023-12-24 00:09:22 查询号码 【1894896】，返回信息 {"status":"ok","msg":"广东-江门","gid":"480997","time_insert":"2021-08-02 16:45"}
2023-12-24 00:09:22 查询号码 【1894896】，GSD为【"广东-江门"】

2023-12-24 00:09:23 开始第 4988 次操作

2023-12-24 00:09:23 开始操作号码 【1894897】
2023-12-24 00:09:29 GSD getOne 第 1 次 等待 3 秒
2023-12-24 00:09:32 查询号码 【1894897】，返回信息 {"status":"ok","msg":"广东-江门","gid":"480984","time_insert":"2021-08-02 16:44"}
2023-12-24 00:09:32 查询号码 【1894897】，GSD为【"广东-江门"】

