2024-02-26 00:09:28 开始第 5853 次操作

2024-02-26 00:09:28 开始操作号码 【1785762】
2024-02-26 00:09:33 GSD getOne 第 1 次 等待 3 秒
2024-02-26 00:09:36 查询号码 【1785762】，返回信息 {"status":"ok","msg":"浙江-温州","gid":"299283","time_insert":"2021-07-17 03:03"}
2024-02-26 00:09:36 查询号码 【1785762】，GSD为【"浙江-温州"】

2024-02-26 00:09:37 开始第 5854 次操作

2024-02-26 00:09:37 开始操作号码 【1785763】
2024-02-26 00:09:41 GSD getOne 第 1 次 等待 3 秒
2024-02-26 00:09:44 查询号码 【1785763】，返回信息 {"status":"ok","msg":"浙江-金华","gid":"299276","time_insert":"2021-07-17 03:02"}
2024-02-26 00:09:44 查询号码 【1785763】，GSD为【"浙江-金华"】

2024-02-26 00:09:45 开始第 5855 次操作

2024-02-26 00:09:45 开始操作号码 【1785764】
2024-02-26 00:09:50 GSD getOne 第 1 次 等待 3 秒
2024-02-26 00:09:53 查询号码 【1785764】，返回信息 {"status":"ok","msg":"浙江-金华","gid":"299271","time_insert":"2021-07-17 03:02"}
2024-02-26 00:09:53 查询号码 【1785764】，GSD为【"浙江-金华"】

2024-02-26 00:09:54 开始第 5856 次操作

2024-02-26 00:09:54 开始操作号码 【1785765】
2024-02-26 00:09:59 GSD getOne 第 1 次 等待 3 秒
2024-02-26 00:10:02 查询号码 【1785765】，返回信息 {"status":"ok","msg":"浙江-衢州","gid":"299265","time_insert":"2021-07-17 03:01"}
2024-02-26 00:10:02 查询号码 【1785765】，GSD为【"浙江-衢州"】

2024-02-26 00:35:38 开始第 5857 次操作

2024-02-26 00:35:38 开始操作号码 【1785766】
2024-02-26 00:35:43 GSD getOne 第 1 次 等待 3 秒
2024-02-26 00:35:46 查询号码 【1785766】，返回信息 {"status":"ok","msg":"浙江-宁波","gid":"299257","time_insert":"2021-07-17 03:01"}
2024-02-26 00:35:46 查询号码 【1785766】，GSD为【"浙江-宁波"】

2024-02-26 00:35:47 开始第 5858 次操作

2024-02-26 00:35:47 开始操作号码 【1785767】
2024-02-26 00:35:51 GSD getOne 第 1 次 等待 3 秒
2024-02-26 00:35:54 查询号码 【1785767】，返回信息 {"status":"ok","msg":"浙江-舟山","gid":"299252","time_insert":"2021-07-17 03:00"}
2024-02-26 00:35:54 查询号码 【1785767】，GSD为【"浙江-舟山"】

2024-02-26 00:35:55 开始第 5859 次操作

2024-02-26 00:35:55 开始操作号码 【1785768】
2024-02-26 00:36:00 GSD getOne 第 1 次 等待 3 秒
2024-02-26 00:36:03 查询号码 【1785768】，返回信息 {"status":"ok","msg":"浙江-杭州","gid":"299245","time_insert":"2021-07-17 02:59"}
2024-02-26 00:36:03 查询号码 【1785768】，GSD为【"浙江-杭州"】

2024-02-26 00:36:04 开始第 5860 次操作

2024-02-26 00:36:04 开始操作号码 【1785769】
2024-02-26 00:36:08 GSD getOne 第 1 次 等待 3 秒
2024-02-26 00:36:11 查询号码 【1785769】，返回信息 {"status":"ok","msg":"浙江-杭州","gid":"299236","time_insert":"2021-07-17 02:59"}
2024-02-26 00:36:11 查询号码 【1785769】，GSD为【"浙江-杭州"】

2024-02-26 01:06:55 开始第 5861 次操作

2024-02-26 01:06:55 开始操作号码 【1785770】
2024-02-26 01:06:59 GSD getOne 第 1 次 等待 3 秒
2024-02-26 01:07:02 查询号码 【1785770】，返回信息 {"status":"ok","msg":"浙江-温州","gid":"299226","time_insert":"2021-07-17 02:58","time_update":"2023-05-29 14:06"}
2024-02-26 01:07:02 查询号码 【1785770】，GSD为【"浙江-温州"】

2024-02-26 01:07:03 开始第 5862 次操作

2024-02-26 01:07:03 开始操作号码 【1785771】
2024-02-26 01:07:07 GSD getOne 第 1 次 等待 3 秒
2024-02-26 01:07:10 查询号码 【1785771】，返回信息 {"status":"ok","msg":"浙江-温州","gid":"299221","time_insert":"2021-07-17 02:57","time_update":"2023-05-29 14:06"}
2024-02-26 01:07:10 查询号码 【1785771】，GSD为【"浙江-温州"】

2024-02-26 01:07:11 开始第 5863 次操作

2024-02-26 01:07:11 开始操作号码 【1785772】
2024-02-26 01:07:17 GSD getOne 第 1 次 等待 3 秒
2024-02-26 01:07:20 查询号码 【1785772】，返回信息 {"status":"ok","msg":"浙江-温州","gid":"299213","time_insert":"2021-07-17 02:57","time_update":"2023-05-29 14:06"}
2024-02-26 01:07:20 查询号码 【1785772】，GSD为【"浙江-温州"】

2024-02-26 01:07:21 开始第 5864 次操作

2024-02-26 01:07:21 开始操作号码 【1785773】
2024-02-26 01:07:26 GSD getOne 第 1 次 等待 3 秒
2024-02-26 01:07:29 查询号码 【1785773】，返回信息 {"status":"ok","msg":"浙江-温州","gid":"299121","time_insert":"2021-07-17 02:47","time_update":"2023-05-29 14:06"}
2024-02-26 01:07:29 查询号码 【1785773】，GSD为【"浙江-温州"】

