2021-07-09 00:02:35 开始第 1 次操作

2021-07-09 00:02:35 开始操作号码 【1739109】
2021-07-09 00:02:41 GSD getOne 第 1 次 等待 1 秒
2021-07-09 00:02:42 查询号码 【1739109】，返回信息 {"status":"bad","msg":""}
2021-07-09 00:02:42 查询号码 【1739109】，GSD为【""】
2021-07-09 00:02:42 bad
2021-07-09 00:02:45 CHB 1739109?1625760162 第 1 次 等待 1 秒
2021-07-09 00:02:46 CHB 1739109?1625760162 第 1 次 获取到号码【1739109】GSD
2021-07-09 00:02:46 获取到号码【1739109】的GSD为【陕西-渭南】
2021-07-09 00:03:05 GSD insert 第 1 次 等待 1 秒
2021-07-09 00:03:06 {"status":"ok","msg":"添加成功！226448"}
2021-07-09 00:03:06 下次操作: 2021-07-09 00:03:21

2021-07-09 00:03:21 开始第 2 次操作

2021-07-09 00:03:21 开始操作号码 【1739110】
2021-07-09 00:03:28 GSD getOne 第 1 次 等待 1 秒
2021-07-09 00:03:29 查询号码 【1739110】，返回信息 {"status":"bad","msg":""}
2021-07-09 00:03:29 查询号码 【1739110】，GSD为【""】
2021-07-09 00:03:29 bad
2021-07-09 00:03:32 CHB 1739110?1625760209 第 1 次 等待 1 秒
2021-07-09 00:03:33 CHB 1739110?1625760209 第 1 次 获取到号码【1739110】GSD
2021-07-09 00:03:33 获取到号码【1739110】的GSD为【陕西-渭南】
2021-07-09 00:03:52 GSD insert 第 1 次 等待 1 秒
2021-07-09 00:03:53 {"status":"ok","msg":"添加成功！226464"}
2021-07-09 00:03:53 下次操作: 2021-07-09 00:04:02

2021-07-09 00:04:02 开始第 3 次操作

2021-07-09 00:04:02 开始操作号码 【1739111】
2021-07-09 00:04:14 GSD getOne 第 1 次 等待 1 秒
2021-07-09 00:04:15 查询号码 【1739111】，返回信息 {"status":"bad","msg":""}
2021-07-09 00:04:15 查询号码 【1739111】，GSD为【""】
2021-07-09 00:04:15 bad
2021-07-09 00:04:17 CHB 1739111?1625760255 第 1 次 等待 1 秒
2021-07-09 00:04:18 CHB 1739111?1625760255 第 1 次 获取到号码【1739111】GSD
2021-07-09 00:04:18 获取到号码【1739111】的GSD为【陕西-西安】
2021-07-09 00:04:37 GSD insert 第 1 次 等待 1 秒
2021-07-09 00:04:38 {"status":"ok","msg":"添加成功！226473"}
2021-07-09 00:04:38 下次操作: 2021-07-09 00:04:50

2021-07-09 00:04:50 开始第 4 次操作

2021-07-09 00:04:50 开始操作号码 【1739112】
2021-07-09 00:04:57 GSD getOne 第 1 次 等待 1 秒
2021-07-09 00:04:58 查询号码 【1739112】，返回信息 {"status":"bad","msg":""}
2021-07-09 00:04:58 查询号码 【1739112】，GSD为【""】
2021-07-09 00:04:58 bad
2021-07-09 00:05:03 CHB 1739112?1625760298 第 1 次 等待 1 秒
2021-07-09 00:05:04 CHB 1739112?1625760298 第 1 次 获取到号码【1739112】GSD
2021-07-09 00:05:04 获取到号码【1739112】的GSD为【陕西-西安】
2021-07-09 00:05:30 GSD insert 第 1 次 等待 1 秒
2021-07-09 00:05:31 {"status":"ok","msg":"添加成功！226490"}
2021-07-09 00:05:31 下次操作: 2021-07-09 00:05:38

2021-07-09 00:05:38 开始第 5 次操作

2021-07-09 00:05:38 开始操作号码 【1739113】
2021-07-09 00:05:58 GSD getOne 第 1 次 等待 1 秒
2021-07-09 00:05:59 查询号码 【1739113】，返回信息 {"status":"bad","msg":""}
2021-07-09 00:05:59 查询号码 【1739113】，GSD为【""】
2021-07-09 00:05:59 bad
2021-07-09 00:06:03 CHB 1739113?1625760359 第 1 次 等待 1 秒
2021-07-09 00:06:04 CHB 1739113?1625760359 第 1 次 获取到号码【1739113】GSD
2021-07-09 00:06:04 获取到号码【1739113】的GSD为【陕西-西安】
2021-07-09 00:06:24 GSD insert 第 1 次 等待 1 秒
2021-07-09 00:06:25 {"status":"ok","msg":"添加成功！226502"}
2021-07-09 00:06:25 下次操作: 2021-07-09 00:06:41

2021-07-09 00:06:41 开始第 6 次操作

2021-07-09 00:06:41 开始操作号码 【1739114】
2021-07-09 00:06:45 GSD getOne 第 1 次 等待 1 秒
2021-07-09 00:06:46 查询号码 【1739114】，返回信息 {"status":"bad","msg":""}
2021-07-09 00:06:46 查询号码 【1739114】，GSD为【""】
2021-07-09 00:06:46 bad
2021-07-09 00:06:48 CHB 1739114?1625760406 第 1 次 等待 1 秒
2021-07-09 00:06:49 CHB 1739114?1625760406 第 1 次 获取到号码【1739114】GSD
2021-07-09 00:06:49 获取到号码【1739114】的GSD为【陕西-西安】
2021-07-09 00:07:10 GSD insert 第 1 次 等待 1 秒
2021-07-09 00:07:11 {"status":"ok","msg":"添加成功！226512"}
2021-07-09 00:07:11 下次操作: 2021-07-09 00:07:22

2021-07-09 00:07:22 开始第 7 次操作

2021-07-09 00:07:22 开始操作号码 【1739115】
2021-07-09 00:07:36 GSD getOne 第 1 次 等待 1 秒
2021-07-09 00:07:37 查询号码 【1739115】，返回信息 {"status":"bad","msg":""}
2021-07-09 00:07:37 查询号码 【1739115】，GSD为【""】
2021-07-09 00:07:37 bad
2021-07-09 00:07:44 CHB 1739115?1625760457 第 1 次 等待 1 秒
2021-07-09 00:07:45 CHB 1739115?1625760457 第 1 次 获取到号码【1739115】GSD
2021-07-09 00:07:45 获取到号码【1739115】的GSD为【陕西-西安】
2021-07-09 00:07:58 GSD insert 第 1 次 等待 1 秒
2021-07-09 00:07:59 {"status":"ok","msg":"添加成功！226522"}
2021-07-09 00:07:59 下次操作: 2021-07-09 00:08:12

2021-07-09 00:08:12 开始第 8 次操作

2021-07-09 00:08:12 开始操作号码 【1739116】
2021-07-09 00:08:20 GSD getOne 第 1 次 等待 1 秒
2021-07-09 00:08:21 查询号码 【1739116】，返回信息 {"status":"bad","msg":""}
2021-07-09 00:08:21 查询号码 【1739116】，GSD为【""】
2021-07-09 00:08:21 bad
2021-07-09 00:08:24 CHB 1739116?1625760501 第 1 次 等待 1 秒
2021-07-09 00:08:25 CHB 1739116?1625760501 第 1 次 获取到号码【1739116】GSD
2021-07-09 00:08:25 获取到号码【1739116】的GSD为【陕西-西安】
2021-07-09 00:08:44 GSD insert 第 1 次 等待 1 秒
2021-07-09 00:08:45 {"status":"ok","msg":"添加成功！226532"}
2021-07-09 00:08:45 下次操作: 2021-07-09 00:08:58

2021-07-09 00:08:58 开始第 9 次操作

2021-07-09 00:08:58 开始操作号码 【1739117】
2021-07-09 00:09:07 GSD getOne 第 1 次 等待 1 秒
2021-07-09 00:09:08 查询号码 【1739117】，返回信息 {"status":"bad","msg":""}
2021-07-09 00:09:08 查询号码 【1739117】，GSD为【""】
2021-07-09 00:09:08 bad
2021-07-09 00:09:11 CHB 1739117?1625760548 第 1 次 等待 1 秒
2021-07-09 00:09:12 CHB 1739117?1625760548 第 1 次 获取到号码【1739117】GSD
2021-07-09 00:09:12 获取到号码【1739117】的GSD为【陕西-西安】
2021-07-09 00:09:34 GSD insert 第 1 次 等待 1 秒
2021-07-09 00:09:35 {"status":"ok","msg":"添加成功！226540"}
2021-07-09 00:09:35 下次操作: 2021-07-09 00:09:48

2021-07-09 00:09:48 开始第 10 次操作

2021-07-09 00:09:48 开始操作号码 【1739118】
2021-07-09 00:09:55 GSD getOne 第 1 次 等待 1 秒
2021-07-09 00:09:56 查询号码 【1739118】，返回信息 {"status":"bad","msg":""}
2021-07-09 00:09:56 查询号码 【1739118】，GSD为【""】
2021-07-09 00:09:56 bad
2021-07-09 00:09:58 CHB 1739118?1625760596 第 1 次 等待 1 秒
2021-07-09 00:09:59 CHB 1739118?1625760596 第 1 次 获取到号码【1739118】GSD
2021-07-09 00:09:59 获取到号码【1739118】的GSD为【陕西-西安】
2021-07-09 00:10:19 GSD insert 第 1 次 等待 1 秒
2021-07-09 00:10:20 {"status":"ok","msg":"添加成功！226547"}
2021-07-09 00:10:20 下次操作: 2021-07-09 00:10:36

2021-07-09 00:10:36 开始第 11 次操作

2021-07-09 00:10:36 开始操作号码 【1739119】
2021-07-09 00:10:40 GSD getOne 第 1 次 等待 1 秒
2021-07-09 00:10:41 查询号码 【1739119】，返回信息 {"status":"bad","msg":""}
2021-07-09 00:10:41 查询号码 【1739119】，GSD为【""】
2021-07-09 00:10:41 bad
2021-07-09 00:10:44 CHB 1739119?1625760641 第 1 次 等待 1 秒
2021-07-09 00:10:45 CHB 1739119?1625760641 第 1 次 获取到号码【1739119】GSD
2021-07-09 00:10:45 获取到号码【1739119】的GSD为【陕西-西安】
2021-07-09 00:11:04 GSD insert 第 1 次 等待 1 秒
2021-07-09 00:11:05 {"status":"ok","msg":"添加成功！226553"}
2021-07-09 00:11:06 下次操作: 2021-07-09 00:11:15

2021-07-09 00:11:15 开始第 12 次操作

2021-07-09 00:11:15 开始操作号码 【1739120】
2021-07-09 00:11:31 GSD getOne 第 1 次 等待 1 秒
2021-07-09 00:11:32 查询号码 【1739120】，返回信息 {"status":"bad","msg":""}
2021-07-09 00:11:32 查询号码 【1739120】，GSD为【""】
2021-07-09 00:11:32 bad
2021-07-09 00:11:36 CHB 1739120?1625760692 第 1 次 等待 1 秒
2021-07-09 00:11:37 CHB 1739120?1625760692 第 1 次 获取到号码【1739120】GSD
2021-07-09 00:11:37 获取到号码【1739120】的GSD为【陕西-宝鸡】
2021-07-09 00:12:00 GSD insert 第 1 次 等待 1 秒
2021-07-09 00:12:01 {"status":"ok","msg":"添加成功！226560"}
2021-07-09 00:12:01 下次操作: 2021-07-09 00:12:16

2021-07-09 00:12:16 开始第 13 次操作

2021-07-09 00:12:16 开始操作号码 【1739121】
2021-07-09 00:12:27 GSD getOne 第 1 次 等待 1 秒
2021-07-09 00:12:28 查询号码 【1739121】，返回信息 {"status":"bad","msg":""}
2021-07-09 00:12:28 查询号码 【1739121】，GSD为【""】
2021-07-09 00:12:28 bad
2021-07-09 00:12:48 CHB 1739121?1625760748 第 1 次 等待 1 秒
2021-07-09 00:12:49 CHB 1739121?1625760748 第 1 次 获取到号码【1739121】GSD
2021-07-09 00:12:49 获取到号码【1739121】的GSD为【陕西-宝鸡】
2021-07-09 00:12:55 GSD insert 第 1 次 等待 1 秒
2021-07-09 00:12:56 {"status":"ok","msg":"添加成功！226566"}
2021-07-09 00:12:56 下次操作: 2021-07-09 00:13:10

2021-07-09 00:13:10 开始第 14 次操作

2021-07-09 00:13:10 开始操作号码 【1739122】
2021-07-09 00:13:15 GSD getOne 第 1 次 等待 1 秒
2021-07-09 00:13:16 查询号码 【1739122】，返回信息 {"status":"bad","msg":""}
2021-07-09 00:13:16 查询号码 【1739122】，GSD为【""】
2021-07-09 00:13:16 bad
2021-07-09 00:13:26 CHB 1739122?1625760796 第 1 次 等待 1 秒
2021-07-09 00:13:27 CHB 1739122?1625760796 第 1 次 获取到号码【1739122】GSD
2021-07-09 00:13:27 获取到号码【1739122】的GSD为【陕西-宝鸡】
2021-07-09 00:13:39 GSD insert 第 1 次 等待 1 秒
2021-07-09 00:13:40 {"status":"ok","msg":"添加成功！226571"}
2021-07-09 00:13:40 下次操作: 2021-07-09 00:13:54

2021-07-09 00:13:54 开始第 15 次操作

2021-07-09 00:13:54 开始操作号码 【1739123】
2021-07-09 00:14:01 GSD getOne 第 1 次 等待 1 秒
2021-07-09 00:14:02 查询号码 【1739123】，返回信息 {"status":"bad","msg":""}
2021-07-09 00:14:02 查询号码 【1739123】，GSD为【""】
2021-07-09 00:14:02 bad
2021-07-09 00:14:10 CHB 1739123?1625760842 第 1 次 等待 1 秒
2021-07-09 00:14:11 CHB 1739123?1625760842 第 1 次 获取到号码【1739123】GSD
2021-07-09 00:14:11 获取到号码【1739123】的GSD为【陕西-咸阳】
2021-07-09 00:14:22 GSD insert 第 1 次 等待 1 秒
2021-07-09 00:14:23 {"status":"ok","msg":"添加成功！226578"}
2021-07-09 00:14:23 下次操作: 2021-07-09 00:14:41

2021-07-09 00:14:41 开始第 16 次操作

2021-07-09 00:14:41 开始操作号码 【1739124】
2021-07-09 00:14:46 GSD getOne 第 1 次 等待 1 秒
2021-07-09 00:14:47 查询号码 【1739124】，返回信息 {"status":"bad","msg":""}
2021-07-09 00:14:48 查询号码 【1739124】，GSD为【""】
2021-07-09 00:14:48 bad
2021-07-09 00:14:50 CHB 1739124?1625760888 第 1 次 等待 1 秒
2021-07-09 00:14:51 CHB 1739124?1625760888 第 1 次 获取到号码【1739124】GSD
2021-07-09 00:14:51 获取到号码【1739124】的GSD为【陕西-咸阳】
2021-07-09 00:15:11 GSD insert 第 1 次 等待 1 秒
2021-07-09 00:15:12 {"status":"ok","msg":"添加成功！226584"}
2021-07-09 00:15:12 下次操作: 2021-07-09 00:15:30

2021-07-09 00:15:30 开始第 17 次操作

2021-07-09 00:15:30 开始操作号码 【1739125】
2021-07-09 00:15:36 GSD getOne 第 1 次 等待 1 秒
2021-07-09 00:15:37 查询号码 【1739125】，返回信息 {"status":"bad","msg":""}
2021-07-09 00:15:37 查询号码 【1739125】，GSD为【""】
2021-07-09 00:15:37 bad
2021-07-09 00:15:46 CHB 1739125?1625760937 第 1 次 等待 1 秒
2021-07-09 00:15:47 CHB 1739125?1625760937 第 1 次 获取到号码【1739125】GSD
2021-07-09 00:15:47 获取到号码【1739125】的GSD为【陕西-咸阳】
2021-07-09 00:15:58 GSD insert 第 1 次 等待 1 秒
2021-07-09 00:15:59 {"status":"ok","msg":"添加成功！226589"}
2021-07-09 00:15:59 下次操作: 2021-07-09 00:16:05

2021-07-09 00:16:05 开始第 18 次操作

2021-07-09 00:16:05 开始操作号码 【1739126】
2021-07-09 00:16:28 GSD getOne 第 1 次 等待 1 秒
2021-07-09 00:16:29 查询号码 【1739126】，返回信息 {"status":"bad","msg":""}
2021-07-09 00:16:30 查询号码 【1739126】，GSD为【""】
2021-07-09 00:16:30 bad
2021-07-09 00:16:37 CHB 1739126?1625760990 第 1 次 等待 1 秒
2021-07-09 00:16:38 CHB 1739126?1625760990 第 1 次 获取到号码【1739126】GSD
2021-07-09 00:16:39 获取到号码【1739126】的GSD为【陕西-汉中】
2021-07-09 00:17:11 GSD insert 第 1 次 等待 1 秒
2021-07-09 00:17:12 {"status":"ok","msg":"添加成功！226600"}
2021-07-09 00:17:12 下次操作: 2021-07-09 00:17:30

2021-07-09 00:17:30 开始第 19 次操作

2021-07-09 00:17:30 开始操作号码 【1739127】
2021-07-09 00:17:35 GSD getOne 第 1 次 等待 1 秒
2021-07-09 00:17:36 查询号码 【1739127】，返回信息 {"status":"bad","msg":""}
2021-07-09 00:17:37 查询号码 【1739127】，GSD为【""】
2021-07-09 00:17:37 bad
2021-07-09 00:17:42 CHB 1739127?1625761057 第 1 次 等待 1 秒
2021-07-09 00:17:43 CHB 1739127?1625761057 第 1 次 获取到号码【1739127】GSD
2021-07-09 00:17:44 获取到号码【1739127】的GSD为【陕西-汉中】
2021-07-09 00:18:04 GSD insert 第 1 次 等待 1 秒
2021-07-09 00:18:05 {"status":"ok","msg":"添加成功！226609"}
2021-07-09 00:18:05 下次操作: 2021-07-09 00:18:18

2021-07-09 00:18:18 开始第 20 次操作

2021-07-09 00:18:18 开始操作号码 【1739128】
2021-07-09 00:18:30 GSD getOne 第 1 次 等待 1 秒
2021-07-09 00:18:31 查询号码 【1739128】，返回信息 {"status":"bad","msg":""}
2021-07-09 00:18:31 查询号码 【1739128】，GSD为【""】
2021-07-09 00:18:31 bad
2021-07-09 00:18:36 CHB 1739128?1625761111 第 1 次 等待 1 秒
2021-07-09 00:18:37 CHB 1739128?1625761111 第 1 次 获取到号码【1739128】GSD
2021-07-09 00:18:37 获取到号码【1739128】的GSD为【陕西-延安】
2021-07-09 00:18:56 GSD insert 第 1 次 等待 1 秒
2021-07-09 00:18:57 {"status":"ok","msg":"添加成功！226616"}
2021-07-09 00:18:57 下次操作: 2021-07-09 00:19:04

2021-07-09 00:19:04 开始第 21 次操作

2021-07-09 00:19:04 开始操作号码 【1739129】
2021-07-09 00:19:33 GSD getOne 第 1 次 等待 1 秒
2021-07-09 00:19:34 查询号码 【1739129】，返回信息 {"status":"bad","msg":""}
2021-07-09 00:19:34 查询号码 【1739129】，GSD为【""】
2021-07-09 00:19:34 bad
2021-07-09 00:19:38 CHB 1739129?1625761174 第 1 次 等待 1 秒
2021-07-09 00:19:39 CHB 1739129?1625761174 第 1 次 获取到号码【1739129】GSD
2021-07-09 00:19:39 获取到号码【1739129】的GSD为【陕西-延安】
2021-07-09 00:19:59 GSD insert 第 1 次 等待 1 秒
2021-07-09 00:20:00 {"status":"ok","msg":"添加成功！226621"}
2021-07-09 00:20:00 下次操作: 2021-07-09 00:20:11

2021-07-09 00:20:11 开始第 22 次操作

2021-07-09 00:20:11 开始操作号码 【1739130】
2021-07-09 00:20:28 GSD getOne 第 1 次 等待 1 秒
2021-07-09 00:20:29 查询号码 【1739130】，返回信息 {"status":"bad","msg":""}
2021-07-09 00:20:29 查询号码 【1739130】，GSD为【""】
2021-07-09 00:20:29 bad
2021-07-09 00:20:34 CHB 1739130?1625761229 第 1 次 等待 1 秒
2021-07-09 00:20:35 CHB 1739130?1625761229 第 1 次 获取到号码【1739130】GSD
2021-07-09 00:20:35 获取到号码【1739130】的GSD为【陕西-安康】
2021-07-09 00:20:57 GSD insert 第 1 次 等待 1 秒
2021-07-09 00:20:58 {"status":"ok","msg":"添加成功！226625"}
2021-07-09 00:20:58 下次操作: 2021-07-09 00:21:04

2021-07-09 00:21:04 开始第 23 次操作

2021-07-09 00:21:04 开始操作号码 【1739131】
2021-07-09 00:21:27 GSD getOne 第 1 次 等待 1 秒
2021-07-09 00:21:28 查询号码 【1739131】，返回信息 {"status":"bad","msg":""}
2021-07-09 00:21:28 查询号码 【1739131】，GSD为【""】
2021-07-09 00:21:28 bad
2021-07-09 00:21:35 CHB 1739131?1625761288 第 1 次 等待 1 秒
2021-07-09 00:21:36 CHB 1739131?1625761288 第 1 次 获取到号码【1739131】GSD
2021-07-09 00:21:36 获取到号码【1739131】的GSD为【陕西-安康】
2021-07-09 00:22:02 GSD insert 第 1 次 等待 1 秒
2021-07-09 00:22:03 {"status":"ok","msg":"添加成功！226628"}
2021-07-09 00:22:03 下次操作: 2021-07-09 00:22:14

2021-07-09 00:22:14 开始第 24 次操作

2021-07-09 00:22:14 开始操作号码 【1739132】
2021-07-09 00:22:27 GSD getOne 第 1 次 等待 1 秒
2021-07-09 00:22:28 查询号码 【1739132】，返回信息 {"status":"bad","msg":""}
2021-07-09 00:22:28 查询号码 【1739132】，GSD为【""】
2021-07-09 00:22:28 bad
2021-07-09 00:22:33 CHB 1739132?1625761348 第 1 次 等待 1 秒
2021-07-09 00:22:34 CHB 1739132?1625761348 第 1 次 获取到号码【1739132】GSD
2021-07-09 00:22:34 获取到号码【1739132】的GSD为【陕西-安康】
2021-07-09 00:23:27 GSD insert 第 1 次 等待 1 秒
2021-07-09 00:23:28 {"status":"ok","msg":"添加成功！226633"}
2021-07-09 00:23:28 下次操作: 2021-07-09 00:23:46

2021-07-09 00:23:46 开始第 25 次操作

2021-07-09 00:23:46 开始操作号码 【1739133】
2021-07-09 00:23:52 GSD getOne 第 1 次 等待 1 秒
2021-07-09 00:23:53 查询号码 【1739133】，返回信息 {"status":"bad","msg":""}
2021-07-09 00:23:54 查询号码 【1739133】，GSD为【""】
2021-07-09 00:23:54 bad
2021-07-09 00:24:04 CHB 1739133?1625761434 第 1 次 等待 1 秒
2021-07-09 00:24:05 CHB 1739133?1625761434 第 1 次 获取到号码【1739133】GSD
2021-07-09 00:24:05 获取到号码【1739133】的GSD为【陕西-安康】
2021-07-09 00:24:12 GSD insert 第 1 次 等待 1 秒
2021-07-09 00:24:13 {"status":"ok","msg":"添加成功！226634"}
2021-07-09 00:24:13 下次操作: 2021-07-09 00:24:25

2021-07-09 00:24:25 开始第 26 次操作

2021-07-09 00:24:25 开始操作号码 【1739134】
2021-07-09 00:25:02 GSD getOne 第 1 次 等待 1 秒
2021-07-09 00:25:03 查询号码 【1739134】，返回信息 {"status":"bad","msg":""}
2021-07-09 00:25:03 查询号码 【1739134】，GSD为【""】
2021-07-09 00:25:03 bad
2021-07-09 00:25:10 CHB 1739134?1625761503 第 1 次 等待 1 秒
2021-07-09 00:25:11 CHB 1739134?1625761503 第 1 次 获取到号码【1739134】GSD
2021-07-09 00:25:12 获取到号码【1739134】的GSD为【陕西-榆林】
2021-07-09 00:25:23 GSD insert 第 1 次 等待 1 秒
2021-07-09 00:25:24 {"status":"ok","msg":"添加成功！226638"}
2021-07-09 00:25:24 下次操作: 2021-07-09 00:25:41

2021-07-09 00:25:41 开始第 27 次操作

2021-07-09 00:25:41 开始操作号码 【1739135】
2021-07-09 00:25:45 GSD getOne 第 1 次 等待 1 秒
2021-07-09 00:25:46 查询号码 【1739135】，返回信息 {"status":"bad","msg":""}
2021-07-09 00:25:46 查询号码 【1739135】，GSD为【""】
2021-07-09 00:25:46 bad
2021-07-09 00:27:16 CHB 1739135?1625761546 第 1 次 等待 1 秒
2021-07-09 00:27:17 CHB 1739135?1625761546 第 1 次 获取到号码【1739135】GSD
2021-07-09 00:27:17 未获取到号码【1739135】GSD，查号吧 522 错误
2021-07-09 00:27:17 获取到号码【1739135】的GSD为【-】
2021-07-09 00:27:21 GSD insert 第 1 次 等待 1 秒
2021-07-09 00:27:22 {"status":"ok","msg":"添加成功！226643"}
2021-07-09 00:27:22 下次操作: 2021-07-09 00:27:39

2021-07-09 00:27:39 开始第 28 次操作

2021-07-09 00:27:39 开始操作号码 【1739136】
2021-07-09 00:27:43 GSD getOne 第 1 次 等待 1 秒
2021-07-09 00:27:44 查询号码 【1739136】，返回信息 {"status":"bad","msg":""}
2021-07-09 00:27:44 查询号码 【1739136】，GSD为【""】
2021-07-09 00:27:44 bad
2021-07-09 00:27:51 CHB 1739136?1625761664 第 1 次 等待 1 秒
2021-07-09 00:27:52 CHB 1739136?1625761664 第 1 次 获取到号码【1739136】GSD
2021-07-09 00:27:52 获取到号码【1739136】的GSD为【陕西-商洛】
2021-07-09 00:28:12 GSD insert 第 1 次 等待 1 秒
2021-07-09 00:28:13 {"status":"ok","msg":"添加成功！226648"}
2021-07-09 00:28:13 下次操作: 2021-07-09 00:28:27

2021-07-09 00:28:27 开始第 29 次操作

2021-07-09 00:28:27 开始操作号码 【1739137】
2021-07-09 00:28:37 GSD getOne 第 1 次 等待 1 秒
2021-07-09 00:28:38 查询号码 【1739137】，返回信息 {"status":"bad","msg":""}
2021-07-09 00:28:39 查询号码 【1739137】，GSD为【""】
2021-07-09 00:28:39 bad
2021-07-09 00:28:47 CHB 1739137?1625761719 第 1 次 等待 1 秒
2021-07-09 00:28:48 CHB 1739137?1625761719 第 1 次 获取到号码【1739137】GSD
2021-07-09 00:28:48 获取到号码【1739137】的GSD为【陕西-汉中】
2021-07-09 00:29:07 GSD insert 第 1 次 等待 1 秒
2021-07-09 00:29:08 {"status":"ok","msg":"添加成功！226650"}
2021-07-09 00:29:08 下次操作: 2021-07-09 00:29:26

2021-07-09 00:29:26 开始第 30 次操作

2021-07-09 00:29:26 开始操作号码 【1739138】
2021-07-09 00:29:36 GSD getOne 第 1 次 等待 1 秒
2021-07-09 00:29:37 查询号码 【1739138】，返回信息 {"status":"bad","msg":""}
2021-07-09 00:29:37 查询号码 【1739138】，GSD为【""】
2021-07-09 00:29:37 bad
2021-07-09 00:29:39 CHB 1739138?1625761777 第 1 次 等待 1 秒
2021-07-09 00:29:40 CHB 1739138?1625761777 第 1 次 获取到号码【1739138】GSD
2021-07-09 00:29:40 获取到号码【1739138】的GSD为【陕西-汉中】
2021-07-09 00:30:07 GSD insert 第 1 次 等待 1 秒
2021-07-09 00:30:08 {"status":"ok","msg":"添加成功！226654"}

2021-07-09 01:41:40 开始第 1 次操作

2021-07-09 01:41:40 开始操作号码 【1739139】
2021-07-09 01:41:45 GSD getOne 第 1 次 等待 1 秒
2021-07-09 01:41:46 查询号码 【1739139】，返回信息 {"status":"bad","msg":""}
2021-07-09 01:41:46 查询号码 【1739139】，GSD为【""】
2021-07-09 01:41:46 bad
2021-07-09 01:41:48 CHB 1739139?1625766106 第 1 次 等待 1 秒
2021-07-09 01:41:49 CHB 1739139?1625766106 第 1 次 获取到号码【1739139】GSD
2021-07-09 01:41:49 获取到号码【1739139】的GSD为【陕西-安康】
2021-07-09 01:42:12 GSD insert 第 1 次 等待 1 秒
2021-07-09 01:42:13 {"status":"ok","msg":"添加成功！226923"}
2021-07-09 01:42:13 下次操作: 2021-07-09 01:42:31

2021-07-09 01:42:31 开始第 2 次操作

2021-07-09 01:42:31 开始操作号码 【1739140】
2021-07-09 01:42:35 GSD getOne 第 1 次 等待 1 秒
2021-07-09 01:42:36 查询号码 【1739140】，返回信息 {"status":"bad","msg":""}
2021-07-09 01:42:36 查询号码 【1739140】，GSD为【""】
2021-07-09 01:42:36 bad
2021-07-09 01:42:38 CHB 1739140?1625766156 第 1 次 等待 1 秒
2021-07-09 01:42:39 CHB 1739140?1625766156 第 1 次 获取到号码【1739140】GSD
2021-07-09 01:42:39 获取到号码【1739140】的GSD为【陕西-西安】
2021-07-09 01:42:58 GSD insert 第 1 次 等待 1 秒
2021-07-09 01:42:59 {"status":"ok","msg":"添加成功！226930"}
2021-07-09 01:42:59 下次操作: 2021-07-09 01:43:11

2021-07-09 01:43:11 开始第 3 次操作

2021-07-09 01:43:11 开始操作号码 【1739141】
2021-07-09 01:43:18 GSD getOne 第 1 次 等待 1 秒
2021-07-09 01:43:19 查询号码 【1739141】，返回信息 {"status":"bad","msg":""}
2021-07-09 01:43:19 查询号码 【1739141】，GSD为【""】
2021-07-09 01:43:19 bad
2021-07-09 01:43:25 CHB 1739141?1625766199 第 1 次 等待 1 秒
2021-07-09 01:43:26 CHB 1739141?1625766199 第 1 次 获取到号码【1739141】GSD
2021-07-09 01:43:26 获取到号码【1739141】的GSD为【陕西-西安】
2021-07-09 01:43:45 GSD insert 第 1 次 等待 1 秒
2021-07-09 01:43:46 {"status":"ok","msg":"添加成功！226937"}
2021-07-09 01:43:46 下次操作: 2021-07-09 01:44:01

2021-07-09 01:44:01 开始第 4 次操作

2021-07-09 01:44:01 开始操作号码 【1739142】
2021-07-09 01:44:08 GSD getOne 第 1 次 等待 1 秒
2021-07-09 01:44:09 查询号码 【1739142】，返回信息 {"status":"bad","msg":""}
2021-07-09 01:44:09 查询号码 【1739142】，GSD为【""】
2021-07-09 01:44:09 bad
2021-07-09 01:44:11 CHB 1739142?1625766249 第 1 次 等待 1 秒
2021-07-09 01:44:12 CHB 1739142?1625766249 第 1 次 获取到号码【1739142】GSD
2021-07-09 01:44:12 获取到号码【1739142】的GSD为【陕西-西安】
2021-07-09 01:44:31 GSD insert 第 1 次 等待 1 秒
2021-07-09 01:44:32 {"status":"ok","msg":"添加成功！226946"}
2021-07-09 01:44:32 下次操作: 2021-07-09 01:44:38

2021-07-09 01:44:38 开始第 5 次操作

2021-07-09 01:44:38 开始操作号码 【1739143】
2021-07-09 01:44:57 GSD getOne 第 1 次 等待 1 秒
2021-07-09 01:44:58 查询号码 【1739143】，返回信息 {"status":"bad","msg":""}
2021-07-09 01:44:58 查询号码 【1739143】，GSD为【""】
2021-07-09 01:44:58 bad
2021-07-09 01:45:44 CHB 1739143?1625766298 第 1 次 等待 1 秒
2021-07-09 01:45:45 CHB 1739143?1625766298 第 1 次 获取到号码【1739143】GSD
2021-07-09 01:45:45 获取到号码【1739143】的GSD为【陕西-西安】
2021-07-09 01:45:49 GSD insert 第 1 次 等待 1 秒
2021-07-09 01:45:50 {"status":"ok","msg":"添加成功！226952"}
2021-07-09 01:45:50 下次操作: 2021-07-09 01:45:59

2021-07-09 01:45:59 开始第 6 次操作

2021-07-09 01:45:59 开始操作号码 【1739144】
2021-07-09 01:46:11 GSD getOne 第 1 次 等待 1 秒
2021-07-09 01:46:12 查询号码 【1739144】，返回信息 {"status":"bad","msg":""}
2021-07-09 01:46:12 查询号码 【1739144】，GSD为【""】
2021-07-09 01:46:12 bad
2021-07-09 01:46:15 CHB 1739144?1625766372 第 1 次 等待 1 秒
2021-07-09 01:46:16 CHB 1739144?1625766372 第 1 次 获取到号码【1739144】GSD
2021-07-09 01:46:16 获取到号码【1739144】的GSD为【陕西-西安】
2021-07-09 01:46:39 GSD insert 第 1 次 等待 1 秒
2021-07-09 01:46:40 {"status":"ok","msg":"添加成功！226958"}
2021-07-09 01:46:40 下次操作: 2021-07-09 01:46:48

2021-07-09 01:46:48 开始第 7 次操作

2021-07-09 01:46:48 开始操作号码 【1739145】
2021-07-09 01:46:59 GSD getOne 第 1 次 等待 1 秒
2021-07-09 01:47:00 查询号码 【1739145】，返回信息 {"status":"bad","msg":""}
2021-07-09 01:47:00 查询号码 【1739145】，GSD为【""】
2021-07-09 01:47:00 bad
2021-07-09 01:48:17 CHB 1739145?1625766420 第 1 次 等待 1 秒
2021-07-09 01:48:18 CHB 1739145?1625766420 第 1 次 获取到号码【1739145】GSD
2021-07-09 01:48:18 获取到号码【1739145】的GSD为【陕西-西安】
2021-07-09 01:48:23 GSD insert 第 1 次 等待 1 秒
2021-07-09 01:48:24 {"status":"ok","msg":"添加成功！226987"}
2021-07-09 01:48:24 下次操作: 2021-07-09 01:48:33

2021-07-09 01:48:33 开始第 8 次操作

2021-07-09 01:48:33 开始操作号码 【1739146】
2021-07-09 01:48:44 GSD getOne 第 1 次 等待 1 秒
2021-07-09 01:48:45 查询号码 【1739146】，返回信息 {"status":"bad","msg":""}
2021-07-09 01:48:45 查询号码 【1739146】，GSD为【""】
2021-07-09 01:48:45 bad
2021-07-09 01:48:52 CHB 1739146?1625766525 第 1 次 等待 1 秒
2021-07-09 01:48:53 CHB 1739146?1625766525 第 1 次 获取到号码【1739146】GSD
2021-07-09 01:48:53 获取到号码【1739146】的GSD为【陕西-西安】
2021-07-09 01:49:04 GSD insert 第 1 次 等待 1 秒
2021-07-09 01:49:05 {"status":"ok","msg":"添加成功！226998"}
2021-07-09 01:49:05 下次操作: 2021-07-09 01:49:11

2021-07-09 01:49:11 开始第 9 次操作

2021-07-09 01:49:11 开始操作号码 【1739147】
2021-07-09 01:49:31 GSD getOne 第 1 次 等待 1 秒
2021-07-09 01:49:32 查询号码 【1739147】，返回信息 {"status":"bad","msg":""}
2021-07-09 01:49:32 查询号码 【1739147】，GSD为【""】
2021-07-09 01:49:32 bad
2021-07-09 01:49:47 CHB 1739147?1625766572 第 1 次 等待 1 秒
2021-07-09 01:49:49 CHB 1739147?1625766572 第 1 次 获取到号码【1739147】GSD
2021-07-09 01:49:49 获取到号码【1739147】的GSD为【陕西-西安】
2021-07-09 01:49:56 GSD insert 第 1 次 等待 1 秒
2021-07-09 01:49:57 {"status":"ok","msg":"添加成功！227016"}
2021-07-09 01:49:57 下次操作: 2021-07-09 01:50:06

2021-07-09 01:50:06 开始第 10 次操作

2021-07-09 01:50:06 开始操作号码 【1739148】
2021-07-09 01:50:21 GSD getOne 第 1 次 等待 1 秒
2021-07-09 01:50:22 查询号码 【1739148】，返回信息 {"status":"bad","msg":""}
2021-07-09 01:50:22 查询号码 【1739148】，GSD为【""】
2021-07-09 01:50:22 bad
2021-07-09 01:50:29 CHB 1739148?1625766622 第 1 次 等待 1 秒
2021-07-09 01:50:30 CHB 1739148?1625766622 第 1 次 获取到号码【1739148】GSD
2021-07-09 01:50:30 获取到号码【1739148】的GSD为【陕西-西安】
2021-07-09 01:50:41 GSD insert 第 1 次 等待 1 秒
2021-07-09 01:50:42 {"status":"ok","msg":"添加成功！227031"}
2021-07-09 01:50:42 下次操作: 2021-07-09 01:50:58

2021-07-09 01:50:58 开始第 11 次操作

2021-07-09 01:50:58 开始操作号码 【1739149】
2021-07-09 01:51:02 GSD getOne 第 1 次 等待 1 秒
2021-07-09 01:51:03 查询号码 【1739149】，返回信息 {"status":"bad","msg":""}
2021-07-09 01:51:03 查询号码 【1739149】，GSD为【""】
2021-07-09 01:51:03 bad
2021-07-09 01:51:48 CHB 1739149?1625766663 第 1 次 等待 1 秒
2021-07-09 01:51:49 CHB 1739149?1625766663 第 1 次 获取到号码【1739149】GSD
2021-07-09 01:51:49 获取到号码【1739149】的GSD为【陕西-西安】
2021-07-09 01:51:53 GSD insert 第 1 次 等待 1 秒
2021-07-09 01:51:54 {"status":"ok","msg":"添加成功！227052"}
2021-07-09 01:51:54 下次操作: 2021-07-09 01:52:04

2021-07-09 01:52:04 开始第 12 次操作

2021-07-09 01:52:04 开始操作号码 【1739150】
2021-07-09 01:52:15 GSD getOne 第 1 次 等待 1 秒
2021-07-09 01:52:16 查询号码 【1739150】，返回信息 {"status":"bad","msg":""}
2021-07-09 01:52:16 查询号码 【1739150】，GSD为【""】
2021-07-09 01:52:16 bad
2021-07-09 01:52:18 CHB 1739150?1625766736 第 1 次 等待 1 秒
2021-07-09 01:52:19 CHB 1739150?1625766736 第 1 次 获取到号码【1739150】GSD
2021-07-09 01:52:19 获取到号码【1739150】的GSD为【陕西-宝鸡】
2021-07-09 01:52:38 GSD insert 第 1 次 等待 1 秒
2021-07-09 01:52:39 {"status":"ok","msg":"添加成功！227062"}
2021-07-09 01:52:39 下次操作: 2021-07-09 01:52:53

2021-07-09 01:52:53 开始第 13 次操作

2021-07-09 01:52:53 开始操作号码 【1739151】
2021-07-09 01:52:58 GSD getOne 第 1 次 等待 1 秒
2021-07-09 01:52:59 查询号码 【1739151】，返回信息 {"status":"bad","msg":""}
2021-07-09 01:52:59 查询号码 【1739151】，GSD为【""】
2021-07-09 01:52:59 bad
2021-07-09 01:53:11 CHB 1739151?1625766779 第 1 次 等待 1 秒
2021-07-09 01:53:12 CHB 1739151?1625766779 第 1 次 获取到号码【1739151】GSD
2021-07-09 01:53:12 获取到号码【1739151】的GSD为【陕西-宝鸡】
2021-07-09 01:53:19 GSD insert 第 1 次 等待 1 秒
2021-07-09 01:53:20 {"status":"ok","msg":"添加成功！227074"}
2021-07-09 01:53:20 下次操作: 2021-07-09 01:53:33

2021-07-09 01:53:33 开始第 14 次操作

2021-07-09 01:53:33 开始操作号码 【1739152】
2021-07-09 01:53:40 GSD getOne 第 1 次 等待 1 秒
2021-07-09 01:53:41 查询号码 【1739152】，返回信息 {"status":"bad","msg":""}
2021-07-09 01:53:41 查询号码 【1739152】，GSD为【""】
2021-07-09 01:53:41 bad
2021-07-09 01:53:45 CHB 1739152?1625766821 第 1 次 等待 1 秒
2021-07-09 01:53:46 CHB 1739152?1625766821 第 1 次 获取到号码【1739152】GSD
2021-07-09 01:53:46 获取到号码【1739152】的GSD为【陕西-宝鸡】
2021-07-09 01:54:07 GSD insert 第 1 次 等待 1 秒
2021-07-09 01:54:08 {"status":"ok","msg":"添加成功！227087"}
2021-07-09 01:54:08 下次操作: 2021-07-09 01:54:17

2021-07-09 01:54:17 开始第 15 次操作

2021-07-09 01:54:17 开始操作号码 【1739153】
2021-07-09 01:54:29 GSD getOne 第 1 次 等待 1 秒
2021-07-09 01:54:30 查询号码 【1739153】，返回信息 {"status":"bad","msg":""}
2021-07-09 01:54:30 查询号码 【1739153】，GSD为【""】
2021-07-09 01:54:30 bad
2021-07-09 01:54:31 CHB 1739153?1625766870 第 1 次 等待 1 秒
2021-07-09 01:54:32 CHB 1739153?1625766870 第 1 次 获取到号码【1739153】GSD
2021-07-09 01:54:33 获取到号码【1739153】的GSD为【陕西-宝鸡】
2021-07-09 01:55:08 GSD insert 第 1 次 等待 1 秒
2021-07-09 01:55:09 {"status":"ok","msg":"添加成功！227105"}
2021-07-09 01:55:09 下次操作: 2021-07-09 01:55:18

2021-07-09 01:55:18 开始第 16 次操作

2021-07-09 01:55:18 开始操作号码 【1739154】
2021-07-09 01:55:29 GSD getOne 第 1 次 等待 1 秒
2021-07-09 01:55:30 查询号码 【1739154】，返回信息 {"status":"bad","msg":""}
2021-07-09 01:55:30 查询号码 【1739154】，GSD为【""】
2021-07-09 01:55:30 bad
2021-07-09 01:55:33 CHB 1739154?1625766930 第 1 次 等待 1 秒
2021-07-09 01:55:34 CHB 1739154?1625766930 第 1 次 获取到号码【1739154】GSD
2021-07-09 01:55:34 获取到号码【1739154】的GSD为【陕西-宝鸡】
2021-07-09 01:55:53 GSD insert 第 1 次 等待 1 秒
2021-07-09 01:55:54 {"status":"ok","msg":"添加成功！227118"}
2021-07-09 01:55:54 下次操作: 2021-07-09 01:56:05

2021-07-09 01:56:05 开始第 17 次操作

2021-07-09 01:56:05 开始操作号码 【1739155】
2021-07-09 01:56:16 GSD getOne 第 1 次 等待 1 秒
2021-07-09 01:56:17 查询号码 【1739155】，返回信息 {"status":"bad","msg":""}
2021-07-09 01:56:17 查询号码 【1739155】，GSD为【""】
2021-07-09 01:56:17 bad
2021-07-09 01:56:26 CHB 1739155?1625766977 第 1 次 等待 1 秒
2021-07-09 01:56:27 CHB 1739155?1625766977 第 1 次 获取到号码【1739155】GSD
2021-07-09 01:56:27 获取到号码【1739155】的GSD为【陕西-宝鸡】
2021-07-09 01:56:39 GSD insert 第 1 次 等待 1 秒
2021-07-09 01:56:40 {"status":"ok","msg":"添加成功！227131"}
2021-07-09 01:56:40 下次操作: 2021-07-09 01:56:55

2021-07-09 01:56:55 开始第 18 次操作

2021-07-09 01:56:55 开始操作号码 【1739156】
2021-07-09 01:56:59 GSD getOne 第 1 次 等待 1 秒
2021-07-09 01:57:00 查询号码 【1739156】，返回信息 {"status":"bad","msg":""}
2021-07-09 01:57:00 查询号码 【1739156】，GSD为【""】
2021-07-09 01:57:00 bad
2021-07-09 01:57:45 CHB 1739156?1625767020 第 1 次 等待 1 秒
2021-07-09 01:57:46 CHB 1739156?1625767020 第 1 次 获取到号码【1739156】GSD
2021-07-09 01:57:46 获取到号码【1739156】的GSD为【陕西-宝鸡】
2021-07-09 01:57:50 GSD insert 第 1 次 等待 1 秒
2021-07-09 01:57:51 {"status":"ok","msg":"添加成功！227151"}
2021-07-09 01:57:51 下次操作: 2021-07-09 01:58:06

2021-07-09 01:58:06 开始第 19 次操作

2021-07-09 01:58:06 开始操作号码 【1739157】
2021-07-09 01:58:10 GSD getOne 第 1 次 等待 1 秒
2021-07-09 01:58:11 查询号码 【1739157】，返回信息 {"status":"bad","msg":""}
2021-07-09 01:58:11 查询号码 【1739157】，GSD为【""】
2021-07-09 01:58:11 bad
2021-07-09 01:58:13 CHB 1739157?1625767091 第 1 次 等待 1 秒
2021-07-09 01:58:14 CHB 1739157?1625767091 第 1 次 获取到号码【1739157】GSD
2021-07-09 01:58:14 获取到号码【1739157】的GSD为【陕西-宝鸡】
2021-07-09 01:58:33 GSD insert 第 1 次 等待 1 秒
2021-07-09 01:58:34 {"status":"ok","msg":"添加成功！227165"}
2021-07-09 01:58:34 下次操作: 2021-07-09 01:58:44

2021-07-09 01:58:44 开始第 20 次操作

2021-07-09 01:58:44 开始操作号码 【1739158】
2021-07-09 01:58:55 GSD getOne 第 1 次 等待 1 秒
2021-07-09 01:58:56 查询号码 【1739158】，返回信息 {"status":"bad","msg":""}
2021-07-09 01:58:56 查询号码 【1739158】，GSD为【""】
2021-07-09 01:58:56 bad
2021-07-09 01:59:19 CHB 1739158?1625767136 第 1 次 等待 1 秒
2021-07-09 01:59:20 CHB 1739158?1625767136 第 1 次 获取到号码【1739158】GSD
2021-07-09 01:59:20 获取到号码【1739158】的GSD为【陕西-西安】
2021-07-09 01:59:28 GSD insert 第 1 次 等待 1 秒
2021-07-09 01:59:29 {"status":"ok","msg":"添加成功！227178"}
2021-07-09 01:59:29 下次操作: 2021-07-09 01:59:39

2021-07-09 01:59:39 开始第 21 次操作

2021-07-09 01:59:39 开始操作号码 【1739159】
2021-07-09 01:59:56 GSD getOne 第 1 次 等待 1 秒
2021-07-09 01:59:57 查询号码 【1739159】，返回信息 {"status":"bad","msg":""}
2021-07-09 01:59:57 查询号码 【1739159】，GSD为【""】
2021-07-09 01:59:57 bad
2021-07-09 02:00:00 CHB 1739159?1625767197 第 1 次 等待 1 秒
2021-07-09 02:00:01 CHB 1739159?1625767197 第 1 次 获取到号码【1739159】GSD
2021-07-09 02:00:01 获取到号码【1739159】的GSD为【陕西-渭南】
2021-07-09 02:00:21 GSD insert 第 1 次 等待 1 秒
2021-07-09 02:00:22 {"status":"ok","msg":"添加成功！227190"}
2021-07-09 02:00:22 下次操作: 2021-07-09 02:00:31

2021-07-09 02:00:31 开始第 22 次操作

2021-07-09 02:00:31 开始操作号码 【1739160】
2021-07-09 02:00:44 GSD getOne 第 1 次 等待 1 秒
2021-07-09 02:00:45 查询号码 【1739160】，返回信息 {"status":"bad","msg":""}
2021-07-09 02:00:45 查询号码 【1739160】，GSD为【""】
2021-07-09 02:00:45 bad
2021-07-09 02:00:47 CHB 1739160?1625767245 第 1 次 等待 1 秒
2021-07-09 02:00:48 CHB 1739160?1625767245 第 1 次 获取到号码【1739160】GSD
2021-07-09 02:00:48 获取到号码【1739160】的GSD为【陕西-西安】
2021-07-09 02:01:07 GSD insert 第 1 次 等待 1 秒
2021-07-09 02:01:08 {"status":"ok","msg":"添加成功！227199"}
2021-07-09 02:01:08 下次操作: 2021-07-09 02:01:26

2021-07-09 02:01:26 开始第 23 次操作

2021-07-09 02:01:26 开始操作号码 【1739161】
2021-07-09 02:01:34 GSD getOne 第 1 次 等待 1 秒
2021-07-09 02:01:35 查询号码 【1739161】，返回信息 {"status":"bad","msg":""}
2021-07-09 02:01:35 查询号码 【1739161】，GSD为【""】
2021-07-09 02:01:35 bad
2021-07-09 02:01:37 CHB 1739161?1625767295 第 1 次 等待 1 秒
2021-07-09 02:01:38 CHB 1739161?1625767295 第 1 次 获取到号码【1739161】GSD
2021-07-09 02:01:38 获取到号码【1739161】的GSD为【陕西-西安】
2021-07-09 02:01:57 GSD insert 第 1 次 等待 1 秒
2021-07-09 02:01:58 {"status":"ok","msg":"添加成功！227208"}
2021-07-09 02:01:58 下次操作: 2021-07-09 02:02:15

2021-07-09 02:02:15 开始第 24 次操作

2021-07-09 02:02:15 开始操作号码 【1739162】
2021-07-09 02:02:19 GSD getOne 第 1 次 等待 1 秒
2021-07-09 02:02:20 查询号码 【1739162】，返回信息 {"status":"ok","msg":"陕西-西安","time_insert":"2018-11-12 13:44","time_update":"2020-12-08 15:12"}
2021-07-09 02:02:20 查询号码 【1739162】，GSD为【"陕西-西安"】

2021-07-09 02:02:20 开始第 24 次操作

2021-07-09 02:02:20 开始操作号码 【1739163】
2021-07-09 02:02:41 GSD getOne 第 1 次 等待 1 秒
2021-07-09 02:02:42 查询号码 【1739163】，返回信息 {"status":"ok","msg":"陕西-西安","time_insert":"2020-08-04 15:51","time_update":"2020-12-08 15:08"}
2021-07-09 02:02:42 查询号码 【1739163】，GSD为【"陕西-西安"】

2021-07-09 02:02:42 开始第 24 次操作

2021-07-09 02:02:42 开始操作号码 【1739164】
2021-07-09 02:03:01 GSD getOne 第 1 次 等待 1 秒
2021-07-09 02:03:02 查询号码 【1739164】，返回信息 {"status":"bad","msg":""}
2021-07-09 02:03:02 查询号码 【1739164】，GSD为【""】
2021-07-09 02:03:02 bad
2021-07-09 02:03:14 CHB 1739164?1625767382 第 1 次 等待 1 秒
2021-07-09 02:03:15 CHB 1739164?1625767382 第 1 次 获取到号码【1739164】GSD
2021-07-09 02:03:16 获取到号码【1739164】的GSD为【陕西-西安】
2021-07-09 02:03:23 GSD insert 第 1 次 等待 1 秒
2021-07-09 02:03:24 {"status":"ok","msg":"添加成功！227216"}
2021-07-09 02:03:24 下次操作: 2021-07-09 02:03:35

2021-07-09 02:03:35 开始第 25 次操作

2021-07-09 02:03:35 开始操作号码 【1739165】
2021-07-09 02:03:46 GSD getOne 第 1 次 等待 1 秒
2021-07-09 02:03:47 查询号码 【1739165】，返回信息 {"status":"bad","msg":""}
2021-07-09 02:03:47 查询号码 【1739165】，GSD为【""】
2021-07-09 02:03:47 bad
2021-07-09 02:03:51 CHB 1739165?1625767427 第 1 次 等待 1 秒
2021-07-09 02:03:52 CHB 1739165?1625767427 第 1 次 获取到号码【1739165】GSD
2021-07-09 02:03:52 获取到号码【1739165】的GSD为【陕西-西安】
2021-07-09 02:04:11 GSD insert 第 1 次 等待 1 秒
2021-07-09 02:04:12 {"status":"ok","msg":"添加成功！227221"}
2021-07-09 02:04:12 下次操作: 2021-07-09 02:04:24

2021-07-09 02:04:24 开始第 26 次操作

2021-07-09 02:04:24 开始操作号码 【1739166】
2021-07-09 02:04:31 GSD getOne 第 1 次 等待 1 秒
2021-07-09 02:04:32 查询号码 【1739166】，返回信息 {"status":"bad","msg":""}
2021-07-09 02:04:32 查询号码 【1739166】，GSD为【""】
2021-07-09 02:04:32 bad
2021-07-09 02:04:37 CHB 1739166?1625767472 第 1 次 等待 1 秒
2021-07-09 02:04:38 CHB 1739166?1625767472 第 1 次 获取到号码【1739166】GSD
2021-07-09 02:04:38 获取到号码【1739166】的GSD为【陕西-西安】
2021-07-09 02:04:57 GSD insert 第 1 次 等待 1 秒
2021-07-09 02:04:58 {"status":"ok","msg":"添加成功！227226"}
2021-07-09 02:04:58 下次操作: 2021-07-09 02:05:11

2021-07-09 02:05:11 开始第 27 次操作

2021-07-09 02:05:11 开始操作号码 【1739167】
2021-07-09 02:05:18 GSD getOne 第 1 次 等待 1 秒
2021-07-09 02:05:19 查询号码 【1739167】，返回信息 {"status":"bad","msg":""}
2021-07-09 02:05:19 查询号码 【1739167】，GSD为【""】
2021-07-09 02:05:19 bad
2021-07-09 02:05:27 CHB 1739167?1625767519 第 1 次 等待 1 秒
2021-07-09 02:05:28 CHB 1739167?1625767519 第 1 次 获取到号码【1739167】GSD
2021-07-09 02:05:29 获取到号码【1739167】的GSD为【陕西-西安】
2021-07-09 02:05:39 GSD insert 第 1 次 等待 1 秒
2021-07-09 02:05:40 {"status":"ok","msg":"添加成功！227229"}
2021-07-09 02:05:40 下次操作: 2021-07-09 02:05:52

2021-07-09 02:05:52 开始第 28 次操作

2021-07-09 02:05:52 开始操作号码 【1739168】
2021-07-09 02:05:59 GSD getOne 第 1 次 等待 1 秒
2021-07-09 02:06:00 查询号码 【1739168】，返回信息 {"status":"bad","msg":""}
2021-07-09 02:06:01 查询号码 【1739168】，GSD为【""】
2021-07-09 02:06:01 bad
2021-07-09 02:06:07 CHB 1739168?1625767561 第 1 次 等待 1 秒
2021-07-09 02:06:08 CHB 1739168?1625767561 第 1 次 获取到号码【1739168】GSD
2021-07-09 02:06:08 获取到号码【1739168】的GSD为【陕西-西安】
2021-07-09 02:06:19 GSD insert 第 1 次 等待 1 秒
2021-07-09 02:06:20 {"status":"ok","msg":"添加成功！227232"}
2021-07-09 02:06:20 下次操作: 2021-07-09 02:06:33

2021-07-09 02:06:33 开始第 29 次操作

2021-07-09 02:06:33 开始操作号码 【1739169】
2021-07-09 02:06:40 GSD getOne 第 1 次 等待 1 秒
2021-07-09 02:06:41 查询号码 【1739169】，返回信息 {"status":"bad","msg":""}
2021-07-09 02:06:41 查询号码 【1739169】，GSD为【""】
2021-07-09 02:06:41 bad
2021-07-09 02:06:47 CHB 1739169?1625767601 第 1 次 等待 1 秒
2021-07-09 02:06:48 CHB 1739169?1625767601 第 1 次 获取到号码【1739169】GSD
2021-07-09 02:06:48 获取到号码【1739169】的GSD为【陕西-西安】
2021-07-09 02:07:07 GSD insert 第 1 次 等待 1 秒
2021-07-09 02:07:08 {"status":"ok","msg":"添加成功！227235"}
2021-07-09 02:07:08 下次操作: 2021-07-09 02:07:23

2021-07-09 02:07:23 开始第 30 次操作

2021-07-09 02:07:23 开始操作号码 【1739170】
2021-07-09 02:07:27 GSD getOne 第 1 次 等待 1 秒
2021-07-09 02:07:28 查询号码 【1739170】，返回信息 {"status":"bad","msg":""}
2021-07-09 02:07:28 查询号码 【1739170】，GSD为【""】
2021-07-09 02:07:28 bad
2021-07-09 02:07:30 CHB 1739170?1625767648 第 1 次 等待 1 秒
2021-07-09 02:07:31 CHB 1739170?1625767648 第 1 次 获取到号码【1739170】GSD
2021-07-09 02:07:31 获取到号码【1739170】的GSD为【陕西-西安】
2021-07-09 02:07:50 GSD insert 第 1 次 等待 1 秒
2021-07-09 02:07:51 {"status":"ok","msg":"添加成功！227237"}

2021-07-09 02:54:45 开始第 1 次操作

2021-07-09 02:54:45 开始操作号码 【1739171】
2021-07-09 02:54:49 GSD getOne 第 1 次 等待 1 秒
2021-07-09 02:54:50 查询号码 【1739171】，返回信息 {"status":"bad","msg":""}
2021-07-09 02:54:50 查询号码 【1739171】，GSD为【""】
2021-07-09 02:54:50 bad
2021-07-09 02:54:52 CHB 1739171?1625770490 第 1 次 等待 1 秒
2021-07-09 02:54:53 CHB 1739171?1625770490 第 1 次 获取到号码【1739171】GSD
2021-07-09 02:54:53 获取到号码【1739171】的GSD为【陕西-西安】
2021-07-09 02:55:13 GSD insert 第 1 次 等待 1 秒
2021-07-09 02:55:14 {"status":"ok","msg":"添加成功！227400"}
2021-07-09 02:55:14 下次操作: 2021-07-09 02:55:24

2021-07-09 02:55:24 开始第 2 次操作

2021-07-09 02:55:24 开始操作号码 【1739172】
2021-07-09 02:55:35 GSD getOne 第 1 次 等待 1 秒
2021-07-09 02:55:36 查询号码 【1739172】，返回信息 {"status":"bad","msg":""}
2021-07-09 02:55:36 查询号码 【1739172】，GSD为【""】
2021-07-09 02:55:36 bad
2021-07-09 02:55:46 CHB 1739172?1625770536 第 1 次 等待 1 秒
2021-07-09 02:55:47 CHB 1739172?1625770536 第 1 次 获取到号码【1739172】GSD
2021-07-09 02:55:47 获取到号码【1739172】的GSD为【陕西-西安】
2021-07-09 02:55:59 GSD insert 第 1 次 等待 1 秒
2021-07-09 02:56:00 {"status":"ok","msg":"添加成功！227413"}
2021-07-09 02:56:00 下次操作: 2021-07-09 02:56:17

2021-07-09 02:56:17 开始第 3 次操作

2021-07-09 02:56:17 开始操作号码 【1739173】
2021-07-09 02:56:21 GSD getOne 第 1 次 等待 1 秒
2021-07-09 02:56:22 查询号码 【1739173】，返回信息 {"status":"ok","msg":"陕西-西安","time_insert":"2018-05-18 22:25","time_update":"2020-12-08 15:04"}
2021-07-09 02:56:22 查询号码 【1739173】，GSD为【"陕西-西安"】

2021-07-09 02:56:22 开始第 3 次操作

2021-07-09 02:56:22 开始操作号码 【1739174】
2021-07-09 02:56:41 GSD getOne 第 1 次 等待 1 秒
2021-07-09 02:56:42 查询号码 【1739174】，返回信息 {"status":"bad","msg":""}
2021-07-09 02:56:42 查询号码 【1739174】，GSD为【""】
2021-07-09 02:56:42 bad
2021-07-09 02:56:44 CHB 1739174?1625770602 第 1 次 等待 1 秒
2021-07-09 02:56:45 CHB 1739174?1625770602 第 1 次 获取到号码【1739174】GSD
2021-07-09 02:56:45 获取到号码【1739174】的GSD为【陕西-西安】
2021-07-09 02:57:04 GSD insert 第 1 次 等待 1 秒
2021-07-09 02:57:05 {"status":"ok","msg":"添加成功！227433"}
2021-07-09 02:57:05 下次操作: 2021-07-09 02:57:21

2021-07-09 02:57:21 开始第 4 次操作

2021-07-09 02:57:21 开始操作号码 【1739175】
2021-07-09 02:57:27 GSD getOne 第 1 次 等待 1 秒
2021-07-09 02:57:28 查询号码 【1739175】，返回信息 {"status":"bad","msg":""}
2021-07-09 02:57:28 查询号码 【1739175】，GSD为【""】
2021-07-09 02:57:28 bad
2021-07-09 02:57:34 CHB 1739175?1625770648 第 1 次 等待 1 秒
2021-07-09 02:57:35 CHB 1739175?1625770648 第 1 次 获取到号码【1739175】GSD
2021-07-09 02:57:35 获取到号码【1739175】的GSD为【陕西-西安】
2021-07-09 02:57:46 GSD insert 第 1 次 等待 1 秒
2021-07-09 02:57:47 {"status":"ok","msg":"添加成功！227442"}
2021-07-09 02:57:47 下次操作: 2021-07-09 02:57:54

2021-07-09 02:57:54 开始第 5 次操作

2021-07-09 02:57:54 开始操作号码 【1739176】
2021-07-09 02:58:13 GSD getOne 第 1 次 等待 1 秒
2021-07-09 02:58:14 查询号码 【1739176】，返回信息 {"status":"bad","msg":""}
2021-07-09 02:58:14 查询号码 【1739176】，GSD为【""】
2021-07-09 02:58:14 bad
2021-07-09 02:58:21 CHB 1739176?1625770694 第 1 次 等待 1 秒
2021-07-09 02:58:22 CHB 1739176?1625770694 第 1 次 获取到号码【1739176】GSD
2021-07-09 02:58:22 获取到号码【1739176】的GSD为【陕西-西安】
2021-07-09 02:58:33 GSD insert 第 1 次 等待 1 秒
2021-07-09 02:58:34 {"status":"ok","msg":"添加成功！227457"}
2021-07-09 02:58:34 下次操作: 2021-07-09 02:58:42

2021-07-09 02:58:42 开始第 6 次操作

2021-07-09 02:58:42 开始操作号码 【1739177】
2021-07-09 02:58:54 GSD getOne 第 1 次 等待 1 秒
2021-07-09 02:58:55 查询号码 【1739177】，返回信息 {"status":"bad","msg":""}
2021-07-09 02:58:55 查询号码 【1739177】，GSD为【""】
2021-07-09 02:58:55 bad
2021-07-09 02:58:57 CHB 1739177?1625770735 第 1 次 等待 1 秒
2021-07-09 02:58:58 CHB 1739177?1625770735 第 1 次 获取到号码【1739177】GSD
2021-07-09 02:58:58 获取到号码【1739177】的GSD为【陕西-西安】
2021-07-09 02:59:17 GSD insert 第 1 次 等待 1 秒
2021-07-09 02:59:18 {"status":"ok","msg":"添加成功！227466"}
2021-07-09 02:59:18 下次操作: 2021-07-09 02:59:35

2021-07-09 02:59:35 开始第 7 次操作

2021-07-09 02:59:35 开始操作号码 【1739178】
2021-07-09 02:59:39 GSD getOne 第 1 次 等待 1 秒
2021-07-09 02:59:40 查询号码 【1739178】，返回信息 {"status":"bad","msg":""}
2021-07-09 02:59:40 查询号码 【1739178】，GSD为【""】
2021-07-09 02:59:40 bad
2021-07-09 02:59:42 CHB 1739178?1625770780 第 1 次 等待 1 秒
2021-07-09 02:59:43 CHB 1739178?1625770780 第 1 次 获取到号码【1739178】GSD
2021-07-09 02:59:43 获取到号码【1739178】的GSD为【陕西-西安】
2021-07-09 03:00:02 GSD insert 第 1 次 等待 1 秒
2021-07-09 03:00:03 {"status":"ok","msg":"添加成功！227479"}
2021-07-09 03:00:03 下次操作: 2021-07-09 03:00:10

2021-07-09 03:00:10 开始第 8 次操作

2021-07-09 03:00:10 开始操作号码 【1739179】
2021-07-09 03:00:29 GSD getOne 第 1 次 等待 1 秒
2021-07-09 03:00:30 查询号码 【1739179】，返回信息 {"status":"bad","msg":""}
2021-07-09 03:00:30 查询号码 【1739179】，GSD为【""】
2021-07-09 03:00:30 bad
2021-07-09 03:00:32 CHB 1739179?1625770830 第 1 次 等待 1 秒
2021-07-09 03:00:33 CHB 1739179?1625770830 第 1 次 获取到号码【1739179】GSD
2021-07-09 03:00:33 获取到号码【1739179】的GSD为【陕西-西安】
2021-07-09 03:00:52 GSD insert 第 1 次 等待 1 秒
2021-07-09 03:00:53 {"status":"ok","msg":"添加成功！227490"}
2021-07-09 03:00:53 下次操作: 2021-07-09 03:01:08

2021-07-09 03:01:08 开始第 9 次操作

2021-07-09 03:01:08 开始操作号码 【1739180】
2021-07-09 03:01:12 GSD getOne 第 1 次 等待 1 秒
2021-07-09 03:01:13 查询号码 【1739180】，返回信息 {"status":"bad","msg":""}
2021-07-09 03:01:13 查询号码 【1739180】，GSD为【""】
2021-07-09 03:01:13 bad
2021-07-09 03:01:15 CHB 1739180?1625770873 第 1 次 等待 1 秒
2021-07-09 03:01:16 CHB 1739180?1625770873 第 1 次 获取到号码【1739180】GSD
2021-07-09 03:01:16 获取到号码【1739180】的GSD为【陕西-西安】
2021-07-09 03:01:35 GSD insert 第 1 次 等待 1 秒
2021-07-09 03:01:36 {"status":"ok","msg":"添加成功！227499"}
2021-07-09 03:01:36 下次操作: 2021-07-09 03:01:46

2021-07-09 03:01:46 开始第 10 次操作

2021-07-09 03:01:46 开始操作号码 【1739181】
2021-07-09 03:01:58 GSD getOne 第 1 次 等待 1 秒
2021-07-09 03:01:59 查询号码 【1739181】，返回信息 {"status":"bad","msg":""}
2021-07-09 03:01:59 查询号码 【1739181】，GSD为【""】
2021-07-09 03:01:59 bad
2021-07-09 03:02:04 CHB 1739181?1625770919 第 1 次 等待 1 秒
2021-07-09 03:02:05 CHB 1739181?1625770919 第 1 次 获取到号码【1739181】GSD
2021-07-09 03:02:05 获取到号码【1739181】的GSD为【陕西-西安】
2021-07-09 03:02:24 GSD insert 第 1 次 等待 1 秒
2021-07-09 03:02:25 {"status":"ok","msg":"添加成功！227507"}
2021-07-09 03:02:25 下次操作: 2021-07-09 03:02:39

2021-07-09 03:02:39 开始第 11 次操作

2021-07-09 03:02:39 开始操作号码 【1739182】
2021-07-09 03:02:44 GSD getOne 第 1 次 等待 1 秒
2021-07-09 03:02:45 查询号码 【1739182】，返回信息 {"status":"bad","msg":""}
2021-07-09 03:02:45 查询号码 【1739182】，GSD为【""】
2021-07-09 03:02:45 bad
2021-07-09 03:02:47 CHB 1739182?1625770965 第 1 次 等待 1 秒
2021-07-09 03:02:48 CHB 1739182?1625770965 第 1 次 获取到号码【1739182】GSD
2021-07-09 03:02:48 获取到号码【1739182】的GSD为【陕西-西安】
2021-07-09 03:03:07 GSD insert 第 1 次 等待 1 秒
2021-07-09 03:03:08 {"status":"ok","msg":"添加成功！227517"}
2021-07-09 03:03:08 下次操作: 2021-07-09 03:03:15

2021-07-09 03:03:15 开始第 12 次操作

2021-07-09 03:03:15 开始操作号码 【1739183】
2021-07-09 03:03:34 GSD getOne 第 1 次 等待 1 秒
2021-07-09 03:03:35 查询号码 【1739183】，返回信息 {"status":"bad","msg":""}
2021-07-09 03:03:35 查询号码 【1739183】，GSD为【""】
2021-07-09 03:03:35 bad
2021-07-09 03:03:40 CHB 1739183?1625771015 第 1 次 等待 1 秒
2021-07-09 03:03:41 CHB 1739183?1625771015 第 1 次 获取到号码【1739183】GSD
2021-07-09 03:03:41 获取到号码【1739183】的GSD为【陕西-西安】
2021-07-09 03:04:00 GSD insert 第 1 次 等待 1 秒
2021-07-09 03:04:01 {"status":"ok","msg":"添加成功！227523"}
2021-07-09 03:04:01 下次操作: 2021-07-09 03:04:09

2021-07-09 03:04:09 开始第 13 次操作

2021-07-09 03:04:09 开始操作号码 【1739184】
2021-07-09 03:04:20 GSD getOne 第 1 次 等待 1 秒
2021-07-09 03:04:21 查询号码 【1739184】，返回信息 {"status":"bad","msg":""}
2021-07-09 03:04:21 查询号码 【1739184】，GSD为【""】
2021-07-09 03:04:21 bad
2021-07-09 03:04:27 CHB 1739184?1625771061 第 1 次 等待 1 秒
2021-07-09 03:04:28 CHB 1739184?1625771061 第 1 次 获取到号码【1739184】GSD
2021-07-09 03:04:28 获取到号码【1739184】的GSD为【陕西-西安】
2021-07-09 03:04:47 GSD insert 第 1 次 等待 1 秒
2021-07-09 03:04:48 {"status":"ok","msg":"添加成功！227528"}
2021-07-09 03:04:48 下次操作: 2021-07-09 03:04:59

2021-07-09 03:04:59 开始第 14 次操作

2021-07-09 03:04:59 开始操作号码 【1739185】
2021-07-09 03:05:10 GSD getOne 第 1 次 等待 1 秒
2021-07-09 03:05:11 查询号码 【1739185】，返回信息 {"status":"bad","msg":""}
2021-07-09 03:05:11 查询号码 【1739185】，GSD为【""】
2021-07-09 03:05:12 bad
2021-07-09 03:05:18 CHB 1739185?1625771112 第 1 次 等待 1 秒
2021-07-09 03:05:19 CHB 1739185?1625771112 第 1 次 获取到号码【1739185】GSD
2021-07-09 03:05:19 获取到号码【1739185】的GSD为【陕西-西安】
2021-07-09 03:05:30 GSD insert 第 1 次 等待 1 秒
2021-07-09 03:05:31 {"status":"ok","msg":"添加成功！227534"}
2021-07-09 03:05:31 下次操作: 2021-07-09 03:05:39

2021-07-09 03:05:39 开始第 15 次操作

2021-07-09 03:05:39 开始操作号码 【1739186】
2021-07-09 03:05:50 GSD getOne 第 1 次 等待 1 秒
2021-07-09 03:05:51 查询号码 【1739186】，返回信息 {"status":"bad","msg":""}
2021-07-09 03:05:51 查询号码 【1739186】，GSD为【""】
2021-07-09 03:05:51 bad
2021-07-09 03:05:53 CHB 1739186?1625771151 第 1 次 等待 1 秒
2021-07-09 03:05:54 CHB 1739186?1625771151 第 1 次 获取到号码【1739186】GSD
2021-07-09 03:05:54 获取到号码【1739186】的GSD为【陕西-西安】
2021-07-09 03:06:13 GSD insert 第 1 次 等待 1 秒
2021-07-09 03:06:14 {"status":"ok","msg":"添加成功！227539"}
2021-07-09 03:06:14 下次操作: 2021-07-09 03:06:31

2021-07-09 03:06:31 开始第 16 次操作

2021-07-09 03:06:31 开始操作号码 【1739187】
2021-07-09 03:06:35 GSD getOne 第 1 次 等待 1 秒
2021-07-09 03:06:36 查询号码 【1739187】，返回信息 {"status":"bad","msg":""}
2021-07-09 03:06:36 查询号码 【1739187】，GSD为【""】
2021-07-09 03:06:36 bad
2021-07-09 03:06:37 CHB 1739187?1625771196 第 1 次 等待 1 秒
2021-07-09 03:06:38 CHB 1739187?1625771196 第 1 次 获取到号码【1739187】GSD
2021-07-09 03:06:39 获取到号码【1739187】的GSD为【陕西-西安】
2021-07-09 03:06:58 GSD insert 第 1 次 等待 1 秒
2021-07-09 03:06:59 {"status":"ok","msg":"添加成功！227544"}
2021-07-09 03:06:59 下次操作: 2021-07-09 03:07:08

2021-07-09 03:07:08 开始第 17 次操作

2021-07-09 03:07:08 开始操作号码 【1739188】
2021-07-09 03:07:19 GSD getOne 第 1 次 等待 1 秒
2021-07-09 03:07:20 查询号码 【1739188】，返回信息 {"status":"bad","msg":""}
2021-07-09 03:07:20 查询号码 【1739188】，GSD为【""】
2021-07-09 03:07:20 bad
2021-07-09 03:07:28 CHB 1739188?1625771240 第 1 次 等待 1 秒
2021-07-09 03:07:29 CHB 1739188?1625771240 第 1 次 获取到号码【1739188】GSD
2021-07-09 03:07:29 获取到号码【1739188】的GSD为【陕西-西安】
2021-07-09 03:07:40 GSD insert 第 1 次 等待 1 秒
2021-07-09 03:07:41 {"status":"ok","msg":"添加成功！227549"}
2021-07-09 03:07:41 下次操作: 2021-07-09 03:07:58

2021-07-09 03:07:58 开始第 18 次操作

2021-07-09 03:07:58 开始操作号码 【1739189】
2021-07-09 03:08:02 GSD getOne 第 1 次 等待 1 秒
2021-07-09 03:08:03 查询号码 【1739189】，返回信息 {"status":"bad","msg":""}
2021-07-09 03:08:03 查询号码 【1739189】，GSD为【""】
2021-07-09 03:08:03 bad
2021-07-09 03:08:05 CHB 1739189?1625771283 第 1 次 等待 1 秒
2021-07-09 03:08:06 CHB 1739189?1625771283 第 1 次 获取到号码【1739189】GSD
2021-07-09 03:08:06 获取到号码【1739189】的GSD为【陕西-西安】
2021-07-09 03:08:25 GSD insert 第 1 次 等待 1 秒
2021-07-09 03:08:26 {"status":"ok","msg":"添加成功！227554"}
2021-07-09 03:08:26 下次操作: 2021-07-09 03:08:33

2021-07-09 03:08:33 开始第 19 次操作

2021-07-09 03:08:33 开始操作号码 【1739190】
2021-07-09 03:08:53 GSD getOne 第 1 次 等待 1 秒
2021-07-09 03:08:54 查询号码 【1739190】，返回信息 {"status":"bad","msg":""}
2021-07-09 03:08:54 查询号码 【1739190】，GSD为【""】
2021-07-09 03:08:54 bad
2021-07-09 03:08:59 CHB 1739190?1625771334 第 1 次 等待 1 秒
2021-07-09 03:09:00 CHB 1739190?1625771334 第 1 次 获取到号码【1739190】GSD
2021-07-09 03:09:00 获取到号码【1739190】的GSD为【陕西-西安】
2021-07-09 03:09:20 GSD insert 第 1 次 等待 1 秒
2021-07-09 03:09:21 {"status":"ok","msg":"添加成功！227562"}
2021-07-09 03:09:21 下次操作: 2021-07-09 03:09:32

2021-07-09 03:09:32 开始第 20 次操作

2021-07-09 03:09:32 开始操作号码 【1739191】
2021-07-09 03:09:43 GSD getOne 第 1 次 等待 1 秒
2021-07-09 03:09:44 查询号码 【1739191】，返回信息 {"status":"bad","msg":""}
2021-07-09 03:09:44 查询号码 【1739191】，GSD为【""】
2021-07-09 03:09:44 bad
2021-07-09 03:09:46 CHB 1739191?1625771384 第 1 次 等待 1 秒
2021-07-09 03:09:47 CHB 1739191?1625771384 第 1 次 获取到号码【1739191】GSD
2021-07-09 03:09:47 获取到号码【1739191】的GSD为【陕西-西安】
2021-07-09 03:10:06 GSD insert 第 1 次 等待 1 秒
2021-07-09 03:10:07 {"status":"ok","msg":"添加成功！227568"}
2021-07-09 03:10:07 下次操作: 2021-07-09 03:10:19

2021-07-09 03:10:19 开始第 21 次操作

2021-07-09 03:10:19 开始操作号码 【1739192】
2021-07-09 03:10:26 GSD getOne 第 1 次 等待 1 秒
2021-07-09 03:10:27 查询号码 【1739192】，返回信息 {"status":"bad","msg":""}
2021-07-09 03:10:27 查询号码 【1739192】，GSD为【""】
2021-07-09 03:10:27 bad
2021-07-09 03:10:31 CHB 1739192?1625771427 第 1 次 等待 1 秒
2021-07-09 03:10:32 CHB 1739192?1625771427 第 1 次 获取到号码【1739192】GSD
2021-07-09 03:10:32 获取到号码【1739192】的GSD为【陕西-西安】
2021-07-09 03:10:51 GSD insert 第 1 次 等待 1 秒
2021-07-09 03:10:52 {"status":"ok","msg":"添加成功！227573"}
2021-07-09 03:10:52 下次操作: 2021-07-09 03:11:04

2021-07-09 03:11:04 开始第 22 次操作

2021-07-09 03:11:04 开始操作号码 【1739193】
2021-07-09 03:11:10 GSD getOne 第 1 次 等待 1 秒
2021-07-09 03:11:11 查询号码 【1739193】，返回信息 {"status":"bad","msg":""}
2021-07-09 03:11:11 查询号码 【1739193】，GSD为【""】
2021-07-09 03:11:11 bad
2021-07-09 03:11:13 CHB 1739193?1625771471 第 1 次 等待 1 秒
2021-07-09 03:11:14 CHB 1739193?1625771471 第 1 次 获取到号码【1739193】GSD
2021-07-09 03:11:14 获取到号码【1739193】的GSD为【陕西-西安】
2021-07-09 03:11:34 GSD insert 第 1 次 等待 1 秒
2021-07-09 03:11:35 {"status":"ok","msg":"添加成功！227577"}
2021-07-09 03:11:35 下次操作: 2021-07-09 03:11:45

2021-07-09 03:11:45 开始第 23 次操作

2021-07-09 03:11:45 开始操作号码 【1739194】
2021-07-09 03:11:56 GSD getOne 第 1 次 等待 1 秒
2021-07-09 03:11:57 查询号码 【1739194】，返回信息 {"status":"bad","msg":""}
2021-07-09 03:11:57 查询号码 【1739194】，GSD为【""】
2021-07-09 03:11:57 bad
2021-07-09 03:11:59 CHB 1739194?1625771517 第 1 次 等待 1 秒
2021-07-09 03:12:00 CHB 1739194?1625771517 第 1 次 获取到号码【1739194】GSD
2021-07-09 03:12:00 获取到号码【1739194】的GSD为【陕西-西安】
2021-07-09 03:12:19 GSD insert 第 1 次 等待 1 秒
2021-07-09 03:12:20 {"status":"ok","msg":"添加成功！227582"}
2021-07-09 03:12:20 下次操作: 2021-07-09 03:12:35

2021-07-09 03:12:35 开始第 24 次操作

2021-07-09 03:12:35 开始操作号码 【1739195】
2021-07-09 03:12:39 GSD getOne 第 1 次 等待 1 秒
2021-07-09 03:12:40 查询号码 【1739195】，返回信息 {"status":"bad","msg":""}
2021-07-09 03:12:40 查询号码 【1739195】，GSD为【""】
2021-07-09 03:12:40 bad
2021-07-09 03:12:42 CHB 1739195?1625771560 第 1 次 等待 1 秒
2021-07-09 03:12:43 CHB 1739195?1625771560 第 1 次 获取到号码【1739195】GSD
2021-07-09 03:12:43 获取到号码【1739195】的GSD为【陕西-西安】
2021-07-09 03:13:02 GSD insert 第 1 次 等待 1 秒
2021-07-09 03:13:04 {"status":"ok","msg":"添加成功！227588"}
2021-07-09 03:13:04 下次操作: 2021-07-09 03:13:18

2021-07-09 03:13:18 开始第 25 次操作

2021-07-09 03:13:18 开始操作号码 【1739196】
2021-07-09 03:13:22 GSD getOne 第 1 次 等待 1 秒
2021-07-09 03:13:23 查询号码 【1739196】，返回信息 {"status":"bad","msg":""}
2021-07-09 03:13:23 查询号码 【1739196】，GSD为【""】
2021-07-09 03:13:23 bad
2021-07-09 03:13:30 CHB 1739196?1625771603 第 1 次 等待 1 秒
2021-07-09 03:13:31 CHB 1739196?1625771603 第 1 次 获取到号码【1739196】GSD
2021-07-09 03:13:31 获取到号码【1739196】的GSD为【陕西-西安】
2021-07-09 03:13:42 GSD insert 第 1 次 等待 1 秒
2021-07-09 03:13:43 {"status":"ok","msg":"添加成功！227593"}
2021-07-09 03:13:43 下次操作: 2021-07-09 03:13:51

2021-07-09 03:13:51 开始第 26 次操作

2021-07-09 03:13:51 开始操作号码 【1739197】
2021-07-09 03:14:02 GSD getOne 第 1 次 等待 1 秒
2021-07-09 03:14:03 查询号码 【1739197】，返回信息 {"status":"bad","msg":""}
2021-07-09 03:14:03 查询号码 【1739197】，GSD为【""】
2021-07-09 03:14:03 bad
2021-07-09 03:14:06 CHB 1739197?1625771643 第 1 次 等待 1 秒
2021-07-09 03:14:07 CHB 1739197?1625771643 第 1 次 获取到号码【1739197】GSD
2021-07-09 03:14:07 获取到号码【1739197】的GSD为【陕西-西安】
2021-07-09 03:14:26 GSD insert 第 1 次 等待 1 秒
2021-07-09 03:14:27 {"status":"ok","msg":"添加成功！227598"}
2021-07-09 03:14:27 下次操作: 2021-07-09 03:14:34

2021-07-09 03:14:34 开始第 27 次操作

2021-07-09 03:14:34 开始操作号码 【1739198】
2021-07-09 03:14:53 GSD getOne 第 1 次 等待 1 秒
2021-07-09 03:14:54 查询号码 【1739198】，返回信息 {"status":"bad","msg":""}
2021-07-09 03:14:54 查询号码 【1739198】，GSD为【""】
2021-07-09 03:14:54 bad
2021-07-09 03:15:00 CHB 1739198?1625771694 第 1 次 等待 1 秒
2021-07-09 03:15:01 CHB 1739198?1625771694 第 1 次 获取到号码【1739198】GSD
2021-07-09 03:15:01 获取到号码【1739198】的GSD为【陕西-西安】
2021-07-09 03:15:20 GSD insert 第 1 次 等待 1 秒
2021-07-09 03:15:21 {"status":"ok","msg":"添加成功！227602"}
2021-07-09 03:15:21 下次操作: 2021-07-09 03:15:35

2021-07-09 03:15:35 开始第 28 次操作

2021-07-09 03:15:35 开始操作号码 【1739199】
2021-07-09 03:15:40 GSD getOne 第 1 次 等待 1 秒
2021-07-09 03:15:41 查询号码 【1739199】，返回信息 {"status":"bad","msg":""}
2021-07-09 03:15:41 查询号码 【1739199】，GSD为【""】
2021-07-09 03:15:41 bad
2021-07-09 03:15:43 CHB 1739199?1625771741 第 1 次 等待 1 秒
2021-07-09 03:15:44 CHB 1739199?1625771741 第 1 次 获取到号码【1739199】GSD
2021-07-09 03:15:44 获取到号码【1739199】的GSD为【陕西-西安】
2021-07-09 03:16:03 GSD insert 第 1 次 等待 1 秒
2021-07-09 03:16:04 {"status":"ok","msg":"添加成功！227607"}
2021-07-09 03:16:04 下次操作: 2021-07-09 03:16:12

2021-07-09 03:16:12 开始第 29 次操作

2021-07-09 03:16:12 开始操作号码 【1739200】
2021-07-09 03:16:23 GSD getOne 第 1 次 等待 1 秒
2021-07-09 03:16:24 查询号码 【1739200】，返回信息 {"status":"bad","msg":""}
2021-07-09 03:16:24 查询号码 【1739200】，GSD为【""】
2021-07-09 03:16:24 bad
2021-07-09 03:16:29 CHB 1739200?1625771784 第 1 次 等待 1 秒
2021-07-09 03:16:30 CHB 1739200?1625771784 第 1 次 获取到号码【1739200】GSD
2021-07-09 03:16:31 获取到号码【1739200】的GSD为【陕西-安康】
2021-07-09 03:16:50 GSD insert 第 1 次 等待 1 秒
2021-07-09 03:16:51 {"status":"ok","msg":"添加成功！227612"}
2021-07-09 03:16:51 下次操作: 2021-07-09 03:17:00

2021-07-09 03:17:00 开始第 30 次操作

2021-07-09 03:17:00 开始操作号码 【1739201】
2021-07-09 03:17:10 GSD getOne 第 1 次 等待 1 秒
2021-07-09 03:17:12 查询号码 【1739201】，返回信息 {"status":"bad","msg":""}
2021-07-09 03:17:12 查询号码 【1739201】，GSD为【""】
2021-07-09 03:17:12 bad
2021-07-09 03:17:13 CHB 1739201?1625771832 第 1 次 等待 1 秒
2021-07-09 03:17:14 CHB 1739201?1625771832 第 1 次 获取到号码【1739201】GSD
2021-07-09 03:17:14 获取到号码【1739201】的GSD为【陕西-汉中】
2021-07-09 03:17:34 GSD insert 第 1 次 等待 1 秒
2021-07-09 03:17:35 {"status":"ok","msg":"添加成功！227619"}

