2024-03-27 00:10:09 开始第 357 次操作

2024-03-27 00:10:09 开始操作号码 【1670267】
2024-03-27 00:10:14 GSD getOne 第 1 次 等待 3 秒
2024-03-27 00:10:17 查询号码 【1670267】，返回信息 {"status":"ok","msg":"-","gid":"218150","time_insert":"2021-07-08 00:14"}
2024-03-27 00:10:17 查询号码 【1670267】，GSD为【"-"】
2024-03-27 00:10:17 ok && -
2024-03-27 00:10:19 CHB 1670267?1711469417 第 1 次 等待 3 秒
2024-03-27 00:10:22 CHB 1670267?1711469417 第 1 次 获取到号码【1670267】GSD
2024-03-27 00:10:22 未获取到号码【1670267】GSD，可能号码格式错误
2024-03-27 00:10:22 获取到号码【1670267】的GSD为【-】
2024-03-27 00:10:27 GSD insert 第 1 次 等待 3 秒
2024-03-27 00:10:30 {"status":"bad","gid":"218150","msg":"添加失败！号码【1670267(-|-)】已存在！"}
2024-03-27 00:10:30 随机等待 101 秒，约 1 分钟
2024-03-27 00:10:30 下次操作: 2024-03-27 00:12:11

2024-03-27 00:12:11 开始第 358 次操作

2024-03-27 00:12:11 开始操作号码 【1670268】
2024-03-27 00:12:15 GSD getOne 第 1 次 等待 3 秒
2024-03-27 00:12:18 查询号码 【1670268】，返回信息 {"status":"ok","msg":"-","gid":"218159","time_insert":"2021-07-08 00:15"}
2024-03-27 00:12:18 查询号码 【1670268】，GSD为【"-"】
2024-03-27 00:12:18 ok && -
2024-03-27 00:12:21 CHB 1670268?1711469538 第 1 次 等待 3 秒
2024-03-27 00:12:24 CHB 1670268?1711469538 第 1 次 获取到号码【1670268】GSD
2024-03-27 00:12:24 未获取到号码【1670268】GSD，可能号码格式错误
2024-03-27 00:12:24 获取到号码【1670268】的GSD为【-】
2024-03-27 00:12:28 GSD insert 第 1 次 等待 3 秒
2024-03-27 00:12:31 {"status":"bad","gid":"218159","msg":"添加失败！号码【1670268(-|-)】已存在！"}
2024-03-27 00:12:31 随机等待 82 秒，约 1 分钟
2024-03-27 00:12:31 下次操作: 2024-03-27 00:13:53

2024-03-27 00:13:53 开始第 359 次操作

2024-03-27 00:13:53 开始操作号码 【1670269】
2024-03-27 00:13:58 GSD getOne 第 1 次 等待 3 秒
2024-03-27 00:14:01 查询号码 【1670269】，返回信息 {"status":"ok","msg":"-","gid":"218167","time_insert":"2021-07-08 00:15"}
2024-03-27 00:14:01 查询号码 【1670269】，GSD为【"-"】
2024-03-27 00:14:01 ok && -
2024-03-27 00:14:02 CHB 1670269?1711469641 第 1 次 等待 3 秒
2024-03-27 00:14:05 CHB 1670269?1711469641 第 1 次 获取到号码【1670269】GSD
2024-03-27 00:14:05 未获取到号码【1670269】GSD，可能号码格式错误
2024-03-27 00:14:05 获取到号码【1670269】的GSD为【-】
2024-03-27 00:14:12 GSD insert 第 1 次 等待 3 秒
2024-03-27 00:14:15 {"status":"bad","gid":"218167","msg":"添加失败！号码【1670269(-|-)】已存在！"}
2024-03-27 00:14:15 随机等待 67 秒，约 1 分钟
2024-03-27 00:14:15 下次操作: 2024-03-27 00:15:22

2024-03-27 00:15:22 开始第 360 次操作

2024-03-27 00:15:22 开始操作号码 【1670270】
2024-03-27 00:15:27 GSD getOne 第 1 次 等待 3 秒
2024-03-27 00:15:30 查询号码 【1670270】，返回信息 {"status":"ok","msg":"-","gid":"218324","time_insert":"2021-07-08 01:09"}
2024-03-27 00:15:30 查询号码 【1670270】，GSD为【"-"】
2024-03-27 00:15:30 ok && -
2024-03-27 00:15:31 CHB 1670270?1711469730 第 1 次 等待 3 秒
2024-03-27 00:15:34 CHB 1670270?1711469730 第 1 次 获取到号码【1670270】GSD
2024-03-27 00:15:35 未获取到号码【1670270】GSD，可能号码格式错误
2024-03-27 00:15:35 获取到号码【1670270】的GSD为【-】
2024-03-27 00:15:39 GSD insert 第 1 次 等待 3 秒
2024-03-27 00:15:42 {"status":"bad","gid":"218324","msg":"添加失败！号码【1670270(-|-)】已存在！"}

