2023-10-12 00:10:08 开始第 2811 次操作

2023-10-12 00:10:08 开始操作号码 【1992799】
2023-10-12 00:12:18 GSD getOne 第 1 次 等待 3 秒
2023-10-12 00:14:31 GSD getOne 第 2 次 等待 3 秒
2023-10-12 00:16:44 GSD getOne 第 3 次 等待 3 秒
2023-10-12 00:18:57 GSD getOne 第 4 次 等待 3 秒
2023-10-12 00:21:10 GSD getOne 第 5 次 等待 3 秒
2023-10-12 00:23:23 GSD getOne 第 6 次 等待 3 秒
2023-10-12 00:25:36 GSD getOne 第 7 次 等待 3 秒
2023-10-12 00:27:49 GSD getOne 第 8 次 等待 3 秒
2023-10-12 00:30:03 GSD getOne 第 9 次 等待 3 秒
2023-10-12 00:32:16 GSD getOne 第 10 次 等待 3 秒
2023-10-12 00:32:19 查询号码 【1992799】，返回信息 
2023-10-12 00:32:19 查询失败，3 秒后重新查询
2023-10-12 00:34:33 GSD getOne 第 1 次 等待 3 秒
2023-10-12 00:36:46 GSD getOne 第 2 次 等待 3 秒
2023-10-12 00:38:59 GSD getOne 第 3 次 等待 3 秒
2023-10-12 00:41:12 GSD getOne 第 4 次 等待 3 秒
2023-10-12 00:43:25 GSD getOne 第 5 次 等待 3 秒
2023-10-12 00:45:43 GSD getOne 第 6 次 等待 3 秒
2023-10-12 00:47:56 GSD getOne 第 7 次 等待 3 秒
2023-10-12 00:50:09 GSD getOne 第 8 次 等待 3 秒
2023-10-12 00:52:22 GSD getOne 第 9 次 等待 3 秒
2023-10-12 00:54:35 GSD getOne 第 10 次 等待 3 秒
2023-10-12 00:54:38 查询号码 【1992799】，返回信息 
2023-10-12 00:54:38 查询失败，结束本次操作，期待下次成功~
2023-10-12 00:54:38 随机等待 221 秒，约 3 分钟
2023-10-12 00:54:38 下次操作: 2023-10-12 00:58:19

2023-10-12 00:58:19 开始第 2812 次操作

2023-10-12 00:58:19 开始操作号码 【1992799】
2023-10-12 01:00:29 GSD getOne 第 1 次 等待 3 秒
2023-10-12 01:02:43 GSD getOne 第 2 次 等待 3 秒
2023-10-12 01:04:56 GSD getOne 第 3 次 等待 3 秒
2023-10-12 01:07:09 GSD getOne 第 4 次 等待 3 秒
2023-10-12 01:09:22 GSD getOne 第 5 次 等待 3 秒
2023-10-12 01:11:35 GSD getOne 第 6 次 等待 3 秒
2023-10-12 01:13:48 GSD getOne 第 7 次 等待 3 秒
2023-10-12 01:16:01 GSD getOne 第 8 次 等待 3 秒
2023-10-12 01:18:14 GSD getOne 第 9 次 等待 3 秒
2023-10-12 01:20:28 GSD getOne 第 10 次 等待 3 秒
2023-10-12 01:20:31 查询号码 【1992799】，返回信息 
2023-10-12 01:20:31 查询失败，3 秒后重新查询
2023-10-12 01:22:45 GSD getOne 第 1 次 等待 3 秒
2023-10-12 01:24:58 GSD getOne 第 2 次 等待 3 秒
2023-10-12 01:27:11 GSD getOne 第 3 次 等待 3 秒
2023-10-12 01:29:24 GSD getOne 第 4 次 等待 3 秒
2023-10-12 01:31:37 GSD getOne 第 5 次 等待 3 秒
2023-10-12 01:33:50 GSD getOne 第 6 次 等待 3 秒
2023-10-12 01:36:03 GSD getOne 第 7 次 等待 3 秒
2023-10-12 01:38:17 GSD getOne 第 8 次 等待 3 秒
2023-10-12 01:40:30 GSD getOne 第 9 次 等待 3 秒
2023-10-12 01:42:43 GSD getOne 第 10 次 等待 3 秒
2023-10-12 01:42:46 查询号码 【1992799】，返回信息 
2023-10-12 01:42:46 查询失败，结束本次操作，期待下次成功~

2023-10-12 02:10:14 开始第 2813 次操作

2023-10-12 02:10:14 开始操作号码 【1992799】
2023-10-12 02:12:24 GSD getOne 第 1 次 等待 3 秒
2023-10-12 02:14:37 GSD getOne 第 2 次 等待 3 秒
2023-10-12 02:16:50 GSD getOne 第 3 次 等待 3 秒
2023-10-12 02:19:03 GSD getOne 第 4 次 等待 3 秒
2023-10-12 02:21:16 GSD getOne 第 5 次 等待 3 秒
2023-10-12 02:23:30 GSD getOne 第 6 次 等待 3 秒
2023-10-12 02:25:43 GSD getOne 第 7 次 等待 3 秒
2023-10-12 02:27:56 GSD getOne 第 8 次 等待 3 秒
2023-10-12 02:30:09 GSD getOne 第 9 次 等待 3 秒
2023-10-12 02:32:22 GSD getOne 第 10 次 等待 3 秒
2023-10-12 02:32:25 查询号码 【1992799】，返回信息 
2023-10-12 02:32:25 查询失败，3 秒后重新查询
2023-10-12 02:34:39 GSD getOne 第 1 次 等待 3 秒
2023-10-12 02:36:52 GSD getOne 第 2 次 等待 3 秒
2023-10-12 02:39:05 GSD getOne 第 3 次 等待 3 秒
2023-10-12 02:41:19 GSD getOne 第 4 次 等待 3 秒
2023-10-12 02:43:32 GSD getOne 第 5 次 等待 3 秒
2023-10-12 02:45:45 GSD getOne 第 6 次 等待 3 秒
2023-10-12 02:47:58 GSD getOne 第 7 次 等待 3 秒
2023-10-12 02:50:11 GSD getOne 第 8 次 等待 3 秒
2023-10-12 02:52:24 GSD getOne 第 9 次 等待 3 秒
2023-10-12 02:54:37 GSD getOne 第 10 次 等待 3 秒
2023-10-12 02:54:40 查询号码 【1992799】，返回信息 
2023-10-12 02:54:40 查询失败，结束本次操作，期待下次成功~
2023-10-12 02:54:40 随机等待 83 秒，约 1 分钟
2023-10-12 02:54:40 下次操作: 2023-10-12 02:56:03

2023-10-12 02:56:03 开始第 2814 次操作

2023-10-12 02:56:03 开始操作号码 【1992799】
2023-10-12 02:58:14 GSD getOne 第 1 次 等待 3 秒
2023-10-12 03:00:28 GSD getOne 第 2 次 等待 3 秒
2023-10-12 03:02:41 GSD getOne 第 3 次 等待 3 秒
2023-10-12 03:04:54 GSD getOne 第 4 次 等待 3 秒
2023-10-12 03:07:07 GSD getOne 第 5 次 等待 3 秒
2023-10-12 03:09:20 GSD getOne 第 6 次 等待 3 秒
2023-10-12 03:11:33 GSD getOne 第 7 次 等待 3 秒
2023-10-12 03:13:46 GSD getOne 第 8 次 等待 3 秒
2023-10-12 03:15:59 GSD getOne 第 9 次 等待 3 秒
2023-10-12 03:18:12 GSD getOne 第 10 次 等待 3 秒
2023-10-12 03:18:16 查询号码 【1992799】，返回信息 
2023-10-12 03:18:16 查询失败，3 秒后重新查询
2023-10-12 03:20:30 GSD getOne 第 1 次 等待 3 秒
2023-10-12 03:22:43 GSD getOne 第 2 次 等待 3 秒
2023-10-12 03:24:56 GSD getOne 第 3 次 等待 3 秒
2023-10-12 03:27:09 GSD getOne 第 4 次 等待 3 秒
2023-10-12 03:29:22 GSD getOne 第 5 次 等待 3 秒
2023-10-12 03:31:35 GSD getOne 第 6 次 等待 3 秒
2023-10-12 03:33:48 GSD getOne 第 7 次 等待 3 秒
2023-10-12 03:36:02 GSD getOne 第 8 次 等待 3 秒
2023-10-12 03:38:15 GSD getOne 第 9 次 等待 3 秒
2023-10-12 03:40:28 GSD getOne 第 10 次 等待 3 秒
2023-10-12 03:40:31 查询号码 【1992799】，返回信息 
2023-10-12 03:40:31 查询失败，结束本次操作，期待下次成功~
2023-10-12 03:40:31 随机等待 112 秒，约 1 分钟
2023-10-12 03:40:31 下次操作: 2023-10-12 03:42:23

2023-10-12 03:42:23 开始第 2815 次操作

2023-10-12 03:42:23 开始操作号码 【1992799】
2023-10-12 03:44:34 GSD getOne 第 1 次 等待 3 秒
2023-10-12 03:46:47 GSD getOne 第 2 次 等待 3 秒
2023-10-12 03:49:00 GSD getOne 第 3 次 等待 3 秒
2023-10-12 03:51:13 GSD getOne 第 4 次 等待 3 秒
2023-10-12 03:53:26 GSD getOne 第 5 次 等待 3 秒
2023-10-12 03:55:39 GSD getOne 第 6 次 等待 3 秒
2023-10-12 03:57:52 GSD getOne 第 7 次 等待 3 秒
2023-10-12 04:00:05 GSD getOne 第 8 次 等待 3 秒
2023-10-12 04:02:19 GSD getOne 第 9 次 等待 3 秒
2023-10-12 04:04:32 GSD getOne 第 10 次 等待 3 秒
2023-10-12 04:04:35 查询号码 【1992799】，返回信息 
2023-10-12 04:04:35 查询失败，3 秒后重新查询
2023-10-12 04:06:49 GSD getOne 第 1 次 等待 3 秒
2023-10-12 04:09:02 GSD getOne 第 2 次 等待 3 秒
2023-10-12 04:11:15 GSD getOne 第 3 次 等待 3 秒
2023-10-12 04:13:28 GSD getOne 第 4 次 等待 3 秒
2023-10-12 04:15:41 GSD getOne 第 5 次 等待 3 秒
2023-10-12 04:17:54 GSD getOne 第 6 次 等待 3 秒
2023-10-12 04:20:08 GSD getOne 第 7 次 等待 3 秒
2023-10-12 04:22:21 GSD getOne 第 8 次 等待 3 秒
2023-10-12 04:24:34 GSD getOne 第 9 次 等待 3 秒
2023-10-12 04:26:47 GSD getOne 第 10 次 等待 3 秒
2023-10-12 04:26:50 查询号码 【1992799】，返回信息 
2023-10-12 04:26:50 查询失败，结束本次操作，期待下次成功~
2023-10-12 04:26:50 随机等待 117 秒，约 1 分钟
2023-10-12 04:26:50 下次操作: 2023-10-12 04:28:47

2023-10-12 04:28:47 开始第 2816 次操作

2023-10-12 04:28:47 开始操作号码 【1992799】
2023-10-12 04:30:57 GSD getOne 第 1 次 等待 3 秒
2023-10-12 04:33:10 GSD getOne 第 2 次 等待 3 秒
2023-10-12 04:35:23 GSD getOne 第 3 次 等待 3 秒
2023-10-12 04:37:36 GSD getOne 第 4 次 等待 3 秒
2023-10-12 04:39:49 GSD getOne 第 5 次 等待 3 秒
2023-10-12 04:42:02 GSD getOne 第 6 次 等待 3 秒
2023-10-12 04:44:16 GSD getOne 第 7 次 等待 3 秒
2023-10-12 04:46:29 GSD getOne 第 8 次 等待 3 秒
2023-10-12 04:48:42 GSD getOne 第 9 次 等待 3 秒
2023-10-12 04:50:55 GSD getOne 第 10 次 等待 3 秒
2023-10-12 04:50:58 查询号码 【1992799】，返回信息 
2023-10-12 04:50:58 查询失败，3 秒后重新查询
2023-10-12 04:53:12 GSD getOne 第 1 次 等待 3 秒
2023-10-12 04:55:25 GSD getOne 第 2 次 等待 3 秒
2023-10-12 04:57:38 GSD getOne 第 3 次 等待 3 秒
2023-10-12 04:59:51 GSD getOne 第 4 次 等待 3 秒
2023-10-12 05:02:05 GSD getOne 第 5 次 等待 3 秒
2023-10-12 05:04:18 GSD getOne 第 6 次 等待 3 秒
2023-10-12 05:06:31 GSD getOne 第 7 次 等待 3 秒
2023-10-12 05:08:44 GSD getOne 第 8 次 等待 3 秒
2023-10-12 05:10:57 GSD getOne 第 9 次 等待 3 秒
2023-10-12 05:13:10 GSD getOne 第 10 次 等待 3 秒
2023-10-12 05:13:13 查询号码 【1992799】，返回信息 
2023-10-12 05:13:13 查询失败，结束本次操作，期待下次成功~

