2024-09-08 00:21:08 开始第 3409 次操作

2024-09-08 00:21:08 开始操作号码 【1453408】
2024-09-08 00:21:16 GSD getOne 第 1 次 等待 3 秒
2024-09-08 00:21:19 查询号码 【1453408】，返回信息 {"status":"ok","msg":"辽宁-沈阳","gid":"76622","time_insert":"2021-06-02 05:39"}
2024-09-08 00:21:19 查询号码 【1453408】，GSD为【"辽宁-沈阳"】

2024-09-08 00:21:20 开始第 3410 次操作

2024-09-08 00:21:20 开始操作号码 【1453409】
2024-09-08 00:21:28 GSD getOne 第 1 次 等待 3 秒
2024-09-08 00:21:31 查询号码 【1453409】，返回信息 {"status":"ok","msg":"辽宁-沈阳","gid":"76623","time_insert":"2021-06-02 05:45"}
2024-09-08 00:21:31 查询号码 【1453409】，GSD为【"辽宁-沈阳"】

2024-09-08 00:21:32 开始第 3411 次操作

2024-09-08 00:21:32 开始操作号码 【1453410】
2024-09-08 00:21:41 GSD getOne 第 1 次 等待 3 秒
2024-09-08 00:21:44 查询号码 【1453410】，返回信息 {"status":"ok","msg":"辽宁-大连","gid":"76628","time_insert":"2021-06-02 05:50"}
2024-09-08 00:21:44 查询号码 【1453410】，GSD为【"辽宁-大连"】

2024-09-08 00:21:45 开始第 3412 次操作

2024-09-08 00:21:45 开始操作号码 【1453411】
2024-09-08 00:21:53 GSD getOne 第 1 次 等待 3 秒
2024-09-08 00:21:56 查询号码 【1453411】，返回信息 {"status":"ok","msg":"辽宁-大连","gid":"76635","time_insert":"2021-06-02 05:56"}
2024-09-08 00:21:56 查询号码 【1453411】，GSD为【"辽宁-大连"】

2024-09-08 00:41:20 开始第 3413 次操作

2024-09-08 00:41:20 开始操作号码 【1453412】
2024-09-08 00:41:28 GSD getOne 第 1 次 等待 3 秒
2024-09-08 00:41:31 查询号码 【1453412】，返回信息 {"status":"ok","msg":"辽宁-大连","gid":"76638","time_insert":"2021-06-02 06:00"}
2024-09-08 00:41:31 查询号码 【1453412】，GSD为【"辽宁-大连"】

2024-09-08 00:41:32 开始第 3414 次操作

2024-09-08 00:41:32 开始操作号码 【1453413】
2024-09-08 00:41:40 GSD getOne 第 1 次 等待 3 秒
2024-09-08 00:41:43 查询号码 【1453413】，返回信息 {"status":"ok","msg":"辽宁-抚顺","gid":"76640","time_insert":"2021-06-02 06:05"}
2024-09-08 00:41:43 查询号码 【1453413】，GSD为【"辽宁-抚顺"】

2024-09-08 00:41:44 开始第 3415 次操作

2024-09-08 00:41:44 开始操作号码 【1453414】
2024-09-08 00:41:52 GSD getOne 第 1 次 等待 3 秒
2024-09-08 00:41:55 查询号码 【1453414】，返回信息 {"status":"ok","msg":"辽宁-大连","gid":"76645","time_insert":"2021-06-02 06:10"}
2024-09-08 00:41:55 查询号码 【1453414】，GSD为【"辽宁-大连"】

2024-09-08 00:41:56 开始第 3416 次操作

2024-09-08 00:41:56 开始操作号码 【1453415】
2024-09-08 00:42:03 GSD getOne 第 1 次 等待 3 秒
2024-09-08 00:42:06 查询号码 【1453415】，返回信息 {"status":"ok","msg":"辽宁-丹东","gid":"76648","time_insert":"2021-06-02 06:14"}
2024-09-08 00:42:06 查询号码 【1453415】，GSD为【"辽宁-丹东"】

