2024-06-14 00:12:21 开始第 1053 次操作

2024-06-14 00:12:21 开始操作号码 【1560960】
2024-06-14 00:12:30 GSD getOne 第 1 次 等待 3 秒
2024-06-14 00:12:33 查询号码 【1560960】，返回信息 {"status":"ok","msg":"安徽-滁州","gid":"99750","time_insert":"2021-06-16 14:11"}
2024-06-14 00:12:34 查询号码 【1560960】，GSD为【"安徽-滁州"】

2024-06-14 00:12:35 开始第 1054 次操作

2024-06-14 00:12:35 开始操作号码 【1560961】
2024-06-14 00:12:41 GSD getOne 第 1 次 等待 3 秒
2024-06-14 00:12:44 查询号码 【1560961】，返回信息 {"status":"ok","msg":"安徽-安庆","gid":"99773","time_insert":"2021-06-16 14:30"}
2024-06-14 00:12:44 查询号码 【1560961】，GSD为【"安徽-安庆"】

2024-06-14 00:12:45 开始第 1055 次操作

2024-06-14 00:12:45 开始操作号码 【1560962】
2024-06-14 00:12:50 GSD getOne 第 1 次 等待 3 秒
2024-06-14 00:12:53 查询号码 【1560962】，返回信息 {"status":"ok","msg":"安徽-安庆","gid":"99794","time_insert":"2021-06-16 14:47"}
2024-06-14 00:12:53 查询号码 【1560962】，GSD为【"安徽-安庆"】

2024-06-14 00:12:54 开始第 1056 次操作

2024-06-14 00:12:54 开始操作号码 【1560963】
2024-06-14 00:12:59 GSD getOne 第 1 次 等待 3 秒
2024-06-14 00:13:02 查询号码 【1560963】，返回信息 {"status":"ok","msg":"安徽-芜湖","gid":"99818","time_insert":"2021-06-16 15:05"}
2024-06-14 00:13:02 查询号码 【1560963】，GSD为【"安徽-芜湖"】

2024-06-14 00:39:24 开始第 1057 次操作

2024-06-14 00:39:24 开始操作号码 【1560964】
2024-06-14 00:39:35 GSD getOne 第 1 次 等待 3 秒
2024-06-14 00:39:38 查询号码 【1560964】，返回信息 {"status":"ok","msg":"安徽-六安","gid":"99840","time_insert":"2021-06-16 15:24"}
2024-06-14 00:39:38 查询号码 【1560964】，GSD为【"安徽-六安"】

2024-06-14 00:39:39 开始第 1058 次操作

2024-06-14 00:39:39 开始操作号码 【1560965】
2024-06-14 00:39:56 GSD getOne 第 1 次 等待 3 秒
2024-06-14 00:39:59 查询号码 【1560965】，返回信息 {"status":"ok","msg":"安徽-安庆","gid":"99864","time_insert":"2021-06-16 15:43"}
2024-06-14 00:39:59 查询号码 【1560965】，GSD为【"安徽-安庆"】

2024-06-14 00:40:00 开始第 1059 次操作

2024-06-14 00:40:00 开始操作号码 【1560966】
2024-06-14 00:40:17 GSD getOne 第 1 次 等待 3 秒
2024-06-14 00:40:20 查询号码 【1560966】，返回信息 {"status":"ok","msg":"安徽-安庆","gid":"99884","time_insert":"2021-06-16 16:01"}
2024-06-14 00:40:20 查询号码 【1560966】，GSD为【"安徽-安庆"】

2024-06-14 00:40:21 开始第 1060 次操作

2024-06-14 00:40:21 开始操作号码 【1560967】
2024-06-14 00:40:27 GSD getOne 第 1 次 等待 3 秒
2024-06-14 00:40:30 查询号码 【1560967】，返回信息 {"status":"ok","msg":"安徽-亳州","gid":"99902","time_insert":"2021-06-16 16:17"}
2024-06-14 00:40:30 查询号码 【1560967】，GSD为【"安徽-亳州"】

2024-06-14 01:08:13 开始第 1061 次操作

2024-06-14 01:08:13 开始操作号码 【1560968】
2024-06-14 01:08:21 GSD getOne 第 1 次 等待 3 秒
2024-06-14 01:08:24 查询号码 【1560968】，返回信息 {"status":"ok","msg":"安徽-合肥","gid":"99920","time_insert":"2021-06-16 16:35"}
2024-06-14 01:08:24 查询号码 【1560968】，GSD为【"安徽-合肥"】

2024-06-14 01:08:25 开始第 1062 次操作

2024-06-14 01:08:25 开始操作号码 【1560969】
2024-06-14 01:08:30 GSD getOne 第 1 次 等待 3 秒
2024-06-14 01:08:33 查询号码 【1560969】，返回信息 {"status":"ok","msg":"安徽-合肥","gid":"99943","time_insert":"2021-06-16 16:53"}
2024-06-14 01:08:33 查询号码 【1560969】，GSD为【"安徽-合肥"】

2024-06-14 01:08:34 开始第 1063 次操作

2024-06-14 01:08:34 开始操作号码 【1560970】
2024-06-14 01:08:39 GSD getOne 第 1 次 等待 3 秒
2024-06-14 01:08:42 查询号码 【1560970】，返回信息 {"status":"ok","msg":"青海-海北","gid":"99967","time_insert":"2021-06-16 17:13"}
2024-06-14 01:08:42 查询号码 【1560970】，GSD为【"青海-海北"】

2024-06-14 01:08:43 开始第 1064 次操作

2024-06-14 01:08:43 开始操作号码 【1560971】
2024-06-14 01:08:52 GSD getOne 第 1 次 等待 3 秒
2024-06-14 01:08:55 查询号码 【1560971】，返回信息 {"status":"ok","msg":"青海-西宁","gid":"100002","time_insert":"2021-06-16 17:32"}
2024-06-14 01:08:55 查询号码 【1560971】，GSD为【"青海-西宁"】

2024-06-14 01:33:07 开始第 1065 次操作

2024-06-14 01:33:07 开始操作号码 【1560972】
2024-06-14 01:33:15 GSD getOne 第 1 次 等待 3 秒
2024-06-14 01:33:18 查询号码 【1560972】，返回信息 {"status":"ok","msg":"青海-海东","gid":"100029","time_insert":"2021-06-16 17:52"}
2024-06-14 01:33:18 查询号码 【1560972】，GSD为【"青海-海东"】

2024-06-14 01:33:19 开始第 1066 次操作

2024-06-14 01:33:19 开始操作号码 【1560973】
2024-06-14 01:33:26 GSD getOne 第 1 次 等待 3 秒
2024-06-14 01:33:29 查询号码 【1560973】，返回信息 {"status":"ok","msg":"青海-黄南","gid":"100051","time_insert":"2021-06-16 18:11"}
2024-06-14 01:33:29 查询号码 【1560973】，GSD为【"青海-黄南"】

2024-06-14 01:33:30 开始第 1067 次操作

2024-06-14 01:33:30 开始操作号码 【1560974】
2024-06-14 01:33:36 GSD getOne 第 1 次 等待 3 秒
2024-06-14 01:33:39 查询号码 【1560974】，返回信息 {"status":"ok","msg":"青海-海南","gid":"100075","time_insert":"2021-06-16 18:31"}
2024-06-14 01:33:39 查询号码 【1560974】，GSD为【"青海-海南"】

2024-06-14 01:33:40 开始第 1068 次操作

2024-06-14 01:33:40 开始操作号码 【1560975】
2024-06-14 01:33:48 GSD getOne 第 1 次 等待 3 秒
2024-06-14 01:33:51 查询号码 【1560975】，返回信息 {"status":"ok","msg":"青海-果洛","gid":"100100","time_insert":"2021-06-16 18:50"}
2024-06-14 01:33:51 查询号码 【1560975】，GSD为【"青海-果洛"】

