2021-06-30 17:19:12 开始第 1 次操作

2021-06-30 17:19:12 开始操作号码 【1730684】
2021-06-30 17:19:17 GSD getOne 第 1 次 等待 1 秒
2021-06-30 17:19:18 查询号码 【1730684】，返回信息 {"status":"ok","msg":"-","time_insert":"2021-06-27 15:45"}
2021-06-30 17:19:18 查询号码 【1730684】，GSD为【"-"】
2021-06-30 17:19:18 ok && -
2021-06-30 17:19:19 CHB 1730684?1625044758 第 1 次 等待 1 秒
2021-06-30 17:19:20 CHB 1730684?1625044758 第 1 次 获取到号码【1730684】GSD
2021-06-30 17:19:20 获取到号码【1730684】的GSD为【浙江-金华】
2021-06-30 17:19:41 GSD insert 第 1 次 等待 1 秒
2021-06-30 17:19:42 {"status":"ok","msg":"添加号码已存在，但为‘-’，修改成功！"}
2021-06-30 17:19:42 下次操作: 2021-06-30 17:19:55

2021-06-30 17:19:55 开始第 2 次操作

2021-06-30 17:19:55 开始操作号码 【1730685】
2021-06-30 17:20:02 GSD getOne 第 1 次 等待 1 秒
2021-06-30 17:20:03 查询号码 【1730685】，返回信息 {"status":"ok","msg":"-","time_insert":"2021-06-27 15:46"}
2021-06-30 17:20:03 查询号码 【1730685】，GSD为【"-"】
2021-06-30 17:20:03 ok && -
2021-06-30 17:20:05 CHB 1730685?1625044803 第 1 次 等待 1 秒
2021-06-30 17:20:06 CHB 1730685?1625044803 第 1 次 获取到号码【1730685】GSD
2021-06-30 17:20:06 获取到号码【1730685】的GSD为【浙江-绍兴】
2021-06-30 17:20:26 GSD insert 第 1 次 等待 1 秒
2021-06-30 17:20:27 {"status":"ok","msg":"添加号码已存在，但为‘-’，修改成功！"}
2021-06-30 17:20:27 下次操作: 2021-06-30 17:20:37

2021-06-30 17:20:37 开始第 3 次操作

2021-06-30 17:20:37 开始操作号码 【1730686】
2021-06-30 17:20:51 GSD getOne 第 1 次 等待 1 秒
2021-06-30 17:20:52 查询号码 【1730686】，返回信息 {"status":"ok","msg":"-","time_insert":"2021-06-27 15:47"}
2021-06-30 17:20:52 查询号码 【1730686】，GSD为【"-"】
2021-06-30 17:20:52 ok && -
2021-06-30 17:20:54 CHB 1730686?1625044852 第 1 次 等待 1 秒
2021-06-30 17:20:55 CHB 1730686?1625044852 第 1 次 获取到号码【1730686】GSD
2021-06-30 17:20:55 获取到号码【1730686】的GSD为【浙江-台州】
2021-06-30 17:21:15 GSD insert 第 1 次 等待 1 秒
2021-06-30 17:21:16 {"status":"ok","msg":"添加号码已存在，但为‘-’，修改成功！"}
2021-06-30 17:21:16 下次操作: 2021-06-30 17:21:23

2021-06-30 17:21:23 开始第 4 次操作

2021-06-30 17:21:23 开始操作号码 【1730687】
2021-06-30 17:21:42 GSD getOne 第 1 次 等待 1 秒
2021-06-30 17:21:43 查询号码 【1730687】，返回信息 {"status":"ok","msg":"-","time_insert":"2021-06-27 15:48"}
2021-06-30 17:21:43 查询号码 【1730687】，GSD为【"-"】
2021-06-30 17:21:43 ok && -
2021-06-30 17:21:45 CHB 1730687?1625044903 第 1 次 等待 1 秒
2021-06-30 17:21:46 CHB 1730687?1625044903 第 1 次 获取到号码【1730687】GSD
2021-06-30 17:21:46 获取到号码【1730687】的GSD为【浙江-温州】
2021-06-30 17:22:07 GSD insert 第 1 次 等待 1 秒
2021-06-30 17:22:08 {"status":"ok","msg":"添加号码已存在，但为‘-’，修改成功！"}
2021-06-30 17:22:08 下次操作: 2021-06-30 17:22:25

2021-06-30 17:22:25 开始第 5 次操作

2021-06-30 17:22:25 开始操作号码 【1730688】
2021-06-30 17:22:29 GSD getOne 第 1 次 等待 1 秒
2021-06-30 17:22:30 查询号码 【1730688】，返回信息 {"status":"ok","msg":"-","time_insert":"2021-06-27 15:49"}
2021-06-30 17:22:30 查询号码 【1730688】，GSD为【"-"】
2021-06-30 17:22:30 ok && -
2021-06-30 17:22:31 CHB 1730688?1625044950 第 1 次 等待 1 秒
2021-06-30 17:22:32 CHB 1730688?1625044950 第 1 次 获取到号码【1730688】GSD
2021-06-30 17:22:33 获取到号码【1730688】的GSD为【浙江-宁波】
2021-06-30 17:22:54 GSD insert 第 1 次 等待 1 秒
2021-06-30 17:22:55 {"status":"ok","msg":"添加号码已存在，但为‘-’，修改成功！"}
2021-06-30 17:22:55 下次操作: 2021-06-30 17:23:12

2021-06-30 17:23:12 开始第 6 次操作

2021-06-30 17:23:12 开始操作号码 【1730689】
2021-06-30 17:23:17 GSD getOne 第 1 次 等待 1 秒
2021-06-30 17:23:18 查询号码 【1730689】，返回信息 {"status":"ok","msg":"-","time_insert":"2021-06-27 15:49"}
2021-06-30 17:23:18 查询号码 【1730689】，GSD为【"-"】
2021-06-30 17:23:18 ok && -
2021-06-30 17:23:20 CHB 1730689?1625044998 第 1 次 等待 1 秒
2021-06-30 17:23:21 CHB 1730689?1625044998 第 1 次 获取到号码【1730689】GSD
2021-06-30 17:23:21 获取到号码【1730689】的GSD为【浙江-金华】
2021-06-30 17:23:41 GSD insert 第 1 次 等待 1 秒
2021-06-30 17:23:42 {"status":"ok","msg":"添加号码已存在，但为‘-’，修改成功！"}
2021-06-30 17:23:42 下次操作: 2021-06-30 17:23:57

2021-06-30 17:23:57 开始第 7 次操作

2021-06-30 17:23:57 开始操作号码 【1730690】
2021-06-30 17:24:01 GSD getOne 第 1 次 等待 1 秒
2021-06-30 17:24:02 查询号码 【1730690】，返回信息 {"status":"ok","msg":"-","time_insert":"2021-06-27 15:50"}
2021-06-30 17:24:02 查询号码 【1730690】，GSD为【"-"】
2021-06-30 17:24:02 ok && -
2021-06-30 17:24:03 CHB 1730690?1625045042 第 1 次 等待 1 秒
2021-06-30 17:24:04 CHB 1730690?1625045042 第 1 次 获取到号码【1730690】GSD
2021-06-30 17:24:05 获取到号码【1730690】的GSD为【福建-福州】
2021-06-30 17:24:25 GSD insert 第 1 次 等待 1 秒
2021-06-30 17:24:26 {"status":"ok","msg":"添加号码已存在，但为‘-’，修改成功！"}
2021-06-30 17:24:26 下次操作: 2021-06-30 17:24:32

2021-06-30 17:24:32 开始第 8 次操作

2021-06-30 17:24:32 开始操作号码 【1730691】
2021-06-30 17:24:52 GSD getOne 第 1 次 等待 1 秒
2021-06-30 17:24:53 查询号码 【1730691】，返回信息 {"status":"ok","msg":"-","time_insert":"2021-06-27 15:51"}
2021-06-30 17:24:53 查询号码 【1730691】，GSD为【"-"】
2021-06-30 17:24:53 ok && -
2021-06-30 17:24:54 CHB 1730691?1625045093 第 1 次 等待 1 秒
2021-06-30 17:24:56 CHB 1730691?1625045093 第 1 次 获取到号码【1730691】GSD
2021-06-30 17:24:56 获取到号码【1730691】的GSD为【福建-福州】
2021-06-30 17:25:16 GSD insert 第 1 次 等待 1 秒
2021-06-30 17:25:17 {"status":"ok","msg":"添加号码已存在，但为‘-’，修改成功！"}
2021-06-30 17:25:17 下次操作: 2021-06-30 17:25:27

2021-06-30 17:25:27 开始第 9 次操作

2021-06-30 17:25:27 开始操作号码 【1730692】
2021-06-30 17:25:38 GSD getOne 第 1 次 等待 1 秒
2021-06-30 17:25:39 查询号码 【1730692】，返回信息 {"status":"ok","msg":"-","time_insert":"2021-06-27 15:52"}
2021-06-30 17:25:39 查询号码 【1730692】，GSD为【"-"】
2021-06-30 17:25:39 ok && -
2021-06-30 17:25:40 CHB 1730692?1625045139 第 1 次 等待 1 秒
2021-06-30 17:25:41 CHB 1730692?1625045139 第 1 次 获取到号码【1730692】GSD
2021-06-30 17:25:41 获取到号码【1730692】的GSD为【福建-福州】
2021-06-30 17:26:01 GSD insert 第 1 次 等待 1 秒
2021-06-30 17:26:02 {"status":"ok","msg":"添加号码已存在，但为‘-’，修改成功！"}
2021-06-30 17:26:02 下次操作: 2021-06-30 17:26:11

2021-06-30 17:26:11 开始第 10 次操作

2021-06-30 17:26:11 开始操作号码 【1730693】
2021-06-30 17:26:23 GSD getOne 第 1 次 等待 1 秒
2021-06-30 17:26:24 查询号码 【1730693】，返回信息 {"status":"ok","msg":"-","time_insert":"2021-06-27 15:52"}
2021-06-30 17:26:24 查询号码 【1730693】，GSD为【"-"】
2021-06-30 17:26:24 ok && -
2021-06-30 17:26:25 CHB 1730693?1625045184 第 1 次 等待 1 秒
2021-06-30 17:26:26 CHB 1730693?1625045184 第 1 次 获取到号码【1730693】GSD
2021-06-30 17:26:26 获取到号码【1730693】的GSD为【福建-宁德】
2021-06-30 17:26:50 GSD insert 第 1 次 等待 1 秒
2021-06-30 17:26:51 {"status":"ok","msg":"添加号码已存在，但为‘-’，修改成功！"}
2021-06-30 17:26:51 下次操作: 2021-06-30 17:27:00

2021-06-30 17:27:00 开始第 11 次操作

2021-06-30 17:27:00 开始操作号码 【1730694】
2021-06-30 17:27:11 GSD getOne 第 1 次 等待 1 秒
2021-06-30 17:27:12 查询号码 【1730694】，返回信息 {"status":"ok","msg":"-","time_insert":"2021-06-27 15:53"}
2021-06-30 17:27:12 查询号码 【1730694】，GSD为【"-"】
2021-06-30 17:27:12 ok && -
2021-06-30 17:27:14 CHB 1730694?1625045232 第 1 次 等待 1 秒
2021-06-30 17:27:15 CHB 1730694?1625045232 第 1 次 获取到号码【1730694】GSD
2021-06-30 17:27:15 获取到号码【1730694】的GSD为【福建-漳州】
2021-06-30 17:27:35 GSD insert 第 1 次 等待 1 秒
2021-06-30 17:27:36 {"status":"ok","msg":"添加号码已存在，但为‘-’，修改成功！"}
2021-06-30 17:27:36 下次操作: 2021-06-30 17:27:52

2021-06-30 17:27:52 开始第 12 次操作

2021-06-30 17:27:52 开始操作号码 【1730695】
2021-06-30 17:27:57 GSD getOne 第 1 次 等待 1 秒
2021-06-30 17:27:58 查询号码 【1730695】，返回信息 {"status":"ok","msg":"-","time_insert":"2021-06-27 15:54"}
2021-06-30 17:27:58 查询号码 【1730695】，GSD为【"-"】
2021-06-30 17:27:58 ok && -
2021-06-30 17:28:00 CHB 1730695?1625045278 第 1 次 等待 1 秒
2021-06-30 17:28:01 CHB 1730695?1625045278 第 1 次 获取到号码【1730695】GSD
2021-06-30 17:28:01 获取到号码【1730695】的GSD为【福建-漳州】
2021-06-30 17:28:22 GSD insert 第 1 次 等待 1 秒
2021-06-30 17:28:23 {"status":"ok","msg":"添加号码已存在，但为‘-’，修改成功！"}
2021-06-30 17:28:23 下次操作: 2021-06-30 17:28:38

2021-06-30 17:28:38 开始第 13 次操作

2021-06-30 17:28:38 开始操作号码 【1730696】
2021-06-30 17:28:42 GSD getOne 第 1 次 等待 1 秒
2021-06-30 17:28:43 查询号码 【1730696】，返回信息 {"status":"ok","msg":"-","time_insert":"2021-06-27 15:55"}
2021-06-30 17:28:43 查询号码 【1730696】，GSD为【"-"】
2021-06-30 17:28:43 ok && -
2021-06-30 17:28:44 CHB 1730696?1625045323 第 1 次 等待 1 秒
2021-06-30 17:28:45 CHB 1730696?1625045323 第 1 次 获取到号码【1730696】GSD
2021-06-30 17:28:45 获取到号码【1730696】的GSD为【福建-漳州】
2021-06-30 17:29:05 GSD insert 第 1 次 等待 1 秒
2021-06-30 17:29:06 {"status":"ok","msg":"添加号码已存在，但为‘-’，修改成功！"}
2021-06-30 17:29:06 下次操作: 2021-06-30 17:29:24

2021-06-30 17:29:24 开始第 14 次操作

2021-06-30 17:29:24 开始操作号码 【1730697】
2021-06-30 17:29:29 GSD getOne 第 1 次 等待 1 秒
2021-06-30 17:29:30 查询号码 【1730697】，返回信息 {"status":"ok","msg":"-","time_insert":"2021-06-27 15:55"}
2021-06-30 17:29:30 查询号码 【1730697】，GSD为【"-"】
2021-06-30 17:29:30 ok && -
2021-06-30 17:29:31 CHB 1730697?1625045370 第 1 次 等待 1 秒
2021-06-30 17:29:32 CHB 1730697?1625045370 第 1 次 获取到号码【1730697】GSD
2021-06-30 17:29:32 获取到号码【1730697】的GSD为【福建-龙岩】
2021-06-30 17:29:52 GSD insert 第 1 次 等待 1 秒
2021-06-30 17:29:53 {"status":"ok","msg":"添加号码已存在，但为‘-’，修改成功！"}
2021-06-30 17:29:53 下次操作: 2021-06-30 17:30:03

2021-06-30 17:30:03 开始第 15 次操作

2021-06-30 17:30:03 开始操作号码 【1730698】
2021-06-30 17:30:14 GSD getOne 第 1 次 等待 1 秒
2021-06-30 17:30:15 查询号码 【1730698】，返回信息 {"status":"ok","msg":"-","time_insert":"2021-06-27 15:56"}
2021-06-30 17:30:16 查询号码 【1730698】，GSD为【"-"】
2021-06-30 17:30:16 ok && -
2021-06-30 17:30:17 CHB 1730698?1625045416 第 1 次 等待 1 秒
2021-06-30 17:30:18 CHB 1730698?1625045416 第 1 次 获取到号码【1730698】GSD
2021-06-30 17:30:18 获取到号码【1730698】的GSD为【福建-三明】
2021-06-30 17:30:38 GSD insert 第 1 次 等待 1 秒
2021-06-30 17:30:39 {"status":"ok","msg":"添加号码已存在，但为‘-’，修改成功！"}
2021-06-30 17:30:39 下次操作: 2021-06-30 17:30:52

2021-06-30 17:30:52 开始第 16 次操作

2021-06-30 17:30:52 开始操作号码 【1730699】
2021-06-30 17:30:59 GSD getOne 第 1 次 等待 1 秒
2021-06-30 17:31:00 查询号码 【1730699】，返回信息 {"status":"ok","msg":"-","time_insert":"2021-06-27 15:57"}
2021-06-30 17:31:00 查询号码 【1730699】，GSD为【"-"】
2021-06-30 17:31:00 ok && -
2021-06-30 17:31:02 CHB 1730699?1625045460 第 1 次 等待 1 秒
2021-06-30 17:31:03 CHB 1730699?1625045460 第 1 次 获取到号码【1730699】GSD
2021-06-30 17:31:03 获取到号码【1730699】的GSD为【福建-泉州】
2021-06-30 17:31:26 GSD insert 第 1 次 等待 1 秒
2021-06-30 17:31:27 {"status":"ok","msg":"添加号码已存在，但为‘-’，修改成功！"}
2021-06-30 17:31:27 下次操作: 2021-06-30 17:31:37

2021-06-30 17:31:37 开始第 17 次操作

2021-06-30 17:31:37 开始操作号码 【1730700】
2021-06-30 17:31:51 GSD getOne 第 1 次 等待 1 秒
2021-06-30 17:31:52 查询号码 【1730700】，返回信息 {"status":"ok","msg":"-","time_insert":"2021-06-27 15:58"}
2021-06-30 17:31:52 查询号码 【1730700】，GSD为【"-"】
2021-06-30 17:31:52 ok && -
2021-06-30 17:31:54 CHB 1730700?1625045512 第 1 次 等待 1 秒
2021-06-30 17:31:55 CHB 1730700?1625045512 第 1 次 获取到号码【1730700】GSD
2021-06-30 17:31:55 获取到号码【1730700】的GSD为【江西-南昌】
2021-06-30 17:32:15 GSD insert 第 1 次 等待 1 秒
2021-06-30 17:32:16 {"status":"ok","msg":"添加号码已存在，但为‘-’，修改成功！"}
2021-06-30 17:32:16 下次操作: 2021-06-30 17:32:34

2021-06-30 17:32:34 开始第 18 次操作

2021-06-30 17:32:34 开始操作号码 【1730701】
2021-06-30 17:32:38 GSD getOne 第 1 次 等待 1 秒
2021-06-30 17:32:39 查询号码 【1730701】，返回信息 {"status":"ok","msg":"-","time_insert":"2021-06-27 15:58"}
2021-06-30 17:32:39 查询号码 【1730701】，GSD为【"-"】
2021-06-30 17:32:39 ok && -
2021-06-30 17:32:40 CHB 1730701?1625045559 第 1 次 等待 1 秒
2021-06-30 17:32:41 CHB 1730701?1625045559 第 1 次 获取到号码【1730701】GSD
2021-06-30 17:32:41 获取到号码【1730701】的GSD为【江西-鹰潭】
2021-06-30 17:33:01 GSD insert 第 1 次 等待 1 秒
2021-06-30 17:33:02 {"status":"ok","msg":"添加号码已存在，但为‘-’，修改成功！"}
2021-06-30 17:33:02 下次操作: 2021-06-30 17:33:09

2021-06-30 17:33:09 开始第 19 次操作

2021-06-30 17:33:09 开始操作号码 【1730702】
2021-06-30 17:33:31 GSD getOne 第 1 次 等待 1 秒
2021-06-30 17:33:32 查询号码 【1730702】，返回信息 {"status":"ok","msg":"-","time_insert":"2021-06-27 16:43"}
2021-06-30 17:33:32 查询号码 【1730702】，GSD为【"-"】
2021-06-30 17:33:32 ok && -
2021-06-30 17:33:35 CHB 1730702?1625045612 第 1 次 等待 1 秒
2021-06-30 17:33:36 CHB 1730702?1625045612 第 1 次 获取到号码【1730702】GSD
2021-06-30 17:33:36 获取到号码【1730702】的GSD为【江西-九江】
2021-06-30 17:33:56 GSD insert 第 1 次 等待 1 秒
2021-06-30 17:33:57 {"status":"ok","msg":"添加号码已存在，但为‘-’，修改成功！"}
2021-06-30 17:33:57 下次操作: 2021-06-30 17:34:05

2021-06-30 17:34:05 开始第 20 次操作

2021-06-30 17:34:05 开始操作号码 【1730703】
2021-06-30 17:34:15 GSD getOne 第 1 次 等待 1 秒
2021-06-30 17:34:16 查询号码 【1730703】，返回信息 {"status":"ok","msg":"-","time_insert":"2021-06-27 16:44"}
2021-06-30 17:34:17 查询号码 【1730703】，GSD为【"-"】
2021-06-30 17:34:17 ok && -
2021-06-30 17:34:18 CHB 1730703?1625045657 第 1 次 等待 1 秒
2021-06-30 17:34:19 CHB 1730703?1625045657 第 1 次 获取到号码【1730703】GSD
2021-06-30 17:34:19 获取到号码【1730703】的GSD为【江西-上饶】
2021-06-30 17:34:40 GSD insert 第 1 次 等待 1 秒
2021-06-30 17:34:41 {"status":"ok","msg":"添加号码已存在，但为‘-’，修改成功！"}
2021-06-30 17:34:41 下次操作: 2021-06-30 17:34:55

2021-06-30 17:34:55 开始第 21 次操作

2021-06-30 17:34:55 开始操作号码 【1730704】
2021-06-30 17:35:00 GSD getOne 第 1 次 等待 1 秒
2021-06-30 17:35:01 查询号码 【1730704】，返回信息 {"status":"ok","msg":"-","time_insert":"2021-06-27 16:45"}
2021-06-30 17:35:01 查询号码 【1730704】，GSD为【"-"】
2021-06-30 17:35:01 ok && -
2021-06-30 17:35:03 CHB 1730704?1625045701 第 1 次 等待 1 秒
2021-06-30 17:35:04 CHB 1730704?1625045701 第 1 次 获取到号码【1730704】GSD
2021-06-30 17:35:04 获取到号码【1730704】的GSD为【江西-抚州】
2021-06-30 17:35:24 GSD insert 第 1 次 等待 1 秒
2021-06-30 17:35:25 {"status":"ok","msg":"添加号码已存在，但为‘-’，修改成功！"}
2021-06-30 17:35:25 下次操作: 2021-06-30 17:35:34

2021-06-30 17:35:34 开始第 22 次操作

2021-06-30 17:35:34 开始操作号码 【1730705】
2021-06-30 17:35:46 GSD getOne 第 1 次 等待 1 秒
2021-06-30 17:35:47 查询号码 【1730705】，返回信息 {"status":"ok","msg":"-","time_insert":"2021-06-27 16:46"}
2021-06-30 17:35:48 查询号码 【1730705】，GSD为【"-"】
2021-06-30 17:35:48 ok && -
2021-06-30 17:35:49 CHB 1730705?1625045748 第 1 次 等待 1 秒
2021-06-30 17:35:50 CHB 1730705?1625045748 第 1 次 获取到号码【1730705】GSD
2021-06-30 17:35:50 获取到号码【1730705】的GSD为【江西-宜春】
2021-06-30 17:36:11 GSD insert 第 1 次 等待 1 秒
2021-06-30 17:36:12 {"status":"ok","msg":"添加号码已存在，但为‘-’，修改成功！"}
2021-06-30 17:36:12 下次操作: 2021-06-30 17:36:22

2021-06-30 17:36:22 开始第 23 次操作

2021-06-30 17:36:22 开始操作号码 【1730706】
2021-06-30 17:36:34 GSD getOne 第 1 次 等待 1 秒
2021-06-30 17:36:35 查询号码 【1730706】，返回信息 {"status":"ok","msg":"-","time_insert":"2021-06-27 16:46"}
2021-06-30 17:36:35 查询号码 【1730706】，GSD为【"-"】
2021-06-30 17:36:35 ok && -
2021-06-30 17:36:36 CHB 1730706?1625045795 第 1 次 等待 1 秒
2021-06-30 17:36:37 CHB 1730706?1625045795 第 1 次 获取到号码【1730706】GSD
2021-06-30 17:36:37 获取到号码【1730706】的GSD为【江西-吉安】
2021-06-30 17:36:57 GSD insert 第 1 次 等待 1 秒
2021-06-30 17:36:58 {"status":"ok","msg":"添加号码已存在，但为‘-’，修改成功！"}
2021-06-30 17:36:58 下次操作: 2021-06-30 17:37:07

2021-06-30 17:37:07 开始第 24 次操作

2021-06-30 17:37:07 开始操作号码 【1730707】
2021-06-30 17:37:19 GSD getOne 第 1 次 等待 1 秒
2021-06-30 17:37:20 查询号码 【1730707】，返回信息 {"status":"ok","msg":"-","time_insert":"2021-06-27 16:48"}
2021-06-30 17:37:20 查询号码 【1730707】，GSD为【"-"】
2021-06-30 17:37:20 ok && -
2021-06-30 17:37:21 CHB 1730707?1625045840 第 1 次 等待 1 秒
2021-06-30 17:37:22 CHB 1730707?1625045840 第 1 次 获取到号码【1730707】GSD
2021-06-30 17:37:22 获取到号码【1730707】的GSD为【江西-赣州】
2021-06-30 17:37:42 GSD insert 第 1 次 等待 1 秒
2021-06-30 17:37:43 {"status":"ok","msg":"添加号码已存在，但为‘-’，修改成功！"}
2021-06-30 17:37:43 下次操作: 2021-06-30 17:37:55

2021-06-30 17:37:55 开始第 25 次操作

2021-06-30 17:37:55 开始操作号码 【1730708】
2021-06-30 17:38:02 GSD getOne 第 1 次 等待 1 秒
2021-06-30 17:38:03 查询号码 【1730708】，返回信息 {"status":"ok","msg":"-","time_insert":"2021-06-27 16:48"}
2021-06-30 17:38:03 查询号码 【1730708】，GSD为【"-"】
2021-06-30 17:38:03 ok && -
2021-06-30 17:38:05 CHB 1730708?1625045883 第 1 次 等待 1 秒
2021-06-30 17:38:06 CHB 1730708?1625045883 第 1 次 获取到号码【1730708】GSD
2021-06-30 17:38:06 获取到号码【1730708】的GSD为【江西-南昌】
2021-06-30 17:38:26 GSD insert 第 1 次 等待 1 秒
2021-06-30 17:38:27 {"status":"ok","msg":"添加号码已存在，但为‘-’，修改成功！"}
2021-06-30 17:38:27 下次操作: 2021-06-30 17:38:36

2021-06-30 17:38:36 开始第 26 次操作

2021-06-30 17:38:36 开始操作号码 【1730709】
2021-06-30 17:38:47 GSD getOne 第 1 次 等待 1 秒
2021-06-30 17:38:48 查询号码 【1730709】，返回信息 {"status":"ok","msg":"-","time_insert":"2021-06-27 16:49"}
2021-06-30 17:38:48 查询号码 【1730709】，GSD为【"-"】
2021-06-30 17:38:48 ok && -
2021-06-30 17:38:50 CHB 1730709?1625045928 第 1 次 等待 1 秒
2021-06-30 17:38:51 CHB 1730709?1625045928 第 1 次 获取到号码【1730709】GSD
2021-06-30 17:38:51 获取到号码【1730709】的GSD为【江西-南昌】
2021-06-30 17:39:11 GSD insert 第 1 次 等待 1 秒
2021-06-30 17:39:12 {"status":"ok","msg":"添加号码已存在，但为‘-’，修改成功！"}
2021-06-30 17:39:12 下次操作: 2021-06-30 17:39:28

2021-06-30 17:39:28 开始第 27 次操作

2021-06-30 17:39:28 开始操作号码 【1730710】
2021-06-30 17:39:33 GSD getOne 第 1 次 等待 1 秒
2021-06-30 17:39:34 查询号码 【1730710】，返回信息 {"status":"ok","msg":"-","time_insert":"2021-06-27 16:50"}
2021-06-30 17:39:34 查询号码 【1730710】，GSD为【"-"】
2021-06-30 17:39:34 ok && -
2021-06-30 17:39:35 CHB 1730710?1625045974 第 1 次 等待 1 秒
2021-06-30 17:39:36 CHB 1730710?1625045974 第 1 次 获取到号码【1730710】GSD
2021-06-30 17:39:36 获取到号码【1730710】的GSD为【湖北-武汉】
2021-06-30 17:39:58 GSD insert 第 1 次 等待 1 秒
2021-06-30 17:39:59 {"status":"ok","msg":"添加号码已存在，但为‘-’，修改成功！"}
2021-06-30 17:39:59 下次操作: 2021-06-30 17:40:12

2021-06-30 17:40:12 开始第 28 次操作

2021-06-30 17:40:12 开始操作号码 【1730711】
2021-06-30 17:40:21 GSD getOne 第 1 次 等待 1 秒
2021-06-30 17:40:22 查询号码 【1730711】，返回信息 {"status":"ok","msg":"-","time_insert":"2021-06-27 16:51"}
2021-06-30 17:40:22 查询号码 【1730711】，GSD为【"-"】
2021-06-30 17:40:22 ok && -
2021-06-30 17:40:24 CHB 1730711?1625046022 第 1 次 等待 1 秒
2021-06-30 17:40:25 CHB 1730711?1625046022 第 1 次 获取到号码【1730711】GSD
2021-06-30 17:40:25 获取到号码【1730711】的GSD为【湖北-武汉】
2021-06-30 17:40:45 GSD insert 第 1 次 等待 1 秒
2021-06-30 17:40:46 {"status":"ok","msg":"添加号码已存在，但为‘-’，修改成功！"}
2021-06-30 17:40:46 下次操作: 2021-06-30 17:41:01

2021-06-30 17:41:01 开始第 29 次操作

2021-06-30 17:41:01 开始操作号码 【1730712】
2021-06-30 17:41:05 GSD getOne 第 1 次 等待 1 秒
2021-06-30 17:41:06 查询号码 【1730712】，返回信息 {"status":"ok","msg":"-","time_insert":"2021-06-27 16:51"}
2021-06-30 17:41:06 查询号码 【1730712】，GSD为【"-"】
2021-06-30 17:41:06 ok && -
2021-06-30 17:41:07 CHB 1730712?1625046066 第 1 次 等待 1 秒
2021-06-30 17:41:08 CHB 1730712?1625046066 第 1 次 获取到号码【1730712】GSD
2021-06-30 17:41:08 获取到号码【1730712】的GSD为【湖北-武汉】
2021-06-30 17:41:29 GSD insert 第 1 次 等待 1 秒
2021-06-30 17:41:30 {"status":"ok","msg":"添加号码已存在，但为‘-’，修改成功！"}
2021-06-30 17:41:30 下次操作: 2021-06-30 17:41:43

2021-06-30 17:41:43 开始第 30 次操作

2021-06-30 17:41:43 开始操作号码 【1730713】
2021-06-30 17:41:50 GSD getOne 第 1 次 等待 1 秒
2021-06-30 17:41:51 查询号码 【1730713】，返回信息 {"status":"ok","msg":"-","time_insert":"2021-06-27 16:52"}
2021-06-30 17:41:51 查询号码 【1730713】，GSD为【"-"】
2021-06-30 17:41:51 ok && -
2021-06-30 17:41:52 CHB 1730713?1625046111 第 1 次 等待 1 秒
2021-06-30 17:41:53 CHB 1730713?1625046111 第 1 次 获取到号码【1730713】GSD
2021-06-30 17:41:53 获取到号码【1730713】的GSD为【湖北-武汉】
2021-06-30 17:42:13 GSD insert 第 1 次 等待 1 秒
2021-06-30 17:42:14 {"status":"ok","msg":"添加号码已存在，但为‘-’，修改成功！"}

2021-06-30 17:48:21 开始第 1 次操作

2021-06-30 17:48:21 开始操作号码 【1730714】
2021-06-30 17:48:25 GSD getOne 第 1 次 等待 1 秒
2021-06-30 17:48:26 查询号码 【1730714】，返回信息 {"status":"ok","msg":"-","time_insert":"2021-06-27 16:53"}
2021-06-30 17:48:26 查询号码 【1730714】，GSD为【"-"】
2021-06-30 17:48:26 ok && -
2021-06-30 17:48:27 CHB 1730714?1625046506 第 1 次 等待 1 秒
2021-06-30 17:48:28 CHB 1730714?1625046506 第 1 次 获取到号码【1730714】GSD
2021-06-30 17:48:28 未获取到号码【1730714】GSD，查号吧 521 错误
2021-06-30 17:48:28 获取到号码【1730714】的GSD为【-】
2021-06-30 17:48:47 GSD insert 第 1 次 等待 1 秒
2021-06-30 17:48:48 {"status":"bad","msg":"添加失败！号码【1730714(-|-)】已存在！"}
2021-06-30 17:48:48 下次操作: 2021-06-30 17:48:59

2021-06-30 17:48:59 开始第 2 次操作

2021-06-30 17:48:59 开始操作号码 【1730715】
2021-06-30 17:49:10 GSD getOne 第 1 次 等待 1 秒
2021-06-30 17:49:11 查询号码 【1730715】，返回信息 {"status":"ok","msg":"-","time_insert":"2021-06-27 16:54"}
2021-06-30 17:49:11 查询号码 【1730715】，GSD为【"-"】
2021-06-30 17:49:11 ok && -
2021-06-30 17:49:14 CHB 1730715?1625046551 第 1 次 等待 1 秒
2021-06-30 17:49:15 CHB 1730715?1625046551 第 1 次 获取到号码【1730715】GSD
2021-06-30 17:49:15 获取到号码【1730715】的GSD为【湖北-武汉】
2021-06-30 17:49:36 GSD insert 第 1 次 等待 1 秒
2021-06-30 17:49:37 {"status":"ok","msg":"添加号码已存在，但为‘-’，修改成功！"}
2021-06-30 17:49:37 下次操作: 2021-06-30 17:49:45

2021-06-30 17:49:45 开始第 3 次操作

2021-06-30 17:49:45 开始操作号码 【1730716】
2021-06-30 17:50:04 GSD getOne 第 1 次 等待 1 秒
2021-06-30 17:50:05 查询号码 【1730716】，返回信息 {"status":"ok","msg":"-","time_insert":"2021-06-27 16:54"}
2021-06-30 17:50:05 查询号码 【1730716】，GSD为【"-"】
2021-06-30 17:50:05 ok && -
2021-06-30 17:50:18 CHB 1730716?1625046605 第 1 次 等待 1 秒
2021-06-30 17:50:19 CHB 1730716?1625046605 第 1 次 获取到号码【1730716】GSD
2021-06-30 17:50:19 获取到号码【1730716】的GSD为【湖北-武汉】
2021-06-30 17:50:31 GSD insert 第 1 次 等待 1 秒
2021-06-30 17:50:32 {"status":"ok","msg":"添加号码已存在，但为‘-’，修改成功！"}
2021-06-30 17:50:32 下次操作: 2021-06-30 17:50:49

2021-06-30 17:50:49 开始第 4 次操作

2021-06-30 17:50:49 开始操作号码 【1730717】
2021-06-30 17:50:56 GSD getOne 第 1 次 等待 1 秒
2021-06-30 17:50:57 查询号码 【1730717】，返回信息 {"status":"ok","msg":"-","time_insert":"2021-06-27 16:55"}
2021-06-30 17:50:57 查询号码 【1730717】，GSD为【"-"】
2021-06-30 17:50:57 ok && -
2021-06-30 17:50:58 CHB 1730717?1625046657 第 1 次 等待 1 秒
2021-06-30 17:50:59 CHB 1730717?1625046657 第 1 次 获取到号码【1730717】GSD
2021-06-30 17:50:59 未获取到号码【1730717】GSD，查号吧 521 错误
2021-06-30 17:50:59 获取到号码【1730717】的GSD为【-】
2021-06-30 17:51:19 GSD insert 第 1 次 等待 1 秒
2021-06-30 17:51:20 {"status":"bad","msg":"添加失败！号码【1730717(-|-)】已存在！"}
2021-06-30 17:51:20 下次操作: 2021-06-30 17:51:33

2021-06-30 17:51:33 开始第 5 次操作

2021-06-30 17:51:33 开始操作号码 【1730718】
2021-06-30 17:51:44 GSD getOne 第 1 次 等待 1 秒
2021-06-30 17:51:45 查询号码 【1730718】，返回信息 {"status":"ok","msg":"-","time_insert":"2021-06-27 16:56"}
2021-06-30 17:51:45 查询号码 【1730718】，GSD为【"-"】
2021-06-30 17:51:45 ok && -
2021-06-30 17:51:47 CHB 1730718?1625046705 第 1 次 等待 1 秒
2021-06-30 17:51:48 CHB 1730718?1625046705 第 1 次 获取到号码【1730718】GSD
2021-06-30 17:51:48 获取到号码【1730718】的GSD为【湖北-武汉】
2021-06-30 17:52:08 GSD insert 第 1 次 等待 1 秒
2021-06-30 17:52:09 {"status":"ok","msg":"添加号码已存在，但为‘-’，修改成功！"}
2021-06-30 17:52:09 下次操作: 2021-06-30 17:52:19

2021-06-30 17:52:19 开始第 6 次操作

2021-06-30 17:52:19 开始操作号码 【1730719】
2021-06-30 17:52:30 GSD getOne 第 1 次 等待 1 秒
2021-06-30 17:52:31 查询号码 【1730719】，返回信息 {"status":"ok","msg":"-","time_insert":"2021-06-27 16:56"}
2021-06-30 17:52:31 查询号码 【1730719】，GSD为【"-"】
2021-06-30 17:52:31 ok && -
2021-06-30 17:52:33 CHB 1730719?1625046751 第 1 次 等待 1 秒
2021-06-30 17:52:34 CHB 1730719?1625046751 第 1 次 获取到号码【1730719】GSD
2021-06-30 17:52:34 获取到号码【1730719】的GSD为【湖北-武汉】
2021-06-30 17:52:54 GSD insert 第 1 次 等待 1 秒
2021-06-30 17:52:55 {"status":"ok","msg":"添加号码已存在，但为‘-’，修改成功！"}
2021-06-30 17:52:55 下次操作: 2021-06-30 17:53:04

2021-06-30 17:53:04 开始第 7 次操作

2021-06-30 17:53:04 开始操作号码 【1730720】
2021-06-30 17:53:23 GSD getOne 第 1 次 等待 1 秒
2021-06-30 17:53:24 查询号码 【1730720】，返回信息 {"status":"ok","msg":"-","time_insert":"2021-06-27 16:57"}
2021-06-30 17:53:24 查询号码 【1730720】，GSD为【"-"】
2021-06-30 17:53:24 ok && -
2021-06-30 17:53:26 CHB 1730720?1625046804 第 1 次 等待 1 秒
2021-06-30 17:53:27 CHB 1730720?1625046804 第 1 次 获取到号码【1730720】GSD
2021-06-30 17:53:27 获取到号码【1730720】的GSD为【湖北-宜昌】
2021-06-30 17:53:48 GSD insert 第 1 次 等待 1 秒
2021-06-30 17:53:49 {"status":"ok","msg":"添加号码已存在，但为‘-’，修改成功！"}
2021-06-30 17:53:49 下次操作: 2021-06-30 17:54:02

2021-06-30 17:54:02 开始第 8 次操作

2021-06-30 17:54:02 开始操作号码 【1730721】
2021-06-30 17:54:14 GSD getOne 第 1 次 等待 1 秒
2021-06-30 17:54:15 查询号码 【1730721】，返回信息 {"status":"ok","msg":"-","time_insert":"2021-06-27 16:58"}
2021-06-30 17:54:15 查询号码 【1730721】，GSD为【"-"】
2021-06-30 17:54:15 ok && -
2021-06-30 17:54:25 CHB 1730721?1625046855 第 1 次 等待 1 秒
2021-06-30 17:54:26 CHB 1730721?1625046855 第 1 次 获取到号码【1730721】GSD
2021-06-30 17:54:26 获取到号码【1730721】的GSD为【湖北-宜昌】
2021-06-30 17:54:38 GSD insert 第 1 次 等待 1 秒
2021-06-30 17:54:39 {"status":"ok","msg":"添加号码已存在，但为‘-’，修改成功！"}
2021-06-30 17:54:39 下次操作: 2021-06-30 17:54:51

2021-06-30 17:54:51 开始第 9 次操作

2021-06-30 17:54:51 开始操作号码 【1730722】
2021-06-30 17:55:02 GSD getOne 第 1 次 等待 1 秒
2021-06-30 17:55:03 查询号码 【1730722】，返回信息 {"status":"ok","msg":"-","time_insert":"2021-06-27 16:59"}
2021-06-30 17:55:03 查询号码 【1730722】，GSD为【"-"】
2021-06-30 17:55:03 ok && -
2021-06-30 17:55:05 CHB 1730722?1625046903 第 1 次 等待 1 秒
2021-06-30 17:55:06 CHB 1730722?1625046903 第 1 次 获取到号码【1730722】GSD
2021-06-30 17:55:06 获取到号码【1730722】的GSD为【湖北-随州】
2021-06-30 17:55:26 GSD insert 第 1 次 等待 1 秒
2021-06-30 17:55:27 {"status":"ok","msg":"添加号码已存在，但为‘-’，修改成功！"}
2021-06-30 17:55:27 下次操作: 2021-06-30 17:55:33

2021-06-30 17:55:33 开始第 10 次操作

2021-06-30 17:55:33 开始操作号码 【1730723】
2021-06-30 17:55:52 GSD getOne 第 1 次 等待 1 秒
2021-06-30 17:55:53 查询号码 【1730723】，返回信息 {"status":"ok","msg":"-","time_insert":"2021-06-27 16:59"}
2021-06-30 17:55:53 查询号码 【1730723】，GSD为【"-"】
2021-06-30 17:55:53 ok && -
2021-06-30 17:55:55 CHB 1730723?1625046953 第 1 次 等待 1 秒
2021-06-30 17:55:56 CHB 1730723?1625046953 第 1 次 获取到号码【1730723】GSD
2021-06-30 17:55:56 获取到号码【1730723】的GSD为【湖北-武汉】
2021-06-30 17:56:16 GSD insert 第 1 次 等待 1 秒
2021-06-30 17:56:17 {"status":"ok","msg":"添加号码已存在，但为‘-’，修改成功！"}
2021-06-30 17:56:17 下次操作: 2021-06-30 17:56:34

2021-06-30 17:56:34 开始第 11 次操作

2021-06-30 17:56:34 开始操作号码 【1730724】
2021-06-30 17:56:38 GSD getOne 第 1 次 等待 1 秒
2021-06-30 17:56:39 查询号码 【1730724】，返回信息 {"status":"ok","msg":"-","time_insert":"2021-06-27 17:00"}
2021-06-30 17:56:39 查询号码 【1730724】，GSD为【"-"】
2021-06-30 17:56:39 ok && -
2021-06-30 17:56:44 CHB 1730724?1625046999 第 1 次 等待 1 秒
2021-06-30 17:56:45 CHB 1730724?1625046999 第 1 次 获取到号码【1730724】GSD
2021-06-30 17:56:45 获取到号码【1730724】的GSD为【湖北-荆门】
2021-06-30 17:57:05 GSD insert 第 1 次 等待 1 秒
2021-06-30 17:57:06 {"status":"ok","msg":"添加号码已存在，但为‘-’，修改成功！"}
2021-06-30 17:57:06 下次操作: 2021-06-30 17:57:12

2021-06-30 17:57:12 开始第 12 次操作

2021-06-30 17:57:12 开始操作号码 【1730725】
2021-06-30 17:57:31 GSD getOne 第 1 次 等待 1 秒
2021-06-30 17:57:32 查询号码 【1730725】，返回信息 {"status":"ok","msg":"-","time_insert":"2021-06-27 17:01"}
2021-06-30 17:57:32 查询号码 【1730725】，GSD为【"-"】
2021-06-30 17:57:32 ok && -
2021-06-30 17:57:34 CHB 1730725?1625047052 第 1 次 等待 1 秒
2021-06-30 17:57:35 CHB 1730725?1625047052 第 1 次 获取到号码【1730725】GSD
2021-06-30 17:57:35 获取到号码【1730725】的GSD为【湖北-鄂州】
2021-06-30 17:57:55 GSD insert 第 1 次 等待 1 秒
2021-06-30 17:57:56 {"status":"ok","msg":"添加号码已存在，但为‘-’，修改成功！"}
2021-06-30 17:57:56 下次操作: 2021-06-30 17:58:05

2021-06-30 17:58:05 开始第 13 次操作

2021-06-30 17:58:05 开始操作号码 【1730726】
2021-06-30 17:58:24 GSD getOne 第 1 次 等待 1 秒
2021-06-30 17:58:25 查询号码 【1730726】，返回信息 {"status":"ok","msg":"-","time_insert":"2021-06-27 17:02"}
2021-06-30 17:58:25 查询号码 【1730726】，GSD为【"-"】
2021-06-30 17:58:25 ok && -
2021-06-30 17:58:28 CHB 1730726?1625047105 第 1 次 等待 1 秒
2021-06-30 17:58:29 CHB 1730726?1625047105 第 1 次 获取到号码【1730726】GSD
2021-06-30 17:58:29 获取到号码【1730726】的GSD为【湖北-黄石】
2021-06-30 17:58:51 GSD insert 第 1 次 等待 1 秒
2021-06-30 17:58:52 {"status":"ok","msg":"添加号码已存在，但为‘-’，修改成功！"}
2021-06-30 17:58:52 下次操作: 2021-06-30 17:59:09

2021-06-30 17:59:09 开始第 14 次操作

2021-06-30 17:59:09 开始操作号码 【1730727】
2021-06-30 17:59:13 GSD getOne 第 1 次 等待 1 秒
2021-06-30 17:59:14 查询号码 【1730727】，返回信息 {"status":"ok","msg":"-","time_insert":"2021-06-27 17:02"}
2021-06-30 17:59:14 查询号码 【1730727】，GSD为【"-"】
2021-06-30 17:59:14 ok && -
2021-06-30 17:59:16 CHB 1730727?1625047154 第 1 次 等待 1 秒
2021-06-30 17:59:17 CHB 1730727?1625047154 第 1 次 获取到号码【1730727】GSD
2021-06-30 17:59:17 获取到号码【1730727】的GSD为【湖北-江汉】
2021-06-30 17:59:40 GSD insert 第 1 次 等待 1 秒
2021-06-30 17:59:41 {"status":"ok","msg":"添加号码已存在，但为‘-’，修改成功！"}
2021-06-30 17:59:41 下次操作: 2021-06-30 17:59:48

2021-06-30 17:59:48 开始第 15 次操作

2021-06-30 17:59:48 开始操作号码 【1730728】
2021-06-30 18:00:09 GSD getOne 第 1 次 等待 1 秒
2021-06-30 18:00:10 查询号码 【1730728】，返回信息 {"status":"ok","msg":"-","time_insert":"2021-06-27 17:03"}
2021-06-30 18:00:10 查询号码 【1730728】，GSD为【"-"】
2021-06-30 18:00:10 ok && -
2021-06-30 18:00:12 CHB 1730728?1625047210 第 1 次 等待 1 秒
2021-06-30 18:00:13 CHB 1730728?1625047210 第 1 次 获取到号码【1730728】GSD
2021-06-30 18:00:13 获取到号码【1730728】的GSD为【湖北-江汉】
2021-06-30 18:00:33 GSD insert 第 1 次 等待 1 秒
2021-06-30 18:00:34 {"status":"ok","msg":"添加号码已存在，但为‘-’，修改成功！"}
2021-06-30 18:00:34 下次操作: 2021-06-30 18:00:44

2021-06-30 18:00:44 开始第 16 次操作

2021-06-30 18:00:44 开始操作号码 【1730729】
2021-06-30 18:00:57 GSD getOne 第 1 次 等待 1 秒
2021-06-30 18:00:58 查询号码 【1730729】，返回信息 {"status":"ok","msg":"-","time_insert":"2021-06-27 17:04"}
2021-06-30 18:00:58 查询号码 【1730729】，GSD为【"-"】
2021-06-30 18:00:58 ok && -
2021-06-30 18:00:59 CHB 1730729?1625047258 第 1 次 等待 1 秒
2021-06-30 18:01:00 CHB 1730729?1625047258 第 1 次 获取到号码【1730729】GSD
2021-06-30 18:01:00 获取到号码【1730729】的GSD为【湖北-江汉】
2021-06-30 18:01:22 GSD insert 第 1 次 等待 1 秒
2021-06-30 18:01:23 {"status":"ok","msg":"添加号码已存在，但为‘-’，修改成功！"}
2021-06-30 18:01:23 下次操作: 2021-06-30 18:01:33

2021-06-30 18:01:33 开始第 17 次操作

2021-06-30 18:01:33 开始操作号码 【1730730】
2021-06-30 18:01:44 GSD getOne 第 1 次 等待 1 秒
2021-06-30 18:01:45 查询号码 【1730730】，返回信息 {"status":"ok","msg":"-","time_insert":"2021-06-27 17:05"}
2021-06-30 18:01:45 查询号码 【1730730】，GSD为【"-"】
2021-06-30 18:01:45 ok && -
2021-06-30 18:01:47 CHB 1730730?1625047305 第 1 次 等待 1 秒
2021-06-30 18:01:48 CHB 1730730?1625047305 第 1 次 获取到号码【1730730】GSD
2021-06-30 18:01:48 获取到号码【1730730】的GSD为【湖南-岳阳】
2021-06-30 18:02:11 GSD insert 第 1 次 等待 1 秒
2021-06-30 18:02:12 {"status":"ok","msg":"添加号码已存在，但为‘-’，修改成功！"}
2021-06-30 18:02:12 下次操作: 2021-06-30 18:02:21

2021-06-30 18:02:21 开始第 18 次操作

2021-06-30 18:02:21 开始操作号码 【1730731】
2021-06-30 18:02:42 GSD getOne 第 1 次 等待 1 秒
2021-06-30 18:02:43 查询号码 【1730731】，返回信息 {"status":"ok","msg":"-","time_insert":"2021-06-27 17:05"}
2021-06-30 18:02:43 查询号码 【1730731】，GSD为【"-"】
2021-06-30 18:02:43 ok && -
2021-06-30 18:02:45 CHB 1730731?1625047363 第 1 次 等待 1 秒
2021-06-30 18:02:46 CHB 1730731?1625047363 第 1 次 获取到号码【1730731】GSD
2021-06-30 18:02:46 获取到号码【1730731】的GSD为【湖南-长沙】
2021-06-30 18:03:06 GSD insert 第 1 次 等待 1 秒
2021-06-30 18:03:07 {"status":"ok","msg":"添加号码已存在，但为‘-’，修改成功！"}
2021-06-30 18:03:07 下次操作: 2021-06-30 18:03:20

2021-06-30 18:03:20 开始第 19 次操作

2021-06-30 18:03:20 开始操作号码 【1730732】
2021-06-30 18:03:31 GSD getOne 第 1 次 等待 1 秒
2021-06-30 18:03:32 查询号码 【1730732】，返回信息 {"status":"ok","msg":"-","time_insert":"2021-06-27 17:47"}
2021-06-30 18:03:32 查询号码 【1730732】，GSD为【"-"】
2021-06-30 18:03:32 ok && -
2021-06-30 18:03:34 CHB 1730732?1625047412 第 1 次 等待 1 秒
2021-06-30 18:03:35 CHB 1730732?1625047412 第 1 次 获取到号码【1730732】GSD
2021-06-30 18:03:35 获取到号码【1730732】的GSD为【湖南-湘潭】
2021-06-30 18:03:55 GSD insert 第 1 次 等待 1 秒
2021-06-30 18:03:56 {"status":"ok","msg":"添加号码已存在，但为‘-’，修改成功！"}
2021-06-30 18:03:56 下次操作: 2021-06-30 18:04:05

2021-06-30 18:04:05 开始第 20 次操作

2021-06-30 18:04:05 开始操作号码 【1730733】
2021-06-30 18:04:28 GSD getOne 第 1 次 等待 1 秒
2021-06-30 18:04:29 查询号码 【1730733】，返回信息 {"status":"ok","msg":"-","time_insert":"2021-06-27 17:47"}
2021-06-30 18:04:29 查询号码 【1730733】，GSD为【"-"】
2021-06-30 18:04:29 ok && -
2021-06-30 18:04:31 CHB 1730733?1625047469 第 1 次 等待 1 秒
2021-06-30 18:04:32 CHB 1730733?1625047469 第 1 次 获取到号码【1730733】GSD
2021-06-30 18:04:32 获取到号码【1730733】的GSD为【湖南-株洲】
2021-06-30 18:04:52 GSD insert 第 1 次 等待 1 秒
2021-06-30 18:04:53 {"status":"ok","msg":"添加号码已存在，但为‘-’，修改成功！"}
2021-06-30 18:04:53 下次操作: 2021-06-30 18:04:59

2021-06-30 18:04:59 开始第 21 次操作

2021-06-30 18:04:59 开始操作号码 【1730734】
2021-06-30 18:05:18 GSD getOne 第 1 次 等待 1 秒
2021-06-30 18:05:19 查询号码 【1730734】，返回信息 {"status":"ok","msg":"-","time_insert":"2021-06-27 17:48"}
2021-06-30 18:05:19 查询号码 【1730734】，GSD为【"-"】
2021-06-30 18:05:19 ok && -
2021-06-30 18:05:23 CHB 1730734?1625047519 第 1 次 等待 1 秒
2021-06-30 18:05:24 CHB 1730734?1625047519 第 1 次 获取到号码【1730734】GSD
2021-06-30 18:05:24 获取到号码【1730734】的GSD为【湖南-衡阳】
2021-06-30 18:05:44 GSD insert 第 1 次 等待 1 秒
2021-06-30 18:05:45 {"status":"ok","msg":"添加号码已存在，但为‘-’，修改成功！"}
2021-06-30 18:05:45 下次操作: 2021-06-30 18:05:51

2021-06-30 18:05:51 开始第 22 次操作

2021-06-30 18:05:51 开始操作号码 【1730735】
2021-06-30 18:06:10 GSD getOne 第 1 次 等待 1 秒
2021-06-30 18:06:11 查询号码 【1730735】，返回信息 {"status":"ok","msg":"-","time_insert":"2021-06-27 17:49"}
2021-06-30 18:06:11 查询号码 【1730735】，GSD为【"-"】
2021-06-30 18:06:11 ok && -
2021-06-30 18:06:15 CHB 1730735?1625047571 第 1 次 等待 1 秒
2021-06-30 18:06:16 CHB 1730735?1625047571 第 1 次 获取到号码【1730735】GSD
2021-06-30 18:06:16 获取到号码【1730735】的GSD为【湖南-郴州】
2021-06-30 18:06:38 GSD insert 第 1 次 等待 1 秒
2021-06-30 18:06:39 {"status":"ok","msg":"添加号码已存在，但为‘-’，修改成功！"}
2021-06-30 18:06:39 下次操作: 2021-06-30 18:06:47

2021-06-30 18:06:47 开始第 23 次操作

2021-06-30 18:06:47 开始操作号码 【1730736】
2021-06-30 18:07:06 GSD getOne 第 1 次 等待 1 秒
2021-06-30 18:07:07 查询号码 【1730736】，返回信息 {"status":"ok","msg":"-","time_insert":"2021-06-27 17:50"}
2021-06-30 18:07:07 查询号码 【1730736】，GSD为【"-"】
2021-06-30 18:07:07 ok && -
2021-06-30 18:07:09 CHB 1730736?1625047627 第 1 次 等待 1 秒
2021-06-30 18:07:10 CHB 1730736?1625047627 第 1 次 获取到号码【1730736】GSD
2021-06-30 18:07:10 获取到号码【1730736】的GSD为【湖南-常德】
2021-06-30 18:07:30 GSD insert 第 1 次 等待 1 秒
2021-06-30 18:07:31 {"status":"ok","msg":"添加号码已存在，但为‘-’，修改成功！"}
2021-06-30 18:07:31 下次操作: 2021-06-30 18:07:39

2021-06-30 18:07:39 开始第 24 次操作

2021-06-30 18:07:39 开始操作号码 【1730737】
2021-06-30 18:07:58 GSD getOne 第 1 次 等待 1 秒
2021-06-30 18:07:59 查询号码 【1730737】，返回信息 {"status":"ok","msg":"-","time_insert":"2021-06-27 17:51"}
2021-06-30 18:07:59 查询号码 【1730737】，GSD为【"-"】
2021-06-30 18:07:59 ok && -
2021-06-30 18:08:01 CHB 1730737?1625047679 第 1 次 等待 1 秒
2021-06-30 18:08:02 CHB 1730737?1625047679 第 1 次 获取到号码【1730737】GSD
2021-06-30 18:08:02 获取到号码【1730737】的GSD为【湖南-益阳】
2021-06-30 18:08:22 GSD insert 第 1 次 等待 1 秒
2021-06-30 18:08:23 {"status":"ok","msg":"添加号码已存在，但为‘-’，修改成功！"}
2021-06-30 18:08:23 下次操作: 2021-06-30 18:08:41

2021-06-30 18:08:41 开始第 25 次操作

2021-06-30 18:08:41 开始操作号码 【1730738】
2021-06-30 18:08:45 GSD getOne 第 1 次 等待 1 秒
2021-06-30 18:08:46 查询号码 【1730738】，返回信息 {"status":"ok","msg":"-","time_insert":"2021-06-27 17:51"}
2021-06-30 18:08:46 查询号码 【1730738】，GSD为【"-"】
2021-06-30 18:08:46 ok && -
2021-06-30 18:08:48 CHB 1730738?1625047726 第 1 次 等待 1 秒
2021-06-30 18:08:49 CHB 1730738?1625047726 第 1 次 获取到号码【1730738】GSD
2021-06-30 18:08:49 获取到号码【1730738】的GSD为【湖南-娄底】
2021-06-30 18:09:13 GSD insert 第 1 次 等待 1 秒
2021-06-30 18:09:14 {"status":"ok","msg":"添加号码已存在，但为‘-’，修改成功！"}
2021-06-30 18:09:14 下次操作: 2021-06-30 18:09:25

2021-06-30 18:09:25 开始第 26 次操作

2021-06-30 18:09:25 开始操作号码 【1730739】
2021-06-30 18:09:36 GSD getOne 第 1 次 等待 1 秒
2021-06-30 18:09:37 查询号码 【1730739】，返回信息 {"status":"ok","msg":"-","time_insert":"2021-06-27 17:52"}
2021-06-30 18:09:37 查询号码 【1730739】，GSD为【"-"】
2021-06-30 18:09:37 ok && -
2021-06-30 18:09:38 CHB 1730739?1625047777 第 1 次 等待 1 秒
2021-06-30 18:09:39 CHB 1730739?1625047777 第 1 次 获取到号码【1730739】GSD
2021-06-30 18:09:39 获取到号码【1730739】的GSD为【湖南-邵阳】
2021-06-30 18:10:00 GSD insert 第 1 次 等待 1 秒
2021-06-30 18:10:01 {"status":"ok","msg":"添加号码已存在，但为‘-’，修改成功！"}
2021-06-30 18:10:01 下次操作: 2021-06-30 18:10:12

2021-06-30 18:10:12 开始第 27 次操作

2021-06-30 18:10:12 开始操作号码 【1730740】
2021-06-30 18:10:23 GSD getOne 第 1 次 等待 1 秒
2021-06-30 18:10:24 查询号码 【1730740】，返回信息 {"status":"ok","msg":"-","time_insert":"2021-06-27 17:53"}
2021-06-30 18:10:25 查询号码 【1730740】，GSD为【"-"】
2021-06-30 18:10:25 ok && -
2021-06-30 18:10:26 CHB 1730740?1625047825 第 1 次 等待 1 秒
2021-06-30 18:10:27 CHB 1730740?1625047825 第 1 次 获取到号码【1730740】GSD
2021-06-30 18:10:28 获取到号码【1730740】的GSD为【湖南-长沙】
2021-06-30 18:10:47 GSD insert 第 1 次 等待 1 秒
2021-06-30 18:10:48 {"status":"ok","msg":"添加号码已存在，但为‘-’，修改成功！"}
2021-06-30 18:10:49 下次操作: 2021-06-30 18:11:04

2021-06-30 18:11:04 开始第 28 次操作

2021-06-30 18:11:04 开始操作号码 【1730741】
2021-06-30 18:11:11 GSD getOne 第 1 次 等待 1 秒
2021-06-30 18:11:12 查询号码 【1730741】，返回信息 {"status":"ok","msg":"-","time_insert":"2021-06-27 17:53"}
2021-06-30 18:11:12 查询号码 【1730741】，GSD为【"-"】
2021-06-30 18:11:13 ok && -
2021-06-30 18:11:14 CHB 1730741?1625047873 第 1 次 等待 1 秒
2021-06-30 18:11:15 CHB 1730741?1625047873 第 1 次 获取到号码【1730741】GSD
2021-06-30 18:11:15 获取到号码【1730741】的GSD为【湖南-长沙】
2021-06-30 18:11:35 GSD insert 第 1 次 等待 1 秒
2021-06-30 18:11:36 {"status":"ok","msg":"添加号码已存在，但为‘-’，修改成功！"}
2021-06-30 18:11:36 下次操作: 2021-06-30 18:11:54

2021-06-30 18:11:54 开始第 29 次操作

2021-06-30 18:11:54 开始操作号码 【1730742】
2021-06-30 18:11:58 GSD getOne 第 1 次 等待 1 秒
2021-06-30 18:11:59 查询号码 【1730742】，返回信息 {"status":"ok","msg":"-","time_insert":"2021-06-27 17:54"}
2021-06-30 18:11:59 查询号码 【1730742】，GSD为【"-"】
2021-06-30 18:11:59 ok && -
2021-06-30 18:12:01 CHB 1730742?1625047919 第 1 次 等待 1 秒
2021-06-30 18:12:02 CHB 1730742?1625047919 第 1 次 获取到号码【1730742】GSD
2021-06-30 18:12:02 获取到号码【1730742】的GSD为【湖南-长沙】
2021-06-30 18:12:22 GSD insert 第 1 次 等待 1 秒
2021-06-30 18:12:23 {"status":"ok","msg":"添加号码已存在，但为‘-’，修改成功！"}
2021-06-30 18:12:23 下次操作: 2021-06-30 18:12:39

2021-06-30 18:12:39 开始第 30 次操作

2021-06-30 18:12:39 开始操作号码 【1730743】
2021-06-30 18:12:44 GSD getOne 第 1 次 等待 1 秒
2021-06-30 18:12:45 查询号码 【1730743】，返回信息 {"status":"ok","msg":"-","time_insert":"2021-06-27 17:55"}
2021-06-30 18:12:45 查询号码 【1730743】，GSD为【"-"】
2021-06-30 18:12:45 ok && -
2021-06-30 18:12:47 CHB 1730743?1625047965 第 1 次 等待 1 秒
2021-06-30 18:12:48 CHB 1730743?1625047965 第 1 次 获取到号码【1730743】GSD
2021-06-30 18:12:48 获取到号码【1730743】的GSD为【湖南-吉首】
2021-06-30 18:13:08 GSD insert 第 1 次 等待 1 秒
2021-06-30 18:13:09 {"status":"ok","msg":"添加号码已存在，但为‘-’，修改成功！"}

