2023-10-26 00:09:41 开始第 5233 次操作

2023-10-26 00:09:41 开始操作号码 【1995142】
2023-10-26 00:09:47 GSD getOne 第 1 次 等待 3 秒
2023-10-26 00:09:50 查询号码 【1995142】，返回信息 {"status":"ok","msg":"江苏-淮安","gid":"518786","time_insert":"2021-08-19 22:16"}
2023-10-26 00:09:50 查询号码 【1995142】，GSD为【"江苏-淮安"】

2023-10-26 00:09:51 开始第 5234 次操作

2023-10-26 00:09:51 开始操作号码 【1995143】
2023-10-26 00:09:58 GSD getOne 第 1 次 等待 3 秒
2023-10-26 00:10:01 查询号码 【1995143】，返回信息 {"status":"ok","msg":"江苏-扬州","gid":"518790","time_insert":"2021-08-19 22:22"}
2023-10-26 00:10:01 查询号码 【1995143】，GSD为【"江苏-扬州"】

2023-10-26 00:10:02 开始第 5235 次操作

2023-10-26 00:10:02 开始操作号码 【1995144】
2023-10-26 00:10:05 GSD getOne 第 1 次 等待 3 秒
2023-10-26 00:10:08 查询号码 【1995144】，返回信息 {"status":"ok","msg":"江苏-镇江","gid":"518795","time_insert":"2021-08-19 22:25"}
2023-10-26 00:10:09 查询号码 【1995144】，GSD为【"江苏-镇江"】

2023-10-26 00:10:10 开始第 5236 次操作

2023-10-26 00:10:10 开始操作号码 【1995145】
2023-10-26 00:10:12 GSD getOne 第 1 次 等待 3 秒
2023-10-26 00:10:15 查询号码 【1995145】，返回信息 {"status":"ok","msg":"江苏-泰州","gid":"518796","time_insert":"2021-08-19 22:26","time_update":"2021-08-19 22:26"}
2023-10-26 00:10:15 查询号码 【1995145】，GSD为【"江苏-泰州"】

2023-10-26 00:35:55 开始第 5237 次操作

2023-10-26 00:35:55 开始操作号码 【1995146】
2023-10-26 00:36:00 GSD getOne 第 1 次 等待 3 秒
2023-10-26 00:36:03 查询号码 【1995146】，返回信息 {"status":"ok","msg":"江苏-南通","gid":"518801","time_insert":"2021-08-19 22:29"}
2023-10-26 00:36:03 查询号码 【1995146】，GSD为【"江苏-南通"】

2023-10-26 00:36:04 开始第 5238 次操作

2023-10-26 00:36:04 开始操作号码 【1995147】
2023-10-26 00:36:10 GSD getOne 第 1 次 等待 3 秒
2023-10-26 00:36:13 查询号码 【1995147】，返回信息 {"status":"ok","msg":"江苏-常州","gid":"518802","time_insert":"2021-08-19 22:32"}
2023-10-26 00:36:14 查询号码 【1995147】，GSD为【"江苏-常州"】

2023-10-26 00:36:15 开始第 5239 次操作

2023-10-26 00:36:15 开始操作号码 【1995148】
2023-10-26 00:36:22 GSD getOne 第 1 次 等待 3 秒
2023-10-26 00:36:25 查询号码 【1995148】，返回信息 {"status":"ok","msg":"江苏-无锡","gid":"518807","time_insert":"2021-08-19 22:36"}
2023-10-26 00:36:25 查询号码 【1995148】，GSD为【"江苏-无锡"】

2023-10-26 00:36:26 开始第 5240 次操作

2023-10-26 00:36:26 开始操作号码 【1995149】
2023-10-26 00:36:33 GSD getOne 第 1 次 等待 3 秒
2023-10-26 00:36:36 查询号码 【1995149】，返回信息 {"status":"ok","msg":"江苏-盐城","gid":"518808","time_insert":"2021-08-19 22:36"}
2023-10-26 00:36:36 查询号码 【1995149】，GSD为【"江苏-盐城"】

