2024-01-06 00:09:11 开始第 7377 次操作

2024-01-06 00:09:11 开始操作号码 【1897286】
2024-01-06 00:09:14 GSD getOne 第 1 次 等待 3 秒
2024-01-06 00:09:17 查询号码 【1897286】，返回信息 {"status":"ok","msg":"湖北-荆门","gid":"452366","time_insert":"2021-07-31 04:47"}
2024-01-06 00:09:17 查询号码 【1897286】，GSD为【"湖北-荆门"】

2024-01-06 00:09:18 开始第 7378 次操作

2024-01-06 00:09:18 开始操作号码 【1897287】
2024-01-06 00:09:23 GSD getOne 第 1 次 等待 3 秒
2024-01-06 00:09:26 查询号码 【1897287】，返回信息 {"status":"ok","msg":"湖北-荆门","gid":"452354","time_insert":"2021-07-31 04:46"}
2024-01-06 00:09:26 查询号码 【1897287】，GSD为【"湖北-荆门"】

2024-01-06 00:09:27 开始第 7379 次操作

2024-01-06 00:09:27 开始操作号码 【1897288】
2024-01-06 00:09:31 GSD getOne 第 1 次 等待 3 秒
2024-01-06 00:09:34 查询号码 【1897288】，返回信息 {"status":"ok","msg":"湖北-荆门","gid":"452342","time_insert":"2021-07-31 04:46"}
2024-01-06 00:09:34 查询号码 【1897288】，GSD为【"湖北-荆门"】

2024-01-06 00:09:35 开始第 7380 次操作

2024-01-06 00:09:35 开始操作号码 【1897289】
2024-01-06 00:09:38 GSD getOne 第 1 次 等待 3 秒
2024-01-06 00:09:41 查询号码 【1897289】，返回信息 {"status":"ok","msg":"湖北-荆门","gid":"45296","time_insert":"2017-04-19 11:23","time_update":"2020-09-19 14:25"}
2024-01-06 00:09:41 查询号码 【1897289】，GSD为【"湖北-荆门"】

