2021-07-23 00:00:10 开始第 17 次操作

2021-07-23 00:00:10 开始操作号码 【1529654】
2021-07-23 00:00:12 GSD getOne 第 1 次 等待 3 秒
2021-07-23 00:00:15 查询号码 【1529654】，返回信息 {"status":"bad","msg":""}
2021-07-23 00:00:15 查询号码 【1529654】，GSD为【""】
2021-07-23 00:00:15 bad
2021-07-23 00:00:18 CHB 1529654?1626969615 第 1 次 等待 3 秒
2021-07-23 00:00:21 CHB 1529654?1626969615 第 1 次 获取到号码【1529654】GSD
2021-07-23 00:00:21 获取到号码【1529654】的GSD为【广西-南宁】
2021-07-23 00:00:31 GSD insert 第 1 次 等待 3 秒
2021-07-23 00:00:34 {"status":"ok","gid":360186,"msg":"添加成功！"}
2021-07-23 00:00:35 下次操作: 2021-07-23 00:00:47

2021-07-23 00:00:48 开始第 18 次操作

2021-07-23 00:00:48 开始操作号码 【1529653】
2021-07-23 00:00:50 GSD getOne 第 1 次 等待 3 秒
2021-07-23 00:00:53 查询号码 【1529653】，返回信息 {"status":"ok","msg":"广西-南宁","gid":"50057","time_insert":"2021-04-21 15:03"}
2021-07-23 00:00:53 查询号码 【1529653】，GSD为【"广西-南宁"】

2021-07-23 00:00:53 开始第 18 次操作

2021-07-23 00:00:53 开始操作号码 【1529652】
2021-07-23 00:01:11 GSD getOne 第 1 次 等待 3 秒
2021-07-23 00:01:14 查询号码 【1529652】，返回信息 {"status":"bad","msg":""}
2021-07-23 00:01:14 查询号码 【1529652】，GSD为【""】
2021-07-23 00:01:14 bad
2021-07-23 00:01:16 CHB 1529652?1626969674 第 1 次 等待 3 秒
2021-07-23 00:01:19 CHB 1529652?1626969674 第 1 次 获取到号码【1529652】GSD
2021-07-23 00:01:19 获取到号码【1529652】的GSD为【广西-南宁】
2021-07-23 00:01:36 GSD insert 第 1 次 等待 3 秒
2021-07-23 00:01:39 {"status":"ok","gid":360201,"msg":"添加成功！"}
2021-07-23 00:01:39 下次操作: 2021-07-23 00:01:53

2021-07-23 00:01:53 开始第 19 次操作

2021-07-23 00:01:53 开始操作号码 【1529651】
2021-07-23 00:01:56 GSD getOne 第 1 次 等待 3 秒
2021-07-23 00:01:59 查询号码 【1529651】，返回信息 {"status":"bad","msg":""}
2021-07-23 00:01:59 查询号码 【1529651】，GSD为【""】
2021-07-23 00:01:59 bad
2021-07-23 00:02:01 CHB 1529651?1626969719 第 1 次 等待 3 秒
2021-07-23 00:02:04 CHB 1529651?1626969719 第 1 次 获取到号码【1529651】GSD
2021-07-23 00:02:04 获取到号码【1529651】的GSD为【广西-南宁】
2021-07-23 00:02:22 GSD insert 第 1 次 等待 3 秒
2021-07-23 00:02:25 {"status":"ok","gid":360212,"msg":"添加成功！"}
2021-07-23 00:02:25 下次操作: 2021-07-23 00:02:37

2021-07-23 00:02:37 开始第 20 次操作

2021-07-23 00:02:37 开始操作号码 【1529650】
2021-07-23 00:02:42 GSD getOne 第 1 次 等待 3 秒
2021-07-23 00:02:45 查询号码 【1529650】，返回信息 {"status":"bad","msg":""}
2021-07-23 00:02:45 查询号码 【1529650】，GSD为【""】
2021-07-23 00:02:45 bad
2021-07-23 00:02:47 CHB 1529650?1626969765 第 1 次 等待 3 秒
2021-07-23 00:02:50 CHB 1529650?1626969765 第 1 次 获取到号码【1529650】GSD
2021-07-23 00:02:50 获取到号码【1529650】的GSD为【广西-南宁】
2021-07-23 00:03:25 GSD insert 第 1 次 等待 3 秒
2021-07-23 00:03:28 {"status":"ok","gid":360225,"msg":"添加成功！"}
2021-07-23 00:03:28 下次操作: 2021-07-23 00:03:51

2021-07-23 00:03:51 开始第 21 次操作

2021-07-23 00:03:51 开始操作号码 【1529649】
2021-07-23 00:04:02 GSD getOne 第 1 次 等待 3 秒
2021-07-23 00:04:05 查询号码 【1529649】，返回信息 {"status":"bad","msg":""}
2021-07-23 00:04:06 查询号码 【1529649】，GSD为【""】
2021-07-23 00:04:06 bad
2021-07-23 00:04:07 CHB 1529649?1626969846 第 1 次 等待 3 秒
2021-07-23 00:04:10 CHB 1529649?1626969846 第 1 次 获取到号码【1529649】GSD
2021-07-23 00:04:10 获取到号码【1529649】的GSD为【广西-南宁】
2021-07-23 00:04:28 GSD insert 第 1 次 等待 3 秒
2021-07-23 00:04:31 {"status":"ok","gid":360239,"msg":"添加成功！"}
2021-07-23 00:04:31 下次操作: 2021-07-23 00:04:45

2021-07-23 00:04:45 开始第 22 次操作

2021-07-23 00:04:45 开始操作号码 【1529648】
2021-07-23 00:04:48 GSD getOne 第 1 次 等待 3 秒
2021-07-23 00:04:51 查询号码 【1529648】，返回信息 {"status":"ok","msg":"广西-南宁","gid":"50105","time_insert":"2021-04-21 15:14"}
2021-07-23 00:04:51 查询号码 【1529648】，GSD为【"广西-南宁"】

2021-07-23 00:04:51 开始第 22 次操作

2021-07-23 00:04:51 开始操作号码 【1529647】
2021-07-23 00:05:11 GSD getOne 第 1 次 等待 3 秒
2021-07-23 00:05:14 查询号码 【1529647】，返回信息 {"status":"bad","msg":""}
2021-07-23 00:05:14 查询号码 【1529647】，GSD为【""】
2021-07-23 00:05:14 bad
2021-07-23 00:05:15 CHB 1529647?1626969914 第 1 次 等待 3 秒
2021-07-23 00:05:18 CHB 1529647?1626969914 第 1 次 获取到号码【1529647】GSD
2021-07-23 00:05:18 获取到号码【1529647】的GSD为【广西-南宁】
2021-07-23 00:05:36 GSD insert 第 1 次 等待 3 秒
2021-07-23 00:05:39 {"status":"ok","gid":360255,"msg":"添加成功！"}
2021-07-23 00:05:39 下次操作: 2021-07-23 00:05:51

2021-07-23 00:05:51 开始第 23 次操作

2021-07-23 00:05:51 开始操作号码 【1529646】
2021-07-23 00:05:56 GSD getOne 第 1 次 等待 3 秒
2021-07-23 00:05:59 查询号码 【1529646】，返回信息 {"status":"bad","msg":""}
2021-07-23 00:05:59 查询号码 【1529646】，GSD为【""】
2021-07-23 00:05:59 bad
2021-07-23 00:06:01 CHB 1529646?1626969959 第 1 次 等待 3 秒
2021-07-23 00:06:04 CHB 1529646?1626969959 第 1 次 获取到号码【1529646】GSD
2021-07-23 00:06:04 获取到号码【1529646】的GSD为【广西-南宁】
2021-07-23 00:06:24 GSD insert 第 1 次 等待 3 秒
2021-07-23 00:06:27 {"status":"ok","gid":360264,"msg":"添加成功！"}
2021-07-23 00:06:27 下次操作: 2021-07-23 00:06:51

2021-07-23 00:06:51 开始第 24 次操作

2021-07-23 00:06:51 开始操作号码 【1529645】
2021-07-23 00:06:55 GSD getOne 第 1 次 等待 3 秒
2021-07-23 00:06:58 查询号码 【1529645】，返回信息 {"status":"bad","msg":""}
2021-07-23 00:06:58 查询号码 【1529645】，GSD为【""】
2021-07-23 00:06:58 bad
2021-07-23 00:07:00 CHB 1529645?1626970018 第 1 次 等待 3 秒
2021-07-23 00:07:03 CHB 1529645?1626970018 第 1 次 获取到号码【1529645】GSD
2021-07-23 00:07:03 获取到号码【1529645】的GSD为【广西-南宁】
2021-07-23 00:07:20 GSD insert 第 1 次 等待 3 秒
2021-07-23 00:07:23 {"status":"ok","gid":360278,"msg":"添加成功！"}
2021-07-23 00:07:24 下次操作: 2021-07-23 00:07:42

2021-07-23 00:07:42 开始第 25 次操作

2021-07-23 00:07:42 开始操作号码 【1529644】
2021-07-23 00:07:44 GSD getOne 第 1 次 等待 3 秒
2021-07-23 00:07:47 查询号码 【1529644】，返回信息 {"status":"bad","msg":""}
2021-07-23 00:07:47 查询号码 【1529644】，GSD为【""】
2021-07-23 00:07:47 bad
2021-07-23 00:07:49 CHB 1529644?1626970067 第 1 次 等待 3 秒
2021-07-23 00:07:52 CHB 1529644?1626970067 第 1 次 获取到号码【1529644】GSD
2021-07-23 00:07:52 获取到号码【1529644】的GSD为【广西-南宁】
2021-07-23 00:08:10 GSD insert 第 1 次 等待 3 秒
2021-07-23 00:08:13 {"status":"ok","gid":360290,"msg":"添加成功！"}
2021-07-23 00:08:13 下次操作: 2021-07-23 00:08:26

2021-07-23 00:08:26 开始第 26 次操作

2021-07-23 00:08:26 开始操作号码 【1529643】
2021-07-23 00:08:28 GSD getOne 第 1 次 等待 3 秒
2021-07-23 00:08:31 查询号码 【1529643】，返回信息 {"status":"bad","msg":""}
2021-07-23 00:08:31 查询号码 【1529643】，GSD为【""】
2021-07-23 00:08:31 bad
2021-07-23 00:08:33 CHB 1529643?1626970111 第 1 次 等待 3 秒
2021-07-23 00:08:36 CHB 1529643?1626970111 第 1 次 获取到号码【1529643】GSD
2021-07-23 00:08:36 获取到号码【1529643】的GSD为【广西-南宁】
2021-07-23 00:08:56 GSD insert 第 1 次 等待 3 秒
2021-07-23 00:08:59 {"status":"ok","gid":360299,"msg":"添加成功！"}
2021-07-23 00:08:59 下次操作: 2021-07-23 00:09:15

2021-07-23 00:09:15 开始第 27 次操作

2021-07-23 00:09:15 开始操作号码 【1529642】
2021-07-23 00:09:18 GSD getOne 第 1 次 等待 3 秒
2021-07-23 00:09:21 查询号码 【1529642】，返回信息 {"status":"bad","msg":""}
2021-07-23 00:09:21 查询号码 【1529642】，GSD为【""】
2021-07-23 00:09:21 bad
2021-07-23 00:09:22 CHB 1529642?1626970161 第 1 次 等待 3 秒
2021-07-23 00:09:25 CHB 1529642?1626970161 第 1 次 获取到号码【1529642】GSD
2021-07-23 00:09:25 获取到号码【1529642】的GSD为【广西-南宁】
2021-07-23 00:09:44 GSD insert 第 1 次 等待 3 秒
2021-07-23 00:09:47 {"status":"ok","gid":360310,"msg":"添加成功！"}
2021-07-23 00:09:47 下次操作: 2021-07-23 00:10:00

2021-07-23 00:10:00 开始第 28 次操作

2021-07-23 00:10:00 开始操作号码 【1529641】
2021-07-23 00:10:02 GSD getOne 第 1 次 等待 3 秒
2021-07-23 00:10:05 查询号码 【1529641】，返回信息 {"status":"bad","msg":""}
2021-07-23 00:10:05 查询号码 【1529641】，GSD为【""】
2021-07-23 00:10:05 bad
2021-07-23 00:10:07 CHB 1529641?1626970205 第 1 次 等待 3 秒
2021-07-23 00:10:10 CHB 1529641?1626970205 第 1 次 获取到号码【1529641】GSD
2021-07-23 00:10:10 获取到号码【1529641】的GSD为【广西-南宁】
2021-07-23 00:10:28 GSD insert 第 1 次 等待 3 秒
2021-07-23 00:10:31 {"status":"ok","gid":360318,"msg":"添加成功！"}
2021-07-23 00:10:31 下次操作: 2021-07-23 00:10:44

2021-07-23 00:10:44 开始第 29 次操作

2021-07-23 00:10:44 开始操作号码 【1529640】
2021-07-23 00:10:53 GSD getOne 第 1 次 等待 3 秒
2021-07-23 00:10:56 查询号码 【1529640】，返回信息 {"status":"bad","msg":""}
2021-07-23 00:10:56 查询号码 【1529640】，GSD为【""】
2021-07-23 00:10:56 bad
2021-07-23 00:10:58 CHB 1529640?1626970256 第 1 次 等待 3 秒
2021-07-23 00:11:01 CHB 1529640?1626970256 第 1 次 获取到号码【1529640】GSD
2021-07-23 00:11:01 获取到号码【1529640】的GSD为【广西-南宁】
2021-07-23 00:11:20 GSD insert 第 1 次 等待 3 秒
2021-07-23 00:11:23 {"status":"ok","gid":360329,"msg":"添加成功！"}
2021-07-23 00:11:23 下次操作: 2021-07-23 00:11:35

2021-07-23 00:11:35 开始第 30 次操作

2021-07-23 00:11:35 开始操作号码 【1529639】
2021-07-23 00:11:46 GSD getOne 第 1 次 等待 3 秒
2021-07-23 00:11:49 查询号码 【1529639】，返回信息 {"status":"bad","msg":""}
2021-07-23 00:11:49 查询号码 【1529639】，GSD为【""】
2021-07-23 00:11:49 bad
2021-07-23 00:11:51 CHB 1529639?1626970309 第 1 次 等待 3 秒
2021-07-23 00:11:54 CHB 1529639?1626970309 第 1 次 获取到号码【1529639】GSD
2021-07-23 00:11:54 获取到号码【1529639】的GSD为【广西-南宁】
2021-07-23 00:12:12 GSD insert 第 1 次 等待 3 秒
2021-07-23 00:12:15 {"status":"ok","gid":360342,"msg":"添加成功！"}
2021-07-23 00:12:15 下次操作: 2021-07-23 00:12:35

2021-07-23 00:12:35 开始第 31 次操作

2021-07-23 00:12:35 开始操作号码 【1529638】
2021-07-23 00:12:37 GSD getOne 第 1 次 等待 3 秒
2021-07-23 00:12:40 查询号码 【1529638】，返回信息 {"status":"bad","msg":""}
2021-07-23 00:12:41 查询号码 【1529638】，GSD为【""】
2021-07-23 00:12:41 bad
2021-07-23 00:12:42 CHB 1529638?1626970361 第 1 次 等待 3 秒
2021-07-23 00:12:45 CHB 1529638?1626970361 第 1 次 获取到号码【1529638】GSD
2021-07-23 00:12:45 获取到号码【1529638】的GSD为【广西-南宁】
2021-07-23 00:13:03 GSD insert 第 1 次 等待 3 秒
2021-07-23 00:13:06 {"status":"ok","gid":360350,"msg":"添加成功！"}
2021-07-23 00:13:06 下次操作: 2021-07-23 00:13:22

2021-07-23 00:13:22 开始第 32 次操作

2021-07-23 00:13:22 开始操作号码 【1529637】
2021-07-23 00:13:25 GSD getOne 第 1 次 等待 3 秒
2021-07-23 00:13:28 查询号码 【1529637】，返回信息 {"status":"bad","msg":""}
2021-07-23 00:13:28 查询号码 【1529637】，GSD为【""】
2021-07-23 00:13:28 bad
2021-07-23 00:13:29 CHB 1529637?1626970408 第 1 次 等待 3 秒
2021-07-23 00:13:32 CHB 1529637?1626970408 第 1 次 获取到号码【1529637】GSD
2021-07-23 00:13:32 获取到号码【1529637】的GSD为【广西-崇左】
2021-07-23 00:13:50 GSD insert 第 1 次 等待 3 秒
2021-07-23 00:13:53 {"status":"ok","gid":360358,"msg":"添加成功！"}
2021-07-23 00:13:53 下次操作: 2021-07-23 00:14:13

2021-07-23 00:14:13 开始第 33 次操作

2021-07-23 00:14:13 开始操作号码 【1529636】
2021-07-23 00:14:31 GSD getOne 第 1 次 等待 3 秒
2021-07-23 00:14:34 查询号码 【1529636】，返回信息 {"status":"bad","msg":""}
2021-07-23 00:14:34 查询号码 【1529636】，GSD为【""】
2021-07-23 00:14:34 bad
2021-07-23 00:14:36 CHB 1529636?1626970474 第 1 次 等待 3 秒
2021-07-23 00:14:39 CHB 1529636?1626970474 第 1 次 获取到号码【1529636】GSD
2021-07-23 00:14:39 获取到号码【1529636】的GSD为【广西-崇左】
2021-07-23 00:14:58 GSD insert 第 1 次 等待 3 秒
2021-07-23 00:15:01 {"status":"ok","gid":360365,"msg":"添加成功！"}
2021-07-23 00:15:01 下次操作: 2021-07-23 00:15:13

2021-07-23 00:15:13 开始第 34 次操作

2021-07-23 00:15:13 开始操作号码 【1529635】
2021-07-23 00:15:16 GSD getOne 第 1 次 等待 3 秒
2021-07-23 00:15:19 查询号码 【1529635】，返回信息 {"status":"bad","msg":""}
2021-07-23 00:15:19 查询号码 【1529635】，GSD为【""】
2021-07-23 00:15:19 bad
2021-07-23 00:15:21 CHB 1529635?1626970519 第 1 次 等待 3 秒
2021-07-23 00:15:24 CHB 1529635?1626970519 第 1 次 获取到号码【1529635】GSD
2021-07-23 00:15:24 获取到号码【1529635】的GSD为【广西-崇左】
2021-07-23 00:15:44 GSD insert 第 1 次 等待 3 秒
2021-07-23 00:15:47 {"status":"ok","gid":360370,"msg":"添加成功！"}
2021-07-23 00:15:47 下次操作: 2021-07-23 00:16:08

2021-07-23 00:16:08 开始第 35 次操作

2021-07-23 00:16:08 开始操作号码 【1529634】
2021-07-23 00:16:22 GSD getOne 第 1 次 等待 3 秒
2021-07-23 00:16:25 查询号码 【1529634】，返回信息 {"status":"bad","msg":""}
2021-07-23 00:16:25 查询号码 【1529634】，GSD为【""】
2021-07-23 00:16:25 bad
2021-07-23 00:16:26 CHB 1529634?1626970585 第 1 次 等待 3 秒
2021-07-23 00:16:29 CHB 1529634?1626970585 第 1 次 获取到号码【1529634】GSD
2021-07-23 00:16:29 获取到号码【1529634】的GSD为【广西-南宁】
2021-07-23 00:16:50 GSD insert 第 1 次 等待 3 秒
2021-07-23 00:16:53 {"status":"ok","gid":360380,"msg":"添加成功！"}
2021-07-23 00:16:53 下次操作: 2021-07-23 00:17:08

2021-07-23 00:17:08 开始第 36 次操作

2021-07-23 00:17:08 开始操作号码 【1529633】
2021-07-23 00:17:13 GSD getOne 第 1 次 等待 3 秒
2021-07-23 00:17:16 查询号码 【1529633】，返回信息 {"status":"bad","msg":""}
2021-07-23 00:17:16 查询号码 【1529633】，GSD为【""】
2021-07-23 00:17:16 bad
2021-07-23 00:17:18 CHB 1529633?1626970636 第 1 次 等待 3 秒
2021-07-23 00:17:21 CHB 1529633?1626970636 第 1 次 获取到号码【1529633】GSD
2021-07-23 00:17:21 获取到号码【1529633】的GSD为【广西-南宁】
2021-07-23 00:17:41 GSD insert 第 1 次 等待 3 秒
2021-07-23 00:17:44 {"status":"ok","gid":360383,"msg":"添加成功！"}
2021-07-23 00:17:44 下次操作: 2021-07-23 00:18:06

2021-07-23 00:18:06 开始第 37 次操作

2021-07-23 00:18:06 开始操作号码 【1529632】
2021-07-23 00:18:10 GSD getOne 第 1 次 等待 3 秒
2021-07-23 00:18:13 查询号码 【1529632】，返回信息 {"status":"bad","msg":""}
2021-07-23 00:18:13 查询号码 【1529632】，GSD为【""】
2021-07-23 00:18:13 bad
2021-07-23 00:18:14 CHB 1529632?1626970693 第 1 次 等待 3 秒
2021-07-23 00:18:17 CHB 1529632?1626970693 第 1 次 获取到号码【1529632】GSD
2021-07-23 00:18:17 获取到号码【1529632】的GSD为【广西-南宁】
2021-07-23 00:18:43 GSD insert 第 1 次 等待 3 秒
2021-07-23 00:18:47 {"status":"ok","gid":360390,"msg":"添加成功！"}
2021-07-23 00:18:47 下次操作: 2021-07-23 00:19:05

2021-07-23 00:19:05 开始第 38 次操作

2021-07-23 00:19:05 开始操作号码 【1529631】
2021-07-23 00:19:10 GSD getOne 第 1 次 等待 3 秒
2021-07-23 00:19:13 查询号码 【1529631】，返回信息 {"status":"bad","msg":""}
2021-07-23 00:19:13 查询号码 【1529631】，GSD为【""】
2021-07-23 00:19:13 bad
2021-07-23 00:19:14 CHB 1529631?1626970753 第 1 次 等待 3 秒
2021-07-23 00:19:17 CHB 1529631?1626970753 第 1 次 获取到号码【1529631】GSD
2021-07-23 00:19:17 获取到号码【1529631】的GSD为【广西-南宁】
2021-07-23 00:19:57 GSD insert 第 1 次 等待 3 秒
2021-07-23 00:20:00 {"status":"ok","gid":360397,"msg":"添加成功！"}
2021-07-23 00:20:00 下次操作: 2021-07-23 00:20:14

2021-07-23 00:20:14 开始第 39 次操作

2021-07-23 00:20:14 开始操作号码 【1529630】
2021-07-23 00:20:17 GSD getOne 第 1 次 等待 3 秒
2021-07-23 00:20:20 查询号码 【1529630】，返回信息 {"status":"bad","msg":""}
2021-07-23 00:20:20 查询号码 【1529630】，GSD为【""】
2021-07-23 00:20:20 bad
2021-07-23 00:20:21 CHB 1529630?1626970820 第 1 次 等待 3 秒
2021-07-23 00:20:24 CHB 1529630?1626970820 第 1 次 获取到号码【1529630】GSD
2021-07-23 00:20:24 获取到号码【1529630】的GSD为【广西-南宁】
2021-07-23 00:20:42 GSD insert 第 1 次 等待 3 秒
2021-07-23 00:20:45 {"status":"ok","gid":360400,"msg":"添加成功！"}
2021-07-23 00:20:45 下次操作: 2021-07-23 00:21:07

2021-07-23 00:21:07 开始第 40 次操作

2021-07-23 00:21:07 开始操作号码 【1529629】
2021-07-23 00:21:13 GSD getOne 第 1 次 等待 3 秒
2021-07-23 00:21:16 查询号码 【1529629】，返回信息 {"status":"bad","msg":""}
2021-07-23 00:21:16 查询号码 【1529629】，GSD为【""】
2021-07-23 00:21:16 bad
2021-07-23 00:21:18 CHB 1529629?1626970876 第 1 次 等待 3 秒
2021-07-23 00:21:21 CHB 1529629?1626970876 第 1 次 获取到号码【1529629】GSD
2021-07-23 00:21:21 获取到号码【1529629】的GSD为【广西-南宁】
2021-07-23 00:21:41 GSD insert 第 1 次 等待 3 秒
2021-07-23 00:21:44 {"status":"ok","gid":360406,"msg":"添加成功！"}

