2024-07-25 00:11:34 开始第 8505 次操作

2024-07-25 00:11:34 开始操作号码 【1568411】
2024-07-25 00:11:44 GSD getOne 第 1 次 等待 3 秒
2024-07-25 00:11:47 查询号码 【1568411】，返回信息 {"status":"ok","msg":"山东-烟台","gid":"383897","time_insert":"2021-07-25 01:54"}
2024-07-25 00:11:47 查询号码 【1568411】，GSD为【"山东-烟台"】

2024-07-25 00:11:48 开始第 8506 次操作

2024-07-25 00:11:48 开始操作号码 【1568412】
2024-07-25 00:11:59 GSD getOne 第 1 次 等待 3 秒
2024-07-25 00:12:02 查询号码 【1568412】，返回信息 {"status":"ok","msg":"山东-烟台","gid":"383887","time_insert":"2021-07-25 01:54"}
2024-07-25 00:12:02 查询号码 【1568412】，GSD为【"山东-烟台"】

2024-07-25 00:12:03 开始第 8507 次操作

2024-07-25 00:12:03 开始操作号码 【1568413】
2024-07-25 00:12:12 GSD getOne 第 1 次 等待 3 秒
2024-07-25 00:12:15 查询号码 【1568413】，返回信息 {"status":"ok","msg":"山东-烟台","gid":"383875","time_insert":"2021-07-25 01:53"}
2024-07-25 00:12:15 查询号码 【1568413】，GSD为【"山东-烟台"】

2024-07-25 00:12:16 开始第 8508 次操作

2024-07-25 00:12:16 开始操作号码 【1568414】
2024-07-25 00:12:24 GSD getOne 第 1 次 等待 3 秒
2024-07-25 00:12:27 查询号码 【1568414】，返回信息 {"status":"ok","msg":"山东-烟台","gid":"383866","time_insert":"2021-07-25 01:53"}
2024-07-25 00:12:27 查询号码 【1568414】，GSD为【"山东-烟台"】

