2024-11-25 00:24:37 开始第 6453 次操作

2024-11-25 00:24:37 开始操作号码 【1346452】
2024-11-25 00:24:38 GSD getOne 第 1 次 等待 3 秒
2024-11-25 00:24:41 查询号码 【1346452】，返回信息 {"status":"ok","msg":"辽宁-丹东","gid":"308677","time_insert":"2021-07-18 00:11"}
2024-11-25 00:24:41 查询号码 【1346452】，GSD为【"辽宁-丹东"】

2024-11-25 00:24:42 开始第 6454 次操作

2024-11-25 00:24:42 开始操作号码 【1346453】
2024-11-25 00:24:44 GSD getOne 第 1 次 等待 3 秒
2024-11-25 00:24:47 查询号码 【1346453】，返回信息 {"status":"ok","msg":"辽宁-丹东","gid":"308739","time_insert":"2021-07-18 00:23"}
2024-11-25 00:24:47 查询号码 【1346453】，GSD为【"辽宁-丹东"】

2024-11-25 00:24:48 开始第 6455 次操作

2024-11-25 00:24:48 开始操作号码 【1346454】
2024-11-25 00:24:49 GSD getOne 第 1 次 等待 3 秒
2024-11-25 00:24:52 查询号码 【1346454】，返回信息 {"status":"ok","msg":"辽宁-丹东","gid":"308765","time_insert":"2021-07-18 00:34"}
2024-11-25 00:24:52 查询号码 【1346454】，GSD为【"辽宁-丹东"】

2024-11-25 00:24:53 开始第 6456 次操作

2024-11-25 00:24:53 开始操作号码 【1346455】
2024-11-25 00:24:54 GSD getOne 第 1 次 等待 3 秒
2024-11-25 00:24:57 查询号码 【1346455】，返回信息 {"status":"ok","msg":"辽宁-丹东","gid":"4737","time_insert":"2017-09-03 20:59","time_update":"2020-08-21 01:59"}
2024-11-25 00:24:57 查询号码 【1346455】，GSD为【"辽宁-丹东"】

