2021-07-20 00:00:24 开始第 25 次操作

2021-07-20 00:00:24 开始操作号码 【1727842】
2021-07-20 00:00:28 GSD getOne 第 1 次 等待 3 秒
2021-07-20 00:00:31 查询号码 【1727842】，返回信息 {"status":"bad","msg":""}
2021-07-20 00:00:31 查询号码 【1727842】，GSD为【""】
2021-07-20 00:00:31 bad
2021-07-20 00:00:33 CHB 1727842?1626710431 第 1 次 等待 3 秒
2021-07-20 00:00:36 CHB 1727842?1626710431 第 1 次 获取到号码【1727842】GSD
2021-07-20 00:00:36 未获取到号码【1727842】GSD，可能号码格式错误
2021-07-20 00:00:36 获取到号码【1727842】的GSD为【-】
2021-07-20 00:00:39 GSD insert 第 1 次 等待 3 秒
2021-07-20 00:00:42 {"status":"ok","gid":331092,"msg":"添加成功！"}
2021-07-20 00:00:42 下次操作: 2021-07-20 00:01:00

2021-07-20 00:01:00 开始第 26 次操作

2021-07-20 00:01:00 开始操作号码 【1727843】
2021-07-20 00:01:03 GSD getOne 第 1 次 等待 3 秒
2021-07-20 00:01:06 查询号码 【1727843】，返回信息 {"status":"bad","msg":""}
2021-07-20 00:01:06 查询号码 【1727843】，GSD为【""】
2021-07-20 00:01:06 bad
2021-07-20 00:01:07 CHB 1727843?1626710466 第 1 次 等待 3 秒
2021-07-20 00:01:10 CHB 1727843?1626710466 第 1 次 获取到号码【1727843】GSD
2021-07-20 00:01:10 未获取到号码【1727843】GSD，可能号码格式错误
2021-07-20 00:01:10 获取到号码【1727843】的GSD为【-】
2021-07-20 00:01:13 GSD insert 第 1 次 等待 3 秒
2021-07-20 00:01:16 {"status":"ok","gid":331099,"msg":"添加成功！"}
2021-07-20 00:01:16 下次操作: 2021-07-20 00:01:36

2021-07-20 00:01:36 开始第 27 次操作

2021-07-20 00:01:36 开始操作号码 【1727844】
2021-07-20 00:01:45 GSD getOne 第 1 次 等待 3 秒
2021-07-20 00:01:48 查询号码 【1727844】，返回信息 {"status":"bad","msg":""}
2021-07-20 00:01:48 查询号码 【1727844】，GSD为【""】
2021-07-20 00:01:48 bad
2021-07-20 00:01:49 CHB 1727844?1626710508 第 1 次 等待 3 秒
2021-07-20 00:01:52 CHB 1727844?1626710508 第 1 次 获取到号码【1727844】GSD
2021-07-20 00:01:52 未获取到号码【1727844】GSD，可能号码格式错误
2021-07-20 00:01:52 获取到号码【1727844】的GSD为【-】
2021-07-20 00:01:58 GSD insert 第 1 次 等待 3 秒
2021-07-20 00:02:01 {"status":"ok","gid":331105,"msg":"添加成功！"}
2021-07-20 00:02:01 下次操作: 2021-07-20 00:02:16

2021-07-20 00:02:16 开始第 28 次操作

2021-07-20 00:02:16 开始操作号码 【1727845】
2021-07-20 00:02:20 GSD getOne 第 1 次 等待 3 秒
2021-07-20 00:02:23 查询号码 【1727845】，返回信息 {"status":"bad","msg":""}
2021-07-20 00:02:23 查询号码 【1727845】，GSD为【""】
2021-07-20 00:02:23 bad
2021-07-20 00:02:25 CHB 1727845?1626710543 第 1 次 等待 3 秒
2021-07-20 00:02:28 CHB 1727845?1626710543 第 1 次 获取到号码【1727845】GSD
2021-07-20 00:02:28 未获取到号码【1727845】GSD，可能号码格式错误
2021-07-20 00:02:28 获取到号码【1727845】的GSD为【-】
2021-07-20 00:02:31 GSD insert 第 1 次 等待 3 秒
2021-07-20 00:02:34 {"status":"ok","gid":331112,"msg":"添加成功！"}
2021-07-20 00:02:34 下次操作: 2021-07-20 00:02:46

2021-07-20 00:02:46 开始第 29 次操作

2021-07-20 00:02:46 开始操作号码 【1727846】
2021-07-20 00:02:56 GSD getOne 第 1 次 等待 3 秒
2021-07-20 00:02:59 查询号码 【1727846】，返回信息 {"status":"bad","msg":""}
2021-07-20 00:02:59 查询号码 【1727846】，GSD为【""】
2021-07-20 00:02:59 bad
2021-07-20 00:03:01 CHB 1727846?1626710579 第 1 次 等待 3 秒
2021-07-20 00:03:04 CHB 1727846?1626710579 第 1 次 获取到号码【1727846】GSD
2021-07-20 00:03:04 未获取到号码【1727846】GSD，可能号码格式错误
2021-07-20 00:03:04 获取到号码【1727846】的GSD为【-】
2021-07-20 00:03:07 GSD insert 第 1 次 等待 3 秒
2021-07-20 00:03:10 {"status":"ok","gid":331122,"msg":"添加成功！"}
2021-07-20 00:03:10 下次操作: 2021-07-20 00:03:29

2021-07-20 00:03:29 开始第 30 次操作

2021-07-20 00:03:29 开始操作号码 【1727847】
2021-07-20 00:03:48 GSD getOne 第 1 次 等待 3 秒
2021-07-20 00:03:51 查询号码 【1727847】，返回信息 {"status":"bad","msg":""}
2021-07-20 00:03:51 查询号码 【1727847】，GSD为【""】
2021-07-20 00:03:51 bad
2021-07-20 00:03:53 CHB 1727847?1626710631 第 1 次 等待 3 秒
2021-07-20 00:03:56 CHB 1727847?1626710631 第 1 次 获取到号码【1727847】GSD
2021-07-20 00:03:56 未获取到号码【1727847】GSD，可能号码格式错误
2021-07-20 00:03:56 获取到号码【1727847】的GSD为【-】
2021-07-20 00:04:01 GSD insert 第 1 次 等待 3 秒
2021-07-20 00:04:04 {"status":"ok","gid":331132,"msg":"添加成功！"}
2021-07-20 00:04:04 下次操作: 2021-07-20 00:04:21

2021-07-20 00:04:21 开始第 31 次操作

2021-07-20 00:04:21 开始操作号码 【1727848】
2021-07-20 00:04:31 GSD getOne 第 1 次 等待 3 秒
2021-07-20 00:04:34 查询号码 【1727848】，返回信息 {"status":"bad","msg":""}
2021-07-20 00:04:34 查询号码 【1727848】，GSD为【""】
2021-07-20 00:04:34 bad
2021-07-20 00:04:35 CHB 1727848?1626710674 第 1 次 等待 3 秒
2021-07-20 00:04:38 CHB 1727848?1626710674 第 1 次 获取到号码【1727848】GSD
2021-07-20 00:04:38 未获取到号码【1727848】GSD，可能号码格式错误
2021-07-20 00:04:38 获取到号码【1727848】的GSD为【-】
2021-07-20 00:04:41 GSD insert 第 1 次 等待 3 秒
2021-07-20 00:04:44 {"status":"ok","gid":331142,"msg":"添加成功！"}
2021-07-20 00:04:44 下次操作: 2021-07-20 00:04:56

2021-07-20 00:04:57 开始第 32 次操作

2021-07-20 00:04:57 开始操作号码 【1727849】
2021-07-20 00:05:01 GSD getOne 第 1 次 等待 3 秒
2021-07-20 00:05:04 查询号码 【1727849】，返回信息 {"status":"bad","msg":""}
2021-07-20 00:05:04 查询号码 【1727849】，GSD为【""】
2021-07-20 00:05:04 bad
2021-07-20 00:05:06 CHB 1727849?1626710704 第 1 次 等待 3 秒
2021-07-20 00:05:09 CHB 1727849?1626710704 第 1 次 获取到号码【1727849】GSD
2021-07-20 00:05:09 未获取到号码【1727849】GSD，可能号码格式错误
2021-07-20 00:05:09 获取到号码【1727849】的GSD为【-】
2021-07-20 00:05:14 GSD insert 第 1 次 等待 3 秒
2021-07-20 00:05:17 {"status":"ok","gid":331149,"msg":"添加成功！"}
2021-07-20 00:05:17 下次操作: 2021-07-20 00:05:40

2021-07-20 00:05:40 开始第 33 次操作

2021-07-20 00:05:40 开始操作号码 【1727850】
2021-07-20 00:05:42 GSD getOne 第 1 次 等待 3 秒
2021-07-20 00:05:45 查询号码 【1727850】，返回信息 {"status":"bad","msg":""}
2021-07-20 00:05:46 查询号码 【1727850】，GSD为【""】
2021-07-20 00:05:46 bad
2021-07-20 00:05:47 CHB 1727850?1626710746 第 1 次 等待 3 秒
2021-07-20 00:05:50 CHB 1727850?1626710746 第 1 次 获取到号码【1727850】GSD
2021-07-20 00:05:50 未获取到号码【1727850】GSD，可能号码格式错误
2021-07-20 00:05:50 获取到号码【1727850】的GSD为【-】
2021-07-20 00:05:57 GSD insert 第 1 次 等待 3 秒
2021-07-20 00:06:00 {"status":"ok","gid":331158,"msg":"添加成功！"}
2021-07-20 00:06:00 下次操作: 2021-07-20 00:06:20

2021-07-20 00:06:20 开始第 34 次操作

2021-07-20 00:06:20 开始操作号码 【1727851】
2021-07-20 00:06:23 GSD getOne 第 1 次 等待 3 秒
2021-07-20 00:06:26 查询号码 【1727851】，返回信息 {"status":"bad","msg":""}
2021-07-20 00:06:26 查询号码 【1727851】，GSD为【""】
2021-07-20 00:06:26 bad
2021-07-20 00:06:27 CHB 1727851?1626710786 第 1 次 等待 3 秒
2021-07-20 00:06:30 CHB 1727851?1626710786 第 1 次 获取到号码【1727851】GSD
2021-07-20 00:06:31 未获取到号码【1727851】GSD，可能号码格式错误
2021-07-20 00:06:31 获取到号码【1727851】的GSD为【-】
2021-07-20 00:06:34 GSD insert 第 1 次 等待 3 秒
2021-07-20 00:06:37 {"status":"ok","gid":331166,"msg":"添加成功！"}
2021-07-20 00:06:37 下次操作: 2021-07-20 00:06:50

2021-07-20 00:06:50 开始第 35 次操作

2021-07-20 00:06:50 开始操作号码 【1727852】
2021-07-20 00:06:53 GSD getOne 第 1 次 等待 3 秒
2021-07-20 00:06:56 查询号码 【1727852】，返回信息 {"status":"bad","msg":""}
2021-07-20 00:06:56 查询号码 【1727852】，GSD为【""】
2021-07-20 00:06:56 bad
2021-07-20 00:06:58 CHB 1727852?1626710816 第 1 次 等待 3 秒
2021-07-20 00:07:01 CHB 1727852?1626710816 第 1 次 获取到号码【1727852】GSD
2021-07-20 00:07:01 未获取到号码【1727852】GSD，可能号码格式错误
2021-07-20 00:07:01 获取到号码【1727852】的GSD为【-】
2021-07-20 00:07:04 GSD insert 第 1 次 等待 3 秒
2021-07-20 00:07:08 {"status":"ok","gid":331174,"msg":"添加成功！"}
2021-07-20 00:07:08 下次操作: 2021-07-20 00:07:22

2021-07-20 00:07:22 开始第 36 次操作

2021-07-20 00:07:22 开始操作号码 【1727853】
2021-07-20 00:07:24 GSD getOne 第 1 次 等待 3 秒
2021-07-20 00:07:27 查询号码 【1727853】，返回信息 {"status":"bad","msg":""}
2021-07-20 00:07:27 查询号码 【1727853】，GSD为【""】
2021-07-20 00:07:27 bad
2021-07-20 00:07:29 CHB 1727853?1626710847 第 1 次 等待 3 秒
2021-07-20 00:07:32 CHB 1727853?1626710847 第 1 次 获取到号码【1727853】GSD
2021-07-20 00:07:32 未获取到号码【1727853】GSD，可能号码格式错误
2021-07-20 00:07:32 获取到号码【1727853】的GSD为【-】
2021-07-20 00:07:36 GSD insert 第 1 次 等待 3 秒
2021-07-20 00:07:39 {"status":"ok","gid":331182,"msg":"添加成功！"}
2021-07-20 00:07:39 下次操作: 2021-07-20 00:07:59

2021-07-20 00:07:59 开始第 37 次操作

2021-07-20 00:07:59 开始操作号码 【1727854】
2021-07-20 00:08:01 GSD getOne 第 1 次 等待 3 秒
2021-07-20 00:08:04 查询号码 【1727854】，返回信息 {"status":"bad","msg":""}
2021-07-20 00:08:04 查询号码 【1727854】，GSD为【""】
2021-07-20 00:08:04 bad
2021-07-20 00:08:06 CHB 1727854?1626710884 第 1 次 等待 3 秒
2021-07-20 00:08:09 CHB 1727854?1626710884 第 1 次 获取到号码【1727854】GSD
2021-07-20 00:08:09 未获取到号码【1727854】GSD，可能号码格式错误
2021-07-20 00:08:09 获取到号码【1727854】的GSD为【-】
2021-07-20 00:08:16 GSD insert 第 1 次 等待 3 秒
2021-07-20 00:08:19 {"status":"ok","gid":331193,"msg":"添加成功！"}
2021-07-20 00:08:19 下次操作: 2021-07-20 00:08:31

2021-07-20 00:08:31 开始第 38 次操作

2021-07-20 00:08:31 开始操作号码 【1727855】
2021-07-20 00:08:35 GSD getOne 第 1 次 等待 3 秒
2021-07-20 00:08:38 查询号码 【1727855】，返回信息 {"status":"bad","msg":""}
2021-07-20 00:08:38 查询号码 【1727855】，GSD为【""】
2021-07-20 00:08:38 bad
2021-07-20 00:08:40 CHB 1727855?1626710918 第 1 次 等待 3 秒
2021-07-20 00:08:43 CHB 1727855?1626710918 第 1 次 获取到号码【1727855】GSD
2021-07-20 00:08:43 未获取到号码【1727855】GSD，可能号码格式错误
2021-07-20 00:08:43 获取到号码【1727855】的GSD为【-】
2021-07-20 00:08:46 GSD insert 第 1 次 等待 3 秒
2021-07-20 00:08:49 {"status":"ok","gid":331198,"msg":"添加成功！"}
2021-07-20 00:08:49 下次操作: 2021-07-20 00:09:13

2021-07-20 00:09:13 开始第 39 次操作

2021-07-20 00:09:13 开始操作号码 【1727856】
2021-07-20 00:09:15 GSD getOne 第 1 次 等待 3 秒
2021-07-20 00:09:18 查询号码 【1727856】，返回信息 {"status":"bad","msg":""}
2021-07-20 00:09:18 查询号码 【1727856】，GSD为【""】
2021-07-20 00:09:18 bad
2021-07-20 00:09:24 CHB 1727856?1626710958 第 1 次 等待 3 秒
2021-07-20 00:09:27 CHB 1727856?1626710958 第 1 次 获取到号码【1727856】GSD
2021-07-20 00:09:27 未获取到号码【1727856】GSD，可能号码格式错误
2021-07-20 00:09:27 获取到号码【1727856】的GSD为【-】
2021-07-20 00:09:47 GSD insert 第 1 次 等待 3 秒
2021-07-20 00:09:50 {"status":"ok","gid":331211,"msg":"添加成功！"}
2021-07-20 00:09:50 下次操作: 2021-07-20 00:10:12

2021-07-20 00:10:12 开始第 40 次操作

2021-07-20 00:10:12 开始操作号码 【1727857】
2021-07-20 00:10:17 GSD getOne 第 1 次 等待 3 秒
2021-07-20 00:10:20 查询号码 【1727857】，返回信息 {"status":"bad","msg":""}
2021-07-20 00:10:20 查询号码 【1727857】，GSD为【""】
2021-07-20 00:10:20 bad
2021-07-20 00:10:22 CHB 1727857?1626711020 第 1 次 等待 3 秒
2021-07-20 00:10:25 CHB 1727857?1626711020 第 1 次 获取到号码【1727857】GSD
2021-07-20 00:10:25 未获取到号码【1727857】GSD，可能号码格式错误
2021-07-20 00:10:25 获取到号码【1727857】的GSD为【-】
2021-07-20 00:10:29 GSD insert 第 1 次 等待 3 秒
2021-07-20 00:10:32 {"status":"ok","gid":331218,"msg":"添加成功！"}

