2024-07-21 00:09:42 开始第 7785 次操作

2024-07-21 00:09:42 开始操作号码 【1567691】
2024-07-21 00:09:51 GSD getOne 第 1 次 等待 3 秒
2024-07-21 00:09:54 查询号码 【1567691】，返回信息 {"status":"ok","msg":"广西-来宾","gid":"390191","time_insert":"2021-07-25 14:57"}
2024-07-21 00:09:54 查询号码 【1567691】，GSD为【"广西-来宾"】

2024-07-21 00:09:55 开始第 7786 次操作

2024-07-21 00:09:55 开始操作号码 【1567692】
2024-07-21 00:10:05 GSD getOne 第 1 次 等待 3 秒
2024-07-21 00:10:08 查询号码 【1567692】，返回信息 {"status":"ok","msg":"广西-北海","gid":"390180","time_insert":"2021-07-25 14:56"}
2024-07-21 00:10:08 查询号码 【1567692】，GSD为【"广西-北海"】

2024-07-21 00:10:09 开始第 7787 次操作

2024-07-21 00:10:09 开始操作号码 【1567693】
2024-07-21 00:10:16 GSD getOne 第 1 次 等待 3 秒
2024-07-21 00:10:19 查询号码 【1567693】，返回信息 {"status":"ok","msg":"广西-北海","gid":"390175","time_insert":"2021-07-25 14:56"}
2024-07-21 00:10:19 查询号码 【1567693】，GSD为【"广西-北海"】

2024-07-21 00:10:20 开始第 7788 次操作

2024-07-21 00:10:20 开始操作号码 【1567694】
2024-07-21 00:10:28 GSD getOne 第 1 次 等待 3 秒
2024-07-21 00:10:31 查询号码 【1567694】，返回信息 {"status":"ok","msg":"广西-北海","gid":"390165","time_insert":"2021-07-25 14:55"}
2024-07-21 00:10:31 查询号码 【1567694】，GSD为【"广西-北海"】

