2024-07-24 00:12:19 开始第 8325 次操作

2024-07-24 00:12:19 开始操作号码 【1568231】
2024-07-24 00:12:28 GSD getOne 第 1 次 等待 3 秒
2024-07-24 00:12:31 查询号码 【1568231】，返回信息 {"status":"ok","msg":"四川-泸州","gid":"22904","time_insert":"2018-03-15 11:55","time_update":"2020-10-23 21:32"}
2024-07-24 00:12:31 查询号码 【1568231】，GSD为【"四川-泸州"】

2024-07-24 00:12:32 开始第 8326 次操作

2024-07-24 00:12:32 开始操作号码 【1568232】
2024-07-24 00:12:43 GSD getOne 第 1 次 等待 3 秒
2024-07-24 00:12:46 查询号码 【1568232】，返回信息 {"status":"ok","msg":"四川-泸州","gid":"385362","time_insert":"2021-07-25 04:48"}
2024-07-24 00:12:46 查询号码 【1568232】，GSD为【"四川-泸州"】

2024-07-24 00:12:47 开始第 8327 次操作

2024-07-24 00:12:47 开始操作号码 【1568233】
2024-07-24 00:12:58 GSD getOne 第 1 次 等待 3 秒
2024-07-24 00:13:01 查询号码 【1568233】，返回信息 {"status":"ok","msg":"四川-泸州","gid":"22905","time_insert":"2014-03-30 15:57","time_update":"2020-10-23 21:36"}
2024-07-24 00:13:01 查询号码 【1568233】，GSD为【"四川-泸州"】

2024-07-24 00:13:02 开始第 8328 次操作

2024-07-24 00:13:02 开始操作号码 【1568234】
2024-07-24 00:13:10 GSD getOne 第 1 次 等待 3 秒
2024-07-24 00:13:13 查询号码 【1568234】，返回信息 {"status":"ok","msg":"四川-巴中","gid":"22906","time_insert":"2017-12-19 15:06","time_update":"2020-10-23 21:40"}
2024-07-24 00:13:13 查询号码 【1568234】，GSD为【"四川-巴中"】

2024-07-24 00:40:02 开始第 8329 次操作

2024-07-24 00:40:02 开始操作号码 【1568235】
2024-07-24 00:40:10 GSD getOne 第 1 次 等待 3 秒
2024-07-24 00:40:13 查询号码 【1568235】，返回信息 {"status":"ok","msg":"四川-巴中","gid":"22907","time_insert":"2014-07-03 18:26","time_update":"2020-10-23 21:43"}
2024-07-24 00:40:13 查询号码 【1568235】，GSD为【"四川-巴中"】

2024-07-24 00:40:14 开始第 8330 次操作

2024-07-24 00:40:14 开始操作号码 【1568236】
2024-07-24 00:40:22 GSD getOne 第 1 次 等待 3 秒
2024-07-24 00:40:25 查询号码 【1568236】，返回信息 {"status":"ok","msg":"四川-巴中","gid":"385348","time_insert":"2021-07-25 04:47"}
2024-07-24 00:40:25 查询号码 【1568236】，GSD为【"四川-巴中"】

2024-07-24 00:40:26 开始第 8331 次操作

2024-07-24 00:40:26 开始操作号码 【1568237】
2024-07-24 00:40:35 GSD getOne 第 1 次 等待 3 秒
2024-07-24 00:40:38 查询号码 【1568237】，返回信息 {"status":"ok","msg":"四川-资阳","gid":"22908","time_insert":"2018-02-04 22:09","time_update":"2020-10-23 21:47"}
2024-07-24 00:40:38 查询号码 【1568237】，GSD为【"四川-资阳"】

2024-07-24 00:40:39 开始第 8332 次操作

2024-07-24 00:40:39 开始操作号码 【1568238】
2024-07-24 00:40:47 GSD getOne 第 1 次 等待 3 秒
2024-07-24 00:40:50 查询号码 【1568238】，返回信息 {"status":"ok","msg":"四川-资阳","gid":"22909","time_insert":"2018-05-18 22:25","time_update":"2020-10-23 21:51"}
2024-07-24 00:40:50 查询号码 【1568238】，GSD为【"四川-资阳"】

2024-07-24 01:08:34 开始第 8333 次操作

2024-07-24 01:08:34 开始操作号码 【1568239】
2024-07-24 01:08:42 GSD getOne 第 1 次 等待 3 秒
2024-07-24 01:08:45 查询号码 【1568239】，返回信息 {"status":"ok","msg":"四川-资阳","gid":"385338","time_insert":"2021-07-25 04:46","time_update":"2021-07-28 20:39"}
2024-07-24 01:08:45 查询号码 【1568239】，GSD为【"四川-资阳"】

2024-07-24 01:08:46 开始第 8334 次操作

2024-07-24 01:08:46 开始操作号码 【1568240】
2024-07-24 01:08:54 GSD getOne 第 1 次 等待 3 秒
2024-07-24 01:08:57 查询号码 【1568240】，返回信息 {"status":"ok","msg":"四川-南充","gid":"385328","time_insert":"2021-07-25 04:46"}
2024-07-24 01:08:57 查询号码 【1568240】，GSD为【"四川-南充"】

2024-07-24 01:08:58 开始第 8335 次操作

2024-07-24 01:08:58 开始操作号码 【1568241】
2024-07-24 01:09:06 GSD getOne 第 1 次 等待 3 秒
2024-07-24 01:09:09 查询号码 【1568241】，返回信息 {"status":"ok","msg":"四川-南充","gid":"385318","time_insert":"2021-07-25 04:45"}
2024-07-24 01:09:09 查询号码 【1568241】，GSD为【"四川-南充"】

2024-07-24 01:09:10 开始第 8336 次操作

2024-07-24 01:09:10 开始操作号码 【1568242】
2024-07-24 01:09:18 GSD getOne 第 1 次 等待 3 秒
2024-07-24 01:09:21 查询号码 【1568242】，返回信息 {"status":"ok","msg":"四川-南充","gid":"385307","time_insert":"2021-07-25 04:44"}
2024-07-24 01:09:21 查询号码 【1568242】，GSD为【"四川-南充"】

2024-07-24 01:33:24 开始第 8337 次操作

2024-07-24 01:33:24 开始操作号码 【1568243】
2024-07-24 01:33:32 GSD getOne 第 1 次 等待 3 秒
2024-07-24 01:33:35 查询号码 【1568243】，返回信息 {"status":"ok","msg":"四川-南充","gid":"385297","time_insert":"2021-07-25 04:44"}
2024-07-24 01:33:35 查询号码 【1568243】，GSD为【"四川-南充"】

2024-07-24 01:33:36 开始第 8338 次操作

2024-07-24 01:33:36 开始操作号码 【1568244】
2024-07-24 01:33:46 GSD getOne 第 1 次 等待 3 秒
2024-07-24 01:33:49 查询号码 【1568244】，返回信息 {"status":"ok","msg":"四川-南充","gid":"385287","time_insert":"2021-07-25 04:43"}
2024-07-24 01:33:49 查询号码 【1568244】，GSD为【"四川-南充"】

2024-07-24 01:33:50 开始第 8339 次操作

2024-07-24 01:33:50 开始操作号码 【1568245】
2024-07-24 01:33:59 GSD getOne 第 1 次 等待 3 秒
2024-07-24 01:34:02 查询号码 【1568245】，返回信息 {"status":"ok","msg":"四川-乐山","gid":"385277","time_insert":"2021-07-25 04:43"}
2024-07-24 01:34:02 查询号码 【1568245】，GSD为【"四川-乐山"】

2024-07-24 01:34:03 开始第 8340 次操作

2024-07-24 01:34:03 开始操作号码 【1568246】
2024-07-24 01:34:11 GSD getOne 第 1 次 等待 3 秒
2024-07-24 01:34:14 查询号码 【1568246】，返回信息 {"status":"ok","msg":"四川-乐山","gid":"385266","time_insert":"2021-07-25 04:42"}
2024-07-24 01:34:14 查询号码 【1568246】，GSD为【"四川-乐山"】

