2024-01-02 00:09:27 开始第 6641 次操作

2024-01-02 00:09:27 开始操作号码 【1896550】
2024-01-02 00:09:31 GSD getOne 第 1 次 等待 3 秒
2024-01-02 00:09:34 查询号码 【1896550】，返回信息 {"status":"ok","msg":"福建-泉州","gid":"461247","time_insert":"2021-07-31 23:05"}
2024-01-02 00:09:34 查询号码 【1896550】，GSD为【"福建-泉州"】

2024-01-02 00:09:35 开始第 6642 次操作

2024-01-02 00:09:35 开始操作号码 【1896551】
2024-01-02 00:09:37 GSD getOne 第 1 次 等待 3 秒
2024-01-02 00:09:40 查询号码 【1896551】，返回信息 {"status":"ok","msg":"福建-泉州","gid":"461240","time_insert":"2021-07-31 23:04"}
2024-01-02 00:09:40 查询号码 【1896551】，GSD为【"福建-泉州"】

2024-01-02 00:09:41 开始第 6643 次操作

2024-01-02 00:09:41 开始操作号码 【1896552】
2024-01-02 00:09:44 GSD getOne 第 1 次 等待 3 秒
2024-01-02 00:09:47 查询号码 【1896552】，返回信息 {"status":"ok","msg":"福建-泉州","gid":"461219","time_insert":"2021-07-31 23:03"}
2024-01-02 00:09:47 查询号码 【1896552】，GSD为【"福建-泉州"】

2024-01-02 00:09:48 开始第 6644 次操作

2024-01-02 00:09:48 开始操作号码 【1896553】
2024-01-02 00:09:53 GSD getOne 第 1 次 等待 3 秒
2024-01-02 00:09:56 查询号码 【1896553】，返回信息 {"status":"ok","msg":"福建-泉州","gid":"45251","time_insert":"2017-11-16 14:58","time_update":"2020-09-05 07:12"}
2024-01-02 00:09:56 查询号码 【1896553】，GSD为【"福建-泉州"】

2024-01-02 00:35:51 开始第 6645 次操作

2024-01-02 00:35:51 开始操作号码 【1896554】
2024-01-02 00:35:54 GSD getOne 第 1 次 等待 3 秒
2024-01-02 00:35:57 查询号码 【1896554】，返回信息 {"status":"ok","msg":"福建-泉州","gid":"461201","time_insert":"2021-07-31 23:01"}
2024-01-02 00:35:57 查询号码 【1896554】，GSD为【"福建-泉州"】

2024-01-02 00:35:58 开始第 6646 次操作

2024-01-02 00:35:58 开始操作号码 【1896555】
2024-01-02 00:36:01 GSD getOne 第 1 次 等待 3 秒
2024-01-02 00:36:04 查询号码 【1896555】，返回信息 {"status":"ok","msg":"福建-泉州","gid":"461191","time_insert":"2021-07-31 23:00"}
2024-01-02 00:36:04 查询号码 【1896555】，GSD为【"福建-泉州"】

2024-01-02 00:36:05 开始第 6647 次操作

2024-01-02 00:36:05 开始操作号码 【1896556】
2024-01-02 00:36:08 GSD getOne 第 1 次 等待 3 秒
2024-01-02 00:36:11 查询号码 【1896556】，返回信息 {"status":"ok","msg":"福建-莆田","gid":"461163","time_insert":"2021-07-31 22:57"}
2024-01-02 00:36:11 查询号码 【1896556】，GSD为【"福建-莆田"】

2024-01-02 00:36:12 开始第 6648 次操作

2024-01-02 00:36:12 开始操作号码 【1896557】
2024-01-02 00:36:17 GSD getOne 第 1 次 等待 3 秒
2024-01-02 00:36:20 查询号码 【1896557】，返回信息 {"status":"ok","msg":"福建-莆田","gid":"461152","time_insert":"2021-07-31 22:56"}
2024-01-02 00:36:20 查询号码 【1896557】，GSD为【"福建-莆田"】

2024-01-02 01:07:15 开始第 6649 次操作

2024-01-02 01:07:15 开始操作号码 【1896558】
2024-01-02 01:07:17 GSD getOne 第 1 次 等待 3 秒
2024-01-02 01:07:20 查询号码 【1896558】，返回信息 {"status":"ok","msg":"福建-莆田","gid":"461137","time_insert":"2021-07-31 22:55"}
2024-01-02 01:07:20 查询号码 【1896558】，GSD为【"福建-莆田"】

2024-01-02 01:07:21 开始第 6650 次操作

2024-01-02 01:07:21 开始操作号码 【1896559】
2024-01-02 01:07:27 GSD getOne 第 1 次 等待 3 秒
2024-01-02 01:07:30 查询号码 【1896559】，返回信息 {"status":"ok","msg":"福建-莆田","gid":"461124","time_insert":"2021-07-31 22:54"}
2024-01-02 01:07:30 查询号码 【1896559】，GSD为【"福建-莆田"】

2024-01-02 01:07:31 开始第 6651 次操作

2024-01-02 01:07:31 开始操作号码 【1896560】
2024-01-02 01:07:33 GSD getOne 第 1 次 等待 3 秒
2024-01-02 01:07:36 查询号码 【1896560】，返回信息 {"status":"ok","msg":"福建-泉州","gid":"461110","time_insert":"2021-07-31 22:53"}
2024-01-02 01:07:36 查询号码 【1896560】，GSD为【"福建-泉州"】

2024-01-02 01:07:37 开始第 6652 次操作

2024-01-02 01:07:37 开始操作号码 【1896561】
2024-01-02 01:07:41 GSD getOne 第 1 次 等待 3 秒
2024-01-02 01:07:44 查询号码 【1896561】，返回信息 {"status":"ok","msg":"福建-泉州","gid":"461092","time_insert":"2021-07-31 22:52"}
2024-01-02 01:07:44 查询号码 【1896561】，GSD为【"福建-泉州"】

2024-01-02 01:32:25 开始第 6653 次操作

2024-01-02 01:32:25 开始操作号码 【1896562】
2024-01-02 01:32:29 GSD getOne 第 1 次 等待 3 秒
2024-01-02 01:32:32 查询号码 【1896562】，返回信息 {"status":"ok","msg":"福建-泉州","gid":"461078","time_insert":"2021-07-31 22:51"}
2024-01-02 01:32:32 查询号码 【1896562】，GSD为【"福建-泉州"】

2024-01-02 01:32:33 开始第 6654 次操作

2024-01-02 01:32:33 开始操作号码 【1896563】
2024-01-02 01:32:36 GSD getOne 第 1 次 等待 3 秒
2024-01-02 01:32:39 查询号码 【1896563】，返回信息 {"status":"ok","msg":"福建-泉州","gid":"461065","time_insert":"2021-07-31 22:50"}
2024-01-02 01:32:39 查询号码 【1896563】，GSD为【"福建-泉州"】

2024-01-02 01:32:40 开始第 6655 次操作

2024-01-02 01:32:40 开始操作号码 【1896564】
2024-01-02 01:32:45 GSD getOne 第 1 次 等待 3 秒
2024-01-02 01:32:48 查询号码 【1896564】，返回信息 {"status":"ok","msg":"福建-泉州","gid":"461051","time_insert":"2021-07-31 22:50"}
2024-01-02 01:32:48 查询号码 【1896564】，GSD为【"福建-泉州"】

2024-01-02 01:32:49 开始第 6656 次操作

2024-01-02 01:32:49 开始操作号码 【1896565】
2024-01-02 01:32:52 GSD getOne 第 1 次 等待 3 秒
2024-01-02 01:32:55 查询号码 【1896565】，返回信息 {"status":"ok","msg":"福建-泉州","gid":"461039","time_insert":"2021-07-31 22:49"}
2024-01-02 01:32:55 查询号码 【1896565】，GSD为【"福建-泉州"】

