2024-02-27 00:09:55 开始第 6037 次操作

2024-02-27 00:09:55 开始操作号码 【1785946】
2024-02-27 00:10:00 GSD getOne 第 1 次 等待 3 秒
2024-02-27 00:10:03 查询号码 【1785946】，返回信息 {"status":"ok","msg":"福建-漳州","gid":"297543","time_insert":"2021-07-16 22:44"}
2024-02-27 00:10:03 查询号码 【1785946】，GSD为【"福建-漳州"】

2024-02-27 00:10:04 开始第 6038 次操作

2024-02-27 00:10:04 开始操作号码 【1785947】
2024-02-27 00:10:08 GSD getOne 第 1 次 等待 3 秒
2024-02-27 00:10:11 查询号码 【1785947】，返回信息 {"status":"ok","msg":"福建-三明","gid":"297525","time_insert":"2021-07-16 22:43"}
2024-02-27 00:10:11 查询号码 【1785947】，GSD为【"福建-三明"】

2024-02-27 00:10:12 开始第 6039 次操作

2024-02-27 00:10:12 开始操作号码 【1785948】
2024-02-27 00:10:18 GSD getOne 第 1 次 等待 3 秒
2024-02-27 00:10:21 查询号码 【1785948】，返回信息 {"status":"ok","msg":"福建-泉州","gid":"297520","time_insert":"2021-07-16 22:42"}
2024-02-27 00:10:21 查询号码 【1785948】，GSD为【"福建-泉州"】

2024-02-27 00:10:22 开始第 6040 次操作

2024-02-27 00:10:22 开始操作号码 【1785949】
2024-02-27 00:10:27 GSD getOne 第 1 次 等待 3 秒
2024-02-27 00:10:30 查询号码 【1785949】，返回信息 {"status":"ok","msg":"福建-南平","gid":"297510","time_insert":"2021-07-16 22:41"}
2024-02-27 00:10:30 查询号码 【1785949】，GSD为【"福建-南平"】

2024-02-27 00:34:56 开始第 6041 次操作

2024-02-27 00:34:56 开始操作号码 【1785950】
2024-02-27 00:35:01 GSD getOne 第 1 次 等待 3 秒
2024-02-27 00:35:04 查询号码 【1785950】，返回信息 {"status":"ok","msg":"福建-福州","gid":"31650","time_insert":"2019-06-09 09:20","time_update":"2020-09-04 18:29"}
2024-02-27 00:35:04 查询号码 【1785950】，GSD为【"福建-福州"】

2024-02-27 00:35:05 开始第 6042 次操作

2024-02-27 00:35:05 开始操作号码 【1785951】
2024-02-27 00:35:11 GSD getOne 第 1 次 等待 3 秒
2024-02-27 00:35:14 查询号码 【1785951】，返回信息 {"status":"ok","msg":"福建-福州","gid":"297496","time_insert":"2021-07-16 22:40"}
2024-02-27 00:35:14 查询号码 【1785951】，GSD为【"福建-福州"】

2024-02-27 00:35:15 开始第 6043 次操作

2024-02-27 00:35:15 开始操作号码 【1785952】
2024-02-27 00:35:21 GSD getOne 第 1 次 等待 3 秒
2024-02-27 00:35:24 查询号码 【1785952】，返回信息 {"status":"ok","msg":"福建-福州","gid":"297484","time_insert":"2021-07-16 22:38"}
2024-02-27 00:35:24 查询号码 【1785952】，GSD为【"福建-福州"】

2024-02-27 00:35:25 开始第 6044 次操作

2024-02-27 00:35:25 开始操作号码 【1785953】
2024-02-27 00:35:31 GSD getOne 第 1 次 等待 3 秒
2024-02-27 00:35:34 查询号码 【1785953】，返回信息 {"status":"ok","msg":"福建-福州","gid":"297361","time_insert":"2021-07-16 22:11"}
2024-02-27 00:35:34 查询号码 【1785953】，GSD为【"福建-福州"】

