2021-07-03 00:00:19 开始第 12 次操作

2021-07-03 00:00:19 开始操作号码 【1734580】
2021-07-03 00:00:24 GSD getOne 第 1 次 等待 1 秒
2021-07-03 00:00:25 查询号码 【1734580】，返回信息 {"status":"bad","msg":""}
2021-07-03 00:00:25 查询号码 【1734580】，GSD为【""】
2021-07-03 00:00:25 bad
2021-07-03 00:00:27 CHB 1734580?1625241625 第 1 次 等待 1 秒
2021-07-03 00:00:28 CHB 1734580?1625241625 第 1 次 获取到号码【1734580】GSD
2021-07-03 00:00:28 获取到号码【1734580】的GSD为【四川-成都】
2021-07-03 00:00:32 GSD insert 第 1 次 等待 1 秒
2021-07-03 00:00:33 {"status":"ok","msg":"添加成功！177489"}
2021-07-03 00:00:33 下次操作: 2021-07-03 00:00:39

2021-07-03 00:00:39 开始第 13 次操作

2021-07-03 00:00:40 开始操作号码 【1734581】
2021-07-03 00:00:44 GSD getOne 第 1 次 等待 1 秒
2021-07-03 00:00:45 查询号码 【1734581】，返回信息 {"status":"ok","msg":"四川-成都","time_insert":"2018-10-30 14:58","time_update":"2020-10-28 16:38"}
2021-07-03 00:00:45 查询号码 【1734581】，GSD为【"四川-成都"】

2021-07-03 00:00:45 开始第 13 次操作

2021-07-03 00:00:45 开始操作号码 【1734582】
2021-07-03 00:00:58 GSD getOne 第 1 次 等待 1 秒
2021-07-03 00:00:59 查询号码 【1734582】，返回信息 {"status":"bad","msg":""}
2021-07-03 00:00:59 查询号码 【1734582】，GSD为【""】
2021-07-03 00:00:59 bad
2021-07-03 00:01:00 CHB 1734582?1625241659 第 1 次 等待 1 秒
2021-07-03 00:01:01 CHB 1734582?1625241659 第 1 次 获取到号码【1734582】GSD
2021-07-03 00:01:01 获取到号码【1734582】的GSD为【四川-成都】
2021-07-03 00:01:14 GSD insert 第 1 次 等待 1 秒
2021-07-03 00:01:15 {"status":"ok","msg":"添加成功！177498"}
2021-07-03 00:01:15 下次操作: 2021-07-03 00:01:21

2021-07-03 00:01:21 开始第 14 次操作

2021-07-03 00:01:21 开始操作号码 【1734583】
2021-07-03 00:01:27 GSD getOne 第 1 次 等待 1 秒
2021-07-03 00:01:28 查询号码 【1734583】，返回信息 {"status":"bad","msg":""}
2021-07-03 00:01:28 查询号码 【1734583】，GSD为【""】
2021-07-03 00:01:28 bad
2021-07-03 00:01:30 CHB 1734583?1625241688 第 1 次 等待 1 秒
2021-07-03 00:01:31 CHB 1734583?1625241688 第 1 次 获取到号码【1734583】GSD
2021-07-03 00:01:31 获取到号码【1734583】的GSD为【四川-成都】
2021-07-03 00:01:35 GSD insert 第 1 次 等待 1 秒
2021-07-03 00:01:36 {"status":"ok","msg":"添加成功！177503"}
2021-07-03 00:01:36 下次操作: 2021-07-03 00:01:42

2021-07-03 00:01:42 开始第 15 次操作

2021-07-03 00:01:42 开始操作号码 【1734584】
2021-07-03 00:01:46 GSD getOne 第 1 次 等待 1 秒
2021-07-03 00:01:47 查询号码 【1734584】，返回信息 {"status":"ok","msg":"四川-成都","time_insert":"2019-02-18 22:46","time_update":"2020-10-28 16:43"}
2021-07-03 00:01:47 查询号码 【1734584】，GSD为【"四川-成都"】

2021-07-03 00:01:47 开始第 15 次操作

2021-07-03 00:01:47 开始操作号码 【1734585】
2021-07-03 00:01:53 GSD getOne 第 1 次 等待 1 秒
2021-07-03 00:01:54 查询号码 【1734585】，返回信息 {"status":"bad","msg":""}
2021-07-03 00:01:54 查询号码 【1734585】，GSD为【""】
2021-07-03 00:01:54 bad
2021-07-03 00:02:02 CHB 1734585?1625241714 第 1 次 等待 1 秒
2021-07-03 00:02:03 CHB 1734585?1625241714 第 1 次 获取到号码【1734585】GSD
2021-07-03 00:02:03 获取到号码【1734585】的GSD为【四川-成都】
2021-07-03 00:02:08 GSD insert 第 1 次 等待 1 秒
2021-07-03 00:02:09 {"status":"ok","msg":"添加成功！177510"}
2021-07-03 00:02:09 下次操作: 2021-07-03 00:02:16

2021-07-03 00:02:16 开始第 16 次操作

2021-07-03 00:02:16 开始操作号码 【1734586】
2021-07-03 00:02:24 GSD getOne 第 1 次 等待 1 秒
2021-07-03 00:02:25 查询号码 【1734586】，返回信息 {"status":"bad","msg":""}
2021-07-03 00:02:25 查询号码 【1734586】，GSD为【""】
2021-07-03 00:02:25 bad
2021-07-03 00:02:27 CHB 1734586?1625241745 第 1 次 等待 1 秒
2021-07-03 00:02:28 CHB 1734586?1625241745 第 1 次 获取到号码【1734586】GSD
2021-07-03 00:02:28 获取到号码【1734586】的GSD为【四川-成都】
2021-07-03 00:02:36 GSD insert 第 1 次 等待 1 秒
2021-07-03 00:02:37 {"status":"ok","msg":"添加成功！177517"}
2021-07-03 00:02:37 下次操作: 2021-07-03 00:02:49

2021-07-03 00:02:49 开始第 17 次操作

2021-07-03 00:02:49 开始操作号码 【1734587】
2021-07-03 00:02:54 GSD getOne 第 1 次 等待 1 秒
2021-07-03 00:02:55 查询号码 【1734587】，返回信息 {"status":"bad","msg":""}
2021-07-03 00:02:55 查询号码 【1734587】，GSD为【""】
2021-07-03 00:02:55 bad
2021-07-03 00:02:58 CHB 1734587?1625241775 第 1 次 等待 1 秒
2021-07-03 00:02:59 CHB 1734587?1625241775 第 1 次 获取到号码【1734587】GSD
2021-07-03 00:02:59 获取到号码【1734587】的GSD为【四川-成都】
2021-07-03 00:03:05 GSD insert 第 1 次 等待 1 秒
2021-07-03 00:03:06 {"status":"ok","msg":"添加成功！177522"}
2021-07-03 00:03:06 下次操作: 2021-07-03 00:03:18

2021-07-03 00:03:18 开始第 18 次操作

2021-07-03 00:03:18 开始操作号码 【1734588】
2021-07-03 00:03:22 GSD getOne 第 1 次 等待 1 秒
2021-07-03 00:03:23 查询号码 【1734588】，返回信息 {"status":"ok","msg":"四川-成都","time_insert":"2020-04-13 17:32","time_update":"2020-10-28 16:47"}
2021-07-03 00:03:23 查询号码 【1734588】，GSD为【"四川-成都"】

2021-07-03 00:03:23 开始第 18 次操作

2021-07-03 00:03:23 开始操作号码 【1734589】
2021-07-03 00:03:32 GSD getOne 第 1 次 等待 1 秒
2021-07-03 00:03:33 查询号码 【1734589】，返回信息 {"status":"ok","msg":"四川-成都","time_insert":"2019-11-15 11:24","time_update":"2020-10-28 16:51"}
2021-07-03 00:03:33 查询号码 【1734589】，GSD为【"四川-成都"】

2021-07-03 00:03:33 开始第 18 次操作

2021-07-03 00:03:33 开始操作号码 【1734590】
2021-07-03 00:03:37 GSD getOne 第 1 次 等待 1 秒
2021-07-03 00:03:38 查询号码 【1734590】，返回信息 {"status":"ok","msg":"四川-成都","time_insert":"2019-08-25 10:08","time_update":"2020-10-28 16:55"}
2021-07-03 00:03:39 查询号码 【1734590】，GSD为【"四川-成都"】

2021-07-03 00:03:39 开始第 18 次操作

2021-07-03 00:03:39 开始操作号码 【1734591】
2021-07-03 00:03:45 GSD getOne 第 1 次 等待 1 秒
2021-07-03 00:03:46 查询号码 【1734591】，返回信息 {"status":"ok","msg":"四川-成都","time_insert":"2019-12-29 15:53","time_update":"2020-10-28 16:58"}
2021-07-03 00:03:47 查询号码 【1734591】，GSD为【"四川-成都"】

2021-07-03 00:03:47 开始第 18 次操作

2021-07-03 00:03:47 开始操作号码 【1734592】
2021-07-03 00:03:50 GSD getOne 第 1 次 等待 1 秒
2021-07-03 00:03:51 查询号码 【1734592】，返回信息 {"status":"bad","msg":""}
2021-07-03 00:03:51 查询号码 【1734592】，GSD为【""】
2021-07-03 00:03:51 bad
2021-07-03 00:03:55 CHB 1734592?1625241831 第 1 次 等待 1 秒
2021-07-03 00:03:56 CHB 1734592?1625241831 第 1 次 获取到号码【1734592】GSD
2021-07-03 00:03:56 获取到号码【1734592】的GSD为【四川-成都】
2021-07-03 00:04:02 GSD insert 第 1 次 等待 1 秒
2021-07-03 00:04:03 {"status":"ok","msg":"添加成功！177533"}
2021-07-03 00:04:03 下次操作: 2021-07-03 00:04:09

2021-07-03 00:04:09 开始第 19 次操作

2021-07-03 00:04:09 开始操作号码 【1734593】
2021-07-03 00:04:14 GSD getOne 第 1 次 等待 1 秒
2021-07-03 00:04:15 查询号码 【1734593】，返回信息 {"status":"bad","msg":""}
2021-07-03 00:04:15 查询号码 【1734593】，GSD为【""】
2021-07-03 00:04:15 bad
2021-07-03 00:04:22 CHB 1734593?1625241855 第 1 次 等待 1 秒
2021-07-03 00:04:23 CHB 1734593?1625241855 第 1 次 获取到号码【1734593】GSD
2021-07-03 00:04:23 获取到号码【1734593】的GSD为【四川-成都】
2021-07-03 00:04:26 GSD insert 第 1 次 等待 1 秒
2021-07-03 00:04:27 {"status":"ok","msg":"添加成功！177542"}
2021-07-03 00:04:27 下次操作: 2021-07-03 00:04:40

2021-07-03 00:04:40 开始第 20 次操作

2021-07-03 00:04:40 开始操作号码 【1734594】
2021-07-03 00:04:47 GSD getOne 第 1 次 等待 1 秒
2021-07-03 00:04:48 查询号码 【1734594】，返回信息 {"status":"bad","msg":""}
2021-07-03 00:04:48 查询号码 【1734594】，GSD为【""】
2021-07-03 00:04:48 bad
2021-07-03 00:04:51 CHB 1734594?1625241888 第 1 次 等待 1 秒
2021-07-03 00:04:52 CHB 1734594?1625241888 第 1 次 获取到号码【1734594】GSD
2021-07-03 00:04:52 获取到号码【1734594】的GSD为【四川-成都】
2021-07-03 00:05:01 GSD insert 第 1 次 等待 1 秒
2021-07-03 00:05:02 {"status":"ok","msg":"添加成功！177549"}
2021-07-03 00:05:02 下次操作: 2021-07-03 00:05:17

2021-07-03 00:05:17 开始第 21 次操作

2021-07-03 00:05:17 开始操作号码 【1734595】
2021-07-03 00:05:22 GSD getOne 第 1 次 等待 1 秒
2021-07-03 00:05:23 查询号码 【1734595】，返回信息 {"status":"bad","msg":""}
2021-07-03 00:05:23 查询号码 【1734595】，GSD为【""】
2021-07-03 00:05:23 bad
2021-07-03 00:05:26 CHB 1734595?1625241923 第 1 次 等待 1 秒
2021-07-03 00:05:27 CHB 1734595?1625241923 第 1 次 获取到号码【1734595】GSD
2021-07-03 00:05:27 获取到号码【1734595】的GSD为【四川-成都】
2021-07-03 00:05:31 GSD insert 第 1 次 等待 1 秒
2021-07-03 00:05:32 {"status":"ok","msg":"添加成功！177559"}
2021-07-03 00:05:32 下次操作: 2021-07-03 00:05:50

2021-07-03 00:05:50 开始第 22 次操作

2021-07-03 00:05:50 开始操作号码 【1734596】
2021-07-03 00:05:54 GSD getOne 第 1 次 等待 1 秒
2021-07-03 00:05:55 查询号码 【1734596】，返回信息 {"status":"ok","msg":"四川-成都","time_insert":"2019-07-24 19:36","time_update":"2020-10-28 17:01"}
2021-07-03 00:05:55 查询号码 【1734596】，GSD为【"四川-成都"】

2021-07-03 00:05:55 开始第 22 次操作

2021-07-03 00:05:55 开始操作号码 【1734597】
2021-07-03 00:06:01 GSD getOne 第 1 次 等待 1 秒
2021-07-03 00:06:02 查询号码 【1734597】，返回信息 {"status":"bad","msg":""}
2021-07-03 00:06:02 查询号码 【1734597】，GSD为【""】
2021-07-03 00:06:02 bad
2021-07-03 00:06:06 CHB 1734597?1625241962 第 1 次 等待 1 秒
2021-07-03 00:06:07 CHB 1734597?1625241962 第 1 次 获取到号码【1734597】GSD
2021-07-03 00:06:07 获取到号码【1734597】的GSD为【四川-成都】
2021-07-03 00:06:14 GSD insert 第 1 次 等待 1 秒
2021-07-03 00:06:15 {"status":"ok","msg":"添加成功！177567"}
2021-07-03 00:06:15 下次操作: 2021-07-03 00:06:30

2021-07-03 00:06:30 开始第 23 次操作

2021-07-03 00:06:30 开始操作号码 【1734598】
2021-07-03 00:06:41 GSD getOne 第 1 次 等待 1 秒
2021-07-03 00:06:42 查询号码 【1734598】，返回信息 {"status":"ok","msg":"四川-成都","time_insert":"2018-06-12 08:00","time_update":"2020-10-28 17:02"}
2021-07-03 00:06:42 查询号码 【1734598】，GSD为【"四川-成都"】

2021-07-03 00:06:42 开始第 23 次操作

2021-07-03 00:06:42 开始操作号码 【1734599】
2021-07-03 00:06:47 GSD getOne 第 1 次 等待 1 秒
2021-07-03 00:06:48 查询号码 【1734599】，返回信息 {"status":"ok","msg":"四川-成都","time_insert":"2018-05-09 10:50","time_update":"2020-10-28 17:06"}
2021-07-03 00:06:49 查询号码 【1734599】，GSD为【"四川-成都"】

2021-07-03 00:06:49 开始第 23 次操作

2021-07-03 00:06:49 开始操作号码 【1734600】
2021-07-03 00:06:53 GSD getOne 第 1 次 等待 1 秒
2021-07-03 00:06:54 查询号码 【1734600】，返回信息 {"status":"bad","msg":""}
2021-07-03 00:06:54 查询号码 【1734600】，GSD为【""】
2021-07-03 00:06:54 bad
2021-07-03 00:07:01 CHB 1734600?1625242014 第 1 次 等待 1 秒
2021-07-03 00:07:02 CHB 1734600?1625242014 第 1 次 获取到号码【1734600】GSD
2021-07-03 00:07:02 获取到号码【1734600】的GSD为【福建-三明】
2021-07-03 00:07:08 GSD insert 第 1 次 等待 1 秒
2021-07-03 00:07:09 {"status":"ok","msg":"添加成功！177577"}
2021-07-03 00:07:09 下次操作: 2021-07-03 00:07:21

2021-07-03 00:07:21 开始第 24 次操作

2021-07-03 00:07:21 开始操作号码 【1734601】
2021-07-03 00:07:26 GSD getOne 第 1 次 等待 1 秒
2021-07-03 00:07:27 查询号码 【1734601】，返回信息 {"status":"bad","msg":""}
2021-07-03 00:07:27 查询号码 【1734601】，GSD为【""】
2021-07-03 00:07:27 bad
2021-07-03 00:07:29 CHB 1734601?1625242047 第 1 次 等待 1 秒
2021-07-03 00:07:30 CHB 1734601?1625242047 第 1 次 获取到号码【1734601】GSD
2021-07-03 00:07:30 获取到号码【1734601】的GSD为【福建-宁德】
2021-07-03 00:07:38 GSD insert 第 1 次 等待 1 秒
2021-07-03 00:07:39 {"status":"ok","msg":"添加成功！177583"}
2021-07-03 00:07:39 下次操作: 2021-07-03 00:07:49

2021-07-03 00:07:49 开始第 25 次操作

2021-07-03 00:07:49 开始操作号码 【1734602】
2021-07-03 00:07:55 GSD getOne 第 1 次 等待 1 秒
2021-07-03 00:07:56 查询号码 【1734602】，返回信息 {"status":"bad","msg":""}
2021-07-03 00:07:56 查询号码 【1734602】，GSD为【""】
2021-07-03 00:07:56 bad
2021-07-03 00:07:58 CHB 1734602?1625242076 第 1 次 等待 1 秒
2021-07-03 00:07:59 CHB 1734602?1625242076 第 1 次 获取到号码【1734602】GSD
2021-07-03 00:07:59 获取到号码【1734602】的GSD为【福建-宁德】
2021-07-03 00:08:11 GSD insert 第 1 次 等待 1 秒
2021-07-03 00:08:12 {"status":"ok","msg":"添加成功！177590"}
2021-07-03 00:08:12 下次操作: 2021-07-03 00:08:18

2021-07-03 00:08:18 开始第 26 次操作

2021-07-03 00:08:18 开始操作号码 【1734603】
2021-07-03 00:08:25 GSD getOne 第 1 次 等待 1 秒
2021-07-03 00:08:26 查询号码 【1734603】，返回信息 {"status":"bad","msg":""}
2021-07-03 00:08:26 查询号码 【1734603】，GSD为【""】
2021-07-03 00:08:26 bad
2021-07-03 00:08:28 CHB 1734603?1625242106 第 1 次 等待 1 秒
2021-07-03 00:08:29 CHB 1734603?1625242106 第 1 次 获取到号码【1734603】GSD
2021-07-03 00:08:29 获取到号码【1734603】的GSD为【福建-泉州】
2021-07-03 00:08:33 GSD insert 第 1 次 等待 1 秒
2021-07-03 00:08:34 {"status":"ok","msg":"添加成功！177595"}
2021-07-03 00:08:34 下次操作: 2021-07-03 00:08:52

2021-07-03 00:08:52 开始第 27 次操作

2021-07-03 00:08:52 开始操作号码 【1734604】
2021-07-03 00:08:57 GSD getOne 第 1 次 等待 1 秒
2021-07-03 00:08:58 查询号码 【1734604】，返回信息 {"status":"bad","msg":""}
2021-07-03 00:08:58 查询号码 【1734604】，GSD为【""】
2021-07-03 00:08:58 bad
2021-07-03 00:09:02 CHB 1734604?1625242138 第 1 次 等待 1 秒
2021-07-03 00:09:03 CHB 1734604?1625242138 第 1 次 获取到号码【1734604】GSD
2021-07-03 00:09:03 获取到号码【1734604】的GSD为【福建-泉州】
2021-07-03 00:09:09 GSD insert 第 1 次 等待 1 秒
2021-07-03 00:09:10 {"status":"ok","msg":"添加成功！177600"}
2021-07-03 00:09:10 下次操作: 2021-07-03 00:09:17

2021-07-03 00:09:17 开始第 28 次操作

2021-07-03 00:09:17 开始操作号码 【1734605】
2021-07-03 00:09:22 GSD getOne 第 1 次 等待 1 秒
2021-07-03 00:09:23 查询号码 【1734605】，返回信息 {"status":"bad","msg":""}
2021-07-03 00:09:23 查询号码 【1734605】，GSD为【""】
2021-07-03 00:09:23 bad
2021-07-03 00:09:25 CHB 1734605?1625242163 第 1 次 等待 1 秒
2021-07-03 00:09:26 CHB 1734605?1625242163 第 1 次 获取到号码【1734605】GSD
2021-07-03 00:09:26 获取到号码【1734605】的GSD为【福建-泉州】
2021-07-03 00:09:30 GSD insert 第 1 次 等待 1 秒
2021-07-03 00:09:31 {"status":"ok","msg":"添加成功！177605"}
2021-07-03 00:09:31 下次操作: 2021-07-03 00:09:46

2021-07-03 00:09:46 开始第 29 次操作

2021-07-03 00:09:46 开始操作号码 【1734606】
2021-07-03 00:09:50 GSD getOne 第 1 次 等待 1 秒
2021-07-03 00:09:51 查询号码 【1734606】，返回信息 {"status":"bad","msg":""}
2021-07-03 00:09:51 查询号码 【1734606】，GSD为【""】
2021-07-03 00:09:51 bad
2021-07-03 00:09:54 CHB 1734606?1625242191 第 1 次 等待 1 秒
2021-07-03 00:09:55 CHB 1734606?1625242191 第 1 次 获取到号码【1734606】GSD
2021-07-03 00:09:55 获取到号码【1734606】的GSD为【福建-泉州】
2021-07-03 00:10:00 GSD insert 第 1 次 等待 1 秒
2021-07-03 00:10:01 {"status":"ok","msg":"添加成功！177609"}
2021-07-03 00:10:01 下次操作: 2021-07-03 00:10:11

2021-07-03 00:10:11 开始第 30 次操作

2021-07-03 00:10:11 开始操作号码 【1734607】
2021-07-03 00:10:20 GSD getOne 第 1 次 等待 1 秒
2021-07-03 00:10:21 查询号码 【1734607】，返回信息 {"status":"bad","msg":""}
2021-07-03 00:10:21 查询号码 【1734607】，GSD为【""】
2021-07-03 00:10:21 bad
2021-07-03 00:10:23 CHB 1734607?1625242221 第 1 次 等待 1 秒
2021-07-03 00:10:24 CHB 1734607?1625242221 第 1 次 获取到号码【1734607】GSD
2021-07-03 00:10:24 获取到号码【1734607】的GSD为【福建-泉州】
2021-07-03 00:10:29 GSD insert 第 1 次 等待 1 秒
2021-07-03 00:10:30 {"status":"ok","msg":"添加成功！177612"}

