2024-11-11 00:23:17 开始第 4125 次操作

2024-11-11 00:23:17 开始操作号码 【1344124】
2024-11-11 00:23:18 GSD getOne 第 1 次 等待 3 秒
2024-11-11 00:23:21 查询号码 【1344124】，返回信息 {"status":"ok","msg":"广东-深圳","gid":"145227","time_insert":"2021-06-28 07:50"}
2024-11-11 00:23:21 查询号码 【1344124】，GSD为【"广东-深圳"】

2024-11-11 00:23:22 开始第 4126 次操作

2024-11-11 00:23:22 开始操作号码 【1344125】
2024-11-11 00:23:23 GSD getOne 第 1 次 等待 3 秒
2024-11-11 00:23:26 查询号码 【1344125】，返回信息 {"status":"ok","msg":"广东-深圳","gid":"145329","time_insert":"2021-06-28 08:06"}
2024-11-11 00:23:26 查询号码 【1344125】，GSD为【"广东-深圳"】

2024-11-11 00:23:27 开始第 4127 次操作

2024-11-11 00:23:27 开始操作号码 【1344126】
2024-11-11 00:23:29 GSD getOne 第 1 次 等待 3 秒
2024-11-11 00:23:32 查询号码 【1344126】，返回信息 {"status":"ok","msg":"广东-深圳","gid":"145366","time_insert":"2021-06-28 08:29"}
2024-11-11 00:23:32 查询号码 【1344126】，GSD为【"广东-深圳"】

2024-11-11 00:23:33 开始第 4128 次操作

2024-11-11 00:23:33 开始操作号码 【1344127】
2024-11-11 00:23:34 GSD getOne 第 1 次 等待 3 秒
2024-11-11 00:23:37 查询号码 【1344127】，返回信息 {"status":"ok","msg":"广东-深圳","gid":"145394","time_insert":"2021-06-28 08:49"}
2024-11-11 00:23:37 查询号码 【1344127】，GSD为【"广东-深圳"】

2024-11-11 00:41:42 开始第 4129 次操作

2024-11-11 00:41:42 开始操作号码 【1344128】
2024-11-11 00:41:43 GSD getOne 第 1 次 等待 3 秒
2024-11-11 00:41:46 查询号码 【1344128】，返回信息 {"status":"ok","msg":"江苏-南京","gid":"146901","time_insert":"2021-06-28 13:58"}
2024-11-11 00:41:46 查询号码 【1344128】，GSD为【"江苏-南京"】

2024-11-11 00:41:47 开始第 4130 次操作

2024-11-11 00:41:47 开始操作号码 【1344129】
2024-11-11 00:41:48 GSD getOne 第 1 次 等待 3 秒
2024-11-11 00:41:51 查询号码 【1344129】，返回信息 {"status":"ok","msg":"江苏-泰州","gid":"146902","time_insert":"2021-06-28 13:58"}
2024-11-11 00:41:51 查询号码 【1344129】，GSD为【"江苏-泰州"】

2024-11-11 00:41:52 开始第 4131 次操作

2024-11-11 00:41:52 开始操作号码 【1344130】
2024-11-11 00:41:54 GSD getOne 第 1 次 等待 3 秒
2024-11-11 00:41:57 查询号码 【1344130】，返回信息 {"status":"ok","msg":"江苏-淮安","gid":"146931","time_insert":"2021-06-28 14:19"}
2024-11-11 00:41:57 查询号码 【1344130】，GSD为【"江苏-淮安"】

2024-11-11 00:41:58 开始第 4132 次操作

2024-11-11 00:41:58 开始操作号码 【1344131】
2024-11-11 00:41:59 GSD getOne 第 1 次 等待 3 秒
2024-11-11 00:42:02 查询号码 【1344131】，返回信息 {"status":"ok","msg":"江苏-淮安","gid":"146957","time_insert":"2021-06-28 14:41"}
2024-11-11 00:42:02 查询号码 【1344131】，GSD为【"江苏-淮安"】

