2024-06-12 00:11:24 开始第 693 次操作

2024-06-12 00:11:24 开始操作号码 【1560600】
2024-06-12 00:11:31 GSD getOne 第 1 次 等待 3 秒
2024-06-12 00:11:34 查询号码 【1560600】，返回信息 {"status":"ok","msg":"福建-厦门","gid":"22432","time_insert":"2020-05-30 14:54","time_update":"2020-09-05 00:31"}
2024-06-12 00:11:35 查询号码 【1560600】，GSD为【"福建-厦门"】

2024-06-12 00:11:36 开始第 694 次操作

2024-06-12 00:11:36 开始操作号码 【1560601】
2024-06-12 00:11:50 GSD getOne 第 1 次 等待 3 秒
2024-06-12 00:11:53 查询号码 【1560601】，返回信息 {"status":"ok","msg":"福建-福州","gid":"93512","time_insert":"2021-06-12 19:43"}
2024-06-12 00:11:53 查询号码 【1560601】，GSD为【"福建-福州"】

2024-06-12 00:11:54 开始第 695 次操作

2024-06-12 00:11:54 开始操作号码 【1560602】
2024-06-12 00:12:01 GSD getOne 第 1 次 等待 3 秒
2024-06-12 00:12:04 查询号码 【1560602】，返回信息 {"status":"ok","msg":"福建-福州","gid":"93532","time_insert":"2021-06-12 20:01"}
2024-06-12 00:12:05 查询号码 【1560602】，GSD为【"福建-福州"】

2024-06-12 00:12:06 开始第 696 次操作

2024-06-12 00:12:06 开始操作号码 【1560603】
2024-06-12 00:12:13 GSD getOne 第 1 次 等待 3 秒
2024-06-12 00:12:16 查询号码 【1560603】，返回信息 {"status":"ok","msg":"福建-泉州","gid":"22433","time_insert":"2020-01-14 16:14","time_update":"2020-09-05 00:26"}
2024-06-12 00:12:16 查询号码 【1560603】，GSD为【"福建-泉州"】

2024-06-12 00:38:22 开始第 697 次操作

2024-06-12 00:38:22 开始操作号码 【1560604】
2024-06-12 00:38:32 GSD getOne 第 1 次 等待 3 秒
2024-06-12 00:38:35 查询号码 【1560604】，返回信息 {"status":"ok","msg":"福建-漳州","gid":"93553","time_insert":"2021-06-12 20:18"}
2024-06-12 00:38:35 查询号码 【1560604】，GSD为【"福建-漳州"】

2024-06-12 00:38:36 开始第 698 次操作

2024-06-12 00:38:36 开始操作号码 【1560605】
2024-06-12 00:38:45 GSD getOne 第 1 次 等待 3 秒
2024-06-12 00:38:48 查询号码 【1560605】，返回信息 {"status":"ok","msg":"福建-漳州","gid":"93575","time_insert":"2021-06-12 20:39"}
2024-06-12 00:38:48 查询号码 【1560605】，GSD为【"福建-漳州"】

2024-06-12 00:38:49 开始第 699 次操作

2024-06-12 00:38:49 开始操作号码 【1560606】
2024-06-12 00:38:55 GSD getOne 第 1 次 等待 3 秒
2024-06-12 00:38:58 查询号码 【1560606】，返回信息 {"status":"ok","msg":"福建-福州","gid":"93592","time_insert":"2021-06-12 20:55"}
2024-06-12 00:38:58 查询号码 【1560606】，GSD为【"福建-福州"】

2024-06-12 00:39:00 开始第 700 次操作

2024-06-12 00:39:00 开始操作号码 【1560607】
2024-06-12 00:39:08 GSD getOne 第 1 次 等待 3 秒
2024-06-12 00:39:11 查询号码 【1560607】，返回信息 {"status":"ok","msg":"福建-福州","gid":"93614","time_insert":"2021-06-12 21:15"}
2024-06-12 00:39:11 查询号码 【1560607】，GSD为【"福建-福州"】

