2024-02-13 00:08:33 开始第 3461 次操作

2024-02-13 00:08:33 开始操作号码 【1783370】
2024-02-13 00:08:38 GSD getOne 第 1 次 等待 3 秒
2024-02-13 00:08:41 查询号码 【1783370】，返回信息 {"status":"ok","msg":"广东-惠州","gid":"327020","time_insert":"2021-07-19 15:03"}
2024-02-13 00:08:41 查询号码 【1783370】，GSD为【"广东-惠州"】

2024-02-13 00:08:42 开始第 3462 次操作

2024-02-13 00:08:42 开始操作号码 【1783371】
2024-02-13 00:08:49 GSD getOne 第 1 次 等待 3 秒
2024-02-13 00:08:52 查询号码 【1783371】，返回信息 {"status":"ok","msg":"广东-惠州","gid":"327012","time_insert":"2021-07-19 15:03"}
2024-02-13 00:08:52 查询号码 【1783371】，GSD为【"广东-惠州"】

2024-02-13 00:08:53 开始第 3463 次操作

2024-02-13 00:08:53 开始操作号码 【1783372】
2024-02-13 00:08:57 GSD getOne 第 1 次 等待 3 秒
2024-02-13 00:09:00 查询号码 【1783372】，返回信息 {"status":"ok","msg":"广东-惠州","gid":"327005","time_insert":"2021-07-19 15:02"}
2024-02-13 00:09:00 查询号码 【1783372】，GSD为【"广东-惠州"】

2024-02-13 00:09:01 开始第 3464 次操作

2024-02-13 00:09:01 开始操作号码 【1783373】
2024-02-13 00:09:06 GSD getOne 第 1 次 等待 3 秒
2024-02-13 00:09:09 查询号码 【1783373】，返回信息 {"status":"ok","msg":"广东-惠州","gid":"326998","time_insert":"2021-07-19 15:01"}
2024-02-13 00:09:09 查询号码 【1783373】，GSD为【"广东-惠州"】

