2024-09-21 00:22:34 开始第 5621 次操作

2024-09-21 00:22:34 开始操作号码 【1455620】
2024-09-21 00:22:46 GSD getOne 第 1 次 等待 3 秒
2024-09-21 00:22:49 查询号码 【1455620】，返回信息 {"status":"ok","msg":"广东-东莞","gid":"87570","time_insert":"2021-06-09 07:54"}
2024-09-21 00:22:49 查询号码 【1455620】，GSD为【"广东-东莞"】

2024-09-21 00:22:50 开始第 5622 次操作

2024-09-21 00:22:50 开始操作号码 【1455621】
2024-09-21 00:22:51 GSD getOne 第 1 次 等待 3 秒
2024-09-21 00:22:54 查询号码 【1455621】，返回信息 {"status":"ok","msg":"广东-东莞","gid":"87576","time_insert":"2021-06-09 07:58"}
2024-09-21 00:22:54 查询号码 【1455621】，GSD为【"广东-东莞"】

2024-09-21 00:22:55 开始第 5623 次操作

2024-09-21 00:22:55 开始操作号码 【1455622】
2024-09-21 00:22:57 GSD getOne 第 1 次 等待 3 秒
2024-09-21 00:23:00 查询号码 【1455622】，返回信息 {"status":"ok","msg":"广东-东莞","gid":"87578","time_insert":"2021-06-09 08:02"}
2024-09-21 00:23:01 查询号码 【1455622】，GSD为【"广东-东莞"】

2024-09-21 00:23:02 开始第 5624 次操作

2024-09-21 00:23:02 开始操作号码 【1455623】
2024-09-21 00:23:03 GSD getOne 第 1 次 等待 3 秒
2024-09-21 00:23:06 查询号码 【1455623】，返回信息 {"status":"ok","msg":"广东-东莞","gid":"87586","time_insert":"2021-06-09 08:07"}
2024-09-21 00:23:06 查询号码 【1455623】，GSD为【"广东-东莞"】

