2024-10-09 00:24:38 开始第 8689 次操作

2024-10-09 00:24:38 开始操作号码 【1458688】
2024-10-09 00:24:41 GSD getOne 第 1 次 等待 3 秒
2024-10-09 00:24:44 查询号码 【1458688】，返回信息 {"status":"ok","msg":"湖南-湘潭","gid":"106005","time_insert":"2021-06-19 12:00"}
2024-10-09 00:24:44 查询号码 【1458688】，GSD为【"湖南-湘潭"】

2024-10-09 00:24:45 开始第 8690 次操作

2024-10-09 00:24:45 开始操作号码 【1458689】
2024-10-09 00:24:47 GSD getOne 第 1 次 等待 3 秒
2024-10-09 00:24:50 查询号码 【1458689】，返回信息 {"status":"ok","msg":"湖南-岳阳","gid":"106013","time_insert":"2021-06-19 12:06"}
2024-10-09 00:24:50 查询号码 【1458689】，GSD为【"湖南-岳阳"】

2024-10-09 00:24:51 开始第 8691 次操作

2024-10-09 00:24:51 开始操作号码 【1458690】
2024-10-09 00:24:52 GSD getOne 第 1 次 等待 3 秒
2024-10-09 00:24:55 查询号码 【1458690】，返回信息 {"status":"ok","msg":"山东-威海","gid":"106018","time_insert":"2021-06-19 12:11"}
2024-10-09 00:24:55 查询号码 【1458690】，GSD为【"山东-威海"】

2024-10-09 00:24:56 开始第 8692 次操作

2024-10-09 00:24:56 开始操作号码 【1458691】
2024-10-09 00:24:58 GSD getOne 第 1 次 等待 3 秒
2024-10-09 00:25:01 查询号码 【1458691】，返回信息 {"status":"ok","msg":"山东-威海","gid":"106023","time_insert":"2021-06-19 12:16"}
2024-10-09 00:25:01 查询号码 【1458691】，GSD为【"山东-威海"】

