2024-07-13 00:11:12 开始第 6345 次操作

2024-07-13 00:11:12 开始操作号码 【1566251】
2024-07-13 00:11:21 GSD getOne 第 1 次 等待 3 秒
2024-07-13 00:11:24 查询号码 【1566251】，返回信息 {"status":"ok","msg":"山东-潍坊","gid":"407925","time_insert":"2021-07-27 01:47"}
2024-07-13 00:11:24 查询号码 【1566251】，GSD为【"山东-潍坊"】

2024-07-13 00:11:25 开始第 6346 次操作

2024-07-13 00:11:25 开始操作号码 【1566252】
2024-07-13 00:11:33 GSD getOne 第 1 次 等待 3 秒
2024-07-13 00:11:36 查询号码 【1566252】，返回信息 {"status":"ok","msg":"山东-潍坊","gid":"407917","time_insert":"2021-07-27 01:47"}
2024-07-13 00:11:36 查询号码 【1566252】，GSD为【"山东-潍坊"】

2024-07-13 00:11:37 开始第 6347 次操作

2024-07-13 00:11:37 开始操作号码 【1566253】
2024-07-13 00:11:47 GSD getOne 第 1 次 等待 3 秒
2024-07-13 00:11:50 查询号码 【1566253】，返回信息 {"status":"ok","msg":"山东-潍坊","gid":"407907","time_insert":"2021-07-27 01:46","time_update":"2021-07-28 10:11"}
2024-07-13 00:11:50 查询号码 【1566253】，GSD为【"山东-潍坊"】

2024-07-13 00:11:51 开始第 6348 次操作

2024-07-13 00:11:51 开始操作号码 【1566254】
2024-07-13 00:11:58 GSD getOne 第 1 次 等待 3 秒
2024-07-13 00:12:01 查询号码 【1566254】，返回信息 {"status":"ok","msg":"山东-潍坊","gid":"407898","time_insert":"2021-07-27 01:45"}
2024-07-13 00:12:01 查询号码 【1566254】，GSD为【"山东-潍坊"】

2024-07-13 00:37:45 开始第 6349 次操作

2024-07-13 00:37:45 开始操作号码 【1566255】
2024-07-13 00:37:52 GSD getOne 第 1 次 等待 3 秒
2024-07-13 00:37:55 查询号码 【1566255】，返回信息 {"status":"ok","msg":"山东-潍坊","gid":"407886","time_insert":"2021-07-27 01:45"}
2024-07-13 00:37:55 查询号码 【1566255】，GSD为【"山东-潍坊"】

2024-07-13 00:37:56 开始第 6350 次操作

2024-07-13 00:37:56 开始操作号码 【1566256】
2024-07-13 00:38:06 GSD getOne 第 1 次 等待 3 秒
2024-07-13 00:38:09 查询号码 【1566256】，返回信息 {"status":"ok","msg":"山东-潍坊","gid":"407877","time_insert":"2021-07-27 01:44"}
2024-07-13 00:38:10 查询号码 【1566256】，GSD为【"山东-潍坊"】

2024-07-13 00:38:11 开始第 6351 次操作

2024-07-13 00:38:11 开始操作号码 【1566257】
2024-07-13 00:38:22 GSD getOne 第 1 次 等待 3 秒
2024-07-13 00:38:25 查询号码 【1566257】，返回信息 {"status":"ok","msg":"山东-潍坊","gid":"407868","time_insert":"2021-07-27 01:43"}
2024-07-13 00:38:25 查询号码 【1566257】，GSD为【"山东-潍坊"】

2024-07-13 00:38:27 开始第 6352 次操作

2024-07-13 00:38:27 开始操作号码 【1566258】
2024-07-13 00:38:34 GSD getOne 第 1 次 等待 3 秒
2024-07-13 00:38:37 查询号码 【1566258】，返回信息 {"status":"ok","msg":"山东-潍坊","gid":"407854","time_insert":"2021-07-27 01:43"}
2024-07-13 00:38:37 查询号码 【1566258】，GSD为【"山东-潍坊"】

2024-07-13 01:09:33 开始第 6353 次操作

2024-07-13 01:09:33 开始操作号码 【1566259】
2024-07-13 01:09:41 GSD getOne 第 1 次 等待 3 秒
2024-07-13 01:09:44 查询号码 【1566259】，返回信息 {"status":"ok","msg":"山东-潍坊","gid":"407776","time_insert":"2021-07-27 01:34"}
2024-07-13 01:09:44 查询号码 【1566259】，GSD为【"山东-潍坊"】

2024-07-13 01:09:45 开始第 6354 次操作

2024-07-13 01:09:45 开始操作号码 【1566260】
2024-07-13 01:09:54 GSD getOne 第 1 次 等待 3 秒
2024-07-13 01:09:57 查询号码 【1566260】，返回信息 {"status":"ok","msg":"山东-潍坊","gid":"407772","time_insert":"2021-07-27 01:33"}
2024-07-13 01:09:57 查询号码 【1566260】，GSD为【"山东-潍坊"】

2024-07-13 01:09:58 开始第 6355 次操作

2024-07-13 01:09:58 开始操作号码 【1566261】
2024-07-13 01:10:06 GSD getOne 第 1 次 等待 3 秒
2024-07-13 01:10:09 查询号码 【1566261】，返回信息 {"status":"ok","msg":"山东-潍坊","gid":"407770","time_insert":"2021-07-27 01:33"}
2024-07-13 01:10:09 查询号码 【1566261】，GSD为【"山东-潍坊"】

2024-07-13 01:10:10 开始第 6356 次操作

2024-07-13 01:10:10 开始操作号码 【1566262】
2024-07-13 01:10:19 GSD getOne 第 1 次 等待 3 秒
2024-07-13 01:10:22 查询号码 【1566262】，返回信息 {"status":"ok","msg":"山东-济南","gid":"407768","time_insert":"2021-07-27 01:32"}
2024-07-13 01:10:22 查询号码 【1566262】，GSD为【"山东-济南"】

2024-07-13 01:33:30 开始第 6357 次操作

2024-07-13 01:33:30 开始操作号码 【1566263】
2024-07-13 01:33:38 GSD getOne 第 1 次 等待 3 秒
2024-07-13 01:33:41 查询号码 【1566263】，返回信息 {"status":"ok","msg":"山东-济南","gid":"407740","time_insert":"2021-07-27 01:26"}
2024-07-13 01:33:41 查询号码 【1566263】，GSD为【"山东-济南"】

2024-07-13 01:33:42 开始第 6358 次操作

2024-07-13 01:33:42 开始操作号码 【1566264】
2024-07-13 01:33:55 GSD getOne 第 1 次 等待 3 秒
2024-07-13 01:33:58 查询号码 【1566264】，返回信息 {"status":"ok","msg":"山东-济南","gid":"407734","time_insert":"2021-07-27 01:25"}
2024-07-13 01:33:58 查询号码 【1566264】，GSD为【"山东-济南"】

2024-07-13 01:33:59 开始第 6359 次操作

2024-07-13 01:33:59 开始操作号码 【1566265】
2024-07-13 01:34:07 GSD getOne 第 1 次 等待 3 秒
2024-07-13 01:34:10 查询号码 【1566265】，返回信息 {"status":"ok","msg":"山东-济南","gid":"407725","time_insert":"2021-07-27 01:25"}
2024-07-13 01:34:10 查询号码 【1566265】，GSD为【"山东-济南"】

2024-07-13 01:34:11 开始第 6360 次操作

2024-07-13 01:34:11 开始操作号码 【1566266】
2024-07-13 01:34:20 GSD getOne 第 1 次 等待 3 秒
2024-07-13 01:34:23 查询号码 【1566266】，返回信息 {"status":"ok","msg":"山东-济南","gid":"407715","time_insert":"2021-07-27 01:24"}
2024-07-13 01:34:23 查询号码 【1566266】，GSD为【"山东-济南"】

