2023-11-12 00:08:39 开始第 8353 次操作

2023-11-12 00:08:39 开始操作号码 【1998261】
2023-11-12 00:08:42 GSD getOne 第 1 次 等待 3 秒
2023-11-12 00:08:45 查询号码 【1998261】，返回信息 {"status":"ok","msg":"四川-眉山","gid":"487082","time_insert":"2021-08-03 05:10"}
2023-11-12 00:08:45 查询号码 【1998261】，GSD为【"四川-眉山"】

2023-11-12 00:08:46 开始第 8354 次操作

2023-11-12 00:08:46 开始操作号码 【1998262】
2023-11-12 00:08:54 GSD getOne 第 1 次 等待 3 秒
2023-11-12 00:08:57 查询号码 【1998262】，返回信息 {"status":"ok","msg":"四川-眉山","gid":"46769","time_insert":"2018-11-16 09:38","time_update":"2020-11-16 10:35"}
2023-11-12 00:08:57 查询号码 【1998262】，GSD为【"四川-眉山"】

2023-11-12 00:08:58 开始第 8355 次操作

2023-11-12 00:08:58 开始操作号码 【1998263】
2023-11-12 00:09:07 GSD getOne 第 1 次 等待 3 秒
2023-11-12 00:09:10 查询号码 【1998263】，返回信息 {"status":"ok","msg":"四川-眉山","gid":"46770","time_insert":"2020-04-16 11:23","time_update":"2020-11-16 10:40"}
2023-11-12 00:09:10 查询号码 【1998263】，GSD为【"四川-眉山"】

2023-11-12 00:09:11 开始第 8356 次操作

2023-11-12 00:09:11 开始操作号码 【1998264】
2023-11-12 00:09:15 GSD getOne 第 1 次 等待 3 秒
2023-11-12 00:09:18 查询号码 【1998264】，返回信息 {"status":"ok","msg":"四川-眉山","gid":"46771","time_insert":"2020-03-26 20:35","time_update":"2020-11-16 10:43"}
2023-11-12 00:09:18 查询号码 【1998264】，GSD为【"四川-眉山"】

2023-11-12 00:34:13 开始第 8357 次操作

2023-11-12 00:34:13 开始操作号码 【1998265】
2023-11-12 00:34:20 GSD getOne 第 1 次 等待 3 秒
2023-11-12 00:34:23 查询号码 【1998265】，返回信息 {"status":"ok","msg":"四川-眉山","gid":"487073","time_insert":"2021-08-03 05:09"}
2023-11-12 00:34:23 查询号码 【1998265】，GSD为【"四川-眉山"】

2023-11-12 00:34:24 开始第 8358 次操作

2023-11-12 00:34:24 开始操作号码 【1998266】
2023-11-12 00:34:30 GSD getOne 第 1 次 等待 3 秒
2023-11-12 00:34:33 查询号码 【1998266】，返回信息 {"status":"ok","msg":"四川-眉山","gid":"46772","time_insert":"2018-12-31 07:10","time_update":"2020-11-16 10:46"}
2023-11-12 00:34:33 查询号码 【1998266】，GSD为【"四川-眉山"】

2023-11-12 00:34:34 开始第 8359 次操作

2023-11-12 00:34:34 开始操作号码 【1998267】
2023-11-12 00:34:38 GSD getOne 第 1 次 等待 3 秒
2023-11-12 00:34:41 查询号码 【1998267】，返回信息 {"status":"ok","msg":"四川-眉山","gid":"487065","time_insert":"2021-08-03 05:08"}
2023-11-12 00:34:41 查询号码 【1998267】，GSD为【"四川-眉山"】

2023-11-12 00:34:42 开始第 8360 次操作

2023-11-12 00:34:42 开始操作号码 【1998268】
2023-11-12 00:34:46 GSD getOne 第 1 次 等待 3 秒
2023-11-12 00:34:49 查询号码 【1998268】，返回信息 {"status":"ok","msg":"四川-眉山","gid":"487057","time_insert":"2021-08-03 05:07"}
2023-11-12 00:34:49 查询号码 【1998268】，GSD为【"四川-眉山"】

