2024-08-30 00:22:06 开始第 1861 次操作

2024-08-30 00:22:06 开始操作号码 【1451860】
2024-08-30 00:22:14 GSD getOne 第 1 次 等待 3 秒
2024-08-30 00:22:17 查询号码 【1451860】，返回信息 {"status":"ok","msg":"河北-秦皇岛","gid":"89859","time_insert":"2021-06-10 16:31","time_update":"2021-07-31 18:02"}
2024-08-30 00:22:17 查询号码 【1451860】，GSD为【"河北-秦皇岛"】

2024-08-30 00:22:18 开始第 1862 次操作

2024-08-30 00:22:18 开始操作号码 【1451861】
2024-08-30 00:22:27 GSD getOne 第 1 次 等待 3 秒
2024-08-30 00:22:30 查询号码 【1451861】，返回信息 {"status":"ok","msg":"河北-沧州","gid":"89866","time_insert":"2021-06-10 16:35","time_update":"2021-07-31 18:15"}
2024-08-30 00:22:30 查询号码 【1451861】，GSD为【"河北-沧州"】

2024-08-30 00:22:31 开始第 1863 次操作

2024-08-30 00:22:31 开始操作号码 【1451862】
2024-08-30 00:22:39 GSD getOne 第 1 次 等待 3 秒
2024-08-30 00:22:42 查询号码 【1451862】，返回信息 {"status":"ok","msg":"河北-沧州","gid":"89877","time_insert":"2021-06-10 16:41","time_update":"2021-07-31 18:25"}
2024-08-30 00:22:42 查询号码 【1451862】，GSD为【"河北-沧州"】

2024-08-30 00:22:43 开始第 1864 次操作

2024-08-30 00:22:43 开始操作号码 【1451863】
2024-08-30 00:22:52 GSD getOne 第 1 次 等待 3 秒
2024-08-30 00:22:55 查询号码 【1451863】，返回信息 {"status":"ok","msg":"河北-邢台","gid":"89885","time_insert":"2021-06-10 16:46","time_update":"2021-07-31 17:48"}
2024-08-30 00:22:55 查询号码 【1451863】，GSD为【"河北-邢台"】

