2021-07-26 00:00:24 开始第 18 次操作

2021-07-26 00:00:24 开始操作号码 【1525845】
2021-07-26 00:00:35 GSD getOne 第 1 次 等待 3 秒
2021-07-26 00:00:38 查询号码 【1525845】，返回信息 {"status":"bad","msg":""}
2021-07-26 00:00:38 查询号码 【1525845】，GSD为【""】
2021-07-26 00:00:38 bad
2021-07-26 00:00:40 CHB 1525845?1627228838 第 1 次 等待 3 秒
2021-07-26 00:00:43 CHB 1525845?1627228838 第 1 次 获取到号码【1525845】GSD
2021-07-26 00:00:43 获取到号码【1525845】的GSD为【浙江-温州】
2021-07-26 00:00:46 GSD insert 第 1 次 等待 3 秒
2021-07-26 00:00:49 {"status":"ok","gid":395135,"msg":"添加成功！"}
2021-07-26 00:00:49 下次操作: 2021-07-26 00:01:04

2021-07-26 00:01:04 开始第 19 次操作

2021-07-26 00:01:04 开始操作号码 【1525844】
2021-07-26 00:01:07 GSD getOne 第 1 次 等待 3 秒
2021-07-26 00:01:10 查询号码 【1525844】，返回信息 {"status":"bad","msg":""}
2021-07-26 00:01:10 查询号码 【1525844】，GSD为【""】
2021-07-26 00:01:10 bad
2021-07-26 00:01:14 CHB 1525844?1627228870 第 1 次 等待 3 秒
2021-07-26 00:01:17 CHB 1525844?1627228870 第 1 次 获取到号码【1525844】GSD
2021-07-26 00:01:17 获取到号码【1525844】的GSD为【浙江-温州】
2021-07-26 00:01:19 GSD insert 第 1 次 等待 3 秒
2021-07-26 00:01:22 {"status":"ok","gid":395141,"msg":"添加成功！"}
2021-07-26 00:01:22 下次操作: 2021-07-26 00:01:37

2021-07-26 00:01:37 开始第 20 次操作

2021-07-26 00:01:37 开始操作号码 【1525843】
2021-07-26 00:01:40 GSD getOne 第 1 次 等待 3 秒
2021-07-26 00:01:43 查询号码 【1525843】，返回信息 {"status":"bad","msg":""}
2021-07-26 00:01:43 查询号码 【1525843】，GSD为【""】
2021-07-26 00:01:43 bad
2021-07-26 00:01:46 CHB 1525843?1627228903 第 1 次 等待 3 秒
2021-07-26 00:01:49 CHB 1525843?1627228903 第 1 次 获取到号码【1525843】GSD
2021-07-26 00:01:49 获取到号码【1525843】的GSD为【浙江-温州】
2021-07-26 00:02:00 GSD insert 第 1 次 等待 3 秒
2021-07-26 00:02:03 {"status":"ok","gid":395153,"msg":"添加成功！"}
2021-07-26 00:02:03 下次操作: 2021-07-26 00:02:25

2021-07-26 00:02:25 开始第 21 次操作

2021-07-26 00:02:25 开始操作号码 【1525842】
2021-07-26 00:02:31 GSD getOne 第 1 次 等待 3 秒
2021-07-26 00:02:34 查询号码 【1525842】，返回信息 {"status":"bad","msg":""}
2021-07-26 00:02:34 查询号码 【1525842】，GSD为【""】
2021-07-26 00:02:34 bad
2021-07-26 00:02:35 CHB 1525842?1627228954 第 1 次 等待 3 秒
2021-07-26 00:02:38 CHB 1525842?1627228954 第 1 次 获取到号码【1525842】GSD
2021-07-26 00:02:38 获取到号码【1525842】的GSD为【浙江-温州】
2021-07-26 00:02:41 GSD insert 第 1 次 等待 3 秒
2021-07-26 00:02:44 {"status":"ok","gid":395161,"msg":"添加成功！"}
2021-07-26 00:02:44 下次操作: 2021-07-26 00:03:04

2021-07-26 00:03:04 开始第 22 次操作

2021-07-26 00:03:04 开始操作号码 【1525841】
2021-07-26 00:03:08 GSD getOne 第 1 次 等待 3 秒
2021-07-26 00:03:11 查询号码 【1525841】，返回信息 {"status":"ok","msg":"浙江-温州","gid":"19441","time_insert":"2017-05-30 10:52","time_update":"2020-08-31 17:12"}
2021-07-26 00:03:11 查询号码 【1525841】，GSD为【"浙江-温州"】

2021-07-26 00:03:12 开始第 22 次操作

2021-07-26 00:03:12 开始操作号码 【1525840】
2021-07-26 00:03:14 GSD getOne 第 1 次 等待 3 秒
2021-07-26 00:03:17 查询号码 【1525840】，返回信息 {"status":"bad","msg":""}
2021-07-26 00:03:17 查询号码 【1525840】，GSD为【""】
2021-07-26 00:03:17 bad
2021-07-26 00:03:22 CHB 1525840?1627228997 第 1 次 等待 3 秒
2021-07-26 00:03:25 CHB 1525840?1627228997 第 1 次 获取到号码【1525840】GSD
2021-07-26 00:03:25 获取到号码【1525840】的GSD为【浙江-温州】
2021-07-26 00:03:32 GSD insert 第 1 次 等待 3 秒
2021-07-26 00:03:35 {"status":"ok","gid":395173,"msg":"添加成功！"}
2021-07-26 00:03:35 下次操作: 2021-07-26 00:03:57

2021-07-26 00:03:57 开始第 23 次操作

2021-07-26 00:03:57 开始操作号码 【1525839】
2021-07-26 00:04:04 GSD getOne 第 1 次 等待 3 秒
2021-07-26 00:04:07 查询号码 【1525839】，返回信息 {"status":"ok","msg":"浙江-宁波","gid":"19440","time_insert":"2016-03-15 13:31","time_update":"2020-08-31 17:08"}
2021-07-26 00:04:08 查询号码 【1525839】，GSD为【"浙江-宁波"】

2021-07-26 00:04:08 开始第 23 次操作

2021-07-26 00:04:08 开始操作号码 【1525838】
2021-07-26 00:04:10 GSD getOne 第 1 次 等待 3 秒
2021-07-26 00:04:13 查询号码 【1525838】，返回信息 {"status":"bad","msg":""}
2021-07-26 00:04:13 查询号码 【1525838】，GSD为【""】
2021-07-26 00:04:13 bad
2021-07-26 00:04:15 CHB 1525838?1627229053 第 1 次 等待 3 秒
2021-07-26 00:04:18 CHB 1525838?1627229053 第 1 次 获取到号码【1525838】GSD
2021-07-26 00:04:18 获取到号码【1525838】的GSD为【浙江-宁波】
2021-07-26 00:04:26 GSD insert 第 1 次 等待 3 秒
2021-07-26 00:04:29 {"status":"ok","gid":395185,"msg":"添加成功！"}
2021-07-26 00:04:29 下次操作: 2021-07-26 00:04:47

2021-07-26 00:04:47 开始第 24 次操作

2021-07-26 00:04:47 开始操作号码 【1525837】
2021-07-26 00:04:54 GSD getOne 第 1 次 等待 3 秒
2021-07-26 00:04:57 查询号码 【1525837】，返回信息 {"status":"ok","msg":"浙江-宁波","gid":"19439","time_insert":"2017-11-09 11:27","time_update":"2020-08-31 17:05"}
2021-07-26 00:04:57 查询号码 【1525837】，GSD为【"浙江-宁波"】

2021-07-26 00:04:57 开始第 24 次操作

2021-07-26 00:04:57 开始操作号码 【1525836】
2021-07-26 00:05:01 GSD getOne 第 1 次 等待 3 秒
2021-07-26 00:05:04 查询号码 【1525836】，返回信息 {"status":"ok","msg":"浙江-宁波","gid":"19438","time_insert":"2017-03-18 09:38","time_update":"2020-08-31 17:00"}
2021-07-26 00:05:05 查询号码 【1525836】，GSD为【"浙江-宁波"】

2021-07-26 00:05:05 开始第 24 次操作

2021-07-26 00:05:05 开始操作号码 【1525835】
2021-07-26 00:05:08 GSD getOne 第 1 次 等待 3 秒
2021-07-26 00:05:11 查询号码 【1525835】，返回信息 {"status":"bad","msg":""}
2021-07-26 00:05:11 查询号码 【1525835】，GSD为【""】
2021-07-26 00:05:11 bad
2021-07-26 00:05:13 CHB 1525835?1627229111 第 1 次 等待 3 秒
2021-07-26 00:05:16 CHB 1525835?1627229111 第 1 次 获取到号码【1525835】GSD
2021-07-26 00:05:16 获取到号码【1525835】的GSD为【浙江-宁波】
2021-07-26 00:05:19 GSD insert 第 1 次 等待 3 秒
2021-07-26 00:05:22 {"status":"ok","gid":395198,"msg":"添加成功！"}
2021-07-26 00:05:22 下次操作: 2021-07-26 00:05:41

2021-07-26 00:05:41 开始第 25 次操作

2021-07-26 00:05:41 开始操作号码 【1525834】
2021-07-26 00:05:45 GSD getOne 第 1 次 等待 3 秒
2021-07-26 00:05:48 查询号码 【1525834】，返回信息 {"status":"bad","msg":""}
2021-07-26 00:05:48 查询号码 【1525834】，GSD为【""】
2021-07-26 00:05:48 bad
2021-07-26 00:05:49 CHB 1525834?1627229148 第 1 次 等待 3 秒
2021-07-26 00:05:52 CHB 1525834?1627229148 第 1 次 获取到号码【1525834】GSD
2021-07-26 00:05:52 获取到号码【1525834】的GSD为【浙江-宁波】
2021-07-26 00:05:55 GSD insert 第 1 次 等待 3 秒
2021-07-26 00:05:58 {"status":"ok","gid":395209,"msg":"添加成功！"}
2021-07-26 00:05:58 下次操作: 2021-07-26 00:06:10

2021-07-26 00:06:10 开始第 26 次操作

2021-07-26 00:06:10 开始操作号码 【1525833】
2021-07-26 00:06:13 GSD getOne 第 1 次 等待 3 秒
2021-07-26 00:06:16 查询号码 【1525833】，返回信息 {"status":"ok","msg":"浙江-宁波","gid":"19437","time_insert":"2017-07-20 10:24","time_update":"2020-08-31 16:56"}
2021-07-26 00:06:16 查询号码 【1525833】，GSD为【"浙江-宁波"】

2021-07-26 00:06:16 开始第 26 次操作

2021-07-26 00:06:16 开始操作号码 【1525832】
2021-07-26 00:06:23 GSD getOne 第 1 次 等待 3 秒
2021-07-26 00:06:26 查询号码 【1525832】，返回信息 {"status":"ok","msg":"浙江-宁波","gid":"19436","time_insert":"2017-04-13 03:44","time_update":"2020-08-31 16:51"}
2021-07-26 00:06:26 查询号码 【1525832】，GSD为【"浙江-宁波"】

2021-07-26 00:06:26 开始第 26 次操作

2021-07-26 00:06:26 开始操作号码 【1525831】
2021-07-26 00:06:33 GSD getOne 第 1 次 等待 3 秒
2021-07-26 00:06:36 查询号码 【1525831】，返回信息 {"status":"ok","msg":"浙江-宁波","gid":"19435","time_insert":"2014-08-25 19:34","time_update":"2020-08-31 16:47"}
2021-07-26 00:06:36 查询号码 【1525831】，GSD为【"浙江-宁波"】

2021-07-26 00:06:36 开始第 26 次操作

2021-07-26 00:06:36 开始操作号码 【1525830】
2021-07-26 00:06:40 GSD getOne 第 1 次 等待 3 秒
2021-07-26 00:06:43 查询号码 【1525830】，返回信息 {"status":"ok","msg":"浙江-宁波","gid":"49806","time_insert":"2021-04-21 14:16"}
2021-07-26 00:06:43 查询号码 【1525830】，GSD为【"浙江-宁波"】

2021-07-26 00:06:43 开始第 26 次操作

2021-07-26 00:06:43 开始操作号码 【1525829】
2021-07-26 00:06:45 GSD getOne 第 1 次 等待 3 秒
2021-07-26 00:06:48 查询号码 【1525829】，返回信息 {"status":"bad","msg":""}
2021-07-26 00:06:48 查询号码 【1525829】，GSD为【""】
2021-07-26 00:06:48 bad
2021-07-26 00:06:50 CHB 1525829?1627229208 第 1 次 等待 3 秒
2021-07-26 00:06:53 CHB 1525829?1627229208 第 1 次 获取到号码【1525829】GSD
2021-07-26 00:06:53 获取到号码【1525829】的GSD为【浙江-宁波】
2021-07-26 00:06:59 GSD insert 第 1 次 等待 3 秒
2021-07-26 00:07:02 {"status":"ok","gid":395225,"msg":"添加成功！"}
2021-07-26 00:07:02 下次操作: 2021-07-26 00:07:21

2021-07-26 00:07:21 开始第 27 次操作

2021-07-26 00:07:21 开始操作号码 【1525828】
2021-07-26 00:07:25 GSD getOne 第 1 次 等待 3 秒
2021-07-26 00:07:28 查询号码 【1525828】，返回信息 {"status":"ok","msg":"浙江-宁波","gid":"19434","time_insert":"2019-11-15 11:24","time_update":"2020-08-31 16:46"}
2021-07-26 00:07:28 查询号码 【1525828】，GSD为【"浙江-宁波"】

2021-07-26 00:07:28 开始第 27 次操作

2021-07-26 00:07:28 开始操作号码 【1525827】
2021-07-26 00:07:31 GSD getOne 第 1 次 等待 3 秒
2021-07-26 00:07:34 查询号码 【1525827】，返回信息 {"status":"bad","msg":""}
2021-07-26 00:07:34 查询号码 【1525827】，GSD为【""】
2021-07-26 00:07:34 bad
2021-07-26 00:07:35 CHB 1525827?1627229254 第 1 次 等待 3 秒
2021-07-26 00:07:38 CHB 1525827?1627229254 第 1 次 获取到号码【1525827】GSD
2021-07-26 00:07:39 获取到号码【1525827】的GSD为【浙江-宁波】
2021-07-26 00:07:41 GSD insert 第 1 次 等待 3 秒
2021-07-26 00:07:44 {"status":"ok","gid":395235,"msg":"添加成功！"}
2021-07-26 00:07:44 下次操作: 2021-07-26 00:08:03

2021-07-26 00:08:03 开始第 28 次操作

2021-07-26 00:08:03 开始操作号码 【1525826】
2021-07-26 00:08:07 GSD getOne 第 1 次 等待 3 秒
2021-07-26 00:08:10 查询号码 【1525826】，返回信息 {"status":"bad","msg":""}
2021-07-26 00:08:11 查询号码 【1525826】，GSD为【""】
2021-07-26 00:08:11 bad
2021-07-26 00:08:12 CHB 1525826?1627229291 第 1 次 等待 3 秒
2021-07-26 00:08:15 CHB 1525826?1627229291 第 1 次 获取到号码【1525826】GSD
2021-07-26 00:08:15 获取到号码【1525826】的GSD为【浙江-宁波】
2021-07-26 00:08:18 GSD insert 第 1 次 等待 3 秒
2021-07-26 00:08:21 {"status":"ok","gid":395242,"msg":"添加成功！"}
2021-07-26 00:08:21 下次操作: 2021-07-26 00:08:42

2021-07-26 00:08:42 开始第 29 次操作

2021-07-26 00:08:42 开始操作号码 【1525825】
2021-07-26 00:09:06 GSD getOne 第 1 次 等待 3 秒
2021-07-26 00:09:09 查询号码 【1525825】，返回信息 {"status":"bad","msg":""}
2021-07-26 00:09:09 查询号码 【1525825】，GSD为【""】
2021-07-26 00:09:09 bad
2021-07-26 00:09:31 CHB 1525825?1627229349 第 1 次 等待 3 秒
2021-07-26 00:09:34 CHB 1525825?1627229349 第 1 次 获取到号码【1525825】GSD
2021-07-26 00:09:34 获取到号码【1525825】的GSD为【浙江-宁波】
2021-07-26 00:10:42 GSD insert 第 1 次 等待 3 秒
2021-07-26 00:10:45 {"status":"ok","gid":395263,"msg":"添加成功！"}
2021-07-26 00:10:45 下次操作: 2021-07-26 00:11:06

2021-07-26 00:11:07 开始第 30 次操作

2021-07-26 00:11:07 开始操作号码 【1525824】
2021-07-26 00:11:09 GSD getOne 第 1 次 等待 3 秒
2021-07-26 00:11:12 查询号码 【1525824】，返回信息 {"status":"bad","msg":""}
2021-07-26 00:11:12 查询号码 【1525824】，GSD为【""】
2021-07-26 00:11:12 bad
2021-07-26 00:11:14 CHB 1525824?1627229472 第 1 次 等待 3 秒
2021-07-26 00:11:17 CHB 1525824?1627229472 第 1 次 获取到号码【1525824】GSD
2021-07-26 00:11:17 获取到号码【1525824】的GSD为【浙江-宁波】
2021-07-26 00:11:20 GSD insert 第 1 次 等待 3 秒
2021-07-26 00:11:23 {"status":"ok","gid":395272,"msg":"添加成功！"}
2021-07-26 00:11:23 下次操作: 2021-07-26 00:11:40

2021-07-26 00:11:40 开始第 31 次操作

2021-07-26 00:11:40 开始操作号码 【1525823】
2021-07-26 00:11:43 GSD getOne 第 1 次 等待 3 秒
2021-07-26 00:11:46 查询号码 【1525823】，返回信息 {"status":"bad","msg":""}
2021-07-26 00:11:46 查询号码 【1525823】，GSD为【""】
2021-07-26 00:11:46 bad
2021-07-26 00:11:48 CHB 1525823?1627229506 第 1 次 等待 3 秒
2021-07-26 00:11:51 CHB 1525823?1627229506 第 1 次 获取到号码【1525823】GSD
2021-07-26 00:11:51 获取到号码【1525823】的GSD为【浙江-宁波】
2021-07-26 00:11:58 GSD insert 第 1 次 等待 3 秒
2021-07-26 00:12:01 {"status":"ok","gid":395279,"msg":"添加成功！"}
2021-07-26 00:12:01 下次操作: 2021-07-26 00:12:23

2021-07-26 00:12:23 开始第 32 次操作

2021-07-26 00:12:23 开始操作号码 【1525822】
2021-07-26 00:12:27 GSD getOne 第 1 次 等待 3 秒
2021-07-26 00:12:30 查询号码 【1525822】，返回信息 {"status":"bad","msg":""}
2021-07-26 00:12:30 查询号码 【1525822】，GSD为【""】
2021-07-26 00:12:30 bad
2021-07-26 00:12:31 CHB 1525822?1627229550 第 1 次 等待 3 秒
2021-07-26 00:12:34 CHB 1525822?1627229550 第 1 次 获取到号码【1525822】GSD
2021-07-26 00:12:34 获取到号码【1525822】的GSD为【浙江-宁波】
2021-07-26 00:12:37 GSD insert 第 1 次 等待 3 秒
2021-07-26 00:12:40 {"status":"ok","gid":395287,"msg":"添加成功！"}
2021-07-26 00:12:40 下次操作: 2021-07-26 00:12:53

2021-07-26 00:12:53 开始第 33 次操作

2021-07-26 00:12:53 开始操作号码 【1525821】
2021-07-26 00:12:56 GSD getOne 第 1 次 等待 3 秒
2021-07-26 00:12:59 查询号码 【1525821】，返回信息 {"status":"bad","msg":""}
2021-07-26 00:12:59 查询号码 【1525821】，GSD为【""】
2021-07-26 00:12:59 bad
2021-07-26 00:13:00 CHB 1525821?1627229579 第 1 次 等待 3 秒
2021-07-26 00:13:03 CHB 1525821?1627229579 第 1 次 获取到号码【1525821】GSD
2021-07-26 00:13:03 获取到号码【1525821】的GSD为【浙江-宁波】
2021-07-26 00:13:06 GSD insert 第 1 次 等待 3 秒
2021-07-26 00:13:09 {"status":"ok","gid":395293,"msg":"添加成功！"}
2021-07-26 00:13:09 下次操作: 2021-07-26 00:13:27

2021-07-26 00:13:27 开始第 34 次操作

2021-07-26 00:13:27 开始操作号码 【1525820】
2021-07-26 00:13:30 GSD getOne 第 1 次 等待 3 秒
2021-07-26 00:13:33 查询号码 【1525820】，返回信息 {"status":"bad","msg":""}
2021-07-26 00:13:33 查询号码 【1525820】，GSD为【""】
2021-07-26 00:13:33 bad
2021-07-26 00:13:35 CHB 1525820?1627229613 第 1 次 等待 3 秒
2021-07-26 00:13:38 CHB 1525820?1627229613 第 1 次 获取到号码【1525820】GSD
2021-07-26 00:13:38 获取到号码【1525820】的GSD为【浙江-宁波】
2021-07-26 00:13:40 GSD insert 第 1 次 等待 3 秒
2021-07-26 00:13:43 {"status":"ok","gid":395300,"msg":"添加成功！"}
2021-07-26 00:13:43 下次操作: 2021-07-26 00:14:01

2021-07-26 00:14:01 开始第 35 次操作

2021-07-26 00:14:01 开始操作号码 【1525819】
2021-07-26 00:14:09 GSD getOne 第 1 次 等待 3 秒
2021-07-26 00:14:12 查询号码 【1525819】，返回信息 {"status":"ok","msg":"浙江-宁波","gid":"19433","time_insert":"2016-02-20 10:42","time_update":"2020-08-31 16:43"}
2021-07-26 00:14:12 查询号码 【1525819】，GSD为【"浙江-宁波"】

2021-07-26 00:14:12 开始第 35 次操作

2021-07-26 00:14:12 开始操作号码 【1525818】
2021-07-26 00:14:16 GSD getOne 第 1 次 等待 3 秒
2021-07-26 00:14:19 查询号码 【1525818】，返回信息 {"status":"bad","msg":""}
2021-07-26 00:14:19 查询号码 【1525818】，GSD为【""】
2021-07-26 00:14:19 bad
2021-07-26 00:14:20 CHB 1525818?1627229659 第 1 次 等待 3 秒
2021-07-26 00:14:23 CHB 1525818?1627229659 第 1 次 获取到号码【1525818】GSD
2021-07-26 00:14:23 获取到号码【1525818】的GSD为【浙江-宁波】
2021-07-26 00:14:26 GSD insert 第 1 次 等待 3 秒
2021-07-26 00:14:29 {"status":"ok","gid":395310,"msg":"添加成功！"}
2021-07-26 00:14:29 下次操作: 2021-07-26 00:14:48

2021-07-26 00:14:48 开始第 36 次操作

2021-07-26 00:14:48 开始操作号码 【1525817】
2021-07-26 00:14:52 GSD getOne 第 1 次 等待 3 秒
2021-07-26 00:14:55 查询号码 【1525817】，返回信息 {"status":"bad","msg":""}
2021-07-26 00:14:55 查询号码 【1525817】，GSD为【""】
2021-07-26 00:14:55 bad
2021-07-26 00:14:57 CHB 1525817?1627229695 第 1 次 等待 3 秒
2021-07-26 00:15:00 CHB 1525817?1627229695 第 1 次 获取到号码【1525817】GSD
2021-07-26 00:15:00 获取到号码【1525817】的GSD为【浙江-宁波】
2021-07-26 00:15:02 GSD insert 第 1 次 等待 3 秒
2021-07-26 00:15:05 {"status":"ok","gid":395316,"msg":"添加成功！"}
2021-07-26 00:15:05 下次操作: 2021-07-26 00:15:18

2021-07-26 00:15:18 开始第 37 次操作

2021-07-26 00:15:18 开始操作号码 【1525816】
2021-07-26 00:15:23 GSD getOne 第 1 次 等待 3 秒
2021-07-26 00:15:26 查询号码 【1525816】，返回信息 {"status":"bad","msg":""}
2021-07-26 00:15:26 查询号码 【1525816】，GSD为【""】
2021-07-26 00:15:26 bad
2021-07-26 00:15:28 CHB 1525816?1627229726 第 1 次 等待 3 秒
2021-07-26 00:15:31 CHB 1525816?1627229726 第 1 次 获取到号码【1525816】GSD
2021-07-26 00:15:31 获取到号码【1525816】的GSD为【浙江-宁波】
2021-07-26 00:15:44 GSD insert 第 1 次 等待 3 秒
2021-07-26 00:15:47 {"status":"ok","gid":395324,"msg":"添加成功！"}
2021-07-26 00:15:47 下次操作: 2021-07-26 00:16:01

2021-07-26 00:16:01 开始第 38 次操作

2021-07-26 00:16:01 开始操作号码 【1525815】
2021-07-26 00:16:08 GSD getOne 第 1 次 等待 3 秒
2021-07-26 00:16:11 查询号码 【1525815】，返回信息 {"status":"bad","msg":""}
2021-07-26 00:16:11 查询号码 【1525815】，GSD为【""】
2021-07-26 00:16:11 bad
2021-07-26 00:16:12 CHB 1525815?1627229771 第 1 次 等待 3 秒
2021-07-26 00:16:15 CHB 1525815?1627229771 第 1 次 获取到号码【1525815】GSD
2021-07-26 00:16:15 获取到号码【1525815】的GSD为【浙江-宁波】
2021-07-26 00:16:21 GSD insert 第 1 次 等待 3 秒
2021-07-26 00:16:24 {"status":"ok","gid":395332,"msg":"添加成功！"}
2021-07-26 00:16:24 下次操作: 2021-07-26 00:16:42

2021-07-26 00:16:42 开始第 39 次操作

2021-07-26 00:16:42 开始操作号码 【1525814】
2021-07-26 00:16:46 GSD getOne 第 1 次 等待 3 秒
2021-07-26 00:16:49 查询号码 【1525814】，返回信息 {"status":"bad","msg":""}
2021-07-26 00:16:49 查询号码 【1525814】，GSD为【""】
2021-07-26 00:16:49 bad
2021-07-26 00:16:50 CHB 1525814?1627229809 第 1 次 等待 3 秒
2021-07-26 00:16:53 CHB 1525814?1627229809 第 1 次 获取到号码【1525814】GSD
2021-07-26 00:16:53 获取到号码【1525814】的GSD为【浙江-宁波】
2021-07-26 00:16:56 GSD insert 第 1 次 等待 3 秒
2021-07-26 00:16:59 {"status":"ok","gid":395336,"msg":"添加成功！"}
2021-07-26 00:16:59 下次操作: 2021-07-26 00:17:17

2021-07-26 00:17:17 开始第 40 次操作

2021-07-26 00:17:17 开始操作号码 【1525813】
2021-07-26 00:17:23 GSD getOne 第 1 次 等待 3 秒
2021-07-26 00:17:26 查询号码 【1525813】，返回信息 {"status":"bad","msg":""}
2021-07-26 00:17:26 查询号码 【1525813】，GSD为【""】
2021-07-26 00:17:26 bad
2021-07-26 00:17:27 CHB 1525813?1627229846 第 1 次 等待 3 秒
2021-07-26 00:17:30 CHB 1525813?1627229846 第 1 次 获取到号码【1525813】GSD
2021-07-26 00:17:30 获取到号码【1525813】的GSD为【浙江-宁波】
2021-07-26 00:17:33 GSD insert 第 1 次 等待 3 秒
2021-07-26 00:17:36 {"status":"ok","gid":395342,"msg":"添加成功！"}

