2024-07-03 00:11:52 开始第 4525 次操作

2024-07-03 00:11:52 开始操作号码 【1564431】
2024-07-03 00:12:00 GSD getOne 第 1 次 等待 3 秒
2024-07-03 00:12:03 查询号码 【1564431】，返回信息 {"status":"ok","msg":"内蒙古-呼和浩特","gid":"365160","time_insert":"2021-07-23 11:23"}
2024-07-03 00:12:03 查询号码 【1564431】，GSD为【"内蒙古-呼和浩特"】

2024-07-03 00:12:04 开始第 4526 次操作

2024-07-03 00:12:04 开始操作号码 【1564432】
2024-07-03 00:12:12 GSD getOne 第 1 次 等待 3 秒
2024-07-03 00:12:15 查询号码 【1564432】，返回信息 {"status":"ok","msg":"内蒙古-呼和浩特","gid":"365181","time_insert":"2021-07-23 11:33"}
2024-07-03 00:12:15 查询号码 【1564432】，GSD为【"内蒙古-呼和浩特"】

2024-07-03 00:12:16 开始第 4527 次操作

2024-07-03 00:12:16 开始操作号码 【1564433】
2024-07-03 00:12:25 GSD getOne 第 1 次 等待 3 秒
2024-07-03 00:12:28 查询号码 【1564433】，返回信息 {"status":"ok","msg":"内蒙古-呼和浩特","gid":"365206","time_insert":"2021-07-23 11:42"}
2024-07-03 00:12:28 查询号码 【1564433】，GSD为【"内蒙古-呼和浩特"】

2024-07-03 00:12:29 开始第 4528 次操作

2024-07-03 00:12:29 开始操作号码 【1564434】
2024-07-03 00:12:45 GSD getOne 第 1 次 等待 3 秒
2024-07-03 00:12:48 查询号码 【1564434】，返回信息 {"status":"ok","msg":"内蒙古-呼和浩特","gid":"365302","time_insert":"2021-07-23 11:51"}
2024-07-03 00:12:48 查询号码 【1564434】，GSD为【"内蒙古-呼和浩特"】

2024-07-03 00:38:58 开始第 4529 次操作

2024-07-03 00:38:58 开始操作号码 【1564435】
2024-07-03 00:39:09 GSD getOne 第 1 次 等待 3 秒
2024-07-03 00:39:12 查询号码 【1564435】，返回信息 {"status":"ok","msg":"内蒙古-包头","gid":"365428","time_insert":"2021-07-23 12:01"}
2024-07-03 00:39:12 查询号码 【1564435】，GSD为【"内蒙古-包头"】

2024-07-03 00:39:13 开始第 4530 次操作

2024-07-03 00:39:13 开始操作号码 【1564436】
2024-07-03 00:39:21 GSD getOne 第 1 次 等待 3 秒
2024-07-03 00:39:24 查询号码 【1564436】，返回信息 {"status":"ok","msg":"内蒙古-包头","gid":"365549","time_insert":"2021-07-23 12:11"}
2024-07-03 00:39:24 查询号码 【1564436】，GSD为【"内蒙古-包头"】

2024-07-03 00:39:25 开始第 4531 次操作

2024-07-03 00:39:25 开始操作号码 【1564437】
2024-07-03 00:40:06 GSD getOne 第 1 次 等待 3 秒
2024-07-03 00:40:09 查询号码 【1564437】，返回信息 {"status":"ok","msg":"河南-郑州","gid":"365640","time_insert":"2021-07-23 12:21"}
2024-07-03 00:40:09 查询号码 【1564437】，GSD为【"河南-郑州"】

2024-07-03 00:40:10 开始第 4532 次操作

2024-07-03 00:40:10 开始操作号码 【1564438】
2024-07-03 00:40:20 GSD getOne 第 1 次 等待 3 秒
2024-07-03 00:40:23 查询号码 【1564438】，返回信息 {"status":"ok","msg":"内蒙古-包头","gid":"365661","time_insert":"2021-07-23 12:30"}
2024-07-03 00:40:23 查询号码 【1564438】，GSD为【"内蒙古-包头"】

