2024-09-24 00:22:39 开始第 6137 次操作

2024-09-24 00:22:39 开始操作号码 【1456136】
2024-09-24 00:22:41 GSD getOne 第 1 次 等待 3 秒
2024-09-24 00:22:44 查询号码 【1456136】，返回信息 {"status":"ok","msg":"吉林-长春","gid":"90890","time_insert":"2021-06-11 08:21","time_update":"2021-08-01 15:36"}
2024-09-24 00:22:44 查询号码 【1456136】，GSD为【"吉林-长春"】

2024-09-24 00:22:45 开始第 6138 次操作

2024-09-24 00:22:45 开始操作号码 【1456137】
2024-09-24 00:22:47 GSD getOne 第 1 次 等待 3 秒
2024-09-24 00:22:50 查询号码 【1456137】，返回信息 {"status":"ok","msg":"吉林-长春","gid":"90895","time_insert":"2021-06-11 08:25","time_update":"2021-08-01 16:25"}
2024-09-24 00:22:50 查询号码 【1456137】，GSD为【"吉林-长春"】

2024-09-24 00:22:51 开始第 6139 次操作

2024-09-24 00:22:51 开始操作号码 【1456138】
2024-09-24 00:22:53 GSD getOne 第 1 次 等待 3 秒
2024-09-24 00:22:56 查询号码 【1456138】，返回信息 {"status":"ok","msg":"吉林-长春","gid":"90904","time_insert":"2021-06-11 08:29","time_update":"2021-08-01 16:37"}
2024-09-24 00:22:56 查询号码 【1456138】，GSD为【"吉林-长春"】

2024-09-24 00:22:57 开始第 6140 次操作

2024-09-24 00:22:57 开始操作号码 【1456139】
2024-09-24 00:22:59 GSD getOne 第 1 次 等待 3 秒
2024-09-24 00:23:02 查询号码 【1456139】，返回信息 {"status":"ok","msg":"吉林-长春","gid":"90908","time_insert":"2021-06-11 08:34","time_update":"2021-08-01 16:11"}
2024-09-24 00:23:02 查询号码 【1456139】，GSD为【"吉林-长春"】

2024-09-24 00:44:17 开始第 6141 次操作

2024-09-24 00:44:17 开始操作号码 【1456140】
2024-09-24 00:44:20 GSD getOne 第 1 次 等待 3 秒
2024-09-24 00:44:23 查询号码 【1456140】，返回信息 {"status":"ok","msg":"吉林-长春","gid":"90913","time_insert":"2021-06-11 08:40","time_update":"2021-08-01 16:50"}
2024-09-24 00:44:23 查询号码 【1456140】，GSD为【"吉林-长春"】

2024-09-24 00:44:24 开始第 6142 次操作

2024-09-24 00:44:24 开始操作号码 【1456141】
2024-09-24 00:44:26 GSD getOne 第 1 次 等待 3 秒
2024-09-24 00:44:29 查询号码 【1456141】，返回信息 {"status":"ok","msg":"吉林-长春","gid":"90916","time_insert":"2021-06-11 08:43","time_update":"2021-08-01 17:02"}
2024-09-24 00:44:29 查询号码 【1456141】，GSD为【"吉林-长春"】

2024-09-24 00:44:30 开始第 6143 次操作

2024-09-24 00:44:30 开始操作号码 【1456142】
2024-09-24 00:44:33 GSD getOne 第 1 次 等待 3 秒
2024-09-24 00:44:36 查询号码 【1456142】，返回信息 {"status":"ok","msg":"吉林-长春","gid":"90924","time_insert":"2021-06-11 08:48","time_update":"2021-08-01 17:12"}
2024-09-24 00:44:36 查询号码 【1456142】，GSD为【"吉林-长春"】

2024-09-24 00:44:37 开始第 6144 次操作

2024-09-24 00:44:37 开始操作号码 【1456143】
2024-09-24 00:44:45 GSD getOne 第 1 次 等待 3 秒
2024-09-24 00:44:48 查询号码 【1456143】，返回信息 {"status":"ok","msg":"吉林-长春","gid":"90929","time_insert":"2021-06-11 08:52","time_update":"2021-08-01 16:48"}
2024-09-24 00:44:48 查询号码 【1456143】，GSD为【"吉林-长春"】

