2024-08-20 00:21:05 开始第 105 次操作

2024-08-20 00:21:05 开始操作号码 【1450104】
2024-08-20 00:21:13 GSD getOne 第 1 次 等待 3 秒
2024-08-20 00:21:16 查询号码 【1450104】，返回信息 {"status":"ok","msg":"天津-天津","gid":"63466","time_insert":"2021-05-21 00:39"}
2024-08-20 00:21:16 查询号码 【1450104】，GSD为【"天津-天津"】

2024-08-20 00:21:17 开始第 106 次操作

2024-08-20 00:21:17 开始操作号码 【1450105】
2024-08-20 00:21:28 GSD getOne 第 1 次 等待 3 秒
2024-08-20 00:21:31 查询号码 【1450105】，返回信息 {"status":"ok","msg":"天津-天津","gid":"63470","time_insert":"2021-05-21 00:43"}
2024-08-20 00:21:31 查询号码 【1450105】，GSD为【"天津-天津"】

2024-08-20 00:21:32 开始第 107 次操作

2024-08-20 00:21:32 开始操作号码 【1450106】
2024-08-20 00:21:50 GSD getOne 第 1 次 等待 3 秒
2024-08-20 00:21:53 查询号码 【1450106】，返回信息 {"status":"ok","msg":"天津-天津","gid":"63473","time_insert":"2021-05-21 00:46"}
2024-08-20 00:21:53 查询号码 【1450106】，GSD为【"天津-天津"】

2024-08-20 00:21:54 开始第 108 次操作

2024-08-20 00:21:54 开始操作号码 【1450107】
2024-08-20 00:22:02 GSD getOne 第 1 次 等待 3 秒
2024-08-20 00:22:05 查询号码 【1450107】，返回信息 {"status":"ok","msg":"天津-天津","gid":"63474","time_insert":"2021-05-21 00:49"}
2024-08-20 00:22:05 查询号码 【1450107】，GSD为【"天津-天津"】

