2024-12-09 00:25:35 开始第 8689 次操作

2024-12-09 00:25:35 开始操作号码 【1348688】
2024-12-09 00:25:36 GSD getOne 第 1 次 等待 3 秒
2024-12-09 00:25:39 查询号码 【1348688】，返回信息 {"status":"ok","msg":"浙江-台州","gid":"316888","time_insert":"2021-07-18 17:00"}
2024-12-09 00:25:39 查询号码 【1348688】，GSD为【"浙江-台州"】

2024-12-09 00:25:40 开始第 8690 次操作

2024-12-09 00:25:40 开始操作号码 【1348689】
2024-12-09 00:25:42 GSD getOne 第 1 次 等待 3 秒
2024-12-09 00:25:45 查询号码 【1348689】，返回信息 {"status":"ok","msg":"浙江-台州","gid":"316873","time_insert":"2021-07-18 16:59"}
2024-12-09 00:25:45 查询号码 【1348689】，GSD为【"浙江-台州"】

2024-12-09 00:25:46 开始第 8691 次操作

2024-12-09 00:25:46 开始操作号码 【1348690】
2024-12-09 00:25:47 GSD getOne 第 1 次 等待 3 秒
2024-12-09 00:25:50 查询号码 【1348690】，返回信息 {"status":"ok","msg":"浙江-金华","gid":"316856","time_insert":"2021-07-18 16:58"}
2024-12-09 00:25:50 查询号码 【1348690】，GSD为【"浙江-金华"】

2024-12-09 00:25:51 开始第 8692 次操作

2024-12-09 00:25:51 开始操作号码 【1348691】
2024-12-09 00:25:52 GSD getOne 第 1 次 等待 3 秒
2024-12-09 00:25:55 查询号码 【1348691】，返回信息 {"status":"ok","msg":"浙江-金华","gid":"4947","time_insert":"2018-12-02 02:11","time_update":"2020-08-27 19:57"}
2024-12-09 00:25:55 查询号码 【1348691】，GSD为【"浙江-金华"】

