2024-08-28 00:21:25 开始第 1509 次操作

2024-08-28 00:21:25 开始操作号码 【1451508】
2024-08-28 00:21:34 GSD getOne 第 1 次 等待 3 秒
2024-08-28 00:21:37 查询号码 【1451508】，返回信息 {"status":"ok","msg":"北京-北京","gid":"68955","time_insert":"2021-05-26 13:12"}
2024-08-28 00:21:37 查询号码 【1451508】，GSD为【"北京-北京"】

2024-08-28 00:21:38 开始第 1510 次操作

2024-08-28 00:21:38 开始操作号码 【1451509】
2024-08-28 00:21:46 GSD getOne 第 1 次 等待 3 秒
2024-08-28 00:21:49 查询号码 【1451509】，返回信息 {"status":"ok","msg":"北京-北京","gid":"68957","time_insert":"2021-05-26 13:15"}
2024-08-28 00:21:49 查询号码 【1451509】，GSD为【"北京-北京"】

2024-08-28 00:21:50 开始第 1511 次操作

2024-08-28 00:21:50 开始操作号码 【1451510】
2024-08-28 00:21:58 GSD getOne 第 1 次 等待 3 秒
2024-08-28 00:22:01 查询号码 【1451510】，返回信息 {"status":"ok","msg":"北京-北京","gid":"68964","time_insert":"2021-05-26 13:21"}
2024-08-28 00:22:01 查询号码 【1451510】，GSD为【"北京-北京"】

2024-08-28 00:22:02 开始第 1512 次操作

2024-08-28 00:22:02 开始操作号码 【1451511】
2024-08-28 00:22:10 GSD getOne 第 1 次 等待 3 秒
2024-08-28 00:22:13 查询号码 【1451511】，返回信息 {"status":"ok","msg":"北京-北京","gid":"68967","time_insert":"2021-05-26 13:27"}
2024-08-28 00:22:13 查询号码 【1451511】，GSD为【"北京-北京"】

