2024-05-13 00:09:55 开始第 8833 次操作

2024-05-13 00:09:55 开始操作号码 【1678742】
2024-05-13 00:10:04 GSD getOne 第 1 次 等待 3 秒
2024-05-13 00:10:07 查询号码 【1678742】，返回信息 {"status":"ok","msg":"江西-上饶","gid":"323963","time_insert":"2021-07-19 07:42","time_update":"2023-09-17 05:43"}
2024-05-13 00:10:07 查询号码 【1678742】，GSD为【"江西-上饶"】

2024-05-13 00:10:08 开始第 8834 次操作

2024-05-13 00:10:08 开始操作号码 【1678743】
2024-05-13 00:10:13 GSD getOne 第 1 次 等待 3 秒
2024-05-13 00:10:16 查询号码 【1678743】，返回信息 {"status":"ok","msg":"江西-上饶","gid":"323972","time_insert":"2021-07-19 07:42","time_update":"2023-09-17 06:12"}
2024-05-13 00:10:16 查询号码 【1678743】，GSD为【"江西-上饶"】

2024-05-13 00:10:17 开始第 8835 次操作

2024-05-13 00:10:17 开始操作号码 【1678744】
2024-05-13 00:10:23 GSD getOne 第 1 次 等待 3 秒
2024-05-13 00:10:26 查询号码 【1678744】，返回信息 {"status":"ok","msg":"黑龙江-哈尔滨","gid":"323983","time_insert":"2021-07-19 07:43","time_update":"2023-09-17 06:15"}
2024-05-13 00:10:26 查询号码 【1678744】，GSD为【"黑龙江-哈尔滨"】

2024-05-13 00:10:28 开始第 8836 次操作

2024-05-13 00:10:28 开始操作号码 【1678745】
2024-05-13 00:10:32 GSD getOne 第 1 次 等待 3 秒
2024-05-13 00:10:35 查询号码 【1678745】，返回信息 {"status":"ok","msg":"江西-吉安","gid":"323989","time_insert":"2021-07-19 07:44","time_update":"2023-09-17 06:17"}
2024-05-13 00:10:35 查询号码 【1678745】，GSD为【"江西-吉安"】

