2024-03-08 00:09:27 开始第 7833 次操作

2024-03-08 00:09:27 开始操作号码 【1787742】
2024-03-08 00:09:31 GSD getOne 第 1 次 等待 3 秒
2024-03-08 00:09:34 查询号码 【1787742】，返回信息 {"status":"ok","msg":"广西-贺州","gid":"278021","time_insert":"2021-07-14 22:44"}
2024-03-08 00:09:34 查询号码 【1787742】，GSD为【"广西-贺州"】

2024-03-08 00:09:35 开始第 7834 次操作

2024-03-08 00:09:35 开始操作号码 【1787743】
2024-03-08 00:09:41 GSD getOne 第 1 次 等待 3 秒
2024-03-08 00:09:44 查询号码 【1787743】，返回信息 {"status":"ok","msg":"广西-贺州","gid":"278011","time_insert":"2021-07-14 22:44"}
2024-03-08 00:09:44 查询号码 【1787743】，GSD为【"广西-贺州"】

2024-03-08 00:09:45 开始第 7835 次操作

2024-03-08 00:09:45 开始操作号码 【1787744】
2024-03-08 00:09:50 GSD getOne 第 1 次 等待 3 秒
2024-03-08 00:09:53 查询号码 【1787744】，返回信息 {"status":"ok","msg":"广西-贺州","gid":"278002","time_insert":"2021-07-14 22:43"}
2024-03-08 00:09:53 查询号码 【1787744】，GSD为【"广西-贺州"】

2024-03-08 00:09:54 开始第 7836 次操作

2024-03-08 00:09:54 开始操作号码 【1787745】
2024-03-08 00:10:01 GSD getOne 第 1 次 等待 3 秒
2024-03-08 00:10:04 查询号码 【1787745】，返回信息 {"status":"ok","msg":"广西-贺州","gid":"277996","time_insert":"2021-07-14 22:43"}
2024-03-08 00:10:04 查询号码 【1787745】，GSD为【"广西-贺州"】

2024-03-08 00:34:03 开始第 7837 次操作

2024-03-08 00:34:03 开始操作号码 【1787746】
2024-03-08 00:34:10 GSD getOne 第 1 次 等待 3 秒
2024-03-08 00:34:13 查询号码 【1787746】，返回信息 {"status":"ok","msg":"广西-贺州","gid":"277986","time_insert":"2021-07-14 22:43"}
2024-03-08 00:34:13 查询号码 【1787746】，GSD为【"广西-贺州"】

2024-03-08 00:34:14 开始第 7838 次操作

2024-03-08 00:34:14 开始操作号码 【1787747】
2024-03-08 00:34:18 GSD getOne 第 1 次 等待 3 秒
2024-03-08 00:34:21 查询号码 【1787747】，返回信息 {"status":"ok","msg":"广西-贺州","gid":"277980","time_insert":"2021-07-14 22:42"}
2024-03-08 00:34:21 查询号码 【1787747】，GSD为【"广西-贺州"】

2024-03-08 00:34:22 开始第 7839 次操作

2024-03-08 00:34:22 开始操作号码 【1787748】
2024-03-08 00:34:30 GSD getOne 第 1 次 等待 3 秒
2024-03-08 00:34:33 查询号码 【1787748】，返回信息 {"status":"ok","msg":"广西-贺州","gid":"277969","time_insert":"2021-07-14 22:42"}
2024-03-08 00:34:33 查询号码 【1787748】，GSD为【"广西-贺州"】

2024-03-08 00:34:34 开始第 7840 次操作

2024-03-08 00:34:34 开始操作号码 【1787749】
2024-03-08 00:34:38 GSD getOne 第 1 次 等待 3 秒
2024-03-08 00:34:41 查询号码 【1787749】，返回信息 {"status":"ok","msg":"广西-贺州","gid":"277963","time_insert":"2021-07-14 22:41"}
2024-03-08 00:34:42 查询号码 【1787749】，GSD为【"广西-贺州"】

2024-03-08 01:08:04 开始第 7841 次操作

2024-03-08 01:08:04 开始操作号码 【1787750】
2024-03-08 01:08:09 GSD getOne 第 1 次 等待 3 秒
2024-03-08 01:08:12 查询号码 【1787750】，返回信息 {"status":"ok","msg":"广西-贺州","gid":"277955","time_insert":"2021-07-14 22:41"}
2024-03-08 01:08:12 查询号码 【1787750】，GSD为【"广西-贺州"】

2024-03-08 01:08:13 开始第 7842 次操作

2024-03-08 01:08:13 开始操作号码 【1787751】
2024-03-08 01:08:17 GSD getOne 第 1 次 等待 3 秒
2024-03-08 01:08:20 查询号码 【1787751】，返回信息 {"status":"ok","msg":"广西-贺州","gid":"277947","time_insert":"2021-07-14 22:41"}
2024-03-08 01:08:20 查询号码 【1787751】，GSD为【"广西-贺州"】

2024-03-08 01:08:21 开始第 7843 次操作

2024-03-08 01:08:21 开始操作号码 【1787752】
2024-03-08 01:08:26 GSD getOne 第 1 次 等待 3 秒
2024-03-08 01:08:29 查询号码 【1787752】，返回信息 {"status":"ok","msg":"广西-玉林","gid":"277940","time_insert":"2021-07-14 22:40"}
2024-03-08 01:08:29 查询号码 【1787752】，GSD为【"广西-玉林"】

2024-03-08 01:08:30 开始第 7844 次操作

2024-03-08 01:08:30 开始操作号码 【1787753】
2024-03-08 01:08:34 GSD getOne 第 1 次 等待 3 秒
2024-03-08 01:08:37 查询号码 【1787753】，返回信息 {"status":"ok","msg":"广西-玉林","gid":"277933","time_insert":"2021-07-14 22:40"}
2024-03-08 01:08:37 查询号码 【1787753】，GSD为【"广西-玉林"】

2024-03-08 01:32:23 开始第 7845 次操作

2024-03-08 01:32:23 开始操作号码 【1787754】
2024-03-08 01:32:28 GSD getOne 第 1 次 等待 3 秒
2024-03-08 01:32:31 查询号码 【1787754】，返回信息 {"status":"ok","msg":"广西-玉林","gid":"277922","time_insert":"2021-07-14 22:39"}
2024-03-08 01:32:31 查询号码 【1787754】，GSD为【"广西-玉林"】

2024-03-08 01:32:32 开始第 7846 次操作

2024-03-08 01:32:32 开始操作号码 【1787755】
2024-03-08 01:32:36 GSD getOne 第 1 次 等待 3 秒
2024-03-08 01:32:39 查询号码 【1787755】，返回信息 {"status":"ok","msg":"广西-玉林","gid":"277915","time_insert":"2021-07-14 22:39"}
2024-03-08 01:32:40 查询号码 【1787755】，GSD为【"广西-玉林"】

2024-03-08 01:32:41 开始第 7847 次操作

2024-03-08 01:32:41 开始操作号码 【1787756】
2024-03-08 01:32:45 GSD getOne 第 1 次 等待 3 秒
2024-03-08 01:32:48 查询号码 【1787756】，返回信息 {"status":"ok","msg":"广西-玉林","gid":"277908","time_insert":"2021-07-14 22:38"}
2024-03-08 01:32:48 查询号码 【1787756】，GSD为【"广西-玉林"】

2024-03-08 01:32:49 开始第 7848 次操作

2024-03-08 01:32:49 开始操作号码 【1787757】
2024-03-08 01:32:54 GSD getOne 第 1 次 等待 3 秒
2024-03-08 01:32:57 查询号码 【1787757】，返回信息 {"status":"ok","msg":"广西-钦州","gid":"277896","time_insert":"2021-07-14 22:38"}
2024-03-08 01:32:57 查询号码 【1787757】，GSD为【"广西-钦州"】

2024-03-08 02:10:08 开始第 7849 次操作

2024-03-08 02:10:08 开始操作号码 【1787758】
2024-03-08 02:10:12 GSD getOne 第 1 次 等待 3 秒
2024-03-08 02:10:15 查询号码 【1787758】，返回信息 {"status":"ok","msg":"广西-钦州","gid":"277890","time_insert":"2021-07-14 22:37"}
2024-03-08 02:10:15 查询号码 【1787758】，GSD为【"广西-钦州"】

2024-03-08 02:10:16 开始第 7850 次操作

2024-03-08 02:10:16 开始操作号码 【1787759】
2024-03-08 02:10:20 GSD getOne 第 1 次 等待 3 秒
2024-03-08 02:10:23 查询号码 【1787759】，返回信息 {"status":"ok","msg":"广西-钦州","gid":"277884","time_insert":"2021-07-14 22:37"}
2024-03-08 02:10:23 查询号码 【1787759】，GSD为【"广西-钦州"】

2024-03-08 02:10:24 开始第 7851 次操作

2024-03-08 02:10:24 开始操作号码 【1787760】
2024-03-08 02:10:29 GSD getOne 第 1 次 等待 3 秒
2024-03-08 02:10:32 查询号码 【1787760】，返回信息 {"status":"ok","msg":"广西-钦州","gid":"277881","time_insert":"2021-07-14 22:37"}
2024-03-08 02:10:32 查询号码 【1787760】，GSD为【"广西-钦州"】

2024-03-08 02:10:33 开始第 7852 次操作

2024-03-08 02:10:33 开始操作号码 【1787761】
2024-03-08 02:10:37 GSD getOne 第 1 次 等待 3 秒
2024-03-08 02:10:40 查询号码 【1787761】，返回信息 {"status":"ok","msg":"广西-钦州","gid":"277747","time_insert":"2021-07-14 21:52"}
2024-03-08 02:10:40 查询号码 【1787761】，GSD为【"广西-钦州"】

