2024-06-27 00:11:52 开始第 3429 次操作

2024-06-27 00:11:52 开始操作号码 【1563335】
2024-06-27 00:12:07 GSD getOne 第 1 次 等待 3 秒
2024-06-27 00:12:10 查询号码 【1563335】，返回信息 {"status":"ok","msg":"河北-唐山","gid":"281503","time_insert":"2021-07-15 08:35"}
2024-06-27 00:12:11 查询号码 【1563335】，GSD为【"河北-唐山"】

2024-06-27 00:12:12 开始第 3430 次操作

2024-06-27 00:12:12 开始操作号码 【1563336】
2024-06-27 00:12:26 GSD getOne 第 1 次 等待 3 秒
2024-06-27 00:12:29 查询号码 【1563336】，返回信息 {"status":"ok","msg":"河北-唐山","gid":"281534","time_insert":"2021-07-15 08:55"}
2024-06-27 00:12:29 查询号码 【1563336】，GSD为【"河北-唐山"】

2024-06-27 00:12:30 开始第 3431 次操作

2024-06-27 00:12:30 开始操作号码 【1563337】
2024-06-27 00:12:45 GSD getOne 第 1 次 等待 3 秒
2024-06-27 00:12:48 查询号码 【1563337】，返回信息 {"status":"ok","msg":"河北-唐山","gid":"281559","time_insert":"2021-07-15 09:11"}
2024-06-27 00:12:48 查询号码 【1563337】，GSD为【"河北-唐山"】

2024-06-27 00:12:49 开始第 3432 次操作

2024-06-27 00:12:49 开始操作号码 【1563338】
2024-06-27 00:13:05 GSD getOne 第 1 次 等待 3 秒
2024-06-27 00:13:08 查询号码 【1563338】，返回信息 {"status":"ok","msg":"河北-唐山","gid":"281588","time_insert":"2021-07-15 09:27"}
2024-06-27 00:13:08 查询号码 【1563338】，GSD为【"河北-唐山"】

2024-06-27 00:37:55 开始第 3433 次操作

2024-06-27 00:37:55 开始操作号码 【1563339】
2024-06-27 00:38:15 GSD getOne 第 1 次 等待 3 秒
2024-06-27 00:38:18 查询号码 【1563339】，返回信息 {"status":"ok","msg":"河北-唐山","gid":"281868","time_insert":"2021-07-15 09:56"}
2024-06-27 00:38:18 查询号码 【1563339】，GSD为【"河北-唐山"】

2024-06-27 00:38:19 开始第 3434 次操作

2024-06-27 00:38:19 开始操作号码 【1563340】
2024-06-27 00:38:35 GSD getOne 第 1 次 等待 3 秒
2024-06-27 00:38:38 查询号码 【1563340】，返回信息 {"status":"ok","msg":"河北-唐山","gid":"281931","time_insert":"2021-07-15 10:13"}
2024-06-27 00:38:38 查询号码 【1563340】，GSD为【"河北-唐山"】

2024-06-27 00:38:39 开始第 3435 次操作

2024-06-27 00:38:39 开始操作号码 【1563341】
2024-06-27 00:39:02 GSD getOne 第 1 次 等待 3 秒
2024-06-27 00:39:05 查询号码 【1563341】，返回信息 {"status":"ok","msg":"河北-唐山","gid":"282038","time_insert":"2021-07-15 10:34"}
2024-06-27 00:39:05 查询号码 【1563341】，GSD为【"河北-唐山"】

2024-06-27 00:39:06 开始第 3436 次操作

2024-06-27 00:39:06 开始操作号码 【1563342】
2024-06-27 00:39:23 GSD getOne 第 1 次 等待 3 秒
2024-06-27 00:39:26 查询号码 【1563342】，返回信息 {"status":"ok","msg":"河北-唐山","gid":"282322","time_insert":"2021-07-15 10:51"}
2024-06-27 00:39:26 查询号码 【1563342】，GSD为【"河北-唐山"】

2024-06-27 01:08:08 开始第 3437 次操作

2024-06-27 01:08:08 开始操作号码 【1563343】
2024-06-27 01:08:24 GSD getOne 第 1 次 等待 3 秒
2024-06-27 01:08:27 查询号码 【1563343】，返回信息 {"status":"ok","msg":"河北-唐山","gid":"282692","time_insert":"2021-07-15 11:08"}
2024-06-27 01:08:27 查询号码 【1563343】，GSD为【"河北-唐山"】

2024-06-27 01:08:28 开始第 3438 次操作

2024-06-27 01:08:28 开始操作号码 【1563344】
2024-06-27 01:08:46 GSD getOne 第 1 次 等待 3 秒
2024-06-27 01:08:49 查询号码 【1563344】，返回信息 {"status":"ok","msg":"河北-唐山","gid":"283032","time_insert":"2021-07-15 11:24"}
2024-06-27 01:08:49 查询号码 【1563344】，GSD为【"河北-唐山"】

2024-06-27 01:08:50 开始第 3439 次操作

2024-06-27 01:08:50 开始操作号码 【1563345】
2024-06-27 01:09:08 GSD getOne 第 1 次 等待 3 秒
2024-06-27 01:09:11 查询号码 【1563345】，返回信息 {"status":"ok","msg":"河北-唐山","gid":"283232","time_insert":"2021-07-15 11:45"}
2024-06-27 01:09:11 查询号码 【1563345】，GSD为【"河北-唐山"】

2024-06-27 01:09:12 开始第 3440 次操作

2024-06-27 01:09:12 开始操作号码 【1563346】
2024-06-27 01:09:26 GSD getOne 第 1 次 等待 3 秒
2024-06-27 01:09:29 查询号码 【1563346】，返回信息 {"status":"ok","msg":"河北-唐山","gid":"283503","time_insert":"2021-07-15 12:02"}
2024-06-27 01:09:29 查询号码 【1563346】，GSD为【"河北-唐山"】

2024-06-27 01:32:29 开始第 3441 次操作

2024-06-27 01:32:29 开始操作号码 【1563347】
2024-06-27 01:33:24 GSD getOne 第 1 次 等待 3 秒
2024-06-27 01:33:27 查询号码 【1563347】，返回信息 {"status":"ok","msg":"河北-唐山","gid":"283612","time_insert":"2021-07-15 12:19"}
2024-06-27 01:33:27 查询号码 【1563347】，GSD为【"河北-唐山"】

2024-06-27 01:33:28 开始第 3442 次操作

2024-06-27 01:33:28 开始操作号码 【1563348】
2024-06-27 01:33:47 GSD getOne 第 1 次 等待 3 秒
2024-06-27 01:33:50 查询号码 【1563348】，返回信息 {"status":"ok","msg":"河北-唐山","gid":"283643","time_insert":"2021-07-15 12:37"}
2024-06-27 01:33:50 查询号码 【1563348】，GSD为【"河北-唐山"】

2024-06-27 01:33:51 开始第 3443 次操作

2024-06-27 01:33:51 开始操作号码 【1563349】
2024-06-27 01:34:07 GSD getOne 第 1 次 等待 3 秒
2024-06-27 01:34:10 查询号码 【1563349】，返回信息 {"status":"ok","msg":"河北-唐山","gid":"283780","time_insert":"2021-07-15 12:55","time_update":"2021-07-18 02:10"}
2024-06-27 01:34:10 查询号码 【1563349】，GSD为【"河北-唐山"】

2024-06-27 01:34:11 开始第 3444 次操作

2024-06-27 01:34:11 开始操作号码 【1563350】
2024-06-27 01:34:28 GSD getOne 第 1 次 等待 3 秒
2024-06-27 01:34:31 查询号码 【1563350】，返回信息 {"status":"ok","msg":"河北-衡水","gid":"283995","time_insert":"2021-07-15 13:14"}
2024-06-27 01:34:31 查询号码 【1563350】，GSD为【"河北-衡水"】

