2024-11-22 00:28:01 开始第 5949 次操作

2024-11-22 00:28:01 开始操作号码 【1345948】
2024-11-22 00:28:03 GSD getOne 第 1 次 等待 3 秒
2024-11-22 00:28:06 查询号码 【1345948】，返回信息 {"status":"ok","msg":"福建-福州","gid":"51969","time_insert":"2021-04-22 10:33"}
2024-11-22 00:28:06 查询号码 【1345948】，GSD为【"福建-福州"】

2024-11-22 00:28:07 开始第 5950 次操作

2024-11-22 00:28:07 开始操作号码 【1345949】
2024-11-22 00:28:08 GSD getOne 第 1 次 等待 3 秒
2024-11-22 00:28:11 查询号码 【1345949】，返回信息 {"status":"ok","msg":"福建-福州","gid":"4705","time_insert":"2020-07-03 10:23","time_update":"2020-09-06 13:53"}
2024-11-22 00:28:11 查询号码 【1345949】，GSD为【"福建-福州"】

2024-11-22 00:28:12 开始第 5951 次操作

2024-11-22 00:28:12 开始操作号码 【1345950】
2024-11-22 00:28:13 GSD getOne 第 1 次 等待 3 秒
2024-11-22 00:28:16 查询号码 【1345950】，返回信息 {"status":"ok","msg":"福建-泉州","gid":"271623","time_insert":"2021-07-14 05:37"}
2024-11-22 00:28:16 查询号码 【1345950】，GSD为【"福建-泉州"】

2024-11-22 00:28:17 开始第 5952 次操作

2024-11-22 00:28:17 开始操作号码 【1345951】
2024-11-22 00:28:18 GSD getOne 第 1 次 等待 3 秒
2024-11-22 00:28:21 查询号码 【1345951】，返回信息 {"status":"ok","msg":"福建-泉州","gid":"271875","time_insert":"2021-07-14 05:52"}
2024-11-22 00:28:21 查询号码 【1345951】，GSD为【"福建-泉州"】

2024-11-22 00:48:54 开始第 5953 次操作

2024-11-22 00:48:54 开始操作号码 【1345952】
2024-11-22 00:48:56 GSD getOne 第 1 次 等待 3 秒
2024-11-22 00:48:59 查询号码 【1345952】，返回信息 {"status":"ok","msg":"福建-泉州","gid":"271946","time_insert":"2021-07-14 06:05"}
2024-11-22 00:48:59 查询号码 【1345952】，GSD为【"福建-泉州"】

2024-11-22 00:49:01 开始第 5954 次操作

2024-11-22 00:49:01 开始操作号码 【1345953】
2024-11-22 00:49:02 GSD getOne 第 1 次 等待 3 秒
2024-11-22 00:49:05 查询号码 【1345953】，返回信息 {"status":"ok","msg":"福建-泉州","gid":"271971","time_insert":"2021-07-14 06:20"}
2024-11-22 00:49:05 查询号码 【1345953】，GSD为【"福建-泉州"】

2024-11-22 00:49:06 开始第 5955 次操作

2024-11-22 00:49:06 开始操作号码 【1345954】
2024-11-22 00:49:08 GSD getOne 第 1 次 等待 3 秒
2024-11-22 00:49:11 查询号码 【1345954】，返回信息 {"status":"ok","msg":"福建-泉州","gid":"271996","time_insert":"2021-07-14 06:34"}
2024-11-22 00:49:11 查询号码 【1345954】，GSD为【"福建-泉州"】

2024-11-22 00:49:12 开始第 5956 次操作

2024-11-22 00:49:12 开始操作号码 【1345955】
2024-11-22 00:49:13 GSD getOne 第 1 次 等待 3 秒
2024-11-22 00:49:16 查询号码 【1345955】，返回信息 {"status":"ok","msg":"福建-泉州","gid":"50725","time_insert":"2021-04-21 16:58"}
2024-11-22 00:49:16 查询号码 【1345955】，GSD为【"福建-泉州"】

2024-11-22 01:19:12 开始第 5957 次操作

2024-11-22 01:19:12 开始操作号码 【1345956】
2024-11-22 01:19:14 GSD getOne 第 1 次 等待 3 秒
2024-11-22 01:19:17 查询号码 【1345956】，返回信息 {"status":"ok","msg":"福建-泉州","gid":"272208","time_insert":"2021-07-14 06:48"}
2024-11-22 01:19:17 查询号码 【1345956】，GSD为【"福建-泉州"】

2024-11-22 01:19:18 开始第 5958 次操作

2024-11-22 01:19:18 开始操作号码 【1345957】
2024-11-22 01:19:18 GSD getOne 第 1 次 等待 3 秒
2024-11-22 01:19:22 查询号码 【1345957】，返回信息 {"status":"ok","msg":"福建-泉州","gid":"272316","time_insert":"2021-07-14 07:02"}
2024-11-22 01:19:22 查询号码 【1345957】，GSD为【"福建-泉州"】

2024-11-22 01:19:23 开始第 5959 次操作

2024-11-22 01:19:23 开始操作号码 【1345958】
2024-11-22 01:19:23 GSD getOne 第 1 次 等待 3 秒
2024-11-22 01:19:26 查询号码 【1345958】，返回信息 {"status":"ok","msg":"福建-泉州","gid":"4706","time_insert":"2017-05-11 16:02","time_update":"2020-09-06 13:50"}
2024-11-22 01:19:26 查询号码 【1345958】，GSD为【"福建-泉州"】

2024-11-22 01:19:27 开始第 5960 次操作

2024-11-22 01:19:27 开始操作号码 【1345959】
2024-11-22 01:19:28 GSD getOne 第 1 次 等待 3 秒
2024-11-22 01:19:31 查询号码 【1345959】，返回信息 {"status":"ok","msg":"福建-泉州","gid":"4707","time_insert":"2017-05-08 09:11","time_update":"2020-09-06 13:46"}
2024-11-22 01:19:31 查询号码 【1345959】，GSD为【"福建-泉州"】

