2024-01-13 00:10:13 开始第 8657 次操作

2024-01-13 00:10:13 开始操作号码 【1898566】
2024-01-13 00:10:19 GSD getOne 第 1 次 等待 3 秒
2024-01-13 00:10:22 查询号码 【1898566】，返回信息 {"status":"ok","msg":"贵州-遵义","gid":"45767","time_insert":"2020-03-03 13:58","time_update":"2020-11-24 14:47"}
2024-01-13 00:10:22 查询号码 【1898566】，GSD为【"贵州-遵义"】

2024-01-13 00:10:23 开始第 8658 次操作

2024-01-13 00:10:23 开始操作号码 【1898567】
2024-01-13 00:10:26 GSD getOne 第 1 次 等待 3 秒
2024-01-13 00:10:29 查询号码 【1898567】，返回信息 {"status":"ok","msg":"贵州-遵义","gid":"45768","time_insert":"2017-05-17 09:49","time_update":"2020-11-24 14:52"}
2024-01-13 00:10:29 查询号码 【1898567】，GSD为【"贵州-遵义"】

2024-01-13 00:10:30 开始第 8659 次操作

2024-01-13 00:10:30 开始操作号码 【1898568】
2024-01-13 00:10:33 GSD getOne 第 1 次 等待 3 秒
2024-01-13 00:10:36 查询号码 【1898568】，返回信息 {"status":"ok","msg":"贵州-遵义","gid":"45769","time_insert":"2017-09-19 22:33","time_update":"2020-11-24 14:56"}
2024-01-13 00:10:36 查询号码 【1898568】，GSD为【"贵州-遵义"】

2024-01-13 00:10:37 开始第 8660 次操作

2024-01-13 00:10:37 开始操作号码 【1898569】
2024-01-13 00:10:40 GSD getOne 第 1 次 等待 3 秒
2024-01-13 00:10:43 查询号码 【1898569】，返回信息 {"status":"ok","msg":"贵州-遵义","gid":"442472","time_insert":"2021-07-30 08:08"}
2024-01-13 00:10:43 查询号码 【1898569】，GSD为【"贵州-遵义"】

