2024-01-15 00:09:16 开始第 9025 次操作

2024-01-15 00:09:16 开始操作号码 【1898934】
2024-01-15 00:09:23 GSD getOne 第 1 次 等待 3 秒
2024-01-15 00:09:26 查询号码 【1898934】，返回信息 {"status":"ok","msg":"浙江-宁波","gid":"439600","time_insert":"2021-07-30 02:15"}
2024-01-15 00:09:26 查询号码 【1898934】，GSD为【"浙江-宁波"】

2024-01-15 00:09:27 开始第 9026 次操作

2024-01-15 00:09:27 开始操作号码 【1898935】
2024-01-15 00:09:31 GSD getOne 第 1 次 等待 3 秒
2024-01-15 00:09:34 查询号码 【1898935】，返回信息 {"status":"ok","msg":"浙江-宁波","gid":"439597","time_insert":"2021-07-30 02:15"}
2024-01-15 00:09:34 查询号码 【1898935】，GSD为【"浙江-宁波"】

2024-01-15 00:09:35 开始第 9027 次操作

2024-01-15 00:09:35 开始操作号码 【1898936】
2024-01-15 00:09:39 GSD getOne 第 1 次 等待 3 秒
2024-01-15 00:09:42 查询号码 【1898936】，返回信息 {"status":"ok","msg":"浙江-宁波","gid":"439592","time_insert":"2021-07-30 02:14"}
2024-01-15 00:09:42 查询号码 【1898936】，GSD为【"浙江-宁波"】

2024-01-15 00:09:43 开始第 9028 次操作

2024-01-15 00:09:43 开始操作号码 【1898937】
2024-01-15 00:09:48 GSD getOne 第 1 次 等待 3 秒
2024-01-15 00:09:51 查询号码 【1898937】，返回信息 {"status":"ok","msg":"浙江-宁波","gid":"439586","time_insert":"2021-07-30 02:13"}
2024-01-15 00:09:51 查询号码 【1898937】，GSD为【"浙江-宁波"】

