2024-03-03 00:09:18 开始第 6957 次操作

2024-03-03 00:09:18 开始操作号码 【1786866】
2024-03-03 00:09:26 GSD getOne 第 1 次 等待 3 秒
2024-03-03 00:09:29 查询号码 【1786866】，返回信息 {"status":"ok","msg":"陕西-汉中","gid":"287251","time_insert":"2021-07-15 21:08"}
2024-03-03 00:09:29 查询号码 【1786866】，GSD为【"陕西-汉中"】

2024-03-03 00:09:30 开始第 6958 次操作

2024-03-03 00:09:30 开始操作号码 【1786867】
2024-03-03 00:09:34 GSD getOne 第 1 次 等待 3 秒
2024-03-03 00:09:37 查询号码 【1786867】，返回信息 {"status":"ok","msg":"陕西-西安","gid":"287245","time_insert":"2021-07-15 21:07"}
2024-03-03 00:09:37 查询号码 【1786867】，GSD为【"陕西-西安"】

2024-03-03 00:09:38 开始第 6959 次操作

2024-03-03 00:09:38 开始操作号码 【1786868】
2024-03-03 00:09:43 GSD getOne 第 1 次 等待 3 秒
2024-03-03 00:09:46 查询号码 【1786868】，返回信息 {"status":"ok","msg":"陕西-西安","gid":"287239","time_insert":"2021-07-15 21:06"}
2024-03-03 00:09:46 查询号码 【1786868】，GSD为【"陕西-西安"】

2024-03-03 00:09:47 开始第 6960 次操作

2024-03-03 00:09:47 开始操作号码 【1786869】
2024-03-03 00:09:52 GSD getOne 第 1 次 等待 3 秒
2024-03-03 00:09:55 查询号码 【1786869】，返回信息 {"status":"ok","msg":"陕西-铜川","gid":"287234","time_insert":"2021-07-15 21:05"}
2024-03-03 00:09:55 查询号码 【1786869】，GSD为【"陕西-铜川"】

2024-03-03 00:32:56 开始第 6961 次操作

2024-03-03 00:32:56 开始操作号码 【1786870】
2024-03-03 00:33:01 GSD getOne 第 1 次 等待 3 秒
2024-03-03 00:33:04 查询号码 【1786870】，返回信息 {"status":"ok","msg":"陕西-咸阳","gid":"287227","time_insert":"2021-07-15 21:04"}
2024-03-03 00:33:04 查询号码 【1786870】，GSD为【"陕西-咸阳"】

2024-03-03 00:33:05 开始第 6962 次操作

2024-03-03 00:33:05 开始操作号码 【1786871】
2024-03-03 00:33:10 GSD getOne 第 1 次 等待 3 秒
2024-03-03 00:33:13 查询号码 【1786871】，返回信息 {"status":"ok","msg":"陕西-渭南","gid":"287219","time_insert":"2021-07-15 21:04"}
2024-03-03 00:33:13 查询号码 【1786871】，GSD为【"陕西-渭南"】

2024-03-03 00:33:14 开始第 6963 次操作

2024-03-03 00:33:14 开始操作号码 【1786872】
2024-03-03 00:33:24 GSD getOne 第 1 次 等待 3 秒
2024-03-03 00:33:27 查询号码 【1786872】，返回信息 {"status":"ok","msg":"陕西-西安","gid":"287211","time_insert":"2021-07-15 21:03"}
2024-03-03 00:33:27 查询号码 【1786872】，GSD为【"陕西-西安"】

2024-03-03 00:33:28 开始第 6964 次操作

2024-03-03 00:33:28 开始操作号码 【1786873】
2024-03-03 00:33:34 GSD getOne 第 1 次 等待 3 秒
2024-03-03 00:33:37 查询号码 【1786873】，返回信息 {"status":"ok","msg":"陕西-渭南","gid":"287204","time_insert":"2021-07-15 21:02"}
2024-03-03 00:33:37 查询号码 【1786873】，GSD为【"陕西-渭南"】

