2024-06-26 00:11:19 开始第 3245 次操作

2024-06-26 00:11:19 开始操作号码 【1563152】
2024-06-26 00:11:36 GSD getOne 第 1 次 等待 3 秒
2024-06-26 00:11:39 查询号码 【1563152】，返回信息 {"status":"ok","msg":"河北-唐山","gid":"261053","time_insert":"2021-07-13 01:17"}
2024-06-26 00:11:39 查询号码 【1563152】，GSD为【"河北-唐山"】

2024-06-26 00:11:40 开始第 3246 次操作

2024-06-26 00:11:40 开始操作号码 【1563153】
2024-06-26 00:12:05 GSD getOne 第 1 次 等待 3 秒
2024-06-26 00:12:08 查询号码 【1563153】，返回信息 {"status":"ok","msg":"河北-唐山","gid":"261145","time_insert":"2021-07-13 01:34"}
2024-06-26 00:12:08 查询号码 【1563153】，GSD为【"河北-唐山"】

2024-06-26 00:12:09 开始第 3247 次操作

2024-06-26 00:12:09 开始操作号码 【1563154】
2024-06-26 00:12:28 GSD getOne 第 1 次 等待 3 秒
2024-06-26 00:12:31 查询号码 【1563154】，返回信息 {"status":"ok","msg":"河北-唐山","gid":"261264","time_insert":"2021-07-13 01:50"}
2024-06-26 00:12:31 查询号码 【1563154】，GSD为【"河北-唐山"】

2024-06-26 00:12:32 开始第 3248 次操作

2024-06-26 00:12:32 开始操作号码 【1563155】
2024-06-26 00:12:50 GSD getOne 第 1 次 等待 3 秒
2024-06-26 00:12:53 查询号码 【1563155】，返回信息 {"status":"ok","msg":"河北-唐山","gid":"261452","time_insert":"2021-07-13 02:07"}
2024-06-26 00:12:53 查询号码 【1563155】，GSD为【"河北-唐山"】

