2023-12-02 00:10:16 开始第 937 次操作

2023-12-02 00:10:16 开始操作号码 【1890846】
2023-12-02 00:10:19 GSD getOne 第 1 次 等待 3 秒
2023-12-02 00:10:22 查询号码 【1890846】，返回信息 {"status":"ok","msg":"湖南-长沙","gid":"44941","time_insert":"2014-07-04 16:50","time_update":"2020-09-24 00:52"}
2023-12-02 00:10:22 查询号码 【1890846】，GSD为【"湖南-长沙"】

2023-12-02 00:10:23 开始第 938 次操作

2023-12-02 00:10:23 开始操作号码 【1890847】
2023-12-02 00:10:27 GSD getOne 第 1 次 等待 3 秒
2023-12-02 00:10:30 查询号码 【1890847】，返回信息 {"status":"ok","msg":"湖南-长沙","gid":"433120","time_insert":"2021-07-29 12:09"}
2023-12-02 00:10:31 查询号码 【1890847】，GSD为【"湖南-长沙"】

2023-12-02 00:10:32 开始第 939 次操作

2023-12-02 00:10:32 开始操作号码 【1890848】
2023-12-02 00:10:44 GSD getOne 第 1 次 等待 3 秒
2023-12-02 00:10:47 查询号码 【1890848】，返回信息 {"status":"ok","msg":"湖南-长沙","gid":"433179","time_insert":"2021-07-29 12:20"}
2023-12-02 00:10:48 查询号码 【1890848】，GSD为【"湖南-长沙"】

2023-12-02 00:10:49 开始第 940 次操作

2023-12-02 00:10:49 开始操作号码 【1890849】
2023-12-02 00:10:55 GSD getOne 第 1 次 等待 3 秒
2023-12-02 00:10:58 查询号码 【1890849】，返回信息 {"status":"ok","msg":"湖南-长沙","gid":"433207","time_insert":"2021-07-29 12:32"}
2023-12-02 00:10:58 查询号码 【1890849】，GSD为【"湖南-长沙"】

2023-12-02 00:37:13 开始第 941 次操作

2023-12-02 00:37:13 开始操作号码 【1890850】
2023-12-02 00:37:18 GSD getOne 第 1 次 等待 3 秒
2023-12-02 00:37:21 查询号码 【1890850】，返回信息 {"status":"ok","msg":"贵州-贵阳","gid":"433222","time_insert":"2021-07-29 12:44"}
2023-12-02 00:37:21 查询号码 【1890850】，GSD为【"贵州-贵阳"】

2023-12-02 00:37:22 开始第 942 次操作

2023-12-02 00:37:22 开始操作号码 【1890851】
2023-12-02 00:37:25 GSD getOne 第 1 次 等待 3 秒
2023-12-02 00:37:28 查询号码 【1890851】，返回信息 {"status":"ok","msg":"贵州-贵阳","gid":"433358","time_insert":"2021-07-29 12:59"}
2023-12-02 00:37:28 查询号码 【1890851】，GSD为【"贵州-贵阳"】

2023-12-02 00:37:29 开始第 943 次操作

2023-12-02 00:37:29 开始操作号码 【1890852】
2023-12-02 00:37:33 GSD getOne 第 1 次 等待 3 秒
2023-12-02 00:37:36 查询号码 【1890852】，返回信息 {"status":"ok","msg":"贵州-遵义","gid":"433577","time_insert":"2021-07-29 13:14"}
2023-12-02 00:37:36 查询号码 【1890852】，GSD为【"贵州-遵义"】

2023-12-02 00:37:37 开始第 944 次操作

2023-12-02 00:37:37 开始操作号码 【1890853】
2023-12-02 00:37:41 GSD getOne 第 1 次 等待 3 秒
2023-12-02 00:37:44 查询号码 【1890853】，返回信息 {"status":"ok","msg":"贵州-安顺","gid":"433657","time_insert":"2021-07-29 13:26"}
2023-12-02 00:37:44 查询号码 【1890853】，GSD为【"贵州-安顺"】

2023-12-02 01:07:22 开始第 945 次操作

2023-12-02 01:07:22 开始操作号码 【1890854】
2023-12-02 01:07:30 GSD getOne 第 1 次 等待 3 秒
2023-12-02 01:07:33 查询号码 【1890854】，返回信息 {"status":"ok","msg":"贵州-黔南","gid":"433721","time_insert":"2021-07-29 13:38"}
2023-12-02 01:07:33 查询号码 【1890854】，GSD为【"贵州-黔南"】

2023-12-02 01:07:35 开始第 946 次操作

2023-12-02 01:07:35 开始操作号码 【1890855】
2023-12-02 01:07:38 GSD getOne 第 1 次 等待 3 秒
2023-12-02 01:07:41 查询号码 【1890855】，返回信息 {"status":"ok","msg":"贵州-黔东南","gid":"433931","time_insert":"2021-07-29 13:51"}
2023-12-02 01:07:41 查询号码 【1890855】，GSD为【"贵州-黔东南"】

2023-12-02 01:07:42 开始第 947 次操作

2023-12-02 01:07:42 开始操作号码 【1890856】
2023-12-02 01:07:47 GSD getOne 第 1 次 等待 3 秒
2023-12-02 01:07:50 查询号码 【1890856】，返回信息 {"status":"ok","msg":"贵州-铜仁","gid":"44942","time_insert":"2017-09-27 21:20","time_update":"2020-11-24 10:47"}
2023-12-02 01:07:50 查询号码 【1890856】，GSD为【"贵州-铜仁"】

2023-12-02 01:07:51 开始第 948 次操作

2023-12-02 01:07:51 开始操作号码 【1890857】
2023-12-02 01:07:54 GSD getOne 第 1 次 等待 3 秒
2023-12-02 01:07:57 查询号码 【1890857】，返回信息 {"status":"ok","msg":"贵州-毕节","gid":"44943","time_insert":"2015-10-06 17:50","time_update":"2020-11-24 10:52"}
2023-12-02 01:07:57 查询号码 【1890857】，GSD为【"贵州-毕节"】

