2023-12-09 00:10:27 开始第 2225 次操作

2023-12-09 00:10:27 开始操作号码 【1892134】
2023-12-09 00:10:31 GSD getOne 第 1 次 等待 3 秒
2023-12-09 00:10:34 查询号码 【1892134】，返回信息 {"status":"ok","msg":"江苏-无锡","gid":"498395","time_insert":"2021-08-07 07:02"}
2023-12-09 00:10:34 查询号码 【1892134】，GSD为【"江苏-无锡"】

2023-12-09 00:10:35 开始第 2226 次操作

2023-12-09 00:10:35 开始操作号码 【1892135】
2023-12-09 00:10:38 GSD getOne 第 1 次 等待 3 秒
2023-12-09 00:10:41 查询号码 【1892135】，返回信息 {"status":"ok","msg":"江苏-无锡","gid":"498401","time_insert":"2021-08-07 07:08"}
2023-12-09 00:10:42 查询号码 【1892135】，GSD为【"江苏-无锡"】

2023-12-09 00:10:43 开始第 2227 次操作

2023-12-09 00:10:43 开始操作号码 【1892136】
2023-12-09 00:10:47 GSD getOne 第 1 次 等待 3 秒
2023-12-09 00:10:50 查询号码 【1892136】，返回信息 {"status":"ok","msg":"江苏-无锡","gid":"498405","time_insert":"2021-08-07 07:14"}
2023-12-09 00:10:50 查询号码 【1892136】，GSD为【"江苏-无锡"】

2023-12-09 00:10:51 开始第 2228 次操作

2023-12-09 00:10:51 开始操作号码 【1892137】
2023-12-09 00:10:57 GSD getOne 第 1 次 等待 3 秒
2023-12-09 00:11:00 查询号码 【1892137】，返回信息 {"status":"ok","msg":"江苏-无锡","gid":"498406","time_insert":"2021-08-07 07:16"}
2023-12-09 00:11:00 查询号码 【1892137】，GSD为【"江苏-无锡"】

