2024-09-06 00:22:40 开始第 3061 次操作

2024-09-06 00:22:40 开始操作号码 【1453060】
2024-09-06 00:22:48 GSD getOne 第 1 次 等待 3 秒
2024-09-06 00:22:51 查询号码 【1453060】，返回信息 {"status":"ok","msg":"上海-上海","gid":"75241","time_insert":"2021-06-01 03:11"}
2024-09-06 00:22:51 查询号码 【1453060】，GSD为【"上海-上海"】

2024-09-06 00:22:52 开始第 3062 次操作

2024-09-06 00:22:52 开始操作号码 【1453061】
2024-09-06 00:23:00 GSD getOne 第 1 次 等待 3 秒
2024-09-06 00:23:03 查询号码 【1453061】，返回信息 {"status":"ok","msg":"上海-上海","gid":"75246","time_insert":"2021-06-01 03:15"}
2024-09-06 00:23:03 查询号码 【1453061】，GSD为【"上海-上海"】

2024-09-06 00:23:04 开始第 3063 次操作

2024-09-06 00:23:04 开始操作号码 【1453062】
2024-09-06 00:23:12 GSD getOne 第 1 次 等待 3 秒
2024-09-06 00:23:15 查询号码 【1453062】，返回信息 {"status":"ok","msg":"上海-上海","gid":"75251","time_insert":"2021-06-01 03:19"}
2024-09-06 00:23:15 查询号码 【1453062】，GSD为【"上海-上海"】

2024-09-06 00:23:16 开始第 3064 次操作

2024-09-06 00:23:16 开始操作号码 【1453063】
2024-09-06 00:23:24 GSD getOne 第 1 次 等待 3 秒
2024-09-06 00:23:27 查询号码 【1453063】，返回信息 {"status":"ok","msg":"上海-上海","gid":"75252","time_insert":"2021-06-01 03:23"}
2024-09-06 00:23:27 查询号码 【1453063】，GSD为【"上海-上海"】

