2024-05-15 00:10:58 开始第 9201 次操作

2024-05-15 00:10:58 开始操作号码 【1679107】
2024-05-15 00:11:04 GSD getOne 第 1 次 等待 3 秒
2024-05-15 00:11:07 查询号码 【1679107】，返回信息 {"status":"ok","msg":"吉林-吉林","gid":"328311","time_insert":"2021-07-19 17:50"}
2024-05-15 00:11:07 查询号码 【1679107】，GSD为【"吉林-吉林"】

2024-05-15 00:11:08 开始第 9202 次操作

2024-05-15 00:11:08 开始操作号码 【1679108】
2024-05-15 00:11:13 GSD getOne 第 1 次 等待 3 秒
2024-05-15 00:11:16 查询号码 【1679108】，返回信息 {"status":"ok","msg":"吉林-吉林","gid":"328323","time_insert":"2021-07-19 17:50"}
2024-05-15 00:11:17 查询号码 【1679108】，GSD为【"吉林-吉林"】

2024-05-15 00:11:18 开始第 9203 次操作

2024-05-15 00:11:18 开始操作号码 【1679109】
2024-05-15 00:11:25 GSD getOne 第 1 次 等待 3 秒
2024-05-15 00:11:28 查询号码 【1679109】，返回信息 {"status":"ok","msg":"吉林-吉林","gid":"328329","time_insert":"2021-07-19 17:51"}
2024-05-15 00:11:28 查询号码 【1679109】，GSD为【"吉林-吉林"】

2024-05-15 00:11:29 开始第 9204 次操作

2024-05-15 00:11:29 开始操作号码 【1679110】
2024-05-15 00:11:35 GSD getOne 第 1 次 等待 3 秒
2024-05-15 00:11:38 查询号码 【1679110】，返回信息 {"status":"ok","msg":"吉林-吉林","gid":"328337","time_insert":"2021-07-19 17:52"}
2024-05-15 00:11:38 查询号码 【1679110】，GSD为【"吉林-吉林"】

