2024-09-02 00:21:14 开始第 2377 次操作

2024-09-02 00:21:14 开始操作号码 【1452376】
2024-09-02 00:21:22 GSD getOne 第 1 次 等待 3 秒
2024-09-02 00:21:25 查询号码 【1452376】，返回信息 {"status":"ok","msg":"重庆-重庆","gid":"72701","time_insert":"2021-05-29 22:50"}
2024-09-02 00:21:25 查询号码 【1452376】，GSD为【"重庆-重庆"】

2024-09-02 00:21:26 开始第 2378 次操作

2024-09-02 00:21:26 开始操作号码 【1452377】
2024-09-02 00:21:34 GSD getOne 第 1 次 等待 3 秒
2024-09-02 00:21:37 查询号码 【1452377】，返回信息 {"status":"ok","msg":"重庆-重庆","gid":"72704","time_insert":"2021-05-29 22:56"}
2024-09-02 00:21:37 查询号码 【1452377】，GSD为【"重庆-重庆"】

2024-09-02 00:21:38 开始第 2379 次操作

2024-09-02 00:21:38 开始操作号码 【1452378】
2024-09-02 00:21:46 GSD getOne 第 1 次 等待 3 秒
2024-09-02 00:21:49 查询号码 【1452378】，返回信息 {"status":"ok","msg":"重庆-重庆","gid":"72706","time_insert":"2021-05-29 22:59"}
2024-09-02 00:21:49 查询号码 【1452378】，GSD为【"重庆-重庆"】

2024-09-02 00:21:50 开始第 2380 次操作

2024-09-02 00:21:50 开始操作号码 【1452379】
2024-09-02 00:21:57 GSD getOne 第 1 次 等待 3 秒
2024-09-02 00:22:00 查询号码 【1452379】，返回信息 {"status":"ok","msg":"重庆-重庆","gid":"72710","time_insert":"2021-05-29 23:03"}
2024-09-02 00:22:01 查询号码 【1452379】，GSD为【"重庆-重庆"】

