2024-04-15 06:19:44 开始第 3765 次操作

2024-04-15 06:19:44 开始操作号码 【1673675】
2024-04-15 06:19:51 GSD getOne 第 1 次 等待 3 秒
2024-04-15 06:19:54 查询号码 【1673675】，返回信息 {"status":"ok","msg":"山东-烟台","gid":"260659","time_insert":"2021-07-13 00:05"}
2024-04-15 06:19:54 查询号码 【1673675】，GSD为【"山东-烟台"】

2024-04-15 06:19:55 开始第 3766 次操作

2024-04-15 06:19:55 开始操作号码 【1673676】
2024-04-15 06:20:01 GSD getOne 第 1 次 等待 3 秒
2024-04-15 06:20:04 查询号码 【1673676】，返回信息 {"status":"ok","msg":"山东-青岛","gid":"260661","time_insert":"2021-07-13 00:05"}
2024-04-15 06:20:04 查询号码 【1673676】，GSD为【"山东-青岛"】

2024-04-15 06:20:05 开始第 3767 次操作

2024-04-15 06:20:05 开始操作号码 【1673677】
2024-04-15 06:20:10 GSD getOne 第 1 次 等待 3 秒
2024-04-15 06:20:13 查询号码 【1673677】，返回信息 {"status":"ok","msg":"山东-青岛","gid":"260665","time_insert":"2021-07-13 00:05"}
2024-04-15 06:20:13 查询号码 【1673677】，GSD为【"山东-青岛"】

2024-04-15 06:20:14 开始第 3768 次操作

2024-04-15 06:20:14 开始操作号码 【1673678】
2024-04-15 06:20:19 GSD getOne 第 1 次 等待 3 秒
2024-04-15 06:20:22 查询号码 【1673678】，返回信息 {"status":"ok","msg":"山东-青岛","gid":"260672","time_insert":"2021-07-13 00:06"}
2024-04-15 06:20:22 查询号码 【1673678】，GSD为【"山东-青岛"】

