2024-07-11 00:10:50 开始第 5981 次操作

2024-07-11 00:10:50 开始操作号码 【1565887】
2024-07-11 00:11:01 GSD getOne 第 1 次 等待 3 秒
2024-07-11 00:11:04 查询号码 【1565887】，返回信息 {"status":"ok","msg":"浙江-杭州","gid":"412133","time_insert":"2021-07-27 11:07"}
2024-07-11 00:11:04 查询号码 【1565887】，GSD为【"浙江-杭州"】

2024-07-11 00:11:05 开始第 5982 次操作

2024-07-11 00:11:05 开始操作号码 【1565888】
2024-07-11 00:11:12 GSD getOne 第 1 次 等待 3 秒
2024-07-11 00:11:15 查询号码 【1565888】，返回信息 {"status":"ok","msg":"浙江-杭州","gid":"412125","time_insert":"2021-07-27 11:07"}
2024-07-11 00:11:15 查询号码 【1565888】，GSD为【"浙江-杭州"】

2024-07-11 00:11:16 开始第 5983 次操作

2024-07-11 00:11:16 开始操作号码 【1565889】
2024-07-11 00:11:24 GSD getOne 第 1 次 等待 3 秒
2024-07-11 00:11:27 查询号码 【1565889】，返回信息 {"status":"ok","msg":"浙江-杭州","gid":"412116","time_insert":"2021-07-27 11:06"}
2024-07-11 00:11:27 查询号码 【1565889】，GSD为【"浙江-杭州"】

2024-07-11 00:11:28 开始第 5984 次操作

2024-07-11 00:11:28 开始操作号码 【1565890】
2024-07-11 00:11:37 GSD getOne 第 1 次 等待 3 秒
2024-07-11 00:11:40 查询号码 【1565890】，返回信息 {"status":"ok","msg":"浙江-金华","gid":"412105","time_insert":"2021-07-27 11:05"}
2024-07-11 00:11:40 查询号码 【1565890】，GSD为【"浙江-金华"】

2024-07-11 00:37:55 开始第 5985 次操作

2024-07-11 00:37:55 开始操作号码 【1565891】
2024-07-11 00:38:03 GSD getOne 第 1 次 等待 3 秒
2024-07-11 00:38:06 查询号码 【1565891】，返回信息 {"status":"ok","msg":"浙江-金华","gid":"412097","time_insert":"2021-07-27 11:05"}
2024-07-11 00:38:06 查询号码 【1565891】，GSD为【"浙江-金华"】

2024-07-11 00:38:07 开始第 5986 次操作

2024-07-11 00:38:07 开始操作号码 【1565892】
2024-07-11 00:38:15 GSD getOne 第 1 次 等待 3 秒
2024-07-11 00:38:18 查询号码 【1565892】，返回信息 {"status":"ok","msg":"浙江-金华","gid":"412090","time_insert":"2021-07-27 11:04"}
2024-07-11 00:38:18 查询号码 【1565892】，GSD为【"浙江-金华"】

2024-07-11 00:38:19 开始第 5987 次操作

2024-07-11 00:38:19 开始操作号码 【1565893】
2024-07-11 00:38:27 GSD getOne 第 1 次 等待 3 秒
2024-07-11 00:38:30 查询号码 【1565893】，返回信息 {"status":"ok","msg":"浙江-金华","gid":"412081","time_insert":"2021-07-27 11:03"}
2024-07-11 00:38:30 查询号码 【1565893】，GSD为【"浙江-金华"】

2024-07-11 00:38:31 开始第 5988 次操作

2024-07-11 00:38:31 开始操作号码 【1565894】
2024-07-11 00:38:39 GSD getOne 第 1 次 等待 3 秒
2024-07-11 00:38:42 查询号码 【1565894】，返回信息 {"status":"ok","msg":"浙江-金华","gid":"412071","time_insert":"2021-07-27 11:02"}
2024-07-11 00:38:42 查询号码 【1565894】，GSD为【"浙江-金华"】

2024-07-11 01:07:46 开始第 5989 次操作

2024-07-11 01:07:46 开始操作号码 【1565895】
2024-07-11 01:07:54 GSD getOne 第 1 次 等待 3 秒
2024-07-11 01:07:57 查询号码 【1565895】，返回信息 {"status":"ok","msg":"浙江-金华","gid":"412062","time_insert":"2021-07-27 11:02"}
2024-07-11 01:07:57 查询号码 【1565895】，GSD为【"浙江-金华"】

2024-07-11 01:07:58 开始第 5990 次操作

2024-07-11 01:07:58 开始操作号码 【1565896】
2024-07-11 01:08:07 GSD getOne 第 1 次 等待 3 秒
2024-07-11 01:08:10 查询号码 【1565896】，返回信息 {"status":"ok","msg":"浙江-金华","gid":"412049","time_insert":"2021-07-27 11:01"}
2024-07-11 01:08:10 查询号码 【1565896】，GSD为【"浙江-金华"】

2024-07-11 01:08:11 开始第 5991 次操作

2024-07-11 01:08:11 开始操作号码 【1565897】
2024-07-11 01:08:18 GSD getOne 第 1 次 等待 3 秒
2024-07-11 01:08:21 查询号码 【1565897】，返回信息 {"status":"ok","msg":"浙江-金华","gid":"412041","time_insert":"2021-07-27 11:01"}
2024-07-11 01:08:21 查询号码 【1565897】，GSD为【"浙江-金华"】

2024-07-11 01:08:22 开始第 5992 次操作

2024-07-11 01:08:22 开始操作号码 【1565898】
2024-07-11 01:08:31 GSD getOne 第 1 次 等待 3 秒
2024-07-11 01:08:34 查询号码 【1565898】，返回信息 {"status":"ok","msg":"浙江-金华","gid":"412035","time_insert":"2021-07-27 11:00"}
2024-07-11 01:08:34 查询号码 【1565898】，GSD为【"浙江-金华"】

2024-07-11 01:32:24 开始第 5993 次操作

2024-07-11 01:32:24 开始操作号码 【1565899】
2024-07-11 01:32:34 GSD getOne 第 1 次 等待 3 秒
2024-07-11 01:32:37 查询号码 【1565899】，返回信息 {"status":"ok","msg":"浙江-金华","gid":"412022","time_insert":"2021-07-27 10:59"}
2024-07-11 01:32:37 查询号码 【1565899】，GSD为【"浙江-金华"】

2024-07-11 01:32:38 开始第 5994 次操作

2024-07-11 01:32:38 开始操作号码 【1565900】
2024-07-11 01:32:46 GSD getOne 第 1 次 等待 3 秒
2024-07-11 01:32:49 查询号码 【1565900】，返回信息 {"status":"ok","msg":"福建-龙岩","gid":"412013","time_insert":"2021-07-27 10:59"}
2024-07-11 01:32:49 查询号码 【1565900】，GSD为【"福建-龙岩"】

2024-07-11 01:32:50 开始第 5995 次操作

2024-07-11 01:32:50 开始操作号码 【1565901】
2024-07-11 01:32:58 GSD getOne 第 1 次 等待 3 秒
2024-07-11 01:33:01 查询号码 【1565901】，返回信息 {"status":"ok","msg":"福建-龙岩","gid":"412005","time_insert":"2021-07-27 10:58"}
2024-07-11 01:33:01 查询号码 【1565901】，GSD为【"福建-龙岩"】

2024-07-11 01:33:02 开始第 5996 次操作

2024-07-11 01:33:02 开始操作号码 【1565902】
2024-07-11 01:33:10 GSD getOne 第 1 次 等待 3 秒
2024-07-11 01:33:13 查询号码 【1565902】，返回信息 {"status":"ok","msg":"福建-福州","gid":"22660","time_insert":"2019-03-19 09:42","time_update":"2020-09-05 00:17"}
2024-07-11 01:33:13 查询号码 【1565902】，GSD为【"福建-福州"】

2024-07-11 02:12:34 开始第 5997 次操作

2024-07-11 02:12:34 开始操作号码 【1565903】
2024-07-11 02:12:42 GSD getOne 第 1 次 等待 3 秒
2024-07-11 02:12:45 查询号码 【1565903】，返回信息 {"status":"ok","msg":"福建-福州","gid":"411995","time_insert":"2021-07-27 10:57"}
2024-07-11 02:12:45 查询号码 【1565903】，GSD为【"福建-福州"】

2024-07-11 02:12:46 开始第 5998 次操作

2024-07-11 02:12:46 开始操作号码 【1565904】
2024-07-11 02:12:58 GSD getOne 第 1 次 等待 3 秒
2024-07-11 02:13:01 查询号码 【1565904】，返回信息 {"status":"ok","msg":"福建-漳州","gid":"411986","time_insert":"2021-07-27 10:56"}
2024-07-11 02:13:01 查询号码 【1565904】，GSD为【"福建-漳州"】

2024-07-11 02:13:02 开始第 5999 次操作

2024-07-11 02:13:02 开始操作号码 【1565905】
2024-07-11 02:13:11 GSD getOne 第 1 次 等待 3 秒
2024-07-11 02:13:14 查询号码 【1565905】，返回信息 {"status":"ok","msg":"福建-泉州","gid":"411979","time_insert":"2021-07-27 10:56"}
2024-07-11 02:13:14 查询号码 【1565905】，GSD为【"福建-泉州"】

2024-07-11 02:13:15 开始第 6000 次操作

2024-07-11 02:13:15 开始操作号码 【1565906】
2024-07-11 02:13:23 GSD getOne 第 1 次 等待 3 秒
2024-07-11 02:13:26 查询号码 【1565906】，返回信息 {"status":"ok","msg":"福建-泉州","gid":"411970","time_insert":"2021-07-27 10:55"}
2024-07-11 02:13:26 查询号码 【1565906】，GSD为【"福建-泉州"】

2024-07-11 02:38:34 开始第 6001 次操作

2024-07-11 02:38:34 开始操作号码 【1565907】
2024-07-11 02:38:42 GSD getOne 第 1 次 等待 3 秒
2024-07-11 02:38:45 查询号码 【1565907】，返回信息 {"status":"ok","msg":"福建-泉州","gid":"411963","time_insert":"2021-07-27 10:55"}
2024-07-11 02:38:45 查询号码 【1565907】，GSD为【"福建-泉州"】

2024-07-11 02:38:46 开始第 6002 次操作

2024-07-11 02:38:46 开始操作号码 【1565908】
2024-07-11 02:38:54 GSD getOne 第 1 次 等待 3 秒
2024-07-11 02:38:57 查询号码 【1565908】，返回信息 {"status":"ok","msg":"福建-泉州","gid":"411954","time_insert":"2021-07-27 10:54"}
2024-07-11 02:38:57 查询号码 【1565908】，GSD为【"福建-泉州"】

2024-07-11 02:38:58 开始第 6003 次操作

2024-07-11 02:38:58 开始操作号码 【1565909】
2024-07-11 02:39:05 GSD getOne 第 1 次 等待 3 秒
2024-07-11 02:39:08 查询号码 【1565909】，返回信息 {"status":"ok","msg":"福建-泉州","gid":"411948","time_insert":"2021-07-27 10:54"}
2024-07-11 02:39:08 查询号码 【1565909】，GSD为【"福建-泉州"】

2024-07-11 02:39:09 开始第 6004 次操作

2024-07-11 02:39:09 开始操作号码 【1565910】
2024-07-11 02:39:17 GSD getOne 第 1 次 等待 3 秒
2024-07-11 02:39:20 查询号码 【1565910】，返回信息 {"status":"ok","msg":"福建-福州","gid":"411941","time_insert":"2021-07-27 10:53"}
2024-07-11 02:39:20 查询号码 【1565910】，GSD为【"福建-福州"】

2024-07-11 03:09:08 开始第 6005 次操作

2024-07-11 03:09:08 开始操作号码 【1565911】
2024-07-11 03:09:16 GSD getOne 第 1 次 等待 3 秒
2024-07-11 03:09:19 查询号码 【1565911】，返回信息 {"status":"ok","msg":"福建-福州","gid":"411930","time_insert":"2021-07-27 10:52"}
2024-07-11 03:09:19 查询号码 【1565911】，GSD为【"福建-福州"】

2024-07-11 03:09:20 开始第 6006 次操作

2024-07-11 03:09:20 开始操作号码 【1565912】
2024-07-11 03:09:28 GSD getOne 第 1 次 等待 3 秒
2024-07-11 03:09:31 查询号码 【1565912】，返回信息 {"status":"ok","msg":"福建-福州","gid":"411924","time_insert":"2021-07-27 10:52"}
2024-07-11 03:09:31 查询号码 【1565912】，GSD为【"福建-福州"】

2024-07-11 03:09:32 开始第 6007 次操作

2024-07-11 03:09:32 开始操作号码 【1565913】
2024-07-11 03:09:41 GSD getOne 第 1 次 等待 3 秒
2024-07-11 03:09:44 查询号码 【1565913】，返回信息 {"status":"ok","msg":"福建-福州","gid":"411911","time_insert":"2021-07-27 10:51"}
2024-07-11 03:09:44 查询号码 【1565913】，GSD为【"福建-福州"】

2024-07-11 03:09:45 开始第 6008 次操作

2024-07-11 03:09:45 开始操作号码 【1565914】
2024-07-11 03:09:53 GSD getOne 第 1 次 等待 3 秒
2024-07-11 03:09:56 查询号码 【1565914】，返回信息 {"status":"ok","msg":"福建-福州","gid":"411900","time_insert":"2021-07-27 10:50"}
2024-07-11 03:09:56 查询号码 【1565914】，GSD为【"福建-福州"】

