2024-01-04 00:10:27 开始第 7009 次操作

2024-01-04 00:10:27 开始操作号码 【1896918】
2024-01-04 00:10:32 GSD getOne 第 1 次 等待 3 秒
2024-01-04 00:10:35 查询号码 【1896918】，返回信息 {"status":"ok","msg":"浙江-杭州","gid":"456742","time_insert":"2021-07-31 14:08"}
2024-01-04 00:10:35 查询号码 【1896918】，GSD为【"浙江-杭州"】

2024-01-04 00:10:36 开始第 7010 次操作

2024-01-04 00:10:36 开始操作号码 【1896919】
2024-01-04 00:10:38 GSD getOne 第 1 次 等待 3 秒
2024-01-04 00:10:41 查询号码 【1896919】，返回信息 {"status":"ok","msg":"浙江-杭州","gid":"456736","time_insert":"2021-07-31 14:07"}
2024-01-04 00:10:41 查询号码 【1896919】，GSD为【"浙江-杭州"】

2024-01-04 00:10:42 开始第 7011 次操作

2024-01-04 00:10:42 开始操作号码 【1896920】
2024-01-04 00:10:45 GSD getOne 第 1 次 等待 3 秒
2024-01-04 00:10:48 查询号码 【1896920】，返回信息 {"status":"ok","msg":"浙江-舟山","gid":"456731","time_insert":"2021-07-31 14:06"}
2024-01-04 00:10:48 查询号码 【1896920】，GSD为【"浙江-舟山"】

2024-01-04 00:10:49 开始第 7012 次操作

2024-01-04 00:10:49 开始操作号码 【1896921】
2024-01-04 00:10:53 GSD getOne 第 1 次 等待 3 秒
2024-01-04 00:10:56 查询号码 【1896921】，返回信息 {"status":"ok","msg":"浙江-舟山","gid":"456722","time_insert":"2021-07-31 14:05"}
2024-01-04 00:10:56 查询号码 【1896921】，GSD为【"浙江-舟山"】

2024-01-04 00:35:55 开始第 7013 次操作

2024-01-04 00:35:55 开始操作号码 【1896922】
2024-01-04 00:35:58 GSD getOne 第 1 次 等待 3 秒
2024-01-04 00:36:01 查询号码 【1896922】，返回信息 {"status":"ok","msg":"浙江-舟山","gid":"456712","time_insert":"2021-07-31 14:04"}
2024-01-04 00:36:01 查询号码 【1896922】，GSD为【"浙江-舟山"】

2024-01-04 00:36:02 开始第 7014 次操作

2024-01-04 00:36:02 开始操作号码 【1896923】
2024-01-04 00:36:05 GSD getOne 第 1 次 等待 3 秒
2024-01-04 00:36:08 查询号码 【1896923】，返回信息 {"status":"ok","msg":"浙江-舟山","gid":"456704","time_insert":"2021-07-31 14:03"}
2024-01-04 00:36:08 查询号码 【1896923】，GSD为【"浙江-舟山"】

2024-01-04 00:36:09 开始第 7015 次操作

2024-01-04 00:36:09 开始操作号码 【1896924】
2024-01-04 00:36:12 GSD getOne 第 1 次 等待 3 秒
2024-01-04 00:36:15 查询号码 【1896924】，返回信息 {"status":"ok","msg":"浙江-舟山","gid":"456691","time_insert":"2021-07-31 14:02"}
2024-01-04 00:36:15 查询号码 【1896924】，GSD为【"浙江-舟山"】

2024-01-04 00:36:16 开始第 7016 次操作

2024-01-04 00:36:16 开始操作号码 【1896925】
2024-01-04 00:36:19 GSD getOne 第 1 次 等待 3 秒
2024-01-04 00:36:22 查询号码 【1896925】，返回信息 {"status":"ok","msg":"浙江-舟山","gid":"456677","time_insert":"2021-07-31 14:01"}
2024-01-04 00:36:22 查询号码 【1896925】，GSD为【"浙江-舟山"】

