2024-02-16 00:09:25 开始第 4013 次操作

2024-02-16 00:09:25 开始操作号码 【1783922】
2024-02-16 00:09:29 GSD getOne 第 1 次 等待 3 秒
2024-02-16 00:09:32 查询号码 【1783922】，返回信息 {"status":"ok","msg":"河南-开封","gid":"320872","time_insert":"2021-07-19 01:03"}
2024-02-16 00:09:33 查询号码 【1783922】，GSD为【"河南-开封"】

2024-02-16 00:09:34 开始第 4014 次操作

2024-02-16 00:09:34 开始操作号码 【1783923】
2024-02-16 00:09:42 GSD getOne 第 1 次 等待 3 秒
2024-02-16 00:09:45 查询号码 【1783923】，返回信息 {"status":"ok","msg":"河南-开封","gid":"52257","time_insert":"2021-04-23 20:21","time_update":"2021-04-25 00:42"}
2024-02-16 00:09:45 查询号码 【1783923】，GSD为【"河南-开封"】

2024-02-16 00:09:46 开始第 4015 次操作

2024-02-16 00:09:46 开始操作号码 【1783924】
2024-02-16 00:09:52 GSD getOne 第 1 次 等待 3 秒
2024-02-16 00:09:55 查询号码 【1783924】，返回信息 {"status":"ok","msg":"河南-开封","gid":"55421","time_insert":"2020-01-20 16:45"}
2024-02-16 00:09:55 查询号码 【1783924】，GSD为【"河南-开封"】

2024-02-16 00:09:56 开始第 4016 次操作

2024-02-16 00:09:56 开始操作号码 【1783925】
2024-02-16 00:10:00 GSD getOne 第 1 次 等待 3 秒
2024-02-16 00:10:03 查询号码 【1783925】，返回信息 {"status":"ok","msg":"河南-开封","gid":"320861","time_insert":"2021-07-19 01:02"}
2024-02-16 00:10:03 查询号码 【1783925】，GSD为【"河南-开封"】

