2024-02-09 00:09:39 开始第 2725 次操作

2024-02-09 00:09:39 开始操作号码 【1782634】
2024-02-09 00:09:43 GSD getOne 第 1 次 等待 3 秒
2024-02-09 00:09:46 查询号码 【1782634】，返回信息 {"status":"ok","msg":"江苏-苏州","gid":"334349","time_insert":"2021-07-20 06:57"}
2024-02-09 00:09:47 查询号码 【1782634】，GSD为【"江苏-苏州"】

2024-02-09 00:09:48 开始第 2726 次操作

2024-02-09 00:09:48 开始操作号码 【1782635】
2024-02-09 00:09:53 GSD getOne 第 1 次 等待 3 秒
2024-02-09 00:09:56 查询号码 【1782635】，返回信息 {"status":"ok","msg":"江苏-扬州","gid":"334336","time_insert":"2021-07-20 06:56"}
2024-02-09 00:09:56 查询号码 【1782635】，GSD为【"江苏-扬州"】

2024-02-09 00:09:57 开始第 2727 次操作

2024-02-09 00:09:57 开始操作号码 【1782636】
2024-02-09 00:10:02 GSD getOne 第 1 次 等待 3 秒
2024-02-09 00:10:05 查询号码 【1782636】，返回信息 {"status":"ok","msg":"江苏-泰州","gid":"334321","time_insert":"2021-07-20 06:55"}
2024-02-09 00:10:05 查询号码 【1782636】，GSD为【"江苏-泰州"】

2024-02-09 00:10:06 开始第 2728 次操作

2024-02-09 00:10:06 开始操作号码 【1782637】
2024-02-09 00:10:14 GSD getOne 第 1 次 等待 3 秒
2024-02-09 00:10:17 查询号码 【1782637】，返回信息 {"status":"ok","msg":"江苏-盐城","gid":"334305","time_insert":"2021-07-20 06:54"}
2024-02-09 00:10:17 查询号码 【1782637】，GSD为【"江苏-盐城"】

