2024-09-17 00:23:10 开始第 4949 次操作

2024-09-17 00:23:10 开始操作号码 【1454948】
2024-09-17 00:23:20 GSD getOne 第 1 次 等待 3 秒
2024-09-17 00:23:23 查询号码 【1454948】，返回信息 {"status":"ok","msg":"福建-泉州","gid":"83826","time_insert":"2021-06-07 05:16"}
2024-09-17 00:23:23 查询号码 【1454948】，GSD为【"福建-泉州"】

2024-09-17 00:23:24 开始第 4950 次操作

2024-09-17 00:23:24 开始操作号码 【1454949】
2024-09-17 00:23:32 GSD getOne 第 1 次 等待 3 秒
2024-09-17 00:23:35 查询号码 【1454949】，返回信息 {"status":"ok","msg":"福建-宁德","gid":"83830","time_insert":"2021-06-07 05:20"}
2024-09-17 00:23:35 查询号码 【1454949】，GSD为【"福建-宁德"】

2024-09-17 00:23:36 开始第 4951 次操作

2024-09-17 00:23:36 开始操作号码 【1454950】
2024-09-17 00:23:45 GSD getOne 第 1 次 等待 3 秒
2024-09-17 00:23:48 查询号码 【1454950】，返回信息 {"status":"ok","msg":"江苏-泰州","gid":"83835","time_insert":"2021-06-07 05:23"}
2024-09-17 00:23:48 查询号码 【1454950】，GSD为【"江苏-泰州"】

2024-09-17 00:23:49 开始第 4952 次操作

2024-09-17 00:23:49 开始操作号码 【1454951】
2024-09-17 00:23:56 GSD getOne 第 1 次 等待 3 秒
2024-09-17 00:23:59 查询号码 【1454951】，返回信息 {"status":"ok","msg":"江苏-无锡","gid":"83839","time_insert":"2021-06-07 05:27"}
2024-09-17 00:23:59 查询号码 【1454951】，GSD为【"江苏-无锡"】

