2024-04-06 00:10:58 开始第 2189 次操作

2024-04-06 00:10:58 开始操作号码 【1672099】
2024-04-06 00:11:10 GSD getOne 第 1 次 等待 3 秒
2024-04-06 00:11:13 查询号码 【1672099】，返回信息 {"status":"ok","msg":"黑龙江-黑河","gid":"240346","time_insert":"2021-07-10 15:07"}
2024-04-06 00:11:13 查询号码 【1672099】，GSD为【"黑龙江-黑河"】

2024-04-06 00:11:14 开始第 2190 次操作

2024-04-06 00:11:14 开始操作号码 【1672100】
2024-04-06 00:11:18 GSD getOne 第 1 次 等待 3 秒
2024-04-06 00:11:21 查询号码 【1672100】，返回信息 {"status":"ok","msg":"黑龙江-黑河","gid":"240350","time_insert":"2021-07-10 15:08"}
2024-04-06 00:11:21 查询号码 【1672100】，GSD为【"黑龙江-黑河"】

2024-04-06 00:11:23 开始第 2191 次操作

2024-04-06 00:11:23 开始操作号码 【1672101】
2024-04-06 00:11:27 GSD getOne 第 1 次 等待 3 秒
2024-04-06 00:11:30 查询号码 【1672101】，返回信息 {"status":"ok","msg":"黑龙江-黑河","gid":"240469","time_insert":"2021-07-10 15:34"}
2024-04-06 00:11:30 查询号码 【1672101】，GSD为【"黑龙江-黑河"】

2024-04-06 00:11:31 开始第 2192 次操作

2024-04-06 00:11:31 开始操作号码 【1672102】
2024-04-06 00:11:36 GSD getOne 第 1 次 等待 3 秒
2024-04-06 00:11:39 查询号码 【1672102】，返回信息 {"status":"ok","msg":"黑龙江-黑河","gid":"240471","time_insert":"2021-07-10 15:34"}
2024-04-06 00:11:39 查询号码 【1672102】，GSD为【"黑龙江-黑河"】

2024-04-06 00:35:42 开始第 2193 次操作

2024-04-06 00:35:42 开始操作号码 【1672103】
2024-04-06 00:35:53 GSD getOne 第 1 次 等待 3 秒
2024-04-06 00:35:56 查询号码 【1672103】，返回信息 {"status":"ok","msg":"黑龙江-黑河","gid":"240477","time_insert":"2021-07-10 15:35"}
2024-04-06 00:35:56 查询号码 【1672103】，GSD为【"黑龙江-黑河"】

2024-04-06 00:35:57 开始第 2194 次操作

2024-04-06 00:35:57 开始操作号码 【1672104】
2024-04-06 00:36:03 GSD getOne 第 1 次 等待 3 秒
2024-04-06 00:36:06 查询号码 【1672104】，返回信息 {"status":"ok","msg":"黑龙江-哈尔滨","gid":"240479","time_insert":"2021-07-10 15:35"}
2024-04-06 00:36:06 查询号码 【1672104】，GSD为【"黑龙江-哈尔滨"】

2024-04-06 00:36:07 开始第 2195 次操作

2024-04-06 00:36:07 开始操作号码 【1672105】
2024-04-06 00:36:14 GSD getOne 第 1 次 等待 3 秒
2024-04-06 00:36:17 查询号码 【1672105】，返回信息 {"status":"ok","msg":"黑龙江-鹤岗","gid":"240485","time_insert":"2021-07-10 15:36"}
2024-04-06 00:36:18 查询号码 【1672105】，GSD为【"黑龙江-鹤岗"】

2024-04-06 00:36:19 开始第 2196 次操作

2024-04-06 00:36:19 开始操作号码 【1672106】
2024-04-06 00:36:25 GSD getOne 第 1 次 等待 3 秒
2024-04-06 00:36:28 查询号码 【1672106】，返回信息 {"status":"ok","msg":"黑龙江-鸡西","gid":"240489","time_insert":"2021-07-10 15:36"}
2024-04-06 00:36:28 查询号码 【1672106】，GSD为【"黑龙江-鸡西"】

