2024-11-19 00:28:08 开始第 5473 次操作

2024-11-19 00:28:08 开始操作号码 【1345472】
2024-11-19 00:28:09 GSD getOne 第 1 次 等待 3 秒
2024-11-19 00:28:12 查询号码 【1345472】，返回信息 {"status":"ok","msg":"浙江-宁波","gid":"245550","time_insert":"2021-07-11 05:06"}
2024-11-19 00:28:12 查询号码 【1345472】，GSD为【"浙江-宁波"】

2024-11-19 00:28:13 开始第 5474 次操作

2024-11-19 00:28:13 开始操作号码 【1345473】
2024-11-19 00:28:14 GSD getOne 第 1 次 等待 3 秒
2024-11-19 00:28:17 查询号码 【1345473】，返回信息 {"status":"ok","msg":"浙江-宁波","gid":"245575","time_insert":"2021-07-11 05:20"}
2024-11-19 00:28:17 查询号码 【1345473】，GSD为【"浙江-宁波"】

2024-11-19 00:28:18 开始第 5475 次操作

2024-11-19 00:28:18 开始操作号码 【1345474】
2024-11-19 00:28:19 GSD getOne 第 1 次 等待 3 秒
2024-11-19 00:28:22 查询号码 【1345474】，返回信息 {"status":"ok","msg":"浙江-宁波","gid":"4565","time_insert":"2020-08-04 14:03","time_update":"2020-08-27 18:20"}
2024-11-19 00:28:22 查询号码 【1345474】，GSD为【"浙江-宁波"】

2024-11-19 00:28:23 开始第 5476 次操作

2024-11-19 00:28:23 开始操作号码 【1345475】
2024-11-19 00:28:24 GSD getOne 第 1 次 等待 3 秒
2024-11-19 00:28:27 查询号码 【1345475】，返回信息 {"status":"ok","msg":"浙江-宁波","gid":"245604","time_insert":"2021-07-11 05:36"}
2024-11-19 00:28:27 查询号码 【1345475】，GSD为【"浙江-宁波"】

