2024-09-13 00:22:15 开始第 4261 次操作

2024-09-13 00:22:15 开始操作号码 【1454260】
2024-09-13 00:22:23 GSD getOne 第 1 次 等待 3 秒
2024-09-13 00:22:26 查询号码 【1454260】，返回信息 {"status":"ok","msg":"西藏-拉萨","gid":"80403","time_insert":"2021-06-05 00:19"}
2024-09-13 00:22:26 查询号码 【1454260】，GSD为【"西藏-拉萨"】

2024-09-13 00:22:27 开始第 4262 次操作

2024-09-13 00:22:27 开始操作号码 【1454261】
2024-09-13 00:22:35 GSD getOne 第 1 次 等待 3 秒
2024-09-13 00:22:38 查询号码 【1454261】，返回信息 {"status":"ok","msg":"西藏-拉萨","gid":"80406","time_insert":"2021-06-05 00:23"}
2024-09-13 00:22:38 查询号码 【1454261】，GSD为【"西藏-拉萨"】

2024-09-13 00:22:39 开始第 4263 次操作

2024-09-13 00:22:39 开始操作号码 【1454262】
2024-09-13 00:22:46 GSD getOne 第 1 次 等待 3 秒
2024-09-13 00:22:49 查询号码 【1454262】，返回信息 {"status":"ok","msg":"西藏-日喀则","gid":"80409","time_insert":"2021-06-05 00:27"}
2024-09-13 00:22:50 查询号码 【1454262】，GSD为【"西藏-日喀则"】

2024-09-13 00:22:51 开始第 4264 次操作

2024-09-13 00:22:51 开始操作号码 【1454263】
2024-09-13 00:22:58 GSD getOne 第 1 次 等待 3 秒
2024-09-13 00:23:01 查询号码 【1454263】，返回信息 {"status":"ok","msg":"西藏-山南","gid":"80412","time_insert":"2021-06-05 00:32"}
2024-09-13 00:23:01 查询号码 【1454263】，GSD为【"西藏-山南"】

