2024-12-07 00:26:57 开始第 8357 次操作

2024-12-07 00:26:57 开始操作号码 【1348356】
2024-12-07 00:26:58 GSD getOne 第 1 次 等待 3 秒
2024-12-07 00:27:01 查询号码 【1348356】，返回信息 {"status":"ok","msg":"河北-唐山","gid":"320862","time_insert":"2021-07-19 01:02"}
2024-12-07 00:27:01 查询号码 【1348356】，GSD为【"河北-唐山"】

2024-12-07 00:27:02 开始第 8358 次操作

2024-12-07 00:27:02 开始操作号码 【1348357】
2024-12-07 00:27:03 GSD getOne 第 1 次 等待 3 秒
2024-12-07 00:27:06 查询号码 【1348357】，返回信息 {"status":"ok","msg":"河北-唐山","gid":"320852","time_insert":"2021-07-19 01:02"}
2024-12-07 00:27:06 查询号码 【1348357】，GSD为【"河北-唐山"】

2024-12-07 00:27:07 开始第 8359 次操作

2024-12-07 00:27:07 开始操作号码 【1348358】
2024-12-07 00:27:10 GSD getOne 第 1 次 等待 3 秒
2024-12-07 00:27:13 查询号码 【1348358】，返回信息 {"status":"ok","msg":"河北-秦皇岛","gid":"4919","time_insert":"2014-01-14 12:06","time_update":"2020-08-17 12:36"}
2024-12-07 00:27:13 查询号码 【1348358】，GSD为【"河北-秦皇岛"】

2024-12-07 00:27:14 开始第 8360 次操作

2024-12-07 00:27:14 开始操作号码 【1348359】
2024-12-07 00:27:15 GSD getOne 第 1 次 等待 3 秒
2024-12-07 00:27:18 查询号码 【1348359】，返回信息 {"status":"ok","msg":"河北-邯郸","gid":"320839","time_insert":"2021-07-19 01:00"}
2024-12-07 00:27:18 查询号码 【1348359】，GSD为【"河北-邯郸"】

2024-12-07 00:48:18 开始第 8361 次操作

2024-12-07 00:48:18 开始操作号码 【1348360】
2024-12-07 00:48:19 GSD getOne 第 1 次 等待 3 秒
2024-12-07 00:48:22 查询号码 【1348360】，返回信息 {"status":"ok","msg":"河北-廊坊","gid":"320650","time_insert":"2021-07-19 00:18"}
2024-12-07 00:48:23 查询号码 【1348360】，GSD为【"河北-廊坊"】

2024-12-07 00:48:24 开始第 8362 次操作

2024-12-07 00:48:24 开始操作号码 【1348361】
2024-12-07 00:48:25 GSD getOne 第 1 次 等待 3 秒
2024-12-07 00:48:28 查询号码 【1348361】，返回信息 {"status":"ok","msg":"河北-廊坊","gid":"320645","time_insert":"2021-07-19 00:17"}
2024-12-07 00:48:28 查询号码 【1348361】，GSD为【"河北-廊坊"】

2024-12-07 00:48:29 开始第 8363 次操作

2024-12-07 00:48:29 开始操作号码 【1348362】
2024-12-07 00:48:30 GSD getOne 第 1 次 等待 3 秒
2024-12-07 00:48:33 查询号码 【1348362】，返回信息 {"status":"ok","msg":"河北-廊坊","gid":"320638","time_insert":"2021-07-19 00:17"}
2024-12-07 00:48:33 查询号码 【1348362】，GSD为【"河北-廊坊"】

2024-12-07 00:48:34 开始第 8364 次操作

2024-12-07 00:48:34 开始操作号码 【1348363】
2024-12-07 00:48:35 GSD getOne 第 1 次 等待 3 秒
2024-12-07 00:48:38 查询号码 【1348363】，返回信息 {"status":"ok","msg":"河北-廊坊","gid":"320631","time_insert":"2021-07-19 00:16"}
2024-12-07 00:48:38 查询号码 【1348363】，GSD为【"河北-廊坊"】

