2024-07-15 00:16:46 开始第 6701 次操作

2024-07-15 00:16:46 开始操作号码 【1566607】
2024-07-15 00:16:54 GSD getOne 第 1 次 等待 3 秒
2024-07-15 00:16:57 查询号码 【1566607】，返回信息 {"status":"ok","msg":"山东-济宁","gid":"403423","time_insert":"2021-07-26 16:55"}
2024-07-15 00:16:58 查询号码 【1566607】，GSD为【"山东-济宁"】

2024-07-15 00:16:59 开始第 6702 次操作

2024-07-15 00:16:59 开始操作号码 【1566608】
2024-07-15 00:17:08 GSD getOne 第 1 次 等待 3 秒
2024-07-15 00:17:11 查询号码 【1566608】，返回信息 {"status":"ok","msg":"山东-泰安","gid":"403413","time_insert":"2021-07-26 16:54"}
2024-07-15 00:17:11 查询号码 【1566608】，GSD为【"山东-泰安"】

2024-07-15 00:17:12 开始第 6703 次操作

2024-07-15 00:17:12 开始操作号码 【1566609】
2024-07-15 00:17:20 GSD getOne 第 1 次 等待 3 秒
2024-07-15 00:17:23 查询号码 【1566609】，返回信息 {"status":"ok","msg":"山东-威海","gid":"403402","time_insert":"2021-07-26 16:54"}
2024-07-15 00:17:23 查询号码 【1566609】，GSD为【"山东-威海"】

2024-07-15 00:17:24 开始第 6704 次操作

2024-07-15 00:17:24 开始操作号码 【1566610】
2024-07-15 00:17:35 GSD getOne 第 1 次 等待 3 秒
2024-07-15 00:17:38 查询号码 【1566610】，返回信息 {"status":"ok","msg":"山东-日照","gid":"403394","time_insert":"2021-07-26 16:53"}
2024-07-15 00:17:38 查询号码 【1566610】，GSD为【"山东-日照"】

2024-07-15 00:49:32 开始第 6705 次操作

2024-07-15 00:49:32 开始操作号码 【1566611】
2024-07-15 00:49:42 GSD getOne 第 1 次 等待 3 秒
2024-07-15 00:49:45 查询号码 【1566611】，返回信息 {"status":"ok","msg":"山东-威海","gid":"403382","time_insert":"2021-07-26 16:53"}
2024-07-15 00:49:45 查询号码 【1566611】，GSD为【"山东-威海"】

2024-07-15 00:49:46 开始第 6706 次操作

2024-07-15 00:49:46 开始操作号码 【1566612】
2024-07-15 00:49:54 GSD getOne 第 1 次 等待 3 秒
2024-07-15 00:49:57 查询号码 【1566612】，返回信息 {"status":"ok","msg":"山东-滨州","gid":"403372","time_insert":"2021-07-26 16:52"}
2024-07-15 00:49:57 查询号码 【1566612】，GSD为【"山东-滨州"】

2024-07-15 00:49:58 开始第 6707 次操作

2024-07-15 00:49:58 开始操作号码 【1566613】
2024-07-15 00:50:05 GSD getOne 第 1 次 等待 3 秒
2024-07-15 00:50:08 查询号码 【1566613】，返回信息 {"status":"ok","msg":"山东-青岛","gid":"403363","time_insert":"2021-07-26 16:52"}
2024-07-15 00:50:08 查询号码 【1566613】，GSD为【"山东-青岛"】

2024-07-15 00:50:10 开始第 6708 次操作

2024-07-15 00:50:10 开始操作号码 【1566614】
2024-07-15 00:50:17 GSD getOne 第 1 次 等待 3 秒
2024-07-15 00:50:20 查询号码 【1566614】，返回信息 {"status":"ok","msg":"山东-德州","gid":"403353","time_insert":"2021-07-26 16:51"}
2024-07-15 00:50:20 查询号码 【1566614】，GSD为【"山东-德州"】

2024-07-15 01:10:50 开始第 6709 次操作

2024-07-15 01:10:50 开始操作号码 【1566615】
2024-07-15 01:10:58 GSD getOne 第 1 次 等待 3 秒
2024-07-15 01:11:01 查询号码 【1566615】，返回信息 {"status":"ok","msg":"山东-临沂","gid":"403344","time_insert":"2021-07-26 16:51"}
2024-07-15 01:11:01 查询号码 【1566615】，GSD为【"山东-临沂"】

2024-07-15 01:11:02 开始第 6710 次操作

2024-07-15 01:11:02 开始操作号码 【1566616】
2024-07-15 01:11:10 GSD getOne 第 1 次 等待 3 秒
2024-07-15 01:11:13 查询号码 【1566616】，返回信息 {"status":"ok","msg":"山东-菏泽","gid":"403339","time_insert":"2021-07-26 16:50"}
2024-07-15 01:11:13 查询号码 【1566616】，GSD为【"山东-菏泽"】

2024-07-15 01:11:14 开始第 6711 次操作

2024-07-15 01:11:14 开始操作号码 【1566617】
2024-07-15 01:11:23 GSD getOne 第 1 次 等待 3 秒
2024-07-15 01:11:26 查询号码 【1566617】，返回信息 {"status":"ok","msg":"山东-济宁","gid":"403331","time_insert":"2021-07-26 16:49"}
2024-07-15 01:11:26 查询号码 【1566617】，GSD为【"山东-济宁"】

2024-07-15 01:11:27 开始第 6712 次操作

2024-07-15 01:11:27 开始操作号码 【1566618】
2024-07-15 01:11:35 GSD getOne 第 1 次 等待 3 秒
2024-07-15 01:11:38 查询号码 【1566618】，返回信息 {"status":"ok","msg":"山东-菏泽","gid":"403320","time_insert":"2021-07-26 16:49"}
2024-07-15 01:11:38 查询号码 【1566618】，GSD为【"山东-菏泽"】

