2024-08-19 10:36:37 开始第 1 次操作

2024-08-19 10:36:38 开始操作号码 【1450000】
2024-08-19 10:36:46 GSD getOne 第 1 次 等待 3 秒
2024-08-19 10:36:49 查询号码 【1450000】，返回信息 {"status":"ok","msg":"北京-北京","gid":"63170","time_insert":"2021-05-20 17:40","time_update":"2021-05-20 17:47"}
2024-08-19 10:36:49 查询号码 【1450000】，GSD为【"北京-北京"】

2024-08-19 10:36:50 开始第 2 次操作

2024-08-19 10:36:50 开始操作号码 【1450001】
2024-08-19 10:36:58 GSD getOne 第 1 次 等待 3 秒
2024-08-19 10:37:01 查询号码 【1450001】，返回信息 {"status":"ok","msg":"北京-北京","gid":"63172","time_insert":"2021-05-20 17:48"}
2024-08-19 10:37:01 查询号码 【1450001】，GSD为【"北京-北京"】

2024-08-19 10:37:02 开始第 3 次操作

2024-08-19 10:37:02 开始操作号码 【1450002】
2024-08-19 10:37:10 GSD getOne 第 1 次 等待 3 秒
2024-08-19 10:37:13 查询号码 【1450002】，返回信息 {"status":"ok","msg":"北京-北京","gid":"63179","time_insert":"2021-05-20 17:52"}
2024-08-19 10:37:13 查询号码 【1450002】，GSD为【"北京-北京"】

2024-08-19 10:37:14 开始第 4 次操作

2024-08-19 10:37:14 开始操作号码 【1450003】
2024-08-19 10:37:21 GSD getOne 第 1 次 等待 3 秒
2024-08-19 10:37:24 查询号码 【1450003】，返回信息 {"status":"ok","msg":"北京-北京","gid":"63180","time_insert":"2021-05-20 17:52"}
2024-08-19 10:37:25 查询号码 【1450003】，GSD为【"北京-北京"】

2024-08-19 11:19:15 开始第 5 次操作

2024-08-19 11:19:15 开始操作号码 【1450004】
2024-08-19 11:19:23 GSD getOne 第 1 次 等待 3 秒
2024-08-19 11:19:26 查询号码 【1450004】，返回信息 {"status":"ok","msg":"北京-北京","gid":"63182","time_insert":"2021-05-20 17:56"}
2024-08-19 11:19:26 查询号码 【1450004】，GSD为【"北京-北京"】

2024-08-19 11:19:27 开始第 6 次操作

2024-08-19 11:19:27 开始操作号码 【1450005】
2024-08-19 11:19:35 GSD getOne 第 1 次 等待 3 秒
2024-08-19 11:19:38 查询号码 【1450005】，返回信息 {"status":"ok","msg":"北京-北京","gid":"63184","time_insert":"2021-05-20 18:01"}
2024-08-19 11:19:38 查询号码 【1450005】，GSD为【"北京-北京"】

2024-08-19 11:19:39 开始第 7 次操作

2024-08-19 11:19:39 开始操作号码 【1450006】
2024-08-19 11:19:47 GSD getOne 第 1 次 等待 3 秒
2024-08-19 11:19:50 查询号码 【1450006】，返回信息 {"status":"ok","msg":"北京-北京","gid":"63186","time_insert":"2021-05-20 18:05"}
2024-08-19 11:19:51 查询号码 【1450006】，GSD为【"北京-北京"】

2024-08-19 11:19:52 开始第 8 次操作

2024-08-19 11:19:52 开始操作号码 【1450007】
2024-08-19 11:19:59 GSD getOne 第 1 次 等待 3 秒
2024-08-19 11:20:02 查询号码 【1450007】，返回信息 {"status":"ok","msg":"北京-北京","gid":"63187","time_insert":"2021-05-20 18:08"}
2024-08-19 11:20:02 查询号码 【1450007】，GSD为【"北京-北京"】

