2024-02-22 00:10:11 开始第 5117 次操作

2024-02-22 00:10:11 开始操作号码 【1785026】
2024-02-22 00:10:17 GSD getOne 第 1 次 等待 3 秒
2024-02-22 00:10:20 查询号码 【1785026】，返回信息 {"status":"ok","msg":"福建-漳州","gid":"307252","time_insert":"2021-07-17 21:25"}
2024-02-22 00:10:20 查询号码 【1785026】，GSD为【"福建-漳州"】

2024-02-22 00:10:21 开始第 5118 次操作

2024-02-22 00:10:21 开始操作号码 【1785027】
2024-02-22 00:10:29 GSD getOne 第 1 次 等待 3 秒
2024-02-22 00:10:32 查询号码 【1785027】，返回信息 {"status":"ok","msg":"福建-漳州","gid":"307248","time_insert":"2021-07-17 21:24"}
2024-02-22 00:10:32 查询号码 【1785027】，GSD为【"福建-漳州"】

2024-02-22 00:10:33 开始第 5119 次操作

2024-02-22 00:10:33 开始操作号码 【1785028】
2024-02-22 00:10:39 GSD getOne 第 1 次 等待 3 秒
2024-02-22 00:10:42 查询号码 【1785028】，返回信息 {"status":"ok","msg":"福建-泉州","gid":"307242","time_insert":"2021-07-17 21:23"}
2024-02-22 00:10:42 查询号码 【1785028】，GSD为【"福建-泉州"】

2024-02-22 00:10:43 开始第 5120 次操作

2024-02-22 00:10:43 开始操作号码 【1785029】
2024-02-22 00:10:47 GSD getOne 第 1 次 等待 3 秒
2024-02-22 00:10:50 查询号码 【1785029】，返回信息 {"status":"ok","msg":"福建-泉州","gid":"31626","time_insert":"2018-07-20 15:23","time_update":"2020-09-04 22:03"}
2024-02-22 00:10:50 查询号码 【1785029】，GSD为【"福建-泉州"】

2024-02-22 00:34:54 开始第 5121 次操作

2024-02-22 00:34:54 开始操作号码 【1785030】
2024-02-22 00:35:00 GSD getOne 第 1 次 等待 3 秒
2024-02-22 00:35:03 查询号码 【1785030】，返回信息 {"status":"ok","msg":"福建-龙岩","gid":"307236","time_insert":"2021-07-17 21:22"}
2024-02-22 00:35:03 查询号码 【1785030】，GSD为【"福建-龙岩"】

2024-02-22 00:35:04 开始第 5122 次操作

2024-02-22 00:35:04 开始操作号码 【1785031】
2024-02-22 00:35:09 GSD getOne 第 1 次 等待 3 秒
2024-02-22 00:35:12 查询号码 【1785031】，返回信息 {"status":"ok","msg":"福建-龙岩","gid":"307228","time_insert":"2021-07-17 21:21"}
2024-02-22 00:35:12 查询号码 【1785031】，GSD为【"福建-龙岩"】

2024-02-22 00:35:13 开始第 5123 次操作

2024-02-22 00:35:13 开始操作号码 【1785032】
2024-02-22 00:35:20 GSD getOne 第 1 次 等待 3 秒
2024-02-22 00:35:23 查询号码 【1785032】，返回信息 {"status":"ok","msg":"福建-龙岩","gid":"307222","time_insert":"2021-07-17 21:21","time_update":"2021-08-07 10:38"}
2024-02-22 00:35:23 查询号码 【1785032】，GSD为【"福建-龙岩"】

2024-02-22 00:35:24 开始第 5124 次操作

2024-02-22 00:35:24 开始操作号码 【1785033】
2024-02-22 00:35:29 GSD getOne 第 1 次 等待 3 秒
2024-02-22 00:35:32 查询号码 【1785033】，返回信息 {"status":"ok","msg":"福建-三明","gid":"307210","time_insert":"2021-07-17 21:20"}
2024-02-22 00:35:32 查询号码 【1785033】，GSD为【"福建-三明"】

