2024-08-23 00:24:35 开始第 633 次操作

2024-08-23 00:24:35 开始操作号码 【1450632】
2024-08-23 00:24:44 GSD getOne 第 1 次 等待 3 秒
2024-08-23 00:24:47 查询号码 【1450632】，返回信息 {"status":"ok","msg":"黑龙江-佳木斯","gid":"65789","time_insert":"2021-05-23 16:51"}
2024-08-23 00:24:47 查询号码 【1450632】，GSD为【"黑龙江-佳木斯"】

2024-08-23 00:24:48 开始第 634 次操作

2024-08-23 00:24:48 开始操作号码 【1450633】
2024-08-23 00:24:56 GSD getOne 第 1 次 等待 3 秒
2024-08-23 00:24:59 查询号码 【1450633】，返回信息 {"status":"ok","msg":"黑龙江-佳木斯","gid":"65791","time_insert":"2021-05-23 16:54"}
2024-08-23 00:24:59 查询号码 【1450633】，GSD为【"黑龙江-佳木斯"】

2024-08-23 00:25:00 开始第 635 次操作

2024-08-23 00:25:00 开始操作号码 【1450634】
2024-08-23 00:25:12 GSD getOne 第 1 次 等待 3 秒
2024-08-23 00:25:15 查询号码 【1450634】，返回信息 {"status":"ok","msg":"黑龙江-佳木斯","gid":"65796","time_insert":"2021-05-23 16:58"}
2024-08-23 00:25:15 查询号码 【1450634】，GSD为【"黑龙江-佳木斯"】

2024-08-23 00:25:16 开始第 636 次操作

2024-08-23 00:25:16 开始操作号码 【1450635】
2024-08-23 00:25:24 GSD getOne 第 1 次 等待 3 秒
2024-08-23 00:25:27 查询号码 【1450635】，返回信息 {"status":"ok","msg":"黑龙江-绥化","gid":"65798","time_insert":"2021-05-23 17:01"}
2024-08-23 00:25:27 查询号码 【1450635】，GSD为【"黑龙江-绥化"】

