2021-07-07 00:00:40 开始第 7 次操作

2021-07-07 00:00:40 开始操作号码 【1737497】
2021-07-07 00:00:45 GSD getOne 第 1 次 等待 1 秒
2021-07-07 00:00:46 查询号码 【1737497】，返回信息 {"status":"bad","msg":""}
2021-07-07 00:00:46 查询号码 【1737497】，GSD为【""】
2021-07-07 00:00:46 bad
2021-07-07 00:00:48 CHB 1737497?1625587246 第 1 次 等待 1 秒
2021-07-07 00:00:49 CHB 1737497?1625587246 第 1 次 获取到号码【1737497】GSD
2021-07-07 00:00:49 获取到号码【1737497】的GSD为【四川-绵阳】
2021-07-07 00:01:10 GSD insert 第 1 次 等待 1 秒
2021-07-07 00:01:11 {"status":"ok","msg":"添加成功！210004"}
2021-07-07 00:01:11 下次操作: 2021-07-07 00:01:19

2021-07-07 00:01:19 开始第 8 次操作

2021-07-07 00:01:19 开始操作号码 【1737498】
2021-07-07 00:01:30 GSD getOne 第 1 次 等待 1 秒
2021-07-07 00:01:31 查询号码 【1737498】，返回信息 {"status":"ok","msg":"四川-绵阳","time_insert":"2018-11-01 10:10","time_update":"2020-10-29 01:42"}
2021-07-07 00:01:31 查询号码 【1737498】，GSD为【"四川-绵阳"】

2021-07-07 00:01:31 开始第 8 次操作

2021-07-07 00:01:31 开始操作号码 【1737499】
2021-07-07 00:01:50 GSD getOne 第 1 次 等待 1 秒
2021-07-07 00:01:51 查询号码 【1737499】，返回信息 {"status":"bad","msg":""}
2021-07-07 00:01:52 查询号码 【1737499】，GSD为【""】
2021-07-07 00:01:52 bad
2021-07-07 00:01:54 CHB 1737499?1625587312 第 1 次 等待 1 秒
2021-07-07 00:01:55 CHB 1737499?1625587312 第 1 次 获取到号码【1737499】GSD
2021-07-07 00:01:55 获取到号码【1737499】的GSD为【四川-南充】
2021-07-07 00:02:14 GSD insert 第 1 次 等待 1 秒
2021-07-07 00:02:15 {"status":"ok","msg":"添加成功！210014"}
2021-07-07 00:02:15 下次操作: 2021-07-07 00:02:26

2021-07-07 00:02:26 开始第 9 次操作

2021-07-07 00:02:26 开始操作号码 【1737500】
2021-07-07 00:02:41 GSD getOne 第 1 次 等待 1 秒
2021-07-07 00:02:42 查询号码 【1737500】，返回信息 {"status":"bad","msg":""}
2021-07-07 00:02:42 查询号码 【1737500】，GSD为【""】
2021-07-07 00:02:42 bad
2021-07-07 00:02:44 CHB 1737500?1625587362 第 1 次 等待 1 秒
2021-07-07 00:02:45 CHB 1737500?1625587362 第 1 次 获取到号码【1737500】GSD
2021-07-07 00:02:45 获取到号码【1737500】的GSD为【安徽-马鞍山】
2021-07-07 00:03:05 GSD insert 第 1 次 等待 1 秒
2021-07-07 00:03:06 {"status":"ok","msg":"添加成功！210019"}
2021-07-07 00:03:06 下次操作: 2021-07-07 00:03:18

2021-07-07 00:03:18 开始第 10 次操作

2021-07-07 00:03:18 开始操作号码 【1737501】
2021-07-07 00:03:25 GSD getOne 第 1 次 等待 1 秒
2021-07-07 00:03:26 查询号码 【1737501】，返回信息 {"status":"bad","msg":""}
2021-07-07 00:03:26 查询号码 【1737501】，GSD为【""】
2021-07-07 00:03:26 bad
2021-07-07 00:03:28 CHB 1737501?1625587406 第 1 次 等待 1 秒
2021-07-07 00:03:29 CHB 1737501?1625587406 第 1 次 获取到号码【1737501】GSD
2021-07-07 00:03:29 获取到号码【1737501】的GSD为【安徽-马鞍山】
2021-07-07 00:03:49 GSD insert 第 1 次 等待 1 秒
2021-07-07 00:03:50 {"status":"ok","msg":"添加成功！210026"}
2021-07-07 00:03:50 下次操作: 2021-07-07 00:04:08

2021-07-07 00:04:08 开始第 11 次操作

2021-07-07 00:04:08 开始操作号码 【1737502】
2021-07-07 00:04:16 GSD getOne 第 1 次 等待 1 秒
2021-07-07 00:04:17 查询号码 【1737502】，返回信息 {"status":"bad","msg":""}
2021-07-07 00:04:17 查询号码 【1737502】，GSD为【""】
2021-07-07 00:04:17 bad
2021-07-07 00:04:22 CHB 1737502?1625587457 第 1 次 等待 1 秒
2021-07-07 00:04:23 CHB 1737502?1625587457 第 1 次 获取到号码【1737502】GSD
2021-07-07 00:04:23 获取到号码【1737502】的GSD为【安徽-马鞍山】
2021-07-07 00:04:43 GSD insert 第 1 次 等待 1 秒
2021-07-07 00:04:44 {"status":"ok","msg":"添加成功！210035"}
2021-07-07 00:04:44 下次操作: 2021-07-07 00:04:56

2021-07-07 00:04:56 开始第 12 次操作

2021-07-07 00:04:56 开始操作号码 【1737503】
2021-07-07 00:05:02 GSD getOne 第 1 次 等待 1 秒
2021-07-07 00:05:03 查询号码 【1737503】，返回信息 {"status":"bad","msg":""}
2021-07-07 00:05:03 查询号码 【1737503】，GSD为【""】
2021-07-07 00:05:03 bad
2021-07-07 00:05:08 CHB 1737503?1625587503 第 1 次 等待 1 秒
2021-07-07 00:05:09 CHB 1737503?1625587503 第 1 次 获取到号码【1737503】GSD
2021-07-07 00:05:09 获取到号码【1737503】的GSD为【安徽-马鞍山】
2021-07-07 00:05:28 GSD insert 第 1 次 等待 1 秒
2021-07-07 00:05:29 {"status":"ok","msg":"添加成功！210042"}
2021-07-07 00:05:29 下次操作: 2021-07-07 00:05:36

2021-07-07 00:05:36 开始第 13 次操作

2021-07-07 00:05:36 开始操作号码 【1737504】
2021-07-07 00:05:56 GSD getOne 第 1 次 等待 1 秒
2021-07-07 00:05:57 查询号码 【1737504】，返回信息 {"status":"bad","msg":""}
2021-07-07 00:05:57 查询号码 【1737504】，GSD为【""】
2021-07-07 00:05:57 bad
2021-07-07 00:05:59 CHB 1737504?1625587557 第 1 次 等待 1 秒
2021-07-07 00:06:00 CHB 1737504?1625587557 第 1 次 获取到号码【1737504】GSD
2021-07-07 00:06:01 获取到号码【1737504】的GSD为【安徽-马鞍山】
2021-07-07 00:06:22 GSD insert 第 1 次 等待 1 秒
2021-07-07 00:06:23 {"status":"ok","msg":"添加成功！210054"}
2021-07-07 00:06:23 下次操作: 2021-07-07 00:06:30

2021-07-07 00:06:30 开始第 14 次操作

2021-07-07 00:06:30 开始操作号码 【1737505】
2021-07-07 00:07:09 GSD getOne 第 1 次 等待 1 秒
2021-07-07 00:07:10 查询号码 【1737505】，返回信息 {"status":"bad","msg":""}
2021-07-07 00:07:10 查询号码 【1737505】，GSD为【""】
2021-07-07 00:07:10 bad
2021-07-07 00:07:12 CHB 1737505?1625587630 第 1 次 等待 1 秒
2021-07-07 00:07:13 CHB 1737505?1625587630 第 1 次 获取到号码【1737505】GSD
2021-07-07 00:07:13 获取到号码【1737505】的GSD为【安徽-马鞍山】
2021-07-07 00:07:32 GSD insert 第 1 次 等待 1 秒
2021-07-07 00:07:33 {"status":"ok","msg":"添加成功！210066"}
2021-07-07 00:07:33 下次操作: 2021-07-07 00:07:40

2021-07-07 00:07:40 开始第 15 次操作

2021-07-07 00:07:40 开始操作号码 【1737506】
2021-07-07 00:08:00 GSD getOne 第 1 次 等待 1 秒
2021-07-07 00:08:01 查询号码 【1737506】，返回信息 {"status":"bad","msg":""}
2021-07-07 00:08:01 查询号码 【1737506】，GSD为【""】
2021-07-07 00:08:01 bad
2021-07-07 00:08:03 CHB 1737506?1625587681 第 1 次 等待 1 秒
2021-07-07 00:08:04 CHB 1737506?1625587681 第 1 次 获取到号码【1737506】GSD
2021-07-07 00:08:04 获取到号码【1737506】的GSD为【安徽-马鞍山】
2021-07-07 00:08:24 GSD insert 第 1 次 等待 1 秒
2021-07-07 00:08:25 {"status":"ok","msg":"添加成功！210073"}
2021-07-07 00:08:25 下次操作: 2021-07-07 00:08:37

2021-07-07 00:08:37 开始第 16 次操作

2021-07-07 00:08:37 开始操作号码 【1737507】
2021-07-07 00:08:45 GSD getOne 第 1 次 等待 1 秒
2021-07-07 00:08:46 查询号码 【1737507】，返回信息 {"status":"bad","msg":""}
2021-07-07 00:08:46 查询号码 【1737507】，GSD为【""】
2021-07-07 00:08:46 bad
2021-07-07 00:08:52 CHB 1737507?1625587726 第 1 次 等待 1 秒
2021-07-07 00:08:53 CHB 1737507?1625587726 第 1 次 获取到号码【1737507】GSD
2021-07-07 00:08:53 获取到号码【1737507】的GSD为【安徽-马鞍山】
2021-07-07 00:09:12 GSD insert 第 1 次 等待 1 秒
2021-07-07 00:09:13 {"status":"ok","msg":"添加成功！210083"}
2021-07-07 00:09:14 下次操作: 2021-07-07 00:09:24

2021-07-07 00:09:24 开始第 17 次操作

2021-07-07 00:09:24 开始操作号码 【1737508】
2021-07-07 00:09:40 GSD getOne 第 1 次 等待 1 秒
2021-07-07 00:09:41 查询号码 【1737508】，返回信息 {"status":"bad","msg":""}
2021-07-07 00:09:41 查询号码 【1737508】，GSD为【""】
2021-07-07 00:09:41 bad
2021-07-07 00:09:45 CHB 1737508?1625587781 第 1 次 等待 1 秒
2021-07-07 00:09:46 CHB 1737508?1625587781 第 1 次 获取到号码【1737508】GSD
2021-07-07 00:09:46 获取到号码【1737508】的GSD为【安徽-马鞍山】
2021-07-07 00:10:05 GSD insert 第 1 次 等待 1 秒
2021-07-07 00:10:06 {"status":"ok","msg":"添加成功！210092"}
2021-07-07 00:10:06 下次操作: 2021-07-07 00:10:24

2021-07-07 00:10:24 开始第 18 次操作

2021-07-07 00:10:24 开始操作号码 【1737509】
2021-07-07 00:10:33 GSD getOne 第 1 次 等待 1 秒
2021-07-07 00:10:34 查询号码 【1737509】，返回信息 {"status":"bad","msg":""}
2021-07-07 00:10:34 查询号码 【1737509】，GSD为【""】
2021-07-07 00:10:34 bad
2021-07-07 00:10:38 CHB 1737509?1625587834 第 1 次 等待 1 秒
2021-07-07 00:10:39 CHB 1737509?1625587834 第 1 次 获取到号码【1737509】GSD
2021-07-07 00:10:39 获取到号码【1737509】的GSD为【安徽-马鞍山】
2021-07-07 00:10:58 GSD insert 第 1 次 等待 1 秒
2021-07-07 00:10:59 {"status":"ok","msg":"添加成功！210102"}
2021-07-07 00:10:59 下次操作: 2021-07-07 00:11:13

2021-07-07 00:11:13 开始第 19 次操作

2021-07-07 00:11:13 开始操作号码 【1737510】
2021-07-07 00:11:22 GSD getOne 第 1 次 等待 1 秒
2021-07-07 00:11:23 查询号码 【1737510】，返回信息 {"status":"bad","msg":""}
2021-07-07 00:11:23 查询号码 【1737510】，GSD为【""】
2021-07-07 00:11:23 bad
2021-07-07 00:11:25 CHB 1737510?1625587883 第 1 次 等待 1 秒
2021-07-07 00:11:26 CHB 1737510?1625587883 第 1 次 获取到号码【1737510】GSD
2021-07-07 00:11:26 获取到号码【1737510】的GSD为【湖南-郴州】
2021-07-07 00:11:45 GSD insert 第 1 次 等待 1 秒
2021-07-07 00:11:46 {"status":"ok","msg":"添加成功！210108"}
2021-07-07 00:11:46 下次操作: 2021-07-07 00:11:54

2021-07-07 00:11:54 开始第 20 次操作

2021-07-07 00:11:54 开始操作号码 【1737511】
2021-07-07 00:12:08 GSD getOne 第 1 次 等待 1 秒
2021-07-07 00:12:09 查询号码 【1737511】，返回信息 {"status":"bad","msg":""}
2021-07-07 00:12:09 查询号码 【1737511】，GSD为【""】
2021-07-07 00:12:09 bad
2021-07-07 00:12:26 CHB 1737511?1625587929 第 1 次 等待 1 秒
2021-07-07 00:12:27 CHB 1737511?1625587929 第 1 次 获取到号码【1737511】GSD
2021-07-07 00:12:27 获取到号码【1737511】的GSD为【湖南-郴州】
2021-07-07 00:12:38 GSD insert 第 1 次 等待 1 秒
2021-07-07 00:12:39 {"status":"ok","msg":"添加成功！210113"}
2021-07-07 00:12:39 下次操作: 2021-07-07 00:12:55

2021-07-07 00:12:55 开始第 21 次操作

2021-07-07 00:12:55 开始操作号码 【1737512】
2021-07-07 00:12:59 GSD getOne 第 1 次 等待 1 秒
2021-07-07 00:13:00 查询号码 【1737512】，返回信息 {"status":"bad","msg":""}
2021-07-07 00:13:01 查询号码 【1737512】，GSD为【""】
2021-07-07 00:13:01 bad
2021-07-07 00:13:04 CHB 1737512?1625587981 第 1 次 等待 1 秒
2021-07-07 00:13:05 CHB 1737512?1625587981 第 1 次 获取到号码【1737512】GSD
2021-07-07 00:13:05 获取到号码【1737512】的GSD为【湖南-郴州】
2021-07-07 00:13:50 GSD insert 第 1 次 等待 1 秒
2021-07-07 00:13:51 {"status":"ok","msg":"添加成功！210118"}
2021-07-07 00:13:51 下次操作: 2021-07-07 00:14:01

2021-07-07 00:14:01 开始第 22 次操作

2021-07-07 00:14:01 开始操作号码 【1737513】
2021-07-07 00:14:12 GSD getOne 第 1 次 等待 1 秒
2021-07-07 00:14:13 查询号码 【1737513】，返回信息 {"status":"bad","msg":""}
2021-07-07 00:14:13 查询号码 【1737513】，GSD为【""】
2021-07-07 00:14:13 bad
2021-07-07 00:14:16 CHB 1737513?1625588053 第 1 次 等待 1 秒
2021-07-07 00:14:17 CHB 1737513?1625588053 第 1 次 获取到号码【1737513】GSD
2021-07-07 00:14:17 获取到号码【1737513】的GSD为【湖南-郴州】
2021-07-07 00:14:43 GSD insert 第 1 次 等待 1 秒
2021-07-07 00:14:44 {"status":"ok","msg":"添加成功！210123"}
2021-07-07 00:14:44 下次操作: 2021-07-07 00:14:53

2021-07-07 00:14:53 开始第 23 次操作

2021-07-07 00:14:53 开始操作号码 【1737514】
2021-07-07 00:15:13 GSD getOne 第 1 次 等待 1 秒
2021-07-07 00:15:14 查询号码 【1737514】，返回信息 {"status":"bad","msg":""}
2021-07-07 00:15:14 查询号码 【1737514】，GSD为【""】
2021-07-07 00:15:14 bad
2021-07-07 00:15:16 CHB 1737514?1625588114 第 1 次 等待 1 秒
2021-07-07 00:15:17 CHB 1737514?1625588114 第 1 次 获取到号码【1737514】GSD
2021-07-07 00:15:17 获取到号码【1737514】的GSD为【湖南-郴州】
2021-07-07 00:15:39 GSD insert 第 1 次 等待 1 秒
2021-07-07 00:15:40 {"status":"ok","msg":"添加成功！210131"}
2021-07-07 00:15:40 下次操作: 2021-07-07 00:15:55

2021-07-07 00:15:55 开始第 24 次操作

2021-07-07 00:15:55 开始操作号码 【1737515】
2021-07-07 00:15:59 GSD getOne 第 1 次 等待 1 秒
2021-07-07 00:16:00 查询号码 【1737515】，返回信息 {"status":"bad","msg":""}
2021-07-07 00:16:00 查询号码 【1737515】，GSD为【""】
2021-07-07 00:16:00 bad
2021-07-07 00:16:03 CHB 1737515?1625588160 第 1 次 等待 1 秒
2021-07-07 00:16:04 CHB 1737515?1625588160 第 1 次 获取到号码【1737515】GSD
2021-07-07 00:16:04 获取到号码【1737515】的GSD为【湖南-郴州】
2021-07-07 00:16:23 GSD insert 第 1 次 等待 1 秒
2021-07-07 00:16:24 {"status":"ok","msg":"添加成功！210135"}
2021-07-07 00:16:25 下次操作: 2021-07-07 00:16:31

2021-07-07 00:16:31 开始第 25 次操作

2021-07-07 00:16:31 开始操作号码 【1737516】
2021-07-07 00:16:50 GSD getOne 第 1 次 等待 1 秒
2021-07-07 00:16:51 查询号码 【1737516】，返回信息 {"status":"bad","msg":""}
2021-07-07 00:16:51 查询号码 【1737516】，GSD为【""】
2021-07-07 00:16:51 bad
2021-07-07 00:16:53 CHB 1737516?1625588211 第 1 次 等待 1 秒
2021-07-07 00:16:54 CHB 1737516?1625588211 第 1 次 获取到号码【1737516】GSD
2021-07-07 00:16:54 获取到号码【1737516】的GSD为【湖南-郴州】
2021-07-07 00:17:14 GSD insert 第 1 次 等待 1 秒
2021-07-07 00:17:15 {"status":"ok","msg":"添加成功！210141"}
2021-07-07 00:17:15 下次操作: 2021-07-07 00:17:21

2021-07-07 00:17:21 开始第 26 次操作

2021-07-07 00:17:21 开始操作号码 【1737517】
2021-07-07 00:17:40 GSD getOne 第 1 次 等待 1 秒
2021-07-07 00:17:41 查询号码 【1737517】，返回信息 {"status":"bad","msg":""}
2021-07-07 00:17:41 查询号码 【1737517】，GSD为【""】
2021-07-07 00:17:41 bad
2021-07-07 00:17:46 CHB 1737517?1625588261 第 1 次 等待 1 秒
2021-07-07 00:17:47 CHB 1737517?1625588261 第 1 次 获取到号码【1737517】GSD
2021-07-07 00:17:47 获取到号码【1737517】的GSD为【湖南-郴州】
2021-07-07 00:18:09 GSD insert 第 1 次 等待 1 秒
2021-07-07 00:18:10 {"status":"ok","msg":"添加成功！210148"}
2021-07-07 00:18:10 下次操作: 2021-07-07 00:18:25

2021-07-07 00:18:25 开始第 27 次操作

2021-07-07 00:18:25 开始操作号码 【1737518】
2021-07-07 00:18:29 GSD getOne 第 1 次 等待 1 秒
2021-07-07 00:18:30 查询号码 【1737518】，返回信息 {"status":"bad","msg":""}
2021-07-07 00:18:30 查询号码 【1737518】，GSD为【""】
2021-07-07 00:18:30 bad
2021-07-07 00:18:32 CHB 1737518?1625588310 第 1 次 等待 1 秒
2021-07-07 00:18:33 CHB 1737518?1625588310 第 1 次 获取到号码【1737518】GSD
2021-07-07 00:18:33 获取到号码【1737518】的GSD为【湖南-郴州】
2021-07-07 00:18:55 GSD insert 第 1 次 等待 1 秒
2021-07-07 00:18:56 {"status":"ok","msg":"添加成功！210154"}
2021-07-07 00:18:56 下次操作: 2021-07-07 00:19:05

2021-07-07 00:19:05 开始第 28 次操作

2021-07-07 00:19:05 开始操作号码 【1737519】
2021-07-07 00:19:18 GSD getOne 第 1 次 等待 1 秒
2021-07-07 00:19:19 查询号码 【1737519】，返回信息 {"status":"bad","msg":""}
2021-07-07 00:19:19 查询号码 【1737519】，GSD为【""】
2021-07-07 00:19:19 bad
2021-07-07 00:19:21 CHB 1737519?1625588359 第 1 次 等待 1 秒
2021-07-07 00:19:22 CHB 1737519?1625588359 第 1 次 获取到号码【1737519】GSD
2021-07-07 00:19:22 获取到号码【1737519】的GSD为【湖南-郴州】
2021-07-07 00:19:43 GSD insert 第 1 次 等待 1 秒
2021-07-07 00:19:44 {"status":"ok","msg":"添加成功！210160"}
2021-07-07 00:19:44 下次操作: 2021-07-07 00:19:52

2021-07-07 00:19:52 开始第 29 次操作

2021-07-07 00:19:52 开始操作号码 【1737520】
2021-07-07 00:20:05 GSD getOne 第 1 次 等待 1 秒
2021-07-07 00:20:06 查询号码 【1737520】，返回信息 {"status":"bad","msg":""}
2021-07-07 00:20:06 查询号码 【1737520】，GSD为【""】
2021-07-07 00:20:06 bad
2021-07-07 00:20:08 CHB 1737520?1625588406 第 1 次 等待 1 秒
2021-07-07 00:20:09 CHB 1737520?1625588406 第 1 次 获取到号码【1737520】GSD
2021-07-07 00:20:09 获取到号码【1737520】的GSD为【安徽-蚌埠】
2021-07-07 00:20:28 GSD insert 第 1 次 等待 1 秒
2021-07-07 00:20:29 {"status":"ok","msg":"添加成功！210164"}
2021-07-07 00:20:29 下次操作: 2021-07-07 00:20:40

2021-07-07 00:20:40 开始第 30 次操作

2021-07-07 00:20:40 开始操作号码 【1737521】
2021-07-07 00:20:51 GSD getOne 第 1 次 等待 1 秒
2021-07-07 00:20:52 查询号码 【1737521】，返回信息 {"status":"bad","msg":""}
2021-07-07 00:20:52 查询号码 【1737521】，GSD为【""】
2021-07-07 00:20:52 bad
2021-07-07 00:20:54 CHB 1737521?1625588452 第 1 次 等待 1 秒
2021-07-07 00:20:55 CHB 1737521?1625588452 第 1 次 获取到号码【1737521】GSD
2021-07-07 00:20:56 获取到号码【1737521】的GSD为【安徽-蚌埠】
2021-07-07 00:21:19 GSD insert 第 1 次 等待 1 秒
2021-07-07 00:21:20 {"status":"ok","msg":"添加成功！210170"}

2021-07-07 01:34:15 开始第 1 次操作

2021-07-07 01:34:16 开始操作号码 【1737522】
2021-07-07 01:34:20 GSD getOne 第 1 次 等待 1 秒
2021-07-07 01:34:21 查询号码 【1737522】，返回信息 {"status":"bad","msg":""}
2021-07-07 01:34:21 查询号码 【1737522】，GSD为【""】
2021-07-07 01:34:21 bad
2021-07-07 01:34:23 CHB 1737522?1625592861 第 1 次 等待 1 秒
2021-07-07 01:34:24 CHB 1737522?1625592861 第 1 次 获取到号码【1737522】GSD
2021-07-07 01:34:24 获取到号码【1737522】的GSD为【安徽-蚌埠】
2021-07-07 01:34:43 GSD insert 第 1 次 等待 1 秒
2021-07-07 01:34:44 {"status":"ok","msg":"添加成功！210457"}
2021-07-07 01:34:44 下次操作: 2021-07-07 01:34:51

2021-07-07 01:34:51 开始第 2 次操作

2021-07-07 01:34:51 开始操作号码 【1737523】
2021-07-07 01:35:12 GSD getOne 第 1 次 等待 1 秒
2021-07-07 01:35:13 查询号码 【1737523】，返回信息 {"status":"bad","msg":""}
2021-07-07 01:35:13 查询号码 【1737523】，GSD为【""】
2021-07-07 01:35:13 bad
2021-07-07 01:35:14 CHB 1737523?1625592913 第 1 次 等待 1 秒
2021-07-07 01:35:15 CHB 1737523?1625592913 第 1 次 获取到号码【1737523】GSD
2021-07-07 01:35:16 获取到号码【1737523】的GSD为【安徽-蚌埠】
2021-07-07 01:35:43 GSD insert 第 1 次 等待 1 秒
2021-07-07 01:35:44 {"status":"ok","msg":"添加成功！210463"}
2021-07-07 01:35:44 下次操作: 2021-07-07 01:35:53

2021-07-07 01:35:53 开始第 3 次操作

2021-07-07 01:35:53 开始操作号码 【1737524】
2021-07-07 01:36:07 GSD getOne 第 1 次 等待 1 秒
2021-07-07 01:36:08 查询号码 【1737524】，返回信息 {"status":"bad","msg":""}
2021-07-07 01:36:08 查询号码 【1737524】，GSD为【""】
2021-07-07 01:36:08 bad
2021-07-07 01:36:10 CHB 1737524?1625592968 第 1 次 等待 1 秒
2021-07-07 01:36:11 CHB 1737524?1625592968 第 1 次 获取到号码【1737524】GSD
2021-07-07 01:36:11 获取到号码【1737524】的GSD为【安徽-蚌埠】
2021-07-07 01:36:31 GSD insert 第 1 次 等待 1 秒
2021-07-07 01:36:32 {"status":"ok","msg":"添加成功！210468"}
2021-07-07 01:36:32 下次操作: 2021-07-07 01:36:41

2021-07-07 01:36:41 开始第 4 次操作

2021-07-07 01:36:41 开始操作号码 【1737525】
2021-07-07 01:36:52 GSD getOne 第 1 次 等待 1 秒
2021-07-07 01:36:53 查询号码 【1737525】，返回信息 {"status":"bad","msg":""}
2021-07-07 01:36:53 查询号码 【1737525】，GSD为【""】
2021-07-07 01:36:53 bad
2021-07-07 01:36:55 CHB 1737525?1625593013 第 1 次 等待 1 秒
2021-07-07 01:36:56 CHB 1737525?1625593013 第 1 次 获取到号码【1737525】GSD
2021-07-07 01:36:56 获取到号码【1737525】的GSD为【安徽-蚌埠】
2021-07-07 01:37:16 GSD insert 第 1 次 等待 1 秒
2021-07-07 01:37:17 {"status":"ok","msg":"添加成功！210473"}
2021-07-07 01:37:17 下次操作: 2021-07-07 01:37:34

2021-07-07 01:37:34 开始第 5 次操作

2021-07-07 01:37:34 开始操作号码 【1737526】
2021-07-07 01:37:38 GSD getOne 第 1 次 等待 1 秒
2021-07-07 01:37:39 查询号码 【1737526】，返回信息 {"status":"bad","msg":""}
2021-07-07 01:37:39 查询号码 【1737526】，GSD为【""】
2021-07-07 01:37:39 bad
2021-07-07 01:37:41 CHB 1737526?1625593059 第 1 次 等待 1 秒
2021-07-07 01:37:42 CHB 1737526?1625593059 第 1 次 获取到号码【1737526】GSD
2021-07-07 01:37:42 获取到号码【1737526】的GSD为【安徽-蚌埠】
2021-07-07 01:38:02 GSD insert 第 1 次 等待 1 秒
2021-07-07 01:38:03 {"status":"ok","msg":"添加成功！210479"}
2021-07-07 01:38:03 下次操作: 2021-07-07 01:38:21

2021-07-07 01:38:21 开始第 6 次操作

2021-07-07 01:38:21 开始操作号码 【1737527】
2021-07-07 01:38:24 GSD getOne 第 1 次 等待 1 秒
2021-07-07 01:38:25 查询号码 【1737527】，返回信息 {"status":"bad","msg":""}
2021-07-07 01:38:26 查询号码 【1737527】，GSD为【""】
2021-07-07 01:38:26 bad
2021-07-07 01:38:27 CHB 1737527?1625593106 第 1 次 等待 1 秒
2021-07-07 01:38:28 CHB 1737527?1625593106 第 1 次 获取到号码【1737527】GSD
2021-07-07 01:38:28 获取到号码【1737527】的GSD为【安徽-蚌埠】
2021-07-07 01:38:47 GSD insert 第 1 次 等待 1 秒
2021-07-07 01:38:48 {"status":"ok","msg":"添加成功！210484"}
2021-07-07 01:38:48 下次操作: 2021-07-07 01:39:05

2021-07-07 01:39:05 开始第 7 次操作

2021-07-07 01:39:05 开始操作号码 【1737528】
2021-07-07 01:39:09 GSD getOne 第 1 次 等待 1 秒
2021-07-07 01:39:10 查询号码 【1737528】，返回信息 {"status":"bad","msg":""}
2021-07-07 01:39:10 查询号码 【1737528】，GSD为【""】
2021-07-07 01:39:10 bad
2021-07-07 01:39:12 CHB 1737528?1625593150 第 1 次 等待 1 秒
2021-07-07 01:39:13 CHB 1737528?1625593150 第 1 次 获取到号码【1737528】GSD
2021-07-07 01:39:13 获取到号码【1737528】的GSD为【安徽-蚌埠】
2021-07-07 01:39:33 GSD insert 第 1 次 等待 1 秒
2021-07-07 01:39:34 {"status":"ok","msg":"添加成功！210491"}
2021-07-07 01:39:34 下次操作: 2021-07-07 01:39:43

2021-07-07 01:39:43 开始第 8 次操作

2021-07-07 01:39:43 开始操作号码 【1737529】
2021-07-07 01:39:54 GSD getOne 第 1 次 等待 1 秒
2021-07-07 01:39:55 查询号码 【1737529】，返回信息 {"status":"bad","msg":""}
2021-07-07 01:39:55 查询号码 【1737529】，GSD为【""】
2021-07-07 01:39:55 bad
2021-07-07 01:39:56 CHB 1737529?1625593195 第 1 次 等待 1 秒
2021-07-07 01:39:57 CHB 1737529?1625593195 第 1 次 获取到号码【1737529】GSD
2021-07-07 01:39:58 获取到号码【1737529】的GSD为【安徽-蚌埠】
2021-07-07 01:40:17 GSD insert 第 1 次 等待 1 秒
2021-07-07 01:40:18 {"status":"ok","msg":"添加成功！210497"}
2021-07-07 01:40:18 下次操作: 2021-07-07 01:40:30

2021-07-07 01:40:30 开始第 9 次操作

2021-07-07 01:40:30 开始操作号码 【1737530】
2021-07-07 01:40:36 GSD getOne 第 1 次 等待 1 秒
2021-07-07 01:40:37 查询号码 【1737530】，返回信息 {"status":"bad","msg":""}
2021-07-07 01:40:38 查询号码 【1737530】，GSD为【""】
2021-07-07 01:40:38 bad
2021-07-07 01:40:39 CHB 1737530?1625593238 第 1 次 等待 1 秒
2021-07-07 01:40:40 CHB 1737530?1625593238 第 1 次 获取到号码【1737530】GSD
2021-07-07 01:40:40 获取到号码【1737530】的GSD为【安徽-滁州】
2021-07-07 01:41:00 GSD insert 第 1 次 等待 1 秒
2021-07-07 01:41:01 {"status":"ok","msg":"添加成功！210504"}
2021-07-07 01:41:01 下次操作: 2021-07-07 01:41:13

2021-07-07 01:41:13 开始第 10 次操作

2021-07-07 01:41:13 开始操作号码 【1737531】
2021-07-07 01:41:19 GSD getOne 第 1 次 等待 1 秒
2021-07-07 01:41:20 查询号码 【1737531】，返回信息 {"status":"bad","msg":""}
2021-07-07 01:41:21 查询号码 【1737531】，GSD为【""】
2021-07-07 01:41:21 bad
2021-07-07 01:41:22 CHB 1737531?1625593281 第 1 次 等待 1 秒
2021-07-07 01:41:23 CHB 1737531?1625593281 第 1 次 获取到号码【1737531】GSD
2021-07-07 01:41:23 获取到号码【1737531】的GSD为【安徽-滁州】
2021-07-07 01:41:43 GSD insert 第 1 次 等待 1 秒
2021-07-07 01:41:44 {"status":"ok","msg":"添加成功！210512"}
2021-07-07 01:41:44 下次操作: 2021-07-07 01:42:00

2021-07-07 01:42:00 开始第 11 次操作

2021-07-07 01:42:00 开始操作号码 【1737532】
2021-07-07 01:42:04 GSD getOne 第 1 次 等待 1 秒
2021-07-07 01:42:05 查询号码 【1737532】，返回信息 {"status":"bad","msg":""}
2021-07-07 01:42:05 查询号码 【1737532】，GSD为【""】
2021-07-07 01:42:05 bad
2021-07-07 01:42:06 CHB 1737532?1625593325 第 1 次 等待 1 秒
2021-07-07 01:42:07 CHB 1737532?1625593325 第 1 次 获取到号码【1737532】GSD
2021-07-07 01:42:08 获取到号码【1737532】的GSD为【安徽-滁州】
2021-07-07 01:42:28 GSD insert 第 1 次 等待 1 秒
2021-07-07 01:42:29 {"status":"ok","msg":"添加成功！210518"}
2021-07-07 01:42:29 下次操作: 2021-07-07 01:42:44

2021-07-07 01:42:44 开始第 12 次操作

2021-07-07 01:42:44 开始操作号码 【1737533】
2021-07-07 01:42:49 GSD getOne 第 1 次 等待 1 秒
2021-07-07 01:42:50 查询号码 【1737533】，返回信息 {"status":"bad","msg":""}
2021-07-07 01:42:50 查询号码 【1737533】，GSD为【""】
2021-07-07 01:42:50 bad
2021-07-07 01:42:52 CHB 1737533?1625593370 第 1 次 等待 1 秒
2021-07-07 01:42:53 CHB 1737533?1625593370 第 1 次 获取到号码【1737533】GSD
2021-07-07 01:42:53 获取到号码【1737533】的GSD为【安徽-滁州】
2021-07-07 01:43:12 GSD insert 第 1 次 等待 1 秒
2021-07-07 01:43:13 {"status":"ok","msg":"添加成功！210527"}
2021-07-07 01:43:13 下次操作: 2021-07-07 01:43:26

2021-07-07 01:43:26 开始第 13 次操作

2021-07-07 01:43:26 开始操作号码 【1737534】
2021-07-07 01:43:33 GSD getOne 第 1 次 等待 1 秒
2021-07-07 01:43:34 查询号码 【1737534】，返回信息 {"status":"bad","msg":""}
2021-07-07 01:43:34 查询号码 【1737534】，GSD为【""】
2021-07-07 01:43:34 bad
2021-07-07 01:43:36 CHB 1737534?1625593414 第 1 次 等待 1 秒
2021-07-07 01:43:37 CHB 1737534?1625593414 第 1 次 获取到号码【1737534】GSD
2021-07-07 01:43:37 获取到号码【1737534】的GSD为【安徽-滁州】
2021-07-07 01:43:56 GSD insert 第 1 次 等待 1 秒
2021-07-07 01:43:57 {"status":"ok","msg":"添加成功！210538"}
2021-07-07 01:43:57 下次操作: 2021-07-07 01:44:08

2021-07-07 01:44:08 开始第 14 次操作

2021-07-07 01:44:08 开始操作号码 【1737535】
2021-07-07 01:44:20 GSD getOne 第 1 次 等待 1 秒
2021-07-07 01:44:21 查询号码 【1737535】，返回信息 {"status":"bad","msg":""}
2021-07-07 01:44:21 查询号码 【1737535】，GSD为【""】
2021-07-07 01:44:21 bad
2021-07-07 01:44:22 CHB 1737535?1625593461 第 1 次 等待 1 秒
2021-07-07 01:44:23 CHB 1737535?1625593461 第 1 次 获取到号码【1737535】GSD
2021-07-07 01:44:23 获取到号码【1737535】的GSD为【安徽-滁州】
2021-07-07 01:44:43 GSD insert 第 1 次 等待 1 秒
2021-07-07 01:44:44 {"status":"ok","msg":"添加成功！210552"}
2021-07-07 01:44:44 下次操作: 2021-07-07 01:45:00

2021-07-07 01:45:00 开始第 15 次操作

2021-07-07 01:45:00 开始操作号码 【1737536】
2021-07-07 01:45:06 GSD getOne 第 1 次 等待 1 秒
2021-07-07 01:45:07 查询号码 【1737536】，返回信息 {"status":"bad","msg":""}
2021-07-07 01:45:07 查询号码 【1737536】，GSD为【""】
2021-07-07 01:45:07 bad
2021-07-07 01:45:09 CHB 1737536?1625593507 第 1 次 等待 1 秒
2021-07-07 01:45:10 CHB 1737536?1625593507 第 1 次 获取到号码【1737536】GSD
2021-07-07 01:45:10 获取到号码【1737536】的GSD为【安徽-滁州】
2021-07-07 01:45:30 GSD insert 第 1 次 等待 1 秒
2021-07-07 01:45:31 {"status":"ok","msg":"添加成功！210565"}
2021-07-07 01:45:31 下次操作: 2021-07-07 01:45:43

2021-07-07 01:45:43 开始第 16 次操作

2021-07-07 01:45:43 开始操作号码 【1737537】
2021-07-07 01:45:50 GSD getOne 第 1 次 等待 1 秒
2021-07-07 01:45:51 查询号码 【1737537】，返回信息 {"status":"bad","msg":""}
2021-07-07 01:45:51 查询号码 【1737537】，GSD为【""】
2021-07-07 01:45:51 bad
2021-07-07 01:45:52 CHB 1737537?1625593551 第 1 次 等待 1 秒
2021-07-07 01:45:53 CHB 1737537?1625593551 第 1 次 获取到号码【1737537】GSD
2021-07-07 01:45:53 获取到号码【1737537】的GSD为【安徽-滁州】
2021-07-07 01:46:13 GSD insert 第 1 次 等待 1 秒
2021-07-07 01:46:14 {"status":"ok","msg":"添加成功！210579"}
2021-07-07 01:46:14 下次操作: 2021-07-07 01:46:24

2021-07-07 01:46:24 开始第 17 次操作

2021-07-07 01:46:24 开始操作号码 【1737538】
2021-07-07 01:46:35 GSD getOne 第 1 次 等待 1 秒
2021-07-07 01:46:36 查询号码 【1737538】，返回信息 {"status":"bad","msg":""}
2021-07-07 01:46:36 查询号码 【1737538】，GSD为【""】
2021-07-07 01:46:36 bad
2021-07-07 01:46:38 CHB 1737538?1625593596 第 1 次 等待 1 秒
2021-07-07 01:46:39 CHB 1737538?1625593596 第 1 次 获取到号码【1737538】GSD
2021-07-07 01:46:39 获取到号码【1737538】的GSD为【安徽-滁州】
2021-07-07 01:47:00 GSD insert 第 1 次 等待 1 秒
2021-07-07 01:47:01 {"status":"ok","msg":"添加成功！210593"}
2021-07-07 01:47:01 下次操作: 2021-07-07 01:47:11

2021-07-07 01:47:11 开始第 18 次操作

2021-07-07 01:47:11 开始操作号码 【1737539】
2021-07-07 01:47:26 GSD getOne 第 1 次 等待 1 秒
2021-07-07 01:47:27 查询号码 【1737539】，返回信息 {"status":"bad","msg":""}
2021-07-07 01:47:27 查询号码 【1737539】，GSD为【""】
2021-07-07 01:47:27 bad
2021-07-07 01:47:29 CHB 1737539?1625593647 第 1 次 等待 1 秒
2021-07-07 01:47:30 CHB 1737539?1625593647 第 1 次 获取到号码【1737539】GSD
2021-07-07 01:47:30 获取到号码【1737539】的GSD为【安徽-滁州】
2021-07-07 01:47:50 GSD insert 第 1 次 等待 1 秒
2021-07-07 01:47:51 {"status":"ok","msg":"添加成功！210608"}
2021-07-07 01:47:51 下次操作: 2021-07-07 01:48:02

2021-07-07 01:48:02 开始第 19 次操作

2021-07-07 01:48:02 开始操作号码 【1737540】
2021-07-07 01:48:13 GSD getOne 第 1 次 等待 1 秒
2021-07-07 01:48:14 查询号码 【1737540】，返回信息 {"status":"bad","msg":""}
2021-07-07 01:48:14 查询号码 【1737540】，GSD为【""】
2021-07-07 01:48:14 bad
2021-07-07 01:48:16 CHB 1737540?1625593694 第 1 次 等待 1 秒
2021-07-07 01:48:17 CHB 1737540?1625593694 第 1 次 获取到号码【1737540】GSD
2021-07-07 01:48:17 获取到号码【1737540】的GSD为【安徽-安庆】
2021-07-07 01:48:36 GSD insert 第 1 次 等待 1 秒
2021-07-07 01:48:37 {"status":"ok","msg":"添加成功！210623"}
2021-07-07 01:48:37 下次操作: 2021-07-07 01:48:51

2021-07-07 01:48:51 开始第 20 次操作

2021-07-07 01:48:51 开始操作号码 【1737541】
2021-07-07 01:48:56 GSD getOne 第 1 次 等待 1 秒
2021-07-07 01:48:57 查询号码 【1737541】，返回信息 {"status":"bad","msg":""}
2021-07-07 01:48:57 查询号码 【1737541】，GSD为【""】
2021-07-07 01:48:57 bad
2021-07-07 01:48:59 CHB 1737541?1625593737 第 1 次 等待 1 秒
2021-07-07 01:49:00 CHB 1737541?1625593737 第 1 次 获取到号码【1737541】GSD
2021-07-07 01:49:00 获取到号码【1737541】的GSD为【安徽-安庆】
2021-07-07 01:49:24 GSD insert 第 1 次 等待 1 秒
2021-07-07 01:49:25 {"status":"ok","msg":"添加成功！210633"}
2021-07-07 01:49:25 下次操作: 2021-07-07 01:49:35

2021-07-07 01:49:35 开始第 21 次操作

2021-07-07 01:49:35 开始操作号码 【1737542】
2021-07-07 01:49:46 GSD getOne 第 1 次 等待 1 秒
2021-07-07 01:49:47 查询号码 【1737542】，返回信息 {"status":"bad","msg":""}
2021-07-07 01:49:47 查询号码 【1737542】，GSD为【""】
2021-07-07 01:49:47 bad
2021-07-07 01:49:52 CHB 1737542?1625593787 第 1 次 等待 1 秒
2021-07-07 01:49:53 CHB 1737542?1625593787 第 1 次 获取到号码【1737542】GSD
2021-07-07 01:49:53 获取到号码【1737542】的GSD为【安徽-安庆】
2021-07-07 01:50:12 GSD insert 第 1 次 等待 1 秒
2021-07-07 01:50:14 {"status":"ok","msg":"添加成功！210647"}
2021-07-07 01:50:14 下次操作: 2021-07-07 01:50:30

2021-07-07 01:50:30 开始第 22 次操作

2021-07-07 01:50:30 开始操作号码 【1737543】
2021-07-07 01:50:33 GSD getOne 第 1 次 等待 1 秒
2021-07-07 01:50:34 查询号码 【1737543】，返回信息 {"status":"bad","msg":""}
2021-07-07 01:50:34 查询号码 【1737543】，GSD为【""】
2021-07-07 01:50:34 bad
2021-07-07 01:50:36 CHB 1737543?1625593834 第 1 次 等待 1 秒
2021-07-07 01:50:37 CHB 1737543?1625593834 第 1 次 获取到号码【1737543】GSD
2021-07-07 01:50:37 获取到号码【1737543】的GSD为【安徽-安庆】
2021-07-07 01:50:56 GSD insert 第 1 次 等待 1 秒
2021-07-07 01:50:57 {"status":"ok","msg":"添加成功！210657"}
2021-07-07 01:50:57 下次操作: 2021-07-07 01:51:12

2021-07-07 01:51:12 开始第 23 次操作

2021-07-07 01:51:12 开始操作号码 【1737544】
2021-07-07 01:51:16 GSD getOne 第 1 次 等待 1 秒
2021-07-07 01:51:17 查询号码 【1737544】，返回信息 {"status":"bad","msg":""}
2021-07-07 01:51:17 查询号码 【1737544】，GSD为【""】
2021-07-07 01:51:17 bad
2021-07-07 01:51:19 CHB 1737544?1625593877 第 1 次 等待 1 秒
2021-07-07 01:51:20 CHB 1737544?1625593877 第 1 次 获取到号码【1737544】GSD
2021-07-07 01:51:20 获取到号码【1737544】的GSD为【安徽-安庆】
2021-07-07 01:51:39 GSD insert 第 1 次 等待 1 秒
2021-07-07 01:51:40 {"status":"ok","msg":"添加成功！210665"}
2021-07-07 01:51:40 下次操作: 2021-07-07 01:51:55

2021-07-07 01:51:55 开始第 24 次操作

2021-07-07 01:51:55 开始操作号码 【1737545】
2021-07-07 01:51:59 GSD getOne 第 1 次 等待 1 秒
2021-07-07 01:52:00 查询号码 【1737545】，返回信息 {"status":"bad","msg":""}
2021-07-07 01:52:00 查询号码 【1737545】，GSD为【""】
2021-07-07 01:52:00 bad
2021-07-07 01:52:02 CHB 1737545?1625593920 第 1 次 等待 1 秒
2021-07-07 01:52:03 CHB 1737545?1625593920 第 1 次 获取到号码【1737545】GSD
2021-07-07 01:52:03 获取到号码【1737545】的GSD为【安徽-六安】
2021-07-07 01:52:23 GSD insert 第 1 次 等待 1 秒
2021-07-07 01:52:24 {"status":"ok","msg":"添加成功！210674"}
2021-07-07 01:52:24 下次操作: 2021-07-07 01:52:33

2021-07-07 01:52:33 开始第 25 次操作

2021-07-07 01:52:33 开始操作号码 【1737546】
2021-07-07 01:52:44 GSD getOne 第 1 次 等待 1 秒
2021-07-07 01:52:45 查询号码 【1737546】，返回信息 {"status":"bad","msg":""}
2021-07-07 01:52:45 查询号码 【1737546】，GSD为【""】
2021-07-07 01:52:45 bad
2021-07-07 01:52:46 CHB 1737546?1625593965 第 1 次 等待 1 秒
2021-07-07 01:52:47 CHB 1737546?1625593965 第 1 次 获取到号码【1737546】GSD
2021-07-07 01:52:48 获取到号码【1737546】的GSD为【安徽-六安】
2021-07-07 01:53:07 GSD insert 第 1 次 等待 1 秒
2021-07-07 01:53:08 {"status":"ok","msg":"添加成功！210682"}
2021-07-07 01:53:08 下次操作: 2021-07-07 01:53:17

2021-07-07 01:53:17 开始第 26 次操作

2021-07-07 01:53:17 开始操作号码 【1737547】
2021-07-07 01:53:28 GSD getOne 第 1 次 等待 1 秒
2021-07-07 01:53:29 查询号码 【1737547】，返回信息 {"status":"bad","msg":""}
2021-07-07 01:53:29 查询号码 【1737547】，GSD为【""】
2021-07-07 01:53:29 bad
2021-07-07 01:53:35 CHB 1737547?1625594009 第 1 次 等待 1 秒
2021-07-07 01:53:36 CHB 1737547?1625594009 第 1 次 获取到号码【1737547】GSD
2021-07-07 01:53:36 获取到号码【1737547】的GSD为【安徽-六安】
2021-07-07 01:53:55 GSD insert 第 1 次 等待 1 秒
2021-07-07 01:53:56 {"status":"ok","msg":"添加成功！210691"}
2021-07-07 01:53:56 下次操作: 2021-07-07 01:54:04

2021-07-07 01:54:04 开始第 27 次操作

2021-07-07 01:54:04 开始操作号码 【1737548】
2021-07-07 01:54:15 GSD getOne 第 1 次 等待 1 秒
2021-07-07 01:54:16 查询号码 【1737548】，返回信息 {"status":"bad","msg":""}
2021-07-07 01:54:16 查询号码 【1737548】，GSD为【""】
2021-07-07 01:54:16 bad
2021-07-07 01:54:18 CHB 1737548?1625594056 第 1 次 等待 1 秒
2021-07-07 01:54:19 CHB 1737548?1625594056 第 1 次 获取到号码【1737548】GSD
2021-07-07 01:54:19 获取到号码【1737548】的GSD为【安徽-六安】
2021-07-07 01:54:38 GSD insert 第 1 次 等待 1 秒
2021-07-07 01:54:39 {"status":"ok","msg":"添加成功！210700"}
2021-07-07 01:54:39 下次操作: 2021-07-07 01:54:48

2021-07-07 01:54:48 开始第 28 次操作

2021-07-07 01:54:48 开始操作号码 【1737549】
2021-07-07 01:54:59 GSD getOne 第 1 次 等待 1 秒
2021-07-07 01:55:00 查询号码 【1737549】，返回信息 {"status":"bad","msg":""}
2021-07-07 01:55:00 查询号码 【1737549】，GSD为【""】
2021-07-07 01:55:00 bad
2021-07-07 01:55:02 CHB 1737549?1625594100 第 1 次 等待 1 秒
2021-07-07 01:55:03 CHB 1737549?1625594100 第 1 次 获取到号码【1737549】GSD
2021-07-07 01:55:03 获取到号码【1737549】的GSD为【安徽-六安】
2021-07-07 01:55:23 GSD insert 第 1 次 等待 1 秒
2021-07-07 01:55:24 {"status":"ok","msg":"添加成功！210711"}
2021-07-07 01:55:24 下次操作: 2021-07-07 01:55:34

2021-07-07 01:55:34 开始第 29 次操作

2021-07-07 01:55:34 开始操作号码 【1737550】
2021-07-07 01:55:45 GSD getOne 第 1 次 等待 1 秒
2021-07-07 01:55:46 查询号码 【1737550】，返回信息 {"status":"bad","msg":""}
2021-07-07 01:55:46 查询号码 【1737550】，GSD为【""】
2021-07-07 01:55:46 bad
2021-07-07 01:55:48 CHB 1737550?1625594146 第 1 次 等待 1 秒
2021-07-07 01:55:49 CHB 1737550?1625594146 第 1 次 获取到号码【1737550】GSD
2021-07-07 01:55:49 获取到号码【1737550】的GSD为【湖南-怀化】
2021-07-07 01:56:08 GSD insert 第 1 次 等待 1 秒
2021-07-07 01:56:09 {"status":"ok","msg":"添加成功！210720"}
2021-07-07 01:56:09 下次操作: 2021-07-07 01:56:24

2021-07-07 01:56:24 开始第 30 次操作

2021-07-07 01:56:24 开始操作号码 【1737551】
2021-07-07 01:56:27 GSD getOne 第 1 次 等待 1 秒
2021-07-07 01:56:28 查询号码 【1737551】，返回信息 {"status":"bad","msg":""}
2021-07-07 01:56:29 查询号码 【1737551】，GSD为【""】
2021-07-07 01:56:29 bad
2021-07-07 01:56:30 CHB 1737551?1625594189 第 1 次 等待 1 秒
2021-07-07 01:56:31 CHB 1737551?1625594189 第 1 次 获取到号码【1737551】GSD
2021-07-07 01:56:31 获取到号码【1737551】的GSD为【湖南-怀化】
2021-07-07 01:56:52 GSD insert 第 1 次 等待 1 秒
2021-07-07 01:56:53 {"status":"ok","msg":"添加成功！210727"}

2021-07-07 02:54:07 开始第 1 次操作

2021-07-07 02:54:07 开始操作号码 【1737552】
2021-07-07 02:54:11 GSD getOne 第 1 次 等待 1 秒
2021-07-07 02:54:12 查询号码 【1737552】，返回信息 {"status":"bad","msg":""}
2021-07-07 02:54:12 查询号码 【1737552】，GSD为【""】
2021-07-07 02:54:12 bad
2021-07-07 02:54:14 CHB 1737552?1625597652 第 1 次 等待 1 秒
2021-07-07 02:54:15 CHB 1737552?1625597652 第 1 次 获取到号码【1737552】GSD
2021-07-07 02:54:15 获取到号码【1737552】的GSD为【湖南-怀化】
2021-07-07 02:54:19 GSD insert 第 1 次 等待 1 秒
2021-07-07 02:54:20 {"status":"ok","msg":"添加成功！210962"}
2021-07-07 02:54:20 下次操作: 2021-07-07 02:54:30

2021-07-07 02:54:30 开始第 2 次操作

2021-07-07 02:54:30 开始操作号码 【1737553】
2021-07-07 02:54:34 GSD getOne 第 1 次 等待 1 秒
2021-07-07 02:54:35 查询号码 【1737553】，返回信息 {"status":"bad","msg":""}
2021-07-07 02:54:35 查询号码 【1737553】，GSD为【""】
2021-07-07 02:54:35 bad
2021-07-07 02:54:37 CHB 1737553?1625597675 第 1 次 等待 1 秒
2021-07-07 02:54:38 CHB 1737553?1625597675 第 1 次 获取到号码【1737553】GSD
2021-07-07 02:54:38 获取到号码【1737553】的GSD为【湖南-怀化】
2021-07-07 02:54:41 GSD insert 第 1 次 等待 1 秒
2021-07-07 02:54:42 {"status":"ok","msg":"添加成功！210970"}
2021-07-07 02:54:42 下次操作: 2021-07-07 02:54:49

2021-07-07 02:54:49 开始第 3 次操作

2021-07-07 02:54:49 开始操作号码 【1737554】
2021-07-07 02:54:53 GSD getOne 第 1 次 等待 1 秒
2021-07-07 02:54:54 查询号码 【1737554】，返回信息 {"status":"bad","msg":""}
2021-07-07 02:54:54 查询号码 【1737554】，GSD为【""】
2021-07-07 02:54:54 bad
2021-07-07 02:54:56 CHB 1737554?1625597694 第 1 次 等待 1 秒
2021-07-07 02:54:57 CHB 1737554?1625597694 第 1 次 获取到号码【1737554】GSD
2021-07-07 02:54:57 获取到号码【1737554】的GSD为【湖南-怀化】
2021-07-07 02:55:01 GSD insert 第 1 次 等待 1 秒
2021-07-07 02:55:02 {"status":"ok","msg":"添加成功！210976"}
2021-07-07 02:55:02 下次操作: 2021-07-07 02:55:19

2021-07-07 02:55:19 开始第 4 次操作

2021-07-07 02:55:19 开始操作号码 【1737555】
2021-07-07 02:55:23 GSD getOne 第 1 次 等待 1 秒
2021-07-07 02:55:24 查询号码 【1737555】，返回信息 {"status":"bad","msg":""}
2021-07-07 02:55:24 查询号码 【1737555】，GSD为【""】
2021-07-07 02:55:24 bad
2021-07-07 02:55:25 CHB 1737555?1625597724 第 1 次 等待 1 秒
2021-07-07 02:55:26 CHB 1737555?1625597724 第 1 次 获取到号码【1737555】GSD
2021-07-07 02:55:26 获取到号码【1737555】的GSD为【湖南-怀化】
2021-07-07 02:55:30 GSD insert 第 1 次 等待 1 秒
2021-07-07 02:55:31 {"status":"ok","msg":"添加成功！210983"}
2021-07-07 02:55:31 下次操作: 2021-07-07 02:55:47

2021-07-07 02:55:47 开始第 5 次操作

2021-07-07 02:55:47 开始操作号码 【1737556】
2021-07-07 02:55:52 GSD getOne 第 1 次 等待 1 秒
2021-07-07 02:55:53 查询号码 【1737556】，返回信息 {"status":"bad","msg":""}
2021-07-07 02:55:53 查询号码 【1737556】，GSD为【""】
2021-07-07 02:55:53 bad
2021-07-07 02:55:55 CHB 1737556?1625597753 第 1 次 等待 1 秒
2021-07-07 02:55:56 CHB 1737556?1625597753 第 1 次 获取到号码【1737556】GSD
2021-07-07 02:55:56 获取到号码【1737556】的GSD为【湖南-怀化】
2021-07-07 02:55:59 GSD insert 第 1 次 等待 1 秒
2021-07-07 02:56:00 {"status":"ok","msg":"添加成功！210991"}
2021-07-07 02:56:00 下次操作: 2021-07-07 02:56:14

2021-07-07 02:56:14 开始第 6 次操作

2021-07-07 02:56:14 开始操作号码 【1737557】
2021-07-07 02:56:21 GSD getOne 第 1 次 等待 1 秒
2021-07-07 02:56:22 查询号码 【1737557】，返回信息 {"status":"bad","msg":""}
2021-07-07 02:56:22 查询号码 【1737557】，GSD为【""】
2021-07-07 02:56:22 bad
2021-07-07 02:56:24 CHB 1737557?1625597782 第 1 次 等待 1 秒
2021-07-07 02:56:25 CHB 1737557?1625597782 第 1 次 获取到号码【1737557】GSD
2021-07-07 02:56:25 获取到号码【1737557】的GSD为【湖南-怀化】
2021-07-07 02:56:29 GSD insert 第 1 次 等待 1 秒
2021-07-07 02:56:30 {"status":"ok","msg":"添加成功！210999"}
2021-07-07 02:56:30 下次操作: 2021-07-07 02:56:39

2021-07-07 02:56:39 开始第 7 次操作

2021-07-07 02:56:39 开始操作号码 【1737558】
2021-07-07 02:56:43 GSD getOne 第 1 次 等待 1 秒
2021-07-07 02:56:44 查询号码 【1737558】，返回信息 {"status":"bad","msg":""}
2021-07-07 02:56:44 查询号码 【1737558】，GSD为【""】
2021-07-07 02:56:44 bad
2021-07-07 02:56:46 CHB 1737558?1625597804 第 1 次 等待 1 秒
2021-07-07 02:56:47 CHB 1737558?1625597804 第 1 次 获取到号码【1737558】GSD
2021-07-07 02:56:47 获取到号码【1737558】的GSD为【湖南-怀化】
2021-07-07 02:56:50 GSD insert 第 1 次 等待 1 秒
2021-07-07 02:56:51 {"status":"ok","msg":"添加成功！211008"}
2021-07-07 02:56:51 下次操作: 2021-07-07 02:57:06

2021-07-07 02:57:06 开始第 8 次操作

2021-07-07 02:57:06 开始操作号码 【1737559】
2021-07-07 02:57:10 GSD getOne 第 1 次 等待 1 秒
2021-07-07 02:57:11 查询号码 【1737559】，返回信息 {"status":"bad","msg":""}
2021-07-07 02:57:11 查询号码 【1737559】，GSD为【""】
2021-07-07 02:57:11 bad
2021-07-07 02:57:13 CHB 1737559?1625597831 第 1 次 等待 1 秒
2021-07-07 02:57:14 CHB 1737559?1625597831 第 1 次 获取到号码【1737559】GSD
2021-07-07 02:57:14 获取到号码【1737559】的GSD为【湖南-怀化】
2021-07-07 02:57:17 GSD insert 第 1 次 等待 1 秒
2021-07-07 02:57:18 {"status":"ok","msg":"添加成功！211015"}
2021-07-07 02:57:18 下次操作: 2021-07-07 02:57:29

2021-07-07 02:57:29 开始第 9 次操作

2021-07-07 02:57:29 开始操作号码 【1737560】
2021-07-07 02:57:33 GSD getOne 第 1 次 等待 1 秒
2021-07-07 02:57:34 查询号码 【1737560】，返回信息 {"status":"bad","msg":""}
2021-07-07 02:57:34 查询号码 【1737560】，GSD为【""】
2021-07-07 02:57:34 bad
2021-07-07 02:57:36 CHB 1737560?1625597854 第 1 次 等待 1 秒
2021-07-07 02:57:37 CHB 1737560?1625597854 第 1 次 获取到号码【1737560】GSD
2021-07-07 02:57:37 获取到号码【1737560】的GSD为【湖南-永州】
2021-07-07 02:57:41 GSD insert 第 1 次 等待 1 秒
2021-07-07 02:57:42 {"status":"ok","msg":"添加成功！211020"}
2021-07-07 02:57:42 下次操作: 2021-07-07 02:57:50

2021-07-07 02:57:50 开始第 10 次操作

2021-07-07 02:57:50 开始操作号码 【1737561】
2021-07-07 02:57:54 GSD getOne 第 1 次 等待 1 秒
2021-07-07 02:57:55 查询号码 【1737561】，返回信息 {"status":"bad","msg":""}
2021-07-07 02:57:55 查询号码 【1737561】，GSD为【""】
2021-07-07 02:57:55 bad
2021-07-07 02:57:57 CHB 1737561?1625597875 第 1 次 等待 1 秒
2021-07-07 02:57:58 CHB 1737561?1625597875 第 1 次 获取到号码【1737561】GSD
2021-07-07 02:57:58 获取到号码【1737561】的GSD为【湖南-永州】
2021-07-07 02:58:01 GSD insert 第 1 次 等待 1 秒
2021-07-07 02:58:02 {"status":"ok","msg":"添加成功！211026"}
2021-07-07 02:58:02 下次操作: 2021-07-07 02:58:15

2021-07-07 02:58:15 开始第 11 次操作

2021-07-07 02:58:15 开始操作号码 【1737562】
2021-07-07 02:58:20 GSD getOne 第 1 次 等待 1 秒
2021-07-07 02:58:21 查询号码 【1737562】，返回信息 {"status":"bad","msg":""}
2021-07-07 02:58:21 查询号码 【1737562】，GSD为【""】
2021-07-07 02:58:21 bad
2021-07-07 02:58:23 CHB 1737562?1625597901 第 1 次 等待 1 秒
2021-07-07 02:58:24 CHB 1737562?1625597901 第 1 次 获取到号码【1737562】GSD
2021-07-07 02:58:24 获取到号码【1737562】的GSD为【湖南-永州】
2021-07-07 02:58:29 GSD insert 第 1 次 等待 1 秒
2021-07-07 02:58:30 {"status":"ok","msg":"添加成功！211032"}
2021-07-07 02:58:30 下次操作: 2021-07-07 02:58:48

2021-07-07 02:58:48 开始第 12 次操作

2021-07-07 02:58:48 开始操作号码 【1737563】
2021-07-07 02:58:51 GSD getOne 第 1 次 等待 1 秒
2021-07-07 02:58:52 查询号码 【1737563】，返回信息 {"status":"bad","msg":""}
2021-07-07 02:58:52 查询号码 【1737563】，GSD为【""】
2021-07-07 02:58:52 bad
2021-07-07 02:58:54 CHB 1737563?1625597932 第 1 次 等待 1 秒
2021-07-07 02:58:55 CHB 1737563?1625597932 第 1 次 获取到号码【1737563】GSD
2021-07-07 02:58:55 获取到号码【1737563】的GSD为【湖南-永州】
2021-07-07 02:58:59 GSD insert 第 1 次 等待 1 秒
2021-07-07 02:59:00 {"status":"ok","msg":"添加成功！211044"}
2021-07-07 02:59:00 下次操作: 2021-07-07 02:59:08

2021-07-07 02:59:08 开始第 13 次操作

2021-07-07 02:59:08 开始操作号码 【1737564】
2021-07-07 02:59:12 GSD getOne 第 1 次 等待 1 秒
2021-07-07 02:59:13 查询号码 【1737564】，返回信息 {"status":"bad","msg":""}
2021-07-07 02:59:13 查询号码 【1737564】，GSD为【""】
2021-07-07 02:59:13 bad
2021-07-07 02:59:15 CHB 1737564?1625597953 第 1 次 等待 1 秒
2021-07-07 02:59:16 CHB 1737564?1625597953 第 1 次 获取到号码【1737564】GSD
2021-07-07 02:59:16 获取到号码【1737564】的GSD为【湖南-永州】
2021-07-07 02:59:22 GSD insert 第 1 次 等待 1 秒
2021-07-07 02:59:23 {"status":"ok","msg":"添加成功！211049"}
2021-07-07 02:59:23 下次操作: 2021-07-07 02:59:38

2021-07-07 02:59:38 开始第 14 次操作

2021-07-07 02:59:38 开始操作号码 【1737565】
2021-07-07 02:59:42 GSD getOne 第 1 次 等待 1 秒
2021-07-07 02:59:43 查询号码 【1737565】，返回信息 {"status":"bad","msg":""}
2021-07-07 02:59:43 查询号码 【1737565】，GSD为【""】
2021-07-07 02:59:43 bad
2021-07-07 02:59:45 CHB 1737565?1625597983 第 1 次 等待 1 秒
2021-07-07 02:59:46 CHB 1737565?1625597983 第 1 次 获取到号码【1737565】GSD
2021-07-07 02:59:46 获取到号码【1737565】的GSD为【湖南-永州】
2021-07-07 02:59:50 GSD insert 第 1 次 等待 1 秒
2021-07-07 02:59:51 {"status":"ok","msg":"添加成功！211056"}
2021-07-07 02:59:51 下次操作: 2021-07-07 03:00:02

2021-07-07 03:00:02 开始第 15 次操作

2021-07-07 03:00:02 开始操作号码 【1737566】
2021-07-07 03:00:06 GSD getOne 第 1 次 等待 1 秒
2021-07-07 03:00:07 查询号码 【1737566】，返回信息 {"status":"bad","msg":""}
2021-07-07 03:00:07 查询号码 【1737566】，GSD为【""】
2021-07-07 03:00:07 bad
2021-07-07 03:00:09 CHB 1737566?1625598007 第 1 次 等待 1 秒
2021-07-07 03:00:10 CHB 1737566?1625598007 第 1 次 获取到号码【1737566】GSD
2021-07-07 03:00:10 获取到号码【1737566】的GSD为【湖南-永州】
2021-07-07 03:00:14 GSD insert 第 1 次 等待 1 秒
2021-07-07 03:00:15 {"status":"ok","msg":"添加成功！211061"}
2021-07-07 03:00:15 下次操作: 2021-07-07 03:00:31

2021-07-07 03:00:31 开始第 16 次操作

2021-07-07 03:00:31 开始操作号码 【1737567】
2021-07-07 03:00:35 GSD getOne 第 1 次 等待 1 秒
2021-07-07 03:00:36 查询号码 【1737567】，返回信息 {"status":"bad","msg":""}
2021-07-07 03:00:37 查询号码 【1737567】，GSD为【""】
2021-07-07 03:00:37 bad
2021-07-07 03:00:38 CHB 1737567?1625598037 第 1 次 等待 1 秒
2021-07-07 03:00:39 CHB 1737567?1625598037 第 1 次 获取到号码【1737567】GSD
2021-07-07 03:00:39 获取到号码【1737567】的GSD为【湖南-永州】
2021-07-07 03:00:43 GSD insert 第 1 次 等待 1 秒
2021-07-07 03:00:44 {"status":"ok","msg":"添加成功！211066"}
2021-07-07 03:00:44 下次操作: 2021-07-07 03:00:55

2021-07-07 03:00:55 开始第 17 次操作

2021-07-07 03:00:55 开始操作号码 【1737568】
2021-07-07 03:00:59 GSD getOne 第 1 次 等待 1 秒
2021-07-07 03:01:00 查询号码 【1737568】，返回信息 {"status":"bad","msg":""}
2021-07-07 03:01:00 查询号码 【1737568】，GSD为【""】
2021-07-07 03:01:00 bad
2021-07-07 03:01:02 CHB 1737568?1625598060 第 1 次 等待 1 秒
2021-07-07 03:01:03 CHB 1737568?1625598060 第 1 次 获取到号码【1737568】GSD
2021-07-07 03:01:03 获取到号码【1737568】的GSD为【湖南-永州】
2021-07-07 03:01:07 GSD insert 第 1 次 等待 1 秒
2021-07-07 03:01:08 {"status":"ok","msg":"添加成功！211072"}
2021-07-07 03:01:08 下次操作: 2021-07-07 03:01:25

2021-07-07 03:01:25 开始第 18 次操作

2021-07-07 03:01:25 开始操作号码 【1737569】
2021-07-07 03:01:33 GSD getOne 第 1 次 等待 1 秒
2021-07-07 03:01:34 查询号码 【1737569】，返回信息 {"status":"bad","msg":""}
2021-07-07 03:01:34 查询号码 【1737569】，GSD为【""】
2021-07-07 03:01:34 bad
2021-07-07 03:01:35 CHB 1737569?1625598094 第 1 次 等待 1 秒
2021-07-07 03:01:36 CHB 1737569?1625598094 第 1 次 获取到号码【1737569】GSD
2021-07-07 03:01:37 获取到号码【1737569】的GSD为【湖南-永州】
2021-07-07 03:01:40 GSD insert 第 1 次 等待 1 秒
2021-07-07 03:01:41 {"status":"ok","msg":"添加成功！211076"}
2021-07-07 03:01:41 下次操作: 2021-07-07 03:01:55

2021-07-07 03:01:55 开始第 19 次操作

2021-07-07 03:01:55 开始操作号码 【1737570】
2021-07-07 03:01:59 GSD getOne 第 1 次 等待 1 秒
2021-07-07 03:02:00 查询号码 【1737570】，返回信息 {"status":"bad","msg":""}
2021-07-07 03:02:00 查询号码 【1737570】，GSD为【""】
2021-07-07 03:02:00 bad
2021-07-07 03:02:02 CHB 1737570?1625598120 第 1 次 等待 1 秒
2021-07-07 03:02:03 CHB 1737570?1625598120 第 1 次 获取到号码【1737570】GSD
2021-07-07 03:02:03 获取到号码【1737570】的GSD为【湖南-长沙】
2021-07-07 03:02:07 GSD insert 第 1 次 等待 1 秒
2021-07-07 03:02:08 {"status":"ok","msg":"添加成功！211081"}
2021-07-07 03:02:08 下次操作: 2021-07-07 03:02:20

2021-07-07 03:02:20 开始第 20 次操作

2021-07-07 03:02:20 开始操作号码 【1737571】
2021-07-07 03:02:24 GSD getOne 第 1 次 等待 1 秒
2021-07-07 03:02:25 查询号码 【1737571】，返回信息 {"status":"bad","msg":""}
2021-07-07 03:02:25 查询号码 【1737571】，GSD为【""】
2021-07-07 03:02:25 bad
2021-07-07 03:02:27 CHB 1737571?1625598145 第 1 次 等待 1 秒
2021-07-07 03:02:28 CHB 1737571?1625598145 第 1 次 获取到号码【1737571】GSD
2021-07-07 03:02:28 获取到号码【1737571】的GSD为【湖南-长沙】
2021-07-07 03:02:31 GSD insert 第 1 次 等待 1 秒
2021-07-07 03:02:32 {"status":"ok","msg":"添加成功！211084"}
2021-07-07 03:02:32 下次操作: 2021-07-07 03:02:50

2021-07-07 03:02:50 开始第 21 次操作

2021-07-07 03:02:50 开始操作号码 【1737572】
2021-07-07 03:02:54 GSD getOne 第 1 次 等待 1 秒
2021-07-07 03:02:55 查询号码 【1737572】，返回信息 {"status":"ok","msg":"湖南-长沙","time_insert":"2021-04-21 16:39"}
2021-07-07 03:02:55 查询号码 【1737572】，GSD为【"湖南-长沙"】

2021-07-07 03:02:55 开始第 21 次操作

2021-07-07 03:02:55 开始操作号码 【1737573】
2021-07-07 03:03:02 GSD getOne 第 1 次 等待 1 秒
2021-07-07 03:03:03 查询号码 【1737573】，返回信息 {"status":"bad","msg":""}
2021-07-07 03:03:03 查询号码 【1737573】，GSD为【""】
2021-07-07 03:03:03 bad
2021-07-07 03:03:05 CHB 1737573?1625598183 第 1 次 等待 1 秒
2021-07-07 03:03:06 CHB 1737573?1625598183 第 1 次 获取到号码【1737573】GSD
2021-07-07 03:03:06 获取到号码【1737573】的GSD为【湖南-长沙】
2021-07-07 03:03:10 GSD insert 第 1 次 等待 1 秒
2021-07-07 03:03:11 {"status":"ok","msg":"添加成功！211089"}
2021-07-07 03:03:11 下次操作: 2021-07-07 03:03:24

2021-07-07 03:03:24 开始第 22 次操作

2021-07-07 03:03:24 开始操作号码 【1737574】
2021-07-07 03:03:28 GSD getOne 第 1 次 等待 1 秒
2021-07-07 03:03:29 查询号码 【1737574】，返回信息 {"status":"bad","msg":""}
2021-07-07 03:03:29 查询号码 【1737574】，GSD为【""】
2021-07-07 03:03:29 bad
2021-07-07 03:03:30 CHB 1737574?1625598209 第 1 次 等待 1 秒
2021-07-07 03:03:31 CHB 1737574?1625598209 第 1 次 获取到号码【1737574】GSD
2021-07-07 03:03:31 获取到号码【1737574】的GSD为【湖南-长沙】
2021-07-07 03:03:36 GSD insert 第 1 次 等待 1 秒
2021-07-07 03:03:37 {"status":"ok","msg":"添加成功！211095"}
2021-07-07 03:03:37 下次操作: 2021-07-07 03:03:48

2021-07-07 03:03:48 开始第 23 次操作

2021-07-07 03:03:48 开始操作号码 【1737575】
2021-07-07 03:03:52 GSD getOne 第 1 次 等待 1 秒
2021-07-07 03:03:53 查询号码 【1737575】，返回信息 {"status":"bad","msg":""}
2021-07-07 03:03:53 查询号码 【1737575】，GSD为【""】
2021-07-07 03:03:53 bad
2021-07-07 03:03:55 CHB 1737575?1625598233 第 1 次 等待 1 秒
2021-07-07 03:03:56 CHB 1737575?1625598233 第 1 次 获取到号码【1737575】GSD
2021-07-07 03:03:56 获取到号码【1737575】的GSD为【湖南-长沙】
2021-07-07 03:04:00 GSD insert 第 1 次 等待 1 秒
2021-07-07 03:04:01 {"status":"ok","msg":"添加成功！211098"}
2021-07-07 03:04:01 下次操作: 2021-07-07 03:04:07

2021-07-07 03:04:07 开始第 24 次操作

2021-07-07 03:04:07 开始操作号码 【1737576】
2021-07-07 03:04:11 GSD getOne 第 1 次 等待 1 秒
2021-07-07 03:04:12 查询号码 【1737576】，返回信息 {"status":"bad","msg":""}
2021-07-07 03:04:12 查询号码 【1737576】，GSD为【""】
2021-07-07 03:04:12 bad
2021-07-07 03:04:13 CHB 1737576?1625598252 第 1 次 等待 1 秒
2021-07-07 03:04:14 CHB 1737576?1625598252 第 1 次 获取到号码【1737576】GSD
2021-07-07 03:04:14 获取到号码【1737576】的GSD为【湖南-长沙】
2021-07-07 03:04:18 GSD insert 第 1 次 等待 1 秒
2021-07-07 03:04:19 {"status":"ok","msg":"添加成功！211103"}
2021-07-07 03:04:19 下次操作: 2021-07-07 03:04:26

2021-07-07 03:04:26 开始第 25 次操作

2021-07-07 03:04:26 开始操作号码 【1737577】
2021-07-07 03:04:30 GSD getOne 第 1 次 等待 1 秒
2021-07-07 03:04:31 查询号码 【1737577】，返回信息 {"status":"bad","msg":""}
2021-07-07 03:04:31 查询号码 【1737577】，GSD为【""】
2021-07-07 03:04:31 bad
2021-07-07 03:04:33 CHB 1737577?1625598271 第 1 次 等待 1 秒
2021-07-07 03:04:34 CHB 1737577?1625598271 第 1 次 获取到号码【1737577】GSD
2021-07-07 03:04:34 获取到号码【1737577】的GSD为【湖南-长沙】
2021-07-07 03:04:38 GSD insert 第 1 次 等待 1 秒
2021-07-07 03:04:39 {"status":"ok","msg":"添加成功！211106"}
2021-07-07 03:04:39 下次操作: 2021-07-07 03:04:49

2021-07-07 03:04:49 开始第 26 次操作

2021-07-07 03:04:49 开始操作号码 【1737578】
2021-07-07 03:04:53 GSD getOne 第 1 次 等待 1 秒
2021-07-07 03:04:54 查询号码 【1737578】，返回信息 {"status":"bad","msg":""}
2021-07-07 03:04:54 查询号码 【1737578】，GSD为【""】
2021-07-07 03:04:54 bad
2021-07-07 03:04:55 CHB 1737578?1625598294 第 1 次 等待 1 秒
2021-07-07 03:04:56 CHB 1737578?1625598294 第 1 次 获取到号码【1737578】GSD
2021-07-07 03:04:56 获取到号码【1737578】的GSD为【湖南-长沙】
2021-07-07 03:05:00 GSD insert 第 1 次 等待 1 秒
2021-07-07 03:05:01 {"status":"ok","msg":"添加成功！211110"}
2021-07-07 03:05:01 下次操作: 2021-07-07 03:05:11

2021-07-07 03:05:11 开始第 27 次操作

2021-07-07 03:05:11 开始操作号码 【1737579】
2021-07-07 03:05:15 GSD getOne 第 1 次 等待 1 秒
2021-07-07 03:05:16 查询号码 【1737579】，返回信息 {"status":"bad","msg":""}
2021-07-07 03:05:16 查询号码 【1737579】，GSD为【""】
2021-07-07 03:05:16 bad
2021-07-07 03:05:18 CHB 1737579?1625598316 第 1 次 等待 1 秒
2021-07-07 03:05:19 CHB 1737579?1625598316 第 1 次 获取到号码【1737579】GSD
2021-07-07 03:05:19 获取到号码【1737579】的GSD为【湖南-长沙】
2021-07-07 03:05:23 GSD insert 第 1 次 等待 1 秒
2021-07-07 03:05:24 {"status":"ok","msg":"添加成功！211113"}
2021-07-07 03:05:24 下次操作: 2021-07-07 03:05:30

2021-07-07 03:05:30 开始第 28 次操作

2021-07-07 03:05:30 开始操作号码 【1737580】
2021-07-07 03:05:33 GSD getOne 第 1 次 等待 1 秒
2021-07-07 03:05:34 查询号码 【1737580】，返回信息 {"status":"bad","msg":""}
2021-07-07 03:05:34 查询号码 【1737580】，GSD为【""】
2021-07-07 03:05:34 bad
2021-07-07 03:05:36 CHB 1737580?1625598334 第 1 次 等待 1 秒
2021-07-07 03:05:37 CHB 1737580?1625598334 第 1 次 获取到号码【1737580】GSD
2021-07-07 03:05:37 获取到号码【1737580】的GSD为【湖南-长沙】
2021-07-07 03:05:41 GSD insert 第 1 次 等待 1 秒
2021-07-07 03:05:42 {"status":"ok","msg":"添加成功！211117"}
2021-07-07 03:05:42 下次操作: 2021-07-07 03:05:58

2021-07-07 03:05:58 开始第 29 次操作

2021-07-07 03:05:58 开始操作号码 【1737581】
2021-07-07 03:06:02 GSD getOne 第 1 次 等待 1 秒
2021-07-07 03:06:03 查询号码 【1737581】，返回信息 {"status":"bad","msg":""}
2021-07-07 03:06:03 查询号码 【1737581】，GSD为【""】
2021-07-07 03:06:03 bad
2021-07-07 03:06:05 CHB 1737581?1625598363 第 1 次 等待 1 秒
2021-07-07 03:06:06 CHB 1737581?1625598363 第 1 次 获取到号码【1737581】GSD
2021-07-07 03:06:06 获取到号码【1737581】的GSD为【湖南-长沙】
2021-07-07 03:06:10 GSD insert 第 1 次 等待 1 秒
2021-07-07 03:06:11 {"status":"ok","msg":"添加成功！211121"}
2021-07-07 03:06:11 下次操作: 2021-07-07 03:06:28

2021-07-07 03:06:28 开始第 30 次操作

2021-07-07 03:06:28 开始操作号码 【1737582】
2021-07-07 03:06:35 GSD getOne 第 1 次 等待 1 秒
2021-07-07 03:06:36 查询号码 【1737582】，返回信息 {"status":"bad","msg":""}
2021-07-07 03:06:36 查询号码 【1737582】，GSD为【""】
2021-07-07 03:06:36 bad
2021-07-07 03:06:37 CHB 1737582?1625598396 第 1 次 等待 1 秒
2021-07-07 03:06:38 CHB 1737582?1625598396 第 1 次 获取到号码【1737582】GSD
2021-07-07 03:06:38 获取到号码【1737582】的GSD为【湖南-长沙】
2021-07-07 03:06:42 GSD insert 第 1 次 等待 1 秒
2021-07-07 03:06:43 {"status":"ok","msg":"添加成功！211125"}

2021-07-07 03:34:57 开始第 1 次操作

2021-07-07 03:34:57 开始操作号码 【1737583】
2021-07-07 03:35:01 GSD getOne 第 1 次 等待 1 秒
2021-07-07 03:35:02 查询号码 【1737583】，返回信息 {"status":"bad","msg":""}
2021-07-07 03:35:02 查询号码 【1737583】，GSD为【""】
2021-07-07 03:35:02 bad
2021-07-07 03:35:04 CHB 1737583?1625600102 第 1 次 等待 1 秒
2021-07-07 03:35:05 CHB 1737583?1625600102 第 1 次 获取到号码【1737583】GSD
2021-07-07 03:35:05 获取到号码【1737583】的GSD为【湖南-长沙】
2021-07-07 03:35:24 GSD insert 第 1 次 等待 1 秒
2021-07-07 03:35:25 {"status":"ok","msg":"添加成功！211224"}
2021-07-07 03:35:25 下次操作: 2021-07-07 03:35:40

2021-07-07 03:35:40 开始第 2 次操作

2021-07-07 03:35:40 开始操作号码 【1737584】
2021-07-07 03:35:44 GSD getOne 第 1 次 等待 1 秒
2021-07-07 03:35:45 查询号码 【1737584】，返回信息 {"status":"bad","msg":""}
2021-07-07 03:35:45 查询号码 【1737584】，GSD为【""】
2021-07-07 03:35:45 bad
2021-07-07 03:35:47 CHB 1737584?1625600145 第 1 次 等待 1 秒
2021-07-07 03:35:48 CHB 1737584?1625600145 第 1 次 获取到号码【1737584】GSD
2021-07-07 03:35:48 获取到号码【1737584】的GSD为【湖南-长沙】
2021-07-07 03:36:07 GSD insert 第 1 次 等待 1 秒
2021-07-07 03:36:08 {"status":"ok","msg":"添加成功！211229"}
2021-07-07 03:36:08 下次操作: 2021-07-07 03:36:21

2021-07-07 03:36:21 开始第 3 次操作

2021-07-07 03:36:21 开始操作号码 【1737585】
2021-07-07 03:36:28 GSD getOne 第 1 次 等待 1 秒
2021-07-07 03:36:29 查询号码 【1737585】，返回信息 {"status":"bad","msg":""}
2021-07-07 03:36:29 查询号码 【1737585】，GSD为【""】
2021-07-07 03:36:29 bad
2021-07-07 03:36:31 CHB 1737585?1625600189 第 1 次 等待 1 秒
2021-07-07 03:36:32 CHB 1737585?1625600189 第 1 次 获取到号码【1737585】GSD
2021-07-07 03:36:32 获取到号码【1737585】的GSD为【湖南-长沙】
2021-07-07 03:36:51 GSD insert 第 1 次 等待 1 秒
2021-07-07 03:36:52 {"status":"ok","msg":"添加成功！211236"}
2021-07-07 03:36:52 下次操作: 2021-07-07 03:37:05

2021-07-07 03:37:05 开始第 4 次操作

2021-07-07 03:37:05 开始操作号码 【1737586】
2021-07-07 03:37:12 GSD getOne 第 1 次 等待 1 秒
2021-07-07 03:37:13 查询号码 【1737586】，返回信息 {"status":"bad","msg":""}
2021-07-07 03:37:13 查询号码 【1737586】，GSD为【""】
2021-07-07 03:37:13 bad
2021-07-07 03:37:15 CHB 1737586?1625600233 第 1 次 等待 1 秒
2021-07-07 03:37:16 CHB 1737586?1625600233 第 1 次 获取到号码【1737586】GSD
2021-07-07 03:37:16 获取到号码【1737586】的GSD为【湖南-长沙】
2021-07-07 03:37:35 GSD insert 第 1 次 等待 1 秒
2021-07-07 03:37:36 {"status":"ok","msg":"添加成功！211246"}
2021-07-07 03:37:36 下次操作: 2021-07-07 03:37:42

2021-07-07 03:37:42 开始第 5 次操作

2021-07-07 03:37:42 开始操作号码 【1737587】
2021-07-07 03:38:01 GSD getOne 第 1 次 等待 1 秒
2021-07-07 03:38:02 查询号码 【1737587】，返回信息 {"status":"bad","msg":""}
2021-07-07 03:38:02 查询号码 【1737587】，GSD为【""】
2021-07-07 03:38:02 bad
2021-07-07 03:38:04 CHB 1737587?1625600282 第 1 次 等待 1 秒
2021-07-07 03:38:05 CHB 1737587?1625600282 第 1 次 获取到号码【1737587】GSD
2021-07-07 03:38:05 获取到号码【1737587】的GSD为【湖南-长沙】
2021-07-07 03:38:24 GSD insert 第 1 次 等待 1 秒
2021-07-07 03:38:25 {"status":"ok","msg":"添加成功！211259"}
2021-07-07 03:38:25 下次操作: 2021-07-07 03:38:40

2021-07-07 03:38:40 开始第 6 次操作

2021-07-07 03:38:40 开始操作号码 【1737588】
2021-07-07 03:38:44 GSD getOne 第 1 次 等待 1 秒
2021-07-07 03:38:45 查询号码 【1737588】，返回信息 {"status":"bad","msg":""}
2021-07-07 03:38:45 查询号码 【1737588】，GSD为【""】
2021-07-07 03:38:45 bad
2021-07-07 03:38:47 CHB 1737588?1625600325 第 1 次 等待 1 秒
2021-07-07 03:38:48 CHB 1737588?1625600325 第 1 次 获取到号码【1737588】GSD
2021-07-07 03:38:48 获取到号码【1737588】的GSD为【湖南-长沙】
2021-07-07 03:39:07 GSD insert 第 1 次 等待 1 秒
2021-07-07 03:39:08 {"status":"ok","msg":"添加成功！211272"}
2021-07-07 03:39:08 下次操作: 2021-07-07 03:39:15

2021-07-07 03:39:15 开始第 7 次操作

2021-07-07 03:39:15 开始操作号码 【1737589】
2021-07-07 03:39:34 GSD getOne 第 1 次 等待 1 秒
2021-07-07 03:39:35 查询号码 【1737589】，返回信息 {"status":"bad","msg":""}
2021-07-07 03:39:35 查询号码 【1737589】，GSD为【""】
2021-07-07 03:39:35 bad
2021-07-07 03:39:37 CHB 1737589?1625600375 第 1 次 等待 1 秒
2021-07-07 03:39:38 CHB 1737589?1625600375 第 1 次 获取到号码【1737589】GSD
2021-07-07 03:39:38 获取到号码【1737589】的GSD为【湖南-长沙】
2021-07-07 03:39:58 GSD insert 第 1 次 等待 1 秒
2021-07-07 03:39:59 {"status":"ok","msg":"添加成功！211288"}
2021-07-07 03:39:59 下次操作: 2021-07-07 03:40:16

2021-07-07 03:40:16 开始第 8 次操作

2021-07-07 03:40:16 开始操作号码 【1737590】
2021-07-07 03:40:19 GSD getOne 第 1 次 等待 1 秒
2021-07-07 03:40:20 查询号码 【1737590】，返回信息 {"status":"bad","msg":""}
2021-07-07 03:40:20 查询号码 【1737590】，GSD为【""】
2021-07-07 03:40:20 bad
2021-07-07 03:40:22 CHB 1737590?1625600420 第 1 次 等待 1 秒
2021-07-07 03:40:23 CHB 1737590?1625600420 第 1 次 获取到号码【1737590】GSD
2021-07-07 03:40:23 获取到号码【1737590】的GSD为【湖南-怀化】
2021-07-07 03:40:43 GSD insert 第 1 次 等待 1 秒
2021-07-07 03:40:44 {"status":"ok","msg":"添加成功！211303"}
2021-07-07 03:40:44 下次操作: 2021-07-07 03:40:58

2021-07-07 03:40:58 开始第 9 次操作

2021-07-07 03:40:58 开始操作号码 【1737591】
2021-07-07 03:41:02 GSD getOne 第 1 次 等待 1 秒
2021-07-07 03:41:04 查询号码 【1737591】，返回信息 {"status":"bad","msg":""}
2021-07-07 03:41:04 查询号码 【1737591】，GSD为【""】
2021-07-07 03:41:04 bad
2021-07-07 03:41:05 CHB 1737591?1625600464 第 1 次 等待 1 秒
2021-07-07 03:41:06 CHB 1737591?1625600464 第 1 次 获取到号码【1737591】GSD
2021-07-07 03:41:06 获取到号码【1737591】的GSD为【湖南-怀化】
2021-07-07 03:41:26 GSD insert 第 1 次 等待 1 秒
2021-07-07 03:41:27 {"status":"ok","msg":"添加成功！211316"}
2021-07-07 03:41:27 下次操作: 2021-07-07 03:41:44

2021-07-07 03:41:44 开始第 10 次操作

2021-07-07 03:41:44 开始操作号码 【1737592】
2021-07-07 03:41:48 GSD getOne 第 1 次 等待 1 秒
2021-07-07 03:41:49 查询号码 【1737592】，返回信息 {"status":"bad","msg":""}
2021-07-07 03:41:49 查询号码 【1737592】，GSD为【""】
2021-07-07 03:41:49 bad
2021-07-07 03:41:50 CHB 1737592?1625600509 第 1 次 等待 1 秒
2021-07-07 03:41:51 CHB 1737592?1625600509 第 1 次 获取到号码【1737592】GSD
2021-07-07 03:41:51 获取到号码【1737592】的GSD为【湖南-怀化】
2021-07-07 03:42:10 GSD insert 第 1 次 等待 1 秒
2021-07-07 03:42:11 {"status":"ok","msg":"添加成功！211329"}
2021-07-07 03:42:11 下次操作: 2021-07-07 03:42:29

2021-07-07 03:42:29 开始第 11 次操作

2021-07-07 03:42:29 开始操作号码 【1737593】
2021-07-07 03:42:33 GSD getOne 第 1 次 等待 1 秒
2021-07-07 03:42:34 查询号码 【1737593】，返回信息 {"status":"bad","msg":""}
2021-07-07 03:42:34 查询号码 【1737593】，GSD为【""】
2021-07-07 03:42:34 bad
2021-07-07 03:42:36 CHB 1737593?1625600554 第 1 次 等待 1 秒
2021-07-07 03:42:37 CHB 1737593?1625600554 第 1 次 获取到号码【1737593】GSD
2021-07-07 03:42:37 获取到号码【1737593】的GSD为【湖南-吉首】
2021-07-07 03:42:56 GSD insert 第 1 次 等待 1 秒
2021-07-07 03:42:57 {"status":"ok","msg":"添加成功！211342"}
2021-07-07 03:42:57 下次操作: 2021-07-07 03:43:03

2021-07-07 03:43:03 开始第 12 次操作

2021-07-07 03:43:03 开始操作号码 【1737594】
2021-07-07 03:43:22 GSD getOne 第 1 次 等待 1 秒
2021-07-07 03:43:23 查询号码 【1737594】，返回信息 {"status":"bad","msg":""}
2021-07-07 03:43:23 查询号码 【1737594】，GSD为【""】
2021-07-07 03:43:23 bad
2021-07-07 03:43:25 CHB 1737594?1625600603 第 1 次 等待 1 秒
2021-07-07 03:43:26 CHB 1737594?1625600603 第 1 次 获取到号码【1737594】GSD
2021-07-07 03:43:26 获取到号码【1737594】的GSD为【湖南-张家界】
2021-07-07 03:43:45 GSD insert 第 1 次 等待 1 秒
2021-07-07 03:43:46 {"status":"ok","msg":"添加成功！211353"}
2021-07-07 03:43:46 下次操作: 2021-07-07 03:44:04

2021-07-07 03:44:04 开始第 13 次操作

2021-07-07 03:44:04 开始操作号码 【1737595】
2021-07-07 03:44:08 GSD getOne 第 1 次 等待 1 秒
2021-07-07 03:44:09 查询号码 【1737595】，返回信息 {"status":"ok","msg":"湖南-怀化","time_insert":"2019-08-26 15:57","time_update":"2020-09-23 08:37"}
2021-07-07 03:44:09 查询号码 【1737595】，GSD为【"湖南-怀化"】

2021-07-07 03:44:09 开始第 13 次操作

2021-07-07 03:44:09 开始操作号码 【1737596】
2021-07-07 03:44:28 GSD getOne 第 1 次 等待 1 秒
2021-07-07 03:44:29 查询号码 【1737596】，返回信息 {"status":"bad","msg":""}
2021-07-07 03:44:29 查询号码 【1737596】，GSD为【""】
2021-07-07 03:44:29 bad
2021-07-07 03:44:31 CHB 1737596?1625600669 第 1 次 等待 1 秒
2021-07-07 03:44:32 CHB 1737596?1625600669 第 1 次 获取到号码【1737596】GSD
2021-07-07 03:44:32 获取到号码【1737596】的GSD为【湖南-永州】
2021-07-07 03:44:51 GSD insert 第 1 次 等待 1 秒
2021-07-07 03:44:52 {"status":"ok","msg":"添加成功！211370"}
2021-07-07 03:44:52 下次操作: 2021-07-07 03:44:59

2021-07-07 03:44:59 开始第 14 次操作

2021-07-07 03:44:59 开始操作号码 【1737597】
2021-07-07 03:45:19 GSD getOne 第 1 次 等待 1 秒
2021-07-07 03:45:20 查询号码 【1737597】，返回信息 {"status":"bad","msg":""}
2021-07-07 03:45:20 查询号码 【1737597】，GSD为【""】
2021-07-07 03:45:20 bad
2021-07-07 03:45:21 CHB 1737597?1625600720 第 1 次 等待 1 秒
2021-07-07 03:45:22 CHB 1737597?1625600720 第 1 次 获取到号码【1737597】GSD
2021-07-07 03:45:22 获取到号码【1737597】的GSD为【湖南-永州】
2021-07-07 03:45:42 GSD insert 第 1 次 等待 1 秒
2021-07-07 03:45:43 {"status":"ok","msg":"添加成功！211387"}
2021-07-07 03:45:43 下次操作: 2021-07-07 03:45:57

2021-07-07 03:45:57 开始第 15 次操作

2021-07-07 03:45:57 开始操作号码 【1737598】
2021-07-07 03:46:01 GSD getOne 第 1 次 等待 1 秒
2021-07-07 03:46:02 查询号码 【1737598】，返回信息 {"status":"bad","msg":""}
2021-07-07 03:46:02 查询号码 【1737598】，GSD为【""】
2021-07-07 03:46:02 bad
2021-07-07 03:46:04 CHB 1737598?1625600762 第 1 次 等待 1 秒
2021-07-07 03:46:05 CHB 1737598?1625600762 第 1 次 获取到号码【1737598】GSD
2021-07-07 03:46:05 获取到号码【1737598】的GSD为【湖南-永州】
2021-07-07 03:46:25 GSD insert 第 1 次 等待 1 秒
2021-07-07 03:46:26 {"status":"ok","msg":"添加成功！211400"}
2021-07-07 03:46:26 下次操作: 2021-07-07 03:46:32

2021-07-07 03:46:32 开始第 16 次操作

2021-07-07 03:46:32 开始操作号码 【1737599】
2021-07-07 03:46:51 GSD getOne 第 1 次 等待 1 秒
2021-07-07 03:46:52 查询号码 【1737599】，返回信息 {"status":"bad","msg":""}
2021-07-07 03:46:52 查询号码 【1737599】，GSD为【""】
2021-07-07 03:46:52 bad
2021-07-07 03:46:58 CHB 1737599?1625600812 第 1 次 等待 1 秒
2021-07-07 03:46:59 CHB 1737599?1625600812 第 1 次 获取到号码【1737599】GSD
2021-07-07 03:46:59 获取到号码【1737599】的GSD为【湖南-张家界】
2021-07-07 03:47:18 GSD insert 第 1 次 等待 1 秒
2021-07-07 03:47:19 {"status":"ok","msg":"添加成功！211415"}
2021-07-07 03:47:19 下次操作: 2021-07-07 03:47:35

2021-07-07 03:47:35 开始第 17 次操作

2021-07-07 03:47:35 开始操作号码 【1737600】
2021-07-07 03:47:39 GSD getOne 第 1 次 等待 1 秒
2021-07-07 03:47:40 查询号码 【1737600】，返回信息 {"status":"bad","msg":""}
2021-07-07 03:47:40 查询号码 【1737600】，GSD为【""】
2021-07-07 03:47:40 bad
2021-07-07 03:47:42 CHB 1737600?1625600860 第 1 次 等待 1 秒
2021-07-07 03:47:43 CHB 1737600?1625600860 第 1 次 获取到号码【1737600】GSD
2021-07-07 03:47:43 获取到号码【1737600】的GSD为【广西-南宁】
2021-07-07 03:48:02 GSD insert 第 1 次 等待 1 秒
2021-07-07 03:48:03 {"status":"ok","msg":"添加成功！211427"}
2021-07-07 03:48:03 下次操作: 2021-07-07 03:48:10

2021-07-07 03:48:10 开始第 18 次操作

2021-07-07 03:48:10 开始操作号码 【1737601】
2021-07-07 03:48:29 GSD getOne 第 1 次 等待 1 秒
2021-07-07 03:48:30 查询号码 【1737601】，返回信息 {"status":"ok","msg":"广西-南宁","time_insert":"2018-06-21 15:20","time_update":"2020-12-17 15:04"}
2021-07-07 03:48:30 查询号码 【1737601】，GSD为【"广西-南宁"】

2021-07-07 03:48:30 开始第 18 次操作

2021-07-07 03:48:30 开始操作号码 【1737602】
2021-07-07 03:48:49 GSD getOne 第 1 次 等待 1 秒
2021-07-07 03:48:50 查询号码 【1737602】，返回信息 {"status":"bad","msg":""}
2021-07-07 03:48:50 查询号码 【1737602】，GSD为【""】
2021-07-07 03:48:50 bad
2021-07-07 03:48:52 CHB 1737602?1625600930 第 1 次 等待 1 秒
2021-07-07 03:48:53 CHB 1737602?1625600930 第 1 次 获取到号码【1737602】GSD
2021-07-07 03:48:53 获取到号码【1737602】的GSD为【广西-南宁】
2021-07-07 03:49:12 GSD insert 第 1 次 等待 1 秒
2021-07-07 03:49:13 {"status":"ok","msg":"添加成功！211446"}
2021-07-07 03:49:13 下次操作: 2021-07-07 03:49:21

2021-07-07 03:49:21 开始第 19 次操作

2021-07-07 03:49:21 开始操作号码 【1737603】
2021-07-07 03:49:32 GSD getOne 第 1 次 等待 1 秒
2021-07-07 03:49:33 查询号码 【1737603】，返回信息 {"status":"bad","msg":""}
2021-07-07 03:49:33 查询号码 【1737603】，GSD为【""】
2021-07-07 03:49:33 bad
2021-07-07 03:49:35 CHB 1737603?1625600973 第 1 次 等待 1 秒
2021-07-07 03:49:36 CHB 1737603?1625600973 第 1 次 获取到号码【1737603】GSD
2021-07-07 03:49:36 获取到号码【1737603】的GSD为【广西-南宁】
2021-07-07 03:49:55 GSD insert 第 1 次 等待 1 秒
2021-07-07 03:49:56 {"status":"ok","msg":"添加成功！211453"}
2021-07-07 03:49:56 下次操作: 2021-07-07 03:50:09

2021-07-07 03:50:09 开始第 20 次操作

2021-07-07 03:50:09 开始操作号码 【1737604】
2021-07-07 03:50:16 GSD getOne 第 1 次 等待 1 秒
2021-07-07 03:50:17 查询号码 【1737604】，返回信息 {"status":"bad","msg":""}
2021-07-07 03:50:17 查询号码 【1737604】，GSD为【""】
2021-07-07 03:50:17 bad
2021-07-07 03:50:19 CHB 1737604?1625601017 第 1 次 等待 1 秒
2021-07-07 03:50:20 CHB 1737604?1625601017 第 1 次 获取到号码【1737604】GSD
2021-07-07 03:50:20 获取到号码【1737604】的GSD为【广西-南宁】
2021-07-07 03:50:39 GSD insert 第 1 次 等待 1 秒
2021-07-07 03:50:40 {"status":"ok","msg":"添加成功！211458"}
2021-07-07 03:50:40 下次操作: 2021-07-07 03:50:58

2021-07-07 03:50:58 开始第 21 次操作

2021-07-07 03:50:58 开始操作号码 【1737605】
2021-07-07 03:51:02 GSD getOne 第 1 次 等待 1 秒
2021-07-07 03:51:03 查询号码 【1737605】，返回信息 {"status":"bad","msg":""}
2021-07-07 03:51:03 查询号码 【1737605】，GSD为【""】
2021-07-07 03:51:03 bad
2021-07-07 03:51:05 CHB 1737605?1625601063 第 1 次 等待 1 秒
2021-07-07 03:51:06 CHB 1737605?1625601063 第 1 次 获取到号码【1737605】GSD
2021-07-07 03:51:06 获取到号码【1737605】的GSD为【广西-崇左】
2021-07-07 03:51:25 GSD insert 第 1 次 等待 1 秒
2021-07-07 03:51:26 {"status":"ok","msg":"添加成功！211463"}
2021-07-07 03:51:26 下次操作: 2021-07-07 03:51:40

2021-07-07 03:51:40 开始第 22 次操作

2021-07-07 03:51:40 开始操作号码 【1737606】
2021-07-07 03:51:45 GSD getOne 第 1 次 等待 1 秒
2021-07-07 03:51:46 查询号码 【1737606】，返回信息 {"status":"bad","msg":""}
2021-07-07 03:51:46 查询号码 【1737606】，GSD为【""】
2021-07-07 03:51:46 bad
2021-07-07 03:51:48 CHB 1737606?1625601106 第 1 次 等待 1 秒
2021-07-07 03:51:49 CHB 1737606?1625601106 第 1 次 获取到号码【1737606】GSD
2021-07-07 03:51:49 获取到号码【1737606】的GSD为【广西-崇左】
2021-07-07 03:52:08 GSD insert 第 1 次 等待 1 秒
2021-07-07 03:52:09 {"status":"ok","msg":"添加成功！211467"}
2021-07-07 03:52:09 下次操作: 2021-07-07 03:52:17

2021-07-07 03:52:17 开始第 23 次操作

2021-07-07 03:52:17 开始操作号码 【1737607】
2021-07-07 03:52:28 GSD getOne 第 1 次 等待 1 秒
2021-07-07 03:52:29 查询号码 【1737607】，返回信息 {"status":"bad","msg":""}
2021-07-07 03:52:29 查询号码 【1737607】，GSD为【""】
2021-07-07 03:52:29 bad
2021-07-07 03:52:31 CHB 1737607?1625601149 第 1 次 等待 1 秒
2021-07-07 03:52:32 CHB 1737607?1625601149 第 1 次 获取到号码【1737607】GSD
2021-07-07 03:52:32 获取到号码【1737607】的GSD为【广西-钦州】
2021-07-07 03:52:51 GSD insert 第 1 次 等待 1 秒
2021-07-07 03:52:52 {"status":"ok","msg":"添加成功！211472"}
2021-07-07 03:52:52 下次操作: 2021-07-07 03:53:06

2021-07-07 03:53:06 开始第 24 次操作

2021-07-07 03:53:06 开始操作号码 【1737608】
2021-07-07 03:53:11 GSD getOne 第 1 次 等待 1 秒
2021-07-07 03:53:12 查询号码 【1737608】，返回信息 {"status":"bad","msg":""}
2021-07-07 03:53:12 查询号码 【1737608】，GSD为【""】
2021-07-07 03:53:12 bad
2021-07-07 03:53:14 CHB 1737608?1625601192 第 1 次 等待 1 秒
2021-07-07 03:53:15 CHB 1737608?1625601192 第 1 次 获取到号码【1737608】GSD
2021-07-07 03:53:15 获取到号码【1737608】的GSD为【广西-北海】
2021-07-07 03:53:34 GSD insert 第 1 次 等待 1 秒
2021-07-07 03:53:35 {"status":"ok","msg":"添加成功！211475"}
2021-07-07 03:53:35 下次操作: 2021-07-07 03:53:52

2021-07-07 03:53:52 开始第 25 次操作

2021-07-07 03:53:52 开始操作号码 【1737609】
2021-07-07 03:53:56 GSD getOne 第 1 次 等待 1 秒
2021-07-07 03:53:57 查询号码 【1737609】，返回信息 {"status":"bad","msg":""}
2021-07-07 03:53:57 查询号码 【1737609】，GSD为【""】
2021-07-07 03:53:57 bad
2021-07-07 03:53:58 CHB 1737609?1625601237 第 1 次 等待 1 秒
2021-07-07 03:53:59 CHB 1737609?1625601237 第 1 次 获取到号码【1737609】GSD
2021-07-07 03:53:59 获取到号码【1737609】的GSD为【广西-北海】
2021-07-07 03:54:19 GSD insert 第 1 次 等待 1 秒
2021-07-07 03:54:20 {"status":"ok","msg":"添加成功！211478"}
2021-07-07 03:54:20 下次操作: 2021-07-07 03:54:29

2021-07-07 03:54:29 开始第 26 次操作

2021-07-07 03:54:29 开始操作号码 【1737610】
2021-07-07 03:54:40 GSD getOne 第 1 次 等待 1 秒
2021-07-07 03:54:41 查询号码 【1737610】，返回信息 {"status":"bad","msg":""}
2021-07-07 03:54:41 查询号码 【1737610】，GSD为【""】
2021-07-07 03:54:41 bad
2021-07-07 03:54:43 CHB 1737610?1625601281 第 1 次 等待 1 秒
2021-07-07 03:54:44 CHB 1737610?1625601281 第 1 次 获取到号码【1737610】GSD
2021-07-07 03:54:44 获取到号码【1737610】的GSD为【广西-柳州】
2021-07-07 03:55:03 GSD insert 第 1 次 等待 1 秒
2021-07-07 03:55:04 {"status":"ok","msg":"添加成功！211484"}
2021-07-07 03:55:04 下次操作: 2021-07-07 03:55:15

2021-07-07 03:55:15 开始第 27 次操作

2021-07-07 03:55:15 开始操作号码 【1737611】
2021-07-07 03:55:26 GSD getOne 第 1 次 等待 1 秒
2021-07-07 03:55:27 查询号码 【1737611】，返回信息 {"status":"bad","msg":""}
2021-07-07 03:55:27 查询号码 【1737611】，GSD为【""】
2021-07-07 03:55:27 bad
2021-07-07 03:55:29 CHB 1737611?1625601327 第 1 次 等待 1 秒
2021-07-07 03:55:30 CHB 1737611?1625601327 第 1 次 获取到号码【1737611】GSD
2021-07-07 03:55:30 获取到号码【1737611】的GSD为【广西-柳州】
2021-07-07 03:55:49 GSD insert 第 1 次 等待 1 秒
2021-07-07 03:55:50 {"status":"ok","msg":"添加成功！211488"}
2021-07-07 03:55:50 下次操作: 2021-07-07 03:56:03

2021-07-07 03:56:03 开始第 28 次操作

2021-07-07 03:56:03 开始操作号码 【1737612】
2021-07-07 03:56:10 GSD getOne 第 1 次 等待 1 秒
2021-07-07 03:56:11 查询号码 【1737612】，返回信息 {"status":"bad","msg":""}
2021-07-07 03:56:11 查询号码 【1737612】，GSD为【""】
2021-07-07 03:56:11 bad
2021-07-07 03:56:13 CHB 1737612?1625601371 第 1 次 等待 1 秒
2021-07-07 03:56:14 CHB 1737612?1625601371 第 1 次 获取到号码【1737612】GSD
2021-07-07 03:56:14 获取到号码【1737612】的GSD为【广西-柳州】
2021-07-07 03:56:33 GSD insert 第 1 次 等待 1 秒
2021-07-07 03:56:34 {"status":"ok","msg":"添加成功！211492"}
2021-07-07 03:56:34 下次操作: 2021-07-07 03:56:42

2021-07-07 03:56:42 开始第 29 次操作

2021-07-07 03:56:42 开始操作号码 【1737613】
2021-07-07 03:56:53 GSD getOne 第 1 次 等待 1 秒
2021-07-07 03:56:54 查询号码 【1737613】，返回信息 {"status":"bad","msg":""}
2021-07-07 03:56:54 查询号码 【1737613】，GSD为【""】
2021-07-07 03:56:54 bad
2021-07-07 03:56:59 CHB 1737613?1625601414 第 1 次 等待 1 秒
2021-07-07 03:57:00 CHB 1737613?1625601414 第 1 次 获取到号码【1737613】GSD
2021-07-07 03:57:00 获取到号码【1737613】的GSD为【广西-柳州】
2021-07-07 03:57:20 GSD insert 第 1 次 等待 1 秒
2021-07-07 03:57:21 {"status":"ok","msg":"添加成功！211495"}
2021-07-07 03:57:21 下次操作: 2021-07-07 03:57:29

2021-07-07 03:57:29 开始第 30 次操作

2021-07-07 03:57:29 开始操作号码 【1737614】
2021-07-07 03:57:42 GSD getOne 第 1 次 等待 1 秒
2021-07-07 03:57:43 查询号码 【1737614】，返回信息 {"status":"bad","msg":""}
2021-07-07 03:57:43 查询号码 【1737614】，GSD为【""】
2021-07-07 03:57:43 bad
2021-07-07 03:57:44 CHB 1737614?1625601463 第 1 次 等待 1 秒
2021-07-07 03:57:45 CHB 1737614?1625601463 第 1 次 获取到号码【1737614】GSD
2021-07-07 03:57:46 获取到号码【1737614】的GSD为【广西-柳州】
2021-07-07 03:58:05 GSD insert 第 1 次 等待 1 秒
2021-07-07 03:58:06 {"status":"ok","msg":"添加成功！211498"}

