2024-01-18 00:10:26 开始第 9577 次操作

2024-01-18 00:10:26 开始操作号码 【1899486】
2024-01-18 00:10:30 GSD getOne 第 1 次 等待 3 秒
2024-01-18 00:10:33 查询号码 【1899486】，返回信息 {"status":"ok","msg":"江苏-扬州","gid":"434993","time_insert":"2021-07-29 16:10"}
2024-01-18 00:10:33 查询号码 【1899486】，GSD为【"江苏-扬州"】

2024-01-18 00:10:34 开始第 9578 次操作

2024-01-18 00:10:34 开始操作号码 【1899487】
2024-01-18 00:10:38 GSD getOne 第 1 次 等待 3 秒
2024-01-18 00:10:41 查询号码 【1899487】，返回信息 {"status":"ok","msg":"江苏-扬州","gid":"434987","time_insert":"2021-07-29 16:09"}
2024-01-18 00:10:41 查询号码 【1899487】，GSD为【"江苏-扬州"】

2024-01-18 00:10:42 开始第 9579 次操作

2024-01-18 00:10:42 开始操作号码 【1899488】
2024-01-18 00:10:46 GSD getOne 第 1 次 等待 3 秒
2024-01-18 00:10:49 查询号码 【1899488】，返回信息 {"status":"ok","msg":"江苏-扬州","gid":"434980","time_insert":"2021-07-29 16:08"}
2024-01-18 00:10:49 查询号码 【1899488】，GSD为【"江苏-扬州"】

2024-01-18 00:10:50 开始第 9580 次操作

2024-01-18 00:10:50 开始操作号码 【1899489】
2024-01-18 00:10:54 GSD getOne 第 1 次 等待 3 秒
2024-01-18 00:10:57 查询号码 【1899489】，返回信息 {"status":"ok","msg":"江苏-扬州","gid":"434978","time_insert":"2021-07-29 16:07"}
2024-01-18 00:10:57 查询号码 【1899489】，GSD为【"江苏-扬州"】

2024-01-18 00:38:17 开始第 9581 次操作

2024-01-18 00:38:17 开始操作号码 【1899490】
2024-01-18 00:38:23 GSD getOne 第 1 次 等待 3 秒
2024-01-18 00:38:26 查询号码 【1899490】，返回信息 {"status":"ok","msg":"江苏-徐州","gid":"434973","time_insert":"2021-07-29 16:07"}
2024-01-18 00:38:26 查询号码 【1899490】，GSD为【"江苏-徐州"】

2024-01-18 00:38:27 开始第 9582 次操作

2024-01-18 00:38:27 开始操作号码 【1899491】
2024-01-18 00:38:31 GSD getOne 第 1 次 等待 3 秒
2024-01-18 00:38:34 查询号码 【1899491】，返回信息 {"status":"ok","msg":"江苏-徐州","gid":"434969","time_insert":"2021-07-29 16:06"}
2024-01-18 00:38:34 查询号码 【1899491】，GSD为【"江苏-徐州"】

2024-01-18 00:38:35 开始第 9583 次操作

2024-01-18 00:38:35 开始操作号码 【1899492】
2024-01-18 00:38:40 GSD getOne 第 1 次 等待 3 秒
2024-01-18 00:38:43 查询号码 【1899492】，返回信息 {"status":"ok","msg":"江苏-徐州","gid":"434961","time_insert":"2021-07-29 16:05"}
2024-01-18 00:38:43 查询号码 【1899492】，GSD为【"江苏-徐州"】

2024-01-18 00:38:44 开始第 9584 次操作

2024-01-18 00:38:44 开始操作号码 【1899493】
2024-01-18 00:38:48 GSD getOne 第 1 次 等待 3 秒
2024-01-18 00:38:51 查询号码 【1899493】，返回信息 {"status":"ok","msg":"江苏-徐州","gid":"434952","time_insert":"2021-07-29 16:04"}
2024-01-18 00:38:51 查询号码 【1899493】，GSD为【"江苏-徐州"】

