2024-06-09 00:11:40 开始第 149 次操作

2024-06-09 00:11:40 开始操作号码 【1560056】
2024-06-09 00:11:45 GSD getOne 第 1 次 等待 3 秒
2024-06-09 00:11:48 查询号码 【1560056】，返回信息 {"status":"ok","msg":"北京-北京","gid":"82005","time_insert":"2021-06-06 01:05"}
2024-06-09 00:11:48 查询号码 【1560056】，GSD为【"北京-北京"】

2024-06-09 00:11:49 开始第 150 次操作

2024-06-09 00:11:49 开始操作号码 【1560057】
2024-06-09 00:11:56 GSD getOne 第 1 次 等待 3 秒
2024-06-09 00:11:59 查询号码 【1560057】，返回信息 {"status":"ok","msg":"北京-北京","gid":"82028","time_insert":"2021-06-06 01:24"}
2024-06-09 00:11:59 查询号码 【1560057】，GSD为【"北京-北京"】

2024-06-09 00:12:00 开始第 151 次操作

2024-06-09 00:12:00 开始操作号码 【1560058】
2024-06-09 00:12:06 GSD getOne 第 1 次 等待 3 秒
2024-06-09 00:12:09 查询号码 【1560058】，返回信息 {"status":"ok","msg":"北京-北京","gid":"82052","time_insert":"2021-06-06 01:45"}
2024-06-09 00:12:09 查询号码 【1560058】，GSD为【"北京-北京"】

2024-06-09 00:12:10 开始第 152 次操作

2024-06-09 00:12:10 开始操作号码 【1560059】
2024-06-09 00:12:16 GSD getOne 第 1 次 等待 3 秒
2024-06-09 00:12:19 查询号码 【1560059】，返回信息 {"status":"ok","msg":"北京-北京","gid":"82069","time_insert":"2021-06-06 02:02"}
2024-06-09 00:12:19 查询号码 【1560059】，GSD为【"北京-北京"】

2024-06-09 00:37:26 开始第 153 次操作

2024-06-09 00:37:26 开始操作号码 【1560060】
2024-06-09 00:37:33 GSD getOne 第 1 次 等待 3 秒
2024-06-09 00:37:36 查询号码 【1560060】，返回信息 {"status":"ok","msg":"北京-北京","gid":"82088","time_insert":"2021-06-06 02:19"}
2024-06-09 00:37:36 查询号码 【1560060】，GSD为【"北京-北京"】

2024-06-09 00:37:37 开始第 154 次操作

2024-06-09 00:37:37 开始操作号码 【1560061】
2024-06-09 00:37:47 GSD getOne 第 1 次 等待 3 秒
2024-06-09 00:37:50 查询号码 【1560061】，返回信息 {"status":"ok","msg":"北京-北京","gid":"82107","time_insert":"2021-06-06 02:37"}
2024-06-09 00:37:50 查询号码 【1560061】，GSD为【"北京-北京"】

2024-06-09 00:37:51 开始第 155 次操作

2024-06-09 00:37:51 开始操作号码 【1560062】
2024-06-09 00:38:05 GSD getOne 第 1 次 等待 3 秒
2024-06-09 00:38:08 查询号码 【1560062】，返回信息 {"status":"ok","msg":"北京-北京","gid":"82129","time_insert":"2021-06-06 02:57"}
2024-06-09 00:38:08 查询号码 【1560062】，GSD为【"北京-北京"】

2024-06-09 00:38:09 开始第 156 次操作

2024-06-09 00:38:09 开始操作号码 【1560063】
2024-06-09 00:38:32 GSD getOne 第 1 次 等待 3 秒
2024-06-09 00:38:35 查询号码 【1560063】，返回信息 {"status":"ok","msg":"北京-北京","gid":"82147","time_insert":"2021-06-06 03:14"}
2024-06-09 00:38:35 查询号码 【1560063】，GSD为【"北京-北京"】

