2023-10-06 00:10:11 开始第 1773 次操作

2023-10-06 00:10:11 开始操作号码 【1991772】
2023-10-06 00:10:18 GSD getOne 第 1 次 等待 3 秒
2023-10-06 00:10:21 查询号码 【1991772】，返回信息 {"status":"ok","msg":"黑龙江-齐齐哈尔","gid":"499599","time_insert":"2021-08-08 08:05"}
2023-10-06 00:10:21 查询号码 【1991772】，GSD为【"黑龙江-齐齐哈尔"】

2023-10-06 00:10:22 开始第 1774 次操作

2023-10-06 00:10:22 开始操作号码 【1991773】
2023-10-06 00:10:26 GSD getOne 第 1 次 等待 3 秒
2023-10-06 00:10:29 查询号码 【1991773】，返回信息 {"status":"ok","msg":"黑龙江-齐齐哈尔","gid":"499605","time_insert":"2021-08-08 08:14"}
2023-10-06 00:10:29 查询号码 【1991773】，GSD为【"黑龙江-齐齐哈尔"】

2023-10-06 00:10:30 开始第 1775 次操作

2023-10-06 00:10:30 开始操作号码 【1991774】
2023-10-06 00:10:35 GSD getOne 第 1 次 等待 3 秒
2023-10-06 00:10:38 查询号码 【1991774】，返回信息 {"status":"ok","msg":"黑龙江-齐齐哈尔","gid":"499606","time_insert":"2021-08-08 08:17"}
2023-10-06 00:10:38 查询号码 【1991774】，GSD为【"黑龙江-齐齐哈尔"】

2023-10-06 00:10:39 开始第 1776 次操作

2023-10-06 00:10:39 开始操作号码 【1991775】
2023-10-06 00:10:42 GSD getOne 第 1 次 等待 3 秒
2023-10-06 00:10:45 查询号码 【1991775】，返回信息 {"status":"ok","msg":"黑龙江-齐齐哈尔","gid":"499611","time_insert":"2021-08-08 08:23"}
2023-10-06 00:10:45 查询号码 【1991775】，GSD为【"黑龙江-齐齐哈尔"】

2023-10-06 00:38:06 开始第 1777 次操作

2023-10-06 00:38:06 开始操作号码 【1991776】
2023-10-06 00:38:08 GSD getOne 第 1 次 等待 3 秒
2023-10-06 00:38:11 查询号码 【1991776】，返回信息 {"status":"ok","msg":"黑龙江-齐齐哈尔","gid":"499612","time_insert":"2021-08-08 08:27"}
2023-10-06 00:38:11 查询号码 【1991776】，GSD为【"黑龙江-齐齐哈尔"】

2023-10-06 00:38:12 开始第 1778 次操作

2023-10-06 00:38:12 开始操作号码 【1991777】
2023-10-06 00:38:15 GSD getOne 第 1 次 等待 3 秒
2023-10-06 00:38:18 查询号码 【1991777】，返回信息 {"status":"ok","msg":"黑龙江-齐齐哈尔","gid":"499618","time_insert":"2021-08-08 08:33"}
2023-10-06 00:38:18 查询号码 【1991777】，GSD为【"黑龙江-齐齐哈尔"】

2023-10-06 00:38:19 开始第 1779 次操作

2023-10-06 00:38:19 开始操作号码 【1991778】
2023-10-06 00:38:23 GSD getOne 第 1 次 等待 3 秒
2023-10-06 00:38:26 查询号码 【1991778】，返回信息 {"status":"ok","msg":"黑龙江-齐齐哈尔","gid":"499620","time_insert":"2021-08-08 08:38"}
2023-10-06 00:38:26 查询号码 【1991778】，GSD为【"黑龙江-齐齐哈尔"】

2023-10-06 00:38:27 开始第 1780 次操作

2023-10-06 00:38:27 开始操作号码 【1991779】
2023-10-06 00:38:32 GSD getOne 第 1 次 等待 3 秒
2023-10-06 00:38:35 查询号码 【1991779】，返回信息 {"status":"ok","msg":"黑龙江-鸡西","gid":"499625","time_insert":"2021-08-08 08:42"}
2023-10-06 00:38:35 查询号码 【1991779】，GSD为【"黑龙江-鸡西"】

