2024-05-14 00:11:51 开始第 9017 次操作

2024-05-14 00:11:51 开始操作号码 【1678923】
2024-05-14 00:12:05 GSD getOne 第 1 次 等待 3 秒
2024-05-14 00:12:08 查询号码 【1678923】，返回信息 {"status":"ok","msg":"湖北-襄阳","gid":"326205","time_insert":"2021-07-19 13:13","time_update":"2023-05-29 15:09"}
2024-05-14 00:12:09 查询号码 【1678923】，GSD为【"湖北-襄阳"】

2024-05-14 00:12:10 开始第 9018 次操作

2024-05-14 00:12:10 开始操作号码 【1678924】
2024-05-14 00:12:15 GSD getOne 第 1 次 等待 3 秒
2024-05-14 00:12:18 查询号码 【1678924】，返回信息 {"status":"ok","msg":"内蒙古-通辽","gid":"326215","time_insert":"2021-07-19 13:13","time_update":"2023-05-29 15:27"}
2024-05-14 00:12:18 查询号码 【1678924】，GSD为【"内蒙古-通辽"】

2024-05-14 00:12:19 开始第 9019 次操作

2024-05-14 00:12:19 开始操作号码 【1678925】
2024-05-14 00:12:26 GSD getOne 第 1 次 等待 3 秒
2024-05-14 00:12:29 查询号码 【1678925】，返回信息 {"status":"ok","msg":"吉林-四平","gid":"326225","time_insert":"2021-07-19 13:14","time_update":"2023-05-29 15:36"}
2024-05-14 00:12:29 查询号码 【1678925】，GSD为【"吉林-四平"】

2024-05-14 00:12:30 开始第 9020 次操作

2024-05-14 00:12:30 开始操作号码 【1678926】
2024-05-14 00:12:39 GSD getOne 第 1 次 等待 3 秒
2024-05-14 00:12:42 查询号码 【1678926】，返回信息 {"status":"ok","msg":"山东-济南","gid":"326227","time_insert":"2021-07-19 13:15","time_update":"2023-05-29 15:57"}
2024-05-14 00:12:42 查询号码 【1678926】，GSD为【"山东-济南"】

