2024-06-25 00:10:31 开始第 3061 次操作

2024-06-25 00:10:31 开始操作号码 【1562968】
2024-06-25 00:10:47 GSD getOne 第 1 次 等待 3 秒
2024-06-25 00:10:50 查询号码 【1562968】，返回信息 {"status":"ok","msg":"湖北-黄冈","gid":"241917","time_insert":"2021-07-10 19:06"}
2024-06-25 00:10:50 查询号码 【1562968】，GSD为【"湖北-黄冈"】

2024-06-25 00:10:51 开始第 3062 次操作

2024-06-25 00:10:51 开始操作号码 【1562969】
2024-06-25 00:11:19 GSD getOne 第 1 次 等待 3 秒
2024-06-25 00:11:22 查询号码 【1562969】，返回信息 {"status":"ok","msg":"湖北-黄冈","gid":"241955","time_insert":"2021-07-10 19:23"}
2024-06-25 00:11:22 查询号码 【1562969】，GSD为【"湖北-黄冈"】

2024-06-25 00:11:23 开始第 3063 次操作

2024-06-25 00:11:23 开始操作号码 【1562970】
2024-06-25 00:11:38 GSD getOne 第 1 次 等待 3 秒
2024-06-25 00:11:41 查询号码 【1562970】，返回信息 {"status":"ok","msg":"湖北-黄石","gid":"242123","time_insert":"2021-07-10 19:42"}
2024-06-25 00:11:41 查询号码 【1562970】，GSD为【"湖北-黄石"】

2024-06-25 00:11:42 开始第 3064 次操作

2024-06-25 00:11:42 开始操作号码 【1562971】
2024-06-25 00:11:58 GSD getOne 第 1 次 等待 3 秒
2024-06-25 00:12:01 查询号码 【1562971】，返回信息 {"status":"ok","msg":"湖北-黄石","gid":"242300","time_insert":"2021-07-10 20:03"}
2024-06-25 00:12:01 查询号码 【1562971】，GSD为【"湖北-黄石"】

