2024-09-16 00:21:55 开始第 4777 次操作

2024-09-16 00:21:55 开始操作号码 【1454776】
2024-09-16 00:22:03 GSD getOne 第 1 次 等待 3 秒
2024-09-16 00:22:06 查询号码 【1454776】，返回信息 {"status":"ok","msg":"山东-威海","gid":"82969","time_insert":"2021-06-06 16:08"}
2024-09-16 00:22:06 查询号码 【1454776】，GSD为【"山东-威海"】

2024-09-16 00:22:07 开始第 4778 次操作

2024-09-16 00:22:07 开始操作号码 【1454777】
2024-09-16 00:22:18 GSD getOne 第 1 次 等待 3 秒
2024-09-16 00:22:21 查询号码 【1454777】，返回信息 {"status":"ok","msg":"山东-青岛","gid":"82975","time_insert":"2021-06-06 16:13"}
2024-09-16 00:22:21 查询号码 【1454777】，GSD为【"山东-青岛"】

2024-09-16 00:22:22 开始第 4779 次操作

2024-09-16 00:22:22 开始操作号码 【1454778】
2024-09-16 00:22:30 GSD getOne 第 1 次 等待 3 秒
2024-09-16 00:22:33 查询号码 【1454778】，返回信息 {"status":"ok","msg":"山东-济南","gid":"82979","time_insert":"2021-06-06 16:17"}
2024-09-16 00:22:33 查询号码 【1454778】，GSD为【"山东-济南"】

2024-09-16 00:22:34 开始第 4780 次操作

2024-09-16 00:22:34 开始操作号码 【1454779】
2024-09-16 00:22:43 GSD getOne 第 1 次 等待 3 秒
2024-09-16 00:22:46 查询号码 【1454779】，返回信息 {"status":"ok","msg":"山东-青岛","gid":"82981","time_insert":"2021-06-06 16:22"}
2024-09-16 00:22:46 查询号码 【1454779】，GSD为【"山东-青岛"】

2024-09-16 00:42:38 开始第 4781 次操作

2024-09-16 00:42:38 开始操作号码 【1454780】
2024-09-16 00:42:46 GSD getOne 第 1 次 等待 3 秒
2024-09-16 00:42:49 查询号码 【1454780】，返回信息 {"status":"ok","msg":"山东-济南","gid":"82990","time_insert":"2021-06-06 16:25"}
2024-09-16 00:42:49 查询号码 【1454780】，GSD为【"山东-济南"】

2024-09-16 00:42:50 开始第 4782 次操作

2024-09-16 00:42:50 开始操作号码 【1454781】
2024-09-16 00:42:58 GSD getOne 第 1 次 等待 3 秒
2024-09-16 00:43:01 查询号码 【1454781】，返回信息 {"status":"ok","msg":"山东-济南","gid":"82994","time_insert":"2021-06-06 16:31"}
2024-09-16 00:43:01 查询号码 【1454781】，GSD为【"山东-济南"】

2024-09-16 00:43:02 开始第 4783 次操作

2024-09-16 00:43:02 开始操作号码 【1454782】
2024-09-16 00:43:09 GSD getOne 第 1 次 等待 3 秒
2024-09-16 00:43:12 查询号码 【1454782】，返回信息 {"status":"ok","msg":"山东-济南","gid":"83000","time_insert":"2021-06-06 16:36"}
2024-09-16 00:43:12 查询号码 【1454782】，GSD为【"山东-济南"】

2024-09-16 00:43:13 开始第 4784 次操作

2024-09-16 00:43:13 开始操作号码 【1454783】
2024-09-16 00:43:21 GSD getOne 第 1 次 等待 3 秒
2024-09-16 00:43:24 查询号码 【1454783】，返回信息 {"status":"ok","msg":"山东-淄博","gid":"83006","time_insert":"2021-06-06 16:40"}
2024-09-16 00:43:24 查询号码 【1454783】，GSD为【"山东-淄博"】

2024-09-16 01:14:39 开始第 4785 次操作

2024-09-16 01:14:39 开始操作号码 【1454784】
2024-09-16 01:14:47 GSD getOne 第 1 次 等待 3 秒
2024-09-16 01:14:50 查询号码 【1454784】，返回信息 {"status":"ok","msg":"山东-德州","gid":"83010","time_insert":"2021-06-06 16:45"}
2024-09-16 01:14:50 查询号码 【1454784】，GSD为【"山东-德州"】

2024-09-16 01:14:51 开始第 4786 次操作

2024-09-16 01:14:51 开始操作号码 【1454785】
2024-09-16 01:14:58 GSD getOne 第 1 次 等待 3 秒
2024-09-16 01:15:01 查询号码 【1454785】，返回信息 {"status":"ok","msg":"山东-潍坊","gid":"83017","time_insert":"2021-06-06 16:49"}
2024-09-16 01:15:01 查询号码 【1454785】，GSD为【"山东-潍坊"】

2024-09-16 01:15:02 开始第 4787 次操作

2024-09-16 01:15:02 开始操作号码 【1454786】
2024-09-16 01:15:10 GSD getOne 第 1 次 等待 3 秒
2024-09-16 01:15:13 查询号码 【1454786】，返回信息 {"status":"ok","msg":"山东-潍坊","gid":"83023","time_insert":"2021-06-06 16:56"}
2024-09-16 01:15:13 查询号码 【1454786】，GSD为【"山东-潍坊"】

2024-09-16 01:15:14 开始第 4788 次操作

2024-09-16 01:15:14 开始操作号码 【1454787】
2024-09-16 01:15:22 GSD getOne 第 1 次 等待 3 秒
2024-09-16 01:15:25 查询号码 【1454787】，返回信息 {"status":"ok","msg":"山东-济宁","gid":"83027","time_insert":"2021-06-06 17:01"}
2024-09-16 01:15:25 查询号码 【1454787】，GSD为【"山东-济宁"】

