2024-06-17 00:09:30 开始第 1601 次操作

2024-06-17 00:09:30 开始操作号码 【1561508】
2024-06-17 00:09:39 GSD getOne 第 1 次 等待 3 秒
2024-06-17 00:09:42 查询号码 【1561508】，返回信息 {"status":"ok","msg":"山东-烟台","gid":"117659","time_insert":"2021-06-23 11:48"}
2024-06-17 00:09:42 查询号码 【1561508】，GSD为【"山东-烟台"】

2024-06-17 00:09:43 开始第 1602 次操作

2024-06-17 00:09:43 开始操作号码 【1561509】
2024-06-17 00:09:49 GSD getOne 第 1 次 等待 3 秒
2024-06-17 00:09:52 查询号码 【1561509】，返回信息 {"status":"ok","msg":"山东-日照","gid":"117746","time_insert":"2021-06-23 12:06"}
2024-06-17 00:09:52 查询号码 【1561509】，GSD为【"山东-日照"】

2024-06-17 00:09:53 开始第 1603 次操作

2024-06-17 00:09:53 开始操作号码 【1561510】
2024-06-17 00:10:02 GSD getOne 第 1 次 等待 3 秒
2024-06-17 00:10:05 查询号码 【1561510】，返回信息 {"status":"ok","msg":"山东-菏泽","gid":"117827","time_insert":"2021-06-23 12:25"}
2024-06-17 00:10:05 查询号码 【1561510】，GSD为【"山东-菏泽"】

2024-06-17 00:10:06 开始第 1604 次操作

2024-06-17 00:10:06 开始操作号码 【1561511】
2024-06-17 00:10:15 GSD getOne 第 1 次 等待 3 秒
2024-06-17 00:10:18 查询号码 【1561511】，返回信息 {"status":"ok","msg":"山东-威海","gid":"117852","time_insert":"2021-06-23 12:44"}
2024-06-17 00:10:18 查询号码 【1561511】，GSD为【"山东-威海"】

