2023-10-05 00:10:21 开始第 1589 次操作

2023-10-05 00:10:21 开始操作号码 【1991588】
2023-10-05 00:10:26 GSD getOne 第 1 次 等待 3 秒
2023-10-05 00:10:29 查询号码 【1991588】，返回信息 {"status":"ok","msg":"四川-泸州","gid":"498864","time_insert":"2021-08-07 16:25"}
2023-10-05 00:10:29 查询号码 【1991588】，GSD为【"四川-泸州"】

2023-10-05 00:10:30 开始第 1590 次操作

2023-10-05 00:10:30 开始操作号码 【1991589】
2023-10-05 00:10:33 GSD getOne 第 1 次 等待 3 秒
2023-10-05 00:10:36 查询号码 【1991589】，返回信息 {"status":"ok","msg":"四川-泸州","gid":"278115","time_insert":"2021-07-14 22:50","time_update":"2021-08-07 16:31"}
2023-10-05 00:10:36 查询号码 【1991589】，GSD为【"四川-泸州"】

2023-10-05 00:10:37 开始第 1591 次操作

2023-10-05 00:10:37 开始操作号码 【1991590】
2023-10-05 00:10:45 GSD getOne 第 1 次 等待 3 秒
2023-10-05 00:10:48 查询号码 【1991590】，返回信息 {"status":"ok","msg":"四川-南充","gid":"498871","time_insert":"2021-08-07 16:34"}
2023-10-05 00:10:48 查询号码 【1991590】，GSD为【"四川-南充"】

2023-10-05 00:10:49 开始第 1592 次操作

2023-10-05 00:10:49 开始操作号码 【1991591】
2023-10-05 00:10:52 GSD getOne 第 1 次 等待 3 秒
2023-10-05 00:10:55 查询号码 【1991591】，返回信息 {"status":"ok","msg":"四川-甘孜","gid":"50455","time_insert":"2021-04-21 16:35"}
2023-10-05 00:10:55 查询号码 【1991591】，GSD为【"四川-甘孜"】

