2024-07-20 00:10:27 开始第 7601 次操作

2024-07-20 00:10:27 开始操作号码 【1567507】
2024-07-20 00:10:35 GSD getOne 第 1 次 等待 3 秒
2024-07-20 00:10:38 查询号码 【1567507】，返回信息 {"status":"ok","msg":"湖南-岳阳","gid":"392509","time_insert":"2021-07-25 18:56"}
2024-07-20 00:10:38 查询号码 【1567507】，GSD为【"湖南-岳阳"】

2024-07-20 00:10:39 开始第 7602 次操作

2024-07-20 00:10:39 开始操作号码 【1567508】
2024-07-20 00:10:48 GSD getOne 第 1 次 等待 3 秒
2024-07-20 00:10:51 查询号码 【1567508】，返回信息 {"status":"ok","msg":"湖南-岳阳","gid":"392499","time_insert":"2021-07-25 18:55","time_update":"2021-07-28 17:46"}
2024-07-20 00:10:51 查询号码 【1567508】，GSD为【"湖南-岳阳"】

2024-07-20 00:10:52 开始第 7603 次操作

2024-07-20 00:10:52 开始操作号码 【1567509】
2024-07-20 00:11:00 GSD getOne 第 1 次 等待 3 秒
2024-07-20 00:11:03 查询号码 【1567509】，返回信息 {"status":"ok","msg":"湖南-岳阳","gid":"392490","time_insert":"2021-07-25 18:54"}
2024-07-20 00:11:03 查询号码 【1567509】，GSD为【"湖南-岳阳"】

2024-07-20 00:11:04 开始第 7604 次操作

2024-07-20 00:11:04 开始操作号码 【1567510】
2024-07-20 00:11:13 GSD getOne 第 1 次 等待 3 秒
2024-07-20 00:11:16 查询号码 【1567510】，返回信息 {"status":"ok","msg":"湖南-长沙","gid":"49809","time_insert":"2021-04-21 14:17"}
2024-07-20 00:11:16 查询号码 【1567510】，GSD为【"湖南-长沙"】

2024-07-20 00:38:05 开始第 7605 次操作

2024-07-20 00:38:05 开始操作号码 【1567511】
2024-07-20 00:38:14 GSD getOne 第 1 次 等待 3 秒
2024-07-20 00:38:17 查询号码 【1567511】，返回信息 {"status":"ok","msg":"湖南-长沙","gid":"392481","time_insert":"2021-07-25 18:54"}
2024-07-20 00:38:17 查询号码 【1567511】，GSD为【"湖南-长沙"】

2024-07-20 00:38:18 开始第 7606 次操作

2024-07-20 00:38:18 开始操作号码 【1567512】
2024-07-20 00:38:27 GSD getOne 第 1 次 等待 3 秒
2024-07-20 00:38:30 查询号码 【1567512】，返回信息 {"status":"ok","msg":"湖南-长沙","gid":"392470","time_insert":"2021-07-25 18:53"}
2024-07-20 00:38:30 查询号码 【1567512】，GSD为【"湖南-长沙"】

2024-07-20 00:38:31 开始第 7607 次操作

2024-07-20 00:38:31 开始操作号码 【1567513】
2024-07-20 00:38:40 GSD getOne 第 1 次 等待 3 秒
2024-07-20 00:38:43 查询号码 【1567513】，返回信息 {"status":"ok","msg":"湖南-长沙","gid":"392458","time_insert":"2021-07-25 18:52"}
2024-07-20 00:38:43 查询号码 【1567513】，GSD为【"湖南-长沙"】

2024-07-20 00:38:44 开始第 7608 次操作

2024-07-20 00:38:44 开始操作号码 【1567514】
2024-07-20 00:38:51 GSD getOne 第 1 次 等待 3 秒
2024-07-20 00:38:54 查询号码 【1567514】，返回信息 {"status":"ok","msg":"湖南-长沙","gid":"54668","time_insert":"2020-01-04 20:59"}
2024-07-20 00:38:54 查询号码 【1567514】，GSD为【"湖南-长沙"】

2024-07-20 01:08:32 开始第 7609 次操作

2024-07-20 01:08:32 开始操作号码 【1567515】
2024-07-20 01:08:42 GSD getOne 第 1 次 等待 3 秒
2024-07-20 01:08:45 查询号码 【1567515】，返回信息 {"status":"ok","msg":"湖南-长沙","gid":"392447","time_insert":"2021-07-25 18:52"}
2024-07-20 01:08:45 查询号码 【1567515】，GSD为【"湖南-长沙"】

2024-07-20 01:08:46 开始第 7610 次操作

2024-07-20 01:08:46 开始操作号码 【1567516】
2024-07-20 01:08:57 GSD getOne 第 1 次 等待 3 秒
2024-07-20 01:09:00 查询号码 【1567516】，返回信息 {"status":"ok","msg":"湖南-长沙","gid":"392437","time_insert":"2021-07-25 18:51"}
2024-07-20 01:09:00 查询号码 【1567516】，GSD为【"湖南-长沙"】

2024-07-20 01:09:01 开始第 7611 次操作

2024-07-20 01:09:01 开始操作号码 【1567517】
2024-07-20 01:09:10 GSD getOne 第 1 次 等待 3 秒
2024-07-20 01:09:13 查询号码 【1567517】，返回信息 {"status":"ok","msg":"湖南-长沙","gid":"392426","time_insert":"2021-07-25 18:51"}
2024-07-20 01:09:13 查询号码 【1567517】，GSD为【"湖南-长沙"】

2024-07-20 01:09:14 开始第 7612 次操作

2024-07-20 01:09:14 开始操作号码 【1567518】
2024-07-20 01:09:22 GSD getOne 第 1 次 等待 3 秒
2024-07-20 01:09:25 查询号码 【1567518】，返回信息 {"status":"ok","msg":"湖南-长沙","gid":"392416","time_insert":"2021-07-25 18:50"}
2024-07-20 01:09:25 查询号码 【1567518】，GSD为【"湖南-长沙"】

2024-07-20 01:35:04 开始第 7613 次操作

2024-07-20 01:35:04 开始操作号码 【1567519】
2024-07-20 01:35:12 GSD getOne 第 1 次 等待 3 秒
2024-07-20 01:35:15 查询号码 【1567519】，返回信息 {"status":"ok","msg":"湖南-长沙","gid":"22714","time_insert":"2019-02-13 13:28","time_update":"2020-09-23 00:37"}
2024-07-20 01:35:15 查询号码 【1567519】，GSD为【"湖南-长沙"】

2024-07-20 01:35:16 开始第 7614 次操作

2024-07-20 01:35:16 开始操作号码 【1567520】
2024-07-20 01:35:24 GSD getOne 第 1 次 等待 3 秒
2024-07-20 01:35:27 查询号码 【1567520】，返回信息 {"status":"ok","msg":"湖南-湘潭","gid":"392403","time_insert":"2021-07-25 18:49"}
2024-07-20 01:35:27 查询号码 【1567520】，GSD为【"湖南-湘潭"】

2024-07-20 01:35:28 开始第 7615 次操作

2024-07-20 01:35:28 开始操作号码 【1567521】
2024-07-20 01:35:36 GSD getOne 第 1 次 等待 3 秒
2024-07-20 01:35:39 查询号码 【1567521】，返回信息 {"status":"ok","msg":"湖南-湘潭","gid":"392394","time_insert":"2021-07-25 18:49"}
2024-07-20 01:35:39 查询号码 【1567521】，GSD为【"湖南-湘潭"】

2024-07-20 01:35:40 开始第 7616 次操作

2024-07-20 01:35:40 开始操作号码 【1567522】
2024-07-20 01:35:48 GSD getOne 第 1 次 等待 3 秒
2024-07-20 01:35:51 查询号码 【1567522】，返回信息 {"status":"ok","msg":"湖南-湘潭","gid":"22715","time_insert":"2017-04-19 11:23","time_update":"2020-09-23 00:40"}
2024-07-20 01:35:51 查询号码 【1567522】，GSD为【"湖南-湘潭"】

2024-07-20 02:12:05 开始第 7617 次操作

2024-07-20 02:12:05 开始操作号码 【1567523】
2024-07-20 02:12:13 GSD getOne 第 1 次 等待 3 秒
2024-07-20 02:12:16 查询号码 【1567523】，返回信息 {"status":"ok","msg":"湖南-湘潭","gid":"392382","time_insert":"2021-07-25 18:48"}
2024-07-20 02:12:16 查询号码 【1567523】，GSD为【"湖南-湘潭"】

2024-07-20 02:12:17 开始第 7618 次操作

2024-07-20 02:12:17 开始操作号码 【1567524】
2024-07-20 02:12:24 GSD getOne 第 1 次 等待 3 秒
2024-07-20 02:12:27 查询号码 【1567524】，返回信息 {"status":"ok","msg":"湖南-湘潭","gid":"392372","time_insert":"2021-07-25 18:48"}
2024-07-20 02:12:27 查询号码 【1567524】，GSD为【"湖南-湘潭"】

2024-07-20 02:12:28 开始第 7619 次操作

2024-07-20 02:12:28 开始操作号码 【1567525】
2024-07-20 02:12:36 GSD getOne 第 1 次 等待 3 秒
2024-07-20 02:12:39 查询号码 【1567525】，返回信息 {"status":"ok","msg":"湖南-湘潭","gid":"392360","time_insert":"2021-07-25 18:47"}
2024-07-20 02:12:39 查询号码 【1567525】，GSD为【"湖南-湘潭"】

2024-07-20 02:12:40 开始第 7620 次操作

2024-07-20 02:12:40 开始操作号码 【1567526】
2024-07-20 02:12:48 GSD getOne 第 1 次 等待 3 秒
2024-07-20 02:12:51 查询号码 【1567526】，返回信息 {"status":"ok","msg":"湖南-湘潭","gid":"392351","time_insert":"2021-07-25 18:46"}
2024-07-20 02:12:51 查询号码 【1567526】，GSD为【"湖南-湘潭"】

