2024-07-12 00:10:55 开始第 6161 次操作

2024-07-12 00:10:55 开始操作号码 【1566067】
2024-07-12 00:11:03 GSD getOne 第 1 次 等待 3 秒
2024-07-12 00:11:06 查询号码 【1566067】，返回信息 {"status":"ok","msg":"河南-南阳","gid":"410040","time_insert":"2021-07-27 05:56"}
2024-07-12 00:11:06 查询号码 【1566067】，GSD为【"河南-南阳"】

2024-07-12 00:11:07 开始第 6162 次操作

2024-07-12 00:11:07 开始操作号码 【1566068】
2024-07-12 00:11:15 GSD getOne 第 1 次 等待 3 秒
2024-07-12 00:11:18 查询号码 【1566068】，返回信息 {"status":"ok","msg":"河南-新乡","gid":"410031","time_insert":"2021-07-27 05:56"}
2024-07-12 00:11:18 查询号码 【1566068】，GSD为【"河南-新乡"】

2024-07-12 00:11:19 开始第 6163 次操作

2024-07-12 00:11:19 开始操作号码 【1566069】
2024-07-12 00:11:30 GSD getOne 第 1 次 等待 3 秒
2024-07-12 00:11:33 查询号码 【1566069】，返回信息 {"status":"ok","msg":"河南-新乡","gid":"80940","time_insert":"2021-06-05 08:58","time_update":"2021-06-06 00:04"}
2024-07-12 00:11:33 查询号码 【1566069】，GSD为【"河南-新乡"】

2024-07-12 00:11:34 开始第 6164 次操作

2024-07-12 00:11:34 开始操作号码 【1566070】
2024-07-12 00:11:42 GSD getOne 第 1 次 等待 3 秒
2024-07-12 00:11:45 查询号码 【1566070】，返回信息 {"status":"ok","msg":"河南-商丘","gid":"410022","time_insert":"2021-07-27 05:55"}
2024-07-12 00:11:45 查询号码 【1566070】，GSD为【"河南-商丘"】

2024-07-12 00:37:15 开始第 6165 次操作

2024-07-12 00:37:15 开始操作号码 【1566071】
2024-07-12 00:37:25 GSD getOne 第 1 次 等待 3 秒
2024-07-12 00:37:28 查询号码 【1566071】，返回信息 {"status":"ok","msg":"河南-商丘","gid":"410014","time_insert":"2021-07-27 05:54"}
2024-07-12 00:37:28 查询号码 【1566071】，GSD为【"河南-商丘"】

2024-07-12 00:37:29 开始第 6166 次操作

2024-07-12 00:37:29 开始操作号码 【1566072】
2024-07-12 00:37:39 GSD getOne 第 1 次 等待 3 秒
2024-07-12 00:37:42 查询号码 【1566072】，返回信息 {"status":"ok","msg":"河南-商丘","gid":"410008","time_insert":"2021-07-27 05:54"}
2024-07-12 00:37:42 查询号码 【1566072】，GSD为【"河南-商丘"】

2024-07-12 00:37:43 开始第 6167 次操作

2024-07-12 00:37:43 开始操作号码 【1566073】
2024-07-12 00:37:55 GSD getOne 第 1 次 等待 3 秒
2024-07-12 00:37:58 查询号码 【1566073】，返回信息 {"status":"ok","msg":"河南-商丘","gid":"410001","time_insert":"2021-07-27 05:53"}
2024-07-12 00:37:58 查询号码 【1566073】，GSD为【"河南-商丘"】

2024-07-12 00:37:59 开始第 6168 次操作

2024-07-12 00:37:59 开始操作号码 【1566074】
2024-07-12 00:38:07 GSD getOne 第 1 次 等待 3 秒
2024-07-12 00:38:10 查询号码 【1566074】，返回信息 {"status":"ok","msg":"河南-商丘","gid":"409991","time_insert":"2021-07-27 05:53"}
2024-07-12 00:38:10 查询号码 【1566074】，GSD为【"河南-商丘"】

2024-07-12 01:08:28 开始第 6169 次操作

2024-07-12 01:08:28 开始操作号码 【1566075】
2024-07-12 01:08:38 GSD getOne 第 1 次 等待 3 秒
2024-07-12 01:08:41 查询号码 【1566075】，返回信息 {"status":"ok","msg":"河南-商丘","gid":"409982","time_insert":"2021-07-27 05:52"}
2024-07-12 01:08:41 查询号码 【1566075】，GSD为【"河南-商丘"】

2024-07-12 01:08:42 开始第 6170 次操作

2024-07-12 01:08:42 开始操作号码 【1566076】
2024-07-12 01:08:50 GSD getOne 第 1 次 等待 3 秒
2024-07-12 01:08:53 查询号码 【1566076】，返回信息 {"status":"ok","msg":"河南-商丘","gid":"409975","time_insert":"2021-07-27 05:51","time_update":"2021-07-28 09:32"}
2024-07-12 01:08:53 查询号码 【1566076】，GSD为【"河南-商丘"】

2024-07-12 01:08:54 开始第 6171 次操作

2024-07-12 01:08:54 开始操作号码 【1566077】
2024-07-12 01:09:01 GSD getOne 第 1 次 等待 3 秒
2024-07-12 01:09:05 查询号码 【1566077】，返回信息 {"status":"ok","msg":"河南-商丘","gid":"409968","time_insert":"2021-07-27 05:51"}
2024-07-12 01:09:05 查询号码 【1566077】，GSD为【"河南-商丘"】

2024-07-12 01:09:06 开始第 6172 次操作

2024-07-12 01:09:06 开始操作号码 【1566078】
2024-07-12 01:09:14 GSD getOne 第 1 次 等待 3 秒
2024-07-12 01:09:17 查询号码 【1566078】，返回信息 {"status":"ok","msg":"河南-商丘","gid":"409958","time_insert":"2021-07-27 05:50"}
2024-07-12 01:09:17 查询号码 【1566078】，GSD为【"河南-商丘"】

2024-07-12 01:33:23 开始第 6173 次操作

2024-07-12 01:33:23 开始操作号码 【1566079】
2024-07-12 01:33:32 GSD getOne 第 1 次 等待 3 秒
2024-07-12 01:33:35 查询号码 【1566079】，返回信息 {"status":"ok","msg":"河南-商丘","gid":"409948","time_insert":"2021-07-27 05:50"}
2024-07-12 01:33:35 查询号码 【1566079】，GSD为【"河南-商丘"】

2024-07-12 01:33:36 开始第 6174 次操作

2024-07-12 01:33:36 开始操作号码 【1566080】
2024-07-12 01:33:44 GSD getOne 第 1 次 等待 3 秒
2024-07-12 01:33:47 查询号码 【1566080】，返回信息 {"status":"ok","msg":"河南-平顶山","gid":"54638","time_insert":"2021-03-20 20:10"}
2024-07-12 01:33:47 查询号码 【1566080】，GSD为【"河南-平顶山"】

2024-07-12 01:33:48 开始第 6175 次操作

2024-07-12 01:33:48 开始操作号码 【1566081】
2024-07-12 01:33:56 GSD getOne 第 1 次 等待 3 秒
2024-07-12 01:33:59 查询号码 【1566081】，返回信息 {"status":"ok","msg":"河南-安阳","gid":"409935","time_insert":"2021-07-27 05:49"}
2024-07-12 01:33:59 查询号码 【1566081】，GSD为【"河南-安阳"】

2024-07-12 01:34:00 开始第 6176 次操作

2024-07-12 01:34:00 开始操作号码 【1566082】
2024-07-12 01:34:07 GSD getOne 第 1 次 等待 3 秒
2024-07-12 01:34:10 查询号码 【1566082】，返回信息 {"status":"ok","msg":"河南-鹤壁","gid":"409926","time_insert":"2021-07-27 05:48"}
2024-07-12 01:34:10 查询号码 【1566082】，GSD为【"河南-鹤壁"】

