2024-04-09 00:10:53 开始第 2741 次操作

2024-04-09 00:10:53 开始操作号码 【1672651】
2024-04-09 00:11:02 GSD getOne 第 1 次 等待 3 秒
2024-04-09 00:11:05 查询号码 【1672651】，返回信息 {"status":"ok","msg":"辽宁-沈阳","gid":"248038","time_insert":"2021-07-11 12:52"}
2024-04-09 00:11:05 查询号码 【1672651】，GSD为【"辽宁-沈阳"】

2024-04-09 00:11:06 开始第 2742 次操作

2024-04-09 00:11:06 开始操作号码 【1672652】
2024-04-09 00:11:12 GSD getOne 第 1 次 等待 3 秒
2024-04-09 00:11:15 查询号码 【1672652】，返回信息 {"status":"ok","msg":"辽宁-沈阳","gid":"248049","time_insert":"2021-07-11 12:52"}
2024-04-09 00:11:15 查询号码 【1672652】，GSD为【"辽宁-沈阳"】

2024-04-09 00:11:16 开始第 2743 次操作

2024-04-09 00:11:16 开始操作号码 【1672653】
2024-04-09 00:11:22 GSD getOne 第 1 次 等待 3 秒
2024-04-09 00:11:25 查询号码 【1672653】，返回信息 {"status":"ok","msg":"辽宁-沈阳","gid":"248057","time_insert":"2021-07-11 12:53"}
2024-04-09 00:11:25 查询号码 【1672653】，GSD为【"辽宁-沈阳"】

2024-04-09 00:11:26 开始第 2744 次操作

2024-04-09 00:11:26 开始操作号码 【1672654】
2024-04-09 00:11:35 GSD getOne 第 1 次 等待 3 秒
2024-04-09 00:11:38 查询号码 【1672654】，返回信息 {"status":"ok","msg":"辽宁-丹东","gid":"248063","time_insert":"2021-07-11 12:53"}
2024-04-09 00:11:38 查询号码 【1672654】，GSD为【"辽宁-丹东"】

2024-04-09 00:35:59 开始第 2745 次操作

2024-04-09 00:35:59 开始操作号码 【1672655】
2024-04-09 00:36:07 GSD getOne 第 1 次 等待 3 秒
2024-04-09 00:36:10 查询号码 【1672655】，返回信息 {"status":"ok","msg":"辽宁-沈阳","gid":"248074","time_insert":"2021-07-11 12:53"}
2024-04-09 00:36:10 查询号码 【1672655】，GSD为【"辽宁-沈阳"】

2024-04-09 00:36:11 开始第 2746 次操作

2024-04-09 00:36:11 开始操作号码 【1672656】
2024-04-09 00:36:19 GSD getOne 第 1 次 等待 3 秒
2024-04-09 00:36:22 查询号码 【1672656】，返回信息 {"status":"ok","msg":"辽宁-沈阳","gid":"248083","time_insert":"2021-07-11 12:54"}
2024-04-09 00:36:22 查询号码 【1672656】，GSD为【"辽宁-沈阳"】

2024-04-09 00:36:23 开始第 2747 次操作

2024-04-09 00:36:23 开始操作号码 【1672657】
2024-04-09 00:36:29 GSD getOne 第 1 次 等待 3 秒
2024-04-09 00:36:32 查询号码 【1672657】，返回信息 {"status":"ok","msg":"辽宁-沈阳","gid":"248090","time_insert":"2021-07-11 12:54"}
2024-04-09 00:36:32 查询号码 【1672657】，GSD为【"辽宁-沈阳"】

2024-04-09 00:36:33 开始第 2748 次操作

2024-04-09 00:36:33 开始操作号码 【1672658】
2024-04-09 00:36:38 GSD getOne 第 1 次 等待 3 秒
2024-04-09 00:36:41 查询号码 【1672658】，返回信息 {"status":"ok","msg":"辽宁-沈阳","gid":"248102","time_insert":"2021-07-11 12:55"}
2024-04-09 00:36:42 查询号码 【1672658】，GSD为【"辽宁-沈阳"】

2024-04-09 01:08:25 开始第 2749 次操作

2024-04-09 01:08:25 开始操作号码 【1672659】
2024-04-09 01:08:31 GSD getOne 第 1 次 等待 3 秒
2024-04-09 01:08:34 查询号码 【1672659】，返回信息 {"status":"ok","msg":"辽宁-沈阳","gid":"248108","time_insert":"2021-07-11 12:55"}
2024-04-09 01:08:34 查询号码 【1672659】，GSD为【"辽宁-沈阳"】

2024-04-09 01:08:35 开始第 2750 次操作

2024-04-09 01:08:35 开始操作号码 【1672660】
2024-04-09 01:08:42 GSD getOne 第 1 次 等待 3 秒
2024-04-09 01:08:45 查询号码 【1672660】，返回信息 {"status":"ok","msg":"辽宁-沈阳","gid":"248118","time_insert":"2021-07-11 12:55"}
2024-04-09 01:08:45 查询号码 【1672660】，GSD为【"辽宁-沈阳"】

2024-04-09 01:08:46 开始第 2751 次操作

2024-04-09 01:08:46 开始操作号码 【1672661】
2024-04-09 01:08:52 GSD getOne 第 1 次 等待 3 秒
2024-04-09 01:08:55 查询号码 【1672661】，返回信息 {"status":"ok","msg":"辽宁-沈阳","gid":"248127","time_insert":"2021-07-11 12:56"}
2024-04-09 01:08:55 查询号码 【1672661】，GSD为【"辽宁-沈阳"】

2024-04-09 01:08:56 开始第 2752 次操作

2024-04-09 01:08:56 开始操作号码 【1672662】
2024-04-09 01:09:03 GSD getOne 第 1 次 等待 3 秒
2024-04-09 01:09:06 查询号码 【1672662】，返回信息 {"status":"ok","msg":"辽宁-鞍山","gid":"248134","time_insert":"2021-07-11 12:56"}
2024-04-09 01:09:06 查询号码 【1672662】，GSD为【"辽宁-鞍山"】

