2023-10-03 00:09:50 开始第 1221 次操作

2023-10-03 00:09:50 开始操作号码 【1991220】
2023-10-03 00:09:54 GSD getOne 第 1 次 等待 3 秒
2023-10-03 00:09:57 查询号码 【1991220】，返回信息 {"status":"ok","msg":"-","gid":"497409","time_insert":"2021-08-06 09:20"}
2023-10-03 00:09:57 查询号码 【1991220】，GSD为【"-"】
2023-10-03 00:09:57 ok && -
2023-10-03 00:09:59 CHB 1991220?1696262997 第 1 次 等待 3 秒
2023-10-03 00:10:02 CHB 1991220?1696262997 第 1 次 获取到号码【1991220】GSD
2023-10-03 00:10:02 未获取到号码【1991220】GSD，可能号码格式错误
2023-10-03 00:10:02 获取到号码【1991220】的GSD为【-】
2023-10-03 00:10:06 GSD insert 第 1 次 等待 3 秒
2023-10-03 00:10:09 {"status":"bad","gid":"497409","msg":"添加失败！号码【1991220(-|-)】已存在！"}
2023-10-03 00:10:09 随机等待 204 秒，约 3 分钟
2023-10-03 00:10:09 下次操作: 2023-10-03 00:13:33

2023-10-03 00:13:33 开始第 1222 次操作

2023-10-03 00:13:33 开始操作号码 【1991221】
2023-10-03 00:13:42 GSD getOne 第 1 次 等待 3 秒
2023-10-03 00:13:45 查询号码 【1991221】，返回信息 {"status":"ok","msg":"-","gid":"497416","time_insert":"2021-08-06 09:30"}
2023-10-03 00:13:45 查询号码 【1991221】，GSD为【"-"】
2023-10-03 00:13:45 ok && -
2023-10-03 00:13:51 CHB 1991221?1696263225 第 1 次 等待 3 秒
2023-10-03 00:13:54 CHB 1991221?1696263225 第 1 次 获取到号码【1991221】GSD
2023-10-03 00:13:54 未获取到号码【1991221】GSD，可能号码格式错误
2023-10-03 00:13:54 获取到号码【1991221】的GSD为【-】
2023-10-03 00:13:59 GSD insert 第 1 次 等待 3 秒
2023-10-03 00:14:02 {"status":"bad","gid":"497416","msg":"添加失败！号码【1991221(-|-)】已存在！"}
2023-10-03 00:14:02 随机等待 205 秒，约 3 分钟
2023-10-03 00:14:02 下次操作: 2023-10-03 00:17:27

2023-10-03 00:17:27 开始第 1223 次操作

2023-10-03 00:17:27 开始操作号码 【1991222】
2023-10-03 00:17:44 GSD getOne 第 1 次 等待 3 秒
2023-10-03 00:17:47 查询号码 【1991222】，返回信息 {"status":"ok","msg":"-","gid":"497424","time_insert":"2021-08-06 09:40"}
2023-10-03 00:17:47 查询号码 【1991222】，GSD为【"-"】
2023-10-03 00:17:47 ok && -
2023-10-03 00:17:49 CHB 1991222?1696263467 第 1 次 等待 3 秒
2023-10-03 00:17:52 CHB 1991222?1696263467 第 1 次 获取到号码【1991222】GSD
2023-10-03 00:17:52 未获取到号码【1991222】GSD，可能号码格式错误
2023-10-03 00:17:52 获取到号码【1991222】的GSD为【-】
2023-10-03 00:17:54 GSD insert 第 1 次 等待 3 秒
2023-10-03 00:17:57 {"status":"bad","gid":"497424","msg":"添加失败！号码【1991222(-|-)】已存在！"}
2023-10-03 00:17:57 随机等待 215 秒，约 3 分钟
2023-10-03 00:17:57 下次操作: 2023-10-03 00:21:32

2023-10-03 00:21:32 开始第 1224 次操作

2023-10-03 00:21:32 开始操作号码 【1991223】
2023-10-03 00:21:35 GSD getOne 第 1 次 等待 3 秒
2023-10-03 00:21:38 查询号码 【1991223】，返回信息 {"status":"ok","msg":"-","gid":"497429","time_insert":"2021-08-06 09:50"}
2023-10-03 00:21:38 查询号码 【1991223】，GSD为【"-"】
2023-10-03 00:21:38 ok && -
2023-10-03 00:21:39 CHB 1991223?1696263698 第 1 次 等待 3 秒
2023-10-03 00:21:42 CHB 1991223?1696263698 第 1 次 获取到号码【1991223】GSD
2023-10-03 00:21:42 未获取到号码【1991223】GSD，可能号码格式错误
2023-10-03 00:21:42 获取到号码【1991223】的GSD为【-】
2023-10-03 00:21:49 GSD insert 第 1 次 等待 3 秒
2023-10-03 00:21:52 {"status":"bad","gid":"497429","msg":"添加失败！号码【1991223(-|-)】已存在！"}

