2023-10-09 00:08:22 开始第 2325 次操作

2023-10-09 00:08:22 开始操作号码 【1992324】
2023-10-09 00:08:26 GSD getOne 第 1 次 等待 3 秒
2023-10-09 00:08:29 查询号码 【1992324】，返回信息 {"status":"ok","msg":"重庆-重庆","gid":"46476","time_insert":"2020-04-26 08:26","time_update":"2021-01-20 17:28"}
2023-10-09 00:08:29 查询号码 【1992324】，GSD为【"重庆-重庆"】

2023-10-09 00:08:30 开始第 2326 次操作

2023-10-09 00:08:30 开始操作号码 【1992325】
2023-10-09 00:08:33 GSD getOne 第 1 次 等待 3 秒
2023-10-09 00:08:36 查询号码 【1992325】，返回信息 {"status":"ok","msg":"重庆-重庆","gid":"502372","time_insert":"2021-08-10 18:59"}
2023-10-09 00:08:36 查询号码 【1992325】，GSD为【"重庆-重庆"】

2023-10-09 00:08:37 开始第 2327 次操作

2023-10-09 00:08:37 开始操作号码 【1992326】
2023-10-09 00:08:48 GSD getOne 第 1 次 等待 3 秒
2023-10-09 00:08:51 查询号码 【1992326】，返回信息 {"status":"ok","msg":"重庆-重庆","gid":"502374","time_insert":"2021-08-10 19:00"}
2023-10-09 00:08:51 查询号码 【1992326】，GSD为【"重庆-重庆"】

2023-10-09 00:08:52 开始第 2328 次操作

2023-10-09 00:08:52 开始操作号码 【1992327】
2023-10-09 00:08:59 GSD getOne 第 1 次 等待 3 秒
2023-10-09 00:09:02 查询号码 【1992327】，返回信息 {"status":"ok","msg":"重庆-重庆","gid":"502387","time_insert":"2021-08-10 19:10"}
2023-10-09 00:09:02 查询号码 【1992327】，GSD为【"重庆-重庆"】

