2024-07-22 00:11:48 开始第 7965 次操作

2024-07-22 00:11:48 开始操作号码 【1567871】
2024-07-22 00:11:59 GSD getOne 第 1 次 等待 3 秒
2024-07-22 00:12:02 查询号码 【1567871】，返回信息 {"status":"ok","msg":"广西-柳州","gid":"387681","time_insert":"2021-07-25 10:02"}
2024-07-22 00:12:02 查询号码 【1567871】，GSD为【"广西-柳州"】

2024-07-22 00:12:03 开始第 7966 次操作

2024-07-22 00:12:03 开始操作号码 【1567872】
2024-07-22 00:12:14 GSD getOne 第 1 次 等待 3 秒
2024-07-22 00:12:17 查询号码 【1567872】，返回信息 {"status":"ok","msg":"广西-柳州","gid":"387673","time_insert":"2021-07-25 10:01"}
2024-07-22 00:12:17 查询号码 【1567872】，GSD为【"广西-柳州"】

2024-07-22 00:12:18 开始第 7967 次操作

2024-07-22 00:12:18 开始操作号码 【1567873】
2024-07-22 00:12:29 GSD getOne 第 1 次 等待 3 秒
2024-07-22 00:12:32 查询号码 【1567873】，返回信息 {"status":"ok","msg":"广西-柳州","gid":"387667","time_insert":"2021-07-25 10:01","time_update":"2021-07-28 18:59"}
2024-07-22 00:12:32 查询号码 【1567873】，GSD为【"广西-柳州"】

2024-07-22 00:12:33 开始第 7968 次操作

2024-07-22 00:12:33 开始操作号码 【1567874】
2024-07-22 00:12:41 GSD getOne 第 1 次 等待 3 秒
2024-07-22 00:12:44 查询号码 【1567874】，返回信息 {"status":"ok","msg":"广西-来宾","gid":"387659","time_insert":"2021-07-25 10:00"}
2024-07-22 00:12:44 查询号码 【1567874】，GSD为【"广西-来宾"】

2024-07-22 00:39:13 开始第 7969 次操作

2024-07-22 00:39:13 开始操作号码 【1567875】
2024-07-22 00:39:21 GSD getOne 第 1 次 等待 3 秒
2024-07-22 00:39:24 查询号码 【1567875】，返回信息 {"status":"ok","msg":"广西-来宾","gid":"387651","time_insert":"2021-07-25 10:00"}
2024-07-22 00:39:24 查询号码 【1567875】，GSD为【"广西-来宾"】

2024-07-22 00:39:25 开始第 7970 次操作

2024-07-22 00:39:25 开始操作号码 【1567876】
2024-07-22 00:39:33 GSD getOne 第 1 次 等待 3 秒
2024-07-22 00:39:36 查询号码 【1567876】，返回信息 {"status":"ok","msg":"广西-来宾","gid":"387642","time_insert":"2021-07-25 09:59"}
2024-07-22 00:39:36 查询号码 【1567876】，GSD为【"广西-来宾"】

2024-07-22 00:39:37 开始第 7971 次操作

2024-07-22 00:39:37 开始操作号码 【1567877】
2024-07-22 00:39:45 GSD getOne 第 1 次 等待 3 秒
2024-07-22 00:39:48 查询号码 【1567877】，返回信息 {"status":"ok","msg":"广西-来宾","gid":"387635","time_insert":"2021-07-25 09:58"}
2024-07-22 00:39:48 查询号码 【1567877】，GSD为【"广西-来宾"】

2024-07-22 00:39:49 开始第 7972 次操作

2024-07-22 00:39:49 开始操作号码 【1567878】
2024-07-22 00:39:59 GSD getOne 第 1 次 等待 3 秒
2024-07-22 00:40:02 查询号码 【1567878】，返回信息 {"status":"ok","msg":"广西-来宾","gid":"387627","time_insert":"2021-07-25 09:58"}
2024-07-22 00:40:02 查询号码 【1567878】，GSD为【"广西-来宾"】

