2023-09-29 00:09:49 开始第 485 次操作

2023-09-29 00:09:49 开始操作号码 【1990484】
2023-09-29 00:10:11 GSD getOne 第 1 次 等待 3 秒
2023-09-29 00:10:14 查询号码 【1990484】，返回信息 {"status":"ok","msg":"黑龙江-牡丹江","gid":"468267","time_insert":"2021-08-01 14:23"}
2023-09-29 00:10:14 查询号码 【1990484】，GSD为【"黑龙江-牡丹江"】

2023-09-29 00:10:15 开始第 486 次操作

2023-09-29 00:10:15 开始操作号码 【1990485】
2023-09-29 00:10:20 GSD getOne 第 1 次 等待 3 秒
2023-09-29 00:10:23 查询号码 【1990485】，返回信息 {"status":"ok","msg":"黑龙江-绥化","gid":"468280","time_insert":"2021-08-01 14:33"}
2023-09-29 00:10:23 查询号码 【1990485】，GSD为【"黑龙江-绥化"】

2023-09-29 00:10:24 开始第 487 次操作

2023-09-29 00:10:24 开始操作号码 【1990486】
2023-09-29 00:10:32 GSD getOne 第 1 次 等待 3 秒
2023-09-29 00:10:35 查询号码 【1990486】，返回信息 {"status":"ok","msg":"黑龙江-大庆","gid":"468291","time_insert":"2021-08-01 14:42"}
2023-09-29 00:10:35 查询号码 【1990486】，GSD为【"黑龙江-大庆"】

2023-09-29 00:10:36 开始第 488 次操作

2023-09-29 00:10:36 开始操作号码 【1990487】
2023-09-29 00:10:47 GSD getOne 第 1 次 等待 3 秒
2023-09-29 00:10:50 查询号码 【1990487】，返回信息 {"status":"ok","msg":"黑龙江-鸡西","gid":"468342","time_insert":"2021-08-01 14:52"}
2023-09-29 00:10:50 查询号码 【1990487】，GSD为【"黑龙江-鸡西"】

2023-09-29 00:36:35 开始第 489 次操作

2023-09-29 00:36:35 开始操作号码 【1990488】
2023-09-29 00:36:42 GSD getOne 第 1 次 等待 3 秒
2023-09-29 00:36:45 查询号码 【1990488】，返回信息 {"status":"ok","msg":"黑龙江-大庆","gid":"468574","time_insert":"2021-08-01 15:10"}
2023-09-29 00:36:45 查询号码 【1990488】，GSD为【"黑龙江-大庆"】

2023-09-29 00:36:46 开始第 490 次操作

2023-09-29 00:36:46 开始操作号码 【1990489】
2023-09-29 00:36:49 GSD getOne 第 1 次 等待 3 秒
2023-09-29 00:36:52 查询号码 【1990489】，返回信息 {"status":"ok","msg":"黑龙江-大庆","gid":"468679","time_insert":"2021-08-01 15:19"}
2023-09-29 00:36:52 查询号码 【1990489】，GSD为【"黑龙江-大庆"】

2023-09-29 00:36:53 开始第 491 次操作

2023-09-29 00:36:53 开始操作号码 【1990490】
2023-09-29 00:36:56 GSD getOne 第 1 次 等待 3 秒
2023-09-29 00:36:59 查询号码 【1990490】，返回信息 {"status":"ok","msg":"辽宁-本溪","gid":"468767","time_insert":"2021-08-01 15:30"}
2023-09-29 00:36:59 查询号码 【1990490】，GSD为【"辽宁-本溪"】

2023-09-29 00:37:00 开始第 492 次操作

2023-09-29 00:37:00 开始操作号码 【1990491】
2023-09-29 00:37:04 GSD getOne 第 1 次 等待 3 秒
2023-09-29 00:37:07 查询号码 【1990491】，返回信息 {"status":"ok","msg":"辽宁-朝阳","gid":"468857","time_insert":"2021-08-01 15:40"}
2023-09-29 00:37:07 查询号码 【1990491】，GSD为【"辽宁-朝阳"】

2023-09-29 01:07:13 开始第 493 次操作

2023-09-29 01:07:13 开始操作号码 【1990492】
2023-09-29 01:07:17 GSD getOne 第 1 次 等待 3 秒
2023-09-29 01:07:20 查询号码 【1990492】，返回信息 {"status":"ok","msg":"辽宁-朝阳","gid":"468992","time_insert":"2021-08-01 15:50"}
2023-09-29 01:07:20 查询号码 【1990492】，GSD为【"辽宁-朝阳"】

2023-09-29 01:07:21 开始第 494 次操作

2023-09-29 01:07:21 开始操作号码 【1990493】
2023-09-29 01:07:22 GSD getOne 第 1 次 等待 3 秒
2023-09-29 01:07:25 查询号码 【1990493】，返回信息 {"status":"ok","msg":"辽宁-抚顺","gid":"469136","time_insert":"2021-08-01 15:59"}
2023-09-29 01:07:25 查询号码 【1990493】，GSD为【"辽宁-抚顺"】

2023-09-29 01:07:26 开始第 495 次操作

2023-09-29 01:07:26 开始操作号码 【1990494】
2023-09-29 01:07:28 GSD getOne 第 1 次 等待 3 秒
2023-09-29 01:07:31 查询号码 【1990494】，返回信息 {"status":"ok","msg":"辽宁-铁岭","gid":"469224","time_insert":"2021-08-01 16:09"}
2023-09-29 01:07:31 查询号码 【1990494】，GSD为【"辽宁-铁岭"】

2023-09-29 01:07:32 开始第 496 次操作

2023-09-29 01:07:32 开始操作号码 【1990495】
2023-09-29 01:07:33 GSD getOne 第 1 次 等待 3 秒
2023-09-29 01:07:36 查询号码 【1990495】，返回信息 {"status":"ok","msg":"辽宁-铁岭","gid":"469268","time_insert":"2021-08-01 16:19"}
2023-09-29 01:07:36 查询号码 【1990495】，GSD为【"辽宁-铁岭"】

2023-09-29 01:32:37 开始第 497 次操作

2023-09-29 01:32:37 开始操作号码 【1990496】
2023-09-29 01:33:00 GSD getOne 第 1 次 等待 3 秒
2023-09-29 01:33:03 查询号码 【1990496】，返回信息 {"status":"ok","msg":"辽宁-铁岭","gid":"469288","time_insert":"2021-08-01 16:28"}
2023-09-29 01:33:03 查询号码 【1990496】，GSD为【"辽宁-铁岭"】

2023-09-29 01:33:04 开始第 498 次操作

2023-09-29 01:33:04 开始操作号码 【1990497】
2023-09-29 01:33:06 GSD getOne 第 1 次 等待 3 秒
2023-09-29 01:33:09 查询号码 【1990497】，返回信息 {"status":"ok","msg":"辽宁-盘锦","gid":"469305","time_insert":"2021-08-01 16:38"}
2023-09-29 01:33:09 查询号码 【1990497】，GSD为【"辽宁-盘锦"】

2023-09-29 01:33:10 开始第 499 次操作

2023-09-29 01:33:10 开始操作号码 【1990498】
2023-09-29 01:33:13 GSD getOne 第 1 次 等待 3 秒
2023-09-29 01:33:16 查询号码 【1990498】，返回信息 {"status":"ok","msg":"辽宁-阜新","gid":"469410","time_insert":"2021-08-01 16:47"}
2023-09-29 01:33:16 查询号码 【1990498】，GSD为【"辽宁-阜新"】

2023-09-29 01:33:17 开始第 500 次操作

2023-09-29 01:33:17 开始操作号码 【1990499】
2023-09-29 01:33:19 GSD getOne 第 1 次 等待 3 秒
2023-09-29 01:33:22 查询号码 【1990499】，返回信息 {"status":"ok","msg":"辽宁-辽阳","gid":"469531","time_insert":"2021-08-01 16:56"}
2023-09-29 01:33:22 查询号码 【1990499】，GSD为【"辽宁-辽阳"】

2023-09-29 02:09:53 开始第 501 次操作

2023-09-29 02:09:53 开始操作号码 【1990500】
2023-09-29 02:09:54 GSD getOne 第 1 次 等待 3 秒
2023-09-29 02:09:57 查询号码 【1990500】，返回信息 {"status":"ok","msg":"福建-福州","gid":"469665","time_insert":"2021-08-01 17:06"}
2023-09-29 02:09:57 查询号码 【1990500】，GSD为【"福建-福州"】

2023-09-29 02:09:58 开始第 502 次操作

2023-09-29 02:09:58 开始操作号码 【1990501】
2023-09-29 02:10:00 GSD getOne 第 1 次 等待 3 秒
2023-09-29 02:10:03 查询号码 【1990501】，返回信息 {"status":"ok","msg":"福建-福州","gid":"469746","time_insert":"2021-08-01 17:15"}
2023-09-29 02:10:03 查询号码 【1990501】，GSD为【"福建-福州"】

2023-09-29 02:10:04 开始第 503 次操作

2023-09-29 02:10:04 开始操作号码 【1990502】
2023-09-29 02:10:09 GSD getOne 第 1 次 等待 3 秒
2023-09-29 02:10:12 查询号码 【1990502】，返回信息 {"status":"ok","msg":"福建-福州","gid":"469783","time_insert":"2021-08-01 17:25"}
2023-09-29 02:10:12 查询号码 【1990502】，GSD为【"福建-福州"】

2023-09-29 02:10:13 开始第 504 次操作

2023-09-29 02:10:13 开始操作号码 【1990503】
2023-09-29 02:10:14 GSD getOne 第 1 次 等待 3 秒
2023-09-29 02:10:17 查询号码 【1990503】，返回信息 {"status":"ok","msg":"福建-宁德","gid":"469801","time_insert":"2021-08-01 17:36"}
2023-09-29 02:10:17 查询号码 【1990503】，GSD为【"福建-宁德"】

2023-09-29 02:33:23 开始第 505 次操作

2023-09-29 02:33:23 开始操作号码 【1990504】
2023-09-29 02:33:25 GSD getOne 第 1 次 等待 3 秒
2023-09-29 02:33:28 查询号码 【1990504】，返回信息 {"status":"ok","msg":"福建-莆田","gid":"469866","time_insert":"2021-08-01 17:45"}
2023-09-29 02:33:28 查询号码 【1990504】，GSD为【"福建-莆田"】

2023-09-29 02:33:29 开始第 506 次操作

2023-09-29 02:33:29 开始操作号码 【1990505】
2023-09-29 02:33:31 GSD getOne 第 1 次 等待 3 秒
2023-09-29 02:33:34 查询号码 【1990505】，返回信息 {"status":"ok","msg":"福建-泉州","gid":"470015","time_insert":"2021-08-01 17:54"}
2023-09-29 02:33:34 查询号码 【1990505】，GSD为【"福建-泉州"】

2023-09-29 02:33:35 开始第 507 次操作

2023-09-29 02:33:35 开始操作号码 【1990506】
2023-09-29 02:33:36 GSD getOne 第 1 次 等待 3 秒
2023-09-29 02:33:39 查询号码 【1990506】，返回信息 {"status":"ok","msg":"福建-泉州","gid":"470168","time_insert":"2021-08-01 18:04"}
2023-09-29 02:33:39 查询号码 【1990506】，GSD为【"福建-泉州"】

2023-09-29 02:33:40 开始第 508 次操作

2023-09-29 02:33:40 开始操作号码 【1990507】
2023-09-29 02:33:42 GSD getOne 第 1 次 等待 3 秒
2023-09-29 02:33:45 查询号码 【1990507】，返回信息 {"status":"ok","msg":"福建-泉州","gid":"470253","time_insert":"2021-08-01 18:13"}
2023-09-29 02:33:45 查询号码 【1990507】，GSD为【"福建-泉州"】

2023-09-29 03:06:19 开始第 509 次操作

2023-09-29 03:06:19 开始操作号码 【1990508】
2023-09-29 03:06:21 GSD getOne 第 1 次 等待 3 秒
2023-09-29 03:06:24 查询号码 【1990508】，返回信息 {"status":"ok","msg":"福建-泉州","gid":"470308","time_insert":"2021-08-01 18:32"}
2023-09-29 03:06:24 查询号码 【1990508】，GSD为【"福建-泉州"】

2023-09-29 03:06:25 开始第 510 次操作

2023-09-29 03:06:25 开始操作号码 【1990509】
2023-09-29 03:06:27 GSD getOne 第 1 次 等待 3 秒
2023-09-29 03:06:30 查询号码 【1990509】，返回信息 {"status":"ok","msg":"福建-南平","gid":"470325","time_insert":"2021-08-01 18:41"}
2023-09-29 03:06:30 查询号码 【1990509】，GSD为【"福建-南平"】

2023-09-29 03:06:31 开始第 511 次操作

2023-09-29 03:06:31 开始操作号码 【1990510】
2023-09-29 03:06:32 GSD getOne 第 1 次 等待 3 秒
2023-09-29 03:06:35 查询号码 【1990510】，返回信息 {"status":"ok","msg":"江苏-盐城","gid":"470443","time_insert":"2021-08-01 18:51"}
2023-09-29 03:06:35 查询号码 【1990510】，GSD为【"江苏-盐城"】

2023-09-29 03:06:36 开始第 512 次操作

2023-09-29 03:06:36 开始操作号码 【1990511】
2023-09-29 03:06:38 GSD getOne 第 1 次 等待 3 秒
2023-09-29 03:06:41 查询号码 【1990511】，返回信息 {"status":"ok","msg":"江苏-镇江","gid":"470600","time_insert":"2021-08-01 19:02"}
2023-09-29 03:06:41 查询号码 【1990511】，GSD为【"江苏-镇江"】

2023-09-29 03:32:31 开始第 513 次操作

2023-09-29 03:32:31 开始操作号码 【1990512】
2023-09-29 03:32:34 GSD getOne 第 1 次 等待 3 秒
2023-09-29 03:32:37 查询号码 【1990512】，返回信息 {"status":"ok","msg":"江苏-苏州","gid":"470760","time_insert":"2021-08-01 19:13"}
2023-09-29 03:32:37 查询号码 【1990512】，GSD为【"江苏-苏州"】

2023-09-29 03:32:38 开始第 514 次操作

2023-09-29 03:32:38 开始操作号码 【1990513】
2023-09-29 03:32:39 GSD getOne 第 1 次 等待 3 秒
2023-09-29 03:32:42 查询号码 【1990513】，返回信息 {"status":"ok","msg":"江苏-南通","gid":"470808","time_insert":"2021-08-01 19:22"}
2023-09-29 03:32:43 查询号码 【1990513】，GSD为【"江苏-南通"】

2023-09-29 03:32:44 开始第 515 次操作

2023-09-29 03:32:44 开始操作号码 【1990514】
2023-09-29 03:32:45 GSD getOne 第 1 次 等待 3 秒
2023-09-29 03:32:48 查询号码 【1990514】，返回信息 {"status":"ok","msg":"江苏-扬州","gid":"470817","time_insert":"2021-08-01 19:31"}
2023-09-29 03:32:48 查询号码 【1990514】，GSD为【"江苏-扬州"】

2023-09-29 03:32:49 开始第 516 次操作

2023-09-29 03:32:49 开始操作号码 【1990515】
2023-09-29 03:32:51 GSD getOne 第 1 次 等待 3 秒
2023-09-29 03:32:54 查询号码 【1990515】，返回信息 {"status":"ok","msg":"江苏-盐城","gid":"470916","time_insert":"2021-08-01 19:41","time_update":"2021-08-15 21:49"}
2023-09-29 03:32:54 查询号码 【1990515】，GSD为【"江苏-盐城"】

2023-09-29 04:07:53 开始第 517 次操作

2023-09-29 04:07:53 开始操作号码 【1990516】
2023-09-29 04:07:56 GSD getOne 第 1 次 等待 3 秒
2023-09-29 04:07:59 查询号码 【1990516】，返回信息 {"status":"ok","msg":"江苏-徐州","gid":"471075","time_insert":"2021-08-01 19:50"}
2023-09-29 04:07:59 查询号码 【1990516】，GSD为【"江苏-徐州"】

2023-09-29 04:08:00 开始第 518 次操作

2023-09-29 04:08:00 开始操作号码 【1990517】
2023-09-29 04:08:02 GSD getOne 第 1 次 等待 3 秒
2023-09-29 04:08:05 查询号码 【1990517】，返回信息 {"status":"ok","msg":"江苏-南京","gid":"471243","time_insert":"2021-08-01 20:01"}
2023-09-29 04:08:05 查询号码 【1990517】，GSD为【"江苏-南京"】

2023-09-29 04:08:06 开始第 519 次操作

2023-09-29 04:08:06 开始操作号码 【1990518】
2023-09-29 04:08:08 GSD getOne 第 1 次 等待 3 秒
2023-09-29 04:08:11 查询号码 【1990518】，返回信息 {"status":"ok","msg":"江苏-连云港","gid":"471300","time_insert":"2021-08-01 20:09"}
2023-09-29 04:08:11 查询号码 【1990518】，GSD为【"江苏-连云港"】

2023-09-29 04:08:12 开始第 520 次操作

2023-09-29 04:08:12 开始操作号码 【1990519】
2023-09-29 04:08:14 GSD getOne 第 1 次 等待 3 秒
2023-09-29 04:08:17 查询号码 【1990519】，返回信息 {"status":"ok","msg":"江苏-常州","gid":"471326","time_insert":"2021-08-01 20:28"}
2023-09-29 04:08:17 查询号码 【1990519】，GSD为【"江苏-常州"】

2023-09-29 04:32:43 开始第 521 次操作

2023-09-29 04:32:43 开始操作号码 【1990520】
2023-09-29 04:32:45 GSD getOne 第 1 次 等待 3 秒
2023-09-29 04:32:48 查询号码 【1990520】，返回信息 {"status":"ok","msg":"江苏-徐州","gid":"471339","time_insert":"2021-08-01 20:38"}
2023-09-29 04:32:48 查询号码 【1990520】，GSD为【"江苏-徐州"】

2023-09-29 04:32:49 开始第 522 次操作

2023-09-29 04:32:49 开始操作号码 【1990521】
2023-09-29 04:32:51 GSD getOne 第 1 次 等待 3 秒
2023-09-29 04:32:54 查询号码 【1990521】，返回信息 {"status":"ok","msg":"江苏-徐州","gid":"471353","time_insert":"2021-08-01 20:48"}
2023-09-29 04:32:54 查询号码 【1990521】，GSD为【"江苏-徐州"】

2023-09-29 04:32:55 开始第 523 次操作

2023-09-29 04:32:55 开始操作号码 【1990522】
2023-09-29 04:32:57 GSD getOne 第 1 次 等待 3 秒
2023-09-29 04:33:00 查询号码 【1990522】，返回信息 {"status":"ok","msg":"江苏-徐州","gid":"471374","time_insert":"2021-08-01 20:57"}
2023-09-29 04:33:00 查询号码 【1990522】，GSD为【"江苏-徐州"】

2023-09-29 04:33:01 开始第 524 次操作

2023-09-29 04:33:01 开始操作号码 【1990523】
2023-09-29 04:33:03 GSD getOne 第 1 次 等待 3 秒
2023-09-29 04:33:06 查询号码 【1990523】，返回信息 {"status":"ok","msg":"江苏-淮安","gid":"471518","time_insert":"2021-08-01 21:07"}
2023-09-29 04:33:06 查询号码 【1990523】，GSD为【"江苏-淮安"】

2023-09-29 05:07:02 开始第 525 次操作

2023-09-29 05:07:02 开始操作号码 【1990524】
2023-09-29 05:07:04 GSD getOne 第 1 次 等待 3 秒
2023-09-29 05:07:07 查询号码 【1990524】，返回信息 {"status":"ok","msg":"江苏-宿迁","gid":"471758","time_insert":"2021-08-01 21:27"}
2023-09-29 05:07:07 查询号码 【1990524】，GSD为【"江苏-宿迁"】

2023-09-29 05:07:08 开始第 526 次操作

2023-09-29 05:07:08 开始操作号码 【1990525】
2023-09-29 05:07:09 GSD getOne 第 1 次 等待 3 秒
2023-09-29 05:07:12 查询号码 【1990525】，返回信息 {"status":"ok","msg":"江苏-扬州","gid":"471821","time_insert":"2021-08-01 21:37"}
2023-09-29 05:07:12 查询号码 【1990525】，GSD为【"江苏-扬州"】

2023-09-29 05:07:14 开始第 527 次操作

2023-09-29 05:07:14 开始操作号码 【1990526】
2023-09-29 05:07:16 GSD getOne 第 1 次 等待 3 秒
2023-09-29 05:07:19 查询号码 【1990526】，返回信息 {"status":"ok","msg":"江苏-泰州","gid":"472006","time_insert":"2021-08-01 21:48"}
2023-09-29 05:07:19 查询号码 【1990526】，GSD为【"江苏-泰州"】

2023-09-29 05:07:20 开始第 528 次操作

2023-09-29 05:07:20 开始操作号码 【1990527】
2023-09-29 05:07:22 GSD getOne 第 1 次 等待 3 秒
2023-09-29 05:07:25 查询号码 【1990527】，返回信息 {"status":"ok","msg":"江苏-扬州","gid":"472158","time_insert":"2021-08-01 21:58"}
2023-09-29 05:07:25 查询号码 【1990527】，GSD为【"江苏-扬州"】

2023-09-29 05:32:29 开始第 529 次操作

2023-09-29 05:32:29 开始操作号码 【1990528】
2023-09-29 05:32:32 GSD getOne 第 1 次 等待 3 秒
2023-09-29 05:32:35 查询号码 【1990528】，返回信息 {"status":"ok","msg":"江苏-镇江","gid":"472242","time_insert":"2021-08-01 22:08"}
2023-09-29 05:32:35 查询号码 【1990528】，GSD为【"江苏-镇江"】

2023-09-29 05:32:36 开始第 530 次操作

2023-09-29 05:32:36 开始操作号码 【1990529】
2023-09-29 05:32:37 GSD getOne 第 1 次 等待 3 秒
2023-09-29 05:32:40 查询号码 【1990529】，返回信息 {"status":"ok","msg":"江苏-镇江","gid":"472274","time_insert":"2021-08-01 22:17"}
2023-09-29 05:32:41 查询号码 【1990529】，GSD为【"江苏-镇江"】

2023-09-29 05:32:42 开始第 531 次操作

2023-09-29 05:32:42 开始操作号码 【1990530】
2023-09-29 05:32:43 GSD getOne 第 1 次 等待 3 秒
2023-09-29 05:32:46 查询号码 【1990530】，返回信息 {"status":"ok","msg":"山东-菏泽","gid":"472295","time_insert":"2021-08-01 22:28"}
2023-09-29 05:32:46 查询号码 【1990530】，GSD为【"山东-菏泽"】

2023-09-29 05:32:47 开始第 532 次操作

2023-09-29 05:32:47 开始操作号码 【1990531】
2023-09-29 05:32:49 GSD getOne 第 1 次 等待 3 秒
2023-09-29 05:32:52 查询号码 【1990531】，返回信息 {"status":"ok","msg":"山东-济南","gid":"472322","time_insert":"2021-08-01 22:37"}
2023-09-29 05:32:52 查询号码 【1990531】，GSD为【"山东-济南"】

2023-09-29 06:07:05 开始第 533 次操作

2023-09-29 06:07:05 开始操作号码 【1990532】
2023-09-29 06:07:07 GSD getOne 第 1 次 等待 3 秒
2023-09-29 06:07:10 查询号码 【1990532】，返回信息 {"status":"ok","msg":"山东-青岛","gid":"472462","time_insert":"2021-08-01 22:48"}
2023-09-29 06:07:10 查询号码 【1990532】，GSD为【"山东-青岛"】

2023-09-29 06:07:11 开始第 534 次操作

2023-09-29 06:07:11 开始操作号码 【1990533】
2023-09-29 06:07:13 GSD getOne 第 1 次 等待 3 秒
2023-09-29 06:07:16 查询号码 【1990533】，返回信息 {"status":"ok","msg":"山东-淄博","gid":"472606","time_insert":"2021-08-01 22:58"}
2023-09-29 06:07:17 查询号码 【1990533】，GSD为【"山东-淄博"】

2023-09-29 06:07:18 开始第 535 次操作

2023-09-29 06:07:18 开始操作号码 【1990534】
2023-09-29 06:07:20 GSD getOne 第 1 次 等待 3 秒
2023-09-29 06:07:23 查询号码 【1990534】，返回信息 {"status":"ok","msg":"山东-德州","gid":"472722","time_insert":"2021-08-01 23:07"}
2023-09-29 06:07:23 查询号码 【1990534】，GSD为【"山东-德州"】

2023-09-29 06:07:24 开始第 536 次操作

2023-09-29 06:07:24 开始操作号码 【1990535】
2023-09-29 06:07:26 GSD getOne 第 1 次 等待 3 秒
2023-09-29 06:07:29 查询号码 【1990535】，返回信息 {"status":"ok","msg":"山东-烟台","gid":"472771","time_insert":"2021-08-01 23:17"}
2023-09-29 06:07:29 查询号码 【1990535】，GSD为【"山东-烟台"】

2023-09-29 06:32:38 开始第 537 次操作

2023-09-29 06:32:38 开始操作号码 【1990536】
2023-09-29 06:32:39 GSD getOne 第 1 次 等待 3 秒
2023-09-29 06:32:42 查询号码 【1990536】，返回信息 {"status":"ok","msg":"山东-潍坊","gid":"472813","time_insert":"2021-08-01 23:37"}
2023-09-29 06:32:42 查询号码 【1990536】，GSD为【"山东-潍坊"】

2023-09-29 06:32:43 开始第 538 次操作

2023-09-29 06:32:43 开始操作号码 【1990537】
2023-09-29 06:32:45 GSD getOne 第 1 次 等待 3 秒
2023-09-29 06:32:48 查询号码 【1990537】，返回信息 {"status":"ok","msg":"山东-济宁","gid":"472862","time_insert":"2021-08-01 23:47"}
2023-09-29 06:32:48 查询号码 【1990537】，GSD为【"山东-济宁"】

2023-09-29 06:32:49 开始第 539 次操作

2023-09-29 06:32:49 开始操作号码 【1990538】
2023-09-29 06:32:50 GSD getOne 第 1 次 等待 3 秒
2023-09-29 06:32:53 查询号码 【1990538】，返回信息 {"status":"ok","msg":"山东-泰安","gid":"472981","time_insert":"2021-08-01 23:56"}
2023-09-29 06:32:53 查询号码 【1990538】，GSD为【"山东-泰安"】

2023-09-29 06:32:54 开始第 540 次操作

2023-09-29 06:32:54 开始操作号码 【1990539】
2023-09-29 06:32:56 GSD getOne 第 1 次 等待 3 秒
2023-09-29 06:32:59 查询号码 【1990539】，返回信息 {"status":"ok","msg":"山东-临沂","gid":"473109","time_insert":"2021-08-02 00:05"}
2023-09-29 06:32:59 查询号码 【1990539】，GSD为【"山东-临沂"】

2023-09-29 07:07:44 开始第 541 次操作

2023-09-29 07:07:44 开始操作号码 【1990540】
2023-09-29 07:07:45 GSD getOne 第 1 次 等待 3 秒
2023-09-29 07:07:49 查询号码 【1990540】，返回信息 {"status":"ok","msg":"山东-菏泽","gid":"473222","time_insert":"2021-08-02 00:16"}
2023-09-29 07:07:49 查询号码 【1990540】，GSD为【"山东-菏泽"】

2023-09-29 07:07:50 开始第 542 次操作

2023-09-29 07:07:50 开始操作号码 【1990541】
2023-09-29 07:07:52 GSD getOne 第 1 次 等待 3 秒
2023-09-29 07:07:55 查询号码 【1990541】，返回信息 {"status":"ok","msg":"山东-济南","gid":"473276","time_insert":"2021-08-02 00:26"}
2023-09-29 07:07:55 查询号码 【1990541】，GSD为【"山东-济南"】

2023-09-29 07:07:56 开始第 543 次操作

2023-09-29 07:07:56 开始操作号码 【1990542】
2023-09-29 07:07:57 GSD getOne 第 1 次 等待 3 秒
2023-09-29 07:08:00 查询号码 【1990542】，返回信息 {"status":"ok","msg":"山东-青岛","gid":"473306","time_insert":"2021-08-02 00:36"}
2023-09-29 07:08:01 查询号码 【1990542】，GSD为【"山东-青岛"】

2023-09-29 07:08:02 开始第 544 次操作

2023-09-29 07:08:02 开始操作号码 【1990543】
2023-09-29 07:08:04 GSD getOne 第 1 次 等待 3 秒
2023-09-29 07:08:07 查询号码 【1990543】，返回信息 {"status":"ok","msg":"山东-滨州","gid":"473331","time_insert":"2021-08-02 00:45"}
2023-09-29 07:08:07 查询号码 【1990543】，GSD为【"山东-滨州"】

2023-09-29 07:32:52 开始第 545 次操作

2023-09-29 07:32:52 开始操作号码 【1990544】
2023-09-29 07:33:15 GSD getOne 第 1 次 等待 3 秒
2023-09-29 07:33:18 查询号码 【1990544】，返回信息 {"status":"ok","msg":"山东-德州","gid":"473346","time_insert":"2021-08-02 00:55"}
2023-09-29 07:33:18 查询号码 【1990544】，GSD为【"山东-德州"】

2023-09-29 07:33:19 开始第 546 次操作

2023-09-29 07:33:19 开始操作号码 【1990545】
2023-09-29 07:33:41 GSD getOne 第 1 次 等待 3 秒
2023-09-29 07:33:44 查询号码 【1990545】，返回信息 {"status":"ok","msg":"山东-烟台","gid":"473411","time_insert":"2021-08-02 01:04"}
2023-09-29 07:33:44 查询号码 【1990545】，GSD为【"山东-烟台"】

2023-09-29 07:33:45 开始第 547 次操作

2023-09-29 07:33:45 开始操作号码 【1990546】
2023-09-29 07:34:17 GSD getOne 第 1 次 等待 3 秒
2023-09-29 07:34:20 查询号码 【1990546】，返回信息 {"status":"ok","msg":"山东-东营","gid":"473557","time_insert":"2021-08-02 01:15"}
2023-09-29 07:34:21 查询号码 【1990546】，GSD为【"山东-东营"】

2023-09-29 07:34:22 开始第 548 次操作

2023-09-29 07:34:22 开始操作号码 【1990547】
2023-09-29 07:34:24 GSD getOne 第 1 次 等待 3 秒
2023-09-29 07:34:27 查询号码 【1990547】，返回信息 {"status":"ok","msg":"山东-济宁","gid":"473686","time_insert":"2021-08-02 01:24"}
2023-09-29 07:34:27 查询号码 【1990547】，GSD为【"山东-济宁"】

2023-09-29 08:36:00 开始第 549 次操作

2023-09-29 08:36:00 开始操作号码 【1990548】
2023-09-29 08:36:02 GSD getOne 第 1 次 等待 3 秒
2023-09-29 08:36:05 查询号码 【1990548】，返回信息 {"status":"ok","msg":"山东-泰安","gid":"473745","time_insert":"2021-08-02 01:33"}
2023-09-29 08:36:05 查询号码 【1990548】，GSD为【"山东-泰安"】

2023-09-29 08:36:06 开始第 550 次操作

2023-09-29 08:36:06 开始操作号码 【1990549】
2023-09-29 08:36:09 GSD getOne 第 1 次 等待 3 秒
2023-09-29 08:36:12 查询号码 【1990549】，返回信息 {"status":"ok","msg":"山东-临沂","gid":"473806","time_insert":"2021-08-02 01:43"}
2023-09-29 08:36:12 查询号码 【1990549】，GSD为【"山东-临沂"】

2023-09-29 08:36:13 开始第 551 次操作

2023-09-29 08:36:13 开始操作号码 【1990550】
2023-09-29 08:36:15 GSD getOne 第 1 次 等待 3 秒
2023-09-29 08:36:18 查询号码 【1990550】，返回信息 {"status":"ok","msg":"安徽-滁州","gid":"473949","time_insert":"2021-08-02 01:52"}
2023-09-29 08:36:18 查询号码 【1990550】，GSD为【"安徽-滁州"】

2023-09-29 08:36:19 开始第 552 次操作

2023-09-29 08:36:19 开始操作号码 【1990551】
2023-09-29 08:36:21 GSD getOne 第 1 次 等待 3 秒
2023-09-29 08:36:24 查询号码 【1990551】，返回信息 {"status":"ok","msg":"安徽-合肥","gid":"474085","time_insert":"2021-08-02 02:01"}
2023-09-29 08:36:25 查询号码 【1990551】，GSD为【"安徽-合肥"】

2023-09-29 09:41:51 开始第 553 次操作

2023-09-29 09:41:51 开始操作号码 【1990552】
2023-09-29 09:41:53 GSD getOne 第 1 次 等待 3 秒
2023-09-29 09:41:56 查询号码 【1990552】，返回信息 {"status":"ok","msg":"安徽-蚌埠","gid":"474205","time_insert":"2021-08-02 02:10"}
2023-09-29 09:41:56 查询号码 【1990552】，GSD为【"安徽-蚌埠"】

2023-09-29 09:41:57 开始第 554 次操作

2023-09-29 09:41:57 开始操作号码 【1990553】
2023-09-29 09:41:58 GSD getOne 第 1 次 等待 3 秒
2023-09-29 09:42:01 查询号码 【1990553】，返回信息 {"status":"ok","msg":"安徽-芜湖","gid":"474249","time_insert":"2021-08-02 02:20"}
2023-09-29 09:42:01 查询号码 【1990553】，GSD为【"安徽-芜湖"】

2023-09-29 09:42:02 开始第 555 次操作

2023-09-29 09:42:02 开始操作号码 【1990554】
2023-09-29 09:42:04 GSD getOne 第 1 次 等待 3 秒
2023-09-29 09:42:07 查询号码 【1990554】，返回信息 {"status":"ok","msg":"安徽-淮南","gid":"474262","time_insert":"2021-08-02 02:30"}
2023-09-29 09:42:07 查询号码 【1990554】，GSD为【"安徽-淮南"】

2023-09-29 09:42:08 开始第 556 次操作

2023-09-29 09:42:08 开始操作号码 【1990555】
2023-09-29 09:42:09 GSD getOne 第 1 次 等待 3 秒
2023-09-29 09:42:12 查询号码 【1990555】，返回信息 {"status":"ok","msg":"安徽-马鞍山","gid":"474272","time_insert":"2021-08-02 02:39"}
2023-09-29 09:42:12 查询号码 【1990555】，GSD为【"安徽-马鞍山"】

2023-09-29 10:15:12 开始第 557 次操作

2023-09-29 10:15:12 开始操作号码 【1990556】
2023-09-29 10:15:13 GSD getOne 第 1 次 等待 3 秒
2023-09-29 10:15:16 查询号码 【1990556】，返回信息 {"status":"ok","msg":"安徽-安庆","gid":"474295","time_insert":"2021-08-02 02:48"}
2023-09-29 10:15:16 查询号码 【1990556】，GSD为【"安徽-安庆"】

2023-09-29 10:15:17 开始第 558 次操作

2023-09-29 10:15:17 开始操作号码 【1990557】
2023-09-29 10:15:19 GSD getOne 第 1 次 等待 3 秒
2023-09-29 10:15:22 查询号码 【1990557】，返回信息 {"status":"ok","msg":"安徽-宿州","gid":"474432","time_insert":"2021-08-02 02:57"}
2023-09-29 10:15:22 查询号码 【1990557】，GSD为【"安徽-宿州"】

2023-09-29 10:15:23 开始第 559 次操作

2023-09-29 10:15:23 开始操作号码 【1990558】
2023-09-29 10:15:25 GSD getOne 第 1 次 等待 3 秒
2023-09-29 10:15:28 查询号码 【1990558】，返回信息 {"status":"ok","msg":"安徽-阜阳","gid":"474592","time_insert":"2021-08-02 03:07"}
2023-09-29 10:15:28 查询号码 【1990558】，GSD为【"安徽-阜阳"】

2023-09-29 10:15:29 开始第 560 次操作

2023-09-29 10:15:29 开始操作号码 【1990559】
2023-09-29 10:15:31 GSD getOne 第 1 次 等待 3 秒
2023-09-29 10:15:34 查询号码 【1990559】，返回信息 {"status":"ok","msg":"安徽-黄山","gid":"474701","time_insert":"2021-08-02 03:16"}
2023-09-29 10:15:34 查询号码 【1990559】，GSD为【"安徽-黄山"】

2023-09-29 10:32:49 开始第 561 次操作

2023-09-29 10:32:49 开始操作号码 【1990560】
2023-09-29 10:32:58 GSD getOne 第 1 次 等待 3 秒
2023-09-29 10:33:01 查询号码 【1990560】，返回信息 {"status":"ok","msg":"安徽-合肥","gid":"474762","time_insert":"2021-08-02 03:26"}
2023-09-29 10:33:01 查询号码 【1990560】，GSD为【"安徽-合肥"】

2023-09-29 10:33:02 开始第 562 次操作

2023-09-29 10:33:02 开始操作号码 【1990561】
2023-09-29 10:33:04 GSD getOne 第 1 次 等待 3 秒
2023-09-29 10:33:07 查询号码 【1990561】，返回信息 {"status":"ok","msg":"安徽-淮北","gid":"474783","time_insert":"2021-08-02 03:35"}
2023-09-29 10:33:07 查询号码 【1990561】，GSD为【"安徽-淮北"】

2023-09-29 10:33:08 开始第 563 次操作

2023-09-29 10:33:08 开始操作号码 【1990562】
2023-09-29 10:33:10 GSD getOne 第 1 次 等待 3 秒
2023-09-29 10:33:13 查询号码 【1990562】，返回信息 {"status":"ok","msg":"安徽-铜陵","gid":"474912","time_insert":"2021-08-02 03:44"}
2023-09-29 10:33:13 查询号码 【1990562】，GSD为【"安徽-铜陵"】

2023-09-29 10:33:14 开始第 564 次操作

2023-09-29 10:33:14 开始操作号码 【1990563】
2023-09-29 10:33:22 GSD getOne 第 1 次 等待 3 秒
2023-09-29 10:33:25 查询号码 【1990563】，返回信息 {"status":"ok","msg":"安徽-宣城","gid":"475059","time_insert":"2021-08-02 03:53"}
2023-09-29 10:33:25 查询号码 【1990563】，GSD为【"安徽-宣城"】

2023-09-29 11:08:09 开始第 565 次操作

2023-09-29 11:08:09 开始操作号码 【1990564】
2023-09-29 11:08:24 GSD getOne 第 1 次 等待 3 秒
2023-09-29 11:08:27 查询号码 【1990564】，返回信息 {"status":"ok","msg":"安徽-六安","gid":"475207","time_insert":"2021-08-02 04:03"}
2023-09-29 11:08:27 查询号码 【1990564】，GSD为【"安徽-六安"】

2023-09-29 11:08:28 开始第 566 次操作

2023-09-29 11:08:28 开始操作号码 【1990565】
2023-09-29 11:08:32 GSD getOne 第 1 次 等待 3 秒
2023-09-29 11:08:35 查询号码 【1990565】，返回信息 {"status":"ok","msg":"安徽-合肥","gid":"475249","time_insert":"2021-08-02 04:13"}
2023-09-29 11:08:35 查询号码 【1990565】，GSD为【"安徽-合肥"】

2023-09-29 11:08:36 开始第 567 次操作

2023-09-29 11:08:36 开始操作号码 【1990566】
2023-09-29 11:08:38 GSD getOne 第 1 次 等待 3 秒
2023-09-29 11:08:41 查询号码 【1990566】，返回信息 {"status":"ok","msg":"安徽-池州","gid":"475268","time_insert":"2021-08-02 04:22"}
2023-09-29 11:08:41 查询号码 【1990566】，GSD为【"安徽-池州"】

2023-09-29 11:08:42 开始第 568 次操作

2023-09-29 11:08:42 开始操作号码 【1990567】
2023-09-29 11:08:46 GSD getOne 第 1 次 等待 3 秒
2023-09-29 11:08:49 查询号码 【1990567】，返回信息 {"status":"ok","msg":"安徽-亳州","gid":"475280","time_insert":"2021-08-02 04:32"}
2023-09-29 11:08:49 查询号码 【1990567】，GSD为【"安徽-亳州"】

2023-09-29 11:32:52 开始第 569 次操作

2023-09-29 11:32:52 开始操作号码 【1990568】
2023-09-29 11:32:56 GSD getOne 第 1 次 等待 3 秒
2023-09-29 11:32:59 查询号码 【1990568】，返回信息 {"status":"ok","msg":"安徽-阜阳","gid":"475340","time_insert":"2021-08-02 04:42"}
2023-09-29 11:32:59 查询号码 【1990568】，GSD为【"安徽-阜阳"】

2023-09-29 11:33:00 开始第 570 次操作

2023-09-29 11:33:00 开始操作号码 【1990569】
2023-09-29 11:33:02 GSD getOne 第 1 次 等待 3 秒
2023-09-29 11:33:05 查询号码 【1990569】，返回信息 {"status":"ok","msg":"安徽-合肥","gid":"475487","time_insert":"2021-08-02 04:52"}
2023-09-29 11:33:05 查询号码 【1990569】，GSD为【"安徽-合肥"】

2023-09-29 11:33:06 开始第 571 次操作

2023-09-29 11:33:06 开始操作号码 【1990570】
2023-09-29 11:33:10 GSD getOne 第 1 次 等待 3 秒
2023-09-29 11:33:13 查询号码 【1990570】，返回信息 {"status":"ok","msg":"浙江-衢州","gid":"475646","time_insert":"2021-08-02 05:02"}
2023-09-29 11:33:13 查询号码 【1990570】，GSD为【"浙江-衢州"】

2023-09-29 11:33:14 开始第 572 次操作

2023-09-29 11:33:14 开始操作号码 【1990571】
2023-09-29 11:33:17 GSD getOne 第 1 次 等待 3 秒
2023-09-29 11:33:20 查询号码 【1990571】，返回信息 {"status":"ok","msg":"浙江-杭州","gid":"475746","time_insert":"2021-08-02 05:12"}
2023-09-29 11:33:20 查询号码 【1990571】，GSD为【"浙江-杭州"】

2023-09-29 12:09:32 开始第 573 次操作

2023-09-29 12:09:32 开始操作号码 【1990572】
2023-09-29 12:09:35 GSD getOne 第 1 次 等待 3 秒
2023-09-29 12:09:38 查询号码 【1990572】，返回信息 {"status":"ok","msg":"浙江-湖州","gid":"475775","time_insert":"2021-08-02 05:21"}
2023-09-29 12:09:38 查询号码 【1990572】，GSD为【"浙江-湖州"】

2023-09-29 12:09:39 开始第 574 次操作

2023-09-29 12:09:39 开始操作号码 【1990573】
2023-09-29 12:09:44 GSD getOne 第 1 次 等待 3 秒
2023-09-29 12:09:47 查询号码 【1990573】，返回信息 {"status":"ok","msg":"浙江-嘉兴","gid":"475785","time_insert":"2021-08-02 05:30"}
2023-09-29 12:09:47 查询号码 【1990573】，GSD为【"浙江-嘉兴"】

2023-09-29 12:09:48 开始第 575 次操作

2023-09-29 12:09:48 开始操作号码 【1990574】
2023-09-29 12:09:49 GSD getOne 第 1 次 等待 3 秒
2023-09-29 12:09:52 查询号码 【1990574】，返回信息 {"status":"ok","msg":"浙江-宁波","gid":"475816","time_insert":"2021-08-02 05:40"}
2023-09-29 12:09:53 查询号码 【1990574】，GSD为【"浙江-宁波"】

2023-09-29 12:09:54 开始第 576 次操作

2023-09-29 12:09:54 开始操作号码 【1990575】
2023-09-29 12:09:56 GSD getOne 第 1 次 等待 3 秒
2023-09-29 12:09:59 查询号码 【1990575】，返回信息 {"status":"ok","msg":"浙江-绍兴","gid":"475960","time_insert":"2021-08-02 05:49"}
2023-09-29 12:09:59 查询号码 【1990575】，GSD为【"浙江-绍兴"】

2023-09-29 12:34:01 开始第 577 次操作

2023-09-29 12:34:01 开始操作号码 【1990576】
2023-09-29 12:34:05 GSD getOne 第 1 次 等待 3 秒
2023-09-29 12:34:08 查询号码 【1990576】，返回信息 {"status":"ok","msg":"浙江-台州","gid":"476123","time_insert":"2021-08-02 05:58"}
2023-09-29 12:34:08 查询号码 【1990576】，GSD为【"浙江-台州"】

2023-09-29 12:34:09 开始第 578 次操作

2023-09-29 12:34:09 开始操作号码 【1990577】
2023-09-29 12:34:11 GSD getOne 第 1 次 等待 3 秒
2023-09-29 12:34:14 查询号码 【1990577】，返回信息 {"status":"ok","msg":"浙江-温州","gid":"476259","time_insert":"2021-08-02 06:08"}
2023-09-29 12:34:14 查询号码 【1990577】，GSD为【"浙江-温州"】

2023-09-29 12:34:15 开始第 579 次操作

2023-09-29 12:34:15 开始操作号码 【1990578】
2023-09-29 12:34:19 GSD getOne 第 1 次 等待 3 秒
2023-09-29 12:34:22 查询号码 【1990578】，返回信息 {"status":"ok","msg":"浙江-丽水","gid":"476275","time_insert":"2021-08-02 06:17"}
2023-09-29 12:34:22 查询号码 【1990578】，GSD为【"浙江-丽水"】

2023-09-29 12:34:23 开始第 580 次操作

2023-09-29 12:34:23 开始操作号码 【1990579】
2023-09-29 12:34:28 GSD getOne 第 1 次 等待 3 秒
2023-09-29 12:34:31 查询号码 【1990579】，返回信息 {"status":"ok","msg":"浙江-金华","gid":"476289","time_insert":"2021-08-02 06:26"}
2023-09-29 12:34:31 查询号码 【1990579】，GSD为【"浙江-金华"】

2023-09-29 13:07:40 开始第 581 次操作

2023-09-29 13:07:40 开始操作号码 【1990580】
2023-09-29 13:07:43 GSD getOne 第 1 次 等待 3 秒
2023-09-29 13:07:46 查询号码 【1990580】，返回信息 {"status":"ok","msg":"浙江-舟山","gid":"476298","time_insert":"2021-08-02 06:35"}
2023-09-29 13:07:46 查询号码 【1990580】，GSD为【"浙江-舟山"】

2023-09-29 13:07:47 开始第 582 次操作

2023-09-29 13:07:47 开始操作号码 【1990581】
2023-09-29 13:07:49 GSD getOne 第 1 次 等待 3 秒
2023-09-29 13:07:52 查询号码 【1990581】，返回信息 {"status":"ok","msg":"浙江-杭州","gid":"476401","time_insert":"2021-08-02 06:44"}
2023-09-29 13:07:52 查询号码 【1990581】，GSD为【"浙江-杭州"】

2023-09-29 13:07:53 开始第 583 次操作

2023-09-29 13:07:53 开始操作号码 【1990582】
2023-09-29 13:07:54 GSD getOne 第 1 次 等待 3 秒
2023-09-29 13:07:57 查询号码 【1990582】，返回信息 {"status":"ok","msg":"浙江-湖州","gid":"476554","time_insert":"2021-08-02 06:53"}
2023-09-29 13:07:58 查询号码 【1990582】，GSD为【"浙江-湖州"】

2023-09-29 13:07:59 开始第 584 次操作

2023-09-29 13:07:59 开始操作号码 【1990583】
2023-09-29 13:08:00 GSD getOne 第 1 次 等待 3 秒
2023-09-29 13:08:03 查询号码 【1990583】，返回信息 {"status":"ok","msg":"浙江-嘉兴","gid":"476725","time_insert":"2021-08-02 07:03"}
2023-09-29 13:08:03 查询号码 【1990583】，GSD为【"浙江-嘉兴"】

2023-09-29 13:32:30 开始第 585 次操作

2023-09-29 13:32:30 开始操作号码 【1990584】
2023-09-29 13:32:33 GSD getOne 第 1 次 等待 3 秒
2023-09-29 13:32:36 查询号码 【1990584】，返回信息 {"status":"ok","msg":"浙江-宁波","gid":"476773","time_insert":"2021-08-02 07:13","time_update":"2021-08-15 22:04"}
2023-09-29 13:32:36 查询号码 【1990584】，GSD为【"浙江-宁波"】

2023-09-29 13:32:37 开始第 586 次操作

2023-09-29 13:32:37 开始操作号码 【1990585】
2023-09-29 13:32:51 GSD getOne 第 1 次 等待 3 秒
2023-09-29 13:32:54 查询号码 【1990585】，返回信息 {"status":"ok","msg":"浙江-绍兴","gid":"476793","time_insert":"2021-08-02 07:22"}
2023-09-29 13:32:54 查询号码 【1990585】，GSD为【"浙江-绍兴"】

2023-09-29 13:32:55 开始第 587 次操作

2023-09-29 13:32:55 开始操作号码 【1990586】
2023-09-29 13:32:58 GSD getOne 第 1 次 等待 3 秒
2023-09-29 13:33:01 查询号码 【1990586】，返回信息 {"status":"ok","msg":"浙江-台州","gid":"476807","time_insert":"2021-08-02 07:32"}
2023-09-29 13:33:01 查询号码 【1990586】，GSD为【"浙江-台州"】

2023-09-29 13:33:02 开始第 588 次操作

2023-09-29 13:33:02 开始操作号码 【1990587】
2023-09-29 13:33:05 GSD getOne 第 1 次 等待 3 秒
2023-09-29 13:33:08 查询号码 【1990587】，返回信息 {"status":"ok","msg":"浙江-温州","gid":"476880","time_insert":"2021-08-02 07:42"}
2023-09-29 13:33:08 查询号码 【1990587】，GSD为【"浙江-温州"】

2023-09-29 14:10:24 开始第 589 次操作

2023-09-29 14:10:24 开始操作号码 【1990588】
2023-09-29 14:10:26 GSD getOne 第 1 次 等待 3 秒
2023-09-29 14:10:29 查询号码 【1990588】，返回信息 {"status":"ok","msg":"浙江-丽水","gid":"477048","time_insert":"2021-08-02 07:52"}
2023-09-29 14:10:29 查询号码 【1990588】，GSD为【"浙江-丽水"】

2023-09-29 14:10:30 开始第 590 次操作

2023-09-29 14:10:30 开始操作号码 【1990589】
2023-09-29 14:10:33 GSD getOne 第 1 次 等待 3 秒
2023-09-29 14:10:36 查询号码 【1990589】，返回信息 {"status":"ok","msg":"浙江-金华","gid":"477209","time_insert":"2021-08-02 08:02"}
2023-09-29 14:10:36 查询号码 【1990589】，GSD为【"浙江-金华"】

2023-09-29 14:10:37 开始第 591 次操作

2023-09-29 14:10:37 开始操作号码 【1990590】
2023-09-29 14:10:42 GSD getOne 第 1 次 等待 3 秒
2023-09-29 14:10:45 查询号码 【1990590】，返回信息 {"status":"ok","msg":"福建-福州","gid":"477277","time_insert":"2021-08-02 08:12"}
2023-09-29 14:10:45 查询号码 【1990590】，GSD为【"福建-福州"】

2023-09-29 14:10:46 开始第 592 次操作

2023-09-29 14:10:46 开始操作号码 【1990591】
2023-09-29 14:10:49 GSD getOne 第 1 次 等待 3 秒
2023-09-29 14:10:52 查询号码 【1990591】，返回信息 {"status":"ok","msg":"福建-福州","gid":"477303","time_insert":"2021-08-02 08:22"}
2023-09-29 14:10:52 查询号码 【1990591】，GSD为【"福建-福州"】

2023-09-29 14:33:49 开始第 593 次操作

2023-09-29 14:33:49 开始操作号码 【1990592】
2023-09-29 14:33:55 GSD getOne 第 1 次 等待 3 秒
2023-09-29 14:33:59 查询号码 【1990592】，返回信息 {"status":"ok","msg":"福建-厦门","gid":"477314","time_insert":"2021-08-02 08:31"}
2023-09-29 14:33:59 查询号码 【1990592】，GSD为【"福建-厦门"】

2023-09-29 14:34:00 开始第 594 次操作

2023-09-29 14:34:00 开始操作号码 【1990593】
2023-09-29 14:34:32 GSD getOne 第 1 次 等待 3 秒
2023-09-29 14:34:35 查询号码 【1990593】，返回信息 {"status":"ok","msg":"福建-宁德","gid":"477322","time_insert":"2021-08-02 08:41"}
2023-09-29 14:34:35 查询号码 【1990593】，GSD为【"福建-宁德"】

2023-09-29 14:34:36 开始第 595 次操作

2023-09-29 14:34:36 开始操作号码 【1990594】
2023-09-29 14:34:40 GSD getOne 第 1 次 等待 3 秒
2023-09-29 14:34:43 查询号码 【1990594】，返回信息 {"status":"ok","msg":"福建-莆田","gid":"477337","time_insert":"2021-08-02 08:51"}
2023-09-29 14:34:43 查询号码 【1990594】，GSD为【"福建-莆田"】

2023-09-29 14:34:44 开始第 596 次操作

2023-09-29 14:34:44 开始操作号码 【1990595】
2023-09-29 14:34:47 GSD getOne 第 1 次 等待 3 秒
2023-09-29 14:34:50 查询号码 【1990595】，返回信息 {"status":"ok","msg":"福建-泉州","gid":"477347","time_insert":"2021-08-02 08:59"}
2023-09-29 14:34:50 查询号码 【1990595】，GSD为【"福建-泉州"】

2023-09-29 15:07:13 开始第 597 次操作

2023-09-29 15:07:13 开始操作号码 【1990596】
2023-09-29 15:07:16 GSD getOne 第 1 次 等待 3 秒
2023-09-29 15:07:19 查询号码 【1990596】，返回信息 {"status":"ok","msg":"福建-漳州","gid":"477359","time_insert":"2021-08-02 09:09"}
2023-09-29 15:07:19 查询号码 【1990596】，GSD为【"福建-漳州"】

2023-09-29 15:07:20 开始第 598 次操作

2023-09-29 15:07:20 开始操作号码 【1990597】
2023-09-29 15:07:21 GSD getOne 第 1 次 等待 3 秒
2023-09-29 15:07:24 查询号码 【1990597】，返回信息 {"status":"ok","msg":"福建-龙岩","gid":"477368","time_insert":"2021-08-02 09:19"}
2023-09-29 15:07:24 查询号码 【1990597】，GSD为【"福建-龙岩"】

2023-09-29 15:07:25 开始第 599 次操作

2023-09-29 15:07:25 开始操作号码 【1990598】
2023-09-29 15:07:28 GSD getOne 第 1 次 等待 3 秒
2023-09-29 15:07:31 查询号码 【1990598】，返回信息 {"status":"ok","msg":"福建-三明","gid":"477404","time_insert":"2021-08-02 09:39"}
2023-09-29 15:07:31 查询号码 【1990598】，GSD为【"福建-三明"】

2023-09-29 15:07:32 开始第 600 次操作

2023-09-29 15:07:32 开始操作号码 【1990599】
2023-09-29 15:07:39 GSD getOne 第 1 次 等待 3 秒
2023-09-29 15:07:42 查询号码 【1990599】，返回信息 {"status":"ok","msg":"福建-南平","gid":"477521","time_insert":"2021-08-02 09:48"}
2023-09-29 15:07:42 查询号码 【1990599】，GSD为【"福建-南平"】

2023-09-29 15:32:38 开始第 601 次操作

2023-09-29 15:32:38 开始操作号码 【1990600】
2023-09-29 15:32:43 GSD getOne 第 1 次 等待 3 秒
2023-09-29 15:32:46 查询号码 【1990600】，返回信息 {"status":"ok","msg":"福建-厦门","gid":"477675","time_insert":"2021-08-02 09:58"}
2023-09-29 15:32:46 查询号码 【1990600】，GSD为【"福建-厦门"】

2023-09-29 15:32:47 开始第 602 次操作

2023-09-29 15:32:47 开始操作号码 【1990601】
2023-09-29 15:32:48 GSD getOne 第 1 次 等待 3 秒
2023-09-29 15:32:51 查询号码 【1990601】，返回信息 {"status":"ok","msg":"福建-厦门","gid":"477771","time_insert":"2021-08-02 10:08"}
2023-09-29 15:32:52 查询号码 【1990601】，GSD为【"福建-厦门"】

2023-09-29 15:32:53 开始第 603 次操作

2023-09-29 15:32:53 开始操作号码 【1990602】
2023-09-29 15:32:55 GSD getOne 第 1 次 等待 3 秒
2023-09-29 15:32:58 查询号码 【1990602】，返回信息 {"status":"ok","msg":"福建-厦门","gid":"477802","time_insert":"2021-08-02 10:17","time_update":"2021-08-15 22:39"}
2023-09-29 15:32:58 查询号码 【1990602】，GSD为【"福建-厦门"】

2023-09-29 15:32:59 开始第 604 次操作

2023-09-29 15:32:59 开始操作号码 【1990603】
2023-09-29 15:33:01 GSD getOne 第 1 次 等待 3 秒
2023-09-29 15:33:04 查询号码 【1990603】，返回信息 {"status":"ok","msg":"福建-厦门","gid":"477836","time_insert":"2021-08-02 10:27"}
2023-09-29 15:33:04 查询号码 【1990603】，GSD为【"福建-厦门"】

2023-09-29 16:10:31 开始第 605 次操作

2023-09-29 16:10:31 开始操作号码 【1990604】
2023-09-29 16:10:36 GSD getOne 第 1 次 等待 3 秒
2023-09-29 16:10:39 查询号码 【1990604】，返回信息 {"status":"ok","msg":"福建-厦门","gid":"477868","time_insert":"2021-08-02 10:36"}
2023-09-29 16:10:39 查询号码 【1990604】，GSD为【"福建-厦门"】

2023-09-29 16:10:40 开始第 606 次操作

2023-09-29 16:10:40 开始操作号码 【1990605】
2023-09-29 16:10:43 GSD getOne 第 1 次 等待 3 秒
2023-09-29 16:10:46 查询号码 【1990605】，返回信息 {"status":"ok","msg":"福建-厦门","gid":"477896","time_insert":"2021-08-02 10:45"}
2023-09-29 16:10:46 查询号码 【1990605】，GSD为【"福建-厦门"】

2023-09-29 16:10:47 开始第 607 次操作

2023-09-29 16:10:47 开始操作号码 【1990606】
2023-09-29 16:10:48 GSD getOne 第 1 次 等待 3 秒
2023-09-29 16:10:51 查询号码 【1990606】，返回信息 {"status":"ok","msg":"福建-漳州","gid":"478020","time_insert":"2021-08-02 10:54"}
2023-09-29 16:10:51 查询号码 【1990606】，GSD为【"福建-漳州"】

2023-09-29 16:10:52 开始第 608 次操作

2023-09-29 16:10:52 开始操作号码 【1990607】
2023-09-29 16:10:54 GSD getOne 第 1 次 等待 3 秒
2023-09-29 16:10:57 查询号码 【1990607】，返回信息 {"status":"ok","msg":"福建-龙岩","gid":"478164","time_insert":"2021-08-02 11:04"}
2023-09-29 16:10:57 查询号码 【1990607】，GSD为【"福建-龙岩"】

2023-09-29 16:32:53 开始第 609 次操作

2023-09-29 16:32:53 开始操作号码 【1990608】
2023-09-29 16:32:55 GSD getOne 第 1 次 等待 3 秒
2023-09-29 16:32:58 查询号码 【1990608】，返回信息 {"status":"ok","msg":"福建-三明","gid":"478273","time_insert":"2021-08-02 11:14"}
2023-09-29 16:32:58 查询号码 【1990608】，GSD为【"福建-三明"】

2023-09-29 16:32:59 开始第 610 次操作

2023-09-29 16:32:59 开始操作号码 【1990609】
2023-09-29 16:33:01 GSD getOne 第 1 次 等待 3 秒
2023-09-29 16:33:04 查询号码 【1990609】，返回信息 {"status":"ok","msg":"福建-泉州","gid":"478338","time_insert":"2021-08-02 11:24"}
2023-09-29 16:33:04 查询号码 【1990609】，GSD为【"福建-泉州"】

2023-09-29 16:33:05 开始第 611 次操作

2023-09-29 16:33:05 开始操作号码 【1990610】
2023-09-29 16:33:08 GSD getOne 第 1 次 等待 3 秒
2023-09-29 16:33:11 查询号码 【1990610】，返回信息 {"status":"ok","msg":"江苏-镇江","gid":"478364","time_insert":"2021-08-02 11:34"}
2023-09-29 16:33:11 查询号码 【1990610】，GSD为【"江苏-镇江"】

2023-09-29 16:33:12 开始第 612 次操作

2023-09-29 16:33:12 开始操作号码 【1990611】
2023-09-29 16:33:14 GSD getOne 第 1 次 等待 3 秒
2023-09-29 16:33:17 查询号码 【1990611】，返回信息 {"status":"ok","msg":"江苏-常州","gid":"478388","time_insert":"2021-08-02 11:44"}
2023-09-29 16:33:17 查询号码 【1990611】，GSD为【"江苏-常州"】

2023-09-29 17:07:59 开始第 613 次操作

2023-09-29 17:07:59 开始操作号码 【1990612】
2023-09-29 17:08:02 GSD getOne 第 1 次 等待 3 秒
2023-09-29 17:08:05 查询号码 【1990612】，返回信息 {"status":"ok","msg":"江苏-常州","gid":"478522","time_insert":"2021-08-02 11:53"}
2023-09-29 17:08:05 查询号码 【1990612】，GSD为【"江苏-常州"】

2023-09-29 17:08:06 开始第 614 次操作

2023-09-29 17:08:06 开始操作号码 【1990613】
2023-09-29 17:08:08 GSD getOne 第 1 次 等待 3 秒
2023-09-29 17:08:11 查询号码 【1990613】，返回信息 {"status":"ok","msg":"江苏-扬州","gid":"478672","time_insert":"2021-08-02 12:02"}
2023-09-29 17:08:11 查询号码 【1990613】，GSD为【"江苏-扬州"】

2023-09-29 17:08:12 开始第 615 次操作

2023-09-29 17:08:12 开始操作号码 【1990614】
2023-09-29 17:08:14 GSD getOne 第 1 次 等待 3 秒
2023-09-29 17:08:17 查询号码 【1990614】，返回信息 {"status":"ok","msg":"江苏-徐州","gid":"478805","time_insert":"2021-08-02 12:12"}
2023-09-29 17:08:17 查询号码 【1990614】，GSD为【"江苏-徐州"】

2023-09-29 17:08:18 开始第 616 次操作

2023-09-29 17:08:18 开始操作号码 【1990615】
2023-09-29 17:08:20 GSD getOne 第 1 次 等待 3 秒
2023-09-29 17:08:23 查询号码 【1990615】，返回信息 {"status":"ok","msg":"江苏-苏州","gid":"478867","time_insert":"2021-08-02 12:22"}
2023-09-29 17:08:23 查询号码 【1990615】，GSD为【"江苏-苏州"】

2023-09-29 17:32:34 开始第 617 次操作

2023-09-29 17:32:34 开始操作号码 【1990616】
2023-09-29 17:32:36 GSD getOne 第 1 次 等待 3 秒
2023-09-29 17:32:39 查询号码 【1990616】，返回信息 {"status":"ok","msg":"江苏-无锡","gid":"478889","time_insert":"2021-08-02 12:40"}
2023-09-29 17:32:39 查询号码 【1990616】，GSD为【"江苏-无锡"】

2023-09-29 17:32:40 开始第 618 次操作

2023-09-29 17:32:40 开始操作号码 【1990617】
2023-09-29 17:32:42 GSD getOne 第 1 次 等待 3 秒
2023-09-29 17:32:45 查询号码 【1990617】，返回信息 {"status":"ok","msg":"江苏-无锡","gid":"478901","time_insert":"2021-08-02 12:48"}
2023-09-29 17:32:45 查询号码 【1990617】，GSD为【"江苏-无锡"】

2023-09-29 17:32:46 开始第 619 次操作

2023-09-29 17:32:46 开始操作号码 【1990618】
2023-09-29 17:32:49 GSD getOne 第 1 次 等待 3 秒
2023-09-29 17:32:52 查询号码 【1990618】，返回信息 {"status":"ok","msg":"江苏-无锡","gid":"479012","time_insert":"2021-08-02 12:58"}
2023-09-29 17:32:52 查询号码 【1990618】，GSD为【"江苏-无锡"】

2023-09-29 17:32:53 开始第 620 次操作

2023-09-29 17:32:53 开始操作号码 【1990619】
2023-09-29 17:32:54 GSD getOne 第 1 次 等待 3 秒
2023-09-29 17:32:57 查询号码 【1990619】，返回信息 {"status":"ok","msg":"江苏-无锡","gid":"479132","time_insert":"2021-08-02 13:07"}
2023-09-29 17:32:57 查询号码 【1990619】，GSD为【"江苏-无锡"】

2023-09-29 18:08:04 开始第 621 次操作

2023-09-29 18:08:04 开始操作号码 【1990620】
2023-09-29 18:08:06 GSD getOne 第 1 次 等待 3 秒
2023-09-29 18:08:09 查询号码 【1990620】，返回信息 {"status":"ok","msg":"江苏-苏州","gid":"479287","time_insert":"2021-08-02 13:16"}
2023-09-29 18:08:09 查询号码 【1990620】，GSD为【"江苏-苏州"】

2023-09-29 18:08:10 开始第 622 次操作

2023-09-29 18:08:10 开始操作号码 【1990621】
2023-09-29 18:08:12 GSD getOne 第 1 次 等待 3 秒
2023-09-29 18:08:15 查询号码 【1990621】，返回信息 {"status":"ok","msg":"江苏-苏州","gid":"479364","time_insert":"2021-08-02 13:25"}
2023-09-29 18:08:15 查询号码 【1990621】，GSD为【"江苏-苏州"】

2023-09-29 18:08:16 开始第 623 次操作

2023-09-29 18:08:16 开始操作号码 【1990622】
2023-09-29 18:08:20 GSD getOne 第 1 次 等待 3 秒
2023-09-29 18:08:23 查询号码 【1990622】，返回信息 {"status":"ok","msg":"江苏-苏州","gid":"479401","time_insert":"2021-08-02 13:34"}
2023-09-29 18:08:23 查询号码 【1990622】，GSD为【"江苏-苏州"】

2023-09-29 18:08:24 开始第 624 次操作

2023-09-29 18:08:24 开始操作号码 【1990623】
2023-09-29 18:08:26 GSD getOne 第 1 次 等待 3 秒
2023-09-29 18:08:29 查询号码 【1990623】，返回信息 {"status":"ok","msg":"江苏-苏州","gid":"479533","time_insert":"2021-08-02 13:44"}
2023-09-29 18:08:29 查询号码 【1990623】，GSD为【"江苏-苏州"】

2023-09-29 18:33:27 开始第 625 次操作

2023-09-29 18:33:27 开始操作号码 【1990624】
2023-09-29 18:33:30 GSD getOne 第 1 次 等待 3 秒
2023-09-29 18:33:33 查询号码 【1990624】，返回信息 {"status":"ok","msg":"江苏-无锡","gid":"479673","time_insert":"2021-08-02 13:53"}
2023-09-29 18:33:33 查询号码 【1990624】，GSD为【"江苏-无锡"】

2023-09-29 18:33:34 开始第 626 次操作

2023-09-29 18:33:34 开始操作号码 【1990625】
2023-09-29 18:33:35 GSD getOne 第 1 次 等待 3 秒
2023-09-29 18:33:38 查询号码 【1990625】，返回信息 {"status":"ok","msg":"江苏-苏州","gid":"479802","time_insert":"2021-08-02 14:02"}
2023-09-29 18:33:38 查询号码 【1990625】，GSD为【"江苏-苏州"】

2023-09-29 18:33:39 开始第 627 次操作

2023-09-29 18:33:39 开始操作号码 【1990626】
2023-09-29 18:33:42 GSD getOne 第 1 次 等待 3 秒
2023-09-29 18:33:45 查询号码 【1990626】，返回信息 {"status":"ok","msg":"江苏-苏州","gid":"479856","time_insert":"2021-08-02 14:11"}
2023-09-29 18:33:45 查询号码 【1990626】，GSD为【"江苏-苏州"】

2023-09-29 18:33:46 开始第 628 次操作

2023-09-29 18:33:46 开始操作号码 【1990627】
2023-09-29 18:33:49 GSD getOne 第 1 次 等待 3 秒
2023-09-29 18:33:52 查询号码 【1990627】，返回信息 {"status":"ok","msg":"江苏-南通","gid":"479872","time_insert":"2021-08-02 14:22"}
2023-09-29 18:33:52 查询号码 【1990627】，GSD为【"江苏-南通"】

2023-09-29 19:06:27 开始第 629 次操作

2023-09-29 19:06:27 开始操作号码 【1990628】
2023-09-29 19:06:29 GSD getOne 第 1 次 等待 3 秒
2023-09-29 19:06:32 查询号码 【1990628】，返回信息 {"status":"ok","msg":"江苏-南通","gid":"479895","time_insert":"2021-08-02 14:32"}
2023-09-29 19:06:32 查询号码 【1990628】，GSD为【"江苏-南通"】

2023-09-29 19:06:33 开始第 630 次操作

2023-09-29 19:06:33 开始操作号码 【1990629】
2023-09-29 19:06:38 GSD getOne 第 1 次 等待 3 秒
2023-09-29 19:06:41 查询号码 【1990629】，返回信息 {"status":"ok","msg":"江苏-南通","gid":"479915","time_insert":"2021-08-02 14:42","time_update":"2021-08-15 22:52"}
2023-09-29 19:06:41 查询号码 【1990629】，GSD为【"江苏-南通"】

2023-09-29 19:06:42 开始第 631 次操作

2023-09-29 19:06:42 开始操作号码 【1990630】
2023-09-29 19:06:44 GSD getOne 第 1 次 等待 3 秒
2023-09-29 19:06:47 查询号码 【1990630】，返回信息 {"status":"ok","msg":"山东-威海","gid":"479962","time_insert":"2021-08-02 14:52"}
2023-09-29 19:06:47 查询号码 【1990630】，GSD为【"山东-威海"】

2023-09-29 19:06:48 开始第 632 次操作

2023-09-29 19:06:48 开始操作号码 【1990631】
2023-09-29 19:06:49 GSD getOne 第 1 次 等待 3 秒
2023-09-29 19:06:52 查询号码 【1990631】，返回信息 {"status":"ok","msg":"山东-威海","gid":"480097","time_insert":"2021-08-02 15:02"}
2023-09-29 19:06:52 查询号码 【1990631】，GSD为【"山东-威海"】

2023-09-29 19:32:26 开始第 633 次操作

2023-09-29 19:32:26 开始操作号码 【1990632】
2023-09-29 19:32:28 GSD getOne 第 1 次 等待 3 秒
2023-09-29 19:32:31 查询号码 【1990632】，返回信息 {"status":"ok","msg":"山东-枣庄","gid":"480257","time_insert":"2021-08-02 15:11"}
2023-09-29 19:32:31 查询号码 【1990632】，GSD为【"山东-枣庄"】

2023-09-29 19:32:32 开始第 634 次操作

2023-09-29 19:32:32 开始操作号码 【1990633】
2023-09-29 19:32:34 GSD getOne 第 1 次 等待 3 秒
2023-09-29 19:32:37 查询号码 【1990633】，返回信息 {"status":"ok","msg":"山东-日照","gid":"480373","time_insert":"2021-08-02 15:20"}
2023-09-29 19:32:37 查询号码 【1990633】，GSD为【"山东-日照"】

2023-09-29 19:32:38 开始第 635 次操作

2023-09-29 19:32:38 开始操作号码 【1990634】
2023-09-29 19:32:40 GSD getOne 第 1 次 等待 3 秒
2023-09-29 19:32:43 查询号码 【1990634】，返回信息 {"status":"ok","msg":"山东-莱芜","gid":"57671","time_insert":"2021-05-12 10:36","time_update":"2021-06-25 12:05"}
2023-09-29 19:32:43 查询号码 【1990634】，GSD为【"山东-莱芜"】

2023-09-29 19:32:44 开始第 636 次操作

2023-09-29 19:32:44 开始操作号码 【1990635】
2023-09-29 19:32:45 GSD getOne 第 1 次 等待 3 秒
2023-09-29 19:32:48 查询号码 【1990635】，返回信息 {"status":"ok","msg":"山东-聊城","gid":"480415","time_insert":"2021-08-02 15:30"}
2023-09-29 19:32:49 查询号码 【1990635】，GSD为【"山东-聊城"】

2023-09-29 20:14:06 开始第 637 次操作

2023-09-29 20:14:06 开始操作号码 【1990636】
2023-09-29 20:14:08 GSD getOne 第 1 次 等待 3 秒
2023-09-29 20:14:11 查询号码 【1990636】，返回信息 {"status":"ok","msg":"山东-潍坊","gid":"480477","time_insert":"2021-08-02 15:39"}
2023-09-29 20:14:11 查询号码 【1990636】，GSD为【"山东-潍坊"】

2023-09-29 20:14:12 开始第 638 次操作

2023-09-29 20:14:12 开始操作号码 【1990637】
2023-09-29 20:14:15 GSD getOne 第 1 次 等待 3 秒
2023-09-29 20:14:18 查询号码 【1990637】，返回信息 {"status":"ok","msg":"山东-德州","gid":"480630","time_insert":"2021-08-02 15:48"}
2023-09-29 20:14:18 查询号码 【1990637】，GSD为【"山东-德州"】

2023-09-29 20:14:19 开始第 639 次操作

2023-09-29 20:14:19 开始操作号码 【1990638】
2023-09-29 20:14:21 GSD getOne 第 1 次 等待 3 秒
2023-09-29 20:14:24 查询号码 【1990638】，返回信息 {"status":"ok","msg":"山东-淄博","gid":"480795","time_insert":"2021-08-02 15:58"}
2023-09-29 20:14:24 查询号码 【1990638】，GSD为【"山东-淄博"】

2023-09-29 20:14:25 开始第 640 次操作

2023-09-29 20:14:25 开始操作号码 【1990639】
2023-09-29 20:14:26 GSD getOne 第 1 次 等待 3 秒
2023-09-29 20:14:29 查询号码 【1990639】，返回信息 {"status":"ok","msg":"山东-青岛","gid":"480907","time_insert":"2021-08-02 16:17"}
2023-09-29 20:14:29 查询号码 【1990639】，GSD为【"山东-青岛"】

2023-09-29 20:47:25 开始第 641 次操作

2023-09-29 20:47:25 开始操作号码 【1990640】
2023-09-29 20:47:27 GSD getOne 第 1 次 等待 3 秒
2023-09-29 20:47:30 查询号码 【1990640】，返回信息 {"status":"ok","msg":"山东-济南","gid":"480924","time_insert":"2021-08-02 16:27"}
2023-09-29 20:47:30 查询号码 【1990640】，GSD为【"山东-济南"】

2023-09-29 20:47:31 开始第 642 次操作

2023-09-29 20:47:31 开始操作号码 【1990641】
2023-09-29 20:47:36 GSD getOne 第 1 次 等待 3 秒
2023-09-29 20:47:39 查询号码 【1990641】，返回信息 {"status":"ok","msg":"山东-济南","gid":"480938","time_insert":"2021-08-02 16:37"}
2023-09-29 20:47:39 查询号码 【1990641】，GSD为【"山东-济南"】

2023-09-29 20:47:40 开始第 643 次操作

2023-09-29 20:47:40 开始操作号码 【1990642】
2023-09-29 20:47:42 GSD getOne 第 1 次 等待 3 秒
2023-09-29 20:47:45 查询号码 【1990642】，返回信息 {"status":"ok","msg":"山东-青岛","gid":"481013","time_insert":"2021-08-02 16:46"}
2023-09-29 20:47:45 查询号码 【1990642】，GSD为【"山东-青岛"】

2023-09-29 20:47:46 开始第 644 次操作

2023-09-29 20:47:46 开始操作号码 【1990643】
2023-09-29 20:47:48 GSD getOne 第 1 次 等待 3 秒
2023-09-29 20:47:51 查询号码 【1990643】，返回信息 {"status":"ok","msg":"山东-淄博","gid":"481156","time_insert":"2021-08-02 16:56"}
2023-09-29 20:47:51 查询号码 【1990643】，GSD为【"山东-淄博"】

2023-09-29 21:09:37 开始第 645 次操作

2023-09-29 21:09:37 开始操作号码 【1990644】
2023-09-29 21:09:38 GSD getOne 第 1 次 等待 3 秒
2023-09-29 21:09:41 查询号码 【1990644】，返回信息 {"status":"ok","msg":"山东-济南","gid":"481290","time_insert":"2021-08-02 17:05"}
2023-09-29 21:09:42 查询号码 【1990644】，GSD为【"山东-济南"】

2023-09-29 21:09:43 开始第 646 次操作

2023-09-29 21:09:43 开始操作号码 【1990645】
2023-09-29 21:09:46 GSD getOne 第 1 次 等待 3 秒
2023-09-29 21:09:49 查询号码 【1990645】，返回信息 {"status":"ok","msg":"山东-烟台","gid":"46406","time_insert":"2019-11-15 11:24","time_update":"2020-09-09 21:49"}
2023-09-29 21:09:49 查询号码 【1990645】，GSD为【"山东-烟台"】

2023-09-29 21:09:50 开始第 647 次操作

2023-09-29 21:09:50 开始操作号码 【1990646】
2023-09-29 21:09:51 GSD getOne 第 1 次 等待 3 秒
2023-09-29 21:09:54 查询号码 【1990646】，返回信息 {"status":"ok","msg":"山东-潍坊","gid":"481392","time_insert":"2021-08-02 17:15"}
2023-09-29 21:09:55 查询号码 【1990646】，GSD为【"山东-潍坊"】

2023-09-29 21:09:56 开始第 648 次操作

2023-09-29 21:09:56 开始操作号码 【1990647】
2023-09-29 21:09:58 GSD getOne 第 1 次 等待 3 秒
2023-09-29 21:10:01 查询号码 【1990647】，返回信息 {"status":"ok","msg":"山东-东营","gid":"481440","time_insert":"2021-08-02 17:25"}
2023-09-29 21:10:01 查询号码 【1990647】，GSD为【"山东-东营"】

2023-09-29 21:32:32 开始第 649 次操作

2023-09-29 21:32:32 开始操作号码 【1990648】
2023-09-29 21:32:34 GSD getOne 第 1 次 等待 3 秒
2023-09-29 21:32:37 查询号码 【1990648】，返回信息 {"status":"ok","msg":"山东-青岛","gid":"481489","time_insert":"2021-08-02 17:44"}
2023-09-29 21:32:37 查询号码 【1990648】，GSD为【"山东-青岛"】

2023-09-29 21:32:38 开始第 650 次操作

2023-09-29 21:32:38 开始操作号码 【1990649】
2023-09-29 21:32:40 GSD getOne 第 1 次 等待 3 秒
2023-09-29 21:32:43 查询号码 【1990649】，返回信息 {"status":"ok","msg":"山东-滨州","gid":"481575","time_insert":"2021-08-02 17:54"}
2023-09-29 21:32:43 查询号码 【1990649】，GSD为【"山东-滨州"】

2023-09-29 21:32:44 开始第 651 次操作

2023-09-29 21:32:44 开始操作号码 【1990650】
2023-09-29 21:32:46 GSD getOne 第 1 次 等待 3 秒
2023-09-29 21:32:49 查询号码 【1990650】，返回信息 {"status":"ok","msg":"浙江-温州","gid":"481712","time_insert":"2021-08-02 18:05"}
2023-09-29 21:32:49 查询号码 【1990650】，GSD为【"浙江-温州"】

2023-09-29 21:32:50 开始第 652 次操作

2023-09-29 21:32:50 开始操作号码 【1990651】
2023-09-29 21:32:52 GSD getOne 第 1 次 等待 3 秒
2023-09-29 21:32:55 查询号码 【1990651】，返回信息 {"status":"ok","msg":"浙江-杭州","gid":"481842","time_insert":"2021-08-02 18:15"}
2023-09-29 21:32:55 查询号码 【1990651】，GSD为【"浙江-杭州"】

2023-09-29 22:06:29 开始第 653 次操作

2023-09-29 22:06:29 开始操作号码 【1990652】
2023-09-29 22:06:31 GSD getOne 第 1 次 等待 3 秒
2023-09-29 22:06:34 查询号码 【1990652】，返回信息 {"status":"ok","msg":"浙江-温州","gid":"481932","time_insert":"2021-08-02 18:24"}
2023-09-29 22:06:34 查询号码 【1990652】，GSD为【"浙江-温州"】

2023-09-29 22:06:35 开始第 654 次操作

2023-09-29 22:06:35 开始操作号码 【1990653】
2023-09-29 22:06:38 GSD getOne 第 1 次 等待 3 秒
2023-09-29 22:06:41 查询号码 【1990653】，返回信息 {"status":"ok","msg":"浙江-温州","gid":"481962","time_insert":"2021-08-02 18:34"}
2023-09-29 22:06:41 查询号码 【1990653】，GSD为【"浙江-温州"】

2023-09-29 22:06:42 开始第 655 次操作

2023-09-29 22:06:42 开始操作号码 【1990654】
2023-09-29 22:06:45 GSD getOne 第 1 次 等待 3 秒
2023-09-29 22:06:48 查询号码 【1990654】，返回信息 {"status":"ok","msg":"浙江-宁波","gid":"482010","time_insert":"2021-08-02 18:44"}
2023-09-29 22:06:48 查询号码 【1990654】，GSD为【"浙江-宁波"】

2023-09-29 22:06:49 开始第 656 次操作

2023-09-29 22:06:49 开始操作号码 【1990655】
2023-09-29 22:06:56 GSD getOne 第 1 次 等待 3 秒
2023-09-29 22:06:59 查询号码 【1990655】，返回信息 {"status":"ok","msg":"浙江-绍兴","gid":"482150","time_insert":"2021-08-02 18:53"}
2023-09-29 22:06:59 查询号码 【1990655】，GSD为【"浙江-绍兴"】

2023-09-29 22:32:29 开始第 657 次操作

2023-09-29 22:32:29 开始操作号码 【1990656】
2023-09-29 22:32:33 GSD getOne 第 1 次 等待 3 秒
2023-09-29 22:32:36 查询号码 【1990656】，返回信息 {"status":"ok","msg":"浙江-金华","gid":"482281","time_insert":"2021-08-02 19:03"}
2023-09-29 22:32:36 查询号码 【1990656】，GSD为【"浙江-金华"】

2023-09-29 22:32:37 开始第 658 次操作

2023-09-29 22:32:37 开始操作号码 【1990657】
2023-09-29 22:32:39 GSD getOne 第 1 次 等待 3 秒
2023-09-29 22:32:42 查询号码 【1990657】，返回信息 {"status":"ok","msg":"浙江-金华","gid":"482429","time_insert":"2021-08-02 19:12"}
2023-09-29 22:32:42 查询号码 【1990657】，GSD为【"浙江-金华"】

2023-09-29 22:32:43 开始第 659 次操作

2023-09-29 22:32:43 开始操作号码 【1990658】
2023-09-29 22:32:46 GSD getOne 第 1 次 等待 3 秒
2023-09-29 22:32:49 查询号码 【1990658】，返回信息 {"status":"ok","msg":"浙江-宁波","gid":"482463","time_insert":"2021-08-02 19:22"}
2023-09-29 22:32:49 查询号码 【1990658】，GSD为【"浙江-宁波"】

2023-09-29 22:32:50 开始第 660 次操作

2023-09-29 22:32:50 开始操作号码 【1990659】
2023-09-29 22:32:52 GSD getOne 第 1 次 等待 3 秒
2023-09-29 22:32:55 查询号码 【1990659】，返回信息 {"status":"ok","msg":"浙江-宁波","gid":"482477","time_insert":"2021-08-02 19:31"}
2023-09-29 22:32:55 查询号码 【1990659】，GSD为【"浙江-宁波"】

2023-09-29 23:08:02 开始第 661 次操作

2023-09-29 23:08:02 开始操作号码 【1990660】
2023-09-29 23:08:07 GSD getOne 第 1 次 等待 3 秒
2023-09-29 23:08:10 查询号码 【1990660】，返回信息 {"status":"ok","msg":"浙江-宁波","gid":"482578","time_insert":"2021-08-02 19:42"}
2023-09-29 23:08:10 查询号码 【1990660】，GSD为【"浙江-宁波"】

2023-09-29 23:08:11 开始第 662 次操作

2023-09-29 23:08:11 开始操作号码 【1990661】
2023-09-29 23:08:14 GSD getOne 第 1 次 等待 3 秒
2023-09-29 23:08:17 查询号码 【1990661】，返回信息 {"status":"ok","msg":"浙江-杭州","gid":"482697","time_insert":"2021-08-02 19:51"}
2023-09-29 23:08:17 查询号码 【1990661】，GSD为【"浙江-杭州"】

2023-09-29 23:08:18 开始第 663 次操作

2023-09-29 23:08:18 开始操作号码 【1990662】
2023-09-29 23:08:23 GSD getOne 第 1 次 等待 3 秒
2023-09-29 23:08:26 查询号码 【1990662】，返回信息 {"status":"ok","msg":"浙江-舟山","gid":"482866","time_insert":"2021-08-02 20:01"}
2023-09-29 23:08:26 查询号码 【1990662】，GSD为【"浙江-舟山"】

2023-09-29 23:08:27 开始第 664 次操作

2023-09-29 23:08:27 开始操作号码 【1990663】
2023-09-29 23:08:52 GSD getOne 第 1 次 等待 3 秒
2023-09-29 23:08:55 查询号码 【1990663】，返回信息 {"status":"ok","msg":"浙江-杭州","gid":"482955","time_insert":"2021-08-02 20:10"}
2023-09-29 23:08:55 查询号码 【1990663】，GSD为【"浙江-杭州"】

