2024-02-23 00:09:32 开始第 5301 次操作

2024-02-23 00:09:32 开始操作号码 【1785210】
2024-02-23 00:09:37 GSD getOne 第 1 次 等待 3 秒
2024-02-23 00:09:40 查询号码 【1785210】，返回信息 {"status":"ok","msg":"山东-菏泽","gid":"305028","time_insert":"2021-07-17 16:49"}
2024-02-23 00:09:40 查询号码 【1785210】，GSD为【"山东-菏泽"】

2024-02-23 00:09:41 开始第 5302 次操作

2024-02-23 00:09:41 开始操作号码 【1785211】
2024-02-23 00:09:46 GSD getOne 第 1 次 等待 3 秒
2024-02-23 00:09:49 查询号码 【1785211】，返回信息 {"status":"ok","msg":"山东-济南","gid":"305017","time_insert":"2021-07-17 16:49"}
2024-02-23 00:09:49 查询号码 【1785211】，GSD为【"山东-济南"】

2024-02-23 00:09:50 开始第 5303 次操作

2024-02-23 00:09:50 开始操作号码 【1785212】
2024-02-23 00:09:55 GSD getOne 第 1 次 等待 3 秒
2024-02-23 00:09:58 查询号码 【1785212】，返回信息 {"status":"ok","msg":"山东-济南","gid":"305003","time_insert":"2021-07-17 16:48"}
2024-02-23 00:09:58 查询号码 【1785212】，GSD为【"山东-济南"】

2024-02-23 00:09:59 开始第 5304 次操作

2024-02-23 00:09:59 开始操作号码 【1785213】
2024-02-23 00:10:04 GSD getOne 第 1 次 等待 3 秒
2024-02-23 00:10:07 查询号码 【1785213】，返回信息 {"status":"ok","msg":"山东-济南","gid":"304990","time_insert":"2021-07-17 16:46"}
2024-02-23 00:10:07 查询号码 【1785213】，GSD为【"山东-济南"】

