2024-03-06 00:09:13 开始第 7461 次操作

2024-03-06 00:09:13 开始操作号码 【1787370】
2024-03-06 00:09:18 GSD getOne 第 1 次 等待 3 秒
2024-03-06 00:09:21 查询号码 【1787370】，返回信息 {"status":"ok","msg":"湖南-益阳","gid":"282233","time_insert":"2021-07-15 10:47"}
2024-03-06 00:09:21 查询号码 【1787370】，GSD为【"湖南-益阳"】

2024-03-06 00:09:22 开始第 7462 次操作

2024-03-06 00:09:22 开始操作号码 【1787371】
2024-03-06 00:09:27 GSD getOne 第 1 次 等待 3 秒
2024-03-06 00:09:30 查询号码 【1787371】，返回信息 {"status":"ok","msg":"湖南-益阳","gid":"282224","time_insert":"2021-07-15 10:46"}
2024-03-06 00:09:30 查询号码 【1787371】，GSD为【"湖南-益阳"】

2024-03-06 00:09:31 开始第 7463 次操作

2024-03-06 00:09:31 开始操作号码 【1787372】
2024-03-06 00:09:38 GSD getOne 第 1 次 等待 3 秒
2024-03-06 00:09:41 查询号码 【1787372】，返回信息 {"status":"ok","msg":"湖南-益阳","gid":"282218","time_insert":"2021-07-15 10:46"}
2024-03-06 00:09:41 查询号码 【1787372】，GSD为【"湖南-益阳"】

2024-03-06 00:09:42 开始第 7464 次操作

2024-03-06 00:09:42 开始操作号码 【1787373】
2024-03-06 00:09:47 GSD getOne 第 1 次 等待 3 秒
2024-03-06 00:09:50 查询号码 【1787373】，返回信息 {"status":"ok","msg":"湖南-益阳","gid":"282210","time_insert":"2021-07-15 10:46"}
2024-03-06 00:09:50 查询号码 【1787373】，GSD为【"湖南-益阳"】

2024-03-06 00:34:04 开始第 7465 次操作

2024-03-06 00:34:04 开始操作号码 【1787374】
2024-03-06 00:34:08 GSD getOne 第 1 次 等待 3 秒
2024-03-06 00:34:11 查询号码 【1787374】，返回信息 {"status":"ok","msg":"湖南-益阳","gid":"282205","time_insert":"2021-07-15 10:45"}
2024-03-06 00:34:11 查询号码 【1787374】，GSD为【"湖南-益阳"】

2024-03-06 00:34:12 开始第 7466 次操作

2024-03-06 00:34:12 开始操作号码 【1787375】
2024-03-06 00:34:17 GSD getOne 第 1 次 等待 3 秒
2024-03-06 00:34:20 查询号码 【1787375】，返回信息 {"status":"ok","msg":"湖南-益阳","gid":"282199","time_insert":"2021-07-15 10:45"}
2024-03-06 00:34:20 查询号码 【1787375】，GSD为【"湖南-益阳"】

2024-03-06 00:34:21 开始第 7467 次操作

2024-03-06 00:34:21 开始操作号码 【1787376】
2024-03-06 00:34:26 GSD getOne 第 1 次 等待 3 秒
2024-03-06 00:34:29 查询号码 【1787376】，返回信息 {"status":"ok","msg":"湖南-怀化","gid":"282196","time_insert":"2021-07-15 10:45"}
2024-03-06 00:34:30 查询号码 【1787376】，GSD为【"湖南-怀化"】

2024-03-06 00:34:31 开始第 7468 次操作

2024-03-06 00:34:31 开始操作号码 【1787377】
2024-03-06 00:34:35 GSD getOne 第 1 次 等待 3 秒
2024-03-06 00:34:38 查询号码 【1787377】，返回信息 {"status":"ok","msg":"湖南-怀化","gid":"282187","time_insert":"2021-07-15 10:44"}
2024-03-06 00:34:38 查询号码 【1787377】，GSD为【"湖南-怀化"】

