2023-12-13 00:09:49 开始第 2961 次操作

2023-12-13 00:09:49 开始操作号码 【1892870】
2023-12-13 00:09:53 GSD getOne 第 1 次 等待 3 秒
2023-12-13 00:09:56 查询号码 【1892870】，返回信息 {"status":"ok","msg":"广东-广州","gid":"500635","time_insert":"2021-08-09 09:21"}
2023-12-13 00:09:56 查询号码 【1892870】，GSD为【"广东-广州"】

2023-12-13 00:09:57 开始第 2962 次操作

2023-12-13 00:09:57 开始操作号码 【1892871】
2023-12-13 00:10:00 GSD getOne 第 1 次 等待 3 秒
2023-12-13 00:10:03 查询号码 【1892871】，返回信息 {"status":"ok","msg":"广东-广州","gid":"500640","time_insert":"2021-08-09 09:28"}
2023-12-13 00:10:03 查询号码 【1892871】，GSD为【"广东-广州"】

2023-12-13 00:10:04 开始第 2963 次操作

2023-12-13 00:10:04 开始操作号码 【1892872】
2023-12-13 00:10:08 GSD getOne 第 1 次 等待 3 秒
2023-12-13 00:10:11 查询号码 【1892872】，返回信息 {"status":"ok","msg":"广东-广州","gid":"500641","time_insert":"2021-08-09 09:30"}
2023-12-13 00:10:11 查询号码 【1892872】，GSD为【"广东-广州"】

2023-12-13 00:10:12 开始第 2964 次操作

2023-12-13 00:10:12 开始操作号码 【1892873】
2023-12-13 00:10:51 GSD getOne 第 1 次 等待 3 秒
2023-12-13 00:10:54 查询号码 【1892873】，返回信息 {"status":"ok","msg":"广东-广州","gid":"500642","time_insert":"2021-08-09 09:31"}
2023-12-13 00:10:54 查询号码 【1892873】，GSD为【"广东-广州"】

