2024-10-22 00:25:53 开始第 745 次操作

2024-10-22 00:25:53 开始操作号码 【1340744】
2024-10-22 00:25:54 GSD getOne 第 1 次 等待 3 秒
2024-10-22 00:25:57 查询号码 【1340744】，返回信息 {"status":"ok","msg":"湖南-张家界","gid":"59389","time_insert":"2021-05-15 17:41","time_update":"2021-05-17 18:58"}
2024-10-22 00:25:57 查询号码 【1340744】，GSD为【"湖南-张家界"】

2024-10-22 00:25:58 开始第 746 次操作

2024-10-22 00:25:58 开始操作号码 【1340745】
2024-10-22 00:25:59 GSD getOne 第 1 次 等待 3 秒
2024-10-22 00:26:02 查询号码 【1340745】，返回信息 {"status":"ok","msg":"湖南-怀化","gid":"59398","time_insert":"2021-05-15 18:06"}
2024-10-22 00:26:02 查询号码 【1340745】，GSD为【"湖南-怀化"】

2024-10-22 00:26:03 开始第 747 次操作

2024-10-22 00:26:03 开始操作号码 【1340746】
2024-10-22 00:26:04 GSD getOne 第 1 次 等待 3 秒
2024-10-22 00:26:07 查询号码 【1340746】，返回信息 {"status":"ok","msg":"湖南-永州","gid":"59405","time_insert":"2021-05-15 18:24","time_update":"2021-05-17 19:30"}
2024-10-22 00:26:07 查询号码 【1340746】，GSD为【"湖南-永州"】

2024-10-22 00:26:08 开始第 748 次操作

2024-10-22 00:26:08 开始操作号码 【1340747】
2024-10-22 00:26:10 GSD getOne 第 1 次 等待 3 秒
2024-10-22 00:26:13 查询号码 【1340747】，返回信息 {"status":"ok","msg":"湖南-株洲","gid":"59413","time_insert":"2021-05-15 18:41"}
2024-10-22 00:26:13 查询号码 【1340747】，GSD为【"湖南-株洲"】

2024-10-22 00:47:19 开始第 749 次操作

2024-10-22 00:47:19 开始操作号码 【1340748】
2024-10-22 00:47:21 GSD getOne 第 1 次 等待 3 秒
2024-10-22 00:47:24 查询号码 【1340748】，返回信息 {"status":"ok","msg":"湖南-娄底","gid":"59426","time_insert":"2021-05-15 19:04"}
2024-10-22 00:47:24 查询号码 【1340748】，GSD为【"湖南-娄底"】

2024-10-22 00:47:25 开始第 750 次操作

2024-10-22 00:47:25 开始操作号码 【1340749】
2024-10-22 00:47:25 GSD getOne 第 1 次 等待 3 秒
2024-10-22 00:47:28 查询号码 【1340749】，返回信息 {"status":"ok","msg":"湖南-邵阳","gid":"59441","time_insert":"2021-05-15 19:33","time_update":"2021-05-17 20:06"}
2024-10-22 00:47:28 查询号码 【1340749】，GSD为【"湖南-邵阳"】

2024-10-22 00:47:29 开始第 751 次操作

2024-10-22 00:47:29 开始操作号码 【1340750】
2024-10-22 00:47:30 GSD getOne 第 1 次 等待 3 秒
2024-10-22 00:47:33 查询号码 【1340750】，返回信息 {"status":"ok","msg":"江苏-盐城","gid":"59448","time_insert":"2021-05-15 19:51"}
2024-10-22 00:47:33 查询号码 【1340750】，GSD为【"江苏-盐城"】

2024-10-22 00:47:34 开始第 752 次操作

2024-10-22 00:47:34 开始操作号码 【1340751】
2024-10-22 00:47:35 GSD getOne 第 1 次 等待 3 秒
2024-10-22 00:47:38 查询号码 【1340751】，返回信息 {"status":"ok","msg":"江苏-盐城","gid":"59457","time_insert":"2021-05-15 20:12"}
2024-10-22 00:47:38 查询号码 【1340751】，GSD为【"江苏-盐城"】

2024-10-22 01:18:41 开始第 753 次操作

2024-10-22 01:18:41 开始操作号码 【1340752】
2024-10-22 01:18:43 GSD getOne 第 1 次 等待 3 秒
2024-10-22 01:18:46 查询号码 【1340752】，返回信息 {"status":"ok","msg":"江苏-徐州","gid":"59469","time_insert":"2021-05-15 20:38"}
2024-10-22 01:18:46 查询号码 【1340752】，GSD为【"江苏-徐州"】

2024-10-22 01:18:47 开始第 754 次操作

2024-10-22 01:18:47 开始操作号码 【1340753】
2024-10-22 01:18:48 GSD getOne 第 1 次 等待 3 秒
2024-10-22 01:18:51 查询号码 【1340753】，返回信息 {"status":"ok","msg":"江苏-徐州","gid":"59477","time_insert":"2021-05-15 20:56"}
2024-10-22 01:18:51 查询号码 【1340753】，GSD为【"江苏-徐州"】

2024-10-22 01:18:52 开始第 755 次操作

2024-10-22 01:18:52 开始操作号码 【1340754】
2024-10-22 01:18:53 GSD getOne 第 1 次 等待 3 秒
2024-10-22 01:18:56 查询号码 【1340754】，返回信息 {"status":"ok","msg":"江苏-徐州","gid":"59483","time_insert":"2021-05-15 21:13","time_update":"2021-05-17 20:33"}
2024-10-22 01:18:56 查询号码 【1340754】，GSD为【"江苏-徐州"】

2024-10-22 01:18:57 开始第 756 次操作

2024-10-22 01:18:57 开始操作号码 【1340755】
2024-10-22 01:18:58 GSD getOne 第 1 次 等待 3 秒
2024-10-22 01:19:01 查询号码 【1340755】，返回信息 {"status":"ok","msg":"江苏-宿迁","gid":"59493","time_insert":"2021-05-15 21:33","time_update":"2021-05-17 20:57"}
2024-10-22 01:19:01 查询号码 【1340755】，GSD为【"江苏-宿迁"】

2024-10-22 01:39:57 开始第 757 次操作

2024-10-22 01:39:57 开始操作号码 【1340756】
2024-10-22 01:39:58 GSD getOne 第 1 次 等待 3 秒
2024-10-22 01:40:01 查询号码 【1340756】，返回信息 {"status":"ok","msg":"江苏-常州","gid":"59503","time_insert":"2021-05-15 21:51","time_update":"2021-05-17 21:31"}
2024-10-22 01:40:01 查询号码 【1340756】，GSD为【"江苏-常州"】

2024-10-22 01:40:02 开始第 758 次操作

2024-10-22 01:40:02 开始操作号码 【1340757】
2024-10-22 01:40:03 GSD getOne 第 1 次 等待 3 秒
2024-10-22 01:40:06 查询号码 【1340757】，返回信息 {"status":"ok","msg":"江苏-常州","gid":"59511","time_insert":"2021-05-15 22:17"}
2024-10-22 01:40:06 查询号码 【1340757】，GSD为【"江苏-常州"】

2024-10-22 01:40:07 开始第 759 次操作

2024-10-22 01:40:07 开始操作号码 【1340758】
2024-10-22 01:40:08 GSD getOne 第 1 次 等待 3 秒
2024-10-22 01:40:11 查询号码 【1340758】，返回信息 {"status":"ok","msg":"江苏-常州","gid":"59520","time_insert":"2021-05-15 22:36"}
2024-10-22 01:40:11 查询号码 【1340758】，GSD为【"江苏-常州"】

2024-10-22 01:40:12 开始第 760 次操作

2024-10-22 01:40:12 开始操作号码 【1340759】
2024-10-22 01:40:13 GSD getOne 第 1 次 等待 3 秒
2024-10-22 01:40:16 查询号码 【1340759】，返回信息 {"status":"ok","msg":"江苏-常州","gid":"59529","time_insert":"2021-05-15 22:57"}
2024-10-22 01:40:16 查询号码 【1340759】，GSD为【"江苏-常州"】

2024-10-22 02:28:54 开始第 761 次操作

2024-10-22 02:28:54 开始操作号码 【1340760】
2024-10-22 02:28:55 GSD getOne 第 1 次 等待 3 秒
2024-10-22 02:28:58 查询号码 【1340760】，返回信息 {"status":"ok","msg":"山东-青岛","gid":"59541","time_insert":"2021-05-15 23:23","time_update":"2021-05-17 22:04"}
2024-10-22 02:28:58 查询号码 【1340760】，GSD为【"山东-青岛"】

2024-10-22 02:28:59 开始第 762 次操作

2024-10-22 02:28:59 开始操作号码 【1340761】
2024-10-22 02:29:00 GSD getOne 第 1 次 等待 3 秒
2024-10-22 02:29:03 查询号码 【1340761】，返回信息 {"status":"ok","msg":"山东-日照","gid":"59550","time_insert":"2021-05-15 23:45"}
2024-10-22 02:29:03 查询号码 【1340761】，GSD为【"山东-日照"】

2024-10-22 02:29:04 开始第 763 次操作

2024-10-22 02:29:04 开始操作号码 【1340762】
2024-10-22 02:29:05 GSD getOne 第 1 次 等待 3 秒
2024-10-22 02:29:08 查询号码 【1340762】，返回信息 {"status":"ok","msg":"山东-临沂","gid":"59560","time_insert":"2021-05-16 00:09"}
2024-10-22 02:29:08 查询号码 【1340762】，GSD为【"山东-临沂"】

2024-10-22 02:29:09 开始第 764 次操作

2024-10-22 02:29:09 开始操作号码 【1340763】
2024-10-22 02:29:10 GSD getOne 第 1 次 等待 3 秒
2024-10-22 02:29:13 查询号码 【1340763】，返回信息 {"status":"ok","msg":"山东-临沂","gid":"59567","time_insert":"2021-05-16 00:32"}
2024-10-22 02:29:13 查询号码 【1340763】，GSD为【"山东-临沂"】

2024-10-22 02:46:49 开始第 765 次操作

2024-10-22 02:46:49 开始操作号码 【1340764】
2024-10-22 02:46:50 GSD getOne 第 1 次 等待 3 秒
2024-10-22 02:46:53 查询号码 【1340764】，返回信息 {"status":"ok","msg":"山东-临沂","gid":"59581","time_insert":"2021-05-16 01:00","time_update":"2021-05-17 22:41"}
2024-10-22 02:46:53 查询号码 【1340764】，GSD为【"山东-临沂"】

2024-10-22 02:46:54 开始第 766 次操作

2024-10-22 02:46:54 开始操作号码 【1340765】
2024-10-22 02:46:55 GSD getOne 第 1 次 等待 3 秒
2024-10-22 02:46:58 查询号码 【1340765】，返回信息 {"status":"ok","msg":"山东-临沂","gid":"59591","time_insert":"2021-05-16 01:25"}
2024-10-22 02:46:58 查询号码 【1340765】，GSD为【"山东-临沂"】

2024-10-22 02:46:59 开始第 767 次操作

2024-10-22 02:46:59 开始操作号码 【1340766】
2024-10-22 02:47:00 GSD getOne 第 1 次 等待 3 秒
2024-10-22 02:47:03 查询号码 【1340766】，返回信息 {"status":"ok","msg":"山东-临沂","gid":"59603","time_insert":"2021-05-16 01:51"}
2024-10-22 02:47:03 查询号码 【1340766】，GSD为【"山东-临沂"】

2024-10-22 02:47:04 开始第 768 次操作

2024-10-22 02:47:04 开始操作号码 【1340767】
2024-10-22 02:47:05 GSD getOne 第 1 次 等待 3 秒
2024-10-22 02:47:08 查询号码 【1340767】，返回信息 {"status":"ok","msg":"山东-临沂","gid":"59613","time_insert":"2021-05-16 02:18"}
2024-10-22 02:47:08 查询号码 【1340767】，GSD为【"山东-临沂"】

