2024-03-17 00:08:21 开始第 9473 次操作

2024-03-17 00:08:21 开始操作号码 【1789382】
2024-03-17 00:08:28 GSD getOne 第 1 次 等待 3 秒
2024-03-17 00:08:31 查询号码 【1789382】，返回信息 {"status":"ok","msg":"北京-北京","gid":"258590","time_insert":"2021-07-12 18:44"}
2024-03-17 00:08:31 查询号码 【1789382】，GSD为【"北京-北京"】

2024-03-17 00:08:32 开始第 9474 次操作

2024-03-17 00:08:32 开始操作号码 【1789383】
2024-03-17 00:08:36 GSD getOne 第 1 次 等待 3 秒
2024-03-17 00:08:39 查询号码 【1789383】，返回信息 {"status":"ok","msg":"北京-北京","gid":"258581","time_insert":"2021-07-12 18:43"}
2024-03-17 00:08:39 查询号码 【1789383】，GSD为【"北京-北京"】

2024-03-17 00:08:40 开始第 9475 次操作

2024-03-17 00:08:40 开始操作号码 【1789384】
2024-03-17 00:08:45 GSD getOne 第 1 次 等待 3 秒
2024-03-17 00:08:48 查询号码 【1789384】，返回信息 {"status":"ok","msg":"北京-北京","gid":"258571","time_insert":"2021-07-12 18:43"}
2024-03-17 00:08:48 查询号码 【1789384】，GSD为【"北京-北京"】

2024-03-17 00:08:49 开始第 9476 次操作

2024-03-17 00:08:49 开始操作号码 【1789385】
2024-03-17 00:08:55 GSD getOne 第 1 次 等待 3 秒
2024-03-17 00:08:58 查询号码 【1789385】，返回信息 {"status":"ok","msg":"北京-北京","gid":"258565","time_insert":"2021-07-12 18:43"}
2024-03-17 00:08:58 查询号码 【1789385】，GSD为【"北京-北京"】

