2024-08-26 00:20:01 开始第 1157 次操作

2024-08-26 00:20:01 开始操作号码 【1451156】
2024-08-26 00:20:11 GSD getOne 第 1 次 等待 3 秒
2024-08-26 00:20:14 查询号码 【1451156】，返回信息 {"status":"ok","msg":"北京-北京","gid":"67582","time_insert":"2021-05-25 10:20"}
2024-08-26 00:20:14 查询号码 【1451156】，GSD为【"北京-北京"】

2024-08-26 00:20:15 开始第 1158 次操作

2024-08-26 00:20:15 开始操作号码 【1451157】
2024-08-26 00:20:22 GSD getOne 第 1 次 等待 3 秒
2024-08-26 00:20:25 查询号码 【1451157】，返回信息 {"status":"ok","msg":"北京-北京","gid":"67590","time_insert":"2021-05-25 10:25"}
2024-08-26 00:20:25 查询号码 【1451157】，GSD为【"北京-北京"】

2024-08-26 00:20:26 开始第 1159 次操作

2024-08-26 00:20:26 开始操作号码 【1451158】
2024-08-26 00:20:34 GSD getOne 第 1 次 等待 3 秒
2024-08-26 00:20:37 查询号码 【1451158】，返回信息 {"status":"ok","msg":"北京-北京","gid":"67597","time_insert":"2021-05-25 10:30"}
2024-08-26 00:20:37 查询号码 【1451158】，GSD为【"北京-北京"】

2024-08-26 00:20:38 开始第 1160 次操作

2024-08-26 00:20:38 开始操作号码 【1451159】
2024-08-26 00:20:47 GSD getOne 第 1 次 等待 3 秒
2024-08-26 00:20:50 查询号码 【1451159】，返回信息 {"status":"ok","msg":"北京-北京","gid":"67602","time_insert":"2021-05-25 10:34"}
2024-08-26 00:20:50 查询号码 【1451159】，GSD为【"北京-北京"】

