2023-10-02 00:08:19 开始第 1037 次操作

2023-10-02 00:08:19 开始操作号码 【1991036】
2023-10-02 00:08:24 GSD getOne 第 1 次 等待 3 秒
2023-10-02 00:08:27 查询号码 【1991036】，返回信息 {"status":"ok","msg":"北京-北京","gid":"496576","time_insert":"2021-08-05 12:27"}
2023-10-02 00:08:27 查询号码 【1991036】，GSD为【"北京-北京"】

2023-10-02 00:08:28 开始第 1038 次操作

2023-10-02 00:08:28 开始操作号码 【1991037】
2023-10-02 00:08:34 GSD getOne 第 1 次 等待 3 秒
2023-10-02 00:08:37 查询号码 【1991037】，返回信息 {"status":"ok","msg":"北京-北京","gid":"496581","time_insert":"2021-08-05 12:35"}
2023-10-02 00:08:37 查询号码 【1991037】，GSD为【"北京-北京"】

2023-10-02 00:08:38 开始第 1039 次操作

2023-10-02 00:08:38 开始操作号码 【1991038】
2023-10-02 00:08:43 GSD getOne 第 1 次 等待 3 秒
2023-10-02 00:08:46 查询号码 【1991038】，返回信息 {"status":"ok","msg":"北京-北京","gid":"496582","time_insert":"2021-08-05 12:36"}
2023-10-02 00:08:46 查询号码 【1991038】，GSD为【"北京-北京"】

2023-10-02 00:08:47 开始第 1040 次操作

2023-10-02 00:08:47 开始操作号码 【1991039】
2023-10-02 00:08:50 GSD getOne 第 1 次 等待 3 秒
2023-10-02 00:08:53 查询号码 【1991039】，返回信息 {"status":"ok","msg":"北京-北京","gid":"496589","time_insert":"2021-08-05 12:46"}
2023-10-02 00:08:53 查询号码 【1991039】，GSD为【"北京-北京"】

