2024-10-31 00:27:07 开始第 2257 次操作

2024-10-31 00:27:07 开始操作号码 【1342256】
2024-10-31 00:27:08 GSD getOne 第 1 次 等待 3 秒
2024-10-31 00:27:11 查询号码 【1342256】，返回信息 {"status":"ok","msg":"广东-江门","gid":"79252","time_insert":"2021-06-04 05:10"}
2024-10-31 00:27:11 查询号码 【1342256】，GSD为【"广东-江门"】

2024-10-31 00:27:12 开始第 2258 次操作

2024-10-31 00:27:12 开始操作号码 【1342257】
2024-10-31 00:27:13 GSD getOne 第 1 次 等待 3 秒
2024-10-31 00:27:16 查询号码 【1342257】，返回信息 {"status":"ok","msg":"广东-江门","gid":"79273","time_insert":"2021-06-04 05:34"}
2024-10-31 00:27:16 查询号码 【1342257】，GSD为【"广东-江门"】

2024-10-31 00:27:17 开始第 2259 次操作

2024-10-31 00:27:17 开始操作号码 【1342258】
2024-10-31 00:27:18 GSD getOne 第 1 次 等待 3 秒
2024-10-31 00:27:21 查询号码 【1342258】，返回信息 {"status":"ok","msg":"广东-江门","gid":"79288","time_insert":"2021-06-04 05:51"}
2024-10-31 00:27:21 查询号码 【1342258】，GSD为【"广东-江门"】

2024-10-31 00:27:22 开始第 2260 次操作

2024-10-31 00:27:22 开始操作号码 【1342259】
2024-10-31 00:27:23 GSD getOne 第 1 次 等待 3 秒
2024-10-31 00:27:26 查询号码 【1342259】，返回信息 {"status":"ok","msg":"广东-江门","gid":"79308","time_insert":"2021-06-04 06:10"}
2024-10-31 00:27:26 查询号码 【1342259】，GSD为【"广东-江门"】

