2024-04-25 00:09:44 开始第 5525 次操作

2024-04-25 00:09:44 开始操作号码 【1675435】
2024-04-25 00:09:50 GSD getOne 第 1 次 等待 3 秒
2024-04-25 00:09:53 查询号码 【1675435】，返回信息 {"status":"ok","msg":"吉林-通化","gid":"283046","time_insert":"2021-07-15 11:25"}
2024-04-25 00:09:53 查询号码 【1675435】，GSD为【"吉林-通化"】

2024-04-25 00:09:54 开始第 5526 次操作

2024-04-25 00:09:54 开始操作号码 【1675436】
2024-04-25 00:10:04 GSD getOne 第 1 次 等待 3 秒
2024-04-25 00:10:07 查询号码 【1675436】，返回信息 {"status":"ok","msg":"吉林-白城","gid":"283055","time_insert":"2021-07-15 11:26"}
2024-04-25 00:10:07 查询号码 【1675436】，GSD为【"吉林-白城"】

2024-04-25 00:10:08 开始第 5527 次操作

2024-04-25 00:10:08 开始操作号码 【1675437】
2024-04-25 00:10:15 GSD getOne 第 1 次 等待 3 秒
2024-04-25 00:10:18 查询号码 【1675437】，返回信息 {"status":"ok","msg":"吉林-辽源","gid":"283061","time_insert":"2021-07-15 11:27"}
2024-04-25 00:10:18 查询号码 【1675437】，GSD为【"吉林-辽源"】

2024-04-25 00:10:19 开始第 5528 次操作

2024-04-25 00:10:19 开始操作号码 【1675438】
2024-04-25 00:10:31 GSD getOne 第 1 次 等待 3 秒
2024-04-25 00:10:34 查询号码 【1675438】，返回信息 {"status":"ok","msg":"吉林-松原","gid":"283068","time_insert":"2021-07-15 11:27"}
2024-04-25 00:10:34 查询号码 【1675438】，GSD为【"吉林-松原"】

