2024-07-07 00:09:46 开始第 5261 次操作

2024-07-07 00:09:46 开始操作号码 【1565167】
2024-07-07 00:09:55 GSD getOne 第 1 次 等待 3 秒
2024-07-07 00:09:58 查询号码 【1565167】，返回信息 {"status":"ok","msg":"江苏-南京","gid":"420795","time_insert":"2021-07-28 04:00"}
2024-07-07 00:09:58 查询号码 【1565167】，GSD为【"江苏-南京"】

2024-07-07 00:09:59 开始第 5262 次操作

2024-07-07 00:09:59 开始操作号码 【1565168】
2024-07-07 00:10:07 GSD getOne 第 1 次 等待 3 秒
2024-07-07 00:10:10 查询号码 【1565168】，返回信息 {"status":"ok","msg":"江苏-南京","gid":"420788","time_insert":"2021-07-28 03:59"}
2024-07-07 00:10:11 查询号码 【1565168】，GSD为【"江苏-南京"】

2024-07-07 00:10:12 开始第 5263 次操作

2024-07-07 00:10:12 开始操作号码 【1565169】
2024-07-07 00:10:20 GSD getOne 第 1 次 等待 3 秒
2024-07-07 00:10:23 查询号码 【1565169】，返回信息 {"status":"ok","msg":"江苏-南京","gid":"420779","time_insert":"2021-07-28 03:59"}
2024-07-07 00:10:23 查询号码 【1565169】，GSD为【"江苏-南京"】

2024-07-07 00:10:24 开始第 5264 次操作

2024-07-07 00:10:24 开始操作号码 【1565170】
2024-07-07 00:10:32 GSD getOne 第 1 次 等待 3 秒
2024-07-07 00:10:35 查询号码 【1565170】，返回信息 {"status":"ok","msg":"江苏-南京","gid":"420772","time_insert":"2021-07-28 03:58"}
2024-07-07 00:10:35 查询号码 【1565170】，GSD为【"江苏-南京"】

