2023-12-22 00:09:54 开始第 4617 次操作

2023-12-22 00:09:54 开始操作号码 【1894526】
2023-12-22 00:09:57 GSD getOne 第 1 次 等待 3 秒
2023-12-22 00:10:00 查询号码 【1894526】，返回信息 {"status":"ok","msg":"黑龙江-大庆","gid":"485321","time_insert":"2021-08-03 01:44"}
2023-12-22 00:10:00 查询号码 【1894526】，GSD为【"黑龙江-大庆"】

2023-12-22 00:10:01 开始第 4618 次操作

2023-12-22 00:10:01 开始操作号码 【1894527】
2023-12-22 00:10:05 GSD getOne 第 1 次 等待 3 秒
2023-12-22 00:10:08 查询号码 【1894527】，返回信息 {"status":"ok","msg":"黑龙江-大庆","gid":"485312","time_insert":"2021-08-03 01:43"}
2023-12-22 00:10:08 查询号码 【1894527】，GSD为【"黑龙江-大庆"】

2023-12-22 00:10:09 开始第 4619 次操作

2023-12-22 00:10:09 开始操作号码 【1894528】
2023-12-22 00:10:12 GSD getOne 第 1 次 等待 3 秒
2023-12-22 00:10:15 查询号码 【1894528】，返回信息 {"status":"ok","msg":"黑龙江-齐齐哈尔","gid":"485268","time_insert":"2021-08-03 01:31"}
2023-12-22 00:10:15 查询号码 【1894528】，GSD为【"黑龙江-齐齐哈尔"】

2023-12-22 00:10:16 开始第 4620 次操作

2023-12-22 00:10:16 开始操作号码 【1894529】
2023-12-22 00:10:21 GSD getOne 第 1 次 等待 3 秒
2023-12-22 00:10:24 查询号码 【1894529】，返回信息 {"status":"ok","msg":"黑龙江-大庆","gid":"485261","time_insert":"2021-08-03 01:30"}
2023-12-22 00:10:24 查询号码 【1894529】，GSD为【"黑龙江-大庆"】

