2023-10-15 00:08:29 开始第 3221 次操作

2023-10-15 00:08:29 开始操作号码 【1993186】
2023-10-15 00:08:33 GSD getOne 第 1 次 等待 3 秒
2023-10-15 00:08:36 查询号码 【1993186】，返回信息 {"status":"ok","msg":"河北-廊坊","gid":"508765","time_insert":"2021-08-14 00:25"}
2023-10-15 00:08:36 查询号码 【1993186】，GSD为【"河北-廊坊"】

2023-10-15 00:08:37 开始第 3222 次操作

2023-10-15 00:08:37 开始操作号码 【1993187】
2023-10-15 00:09:29 GSD getOne 第 1 次 等待 3 秒
2023-10-15 00:09:32 查询号码 【1993187】，返回信息 {"status":"ok","msg":"河北-廊坊","gid":"508778","time_insert":"2021-08-14 00:34"}
2023-10-15 00:09:33 查询号码 【1993187】，GSD为【"河北-廊坊"】

2023-10-15 00:09:34 开始第 3223 次操作

2023-10-15 00:09:34 开始操作号码 【1993188】
2023-10-15 00:09:36 GSD getOne 第 1 次 等待 3 秒
2023-10-15 00:09:39 查询号码 【1993188】，返回信息 {"status":"ok","msg":"河北-廊坊","gid":"508779","time_insert":"2021-08-14 00:35"}
2023-10-15 00:09:39 查询号码 【1993188】，GSD为【"河北-廊坊"】

2023-10-15 00:09:40 开始第 3224 次操作

2023-10-15 00:09:40 开始操作号码 【1993189】
2023-10-15 00:09:43 GSD getOne 第 1 次 等待 3 秒
2023-10-15 00:09:46 查询号码 【1993189】，返回信息 {"status":"ok","msg":"河北-廊坊","gid":"508795","time_insert":"2021-08-14 00:44"}
2023-10-15 00:09:46 查询号码 【1993189】，GSD为【"河北-廊坊"】

2023-10-15 00:33:38 开始第 3225 次操作

2023-10-15 00:33:38 开始操作号码 【1993190】
2023-10-15 00:33:45 GSD getOne 第 1 次 等待 3 秒
2023-10-15 00:33:48 查询号码 【1993190】，返回信息 {"status":"ok","msg":"河北-邢台","gid":"508806","time_insert":"2021-08-14 00:53"}
2023-10-15 00:33:48 查询号码 【1993190】，GSD为【"河北-邢台"】

2023-10-15 00:33:49 开始第 3226 次操作

2023-10-15 00:33:49 开始操作号码 【1993191】
2023-10-15 00:33:59 GSD getOne 第 1 次 等待 3 秒
2023-10-15 00:34:02 查询号码 【1993191】，返回信息 {"status":"ok","msg":"河北-邢台","gid":"508808","time_insert":"2021-08-14 00:55"}
2023-10-15 00:34:02 查询号码 【1993191】，GSD为【"河北-邢台"】

2023-10-15 00:34:03 开始第 3227 次操作

2023-10-15 00:34:03 开始操作号码 【1993192】
2023-10-15 00:34:09 GSD getOne 第 1 次 等待 3 秒
2023-10-15 00:34:12 查询号码 【1993192】，返回信息 {"status":"ok","msg":"河北-邢台","gid":"508817","time_insert":"2021-08-14 01:02"}
2023-10-15 00:34:12 查询号码 【1993192】，GSD为【"河北-邢台"】

2023-10-15 00:34:13 开始第 3228 次操作

2023-10-15 00:34:13 开始操作号码 【1993193】
2023-10-15 00:34:17 GSD getOne 第 1 次 等待 3 秒
2023-10-15 00:34:20 查询号码 【1993193】，返回信息 {"status":"ok","msg":"河北-邢台","gid":"508825","time_insert":"2021-08-14 01:06"}
2023-10-15 00:34:20 查询号码 【1993193】，GSD为【"河北-邢台"】

2023-10-15 01:06:01 开始第 3229 次操作

2023-10-15 01:06:01 开始操作号码 【1993194】
2023-10-15 01:06:05 GSD getOne 第 1 次 等待 3 秒
2023-10-15 01:06:08 查询号码 【1993194】，返回信息 {"status":"ok","msg":"河北-邢台","gid":"508831","time_insert":"2021-08-14 01:12"}
2023-10-15 01:06:08 查询号码 【1993194】，GSD为【"河北-邢台"】

2023-10-15 01:06:09 开始第 3230 次操作

2023-10-15 01:06:09 开始操作号码 【1993195】
2023-10-15 01:06:13 GSD getOne 第 1 次 等待 3 秒
2023-10-15 01:06:16 查询号码 【1993195】，返回信息 {"status":"ok","msg":"河北-邢台","gid":"508839","time_insert":"2021-08-14 01:16"}
2023-10-15 01:06:16 查询号码 【1993195】，GSD为【"河北-邢台"】

2023-10-15 01:06:17 开始第 3231 次操作

2023-10-15 01:06:17 开始操作号码 【1993196】
2023-10-15 01:06:24 GSD getOne 第 1 次 等待 3 秒
2023-10-15 01:06:27 查询号码 【1993196】，返回信息 {"status":"ok","msg":"河北-邢台","gid":"508850","time_insert":"2021-08-14 01:24"}
2023-10-15 01:06:27 查询号码 【1993196】，GSD为【"河北-邢台"】

2023-10-15 01:06:28 开始第 3232 次操作

2023-10-15 01:06:28 开始操作号码 【1993197】
2023-10-15 01:06:40 GSD getOne 第 1 次 等待 3 秒
2023-10-15 01:06:43 查询号码 【1993197】，返回信息 {"status":"ok","msg":"河北-邢台","gid":"508859","time_insert":"2021-08-14 01:33"}
2023-10-15 01:06:43 查询号码 【1993197】，GSD为【"河北-邢台"】

2023-10-15 01:32:17 开始第 3233 次操作

2023-10-15 01:32:17 开始操作号码 【1993198】
2023-10-15 01:32:23 GSD getOne 第 1 次 等待 3 秒
2023-10-15 01:32:26 查询号码 【1993198】，返回信息 {"status":"ok","msg":"河北-邢台","gid":"508870","time_insert":"2021-08-14 01:39","time_update":"2021-08-14 01:43"}
2023-10-15 01:32:26 查询号码 【1993198】，GSD为【"河北-邢台"】

2023-10-15 01:32:27 开始第 3234 次操作

2023-10-15 01:32:27 开始操作号码 【1993199】
2023-10-15 01:32:29 GSD getOne 第 1 次 等待 3 秒
2023-10-15 01:32:32 查询号码 【1993199】，返回信息 {"status":"ok","msg":"河北-邢台","gid":"508880","time_insert":"2021-08-14 01:48"}
2023-10-15 01:32:32 查询号码 【1993199】，GSD为【"河北-邢台"】

2023-10-15 01:32:33 开始第 3235 次操作

2023-10-15 01:32:34 开始操作号码 【1993200】
2023-10-15 01:32:39 GSD getOne 第 1 次 等待 3 秒
2023-10-15 01:32:42 查询号码 【1993200】，返回信息 {"status":"ok","msg":"河北-邯郸","gid":"508887","time_insert":"2021-08-14 01:53"}
2023-10-15 01:32:42 查询号码 【1993200】，GSD为【"河北-邯郸"】

2023-10-15 01:32:43 开始第 3236 次操作

2023-10-15 01:32:43 开始操作号码 【1993201】
2023-10-15 01:32:47 GSD getOne 第 1 次 等待 3 秒
2023-10-15 01:32:50 查询号码 【1993201】，返回信息 {"status":"ok","msg":"河北-邯郸","gid":"508897","time_insert":"2021-08-14 01:58"}
2023-10-15 01:32:50 查询号码 【1993201】，GSD为【"河北-邯郸"】

2023-10-15 02:08:58 开始第 3237 次操作

2023-10-15 02:08:58 开始操作号码 【1993202】
2023-10-15 02:09:06 GSD getOne 第 1 次 等待 3 秒
2023-10-15 02:09:09 查询号码 【1993202】，返回信息 {"status":"ok","msg":"河北-邯郸","gid":"508902","time_insert":"2021-08-14 02:03"}
2023-10-15 02:09:10 查询号码 【1993202】，GSD为【"河北-邯郸"】

2023-10-15 02:09:11 开始第 3238 次操作

2023-10-15 02:09:11 开始操作号码 【1993203】
2023-10-15 02:09:17 GSD getOne 第 1 次 等待 3 秒
2023-10-15 02:09:20 查询号码 【1993203】，返回信息 {"status":"ok","msg":"河北-邯郸","gid":"508910","time_insert":"2021-08-14 02:08"}
2023-10-15 02:09:20 查询号码 【1993203】，GSD为【"河北-邯郸"】

2023-10-15 02:09:21 开始第 3239 次操作

2023-10-15 02:09:21 开始操作号码 【1993204】
2023-10-15 02:09:24 GSD getOne 第 1 次 等待 3 秒
2023-10-15 02:09:27 查询号码 【1993204】，返回信息 {"status":"ok","msg":"河北-邯郸","gid":"508915","time_insert":"2021-08-14 02:12"}
2023-10-15 02:09:27 查询号码 【1993204】，GSD为【"河北-邯郸"】

2023-10-15 02:09:28 开始第 3240 次操作

2023-10-15 02:09:28 开始操作号码 【1993205】
2023-10-15 02:09:34 GSD getOne 第 1 次 等待 3 秒
2023-10-15 02:09:37 查询号码 【1993205】，返回信息 {"status":"ok","msg":"河北-邯郸","gid":"508924","time_insert":"2021-08-14 02:19"}
2023-10-15 02:09:37 查询号码 【1993205】，GSD为【"河北-邯郸"】

2023-10-15 02:32:28 开始第 3241 次操作

2023-10-15 02:32:28 开始操作号码 【1993206】
2023-10-15 02:32:30 GSD getOne 第 1 次 等待 3 秒
2023-10-15 02:32:33 查询号码 【1993206】，返回信息 {"status":"ok","msg":"河北-邯郸","gid":"508929","time_insert":"2021-08-14 02:22"}
2023-10-15 02:32:33 查询号码 【1993206】，GSD为【"河北-邯郸"】

2023-10-15 02:32:34 开始第 3242 次操作

2023-10-15 02:32:34 开始操作号码 【1993207】
2023-10-15 02:32:40 GSD getOne 第 1 次 等待 3 秒
2023-10-15 02:32:43 查询号码 【1993207】，返回信息 {"status":"ok","msg":"河北-邯郸","gid":"508939","time_insert":"2021-08-14 02:29"}
2023-10-15 02:32:43 查询号码 【1993207】，GSD为【"河北-邯郸"】

2023-10-15 02:32:44 开始第 3243 次操作

2023-10-15 02:32:44 开始操作号码 【1993208】
2023-10-15 02:33:09 GSD getOne 第 1 次 等待 3 秒
2023-10-15 02:33:12 查询号码 【1993208】，返回信息 {"status":"ok","msg":"河北-邯郸","gid":"508943","time_insert":"2021-08-14 02:32"}
2023-10-15 02:33:12 查询号码 【1993208】，GSD为【"河北-邯郸"】

2023-10-15 02:33:13 开始第 3244 次操作

2023-10-15 02:33:13 开始操作号码 【1993209】
2023-10-15 02:33:16 GSD getOne 第 1 次 等待 3 秒
2023-10-15 02:33:19 查询号码 【1993209】，返回信息 {"status":"ok","msg":"河北-邯郸","gid":"508953","time_insert":"2021-08-14 02:38"}
2023-10-15 02:33:19 查询号码 【1993209】，GSD为【"河北-邯郸"】

2023-10-15 03:05:37 开始第 3245 次操作

2023-10-15 03:05:37 开始操作号码 【1993210】
2023-10-15 03:05:39 GSD getOne 第 1 次 等待 3 秒
2023-10-15 03:05:42 查询号码 【1993210】，返回信息 {"status":"ok","msg":"河北-石家庄","gid":"508957","time_insert":"2021-08-14 02:41"}
2023-10-15 03:05:42 查询号码 【1993210】，GSD为【"河北-石家庄"】

2023-10-15 03:05:43 开始第 3246 次操作

2023-10-15 03:05:43 开始操作号码 【1993211】
2023-10-15 03:05:46 GSD getOne 第 1 次 等待 3 秒
2023-10-15 03:05:49 查询号码 【1993211】，返回信息 {"status":"ok","msg":"河北-石家庄","gid":"508963","time_insert":"2021-08-14 02:47"}
2023-10-15 03:05:49 查询号码 【1993211】，GSD为【"河北-石家庄"】

2023-10-15 03:05:50 开始第 3247 次操作

2023-10-15 03:05:50 开始操作号码 【1993212】
2023-10-15 03:05:52 GSD getOne 第 1 次 等待 3 秒
2023-10-15 03:05:55 查询号码 【1993212】，返回信息 {"status":"ok","msg":"河北-石家庄","gid":"508972","time_insert":"2021-08-14 02:51"}
2023-10-15 03:05:55 查询号码 【1993212】，GSD为【"河北-石家庄"】

2023-10-15 03:05:56 开始第 3248 次操作

2023-10-15 03:05:56 开始操作号码 【1993213】
2023-10-15 03:05:59 GSD getOne 第 1 次 等待 3 秒
2023-10-15 03:06:02 查询号码 【1993213】，返回信息 {"status":"ok","msg":"河北-石家庄","gid":"508978","time_insert":"2021-08-14 02:58"}
2023-10-15 03:06:02 查询号码 【1993213】，GSD为【"河北-石家庄"】

2023-10-15 03:32:33 开始第 3249 次操作

2023-10-15 03:32:33 开始操作号码 【1993214】
2023-10-15 03:32:36 GSD getOne 第 1 次 等待 3 秒
2023-10-15 03:32:39 查询号码 【1993214】，返回信息 {"status":"ok","msg":"河北-石家庄","gid":"508981","time_insert":"2021-08-14 03:00"}
2023-10-15 03:32:39 查询号码 【1993214】，GSD为【"河北-石家庄"】

2023-10-15 03:32:40 开始第 3250 次操作

2023-10-15 03:32:40 开始操作号码 【1993215】
2023-10-15 03:32:46 GSD getOne 第 1 次 等待 3 秒
2023-10-15 03:32:49 查询号码 【1993215】，返回信息 {"status":"ok","msg":"河北-石家庄","gid":"508993","time_insert":"2021-08-14 03:08","time_update":"2021-08-14 03:11"}
2023-10-15 03:32:49 查询号码 【1993215】，GSD为【"河北-石家庄"】

2023-10-15 03:32:50 开始第 3251 次操作

2023-10-15 03:32:50 开始操作号码 【1993216】
2023-10-15 03:32:53 GSD getOne 第 1 次 等待 3 秒
2023-10-15 03:32:56 查询号码 【1993216】，返回信息 {"status":"ok","msg":"河北-石家庄","gid":"509005","time_insert":"2021-08-14 03:18"}
2023-10-15 03:32:57 查询号码 【1993216】，GSD为【"河北-石家庄"】

2023-10-15 03:32:58 开始第 3252 次操作

2023-10-15 03:32:58 开始操作号码 【1993217】
2023-10-15 03:33:00 GSD getOne 第 1 次 等待 3 秒
2023-10-15 03:33:03 查询号码 【1993217】，返回信息 {"status":"ok","msg":"河北-石家庄","gid":"509010","time_insert":"2021-08-14 03:20"}
2023-10-15 03:33:03 查询号码 【1993217】，GSD为【"河北-石家庄"】

2023-10-15 04:07:12 开始第 3253 次操作

2023-10-15 04:07:12 开始操作号码 【1993218】
2023-10-15 04:07:18 GSD getOne 第 1 次 等待 3 秒
2023-10-15 04:07:21 查询号码 【1993218】，返回信息 {"status":"ok","msg":"河北-石家庄","gid":"509019","time_insert":"2021-08-14 03:28"}
2023-10-15 04:07:21 查询号码 【1993218】，GSD为【"河北-石家庄"】

2023-10-15 04:07:22 开始第 3254 次操作

2023-10-15 04:07:22 开始操作号码 【1993219】
2023-10-15 04:07:26 GSD getOne 第 1 次 等待 3 秒
2023-10-15 04:07:29 查询号码 【1993219】，返回信息 {"status":"ok","msg":"河北-石家庄","gid":"509024","time_insert":"2021-08-14 03:31"}
2023-10-15 04:07:29 查询号码 【1993219】，GSD为【"河北-石家庄"】

2023-10-15 04:07:30 开始第 3255 次操作

2023-10-15 04:07:30 开始操作号码 【1993220】
2023-10-15 04:07:35 GSD getOne 第 1 次 等待 3 秒
2023-10-15 04:07:38 查询号码 【1993220】，返回信息 {"status":"ok","msg":"河北-沧州","gid":"509034","time_insert":"2021-08-14 03:38"}
2023-10-15 04:07:38 查询号码 【1993220】，GSD为【"河北-沧州"】

2023-10-15 04:07:39 开始第 3256 次操作

2023-10-15 04:07:39 开始操作号码 【1993221】
2023-10-15 04:07:41 GSD getOne 第 1 次 等待 3 秒
2023-10-15 04:07:44 查询号码 【1993221】，返回信息 {"status":"ok","msg":"河北-沧州","gid":"509037","time_insert":"2021-08-14 03:42"}
2023-10-15 04:07:44 查询号码 【1993221】，GSD为【"河北-沧州"】

2023-10-15 04:32:29 开始第 3257 次操作

2023-10-15 04:32:29 开始操作号码 【1993222】
2023-10-15 04:32:32 GSD getOne 第 1 次 等待 3 秒
2023-10-15 04:32:35 查询号码 【1993222】，返回信息 {"status":"ok","msg":"河北-沧州","gid":"509050","time_insert":"2021-08-14 03:47"}
2023-10-15 04:32:35 查询号码 【1993222】，GSD为【"河北-沧州"】

2023-10-15 04:32:36 开始第 3258 次操作

2023-10-15 04:32:36 开始操作号码 【1993223】
2023-10-15 04:32:39 GSD getOne 第 1 次 等待 3 秒
2023-10-15 04:32:42 查询号码 【1993223】，返回信息 {"status":"ok","msg":"河北-沧州","gid":"509054","time_insert":"2021-08-14 03:51"}
2023-10-15 04:32:42 查询号码 【1993223】，GSD为【"河北-沧州"】

2023-10-15 04:32:43 开始第 3259 次操作

2023-10-15 04:32:43 开始操作号码 【1993224】
2023-10-15 04:32:47 GSD getOne 第 1 次 等待 3 秒
2023-10-15 04:32:50 查询号码 【1993224】，返回信息 {"status":"ok","msg":"河北-沧州","gid":"509062","time_insert":"2021-08-14 03:57"}
2023-10-15 04:32:50 查询号码 【1993224】，GSD为【"河北-沧州"】

2023-10-15 04:32:51 开始第 3260 次操作

2023-10-15 04:32:51 开始操作号码 【1993225】
2023-10-15 04:32:55 GSD getOne 第 1 次 等待 3 秒
2023-10-15 04:32:58 查询号码 【1993225】，返回信息 {"status":"ok","msg":"河北-沧州","gid":"509069","time_insert":"2021-08-14 04:02"}
2023-10-15 04:32:58 查询号码 【1993225】，GSD为【"河北-沧州"】

2023-10-15 05:06:01 开始第 3261 次操作

2023-10-15 05:06:01 开始操作号码 【1993226】
2023-10-15 05:06:06 GSD getOne 第 1 次 等待 3 秒
2023-10-15 05:06:09 查询号码 【1993226】，返回信息 {"status":"ok","msg":"河北-沧州","gid":"509075","time_insert":"2021-08-14 04:07"}
2023-10-15 05:06:09 查询号码 【1993226】，GSD为【"河北-沧州"】

2023-10-15 05:06:10 开始第 3262 次操作

2023-10-15 05:06:10 开始操作号码 【1993227】
2023-10-15 05:06:12 GSD getOne 第 1 次 等待 3 秒
2023-10-15 05:06:15 查询号码 【1993227】，返回信息 {"status":"ok","msg":"河北-沧州","gid":"509081","time_insert":"2021-08-14 04:11"}
2023-10-15 05:06:15 查询号码 【1993227】，GSD为【"河北-沧州"】

2023-10-15 05:06:16 开始第 3263 次操作

2023-10-15 05:06:16 开始操作号码 【1993228】
2023-10-15 05:06:19 GSD getOne 第 1 次 等待 3 秒
2023-10-15 05:06:22 查询号码 【1993228】，返回信息 {"status":"ok","msg":"河北-沧州","gid":"509086","time_insert":"2021-08-14 04:16"}
2023-10-15 05:06:22 查询号码 【1993228】，GSD为【"河北-沧州"】

2023-10-15 05:06:23 开始第 3264 次操作

2023-10-15 05:06:23 开始操作号码 【1993229】
2023-10-15 05:06:25 GSD getOne 第 1 次 等待 3 秒
2023-10-15 05:06:28 查询号码 【1993229】，返回信息 {"status":"ok","msg":"河北-沧州","gid":"509093","time_insert":"2021-08-14 04:22"}
2023-10-15 05:06:28 查询号码 【1993229】，GSD为【"河北-沧州"】

