2024-12-16 00:25:39 开始第 9793 次操作

2024-12-16 00:25:39 开始操作号码 【1349792】
2024-12-16 00:25:40 GSD getOne 第 1 次 等待 3 秒
2024-12-16 00:25:43 查询号码 【1349792】，返回信息 {"status":"ok","msg":"北京-北京","gid":"303552","time_insert":"2021-07-17 13:41"}
2024-12-16 00:25:43 查询号码 【1349792】，GSD为【"北京-北京"】

2024-12-16 00:25:44 开始第 9794 次操作

2024-12-16 00:25:44 开始操作号码 【1349793】
2024-12-16 00:25:46 GSD getOne 第 1 次 等待 3 秒
2024-12-16 00:25:49 查询号码 【1349793】，返回信息 {"status":"ok","msg":"北京-北京","gid":"303539","time_insert":"2021-07-17 13:41"}
2024-12-16 00:25:49 查询号码 【1349793】，GSD为【"北京-北京"】

2024-12-16 00:25:50 开始第 9795 次操作

2024-12-16 00:25:50 开始操作号码 【1349794】
2024-12-16 00:25:51 GSD getOne 第 1 次 等待 3 秒
2024-12-16 00:25:54 查询号码 【1349794】，返回信息 {"status":"ok","msg":"北京-北京","gid":"303522","time_insert":"2021-07-17 13:39"}
2024-12-16 00:25:54 查询号码 【1349794】，GSD为【"北京-北京"】

2024-12-16 00:25:55 开始第 9796 次操作

2024-12-16 00:25:55 开始操作号码 【1349795】
2024-12-16 00:25:56 GSD getOne 第 1 次 等待 3 秒
2024-12-16 00:25:59 查询号码 【1349795】，返回信息 {"status":"ok","msg":"北京-北京","gid":"303513","time_insert":"2021-07-17 13:38"}
2024-12-16 00:26:00 查询号码 【1349795】，GSD为【"北京-北京"】

2024-12-16 00:44:26 开始第 9797 次操作

2024-12-16 00:44:26 开始操作号码 【1349796】
2024-12-16 00:44:28 GSD getOne 第 1 次 等待 3 秒
2024-12-16 00:44:31 查询号码 【1349796】，返回信息 {"status":"ok","msg":"北京-北京","gid":"303503","time_insert":"2021-07-17 13:38"}
2024-12-16 00:44:31 查询号码 【1349796】，GSD为【"北京-北京"】

2024-12-16 00:44:32 开始第 9798 次操作

2024-12-16 00:44:32 开始操作号码 【1349797】
2024-12-16 00:44:33 GSD getOne 第 1 次 等待 3 秒
2024-12-16 00:44:36 查询号码 【1349797】，返回信息 {"status":"ok","msg":"北京-北京","gid":"303489","time_insert":"2021-07-17 13:37"}
2024-12-16 00:44:36 查询号码 【1349797】，GSD为【"北京-北京"】

2024-12-16 00:44:37 开始第 9799 次操作

2024-12-16 00:44:37 开始操作号码 【1349798】
2024-12-16 00:44:38 GSD getOne 第 1 次 等待 3 秒
2024-12-16 00:44:41 查询号码 【1349798】，返回信息 {"status":"ok","msg":"北京-北京","gid":"303481","time_insert":"2021-07-17 13:36"}
2024-12-16 00:44:41 查询号码 【1349798】，GSD为【"北京-北京"】

2024-12-16 00:44:42 开始第 9800 次操作

2024-12-16 00:44:42 开始操作号码 【1349799】
2024-12-16 00:44:43 GSD getOne 第 1 次 等待 3 秒
2024-12-16 00:44:46 查询号码 【1349799】，返回信息 {"status":"ok","msg":"北京-北京","gid":"303381","time_insert":"2021-07-17 13:13"}
2024-12-16 00:44:46 查询号码 【1349799】，GSD为【"北京-北京"】

2024-12-16 01:17:37 开始第 9801 次操作

2024-12-16 01:17:37 开始操作号码 【1349800】
2024-12-16 01:17:38 GSD getOne 第 1 次 等待 3 秒
2024-12-16 01:17:41 查询号码 【1349800】，返回信息 {"status":"ok","msg":"北京-北京","gid":"303375","time_insert":"2021-07-17 13:12"}
2024-12-16 01:17:42 查询号码 【1349800】，GSD为【"北京-北京"】

2024-12-16 01:17:43 开始第 9802 次操作

2024-12-16 01:17:43 开始操作号码 【1349801】
2024-12-16 01:17:43 GSD getOne 第 1 次 等待 3 秒
2024-12-16 01:17:46 查询号码 【1349801】，返回信息 {"status":"ok","msg":"北京-北京","gid":"303367","time_insert":"2021-07-17 13:11"}
2024-12-16 01:17:46 查询号码 【1349801】，GSD为【"北京-北京"】

2024-12-16 01:17:48 开始第 9803 次操作

2024-12-16 01:17:48 开始操作号码 【1349802】
2024-12-16 01:17:48 GSD getOne 第 1 次 等待 3 秒
2024-12-16 01:17:51 查询号码 【1349802】，返回信息 {"status":"ok","msg":"北京-北京","gid":"303360","time_insert":"2021-07-17 13:11"}
2024-12-16 01:17:51 查询号码 【1349802】，GSD为【"北京-北京"】

2024-12-16 01:17:52 开始第 9804 次操作

2024-12-16 01:17:52 开始操作号码 【1349803】
2024-12-16 01:17:53 GSD getOne 第 1 次 等待 3 秒
2024-12-16 01:17:56 查询号码 【1349803】，返回信息 {"status":"ok","msg":"北京-北京","gid":"303352","time_insert":"2021-07-17 13:10"}
2024-12-16 01:17:56 查询号码 【1349803】，GSD为【"北京-北京"】

2024-12-16 01:39:23 开始第 9805 次操作

2024-12-16 01:39:23 开始操作号码 【1349804】
2024-12-16 01:39:24 GSD getOne 第 1 次 等待 3 秒
2024-12-16 01:39:27 查询号码 【1349804】，返回信息 {"status":"ok","msg":"北京-北京","gid":"303341","time_insert":"2021-07-17 13:09"}
2024-12-16 01:39:27 查询号码 【1349804】，GSD为【"北京-北京"】

2024-12-16 01:39:28 开始第 9806 次操作

2024-12-16 01:39:28 开始操作号码 【1349805】
2024-12-16 01:39:29 GSD getOne 第 1 次 等待 3 秒
2024-12-16 01:39:32 查询号码 【1349805】，返回信息 {"status":"ok","msg":"北京-北京","gid":"303333","time_insert":"2021-07-17 13:09"}
2024-12-16 01:39:32 查询号码 【1349805】，GSD为【"北京-北京"】

2024-12-16 01:39:33 开始第 9807 次操作

2024-12-16 01:39:33 开始操作号码 【1349806】
2024-12-16 01:39:34 GSD getOne 第 1 次 等待 3 秒
2024-12-16 01:39:37 查询号码 【1349806】，返回信息 {"status":"ok","msg":"北京-北京","gid":"303324","time_insert":"2021-07-17 13:08"}
2024-12-16 01:39:37 查询号码 【1349806】，GSD为【"北京-北京"】

2024-12-16 01:39:38 开始第 9808 次操作

2024-12-16 01:39:38 开始操作号码 【1349807】
2024-12-16 01:39:39 GSD getOne 第 1 次 等待 3 秒
2024-12-16 01:39:42 查询号码 【1349807】，返回信息 {"status":"ok","msg":"北京-北京","gid":"303314","time_insert":"2021-07-17 13:08"}
2024-12-16 01:39:42 查询号码 【1349807】，GSD为【"北京-北京"】

2024-12-16 02:28:36 开始第 9809 次操作

2024-12-16 02:28:36 开始操作号码 【1349808】
2024-12-16 02:28:37 GSD getOne 第 1 次 等待 3 秒
2024-12-16 02:28:40 查询号码 【1349808】，返回信息 {"status":"ok","msg":"北京-北京","gid":"303308","time_insert":"2021-07-17 13:07"}
2024-12-16 02:28:40 查询号码 【1349808】，GSD为【"北京-北京"】

2024-12-16 02:28:41 开始第 9810 次操作

2024-12-16 02:28:41 开始操作号码 【1349809】
2024-12-16 02:28:42 GSD getOne 第 1 次 等待 3 秒
2024-12-16 02:28:45 查询号码 【1349809】，返回信息 {"status":"ok","msg":"北京-北京","gid":"303296","time_insert":"2021-07-17 13:06"}
2024-12-16 02:28:45 查询号码 【1349809】，GSD为【"北京-北京"】

2024-12-16 02:28:46 开始第 9811 次操作

2024-12-16 02:28:46 开始操作号码 【1349810】
2024-12-16 02:28:47 GSD getOne 第 1 次 等待 3 秒
2024-12-16 02:28:50 查询号码 【1349810】，返回信息 {"status":"ok","msg":"北京-北京","gid":"303289","time_insert":"2021-07-17 13:06"}
2024-12-16 02:28:50 查询号码 【1349810】，GSD为【"北京-北京"】

2024-12-16 02:28:51 开始第 9812 次操作

2024-12-16 02:28:51 开始操作号码 【1349811】
2024-12-16 02:28:52 GSD getOne 第 1 次 等待 3 秒
2024-12-16 02:28:55 查询号码 【1349811】，返回信息 {"status":"ok","msg":"北京-北京","gid":"303279","time_insert":"2021-07-17 13:05"}
2024-12-16 02:28:55 查询号码 【1349811】，GSD为【"北京-北京"】

