2024-10-17 14:41:03 开始第 1 次操作

2024-10-17 14:41:03 开始操作号码 【1340000】
2024-10-17 14:41:04 GSD getOne 第 1 次 等待 3 秒
2024-10-17 14:41:07 查询号码 【1340000】，返回信息 {"status":"ok","msg":"江苏-无锡","gid":"48857","time_insert":"2021-04-09 15:37"}
2024-10-17 14:41:07 查询号码 【1340000】，GSD为【"江苏-无锡"】

2024-10-17 14:41:08 开始第 2 次操作

2024-10-17 14:41:08 开始操作号码 【1340001】
2024-10-17 14:41:09 GSD getOne 第 1 次 等待 3 秒
2024-10-17 14:41:12 查询号码 【1340001】，返回信息 {"status":"ok","msg":"江苏-无锡","gid":"48863","time_insert":"2021-04-09 15:56"}
2024-10-17 14:41:12 查询号码 【1340001】，GSD为【"江苏-无锡"】

2024-10-17 14:41:13 开始第 3 次操作

2024-10-17 14:41:13 开始操作号码 【1340002】
2024-10-17 14:41:14 GSD getOne 第 1 次 等待 3 秒
2024-10-17 14:41:17 查询号码 【1340002】，返回信息 {"status":"ok","msg":"江苏-无锡","gid":"48869","time_insert":"2021-04-09 16:13"}
2024-10-17 14:41:17 查询号码 【1340002】，GSD为【"江苏-无锡"】

2024-10-17 14:41:18 开始第 4 次操作

2024-10-17 14:41:18 开始操作号码 【1340003】
2024-10-17 14:41:19 GSD getOne 第 1 次 等待 3 秒
2024-10-17 14:41:22 查询号码 【1340003】，返回信息 {"status":"ok","msg":"江苏-无锡","gid":"48877","time_insert":"2021-04-09 16:33","time_update":"2021-05-09 21:36"}
2024-10-17 14:41:22 查询号码 【1340003】，GSD为【"江苏-无锡"】

2024-10-17 15:20:02 开始第 5 次操作

2024-10-17 15:20:02 开始操作号码 【1340004】
2024-10-17 15:20:04 GSD getOne 第 1 次 等待 3 秒
2024-10-17 15:20:07 查询号码 【1340004】，返回信息 {"status":"ok","msg":"江苏-无锡","gid":"48885","time_insert":"2021-04-09 16:50","time_update":"2021-05-09 22:03"}
2024-10-17 15:20:07 查询号码 【1340004】，GSD为【"江苏-无锡"】

2024-10-17 15:20:08 开始第 6 次操作

2024-10-17 15:20:08 开始操作号码 【1340005】
2024-10-17 15:20:09 GSD getOne 第 1 次 等待 3 秒
2024-10-17 15:20:12 查询号码 【1340005】，返回信息 {"status":"ok","msg":"江苏-南京","gid":"48889","time_insert":"2021-04-09 17:06","time_update":"2021-05-09 22:52"}
2024-10-17 15:20:12 查询号码 【1340005】，GSD为【"江苏-南京"】

2024-10-17 15:20:13 开始第 7 次操作

2024-10-17 15:20:13 开始操作号码 【1340006】
2024-10-17 15:20:14 GSD getOne 第 1 次 等待 3 秒
2024-10-17 15:20:17 查询号码 【1340006】，返回信息 {"status":"ok","msg":"江苏-南京","gid":"3793","time_insert":"2018-06-05 22:17","time_update":"2020-08-05 16:05"}
2024-10-17 15:20:17 查询号码 【1340006】，GSD为【"江苏-南京"】

2024-10-17 15:20:18 开始第 8 次操作

2024-10-17 15:20:18 开始操作号码 【1340007】
2024-10-17 15:20:19 GSD getOne 第 1 次 等待 3 秒
2024-10-17 15:20:22 查询号码 【1340007】，返回信息 {"status":"ok","msg":"江苏-南京","gid":"48900","time_insert":"2021-04-09 17:38","time_update":"2021-05-09 23:58"}
2024-10-17 15:20:22 查询号码 【1340007】，GSD为【"江苏-南京"】

