2024-11-27 00:29:08 开始第 6773 次操作

2024-11-27 00:29:08 开始操作号码 【1346772】
2024-11-27 00:29:09 GSD getOne 第 1 次 等待 3 秒
2024-11-27 00:29:12 查询号码 【1346772】，返回信息 {"status":"ok","msg":"湖南-株洲","gid":"335533","time_insert":"2021-07-20 10:20"}
2024-11-27 00:29:12 查询号码 【1346772】，GSD为【"湖南-株洲"】

2024-11-27 00:29:13 开始第 6774 次操作

2024-11-27 00:29:13 开始操作号码 【1346773】
2024-11-27 00:29:14 GSD getOne 第 1 次 等待 3 秒
2024-11-27 00:29:17 查询号码 【1346773】，返回信息 {"status":"ok","msg":"湖南-株洲","gid":"335562","time_insert":"2021-07-20 10:35"}
2024-11-27 00:29:17 查询号码 【1346773】，GSD为【"湖南-株洲"】

2024-11-27 00:29:18 开始第 6775 次操作

2024-11-27 00:29:18 开始操作号码 【1346774】
2024-11-27 00:29:19 GSD getOne 第 1 次 等待 3 秒
2024-11-27 00:29:22 查询号码 【1346774】，返回信息 {"status":"ok","msg":"湖南-衡阳","gid":"335590","time_insert":"2021-07-20 10:47"}
2024-11-27 00:29:22 查询号码 【1346774】，GSD为【"湖南-衡阳"】

2024-11-27 00:29:23 开始第 6776 次操作

2024-11-27 00:29:23 开始操作号码 【1346775】
2024-11-27 00:29:24 GSD getOne 第 1 次 等待 3 秒
2024-11-27 00:29:27 查询号码 【1346775】，返回信息 {"status":"ok","msg":"湖南-衡阳","gid":"335785","time_insert":"2021-07-20 11:01"}
2024-11-27 00:29:27 查询号码 【1346775】，GSD为【"湖南-衡阳"】

2024-11-27 00:50:48 开始第 6777 次操作

2024-11-27 00:50:48 开始操作号码 【1346776】
2024-11-27 00:50:50 GSD getOne 第 1 次 等待 3 秒
2024-11-27 00:50:53 查询号码 【1346776】，返回信息 {"status":"ok","msg":"湖南-衡阳","gid":"335930","time_insert":"2021-07-20 11:11"}
2024-11-27 00:50:53 查询号码 【1346776】，GSD为【"湖南-衡阳"】

2024-11-27 00:50:54 开始第 6778 次操作

2024-11-27 00:50:54 开始操作号码 【1346777】
2024-11-27 00:50:55 GSD getOne 第 1 次 等待 3 秒
2024-11-27 00:50:58 查询号码 【1346777】，返回信息 {"status":"ok","msg":"湖南-衡阳","gid":"4779","time_insert":"2018-04-06 22:31","time_update":"2020-09-21 20:55"}
2024-11-27 00:50:58 查询号码 【1346777】，GSD为【"湖南-衡阳"】

2024-11-27 00:50:59 开始第 6779 次操作

2024-11-27 00:50:59 开始操作号码 【1346778】
2024-11-27 00:51:00 GSD getOne 第 1 次 等待 3 秒
2024-11-27 00:51:03 查询号码 【1346778】，返回信息 {"status":"ok","msg":"湖南-邵阳","gid":"4780","time_insert":"2018-06-06 23:00","time_update":"2020-09-21 20:59"}
2024-11-27 00:51:03 查询号码 【1346778】，GSD为【"湖南-邵阳"】

2024-11-27 00:51:04 开始第 6780 次操作

2024-11-27 00:51:04 开始操作号码 【1346779】
2024-11-27 00:51:05 GSD getOne 第 1 次 等待 3 秒
2024-11-27 00:51:08 查询号码 【1346779】，返回信息 {"status":"ok","msg":"湖南-邵阳","gid":"336005","time_insert":"2021-07-20 11:24"}
2024-11-27 00:51:08 查询号码 【1346779】，GSD为【"湖南-邵阳"】

2024-11-27 01:19:53 开始第 6781 次操作

2024-11-27 01:19:53 开始操作号码 【1346780】
2024-11-27 01:19:54 GSD getOne 第 1 次 等待 3 秒
2024-11-27 01:19:57 查询号码 【1346780】，返回信息 {"status":"ok","msg":"湖南-郴州","gid":"336034","time_insert":"2021-07-20 11:38"}
2024-11-27 01:19:57 查询号码 【1346780】，GSD为【"湖南-郴州"】

2024-11-27 01:19:58 开始第 6782 次操作

2024-11-27 01:19:58 开始操作号码 【1346781】
2024-11-27 01:19:59 GSD getOne 第 1 次 等待 3 秒
2024-11-27 01:20:02 查询号码 【1346781】，返回信息 {"status":"ok","msg":"湖南-郴州","gid":"336165","time_insert":"2021-07-20 11:51"}
2024-11-27 01:20:02 查询号码 【1346781】，GSD为【"湖南-郴州"】

2024-11-27 01:20:03 开始第 6783 次操作

2024-11-27 01:20:03 开始操作号码 【1346782】
2024-11-27 01:20:04 GSD getOne 第 1 次 等待 3 秒
2024-11-27 01:20:07 查询号码 【1346782】，返回信息 {"status":"ok","msg":"湖南-郴州","gid":"4781","time_insert":"2017-04-19 11:23","time_update":"2020-09-21 21:03"}
2024-11-27 01:20:07 查询号码 【1346782】，GSD为【"湖南-郴州"】

2024-11-27 01:20:08 开始第 6784 次操作

2024-11-27 01:20:08 开始操作号码 【1346783】
2024-11-27 01:20:09 GSD getOne 第 1 次 等待 3 秒
2024-11-27 01:20:12 查询号码 【1346783】，返回信息 {"status":"ok","msg":"湖南-郴州","gid":"336314","time_insert":"2021-07-20 12:02"}
2024-11-27 01:20:12 查询号码 【1346783】，GSD为【"湖南-郴州"】

2024-11-27 01:41:48 开始第 6785 次操作

2024-11-27 01:41:48 开始操作号码 【1346784】
2024-11-27 01:41:50 GSD getOne 第 1 次 等待 3 秒
2024-11-27 01:41:53 查询号码 【1346784】，返回信息 {"status":"ok","msg":"湖南-郴州","gid":"336449","time_insert":"2021-07-20 12:16"}
2024-11-27 01:41:53 查询号码 【1346784】，GSD为【"湖南-郴州"】

2024-11-27 01:41:54 开始第 6786 次操作

2024-11-27 01:41:54 开始操作号码 【1346785】
2024-11-27 01:41:55 GSD getOne 第 1 次 等待 3 秒
2024-11-27 01:41:58 查询号码 【1346785】，返回信息 {"status":"ok","msg":"湖南-郴州","gid":"336483","time_insert":"2021-07-20 12:27"}
2024-11-27 01:41:58 查询号码 【1346785】，GSD为【"湖南-郴州"】

2024-11-27 01:41:59 开始第 6787 次操作

2024-11-27 01:41:59 开始操作号码 【1346786】
2024-11-27 01:42:00 GSD getOne 第 1 次 等待 3 秒
2024-11-27 01:42:03 查询号码 【1346786】，返回信息 {"status":"ok","msg":"湖南-郴州","gid":"336510","time_insert":"2021-07-20 12:42"}
2024-11-27 01:42:03 查询号码 【1346786】，GSD为【"湖南-郴州"】

2024-11-27 01:42:04 开始第 6788 次操作

2024-11-27 01:42:04 开始操作号码 【1346787】
2024-11-27 01:42:05 GSD getOne 第 1 次 等待 3 秒
2024-11-27 01:42:08 查询号码 【1346787】，返回信息 {"status":"ok","msg":"湖南-益阳","gid":"336584","time_insert":"2021-07-20 12:54"}
2024-11-27 01:42:08 查询号码 【1346787】，GSD为【"湖南-益阳"】

2024-11-27 02:30:59 开始第 6789 次操作

2024-11-27 02:30:59 开始操作号码 【1346788】
2024-11-27 02:31:00 GSD getOne 第 1 次 等待 3 秒
2024-11-27 02:31:03 查询号码 【1346788】，返回信息 {"status":"ok","msg":"湖南-娄底","gid":"4782","time_insert":"2017-04-19 11:23","time_update":"2020-09-21 21:07"}
2024-11-27 02:31:03 查询号码 【1346788】，GSD为【"湖南-娄底"】

2024-11-27 02:31:04 开始第 6790 次操作

2024-11-27 02:31:04 开始操作号码 【1346789】
2024-11-27 02:31:05 GSD getOne 第 1 次 等待 3 秒
2024-11-27 02:31:08 查询号码 【1346789】，返回信息 {"status":"ok","msg":"湖南-张家界","gid":"336792","time_insert":"2021-07-20 13:10"}
2024-11-27 02:31:08 查询号码 【1346789】，GSD为【"湖南-张家界"】

2024-11-27 02:31:09 开始第 6791 次操作

2024-11-27 02:31:09 开始操作号码 【1346790】
2024-11-27 02:31:09 GSD getOne 第 1 次 等待 3 秒
2024-11-27 02:31:12 查询号码 【1346790】，返回信息 {"status":"ok","msg":"湖南-湘潭","gid":"336888","time_insert":"2021-07-20 13:21"}
2024-11-27 02:31:12 查询号码 【1346790】，GSD为【"湖南-湘潭"】

2024-11-27 02:31:13 开始第 6792 次操作

2024-11-27 02:31:13 开始操作号码 【1346791】
2024-11-27 02:31:14 GSD getOne 第 1 次 等待 3 秒
2024-11-27 02:31:17 查询号码 【1346791】，返回信息 {"status":"ok","msg":"湖南-湘潭","gid":"336942","time_insert":"2021-07-20 13:36"}
2024-11-27 02:31:17 查询号码 【1346791】，GSD为【"湖南-湘潭"】

2024-11-27 03:17:27 开始第 6793 次操作

2024-11-27 03:17:27 开始操作号码 【1346792】
2024-11-27 03:17:28 GSD getOne 第 1 次 等待 3 秒
2024-11-27 03:17:31 查询号码 【1346792】，返回信息 {"status":"ok","msg":"湖南-湘潭","gid":"337120","time_insert":"2021-07-20 13:49"}
2024-11-27 03:17:31 查询号码 【1346792】，GSD为【"湖南-湘潭"】

2024-11-27 03:17:32 开始第 6794 次操作

2024-11-27 03:17:32 开始操作号码 【1346793】
2024-11-27 03:17:33 GSD getOne 第 1 次 等待 3 秒
2024-11-27 03:17:36 查询号码 【1346793】，返回信息 {"status":"ok","msg":"湖南-湘潭","gid":"337191","time_insert":"2021-07-20 13:54"}
2024-11-27 03:17:36 查询号码 【1346793】，GSD为【"湖南-湘潭"】

2024-11-27 03:17:37 开始第 6795 次操作

2024-11-27 03:17:37 开始操作号码 【1346794】
2024-11-27 03:17:39 GSD getOne 第 1 次 等待 3 秒
2024-11-27 03:17:42 查询号码 【1346794】，返回信息 {"status":"ok","msg":"湖南-怀化","gid":"4783","time_insert":"2017-12-14 14:01","time_update":"2020-09-21 21:12"}
2024-11-27 03:17:42 查询号码 【1346794】，GSD为【"湖南-怀化"】

2024-11-27 03:17:43 开始第 6796 次操作

2024-11-27 03:17:43 开始操作号码 【1346795】
2024-11-27 03:17:44 GSD getOne 第 1 次 等待 3 秒
2024-11-27 03:17:47 查询号码 【1346795】，返回信息 {"status":"ok","msg":"湖南-怀化","gid":"337172","time_insert":"2021-07-20 13:52"}
2024-11-27 03:17:47 查询号码 【1346795】，GSD为【"湖南-怀化"】

2024-11-27 03:38:38 开始第 6797 次操作

2024-11-27 03:38:38 开始操作号码 【1346796】
2024-11-27 03:38:39 GSD getOne 第 1 次 等待 3 秒
2024-11-27 03:38:42 查询号码 【1346796】，返回信息 {"status":"ok","msg":"湖南-永州","gid":"337162","time_insert":"2021-07-20 13:52"}
2024-11-27 03:38:42 查询号码 【1346796】，GSD为【"湖南-永州"】

2024-11-27 03:38:43 开始第 6798 次操作

2024-11-27 03:38:43 开始操作号码 【1346797】
2024-11-27 03:38:44 GSD getOne 第 1 次 等待 3 秒
2024-11-27 03:38:47 查询号码 【1346797】，返回信息 {"status":"ok","msg":"湖南-永州","gid":"337153","time_insert":"2021-07-20 13:51"}
2024-11-27 03:38:47 查询号码 【1346797】，GSD为【"湖南-永州"】

2024-11-27 03:38:48 开始第 6799 次操作

2024-11-27 03:38:48 开始操作号码 【1346798】
2024-11-27 03:38:49 GSD getOne 第 1 次 等待 3 秒
2024-11-27 03:38:52 查询号码 【1346798】，返回信息 {"status":"ok","msg":"湖南-湘西","gid":"337137","time_insert":"2021-07-20 13:50"}
2024-11-27 03:38:52 查询号码 【1346798】，GSD为【"湖南-湘西"】

2024-11-27 03:38:53 开始第 6800 次操作

2024-11-27 03:38:53 开始操作号码 【1346799】
2024-11-27 03:38:54 GSD getOne 第 1 次 等待 3 秒
2024-11-27 03:38:57 查询号码 【1346799】，返回信息 {"status":"ok","msg":"湖南-湘西","gid":"337127","time_insert":"2021-07-20 13:49"}
2024-11-27 03:38:57 查询号码 【1346799】，GSD为【"湖南-湘西"】

2024-11-27 04:24:23 开始第 6801 次操作

2024-11-27 04:24:23 开始操作号码 【1346800】
2024-11-27 04:24:24 GSD getOne 第 1 次 等待 3 秒
2024-11-27 04:24:27 查询号码 【1346800】，返回信息 {"status":"ok","msg":"山东-泰安","gid":"337117","time_insert":"2021-07-20 13:48"}
2024-11-27 04:24:27 查询号码 【1346800】，GSD为【"山东-泰安"】

2024-11-27 04:24:28 开始第 6802 次操作

2024-11-27 04:24:28 开始操作号码 【1346801】
2024-11-27 04:24:29 GSD getOne 第 1 次 等待 3 秒
2024-11-27 04:24:32 查询号码 【1346801】，返回信息 {"status":"ok","msg":"山东-泰安","gid":"4784","time_insert":"2017-09-12 22:27","time_update":"2020-09-11 00:48"}
2024-11-27 04:24:33 查询号码 【1346801】，GSD为【"山东-泰安"】

2024-11-27 04:24:34 开始第 6803 次操作

2024-11-27 04:24:34 开始操作号码 【1346802】
2024-11-27 04:24:35 GSD getOne 第 1 次 等待 3 秒
2024-11-27 04:24:38 查询号码 【1346802】，返回信息 {"status":"ok","msg":"山东-泰安","gid":"337101","time_insert":"2021-07-20 13:47"}
2024-11-27 04:24:38 查询号码 【1346802】，GSD为【"山东-泰安"】

2024-11-27 04:24:39 开始第 6804 次操作

2024-11-27 04:24:39 开始操作号码 【1346803】
2024-11-27 04:24:40 GSD getOne 第 1 次 等待 3 秒
2024-11-27 04:24:43 查询号码 【1346803】，返回信息 {"status":"ok","msg":"山东-泰安","gid":"337092","time_insert":"2021-07-20 13:47"}
2024-11-27 04:24:43 查询号码 【1346803】，GSD为【"山东-泰安"】

2024-11-27 04:42:04 开始第 6805 次操作

2024-11-27 04:42:04 开始操作号码 【1346804】
2024-11-27 04:42:05 GSD getOne 第 1 次 等待 3 秒
2024-11-27 04:42:08 查询号码 【1346804】，返回信息 {"status":"ok","msg":"山东-泰安","gid":"337078","time_insert":"2021-07-20 13:46"}
2024-11-27 04:42:08 查询号码 【1346804】，GSD为【"山东-泰安"】

2024-11-27 04:42:09 开始第 6806 次操作

2024-11-27 04:42:09 开始操作号码 【1346805】
2024-11-27 04:42:10 GSD getOne 第 1 次 等待 3 秒
2024-11-27 04:42:13 查询号码 【1346805】，返回信息 {"status":"ok","msg":"山东-泰安","gid":"337069","time_insert":"2021-07-20 13:45"}
2024-11-27 04:42:13 查询号码 【1346805】，GSD为【"山东-泰安"】

2024-11-27 04:42:14 开始第 6807 次操作

2024-11-27 04:42:14 开始操作号码 【1346806】
2024-11-27 04:42:15 GSD getOne 第 1 次 等待 3 秒
2024-11-27 04:42:18 查询号码 【1346806】，返回信息 {"status":"ok","msg":"山东-泰安","gid":"337058","time_insert":"2021-07-20 13:44"}
2024-11-27 04:42:18 查询号码 【1346806】，GSD为【"山东-泰安"】

2024-11-27 04:42:19 开始第 6808 次操作

2024-11-27 04:42:19 开始操作号码 【1346807】
2024-11-27 04:42:21 GSD getOne 第 1 次 等待 3 秒
2024-11-27 04:42:24 查询号码 【1346807】，返回信息 {"status":"ok","msg":"山东-泰安","gid":"337047","time_insert":"2021-07-20 13:43"}
2024-11-27 04:42:24 查询号码 【1346807】，GSD为【"山东-泰安"】

2024-11-27 05:20:31 开始第 6809 次操作

2024-11-27 05:20:31 开始操作号码 【1346808】
2024-11-27 05:20:32 GSD getOne 第 1 次 等待 3 秒
2024-11-27 05:20:35 查询号码 【1346808】，返回信息 {"status":"ok","msg":"山东-临沂","gid":"337037","time_insert":"2021-07-20 13:43"}
2024-11-27 05:20:35 查询号码 【1346808】，GSD为【"山东-临沂"】

2024-11-27 05:20:36 开始第 6810 次操作

2024-11-27 05:20:36 开始操作号码 【1346809】
2024-11-27 05:20:37 GSD getOne 第 1 次 等待 3 秒
2024-11-27 05:20:40 查询号码 【1346809】，返回信息 {"status":"ok","msg":"山东-临沂","gid":"337022","time_insert":"2021-07-20 13:42"}
2024-11-27 05:20:40 查询号码 【1346809】，GSD为【"山东-临沂"】

2024-11-27 05:20:41 开始第 6811 次操作

2024-11-27 05:20:41 开始操作号码 【1346810】
2024-11-27 05:20:42 GSD getOne 第 1 次 等待 3 秒
2024-11-27 05:20:45 查询号码 【1346810】，返回信息 {"status":"ok","msg":"山东-临沂","gid":"337012","time_insert":"2021-07-20 13:41"}
2024-11-27 05:20:45 查询号码 【1346810】，GSD为【"山东-临沂"】

2024-11-27 05:20:46 开始第 6812 次操作

2024-11-27 05:20:46 开始操作号码 【1346811】
2024-11-27 05:20:47 GSD getOne 第 1 次 等待 3 秒
2024-11-27 05:20:50 查询号码 【1346811】，返回信息 {"status":"ok","msg":"山东-临沂","gid":"337000","time_insert":"2021-07-20 13:40"}
2024-11-27 05:20:50 查询号码 【1346811】，GSD为【"山东-临沂"】

2024-11-27 05:39:55 开始第 6813 次操作

2024-11-27 05:39:55 开始操作号码 【1346812】
2024-11-27 05:39:57 GSD getOne 第 1 次 等待 3 秒
2024-11-27 05:40:00 查询号码 【1346812】，返回信息 {"status":"ok","msg":"山东-临沂","gid":"336988","time_insert":"2021-07-20 13:39"}
2024-11-27 05:40:00 查询号码 【1346812】，GSD为【"山东-临沂"】

2024-11-27 05:40:01 开始第 6814 次操作

2024-11-27 05:40:01 开始操作号码 【1346813】
2024-11-27 05:40:02 GSD getOne 第 1 次 等待 3 秒
2024-11-27 05:40:05 查询号码 【1346813】，返回信息 {"status":"ok","msg":"山东-临沂","gid":"336973","time_insert":"2021-07-20 13:38"}
2024-11-27 05:40:05 查询号码 【1346813】，GSD为【"山东-临沂"】

2024-11-27 05:40:06 开始第 6815 次操作

2024-11-27 05:40:06 开始操作号码 【1346814】
2024-11-27 05:40:07 GSD getOne 第 1 次 等待 3 秒
2024-11-27 05:40:10 查询号码 【1346814】，返回信息 {"status":"ok","msg":"山东-临沂","gid":"336964","time_insert":"2021-07-20 13:38"}
2024-11-27 05:40:10 查询号码 【1346814】，GSD为【"山东-临沂"】

2024-11-27 05:40:11 开始第 6816 次操作

2024-11-27 05:40:11 开始操作号码 【1346815】
2024-11-27 05:40:12 GSD getOne 第 1 次 等待 3 秒
2024-11-27 05:40:15 查询号码 【1346815】，返回信息 {"status":"ok","msg":"山东-临沂","gid":"336954","time_insert":"2021-07-20 13:37"}
2024-11-27 05:40:15 查询号码 【1346815】，GSD为【"山东-临沂"】

