2024-05-08 00:09:13 开始第 7909 次操作

2024-05-08 00:09:13 开始操作号码 【1677819】
2024-05-08 00:09:22 GSD getOne 第 1 次 等待 3 秒
2024-05-08 00:09:25 查询号码 【1677819】，返回信息 {"status":"ok","msg":"黑龙江-哈尔滨","gid":"311737","time_insert":"2021-07-18 06:43"}
2024-05-08 00:09:25 查询号码 【1677819】，GSD为【"黑龙江-哈尔滨"】

2024-05-08 00:09:26 开始第 7910 次操作

2024-05-08 00:09:26 开始操作号码 【1677820】
2024-05-08 00:09:34 GSD getOne 第 1 次 等待 3 秒
2024-05-08 00:09:37 查询号码 【1677820】，返回信息 {"status":"ok","msg":"黑龙江-哈尔滨","gid":"311748","time_insert":"2021-07-18 06:43"}
2024-05-08 00:09:37 查询号码 【1677820】，GSD为【"黑龙江-哈尔滨"】

2024-05-08 00:09:38 开始第 7911 次操作

2024-05-08 00:09:38 开始操作号码 【1677821】
2024-05-08 00:09:44 GSD getOne 第 1 次 等待 3 秒
2024-05-08 00:09:47 查询号码 【1677821】，返回信息 {"status":"ok","msg":"黑龙江-哈尔滨","gid":"311758","time_insert":"2021-07-18 06:44"}
2024-05-08 00:09:47 查询号码 【1677821】，GSD为【"黑龙江-哈尔滨"】

2024-05-08 00:09:48 开始第 7912 次操作

2024-05-08 00:09:48 开始操作号码 【1677822】
2024-05-08 00:09:54 GSD getOne 第 1 次 等待 3 秒
2024-05-08 00:09:57 查询号码 【1677822】，返回信息 {"status":"ok","msg":"黑龙江-哈尔滨","gid":"311771","time_insert":"2021-07-18 06:45"}
2024-05-08 00:09:57 查询号码 【1677822】，GSD为【"黑龙江-哈尔滨"】

2024-05-08 00:36:12 开始第 7913 次操作

2024-05-08 00:36:12 开始操作号码 【1677823】
2024-05-08 00:36:19 GSD getOne 第 1 次 等待 3 秒
2024-05-08 00:36:22 查询号码 【1677823】，返回信息 {"status":"ok","msg":"黑龙江-哈尔滨","gid":"311782","time_insert":"2021-07-18 06:46"}
2024-05-08 00:36:22 查询号码 【1677823】，GSD为【"黑龙江-哈尔滨"】

2024-05-08 00:36:23 开始第 7914 次操作

2024-05-08 00:36:23 开始操作号码 【1677824】
2024-05-08 00:36:36 GSD getOne 第 1 次 等待 3 秒
2024-05-08 00:36:39 查询号码 【1677824】，返回信息 {"status":"ok","msg":"黑龙江-哈尔滨","gid":"311793","time_insert":"2021-07-18 06:47"}
2024-05-08 00:36:39 查询号码 【1677824】，GSD为【"黑龙江-哈尔滨"】

2024-05-08 00:36:40 开始第 7915 次操作

2024-05-08 00:36:40 开始操作号码 【1677825】
2024-05-08 00:36:50 GSD getOne 第 1 次 等待 3 秒
2024-05-08 00:36:53 查询号码 【1677825】，返回信息 {"status":"ok","msg":"四川-遂宁","gid":"311805","time_insert":"2021-07-18 06:47"}
2024-05-08 00:36:53 查询号码 【1677825】，GSD为【"四川-遂宁"】

2024-05-08 00:36:54 开始第 7916 次操作

2024-05-08 00:36:54 开始操作号码 【1677826】
2024-05-08 00:36:59 GSD getOne 第 1 次 等待 3 秒
2024-05-08 00:37:02 查询号码 【1677826】，返回信息 {"status":"ok","msg":"四川-广安","gid":"311819","time_insert":"2021-07-18 06:48"}
2024-05-08 00:37:02 查询号码 【1677826】，GSD为【"四川-广安"】

