2024-01-20 00:10:10 开始第 9945 次操作

2024-01-20 00:10:10 开始操作号码 【1899854】
2024-01-20 00:10:19 GSD getOne 第 1 次 等待 3 秒
2024-01-20 00:10:22 查询号码 【1899854】，返回信息 {"status":"ok","msg":"广东-茂名","gid":"431909","time_insert":"2021-07-29 09:49"}
2024-01-20 00:10:22 查询号码 【1899854】，GSD为【"广东-茂名"】

2024-01-20 00:10:23 开始第 9946 次操作

2024-01-20 00:10:23 开始操作号码 【1899855】
2024-01-20 00:10:27 GSD getOne 第 1 次 等待 3 秒
2024-01-20 00:10:30 查询号码 【1899855】，返回信息 {"status":"ok","msg":"广东-茂名","gid":"431900","time_insert":"2021-07-29 09:48"}
2024-01-20 00:10:30 查询号码 【1899855】，GSD为【"广东-茂名"】

2024-01-20 00:10:31 开始第 9947 次操作

2024-01-20 00:10:31 开始操作号码 【1899856】
2024-01-20 00:10:35 GSD getOne 第 1 次 等待 3 秒
2024-01-20 00:10:38 查询号码 【1899856】，返回信息 {"status":"ok","msg":"广东-茂名","gid":"431894","time_insert":"2021-07-29 09:47"}
2024-01-20 00:10:38 查询号码 【1899856】，GSD为【"广东-茂名"】

2024-01-20 00:10:39 开始第 9948 次操作

2024-01-20 00:10:39 开始操作号码 【1899857】
2024-01-20 00:10:43 GSD getOne 第 1 次 等待 3 秒
2024-01-20 00:10:46 查询号码 【1899857】，返回信息 {"status":"ok","msg":"广东-肇庆","gid":"431887","time_insert":"2021-07-29 09:47"}
2024-01-20 00:10:46 查询号码 【1899857】，GSD为【"广东-肇庆"】

