2024-09-03 00:23:24 开始第 2545 次操作

2024-09-03 00:23:24 开始操作号码 【1452544】
2024-09-03 00:23:32 GSD getOne 第 1 次 等待 3 秒
2024-09-03 00:23:35 查询号码 【1452544】，返回信息 {"status":"ok","msg":"山东-济南","gid":"73347","time_insert":"2021-05-30 11:43"}
2024-09-03 00:23:35 查询号码 【1452544】，GSD为【"山东-济南"】

2024-09-03 00:23:36 开始第 2546 次操作

2024-09-03 00:23:36 开始操作号码 【1452545】
2024-09-03 00:23:45 GSD getOne 第 1 次 等待 3 秒
2024-09-03 00:23:48 查询号码 【1452545】，返回信息 {"status":"ok","msg":"山东-青岛","gid":"73349","time_insert":"2021-05-30 11:46"}
2024-09-03 00:23:48 查询号码 【1452545】，GSD为【"山东-青岛"】

2024-09-03 00:23:49 开始第 2547 次操作

2024-09-03 00:23:49 开始操作号码 【1452546】
2024-09-03 00:23:57 GSD getOne 第 1 次 等待 3 秒
2024-09-03 00:24:00 查询号码 【1452546】，返回信息 {"status":"ok","msg":"山东-东营","gid":"73354","time_insert":"2021-05-30 11:51"}
2024-09-03 00:24:00 查询号码 【1452546】，GSD为【"山东-东营"】

2024-09-03 00:24:01 开始第 2548 次操作

2024-09-03 00:24:01 开始操作号码 【1452547】
2024-09-03 00:24:09 GSD getOne 第 1 次 等待 3 秒
2024-09-03 00:24:12 查询号码 【1452547】，返回信息 {"status":"ok","msg":"山东-青岛","gid":"73357","time_insert":"2021-05-30 11:57"}
2024-09-03 00:24:12 查询号码 【1452547】，GSD为【"山东-青岛"】

