2024-02-29 00:09:30 开始第 6405 次操作

2024-02-29 00:09:30 开始操作号码 【1786314】
2024-02-29 00:09:36 GSD getOne 第 1 次 等待 3 秒
2024-02-29 00:09:39 查询号码 【1786314】，返回信息 {"status":"ok","msg":"山东-威海","gid":"293503","time_insert":"2021-07-16 13:45","time_update":"2021-08-07 14:57"}
2024-02-29 00:09:39 查询号码 【1786314】，GSD为【"山东-威海"】

2024-02-29 00:09:40 开始第 6406 次操作

2024-02-29 00:09:40 开始操作号码 【1786315】
2024-02-29 00:09:46 GSD getOne 第 1 次 等待 3 秒
2024-02-29 00:09:49 查询号码 【1786315】，返回信息 {"status":"ok","msg":"山东-威海","gid":"293496","time_insert":"2021-07-16 13:44","time_update":"2021-08-07 15:10"}
2024-02-29 00:09:49 查询号码 【1786315】，GSD为【"山东-威海"】

2024-02-29 00:09:50 开始第 6407 次操作

2024-02-29 00:09:50 开始操作号码 【1786316】
2024-02-29 00:09:55 GSD getOne 第 1 次 等待 3 秒
2024-02-29 00:09:58 查询号码 【1786316】，返回信息 {"status":"ok","msg":"山东-威海","gid":"293490","time_insert":"2021-07-16 13:43","time_update":"2021-08-07 15:19"}
2024-02-29 00:09:58 查询号码 【1786316】，GSD为【"山东-威海"】

2024-02-29 00:09:59 开始第 6408 次操作

2024-02-29 00:09:59 开始操作号码 【1786317】
2024-02-29 00:10:08 GSD getOne 第 1 次 等待 3 秒
2024-02-29 00:10:11 查询号码 【1786317】，返回信息 {"status":"ok","msg":"山东-威海","gid":"293481","time_insert":"2021-07-16 13:42","time_update":"2021-08-07 15:26"}
2024-02-29 00:10:11 查询号码 【1786317】，GSD为【"山东-威海"】

