2024-12-01 00:25:20 开始第 7413 次操作

2024-12-01 00:25:20 开始操作号码 【1347412】
2024-12-01 00:25:21 GSD getOne 第 1 次 等待 3 秒
2024-12-01 00:25:24 查询号码 【1347412】，返回信息 {"status":"ok","msg":"陕西-西安","gid":"51802","time_insert":"2021-04-22 10:18"}
2024-12-01 00:25:24 查询号码 【1347412】，GSD为【"陕西-西安"】

2024-12-01 00:25:25 开始第 7414 次操作

2024-12-01 00:25:25 开始操作号码 【1347413】
2024-12-01 00:25:26 GSD getOne 第 1 次 等待 3 秒
2024-12-01 00:25:29 查询号码 【1347413】，返回信息 {"status":"ok","msg":"陕西-西安","gid":"330574","time_insert":"2021-07-19 22:52"}
2024-12-01 00:25:29 查询号码 【1347413】，GSD为【"陕西-西安"】

2024-12-01 00:25:30 开始第 7415 次操作

2024-12-01 00:25:30 开始操作号码 【1347414】
2024-12-01 00:25:31 GSD getOne 第 1 次 等待 3 秒
2024-12-01 00:25:34 查询号码 【1347414】，返回信息 {"status":"ok","msg":"陕西-渭南","gid":"330572","time_insert":"2021-07-19 22:51"}
2024-12-01 00:25:34 查询号码 【1347414】，GSD为【"陕西-渭南"】

2024-12-01 00:25:35 开始第 7416 次操作

2024-12-01 00:25:35 开始操作号码 【1347415】
2024-12-01 00:25:36 GSD getOne 第 1 次 等待 3 秒
2024-12-01 00:25:39 查询号码 【1347415】，返回信息 {"status":"ok","msg":"陕西-西安","gid":"330563","time_insert":"2021-07-19 22:51"}
2024-12-01 00:25:39 查询号码 【1347415】，GSD为【"陕西-西安"】

