2023-11-06 00:08:40 开始第 7253 次操作

2023-11-06 00:08:40 开始操作号码 【1997162】
2023-11-06 00:08:45 GSD getOne 第 1 次 等待 3 秒
2023-11-06 00:08:48 查询号码 【1997162】，返回信息 {"status":"ok","msg":"湖北-武汉","gid":"519457","time_insert":"2021-08-20 11:37"}
2023-11-06 00:08:48 查询号码 【1997162】，GSD为【"湖北-武汉"】

2023-11-06 00:08:49 开始第 7254 次操作

2023-11-06 00:08:49 开始操作号码 【1997163】
2023-11-06 00:08:52 GSD getOne 第 1 次 等待 3 秒
2023-11-06 00:08:55 查询号码 【1997163】，返回信息 {"status":"ok","msg":"湖北-武汉","gid":"519476","time_insert":"2021-08-20 11:49"}
2023-11-06 00:08:55 查询号码 【1997163】，GSD为【"湖北-武汉"】

2023-11-06 00:08:56 开始第 7255 次操作

2023-11-06 00:08:56 开始操作号码 【1997164】
2023-11-06 00:08:59 GSD getOne 第 1 次 等待 3 秒
2023-11-06 00:09:02 查询号码 【1997164】，返回信息 {"status":"ok","msg":"湖北-武汉","gid":"519494","time_insert":"2021-08-20 12:02"}
2023-11-06 00:09:02 查询号码 【1997164】，GSD为【"湖北-武汉"】

2023-11-06 00:09:03 开始第 7256 次操作

2023-11-06 00:09:03 开始操作号码 【1997165】
2023-11-06 00:09:06 GSD getOne 第 1 次 等待 3 秒
2023-11-06 00:09:09 查询号码 【1997165】，返回信息 {"status":"ok","msg":"湖北-武汉","gid":"519509","time_insert":"2021-08-20 12:13"}
2023-11-06 00:09:09 查询号码 【1997165】，GSD为【"湖北-武汉"】

2023-11-06 00:35:35 开始第 7257 次操作

2023-11-06 00:35:35 开始操作号码 【1997166】
2023-11-06 00:35:41 GSD getOne 第 1 次 等待 3 秒
2023-11-06 00:35:44 查询号码 【1997166】，返回信息 {"status":"ok","msg":"湖北-十堰","gid":"519527","time_insert":"2021-08-20 12:25"}
2023-11-06 00:35:45 查询号码 【1997166】，GSD为【"湖北-十堰"】

2023-11-06 00:35:46 开始第 7258 次操作

2023-11-06 00:35:46 开始操作号码 【1997167】
2023-11-06 00:35:58 GSD getOne 第 1 次 等待 3 秒
2023-11-06 00:36:01 查询号码 【1997167】，返回信息 {"status":"ok","msg":"湖北-十堰","gid":"519546","time_insert":"2021-08-20 12:38"}
2023-11-06 00:36:01 查询号码 【1997167】，GSD为【"湖北-十堰"】

2023-11-06 00:36:02 开始第 7259 次操作

2023-11-06 00:36:02 开始操作号码 【1997168】
2023-11-06 00:36:05 GSD getOne 第 1 次 等待 3 秒
2023-11-06 00:36:08 查询号码 【1997168】，返回信息 {"status":"ok","msg":"湖北-十堰","gid":"519559","time_insert":"2021-08-20 12:49"}
2023-11-06 00:36:08 查询号码 【1997168】，GSD为【"湖北-十堰"】

2023-11-06 00:36:09 开始第 7260 次操作

2023-11-06 00:36:09 开始操作号码 【1997169】
2023-11-06 00:36:12 GSD getOne 第 1 次 等待 3 秒
2023-11-06 00:36:15 查询号码 【1997169】，返回信息 {"status":"ok","msg":"湖北-十堰","gid":"519579","time_insert":"2021-08-20 13:04"}
2023-11-06 00:36:15 查询号码 【1997169】，GSD为【"湖北-十堰"】

2023-11-06 01:06:11 开始第 7261 次操作

2023-11-06 01:06:11 开始操作号码 【1997170】
2023-11-06 01:06:15 GSD getOne 第 1 次 等待 3 秒
2023-11-06 01:06:18 查询号码 【1997170】，返回信息 {"status":"ok","msg":"湖北-十堰","gid":"519598","time_insert":"2021-08-20 13:18"}
2023-11-06 01:06:18 查询号码 【1997170】，GSD为【"湖北-十堰"】

2023-11-06 01:06:19 开始第 7262 次操作

2023-11-06 01:06:19 开始操作号码 【1997171】
2023-11-06 01:06:23 GSD getOne 第 1 次 等待 3 秒
2023-11-06 01:06:26 查询号码 【1997171】，返回信息 {"status":"ok","msg":"湖北-十堰","gid":"519613","time_insert":"2021-08-20 13:29"}
2023-11-06 01:06:26 查询号码 【1997171】，GSD为【"湖北-十堰"】

2023-11-06 01:06:27 开始第 7263 次操作

2023-11-06 01:06:27 开始操作号码 【1997172】
2023-11-06 01:06:31 GSD getOne 第 1 次 等待 3 秒
2023-11-06 01:06:34 查询号码 【1997172】，返回信息 {"status":"ok","msg":"湖北-十堰","gid":"519631","time_insert":"2021-08-20 13:42"}
2023-11-06 01:06:34 查询号码 【1997172】，GSD为【"湖北-十堰"】

2023-11-06 01:06:35 开始第 7264 次操作

2023-11-06 01:06:35 开始操作号码 【1997173】
2023-11-06 01:06:40 GSD getOne 第 1 次 等待 3 秒
2023-11-06 01:06:43 查询号码 【1997173】，返回信息 {"status":"ok","msg":"湖北-十堰","gid":"519650","time_insert":"2021-08-20 13:56"}
2023-11-06 01:06:43 查询号码 【1997173】，GSD为【"湖北-十堰"】

