2024-05-10 00:09:53 开始第 8281 次操作

2024-05-10 00:09:53 开始操作号码 【1678190】
2024-05-10 00:09:59 GSD getOne 第 1 次 等待 3 秒
2024-05-10 00:10:02 查询号码 【1678190】，返回信息 {"status":"ok","msg":"四川-成都","gid":"316694","time_insert":"2021-07-18 16:49","time_update":"2023-05-30 14:34"}
2024-05-10 00:10:02 查询号码 【1678190】，GSD为【"四川-成都"】

2024-05-10 00:10:03 开始第 8282 次操作

2024-05-10 00:10:03 开始操作号码 【1678191】
2024-05-10 00:10:08 GSD getOne 第 1 次 等待 3 秒
2024-05-10 00:10:11 查询号码 【1678191】，返回信息 {"status":"ok","msg":"陕西-榆林","gid":"316704","time_insert":"2021-07-18 16:49","time_update":"2023-05-29 09:46"}
2024-05-10 00:10:11 查询号码 【1678191】，GSD为【"陕西-榆林"】

2024-05-10 00:10:12 开始第 8283 次操作

2024-05-10 00:10:12 开始操作号码 【1678192】
2024-05-10 00:10:20 GSD getOne 第 1 次 等待 3 秒
2024-05-10 00:10:23 查询号码 【1678192】，返回信息 {"status":"ok","msg":"江苏-苏州","gid":"316712","time_insert":"2021-07-18 16:50","time_update":"2023-05-29 09:56"}
2024-05-10 00:10:23 查询号码 【1678192】，GSD为【"江苏-苏州"】

2024-05-10 00:10:24 开始第 8284 次操作

2024-05-10 00:10:24 开始操作号码 【1678193】
2024-05-10 00:10:32 GSD getOne 第 1 次 等待 3 秒
2024-05-10 00:10:35 查询号码 【1678193】，返回信息 {"status":"ok","msg":"甘肃-兰州","gid":"316721","time_insert":"2021-07-18 16:50","time_update":"2023-05-29 10:09"}
2024-05-10 00:10:35 查询号码 【1678193】，GSD为【"甘肃-兰州"】

2024-05-10 00:38:52 开始第 8285 次操作

2024-05-10 00:38:52 开始操作号码 【1678194】
2024-05-10 00:39:09 GSD getOne 第 1 次 等待 3 秒
2024-05-10 00:39:12 查询号码 【1678194】，返回信息 {"status":"ok","msg":"安徽-合肥","gid":"316730","time_insert":"2021-07-18 16:51","time_update":"2023-05-29 10:18"}
2024-05-10 00:39:12 查询号码 【1678194】，GSD为【"安徽-合肥"】

2024-05-10 00:39:13 开始第 8286 次操作

2024-05-10 00:39:13 开始操作号码 【1678195】
2024-05-10 00:39:24 GSD getOne 第 1 次 等待 3 秒
2024-05-10 00:39:27 查询号码 【1678195】，返回信息 {"status":"ok","msg":"辽宁-营口","gid":"316739","time_insert":"2021-07-18 16:52","time_update":"2023-05-29 10:27"}
2024-05-10 00:39:27 查询号码 【1678195】，GSD为【"辽宁-营口"】

2024-05-10 00:39:28 开始第 8287 次操作

2024-05-10 00:39:28 开始操作号码 【1678196】
2024-05-10 00:39:44 GSD getOne 第 1 次 等待 3 秒
2024-05-10 00:39:47 查询号码 【1678196】，返回信息 {"status":"ok","msg":"吉林-吉林","gid":"316749","time_insert":"2021-07-18 16:52","time_update":"2023-05-29 10:40"}
2024-05-10 00:39:47 查询号码 【1678196】，GSD为【"吉林-吉林"】

2024-05-10 00:39:48 开始第 8288 次操作

2024-05-10 00:39:48 开始操作号码 【1678197】
2024-05-10 00:40:04 GSD getOne 第 1 次 等待 3 秒
2024-05-10 00:40:07 查询号码 【1678197】，返回信息 {"status":"ok","msg":"黑龙江-哈尔滨","gid":"316757","time_insert":"2021-07-18 16:53","time_update":"2023-05-29 10:53"}
2024-05-10 00:40:07 查询号码 【1678197】，GSD为【"黑龙江-哈尔滨"】

2024-05-10 01:07:24 开始第 8289 次操作

2024-05-10 01:07:24 开始操作号码 【1678198】
2024-05-10 01:07:33 GSD getOne 第 1 次 等待 3 秒
2024-05-10 01:07:36 查询号码 【1678198】，返回信息 {"status":"ok","msg":"黑龙江-佳木斯","gid":"316767","time_insert":"2021-07-18 16:53","time_update":"2023-05-29 11:02"}
2024-05-10 01:07:36 查询号码 【1678198】，GSD为【"黑龙江-佳木斯"】

2024-05-10 01:07:37 开始第 8290 次操作

2024-05-10 01:07:37 开始操作号码 【1678199】
2024-05-10 01:07:43 GSD getOne 第 1 次 等待 3 秒
2024-05-10 01:07:46 查询号码 【1678199】，返回信息 {"status":"ok","msg":"河南-郑州","gid":"316775","time_insert":"2021-07-18 16:54","time_update":"2023-05-30 14:34"}
2024-05-10 01:07:46 查询号码 【1678199】，GSD为【"河南-郑州"】

2024-05-10 01:07:47 开始第 8291 次操作

2024-05-10 01:07:47 开始操作号码 【1678200】
2024-05-10 01:07:54 GSD getOne 第 1 次 等待 3 秒
2024-05-10 01:07:57 查询号码 【1678200】，返回信息 {"status":"ok","msg":"山东-泰安","gid":"316786","time_insert":"2021-07-18 16:54","time_update":"2023-05-29 11:19"}
2024-05-10 01:07:57 查询号码 【1678200】，GSD为【"山东-泰安"】

2024-05-10 01:07:58 开始第 8292 次操作

2024-05-10 01:07:58 开始操作号码 【1678201】
2024-05-10 01:08:02 GSD getOne 第 1 次 等待 3 秒
2024-05-10 01:08:05 查询号码 【1678201】，返回信息 {"status":"ok","msg":"贵州-贵阳","gid":"316794","time_insert":"2021-07-18 16:55","time_update":"2023-05-15 16:01"}
2024-05-10 01:08:05 查询号码 【1678201】，GSD为【"贵州-贵阳"】

