2024-07-31 00:12:11 开始第 9589 次操作

2024-07-31 00:12:11 开始操作号码 【1569495】
2024-07-31 00:12:19 GSD getOne 第 1 次 等待 3 秒
2024-07-31 00:12:22 查询号码 【1569495】，返回信息 {"status":"ok","msg":"河北-唐山","gid":"371601","time_insert":"2021-07-24 01:11"}
2024-07-31 00:12:22 查询号码 【1569495】，GSD为【"河北-唐山"】

2024-07-31 00:12:23 开始第 9590 次操作

2024-07-31 00:12:23 开始操作号码 【1569496】
2024-07-31 00:12:34 GSD getOne 第 1 次 等待 3 秒
2024-07-31 00:12:37 查询号码 【1569496】，返回信息 {"status":"ok","msg":"河北-唐山","gid":"371594","time_insert":"2021-07-24 01:10"}
2024-07-31 00:12:37 查询号码 【1569496】，GSD为【"河北-唐山"】

2024-07-31 00:12:38 开始第 9591 次操作

2024-07-31 00:12:38 开始操作号码 【1569497】
2024-07-31 00:12:50 GSD getOne 第 1 次 等待 3 秒
2024-07-31 00:12:53 查询号码 【1569497】，返回信息 {"status":"ok","msg":"河北-沧州","gid":"371589","time_insert":"2021-07-24 01:10"}
2024-07-31 00:12:53 查询号码 【1569497】，GSD为【"河北-沧州"】

2024-07-31 00:12:54 开始第 9592 次操作

2024-07-31 00:12:54 开始操作号码 【1569498】
2024-07-31 00:13:03 GSD getOne 第 1 次 等待 3 秒
2024-07-31 00:13:06 查询号码 【1569498】，返回信息 {"status":"ok","msg":"河北-邯郸","gid":"371582","time_insert":"2021-07-24 01:09"}
2024-07-31 00:13:06 查询号码 【1569498】，GSD为【"河北-邯郸"】

2024-07-31 00:39:04 开始第 9593 次操作

2024-07-31 00:39:04 开始操作号码 【1569499】
2024-07-31 00:39:13 GSD getOne 第 1 次 等待 3 秒
2024-07-31 00:39:16 查询号码 【1569499】，返回信息 {"status":"ok","msg":"河北-邯郸","gid":"371575","time_insert":"2021-07-24 01:08"}
2024-07-31 00:39:16 查询号码 【1569499】，GSD为【"河北-邯郸"】

2024-07-31 00:39:17 开始第 9594 次操作

2024-07-31 00:39:17 开始操作号码 【1569500】
2024-07-31 00:39:30 GSD getOne 第 1 次 等待 3 秒
2024-07-31 00:39:33 查询号码 【1569500】，返回信息 {"status":"ok","msg":"宁夏-银川","gid":"23067","time_insert":"2019-11-15 11:24","time_update":"2020-12-22 02:31"}
2024-07-31 00:39:33 查询号码 【1569500】，GSD为【"宁夏-银川"】

2024-07-31 00:39:34 开始第 9595 次操作

2024-07-31 00:39:34 开始操作号码 【1569501】
2024-07-31 00:39:43 GSD getOne 第 1 次 等待 3 秒
2024-07-31 00:39:46 查询号码 【1569501】，返回信息 {"status":"ok","msg":"宁夏-银川","gid":"371570","time_insert":"2021-07-24 01:08"}
2024-07-31 00:39:46 查询号码 【1569501】，GSD为【"宁夏-银川"】

2024-07-31 00:39:47 开始第 9596 次操作

2024-07-31 00:39:47 开始操作号码 【1569502】
2024-07-31 00:39:55 GSD getOne 第 1 次 等待 3 秒
2024-07-31 00:39:58 查询号码 【1569502】，返回信息 {"status":"ok","msg":"宁夏-石嘴山","gid":"371563","time_insert":"2021-07-24 01:07"}
2024-07-31 00:39:58 查询号码 【1569502】，GSD为【"宁夏-石嘴山"】

2024-07-31 01:08:21 开始第 9597 次操作

2024-07-31 01:08:21 开始操作号码 【1569503】
2024-07-31 01:08:30 GSD getOne 第 1 次 等待 3 秒
2024-07-31 01:08:33 查询号码 【1569503】，返回信息 {"status":"ok","msg":"宁夏-吴忠","gid":"371556","time_insert":"2021-07-24 01:06"}
2024-07-31 01:08:33 查询号码 【1569503】，GSD为【"宁夏-吴忠"】

2024-07-31 01:08:34 开始第 9598 次操作

2024-07-31 01:08:34 开始操作号码 【1569504】
2024-07-31 01:08:42 GSD getOne 第 1 次 等待 3 秒
2024-07-31 01:08:45 查询号码 【1569504】，返回信息 {"status":"ok","msg":"宁夏-固原","gid":"371551","time_insert":"2021-07-24 01:06"}
2024-07-31 01:08:45 查询号码 【1569504】，GSD为【"宁夏-固原"】

2024-07-31 01:08:46 开始第 9599 次操作

2024-07-31 01:08:46 开始操作号码 【1569505】
2024-07-31 01:08:54 GSD getOne 第 1 次 等待 3 秒
2024-07-31 01:08:57 查询号码 【1569505】，返回信息 {"status":"ok","msg":"宁夏-中卫","gid":"371547","time_insert":"2021-07-24 01:05"}
2024-07-31 01:08:57 查询号码 【1569505】，GSD为【"宁夏-中卫"】

2024-07-31 01:08:58 开始第 9600 次操作

2024-07-31 01:08:58 开始操作号码 【1569506】
2024-07-31 01:09:07 GSD getOne 第 1 次 等待 3 秒
2024-07-31 01:09:10 查询号码 【1569506】，返回信息 {"status":"ok","msg":"宁夏-石嘴山","gid":"371542","time_insert":"2021-07-24 01:05"}
2024-07-31 01:09:10 查询号码 【1569506】，GSD为【"宁夏-石嘴山"】

2024-07-31 01:32:34 开始第 9601 次操作

2024-07-31 01:32:34 开始操作号码 【1569507】
2024-07-31 01:32:43 GSD getOne 第 1 次 等待 3 秒
2024-07-31 01:32:46 查询号码 【1569507】，返回信息 {"status":"ok","msg":"宁夏-吴忠","gid":"371535","time_insert":"2021-07-24 01:04"}
2024-07-31 01:32:46 查询号码 【1569507】，GSD为【"宁夏-吴忠"】

2024-07-31 01:32:47 开始第 9602 次操作

2024-07-31 01:32:47 开始操作号码 【1569508】
2024-07-31 01:32:55 GSD getOne 第 1 次 等待 3 秒
2024-07-31 01:32:58 查询号码 【1569508】，返回信息 {"status":"ok","msg":"宁夏-银川","gid":"371380","time_insert":"2021-07-24 00:15"}
2024-07-31 01:32:58 查询号码 【1569508】，GSD为【"宁夏-银川"】

2024-07-31 01:32:59 开始第 9603 次操作

2024-07-31 01:32:59 开始操作号码 【1569509】
2024-07-31 01:33:07 GSD getOne 第 1 次 等待 3 秒
2024-07-31 01:33:10 查询号码 【1569509】，返回信息 {"status":"ok","msg":"宁夏-中卫","gid":"371376","time_insert":"2021-07-24 00:14"}
2024-07-31 01:33:10 查询号码 【1569509】，GSD为【"宁夏-中卫"】

2024-07-31 01:33:11 开始第 9604 次操作

2024-07-31 01:33:11 开始操作号码 【1569510】
2024-07-31 01:33:23 GSD getOne 第 1 次 等待 3 秒
2024-07-31 01:33:26 查询号码 【1569510】，返回信息 {"status":"ok","msg":"江苏-无锡","gid":"371370","time_insert":"2021-07-24 00:13"}
2024-07-31 01:33:26 查询号码 【1569510】，GSD为【"江苏-无锡"】

2024-07-31 02:11:56 开始第 9605 次操作

2024-07-31 02:11:56 开始操作号码 【1569511】
2024-07-31 02:12:04 GSD getOne 第 1 次 等待 3 秒
2024-07-31 02:12:07 查询号码 【1569511】，返回信息 {"status":"ok","msg":"江苏-镇江","gid":"371366","time_insert":"2021-07-24 00:13"}
2024-07-31 02:12:07 查询号码 【1569511】，GSD为【"江苏-镇江"】

2024-07-31 02:12:08 开始第 9606 次操作

2024-07-31 02:12:08 开始操作号码 【1569512】
2024-07-31 02:12:17 GSD getOne 第 1 次 等待 3 秒
2024-07-31 02:12:20 查询号码 【1569512】，返回信息 {"status":"ok","msg":"江苏-苏州","gid":"371360","time_insert":"2021-07-24 00:12"}
2024-07-31 02:12:20 查询号码 【1569512】，GSD为【"江苏-苏州"】

2024-07-31 02:12:21 开始第 9607 次操作

2024-07-31 02:12:21 开始操作号码 【1569513】
2024-07-31 02:12:28 GSD getOne 第 1 次 等待 3 秒
2024-07-31 02:12:31 查询号码 【1569513】，返回信息 {"status":"ok","msg":"江苏-南通","gid":"23068","time_insert":"2017-04-20 15:28","time_update":"2020-08-25 12:24"}
2024-07-31 02:12:31 查询号码 【1569513】，GSD为【"江苏-南通"】

2024-07-31 02:12:32 开始第 9608 次操作

2024-07-31 02:12:32 开始操作号码 【1569514】
2024-07-31 02:12:40 GSD getOne 第 1 次 等待 3 秒
2024-07-31 02:12:43 查询号码 【1569514】，返回信息 {"status":"ok","msg":"江苏-扬州","gid":"371354","time_insert":"2021-07-24 00:11"}
2024-07-31 02:12:43 查询号码 【1569514】，GSD为【"江苏-扬州"】

2024-07-31 02:37:32 开始第 9609 次操作

2024-07-31 02:37:32 开始操作号码 【1569515】
2024-07-31 02:37:40 GSD getOne 第 1 次 等待 3 秒
2024-07-31 02:37:43 查询号码 【1569515】，返回信息 {"status":"ok","msg":"江苏-盐城","gid":"371344","time_insert":"2021-07-24 00:10"}
2024-07-31 02:37:44 查询号码 【1569515】，GSD为【"江苏-盐城"】

2024-07-31 02:37:45 开始第 9610 次操作

2024-07-31 02:37:45 开始操作号码 【1569516】
2024-07-31 02:37:53 GSD getOne 第 1 次 等待 3 秒
2024-07-31 02:37:56 查询号码 【1569516】，返回信息 {"status":"ok","msg":"江苏-徐州","gid":"371335","time_insert":"2021-07-24 00:10"}
2024-07-31 02:37:56 查询号码 【1569516】，GSD为【"江苏-徐州"】

2024-07-31 02:37:57 开始第 9611 次操作

2024-07-31 02:37:57 开始操作号码 【1569517】
2024-07-31 02:38:05 GSD getOne 第 1 次 等待 3 秒
2024-07-31 02:38:08 查询号码 【1569517】，返回信息 {"status":"ok","msg":"江苏-淮安","gid":"371327","time_insert":"2021-07-24 00:09"}
2024-07-31 02:38:08 查询号码 【1569517】，GSD为【"江苏-淮安"】

2024-07-31 02:38:09 开始第 9612 次操作

2024-07-31 02:38:09 开始操作号码 【1569518】
2024-07-31 02:38:18 GSD getOne 第 1 次 等待 3 秒
2024-07-31 02:38:21 查询号码 【1569518】，返回信息 {"status":"ok","msg":"江苏-连云港","gid":"371320","time_insert":"2021-07-24 00:08"}
2024-07-31 02:38:21 查询号码 【1569518】，GSD为【"江苏-连云港"】

2024-07-31 03:08:21 开始第 9613 次操作

2024-07-31 03:08:21 开始操作号码 【1569519】
2024-07-31 03:08:29 GSD getOne 第 1 次 等待 3 秒
2024-07-31 03:08:32 查询号码 【1569519】，返回信息 {"status":"ok","msg":"江苏-常州","gid":"371313","time_insert":"2021-07-24 00:08"}
2024-07-31 03:08:32 查询号码 【1569519】，GSD为【"江苏-常州"】

2024-07-31 03:08:33 开始第 9614 次操作

2024-07-31 03:08:33 开始操作号码 【1569520】
2024-07-31 03:08:40 GSD getOne 第 1 次 等待 3 秒
2024-07-31 03:08:43 查询号码 【1569520】，返回信息 {"status":"ok","msg":"江苏-常州","gid":"371304","time_insert":"2021-07-24 00:07"}
2024-07-31 03:08:43 查询号码 【1569520】，GSD为【"江苏-常州"】

2024-07-31 03:08:44 开始第 9615 次操作

2024-07-31 03:08:44 开始操作号码 【1569521】
2024-07-31 03:08:52 GSD getOne 第 1 次 等待 3 秒
2024-07-31 03:08:55 查询号码 【1569521】，返回信息 {"status":"ok","msg":"江苏-南京","gid":"371295","time_insert":"2021-07-24 00:06"}
2024-07-31 03:08:55 查询号码 【1569521】，GSD为【"江苏-南京"】

2024-07-31 03:08:56 开始第 9616 次操作

2024-07-31 03:08:56 开始操作号码 【1569522】
2024-07-31 03:09:06 GSD getOne 第 1 次 等待 3 秒
2024-07-31 03:09:09 查询号码 【1569522】，返回信息 {"status":"ok","msg":"江苏-无锡","gid":"371288","time_insert":"2021-07-24 00:06"}
2024-07-31 03:09:09 查询号码 【1569522】，GSD为【"江苏-无锡"】

2024-07-31 03:33:58 开始第 9617 次操作

2024-07-31 03:33:58 开始操作号码 【1569523】
2024-07-31 03:34:06 GSD getOne 第 1 次 等待 3 秒
2024-07-31 03:34:09 查询号码 【1569523】，返回信息 {"status":"ok","msg":"江苏-泰州","gid":"371272","time_insert":"2021-07-24 00:05"}
2024-07-31 03:34:10 查询号码 【1569523】，GSD为【"江苏-泰州"】

2024-07-31 03:34:11 开始第 9618 次操作

2024-07-31 03:34:11 开始操作号码 【1569524】
2024-07-31 03:34:19 GSD getOne 第 1 次 等待 3 秒
2024-07-31 03:34:22 查询号码 【1569524】，返回信息 {"status":"ok","msg":"江苏-无锡","gid":"371260","time_insert":"2021-07-24 00:04"}
2024-07-31 03:34:22 查询号码 【1569524】，GSD为【"江苏-无锡"】

2024-07-31 03:34:23 开始第 9619 次操作

2024-07-31 03:34:23 开始操作号码 【1569525】
2024-07-31 03:34:31 GSD getOne 第 1 次 等待 3 秒
2024-07-31 03:34:34 查询号码 【1569525】，返回信息 {"status":"ok","msg":"江苏-徐州","gid":"371253","time_insert":"2021-07-24 00:03"}
2024-07-31 03:34:34 查询号码 【1569525】，GSD为【"江苏-徐州"】

2024-07-31 03:34:35 开始第 9620 次操作

2024-07-31 03:34:35 开始操作号码 【1569526】
2024-07-31 03:34:44 GSD getOne 第 1 次 等待 3 秒
2024-07-31 03:34:47 查询号码 【1569526】，返回信息 {"status":"ok","msg":"江苏-南通","gid":"371244","time_insert":"2021-07-24 00:03"}
2024-07-31 03:34:47 查询号码 【1569526】，GSD为【"江苏-南通"】

2024-07-31 04:09:45 开始第 9621 次操作

2024-07-31 04:09:45 开始操作号码 【1569527】
2024-07-31 04:09:53 GSD getOne 第 1 次 等待 3 秒
2024-07-31 04:09:56 查询号码 【1569527】，返回信息 {"status":"ok","msg":"江苏-宿迁","gid":"371234","time_insert":"2021-07-24 00:02"}
2024-07-31 04:09:56 查询号码 【1569527】，GSD为【"江苏-宿迁"】

2024-07-31 04:09:57 开始第 9622 次操作

2024-07-31 04:09:57 开始操作号码 【1569528】
2024-07-31 04:10:05 GSD getOne 第 1 次 等待 3 秒
2024-07-31 04:10:08 查询号码 【1569528】，返回信息 {"status":"ok","msg":"江苏-苏州","gid":"371226","time_insert":"2021-07-24 00:02"}
2024-07-31 04:10:08 查询号码 【1569528】，GSD为【"江苏-苏州"】

2024-07-31 04:10:09 开始第 9623 次操作

2024-07-31 04:10:09 开始操作号码 【1569529】
2024-07-31 04:10:17 GSD getOne 第 1 次 等待 3 秒
2024-07-31 04:10:20 查询号码 【1569529】，返回信息 {"status":"ok","msg":"江苏-南京","gid":"371217","time_insert":"2021-07-24 00:01"}
2024-07-31 04:10:20 查询号码 【1569529】，GSD为【"江苏-南京"】

2024-07-31 04:10:21 开始第 9624 次操作

2024-07-31 04:10:21 开始操作号码 【1569530】
2024-07-31 04:10:29 GSD getOne 第 1 次 等待 3 秒
2024-07-31 04:10:32 查询号码 【1569530】，返回信息 {"status":"ok","msg":"青海-海北","gid":"371211","time_insert":"2021-07-24 00:00"}
2024-07-31 04:10:32 查询号码 【1569530】，GSD为【"青海-海北"】

2024-07-31 04:32:29 开始第 9625 次操作

2024-07-31 04:32:29 开始操作号码 【1569531】
2024-07-31 04:32:37 GSD getOne 第 1 次 等待 3 秒
2024-07-31 04:32:40 查询号码 【1569531】，返回信息 {"status":"ok","msg":"青海-西宁","gid":"371199","time_insert":"2021-07-24 00:00"}
2024-07-31 04:32:40 查询号码 【1569531】，GSD为【"青海-西宁"】

2024-07-31 04:32:41 开始第 9626 次操作

2024-07-31 04:32:41 开始操作号码 【1569532】
2024-07-31 04:32:50 GSD getOne 第 1 次 等待 3 秒
2024-07-31 04:32:53 查询号码 【1569532】，返回信息 {"status":"ok","msg":"青海-海东","gid":"371190","time_insert":"2021-07-23 23:59"}
2024-07-31 04:32:53 查询号码 【1569532】，GSD为【"青海-海东"】

2024-07-31 04:32:54 开始第 9627 次操作

2024-07-31 04:32:54 开始操作号码 【1569533】
2024-07-31 04:33:01 GSD getOne 第 1 次 等待 3 秒
2024-07-31 04:33:04 查询号码 【1569533】，返回信息 {"status":"ok","msg":"青海-黄南","gid":"371183","time_insert":"2021-07-23 23:58"}
2024-07-31 04:33:04 查询号码 【1569533】，GSD为【"青海-黄南"】

2024-07-31 04:33:05 开始第 9628 次操作

2024-07-31 04:33:05 开始操作号码 【1569534】
2024-07-31 04:33:13 GSD getOne 第 1 次 等待 3 秒
2024-07-31 04:33:16 查询号码 【1569534】，返回信息 {"status":"ok","msg":"青海-海南","gid":"371176","time_insert":"2021-07-23 23:58"}
2024-07-31 04:33:16 查询号码 【1569534】，GSD为【"青海-海南"】

