2024-01-11 00:10:40 开始第 8289 次操作

2024-01-11 00:10:40 开始操作号码 【1898198】
2024-01-11 00:10:43 GSD getOne 第 1 次 等待 3 秒
2024-01-11 00:10:46 查询号码 【1898198】，返回信息 {"status":"ok","msg":"四川-成都","gid":"45535","time_insert":"2019-01-09 13:38","time_update":"2020-11-14 19:52"}
2024-01-11 00:10:46 查询号码 【1898198】，GSD为【"四川-成都"】

2024-01-11 00:10:47 开始第 8290 次操作

2024-01-11 00:10:47 开始操作号码 【1898199】
2024-01-11 00:10:52 GSD getOne 第 1 次 等待 3 秒
2024-01-11 00:10:55 查询号码 【1898199】，返回信息 {"status":"ok","msg":"四川-成都","gid":"45536","time_insert":"2018-06-15 11:16","time_update":"2020-11-14 19:56"}
2024-01-11 00:10:55 查询号码 【1898199】，GSD为【"四川-成都"】

2024-01-11 00:10:56 开始第 8291 次操作

2024-01-11 00:10:56 开始操作号码 【1898200】
2024-01-11 00:10:59 GSD getOne 第 1 次 等待 3 秒
2024-01-11 00:11:02 查询号码 【1898200】，返回信息 {"status":"ok","msg":"四川-成都","gid":"45537","time_insert":"2014-06-21 22:12","time_update":"2020-11-14 20:00"}
2024-01-11 00:11:02 查询号码 【1898200】，GSD为【"四川-成都"】

2024-01-11 00:11:03 开始第 8292 次操作

2024-01-11 00:11:03 开始操作号码 【1898201】
2024-01-11 00:11:06 GSD getOne 第 1 次 等待 3 秒
2024-01-11 00:11:09 查询号码 【1898201】，返回信息 {"status":"ok","msg":"四川-成都","gid":"45538","time_insert":"2017-04-20 15:10","time_update":"2020-11-14 20:04"}
2024-01-11 00:11:09 查询号码 【1898201】，GSD为【"四川-成都"】

2024-01-11 00:37:29 开始第 8293 次操作

2024-01-11 00:37:29 开始操作号码 【1898202】
2024-01-11 00:37:32 GSD getOne 第 1 次 等待 3 秒
2024-01-11 00:37:35 查询号码 【1898202】，返回信息 {"status":"ok","msg":"四川-成都","gid":"45539","time_insert":"2014-11-30 08:18","time_update":"2020-11-14 20:08"}
2024-01-11 00:37:35 查询号码 【1898202】，GSD为【"四川-成都"】

2024-01-11 00:37:36 开始第 8294 次操作

2024-01-11 00:37:36 开始操作号码 【1898203】
2024-01-11 00:37:39 GSD getOne 第 1 次 等待 3 秒
2024-01-11 00:37:42 查询号码 【1898203】，返回信息 {"status":"ok","msg":"四川-成都","gid":"45540","time_insert":"2014-02-16 21:39","time_update":"2020-11-14 20:11"}
2024-01-11 00:37:42 查询号码 【1898203】，GSD为【"四川-成都"】

2024-01-11 00:37:43 开始第 8295 次操作

2024-01-11 00:37:43 开始操作号码 【1898204】
2024-01-11 00:37:47 GSD getOne 第 1 次 等待 3 秒
2024-01-11 00:37:50 查询号码 【1898204】，返回信息 {"status":"ok","msg":"四川-成都","gid":"444088","time_insert":"2021-07-30 12:28"}
2024-01-11 00:37:50 查询号码 【1898204】，GSD为【"四川-成都"】

2024-01-11 00:37:51 开始第 8296 次操作

2024-01-11 00:37:51 开始操作号码 【1898205】
2024-01-11 00:37:55 GSD getOne 第 1 次 等待 3 秒
2024-01-11 00:37:58 查询号码 【1898205】，返回信息 {"status":"ok","msg":"四川-成都","gid":"45541","time_insert":"2015-09-17 16:05","time_update":"2020-11-14 20:14"}
2024-01-11 00:37:58 查询号码 【1898205】，GSD为【"四川-成都"】

