2021-07-05 00:00:13 开始第 8 次操作

2021-07-05 00:00:13 开始操作号码 【1736008】
2021-07-05 00:00:33 GSD getOne 第 1 次 等待 1 秒
2021-07-05 00:00:34 查询号码 【1736008】，返回信息 {"status":"ok","msg":"四川-成都","time_insert":"2020-01-12 13:05","time_update":"2020-10-28 19:11"}
2021-07-05 00:00:35 查询号码 【1736008】，GSD为【"四川-成都"】

2021-07-05 00:00:35 开始第 8 次操作

2021-07-05 00:00:35 开始操作号码 【1736009】
2021-07-05 00:00:56 GSD getOne 第 1 次 等待 1 秒
2021-07-05 00:00:57 查询号码 【1736009】，返回信息 {"status":"ok","msg":"四川-成都","time_insert":"2018-08-29 23:02","time_update":"2020-10-28 19:14"}
2021-07-05 00:00:58 查询号码 【1736009】，GSD为【"四川-成都"】

2021-07-05 00:00:58 开始第 8 次操作

2021-07-05 00:00:58 开始操作号码 【1736010】
2021-07-05 00:01:17 GSD getOne 第 1 次 等待 1 秒
2021-07-05 00:01:18 查询号码 【1736010】，返回信息 {"status":"ok","msg":"四川-成都","time_insert":"2019-01-15 22:11","time_update":"2020-10-28 19:18"}
2021-07-05 00:01:18 查询号码 【1736010】，GSD为【"四川-成都"】

2021-07-05 00:01:18 开始第 8 次操作

2021-07-05 00:01:18 开始操作号码 【1736011】
2021-07-05 00:01:37 GSD getOne 第 1 次 等待 1 秒
2021-07-05 00:01:38 查询号码 【1736011】，返回信息 {"status":"bad","msg":""}
2021-07-05 00:01:38 查询号码 【1736011】，GSD为【""】
2021-07-05 00:01:38 bad
2021-07-05 00:01:40 CHB 1736011?1625414498 第 1 次 等待 1 秒
2021-07-05 00:01:41 CHB 1736011?1625414498 第 1 次 获取到号码【1736011】GSD
2021-07-05 00:01:41 获取到号码【1736011】的GSD为【四川-成都】
2021-07-05 00:02:00 GSD insert 第 1 次 等待 1 秒
2021-07-05 00:02:01 {"status":"ok","msg":"添加成功！193987"}
2021-07-05 00:02:01 下次操作: 2021-07-05 00:02:09

2021-07-05 00:02:09 开始第 9 次操作

2021-07-05 00:02:09 开始操作号码 【1736012】
2021-07-05 00:02:21 GSD getOne 第 1 次 等待 1 秒
2021-07-05 00:02:22 查询号码 【1736012】，返回信息 {"status":"ok","msg":"四川-成都","time_insert":"2018-08-10 22:36","time_update":"2020-10-28 19:22"}
2021-07-05 00:02:22 查询号码 【1736012】，GSD为【"四川-成都"】

2021-07-05 00:02:22 开始第 9 次操作

2021-07-05 00:02:22 开始操作号码 【1736013】
2021-07-05 00:02:48 GSD getOne 第 1 次 等待 1 秒
2021-07-05 00:02:49 查询号码 【1736013】，返回信息 {"status":"ok","msg":"四川-成都","time_insert":"2017-11-02 13:33","time_update":"2020-10-28 19:26"}
2021-07-05 00:02:49 查询号码 【1736013】，GSD为【"四川-成都"】

2021-07-05 00:02:49 开始第 9 次操作

2021-07-05 00:02:49 开始操作号码 【1736014】
2021-07-05 00:03:12 GSD getOne 第 1 次 等待 1 秒
2021-07-05 00:03:13 查询号码 【1736014】，返回信息 {"status":"ok","msg":"四川-成都","time_insert":"2019-08-06 15:11","time_update":"2020-10-28 19:30"}
2021-07-05 00:03:13 查询号码 【1736014】，GSD为【"四川-成都"】

2021-07-05 00:03:13 开始第 9 次操作

2021-07-05 00:03:13 开始操作号码 【1736015】
2021-07-05 00:03:36 GSD getOne 第 1 次 等待 1 秒
2021-07-05 00:03:37 查询号码 【1736015】，返回信息 {"status":"ok","msg":"四川-成都","time_insert":"2018-06-13 22:27","time_update":"2020-10-28 19:34"}
2021-07-05 00:03:37 查询号码 【1736015】，GSD为【"四川-成都"】

2021-07-05 00:03:37 开始第 9 次操作

2021-07-05 00:03:37 开始操作号码 【1736016】
2021-07-05 00:03:57 GSD getOne 第 1 次 等待 1 秒
2021-07-05 00:03:58 查询号码 【1736016】，返回信息 {"status":"bad","msg":""}
2021-07-05 00:03:58 查询号码 【1736016】，GSD为【""】
2021-07-05 00:03:58 bad
2021-07-05 00:04:01 CHB 1736016?1625414638 第 1 次 等待 1 秒
2021-07-05 00:04:02 CHB 1736016?1625414638 第 1 次 获取到号码【1736016】GSD
2021-07-05 00:04:02 获取到号码【1736016】的GSD为【四川-成都】
2021-07-05 00:04:22 GSD insert 第 1 次 等待 1 秒
2021-07-05 00:04:23 {"status":"ok","msg":"添加成功！194010"}
2021-07-05 00:04:23 下次操作: 2021-07-05 00:04:32

2021-07-05 00:04:32 开始第 10 次操作

2021-07-05 00:04:32 开始操作号码 【1736017】
2021-07-05 00:04:44 GSD getOne 第 1 次 等待 1 秒
2021-07-05 00:04:45 查询号码 【1736017】，返回信息 {"status":"bad","msg":""}
2021-07-05 00:04:45 查询号码 【1736017】，GSD为【""】
2021-07-05 00:04:45 bad
2021-07-05 00:04:47 CHB 1736017?1625414685 第 1 次 等待 1 秒
2021-07-05 00:04:48 CHB 1736017?1625414685 第 1 次 获取到号码【1736017】GSD
2021-07-05 00:04:48 获取到号码【1736017】的GSD为【四川-成都】
2021-07-05 00:05:10 GSD insert 第 1 次 等待 1 秒
2021-07-05 00:05:11 {"status":"ok","msg":"添加成功！194021"}
2021-07-05 00:05:11 下次操作: 2021-07-05 00:05:18

2021-07-05 00:05:18 开始第 11 次操作

2021-07-05 00:05:18 开始操作号码 【1736018】
2021-07-05 00:05:41 GSD getOne 第 1 次 等待 1 秒
2021-07-05 00:05:42 查询号码 【1736018】，返回信息 {"status":"ok","msg":"四川-成都","time_insert":"2018-06-04 17:00","time_update":"2020-10-28 19:37"}
2021-07-05 00:05:42 查询号码 【1736018】，GSD为【"四川-成都"】

2021-07-05 00:05:42 开始第 11 次操作

2021-07-05 00:05:42 开始操作号码 【1736019】
2021-07-05 00:06:03 GSD getOne 第 1 次 等待 1 秒
2021-07-05 00:06:04 查询号码 【1736019】，返回信息 {"status":"ok","msg":"四川-成都","time_insert":"2018-02-20 20:06","time_update":"2020-10-28 19:41"}
2021-07-05 00:06:04 查询号码 【1736019】，GSD为【"四川-成都"】

2021-07-05 00:06:04 开始第 11 次操作

2021-07-05 00:06:04 开始操作号码 【1736020】
2021-07-05 00:06:10 GSD getOne 第 1 次 等待 1 秒
2021-07-05 00:06:11 查询号码 【1736020】，返回信息 {"status":"bad","msg":""}
2021-07-05 00:06:11 查询号码 【1736020】，GSD为【""】
2021-07-05 00:06:11 bad
2021-07-05 00:06:14 CHB 1736020?1625414771 第 1 次 等待 1 秒
2021-07-05 00:06:15 CHB 1736020?1625414771 第 1 次 获取到号码【1736020】GSD
2021-07-05 00:06:15 获取到号码【1736020】的GSD为【四川-成都】
2021-07-05 00:06:23 GSD insert 第 1 次 等待 1 秒
2021-07-05 00:06:24 {"status":"ok","msg":"添加成功！194030"}
2021-07-05 00:06:24 下次操作: 2021-07-05 00:06:35

2021-07-05 00:06:35 开始第 12 次操作

2021-07-05 00:06:35 开始操作号码 【1736021】
2021-07-05 00:06:40 GSD getOne 第 1 次 等待 1 秒
2021-07-05 00:06:41 查询号码 【1736021】，返回信息 {"status":"bad","msg":""}
2021-07-05 00:06:41 查询号码 【1736021】，GSD为【""】
2021-07-05 00:06:41 bad
2021-07-05 00:06:45 CHB 1736021?1625414801 第 1 次 等待 1 秒
2021-07-05 00:06:46 CHB 1736021?1625414801 第 1 次 获取到号码【1736021】GSD
2021-07-05 00:06:46 获取到号码【1736021】的GSD为【四川-成都】
2021-07-05 00:06:52 GSD insert 第 1 次 等待 1 秒
2021-07-05 00:06:53 {"status":"ok","msg":"添加成功！194035"}
2021-07-05 00:06:53 下次操作: 2021-07-05 00:07:05

2021-07-05 00:07:05 开始第 13 次操作

2021-07-05 00:07:05 开始操作号码 【1736022】
2021-07-05 00:07:09 GSD getOne 第 1 次 等待 1 秒
2021-07-05 00:07:10 查询号码 【1736022】，返回信息 {"status":"bad","msg":""}
2021-07-05 00:07:11 查询号码 【1736022】，GSD为【""】
2021-07-05 00:07:11 bad
2021-07-05 00:07:15 CHB 1736022?1625414831 第 1 次 等待 1 秒
2021-07-05 00:07:16 CHB 1736022?1625414831 第 1 次 获取到号码【1736022】GSD
2021-07-05 00:07:16 获取到号码【1736022】的GSD为【四川-成都】
2021-07-05 00:07:20 GSD insert 第 1 次 等待 1 秒
2021-07-05 00:07:21 {"status":"ok","msg":"添加成功！194040"}
2021-07-05 00:07:21 下次操作: 2021-07-05 00:07:37

2021-07-05 00:07:37 开始第 14 次操作

2021-07-05 00:07:37 开始操作号码 【1736023】
2021-07-05 00:07:44 GSD getOne 第 1 次 等待 1 秒
2021-07-05 00:07:45 查询号码 【1736023】，返回信息 {"status":"bad","msg":""}
2021-07-05 00:07:45 查询号码 【1736023】，GSD为【""】
2021-07-05 00:07:45 bad
2021-07-05 00:07:47 CHB 1736023?1625414865 第 1 次 等待 1 秒
2021-07-05 00:07:48 CHB 1736023?1625414865 第 1 次 获取到号码【1736023】GSD
2021-07-05 00:07:48 获取到号码【1736023】的GSD为【四川-成都】
2021-07-05 00:08:08 GSD insert 第 1 次 等待 1 秒
2021-07-05 00:08:09 {"status":"ok","msg":"添加成功！194045"}
2021-07-05 00:08:09 下次操作: 2021-07-05 00:08:17

2021-07-05 00:08:17 开始第 15 次操作

2021-07-05 00:08:17 开始操作号码 【1736024】
2021-07-05 00:08:31 GSD getOne 第 1 次 等待 1 秒
2021-07-05 00:08:32 查询号码 【1736024】，返回信息 {"status":"bad","msg":""}
2021-07-05 00:08:32 查询号码 【1736024】，GSD为【""】
2021-07-05 00:08:32 bad
2021-07-05 00:08:35 CHB 1736024?1625414912 第 1 次 等待 1 秒
2021-07-05 00:08:36 CHB 1736024?1625414912 第 1 次 获取到号码【1736024】GSD
2021-07-05 00:08:36 获取到号码【1736024】的GSD为【四川-成都】
2021-07-05 00:08:56 GSD insert 第 1 次 等待 1 秒
2021-07-05 00:08:57 {"status":"ok","msg":"添加成功！194051"}
2021-07-05 00:08:57 下次操作: 2021-07-05 00:09:08

2021-07-05 00:09:08 开始第 16 次操作

2021-07-05 00:09:08 开始操作号码 【1736025】
2021-07-05 00:09:24 GSD getOne 第 1 次 等待 1 秒
2021-07-05 00:09:25 查询号码 【1736025】，返回信息 {"status":"bad","msg":""}
2021-07-05 00:09:25 查询号码 【1736025】，GSD为【""】
2021-07-05 00:09:25 bad
2021-07-05 00:09:27 CHB 1736025?1625414965 第 1 次 等待 1 秒
2021-07-05 00:09:28 CHB 1736025?1625414965 第 1 次 获取到号码【1736025】GSD
2021-07-05 00:09:28 获取到号码【1736025】的GSD为【四川-成都】
2021-07-05 00:09:47 GSD insert 第 1 次 等待 1 秒
2021-07-05 00:09:48 {"status":"ok","msg":"添加成功！194055"}
2021-07-05 00:09:48 下次操作: 2021-07-05 00:10:05

2021-07-05 00:10:05 开始第 17 次操作

2021-07-05 00:10:05 开始操作号码 【1736026】
2021-07-05 00:10:09 GSD getOne 第 1 次 等待 1 秒
2021-07-05 00:10:10 查询号码 【1736026】，返回信息 {"status":"bad","msg":""}
2021-07-05 00:10:10 查询号码 【1736026】，GSD为【""】
2021-07-05 00:10:10 bad
2021-07-05 00:10:16 CHB 1736026?1625415010 第 1 次 等待 1 秒
2021-07-05 00:10:17 CHB 1736026?1625415010 第 1 次 获取到号码【1736026】GSD
2021-07-05 00:10:17 获取到号码【1736026】的GSD为【四川-成都】
2021-07-05 00:10:36 GSD insert 第 1 次 等待 1 秒
2021-07-05 00:10:37 {"status":"ok","msg":"添加成功！194063"}
2021-07-05 00:10:37 下次操作: 2021-07-05 00:10:49

2021-07-05 00:10:49 开始第 18 次操作

2021-07-05 00:10:49 开始操作号码 【1736027】
2021-07-05 00:10:56 GSD getOne 第 1 次 等待 1 秒
2021-07-05 00:10:57 查询号码 【1736027】，返回信息 {"status":"bad","msg":""}
2021-07-05 00:10:57 查询号码 【1736027】，GSD为【""】
2021-07-05 00:10:57 bad
2021-07-05 00:11:00 CHB 1736027?1625415057 第 1 次 等待 1 秒
2021-07-05 00:11:01 CHB 1736027?1625415057 第 1 次 获取到号码【1736027】GSD
2021-07-05 00:11:01 获取到号码【1736027】的GSD为【四川-成都】
2021-07-05 00:11:20 GSD insert 第 1 次 等待 1 秒
2021-07-05 00:11:21 {"status":"ok","msg":"添加成功！194067"}
2021-07-05 00:11:21 下次操作: 2021-07-05 00:11:31

2021-07-05 00:11:31 开始第 19 次操作

2021-07-05 00:11:31 开始操作号码 【1736028】
2021-07-05 00:11:44 GSD getOne 第 1 次 等待 1 秒
2021-07-05 00:11:45 查询号码 【1736028】，返回信息 {"status":"bad","msg":""}
2021-07-05 00:11:45 查询号码 【1736028】，GSD为【""】
2021-07-05 00:11:45 bad
2021-07-05 00:11:47 CHB 1736028?1625415105 第 1 次 等待 1 秒
2021-07-05 00:11:48 CHB 1736028?1625415105 第 1 次 获取到号码【1736028】GSD
2021-07-05 00:11:48 获取到号码【1736028】的GSD为【四川-成都】
2021-07-05 00:12:09 GSD insert 第 1 次 等待 1 秒
2021-07-05 00:12:10 {"status":"ok","msg":"添加成功！194073"}
2021-07-05 00:12:10 下次操作: 2021-07-05 00:12:26

2021-07-05 00:12:26 开始第 20 次操作

2021-07-05 00:12:26 开始操作号码 【1736029】
2021-07-05 00:12:30 GSD getOne 第 1 次 等待 1 秒
2021-07-05 00:12:31 查询号码 【1736029】，返回信息 {"status":"bad","msg":""}
2021-07-05 00:12:31 查询号码 【1736029】，GSD为【""】
2021-07-05 00:12:31 bad
2021-07-05 00:12:32 CHB 1736029?1625415151 第 1 次 等待 1 秒
2021-07-05 00:12:33 CHB 1736029?1625415151 第 1 次 获取到号码【1736029】GSD
2021-07-05 00:12:34 获取到号码【1736029】的GSD为【四川-成都】
2021-07-05 00:12:56 GSD insert 第 1 次 等待 1 秒
2021-07-05 00:12:57 {"status":"ok","msg":"添加成功！194076"}
2021-07-05 00:12:57 下次操作: 2021-07-05 00:13:03

2021-07-05 00:13:03 开始第 21 次操作

2021-07-05 00:13:03 开始操作号码 【1736030】
2021-07-05 00:13:27 GSD getOne 第 1 次 等待 1 秒
2021-07-05 00:13:28 查询号码 【1736030】，返回信息 {"status":"ok","msg":"四川-乐山","time_insert":"2018-12-20 11:10","time_update":"2020-10-28 19:44"}
2021-07-05 00:13:28 查询号码 【1736030】，GSD为【"四川-乐山"】

2021-07-05 00:13:28 开始第 21 次操作

2021-07-05 00:13:28 开始操作号码 【1736031】
2021-07-05 00:13:48 GSD getOne 第 1 次 等待 1 秒
2021-07-05 00:13:49 查询号码 【1736031】，返回信息 {"status":"ok","msg":"四川-乐山","time_insert":"2019-07-06 15:48","time_update":"2020-10-28 19:49"}
2021-07-05 00:13:49 查询号码 【1736031】，GSD为【"四川-乐山"】

2021-07-05 00:13:49 开始第 21 次操作

2021-07-05 00:13:49 开始操作号码 【1736032】
2021-07-05 00:14:08 GSD getOne 第 1 次 等待 1 秒
2021-07-05 00:14:09 查询号码 【1736032】，返回信息 {"status":"bad","msg":""}
2021-07-05 00:14:09 查询号码 【1736032】，GSD为【""】
2021-07-05 00:14:09 bad
2021-07-05 00:14:12 CHB 1736032?1625415249 第 1 次 等待 1 秒
2021-07-05 00:14:13 CHB 1736032?1625415249 第 1 次 获取到号码【1736032】GSD
2021-07-05 00:14:13 获取到号码【1736032】的GSD为【四川-乐山】
2021-07-05 00:14:32 GSD insert 第 1 次 等待 1 秒
2021-07-05 00:14:33 {"status":"ok","msg":"添加成功！194084"}
2021-07-05 00:14:33 下次操作: 2021-07-05 00:14:49

2021-07-05 00:14:49 开始第 22 次操作

2021-07-05 00:14:49 开始操作号码 【1736033】
2021-07-05 00:14:53 GSD getOne 第 1 次 等待 1 秒
2021-07-05 00:14:54 查询号码 【1736033】，返回信息 {"status":"bad","msg":""}
2021-07-05 00:14:54 查询号码 【1736033】，GSD为【""】
2021-07-05 00:14:54 bad
2021-07-05 00:14:57 CHB 1736033?1625415294 第 1 次 等待 1 秒
2021-07-05 00:14:58 CHB 1736033?1625415294 第 1 次 获取到号码【1736033】GSD
2021-07-05 00:14:58 获取到号码【1736033】的GSD为【四川-乐山】
2021-07-05 00:15:18 GSD insert 第 1 次 等待 1 秒
2021-07-05 00:15:19 {"status":"ok","msg":"添加成功！194089"}
2021-07-05 00:15:19 下次操作: 2021-07-05 00:15:37

2021-07-05 00:15:37 开始第 23 次操作

2021-07-05 00:15:37 开始操作号码 【1736034】
2021-07-05 00:15:41 GSD getOne 第 1 次 等待 1 秒
2021-07-05 00:15:42 查询号码 【1736034】，返回信息 {"status":"bad","msg":""}
2021-07-05 00:15:42 查询号码 【1736034】，GSD为【""】
2021-07-05 00:15:42 bad
2021-07-05 00:15:44 CHB 1736034?1625415342 第 1 次 等待 1 秒
2021-07-05 00:15:45 CHB 1736034?1625415342 第 1 次 获取到号码【1736034】GSD
2021-07-05 00:15:45 获取到号码【1736034】的GSD为【四川-乐山】
2021-07-05 00:16:08 GSD insert 第 1 次 等待 1 秒
2021-07-05 00:16:09 {"status":"ok","msg":"添加成功！194096"}
2021-07-05 00:16:09 下次操作: 2021-07-05 00:16:17

2021-07-05 00:16:17 开始第 24 次操作

2021-07-05 00:16:17 开始操作号码 【1736035】
2021-07-05 00:16:37 GSD getOne 第 1 次 等待 1 秒
2021-07-05 00:16:38 查询号码 【1736035】，返回信息 {"status":"bad","msg":""}
2021-07-05 00:16:39 查询号码 【1736035】，GSD为【""】
2021-07-05 00:16:39 bad
2021-07-05 00:16:40 CHB 1736035?1625415399 第 1 次 等待 1 秒
2021-07-05 00:16:41 CHB 1736035?1625415399 第 1 次 获取到号码【1736035】GSD
2021-07-05 00:16:41 获取到号码【1736035】的GSD为【四川-乐山】
2021-07-05 00:17:01 GSD insert 第 1 次 等待 1 秒
2021-07-05 00:17:02 {"status":"ok","msg":"添加成功！194102"}
2021-07-05 00:17:02 下次操作: 2021-07-05 00:17:13

2021-07-05 00:17:13 开始第 25 次操作

2021-07-05 00:17:13 开始操作号码 【1736036】
2021-07-05 00:17:26 GSD getOne 第 1 次 等待 1 秒
2021-07-05 00:17:27 查询号码 【1736036】，返回信息 {"status":"ok","msg":"四川-乐山","time_insert":"2018-06-15 23:09","time_update":"2020-10-28 19:49"}
2021-07-05 00:17:27 查询号码 【1736036】，GSD为【"四川-乐山"】

2021-07-05 00:17:27 开始第 25 次操作

2021-07-05 00:17:27 开始操作号码 【1736037】
2021-07-05 00:17:47 GSD getOne 第 1 次 等待 1 秒
2021-07-05 00:17:48 查询号码 【1736037】，返回信息 {"status":"ok","msg":"四川-乐山","time_insert":"2020-04-16 09:29","time_update":"2020-10-28 19:53"}
2021-07-05 00:17:48 查询号码 【1736037】，GSD为【"四川-乐山"】

2021-07-05 00:17:48 开始第 25 次操作

2021-07-05 00:17:48 开始操作号码 【1736038】
2021-07-05 00:18:07 GSD getOne 第 1 次 等待 1 秒
2021-07-05 00:18:08 查询号码 【1736038】，返回信息 {"status":"bad","msg":""}
2021-07-05 00:18:08 查询号码 【1736038】，GSD为【""】
2021-07-05 00:18:08 bad
2021-07-05 00:18:10 CHB 1736038?1625415488 第 1 次 等待 1 秒
2021-07-05 00:18:11 CHB 1736038?1625415488 第 1 次 获取到号码【1736038】GSD
2021-07-05 00:18:11 获取到号码【1736038】的GSD为【四川-凉山】
2021-07-05 00:18:31 GSD insert 第 1 次 等待 1 秒
2021-07-05 00:18:32 {"status":"ok","msg":"添加成功！194110"}
2021-07-05 00:18:32 下次操作: 2021-07-05 00:18:47

2021-07-05 00:18:47 开始第 26 次操作

2021-07-05 00:18:47 开始操作号码 【1736039】
2021-07-05 00:18:50 GSD getOne 第 1 次 等待 1 秒
2021-07-05 00:18:51 查询号码 【1736039】，返回信息 {"status":"bad","msg":""}
2021-07-05 00:18:52 查询号码 【1736039】，GSD为【""】
2021-07-05 00:18:52 bad
2021-07-05 00:18:54 CHB 1736039?1625415532 第 1 次 等待 1 秒
2021-07-05 00:18:55 CHB 1736039?1625415532 第 1 次 获取到号码【1736039】GSD
2021-07-05 00:18:55 获取到号码【1736039】的GSD为【四川-凉山】
2021-07-05 00:19:17 GSD insert 第 1 次 等待 1 秒
2021-07-05 00:19:18 {"status":"ok","msg":"添加成功！194114"}
2021-07-05 00:19:18 下次操作: 2021-07-05 00:19:28

2021-07-05 00:19:28 开始第 27 次操作

2021-07-05 00:19:28 开始操作号码 【1736040】
2021-07-05 00:19:45 GSD getOne 第 1 次 等待 1 秒
2021-07-05 00:19:46 查询号码 【1736040】，返回信息 {"status":"bad","msg":""}
2021-07-05 00:19:46 查询号码 【1736040】，GSD为【""】
2021-07-05 00:19:46 bad
2021-07-05 00:19:48 CHB 1736040?1625415586 第 1 次 等待 1 秒
2021-07-05 00:19:49 CHB 1736040?1625415586 第 1 次 获取到号码【1736040】GSD
2021-07-05 00:19:49 获取到号码【1736040】的GSD为【四川-泸州】
2021-07-05 00:20:09 GSD insert 第 1 次 等待 1 秒
2021-07-05 00:20:10 {"status":"ok","msg":"添加成功！194119"}
2021-07-05 00:20:10 下次操作: 2021-07-05 00:20:20

2021-07-05 00:20:20 开始第 28 次操作

2021-07-05 00:20:20 开始操作号码 【1736041】
2021-07-05 00:20:33 GSD getOne 第 1 次 等待 1 秒
2021-07-05 00:20:34 查询号码 【1736041】，返回信息 {"status":"ok","msg":"四川-泸州","time_insert":"2018-12-03 14:50","time_update":"2020-10-28 19:56"}
2021-07-05 00:20:34 查询号码 【1736041】，GSD为【"四川-泸州"】

2021-07-05 00:20:34 开始第 28 次操作

2021-07-05 00:20:34 开始操作号码 【1736042】
2021-07-05 00:20:54 GSD getOne 第 1 次 等待 1 秒
2021-07-05 00:20:55 查询号码 【1736042】，返回信息 {"status":"bad","msg":""}
2021-07-05 00:20:55 查询号码 【1736042】，GSD为【""】
2021-07-05 00:20:55 bad
2021-07-05 00:20:58 CHB 1736042?1625415655 第 1 次 等待 1 秒
2021-07-05 00:20:59 CHB 1736042?1625415655 第 1 次 获取到号码【1736042】GSD
2021-07-05 00:20:59 获取到号码【1736042】的GSD为【四川-泸州】
2021-07-05 00:21:18 GSD insert 第 1 次 等待 1 秒
2021-07-05 00:21:19 {"status":"ok","msg":"添加成功！194124"}
2021-07-05 00:21:19 下次操作: 2021-07-05 00:21:30

2021-07-05 00:21:30 开始第 29 次操作

2021-07-05 00:21:30 开始操作号码 【1736043】
2021-07-05 00:21:41 GSD getOne 第 1 次 等待 1 秒
2021-07-05 00:21:42 查询号码 【1736043】，返回信息 {"status":"ok","msg":"四川-泸州","time_insert":"2018-12-07 16:48","time_update":"2020-10-28 20:00"}
2021-07-05 00:21:42 查询号码 【1736043】，GSD为【"四川-泸州"】

2021-07-05 00:21:42 开始第 29 次操作

2021-07-05 00:21:42 开始操作号码 【1736044】
2021-07-05 00:22:01 GSD getOne 第 1 次 等待 1 秒
2021-07-05 00:22:03 查询号码 【1736044】，返回信息 {"status":"ok","msg":"四川-泸州","time_insert":"2018-12-06 13:07","time_update":"2020-10-28 20:05"}
2021-07-05 00:22:03 查询号码 【1736044】，GSD为【"四川-泸州"】

2021-07-05 00:22:03 开始第 29 次操作

2021-07-05 00:22:03 开始操作号码 【1736045】
2021-07-05 00:22:22 GSD getOne 第 1 次 等待 1 秒
2021-07-05 00:22:23 查询号码 【1736045】，返回信息 {"status":"ok","msg":"四川-泸州","time_insert":"2018-08-18 17:54","time_update":"2020-10-28 20:09"}
2021-07-05 00:22:23 查询号码 【1736045】，GSD为【"四川-泸州"】

2021-07-05 00:22:23 开始第 29 次操作

2021-07-05 00:22:23 开始操作号码 【1736046】
2021-07-05 00:22:44 GSD getOne 第 1 次 等待 1 秒
2021-07-05 00:22:45 查询号码 【1736046】，返回信息 {"status":"bad","msg":""}
2021-07-05 00:22:45 查询号码 【1736046】，GSD为【""】
2021-07-05 00:22:45 bad
2021-07-05 00:22:49 CHB 1736046?1625415765 第 1 次 等待 1 秒
2021-07-05 00:22:50 CHB 1736046?1625415765 第 1 次 获取到号码【1736046】GSD
2021-07-05 00:22:50 获取到号码【1736046】的GSD为【四川-泸州】
2021-07-05 00:23:18 GSD insert 第 1 次 等待 1 秒
2021-07-05 00:23:19 {"status":"ok","msg":"添加成功！194131"}
2021-07-05 00:23:19 下次操作: 2021-07-05 00:23:34

2021-07-05 00:23:34 开始第 30 次操作

2021-07-05 00:23:34 开始操作号码 【1736047】
2021-07-05 00:23:38 GSD getOne 第 1 次 等待 1 秒
2021-07-05 00:23:39 查询号码 【1736047】，返回信息 {"status":"ok","msg":"四川-泸州","time_insert":"2018-07-26 23:20","time_update":"2020-10-28 20:12"}
2021-07-05 00:23:39 查询号码 【1736047】，GSD为【"四川-泸州"】

2021-07-05 00:23:39 开始第 30 次操作

2021-07-05 00:23:39 开始操作号码 【1736048】
2021-07-05 00:23:59 GSD getOne 第 1 次 等待 1 秒
2021-07-05 00:24:00 查询号码 【1736048】，返回信息 {"status":"bad","msg":""}
2021-07-05 00:24:00 查询号码 【1736048】，GSD为【""】
2021-07-05 00:24:00 bad
2021-07-05 00:24:07 CHB 1736048?1625415840 第 1 次 等待 1 秒
2021-07-05 00:24:08 CHB 1736048?1625415840 第 1 次 获取到号码【1736048】GSD
2021-07-05 00:24:08 获取到号码【1736048】的GSD为【四川-泸州】
2021-07-05 00:24:19 GSD insert 第 1 次 等待 1 秒
2021-07-05 00:24:20 {"status":"ok","msg":"添加成功！194133"}

