2024-10-07 00:21:13 开始第 8345 次操作

2024-10-07 00:21:13 开始操作号码 【1458344】
2024-10-07 00:21:16 GSD getOne 第 1 次 等待 3 秒
2024-10-07 00:21:19 查询号码 【1458344】，返回信息 {"status":"ok","msg":"江西-抚州","gid":"102980","time_insert":"2021-06-18 09:49"}
2024-10-07 00:21:19 查询号码 【1458344】，GSD为【"江西-抚州"】

2024-10-07 00:21:20 开始第 8346 次操作

2024-10-07 00:21:20 开始操作号码 【1458345】
2024-10-07 00:21:22 GSD getOne 第 1 次 等待 3 秒
2024-10-07 00:21:25 查询号码 【1458345】，返回信息 {"status":"ok","msg":"江西-景德镇","gid":"102989","time_insert":"2021-06-18 09:54"}
2024-10-07 00:21:25 查询号码 【1458345】，GSD为【"江西-景德镇"】

2024-10-07 00:21:26 开始第 8347 次操作

2024-10-07 00:21:26 开始操作号码 【1458346】
2024-10-07 00:21:30 GSD getOne 第 1 次 等待 3 秒
2024-10-07 00:21:33 查询号码 【1458346】，返回信息 {"status":"ok","msg":"江西-景德镇","gid":"102995","time_insert":"2021-06-18 10:00"}
2024-10-07 00:21:33 查询号码 【1458346】，GSD为【"江西-景德镇"】

2024-10-07 00:21:34 开始第 8348 次操作

2024-10-07 00:21:34 开始操作号码 【1458347】
2024-10-07 00:21:36 GSD getOne 第 1 次 等待 3 秒
2024-10-07 00:21:39 查询号码 【1458347】，返回信息 {"status":"ok","msg":"江西-景德镇","gid":"103000","time_insert":"2021-06-18 10:04"}
2024-10-07 00:21:39 查询号码 【1458347】，GSD为【"江西-景德镇"】

