2024-03-12 00:09:31 开始第 8565 次操作

2024-03-12 00:09:31 开始操作号码 【1788474】
2024-03-12 00:09:36 GSD getOne 第 1 次 等待 3 秒
2024-03-12 00:09:39 查询号码 【1788474】，返回信息 {"status":"ok","msg":"河南-南阳","gid":"269563","time_insert":"2021-07-14 00:00"}
2024-03-12 00:09:39 查询号码 【1788474】，GSD为【"河南-南阳"】

2024-03-12 00:09:40 开始第 8566 次操作

2024-03-12 00:09:40 开始操作号码 【1788475】
2024-03-12 00:09:45 GSD getOne 第 1 次 等待 3 秒
2024-03-12 00:09:48 查询号码 【1788475】，返回信息 {"status":"ok","msg":"河南-南阳","gid":"269558","time_insert":"2021-07-13 23:59"}
2024-03-12 00:09:48 查询号码 【1788475】，GSD为【"河南-南阳"】

2024-03-12 00:09:49 开始第 8567 次操作

2024-03-12 00:09:49 开始操作号码 【1788476】
2024-03-12 00:09:53 GSD getOne 第 1 次 等待 3 秒
2024-03-12 00:09:56 查询号码 【1788476】，返回信息 {"status":"ok","msg":"河南-南阳","gid":"269556","time_insert":"2021-07-13 23:59"}
2024-03-12 00:09:56 查询号码 【1788476】，GSD为【"河南-南阳"】

2024-03-12 00:09:57 开始第 8568 次操作

2024-03-12 00:09:57 开始操作号码 【1788477】
2024-03-12 00:10:01 GSD getOne 第 1 次 等待 3 秒
2024-03-12 00:10:04 查询号码 【1788477】，返回信息 {"status":"ok","msg":"河南-南阳","gid":"269550","time_insert":"2021-07-13 23:59"}
2024-03-12 00:10:04 查询号码 【1788477】，GSD为【"河南-南阳"】

2024-03-12 00:34:33 开始第 8569 次操作

2024-03-12 00:34:33 开始操作号码 【1788478】
2024-03-12 00:34:37 GSD getOne 第 1 次 等待 3 秒
2024-03-12 00:34:40 查询号码 【1788478】，返回信息 {"status":"ok","msg":"河南-南阳","gid":"269544","time_insert":"2021-07-13 23:58"}
2024-03-12 00:34:40 查询号码 【1788478】，GSD为【"河南-南阳"】

2024-03-12 00:34:41 开始第 8570 次操作

2024-03-12 00:34:41 开始操作号码 【1788479】
2024-03-12 00:34:48 GSD getOne 第 1 次 等待 3 秒
2024-03-12 00:34:51 查询号码 【1788479】，返回信息 {"status":"ok","msg":"河南-南阳","gid":"269539","time_insert":"2021-07-13 23:58"}
2024-03-12 00:34:51 查询号码 【1788479】，GSD为【"河南-南阳"】

2024-03-12 00:34:52 开始第 8571 次操作

2024-03-12 00:34:52 开始操作号码 【1788480】
2024-03-12 00:34:57 GSD getOne 第 1 次 等待 3 秒
2024-03-12 00:35:00 查询号码 【1788480】，返回信息 {"status":"ok","msg":"河南-驻马店","gid":"269535","time_insert":"2021-07-13 23:57"}
2024-03-12 00:35:00 查询号码 【1788480】，GSD为【"河南-驻马店"】

2024-03-12 00:35:01 开始第 8572 次操作

2024-03-12 00:35:01 开始操作号码 【1788481】
2024-03-12 00:35:07 GSD getOne 第 1 次 等待 3 秒
2024-03-12 00:35:10 查询号码 【1788481】，返回信息 {"status":"ok","msg":"河南-驻马店","gid":"269528","time_insert":"2021-07-13 23:56"}
2024-03-12 00:35:10 查询号码 【1788481】，GSD为【"河南-驻马店"】

