2024-02-17 00:09:43 开始第 4197 次操作

2024-02-17 00:09:43 开始操作号码 【1784106】
2024-02-17 00:09:49 GSD getOne 第 1 次 等待 3 秒
2024-02-17 00:09:52 查询号码 【1784106】，返回信息 {"status":"ok","msg":"广东-深圳","gid":"318491","time_insert":"2021-07-18 19:59"}
2024-02-17 00:09:52 查询号码 【1784106】，GSD为【"广东-深圳"】

2024-02-17 00:09:53 开始第 4198 次操作

2024-02-17 00:09:53 开始操作号码 【1784107】
2024-02-17 00:09:58 GSD getOne 第 1 次 等待 3 秒
2024-02-17 00:10:01 查询号码 【1784107】，返回信息 {"status":"ok","msg":"广东-深圳","gid":"318484","time_insert":"2021-07-18 19:58"}
2024-02-17 00:10:01 查询号码 【1784107】，GSD为【"广东-深圳"】

2024-02-17 00:10:02 开始第 4199 次操作

2024-02-17 00:10:02 开始操作号码 【1784108】
2024-02-17 00:10:08 GSD getOne 第 1 次 等待 3 秒
2024-02-17 00:10:11 查询号码 【1784108】，返回信息 {"status":"ok","msg":"广东-深圳","gid":"318473","time_insert":"2021-07-18 19:58"}
2024-02-17 00:10:11 查询号码 【1784108】，GSD为【"广东-深圳"】

2024-02-17 00:10:12 开始第 4200 次操作

2024-02-17 00:10:12 开始操作号码 【1784109】
2024-02-17 00:10:20 GSD getOne 第 1 次 等待 3 秒
2024-02-17 00:10:23 查询号码 【1784109】，返回信息 {"status":"ok","msg":"广东-深圳","gid":"318465","time_insert":"2021-07-18 19:57"}
2024-02-17 00:10:23 查询号码 【1784109】，GSD为【"广东-深圳"】

