2024-10-20 00:25:12 开始第 417 次操作

2024-10-20 00:25:12 开始操作号码 【1340416】
2024-10-20 00:25:13 GSD getOne 第 1 次 等待 3 秒
2024-10-20 00:25:16 查询号码 【1340416】，返回信息 {"status":"ok","msg":"江苏-南京","gid":"56993","time_insert":"2021-05-06 06:15"}
2024-10-20 00:25:16 查询号码 【1340416】，GSD为【"江苏-南京"】

2024-10-20 00:25:17 开始第 418 次操作

2024-10-20 00:25:17 开始操作号码 【1340417】
2024-10-20 00:25:19 GSD getOne 第 1 次 等待 3 秒
2024-10-20 00:25:22 查询号码 【1340417】，返回信息 {"status":"ok","msg":"江苏-南京","gid":"57005","time_insert":"2021-05-06 08:55"}
2024-10-20 00:25:22 查询号码 【1340417】，GSD为【"江苏-南京"】

2024-10-20 00:25:23 开始第 419 次操作

2024-10-20 00:25:23 开始操作号码 【1340418】
2024-10-20 00:25:24 GSD getOne 第 1 次 等待 3 秒
2024-10-20 00:25:27 查询号码 【1340418】，返回信息 {"status":"ok","msg":"江苏-连云港","gid":"57019","time_insert":"2021-05-06 11:32"}
2024-10-20 00:25:27 查询号码 【1340418】，GSD为【"江苏-连云港"】

2024-10-20 00:25:28 开始第 420 次操作

2024-10-20 00:25:28 开始操作号码 【1340419】
2024-10-20 00:25:29 GSD getOne 第 1 次 等待 3 秒
2024-10-20 00:25:32 查询号码 【1340419】，返回信息 {"status":"ok","msg":"江苏-宿迁","gid":"57024","time_insert":"2021-05-06 12:35"}
2024-10-20 00:25:32 查询号码 【1340419】，GSD为【"江苏-宿迁"】

