2024-09-11 00:42:39 开始第 3925 次操作

2024-09-11 00:42:39 开始操作号码 【1453924】
2024-09-11 00:42:47 GSD getOne 第 1 次 等待 3 秒
2024-09-11 00:42:50 查询号码 【1453924】，返回信息 {"status":"ok","msg":"广东-深圳","gid":"78878","time_insert":"2021-06-03 22:11"}
2024-09-11 00:42:50 查询号码 【1453924】，GSD为【"广东-深圳"】

2024-09-11 00:42:51 开始第 3926 次操作

2024-09-11 00:42:51 开始操作号码 【1453925】
2024-09-11 00:42:59 GSD getOne 第 1 次 等待 3 秒
2024-09-11 00:43:02 查询号码 【1453925】，返回信息 {"status":"ok","msg":"广东-深圳","gid":"78883","time_insert":"2021-06-03 22:15"}
2024-09-11 00:43:02 查询号码 【1453925】，GSD为【"广东-深圳"】

2024-09-11 00:43:03 开始第 3927 次操作

2024-09-11 00:43:03 开始操作号码 【1453926】
2024-09-11 00:43:11 GSD getOne 第 1 次 等待 3 秒
2024-09-11 00:43:14 查询号码 【1453926】，返回信息 {"status":"ok","msg":"广东-深圳","gid":"78888","time_insert":"2021-06-03 22:20"}
2024-09-11 00:43:14 查询号码 【1453926】，GSD为【"广东-深圳"】

2024-09-11 00:43:15 开始第 3928 次操作

2024-09-11 00:43:15 开始操作号码 【1453927】
2024-09-11 00:43:23 GSD getOne 第 1 次 等待 3 秒
2024-09-11 00:43:26 查询号码 【1453927】，返回信息 {"status":"ok","msg":"广东-深圳","gid":"78891","time_insert":"2021-06-03 22:23"}
2024-09-11 00:43:26 查询号码 【1453927】，GSD为【"广东-深圳"】

2024-09-11 01:15:40 开始第 3929 次操作

2024-09-11 01:15:40 开始操作号码 【1453928】
2024-09-11 01:15:48 GSD getOne 第 1 次 等待 3 秒
2024-09-11 01:15:51 查询号码 【1453928】，返回信息 {"status":"ok","msg":"广东-深圳","gid":"78893","time_insert":"2021-06-03 22:27"}
2024-09-11 01:15:51 查询号码 【1453928】，GSD为【"广东-深圳"】

2024-09-11 01:15:52 开始第 3930 次操作

2024-09-11 01:15:52 开始操作号码 【1453929】
2024-09-11 01:16:00 GSD getOne 第 1 次 等待 3 秒
2024-09-11 01:16:03 查询号码 【1453929】，返回信息 {"status":"ok","msg":"广东-深圳","gid":"78896","time_insert":"2021-06-03 22:30"}
2024-09-11 01:16:03 查询号码 【1453929】，GSD为【"广东-深圳"】

2024-09-11 01:16:04 开始第 3931 次操作

2024-09-11 01:16:04 开始操作号码 【1453930】
2024-09-11 01:16:12 GSD getOne 第 1 次 等待 3 秒
2024-09-11 01:16:15 查询号码 【1453930】，返回信息 {"status":"ok","msg":"广东-深圳","gid":"78901","time_insert":"2021-06-03 22:36"}
2024-09-11 01:16:15 查询号码 【1453930】，GSD为【"广东-深圳"】

2024-09-11 01:16:16 开始第 3932 次操作

2024-09-11 01:16:16 开始操作号码 【1453931】
2024-09-11 01:16:23 GSD getOne 第 1 次 等待 3 秒
2024-09-11 01:16:26 查询号码 【1453931】，返回信息 {"status":"ok","msg":"广东-深圳","gid":"78906","time_insert":"2021-06-03 22:40"}
2024-09-11 01:16:27 查询号码 【1453931】，GSD为【"广东-深圳"】

2024-09-11 01:37:44 开始第 3933 次操作

2024-09-11 01:37:44 开始操作号码 【1453932】
2024-09-11 01:37:56 GSD getOne 第 1 次 等待 3 秒
2024-09-11 01:37:59 查询号码 【1453932】，返回信息 {"status":"ok","msg":"广东-佛山","gid":"78909","time_insert":"2021-06-03 22:44"}
2024-09-11 01:37:59 查询号码 【1453932】，GSD为【"广东-佛山"】

2024-09-11 01:38:00 开始第 3934 次操作

2024-09-11 01:38:00 开始操作号码 【1453933】
2024-09-11 01:38:08 GSD getOne 第 1 次 等待 3 秒
2024-09-11 01:38:11 查询号码 【1453933】，返回信息 {"status":"ok","msg":"广东-佛山","gid":"78912","time_insert":"2021-06-03 22:49"}
2024-09-11 01:38:11 查询号码 【1453933】，GSD为【"广东-佛山"】

2024-09-11 01:38:12 开始第 3935 次操作

2024-09-11 01:38:12 开始操作号码 【1453934】
2024-09-11 01:38:20 GSD getOne 第 1 次 等待 3 秒
2024-09-11 01:38:23 查询号码 【1453934】，返回信息 {"status":"ok","msg":"广东-佛山","gid":"78917","time_insert":"2021-06-03 22:55"}
2024-09-11 01:38:23 查询号码 【1453934】，GSD为【"广东-佛山"】

2024-09-11 01:38:24 开始第 3936 次操作

2024-09-11 01:38:24 开始操作号码 【1453935】
2024-09-11 01:38:32 GSD getOne 第 1 次 等待 3 秒
2024-09-11 01:38:35 查询号码 【1453935】，返回信息 {"status":"ok","msg":"广东-佛山","gid":"78921","time_insert":"2021-06-03 22:59"}
2024-09-11 01:38:35 查询号码 【1453935】，GSD为【"广东-佛山"】

