2024-05-04 00:09:31 开始第 7173 次操作

2024-05-04 00:09:31 开始操作号码 【1677083】
2024-05-04 00:09:56 GSD getOne 第 1 次 等待 3 秒
2024-05-04 00:09:59 查询号码 【1677083】，返回信息 {"status":"ok","msg":"天津-天津","gid":"302875","time_insert":"2021-07-17 12:08"}
2024-05-04 00:09:59 查询号码 【1677083】，GSD为【"天津-天津"】

2024-05-04 00:10:00 开始第 7174 次操作

2024-05-04 00:10:00 开始操作号码 【1677084】
2024-05-04 00:10:20 GSD getOne 第 1 次 等待 3 秒
2024-05-04 00:10:23 查询号码 【1677084】，返回信息 {"status":"ok","msg":"天津-天津","gid":"302883","time_insert":"2021-07-17 12:09","time_update":"2021-08-05 15:25"}
2024-05-04 00:10:23 查询号码 【1677084】，GSD为【"天津-天津"】

2024-05-04 00:10:24 开始第 7175 次操作

2024-05-04 00:10:24 开始操作号码 【1677085】
2024-05-04 00:10:32 GSD getOne 第 1 次 等待 3 秒
2024-05-04 00:10:35 查询号码 【1677085】，返回信息 {"status":"ok","msg":"天津-天津","gid":"302890","time_insert":"2021-07-17 12:10"}
2024-05-04 00:10:35 查询号码 【1677085】，GSD为【"天津-天津"】

2024-05-04 00:10:36 开始第 7176 次操作

2024-05-04 00:10:36 开始操作号码 【1677086】
2024-05-04 00:10:41 GSD getOne 第 1 次 等待 3 秒
2024-05-04 00:10:44 查询号码 【1677086】，返回信息 {"status":"ok","msg":"天津-天津","gid":"302895","time_insert":"2021-07-17 12:11"}
2024-05-04 00:10:44 查询号码 【1677086】，GSD为【"天津-天津"】

2024-05-04 00:35:50 开始第 7177 次操作

2024-05-04 00:35:50 开始操作号码 【1677087】
2024-05-04 00:36:00 GSD getOne 第 1 次 等待 3 秒
2024-05-04 00:36:03 查询号码 【1677087】，返回信息 {"status":"ok","msg":"天津-天津","gid":"302906","time_insert":"2021-07-17 12:12"}
2024-05-04 00:36:03 查询号码 【1677087】，GSD为【"天津-天津"】

2024-05-04 00:36:04 开始第 7178 次操作

2024-05-04 00:36:04 开始操作号码 【1677088】
2024-05-04 00:36:15 GSD getOne 第 1 次 等待 3 秒
2024-05-04 00:36:18 查询号码 【1677088】，返回信息 {"status":"ok","msg":"天津-天津","gid":"302911","time_insert":"2021-07-17 12:13"}
2024-05-04 00:36:18 查询号码 【1677088】，GSD为【"天津-天津"】

2024-05-04 00:36:19 开始第 7179 次操作

2024-05-04 00:36:19 开始操作号码 【1677089】
2024-05-04 00:36:31 GSD getOne 第 1 次 等待 3 秒
2024-05-04 00:36:34 查询号码 【1677089】，返回信息 {"status":"ok","msg":"天津-天津","gid":"302917","time_insert":"2021-07-17 12:14"}
2024-05-04 00:36:35 查询号码 【1677089】，GSD为【"天津-天津"】

2024-05-04 00:36:36 开始第 7180 次操作

2024-05-04 00:36:36 开始操作号码 【1677090】
2024-05-04 00:36:51 GSD getOne 第 1 次 等待 3 秒
2024-05-04 00:36:54 查询号码 【1677090】，返回信息 {"status":"ok","msg":"天津-天津","gid":"302922","time_insert":"2021-07-17 12:14"}
2024-05-04 00:36:54 查询号码 【1677090】，GSD为【"天津-天津"】

2024-05-04 01:07:43 开始第 7181 次操作

2024-05-04 01:07:43 开始操作号码 【1677091】
2024-05-04 01:07:55 GSD getOne 第 1 次 等待 3 秒
2024-05-04 01:07:58 查询号码 【1677091】，返回信息 {"status":"ok","msg":"天津-天津","gid":"302927","time_insert":"2021-07-17 12:15"}
2024-05-04 01:07:58 查询号码 【1677091】，GSD为【"天津-天津"】

2024-05-04 01:07:59 开始第 7182 次操作

2024-05-04 01:07:59 开始操作号码 【1677092】
2024-05-04 01:08:04 GSD getOne 第 1 次 等待 3 秒
2024-05-04 01:08:07 查询号码 【1677092】，返回信息 {"status":"ok","msg":"天津-天津","gid":"302931","time_insert":"2021-07-17 12:16"}
2024-05-04 01:08:07 查询号码 【1677092】，GSD为【"天津-天津"】

2024-05-04 01:08:08 开始第 7183 次操作

2024-05-04 01:08:08 开始操作号码 【1677093】
2024-05-04 01:08:14 GSD getOne 第 1 次 等待 3 秒
2024-05-04 01:08:17 查询号码 【1677093】，返回信息 {"status":"ok","msg":"天津-天津","gid":"303029","time_insert":"2021-07-17 12:48"}
2024-05-04 01:08:17 查询号码 【1677093】，GSD为【"天津-天津"】

2024-05-04 01:08:18 开始第 7184 次操作

2024-05-04 01:08:18 开始操作号码 【1677094】
2024-05-04 01:08:28 GSD getOne 第 1 次 等待 3 秒
2024-05-04 01:08:31 查询号码 【1677094】，返回信息 {"status":"ok","msg":"天津-天津","gid":"303032","time_insert":"2021-07-17 12:48"}
2024-05-04 01:08:31 查询号码 【1677094】，GSD为【"天津-天津"】

2024-05-04 01:32:24 开始第 7185 次操作

2024-05-04 01:32:24 开始操作号码 【1677095】
2024-05-04 01:32:29 GSD getOne 第 1 次 等待 3 秒
2024-05-04 01:32:32 查询号码 【1677095】，返回信息 {"status":"ok","msg":"天津-天津","gid":"303037","time_insert":"2021-07-17 12:49"}
2024-05-04 01:32:32 查询号码 【1677095】，GSD为【"天津-天津"】

2024-05-04 01:32:33 开始第 7186 次操作

2024-05-04 01:32:33 开始操作号码 【1677096】
2024-05-04 01:32:38 GSD getOne 第 1 次 等待 3 秒
2024-05-04 01:32:41 查询号码 【1677096】，返回信息 {"status":"ok","msg":"天津-天津","gid":"303041","time_insert":"2021-07-17 12:49"}
2024-05-04 01:32:41 查询号码 【1677096】，GSD为【"天津-天津"】

2024-05-04 01:32:42 开始第 7187 次操作

2024-05-04 01:32:42 开始操作号码 【1677097】
2024-05-04 01:32:48 GSD getOne 第 1 次 等待 3 秒
2024-05-04 01:32:51 查询号码 【1677097】，返回信息 {"status":"ok","msg":"天津-天津","gid":"303050","time_insert":"2021-07-17 12:50"}
2024-05-04 01:32:51 查询号码 【1677097】，GSD为【"天津-天津"】

2024-05-04 01:32:52 开始第 7188 次操作

2024-05-04 01:32:52 开始操作号码 【1677098】
2024-05-04 01:32:58 GSD getOne 第 1 次 等待 3 秒
2024-05-04 01:33:01 查询号码 【1677098】，返回信息 {"status":"ok","msg":"天津-天津","gid":"303055","time_insert":"2021-07-17 12:50"}
2024-05-04 01:33:01 查询号码 【1677098】，GSD为【"天津-天津"】

2024-05-04 02:10:17 开始第 7189 次操作

2024-05-04 02:10:17 开始操作号码 【1677099】
2024-05-04 02:10:23 GSD getOne 第 1 次 等待 3 秒
2024-05-04 02:10:26 查询号码 【1677099】，返回信息 {"status":"ok","msg":"天津-天津","gid":"303063","time_insert":"2021-07-17 12:51"}
2024-05-04 02:10:26 查询号码 【1677099】，GSD为【"天津-天津"】

2024-05-04 02:10:27 开始第 7190 次操作

2024-05-04 02:10:27 开始操作号码 【1677100】
2024-05-04 02:10:33 GSD getOne 第 1 次 等待 3 秒
2024-05-04 02:10:36 查询号码 【1677100】，返回信息 {"status":"ok","msg":"天津-天津","gid":"303074","time_insert":"2021-07-17 12:52"}
2024-05-04 02:10:36 查询号码 【1677100】，GSD为【"天津-天津"】

2024-05-04 02:10:37 开始第 7191 次操作

2024-05-04 02:10:37 开始操作号码 【1677101】
2024-05-04 02:10:45 GSD getOne 第 1 次 等待 3 秒
2024-05-04 02:10:48 查询号码 【1677101】，返回信息 {"status":"ok","msg":"天津-天津","gid":"303082","time_insert":"2021-07-17 12:52"}
2024-05-04 02:10:48 查询号码 【1677101】，GSD为【"天津-天津"】

2024-05-04 02:10:49 开始第 7192 次操作

2024-05-04 02:10:49 开始操作号码 【1677102】
2024-05-04 02:10:56 GSD getOne 第 1 次 等待 3 秒
2024-05-04 02:10:59 查询号码 【1677102】，返回信息 {"status":"ok","msg":"天津-天津","gid":"303090","time_insert":"2021-07-17 12:53"}
2024-05-04 02:10:59 查询号码 【1677102】，GSD为【"天津-天津"】

2024-05-04 02:34:18 开始第 7193 次操作

2024-05-04 02:34:18 开始操作号码 【1677103】
2024-05-04 02:34:26 GSD getOne 第 1 次 等待 3 秒
2024-05-04 02:34:29 查询号码 【1677103】，返回信息 {"status":"ok","msg":"天津-天津","gid":"303100","time_insert":"2021-07-17 12:54"}
2024-05-04 02:34:29 查询号码 【1677103】，GSD为【"天津-天津"】

2024-05-04 02:34:30 开始第 7194 次操作

2024-05-04 02:34:30 开始操作号码 【1677104】
2024-05-04 02:34:36 GSD getOne 第 1 次 等待 3 秒
2024-05-04 02:34:39 查询号码 【1677104】，返回信息 {"status":"ok","msg":"天津-天津","gid":"303113","time_insert":"2021-07-17 12:54"}
2024-05-04 02:34:39 查询号码 【1677104】，GSD为【"天津-天津"】

2024-05-04 02:34:40 开始第 7195 次操作

2024-05-04 02:34:40 开始操作号码 【1677105】
2024-05-04 02:34:48 GSD getOne 第 1 次 等待 3 秒
2024-05-04 02:34:51 查询号码 【1677105】，返回信息 {"status":"ok","msg":"天津-天津","gid":"303122","time_insert":"2021-07-17 12:55"}
2024-05-04 02:34:51 查询号码 【1677105】，GSD为【"天津-天津"】

2024-05-04 02:34:52 开始第 7196 次操作

2024-05-04 02:34:52 开始操作号码 【1677106】
2024-05-04 02:35:07 GSD getOne 第 1 次 等待 3 秒
2024-05-04 02:35:10 查询号码 【1677106】，返回信息 {"status":"ok","msg":"天津-天津","gid":"303130","time_insert":"2021-07-17 12:55"}
2024-05-04 02:35:11 查询号码 【1677106】，GSD为【"天津-天津"】

2024-05-04 03:06:47 开始第 7197 次操作

2024-05-04 03:06:47 开始操作号码 【1677107】
2024-05-04 03:06:56 GSD getOne 第 1 次 等待 3 秒
2024-05-04 03:06:59 查询号码 【1677107】，返回信息 {"status":"ok","msg":"天津-天津","gid":"303137","time_insert":"2021-07-17 12:56"}
2024-05-04 03:06:59 查询号码 【1677107】，GSD为【"天津-天津"】

2024-05-04 03:07:00 开始第 7198 次操作

2024-05-04 03:07:00 开始操作号码 【1677108】
2024-05-04 03:07:08 GSD getOne 第 1 次 等待 3 秒
2024-05-04 03:07:11 查询号码 【1677108】，返回信息 {"status":"ok","msg":"天津-天津","gid":"303150","time_insert":"2021-07-17 12:57"}
2024-05-04 03:07:11 查询号码 【1677108】，GSD为【"天津-天津"】

2024-05-04 03:07:12 开始第 7199 次操作

2024-05-04 03:07:12 开始操作号码 【1677109】
2024-05-04 03:07:19 GSD getOne 第 1 次 等待 3 秒
2024-05-04 03:07:22 查询号码 【1677109】，返回信息 {"status":"ok","msg":"天津-天津","gid":"303160","time_insert":"2021-07-17 12:57"}
2024-05-04 03:07:22 查询号码 【1677109】，GSD为【"天津-天津"】

2024-05-04 03:07:23 开始第 7200 次操作

2024-05-04 03:07:23 开始操作号码 【1677110】
2024-05-04 03:07:29 GSD getOne 第 1 次 等待 3 秒
2024-05-04 03:07:32 查询号码 【1677110】，返回信息 {"status":"ok","msg":"天津-天津","gid":"303168","time_insert":"2021-07-17 12:58"}
2024-05-04 03:07:32 查询号码 【1677110】，GSD为【"天津-天津"】

2024-05-04 03:32:23 开始第 7201 次操作

2024-05-04 03:32:23 开始操作号码 【1677111】
2024-05-04 03:32:30 GSD getOne 第 1 次 等待 3 秒
2024-05-04 03:32:33 查询号码 【1677111】，返回信息 {"status":"ok","msg":"天津-天津","gid":"303176","time_insert":"2021-07-17 12:58"}
2024-05-04 03:32:33 查询号码 【1677111】，GSD为【"天津-天津"】

2024-05-04 03:32:34 开始第 7202 次操作

2024-05-04 03:32:34 开始操作号码 【1677112】
2024-05-04 03:32:39 GSD getOne 第 1 次 等待 3 秒
2024-05-04 03:32:42 查询号码 【1677112】，返回信息 {"status":"ok","msg":"天津-天津","gid":"303185","time_insert":"2021-07-17 12:59"}
2024-05-04 03:32:42 查询号码 【1677112】，GSD为【"天津-天津"】

2024-05-04 03:32:43 开始第 7203 次操作

2024-05-04 03:32:43 开始操作号码 【1677113】
2024-05-04 03:32:53 GSD getOne 第 1 次 等待 3 秒
2024-05-04 03:32:56 查询号码 【1677113】，返回信息 {"status":"ok","msg":"天津-天津","gid":"303196","time_insert":"2021-07-17 13:00"}
2024-05-04 03:32:56 查询号码 【1677113】，GSD为【"天津-天津"】

2024-05-04 03:32:57 开始第 7204 次操作

2024-05-04 03:32:57 开始操作号码 【1677114】
2024-05-04 03:33:07 GSD getOne 第 1 次 等待 3 秒
2024-05-04 03:33:10 查询号码 【1677114】，返回信息 {"status":"ok","msg":"天津-天津","gid":"303203","time_insert":"2021-07-17 13:00"}
2024-05-04 03:33:10 查询号码 【1677114】，GSD为【"天津-天津"】

2024-05-04 04:09:30 开始第 7205 次操作

2024-05-04 04:09:30 开始操作号码 【1677115】
2024-05-04 04:09:39 GSD getOne 第 1 次 等待 3 秒
2024-05-04 04:09:42 查询号码 【1677115】，返回信息 {"status":"ok","msg":"天津-天津","gid":"303212","time_insert":"2021-07-17 13:01"}
2024-05-04 04:09:42 查询号码 【1677115】，GSD为【"天津-天津"】

2024-05-04 04:09:43 开始第 7206 次操作

2024-05-04 04:09:43 开始操作号码 【1677116】
2024-05-04 04:09:48 GSD getOne 第 1 次 等待 3 秒
2024-05-04 04:09:51 查询号码 【1677116】，返回信息 {"status":"ok","msg":"天津-天津","gid":"303221","time_insert":"2021-07-17 13:02"}
2024-05-04 04:09:51 查询号码 【1677116】，GSD为【"天津-天津"】

2024-05-04 04:09:52 开始第 7207 次操作

2024-05-04 04:09:52 开始操作号码 【1677117】
2024-05-04 04:09:57 GSD getOne 第 1 次 等待 3 秒
2024-05-04 04:10:00 查询号码 【1677117】，返回信息 {"status":"ok","msg":"天津-天津","gid":"303232","time_insert":"2021-07-17 13:02"}
2024-05-04 04:10:00 查询号码 【1677117】，GSD为【"天津-天津"】

2024-05-04 04:10:01 开始第 7208 次操作

2024-05-04 04:10:01 开始操作号码 【1677118】
2024-05-04 04:10:08 GSD getOne 第 1 次 等待 3 秒
2024-05-04 04:10:11 查询号码 【1677118】，返回信息 {"status":"ok","msg":"天津-天津","gid":"303240","time_insert":"2021-07-17 13:03"}
2024-05-04 04:10:11 查询号码 【1677118】，GSD为【"天津-天津"】

2024-05-04 04:32:28 开始第 7209 次操作

2024-05-04 04:32:28 开始操作号码 【1677119】
2024-05-04 04:32:34 GSD getOne 第 1 次 等待 3 秒
2024-05-04 04:32:37 查询号码 【1677119】，返回信息 {"status":"ok","msg":"天津-天津","gid":"303250","time_insert":"2021-07-17 13:03"}
2024-05-04 04:32:37 查询号码 【1677119】，GSD为【"天津-天津"】

2024-05-04 04:32:38 开始第 7210 次操作

2024-05-04 04:32:38 开始操作号码 【1677120】
2024-05-04 04:32:45 GSD getOne 第 1 次 等待 3 秒
2024-05-04 04:32:48 查询号码 【1677120】，返回信息 {"status":"ok","msg":"天津-天津","gid":"303259","time_insert":"2021-07-17 13:04"}
2024-05-04 04:32:48 查询号码 【1677120】，GSD为【"天津-天津"】

2024-05-04 04:32:49 开始第 7211 次操作

2024-05-04 04:32:49 开始操作号码 【1677121】
2024-05-04 04:32:59 GSD getOne 第 1 次 等待 3 秒
2024-05-04 04:33:02 查询号码 【1677121】，返回信息 {"status":"ok","msg":"天津-天津","gid":"303271","time_insert":"2021-07-17 13:05"}
2024-05-04 04:33:02 查询号码 【1677121】，GSD为【"天津-天津"】

2024-05-04 04:33:03 开始第 7212 次操作

2024-05-04 04:33:03 开始操作号码 【1677122】
2024-05-04 04:33:10 GSD getOne 第 1 次 等待 3 秒
2024-05-04 04:33:13 查询号码 【1677122】，返回信息 {"status":"ok","msg":"天津-天津","gid":"303280","time_insert":"2021-07-17 13:05"}
2024-05-04 04:33:13 查询号码 【1677122】，GSD为【"天津-天津"】

2024-05-04 05:07:05 开始第 7213 次操作

2024-05-04 05:07:05 开始操作号码 【1677123】
2024-05-04 05:07:10 GSD getOne 第 1 次 等待 3 秒
2024-05-04 05:07:13 查询号码 【1677123】，返回信息 {"status":"ok","msg":"天津-天津","gid":"303293","time_insert":"2021-07-17 13:06"}
2024-05-04 05:07:14 查询号码 【1677123】，GSD为【"天津-天津"】

2024-05-04 05:07:15 开始第 7214 次操作

2024-05-04 05:07:15 开始操作号码 【1677124】
2024-05-04 05:07:22 GSD getOne 第 1 次 等待 3 秒
2024-05-04 05:07:25 查询号码 【1677124】，返回信息 {"status":"ok","msg":"天津-天津","gid":"303300","time_insert":"2021-07-17 13:07"}
2024-05-04 05:07:25 查询号码 【1677124】，GSD为【"天津-天津"】

2024-05-04 05:07:26 开始第 7215 次操作

2024-05-04 05:07:26 开始操作号码 【1677125】
2024-05-04 05:07:33 GSD getOne 第 1 次 等待 3 秒
2024-05-04 05:07:36 查询号码 【1677125】，返回信息 {"status":"ok","msg":"天津-天津","gid":"303311","time_insert":"2021-07-17 13:07"}
2024-05-04 05:07:36 查询号码 【1677125】，GSD为【"天津-天津"】

2024-05-04 05:07:37 开始第 7216 次操作

2024-05-04 05:07:37 开始操作号码 【1677126】
2024-05-04 05:07:48 GSD getOne 第 1 次 等待 3 秒
2024-05-04 05:07:51 查询号码 【1677126】，返回信息 {"status":"ok","msg":"天津-天津","gid":"303317","time_insert":"2021-07-17 13:08"}
2024-05-04 05:07:51 查询号码 【1677126】，GSD为【"天津-天津"】

2024-05-04 05:32:18 开始第 7217 次操作

2024-05-04 05:32:18 开始操作号码 【1677127】
2024-05-04 05:32:27 GSD getOne 第 1 次 等待 3 秒
2024-05-04 05:32:30 查询号码 【1677127】，返回信息 {"status":"ok","msg":"河南-焦作","gid":"303326","time_insert":"2021-07-17 13:08"}
2024-05-04 05:32:30 查询号码 【1677127】，GSD为【"河南-焦作"】

2024-05-04 05:32:31 开始第 7218 次操作

2024-05-04 05:32:31 开始操作号码 【1677128】
2024-05-04 05:32:43 GSD getOne 第 1 次 等待 3 秒
2024-05-04 05:32:46 查询号码 【1677128】，返回信息 {"status":"ok","msg":"河南-焦作","gid":"303336","time_insert":"2021-07-17 13:09"}
2024-05-04 05:32:46 查询号码 【1677128】，GSD为【"河南-焦作"】

2024-05-04 05:32:47 开始第 7219 次操作

2024-05-04 05:32:47 开始操作号码 【1677129】
2024-05-04 05:32:54 GSD getOne 第 1 次 等待 3 秒
2024-05-04 05:32:57 查询号码 【1677129】，返回信息 {"status":"ok","msg":"河南-焦作","gid":"303348","time_insert":"2021-07-17 13:09"}
2024-05-04 05:32:57 查询号码 【1677129】，GSD为【"河南-焦作"】

2024-05-04 05:32:58 开始第 7220 次操作

2024-05-04 05:32:58 开始操作号码 【1677130】
2024-05-04 05:33:14 GSD getOne 第 1 次 等待 3 秒
2024-05-04 05:33:17 查询号码 【1677130】，返回信息 {"status":"ok","msg":"河南-焦作","gid":"303355","time_insert":"2021-07-17 13:10"}
2024-05-04 05:33:17 查询号码 【1677130】，GSD为【"河南-焦作"】

2024-05-04 06:07:50 开始第 7221 次操作

2024-05-04 06:07:50 开始操作号码 【1677131】
2024-05-04 06:07:58 GSD getOne 第 1 次 等待 3 秒
2024-05-04 06:08:01 查询号码 【1677131】，返回信息 {"status":"ok","msg":"河南-焦作","gid":"303362","time_insert":"2021-07-17 13:11"}
2024-05-04 06:08:02 查询号码 【1677131】，GSD为【"河南-焦作"】

2024-05-04 06:08:03 开始第 7222 次操作

2024-05-04 06:08:03 开始操作号码 【1677132】
2024-05-04 06:08:10 GSD getOne 第 1 次 等待 3 秒
2024-05-04 06:08:13 查询号码 【1677132】，返回信息 {"status":"ok","msg":"河南-郑州","gid":"303370","time_insert":"2021-07-17 13:11"}
2024-05-04 06:08:13 查询号码 【1677132】，GSD为【"河南-郑州"】

2024-05-04 06:08:14 开始第 7223 次操作

2024-05-04 06:08:14 开始操作号码 【1677133】
2024-05-04 06:08:21 GSD getOne 第 1 次 等待 3 秒
2024-05-04 06:08:24 查询号码 【1677133】，返回信息 {"status":"ok","msg":"河南-郑州","gid":"303473","time_insert":"2021-07-17 13:34"}
2024-05-04 06:08:24 查询号码 【1677133】，GSD为【"河南-郑州"】

2024-05-04 06:08:25 开始第 7224 次操作

2024-05-04 06:08:25 开始操作号码 【1677134】
2024-05-04 06:08:31 GSD getOne 第 1 次 等待 3 秒
2024-05-04 06:08:34 查询号码 【1677134】，返回信息 {"status":"ok","msg":"河南-郑州","gid":"303475","time_insert":"2021-07-17 13:35"}
2024-05-04 06:08:34 查询号码 【1677134】，GSD为【"河南-郑州"】

2024-05-04 06:32:17 开始第 7225 次操作

2024-05-04 06:32:17 开始操作号码 【1677135】
2024-05-04 06:32:24 GSD getOne 第 1 次 等待 3 秒
2024-05-04 06:32:27 查询号码 【1677135】，返回信息 {"status":"ok","msg":"河南-郑州","gid":"303480","time_insert":"2021-07-17 13:36"}
2024-05-04 06:32:27 查询号码 【1677135】，GSD为【"河南-郑州"】

2024-05-04 06:32:28 开始第 7226 次操作

2024-05-04 06:32:28 开始操作号码 【1677136】
2024-05-04 06:32:33 GSD getOne 第 1 次 等待 3 秒
2024-05-04 06:32:36 查询号码 【1677136】，返回信息 {"status":"ok","msg":"河南-洛阳","gid":"303487","time_insert":"2021-07-17 13:36"}
2024-05-04 06:32:36 查询号码 【1677136】，GSD为【"河南-洛阳"】

2024-05-04 06:32:37 开始第 7227 次操作

2024-05-04 06:32:37 开始操作号码 【1677137】
2024-05-04 06:32:43 GSD getOne 第 1 次 等待 3 秒
2024-05-04 06:32:46 查询号码 【1677137】，返回信息 {"status":"ok","msg":"河南-洛阳","gid":"303495","time_insert":"2021-07-17 13:37"}
2024-05-04 06:32:46 查询号码 【1677137】，GSD为【"河南-洛阳"】

2024-05-04 06:32:47 开始第 7228 次操作

2024-05-04 06:32:47 开始操作号码 【1677138】
2024-05-04 06:32:54 GSD getOne 第 1 次 等待 3 秒
2024-05-04 06:32:57 查询号码 【1677138】，返回信息 {"status":"ok","msg":"河南-洛阳","gid":"303502","time_insert":"2021-07-17 13:37"}
2024-05-04 06:32:58 查询号码 【1677138】，GSD为【"河南-洛阳"】

2024-05-04 07:08:50 开始第 7229 次操作

2024-05-04 07:08:50 开始操作号码 【1677139】
2024-05-04 07:08:57 GSD getOne 第 1 次 等待 3 秒
2024-05-04 07:09:00 查询号码 【1677139】，返回信息 {"status":"ok","msg":"河南-洛阳","gid":"303510","time_insert":"2021-07-17 13:38"}
2024-05-04 07:09:00 查询号码 【1677139】，GSD为【"河南-洛阳"】

2024-05-04 07:09:01 开始第 7230 次操作

2024-05-04 07:09:01 开始操作号码 【1677140】
2024-05-04 07:09:08 GSD getOne 第 1 次 等待 3 秒
2024-05-04 07:09:11 查询号码 【1677140】，返回信息 {"status":"ok","msg":"河南-洛阳","gid":"303518","time_insert":"2021-07-17 13:39"}
2024-05-04 07:09:11 查询号码 【1677140】，GSD为【"河南-洛阳"】

2024-05-04 07:09:12 开始第 7231 次操作

2024-05-04 07:09:12 开始操作号码 【1677141】
2024-05-04 07:09:21 GSD getOne 第 1 次 等待 3 秒
2024-05-04 07:09:24 查询号码 【1677141】，返回信息 {"status":"ok","msg":"河南-洛阳","gid":"303534","time_insert":"2021-07-17 13:40"}
2024-05-04 07:09:24 查询号码 【1677141】，GSD为【"河南-洛阳"】

2024-05-04 07:09:25 开始第 7232 次操作

2024-05-04 07:09:25 开始操作号码 【1677142】
2024-05-04 07:09:31 GSD getOne 第 1 次 等待 3 秒
2024-05-04 07:09:34 查询号码 【1677142】，返回信息 {"status":"ok","msg":"河南-洛阳","gid":"303543","time_insert":"2021-07-17 13:41"}
2024-05-04 07:09:34 查询号码 【1677142】，GSD为【"河南-洛阳"】

2024-05-04 07:34:12 开始第 7233 次操作

2024-05-04 07:34:12 开始操作号码 【1677143】
2024-05-04 07:34:22 GSD getOne 第 1 次 等待 3 秒
2024-05-04 07:34:25 查询号码 【1677143】，返回信息 {"status":"ok","msg":"河南-洛阳","gid":"303551","time_insert":"2021-07-17 13:41"}
2024-05-04 07:34:25 查询号码 【1677143】，GSD为【"河南-洛阳"】

2024-05-04 07:34:26 开始第 7234 次操作

2024-05-04 07:34:26 开始操作号码 【1677144】
2024-05-04 07:34:33 GSD getOne 第 1 次 等待 3 秒
2024-05-04 07:34:36 查询号码 【1677144】，返回信息 {"status":"ok","msg":"河南-漯河","gid":"303558","time_insert":"2021-07-17 13:42"}
2024-05-04 07:34:36 查询号码 【1677144】，GSD为【"河南-漯河"】

2024-05-04 07:34:37 开始第 7235 次操作

2024-05-04 07:34:37 开始操作号码 【1677145】
2024-05-04 07:34:44 GSD getOne 第 1 次 等待 3 秒
2024-05-04 07:34:47 查询号码 【1677145】，返回信息 {"status":"ok","msg":"河南-漯河","gid":"303567","time_insert":"2021-07-17 13:42"}
2024-05-04 07:34:47 查询号码 【1677145】，GSD为【"河南-漯河"】

2024-05-04 07:34:48 开始第 7236 次操作

2024-05-04 07:34:49 开始操作号码 【1677146】
2024-05-04 07:34:59 GSD getOne 第 1 次 等待 3 秒
2024-05-04 07:35:02 查询号码 【1677146】，返回信息 {"status":"ok","msg":"河南-漯河","gid":"303574","time_insert":"2021-07-17 13:43"}
2024-05-04 07:35:02 查询号码 【1677146】，GSD为【"河南-漯河"】

2024-05-04 08:37:38 开始第 7237 次操作

2024-05-04 08:37:38 开始操作号码 【1677147】
2024-05-04 08:37:50 GSD getOne 第 1 次 等待 3 秒
2024-05-04 08:37:53 查询号码 【1677147】，返回信息 {"status":"ok","msg":"河南-漯河","gid":"303582","time_insert":"2021-07-17 13:44"}
2024-05-04 08:37:53 查询号码 【1677147】，GSD为【"河南-漯河"】

2024-05-04 08:37:54 开始第 7238 次操作

2024-05-04 08:37:54 开始操作号码 【1677148】
2024-05-04 08:38:02 GSD getOne 第 1 次 等待 3 秒
2024-05-04 08:38:05 查询号码 【1677148】，返回信息 {"status":"ok","msg":"河南-漯河","gid":"303591","time_insert":"2021-07-17 13:44"}
2024-05-04 08:38:05 查询号码 【1677148】，GSD为【"河南-漯河"】

2024-05-04 08:38:06 开始第 7239 次操作

2024-05-04 08:38:06 开始操作号码 【1677149】
2024-05-04 08:38:13 GSD getOne 第 1 次 等待 3 秒
2024-05-04 08:38:16 查询号码 【1677149】，返回信息 {"status":"ok","msg":"河南-漯河","gid":"303600","time_insert":"2021-07-17 13:45"}
2024-05-04 08:38:16 查询号码 【1677149】，GSD为【"河南-漯河"】

2024-05-04 08:38:17 开始第 7240 次操作

2024-05-04 08:38:17 开始操作号码 【1677150】
2024-05-04 08:38:22 GSD getOne 第 1 次 等待 3 秒
2024-05-04 08:38:25 查询号码 【1677150】，返回信息 {"status":"ok","msg":"河南-漯河","gid":"303611","time_insert":"2021-07-17 13:45"}
2024-05-04 08:38:25 查询号码 【1677150】，GSD为【"河南-漯河"】

2024-05-04 09:42:43 开始第 7241 次操作

2024-05-04 09:42:43 开始操作号码 【1677151】
2024-05-04 09:42:48 GSD getOne 第 1 次 等待 3 秒
2024-05-04 09:42:51 查询号码 【1677151】，返回信息 {"status":"ok","msg":"河南-漯河","gid":"303617","time_insert":"2021-07-17 13:46"}
2024-05-04 09:42:51 查询号码 【1677151】，GSD为【"河南-漯河"】

2024-05-04 09:42:52 开始第 7242 次操作

2024-05-04 09:42:52 开始操作号码 【1677152】
2024-05-04 09:42:58 GSD getOne 第 1 次 等待 3 秒
2024-05-04 09:43:01 查询号码 【1677152】，返回信息 {"status":"ok","msg":"河南-漯河","gid":"303622","time_insert":"2021-07-17 13:46"}
2024-05-04 09:43:01 查询号码 【1677152】，GSD为【"河南-漯河"】

2024-05-04 09:43:02 开始第 7243 次操作

2024-05-04 09:43:02 开始操作号码 【1677153】
2024-05-04 09:43:08 GSD getOne 第 1 次 等待 3 秒
2024-05-04 09:43:11 查询号码 【1677153】，返回信息 {"status":"ok","msg":"上海-上海","gid":"303633","time_insert":"2021-07-17 13:47"}
2024-05-04 09:43:11 查询号码 【1677153】，GSD为【"上海-上海"】

2024-05-04 09:43:12 开始第 7244 次操作

2024-05-04 09:43:12 开始操作号码 【1677154】
2024-05-04 09:43:17 GSD getOne 第 1 次 等待 3 秒
2024-05-04 09:43:20 查询号码 【1677154】，返回信息 {"status":"ok","msg":"上海-上海","gid":"303640","time_insert":"2021-07-17 13:48"}
2024-05-04 09:43:20 查询号码 【1677154】，GSD为【"上海-上海"】

2024-05-04 10:17:15 开始第 7245 次操作

2024-05-04 10:17:15 开始操作号码 【1677155】
2024-05-04 10:17:20 GSD getOne 第 1 次 等待 3 秒
2024-05-04 10:17:23 查询号码 【1677155】，返回信息 {"status":"ok","msg":"上海-上海","gid":"303648","time_insert":"2021-07-17 13:48"}
2024-05-04 10:17:23 查询号码 【1677155】，GSD为【"上海-上海"】

2024-05-04 10:17:24 开始第 7246 次操作

2024-05-04 10:17:24 开始操作号码 【1677156】
2024-05-04 10:17:32 GSD getOne 第 1 次 等待 3 秒
2024-05-04 10:17:35 查询号码 【1677156】，返回信息 {"status":"ok","msg":"上海-上海","gid":"303658","time_insert":"2021-07-17 13:49"}
2024-05-04 10:17:35 查询号码 【1677156】，GSD为【"上海-上海"】

2024-05-04 10:17:36 开始第 7247 次操作

2024-05-04 10:17:36 开始操作号码 【1677157】
2024-05-04 10:17:41 GSD getOne 第 1 次 等待 3 秒
2024-05-04 10:17:44 查询号码 【1677157】，返回信息 {"status":"ok","msg":"上海-上海","gid":"303667","time_insert":"2021-07-17 13:49"}
2024-05-04 10:17:44 查询号码 【1677157】，GSD为【"上海-上海"】

2024-05-04 10:17:45 开始第 7248 次操作

2024-05-04 10:17:45 开始操作号码 【1677158】
2024-05-04 10:17:51 GSD getOne 第 1 次 等待 3 秒
2024-05-04 10:17:54 查询号码 【1677158】，返回信息 {"status":"ok","msg":"上海-上海","gid":"303674","time_insert":"2021-07-17 13:50"}
2024-05-04 10:17:54 查询号码 【1677158】，GSD为【"上海-上海"】

2024-05-04 10:34:17 开始第 7249 次操作

2024-05-04 10:34:17 开始操作号码 【1677159】
2024-05-04 10:34:23 GSD getOne 第 1 次 等待 3 秒
2024-05-04 10:34:26 查询号码 【1677159】，返回信息 {"status":"ok","msg":"上海-上海","gid":"303682","time_insert":"2021-07-17 13:51"}
2024-05-04 10:34:26 查询号码 【1677159】，GSD为【"上海-上海"】

2024-05-04 10:34:27 开始第 7250 次操作

2024-05-04 10:34:27 开始操作号码 【1677160】
2024-05-04 10:34:33 GSD getOne 第 1 次 等待 3 秒
2024-05-04 10:34:36 查询号码 【1677160】，返回信息 {"status":"ok","msg":"上海-上海","gid":"303693","time_insert":"2021-07-17 13:51"}
2024-05-04 10:34:36 查询号码 【1677160】，GSD为【"上海-上海"】

2024-05-04 10:34:37 开始第 7251 次操作

2024-05-04 10:34:37 开始操作号码 【1677161】
2024-05-04 10:34:47 GSD getOne 第 1 次 等待 3 秒
2024-05-04 10:34:50 查询号码 【1677161】，返回信息 {"status":"ok","msg":"上海-上海","gid":"303700","time_insert":"2021-07-17 13:52"}
2024-05-04 10:34:50 查询号码 【1677161】，GSD为【"上海-上海"】

2024-05-04 10:34:51 开始第 7252 次操作

2024-05-04 10:34:51 开始操作号码 【1677162】
2024-05-04 10:34:58 GSD getOne 第 1 次 等待 3 秒
2024-05-04 10:35:01 查询号码 【1677162】，返回信息 {"status":"ok","msg":"上海-上海","gid":"303707","time_insert":"2021-07-17 13:52"}
2024-05-04 10:35:01 查询号码 【1677162】，GSD为【"上海-上海"】

2024-05-04 11:09:54 开始第 7253 次操作

2024-05-04 11:09:54 开始操作号码 【1677163】
2024-05-04 11:10:00 GSD getOne 第 1 次 等待 3 秒
2024-05-04 11:10:03 查询号码 【1677163】，返回信息 {"status":"ok","msg":"上海-上海","gid":"303718","time_insert":"2021-07-17 13:53"}
2024-05-04 11:10:03 查询号码 【1677163】，GSD为【"上海-上海"】

2024-05-04 11:10:04 开始第 7254 次操作

2024-05-04 11:10:04 开始操作号码 【1677164】
2024-05-04 11:10:09 GSD getOne 第 1 次 等待 3 秒
2024-05-04 11:10:12 查询号码 【1677164】，返回信息 {"status":"ok","msg":"上海-上海","gid":"303724","time_insert":"2021-07-17 13:54"}
2024-05-04 11:10:12 查询号码 【1677164】，GSD为【"上海-上海"】

2024-05-04 11:10:13 开始第 7255 次操作

2024-05-04 11:10:13 开始操作号码 【1677165】
2024-05-04 11:10:19 GSD getOne 第 1 次 等待 3 秒
2024-05-04 11:10:22 查询号码 【1677165】，返回信息 {"status":"ok","msg":"上海-上海","gid":"303734","time_insert":"2021-07-17 13:54"}
2024-05-04 11:10:22 查询号码 【1677165】，GSD为【"上海-上海"】

2024-05-04 11:10:23 开始第 7256 次操作

2024-05-04 11:10:23 开始操作号码 【1677166】
2024-05-04 11:10:33 GSD getOne 第 1 次 等待 3 秒
2024-05-04 11:10:36 查询号码 【1677166】，返回信息 {"status":"ok","msg":"上海-上海","gid":"303741","time_insert":"2021-07-17 13:55"}
2024-05-04 11:10:36 查询号码 【1677166】，GSD为【"上海-上海"】

2024-05-04 11:32:33 开始第 7257 次操作

2024-05-04 11:32:33 开始操作号码 【1677167】
2024-05-04 11:32:40 GSD getOne 第 1 次 等待 3 秒
2024-05-04 11:32:43 查询号码 【1677167】，返回信息 {"status":"ok","msg":"上海-上海","gid":"303748","time_insert":"2021-07-17 13:55"}
2024-05-04 11:32:43 查询号码 【1677167】，GSD为【"上海-上海"】

2024-05-04 11:32:44 开始第 7258 次操作

2024-05-04 11:32:44 开始操作号码 【1677168】
2024-05-04 11:32:51 GSD getOne 第 1 次 等待 3 秒
2024-05-04 11:32:54 查询号码 【1677168】，返回信息 {"status":"ok","msg":"上海-上海","gid":"303755","time_insert":"2021-07-17 13:56"}
2024-05-04 11:32:54 查询号码 【1677168】，GSD为【"上海-上海"】

2024-05-04 11:32:55 开始第 7259 次操作

2024-05-04 11:32:55 开始操作号码 【1677169】
2024-05-04 11:33:01 GSD getOne 第 1 次 等待 3 秒
2024-05-04 11:33:04 查询号码 【1677169】，返回信息 {"status":"ok","msg":"上海-上海","gid":"303764","time_insert":"2021-07-17 13:56"}
2024-05-04 11:33:04 查询号码 【1677169】，GSD为【"上海-上海"】

2024-05-04 11:33:05 开始第 7260 次操作

2024-05-04 11:33:05 开始操作号码 【1677170】
2024-05-04 11:33:13 GSD getOne 第 1 次 等待 3 秒
2024-05-04 11:33:16 查询号码 【1677170】，返回信息 {"status":"ok","msg":"上海-上海","gid":"303772","time_insert":"2021-07-17 13:57"}
2024-05-04 11:33:16 查询号码 【1677170】，GSD为【"上海-上海"】

2024-05-04 12:10:52 开始第 7261 次操作

2024-05-04 12:10:52 开始操作号码 【1677171】
2024-05-04 12:10:59 GSD getOne 第 1 次 等待 3 秒
2024-05-04 12:11:02 查询号码 【1677171】，返回信息 {"status":"ok","msg":"上海-上海","gid":"303779","time_insert":"2021-07-17 13:58"}
2024-05-04 12:11:02 查询号码 【1677171】，GSD为【"上海-上海"】

2024-05-04 12:11:03 开始第 7262 次操作

2024-05-04 12:11:03 开始操作号码 【1677172】
2024-05-04 12:11:11 GSD getOne 第 1 次 等待 3 秒
2024-05-04 12:11:14 查询号码 【1677172】，返回信息 {"status":"ok","msg":"上海-上海","gid":"303788","time_insert":"2021-07-17 13:58"}
2024-05-04 12:11:15 查询号码 【1677172】，GSD为【"上海-上海"】

2024-05-04 12:11:16 开始第 7263 次操作

2024-05-04 12:11:16 开始操作号码 【1677173】
2024-05-04 12:11:23 GSD getOne 第 1 次 等待 3 秒
2024-05-04 12:11:26 查询号码 【1677173】，返回信息 {"status":"ok","msg":"上海-上海","gid":"303962","time_insert":"2021-07-17 14:47"}
2024-05-04 12:11:26 查询号码 【1677173】，GSD为【"上海-上海"】

2024-05-04 12:11:27 开始第 7264 次操作

2024-05-04 12:11:27 开始操作号码 【1677174】
2024-05-04 12:11:49 GSD getOne 第 1 次 等待 3 秒
2024-05-04 12:11:52 查询号码 【1677174】，返回信息 {"status":"ok","msg":"上海-上海","gid":"303965","time_insert":"2021-07-17 14:47"}
2024-05-04 12:11:52 查询号码 【1677174】，GSD为【"上海-上海"】

2024-05-04 12:33:37 开始第 7265 次操作

2024-05-04 12:33:37 开始操作号码 【1677175】
2024-05-04 12:33:44 GSD getOne 第 1 次 等待 3 秒
2024-05-04 12:33:47 查询号码 【1677175】，返回信息 {"status":"ok","msg":"上海-上海","gid":"303969","time_insert":"2021-07-17 14:48"}
2024-05-04 12:33:47 查询号码 【1677175】，GSD为【"上海-上海"】

2024-05-04 12:33:48 开始第 7266 次操作

2024-05-04 12:33:48 开始操作号码 【1677176】
2024-05-04 12:33:54 GSD getOne 第 1 次 等待 3 秒
2024-05-04 12:33:57 查询号码 【1677176】，返回信息 {"status":"ok","msg":"上海-上海","gid":"303973","time_insert":"2021-07-17 14:49"}
2024-05-04 12:33:57 查询号码 【1677176】，GSD为【"上海-上海"】

2024-05-04 12:33:58 开始第 7267 次操作

2024-05-04 12:33:58 开始操作号码 【1677177】
2024-05-04 12:34:05 GSD getOne 第 1 次 等待 3 秒
2024-05-04 12:34:08 查询号码 【1677177】，返回信息 {"status":"ok","msg":"上海-上海","gid":"303979","time_insert":"2021-07-17 14:49"}
2024-05-04 12:34:08 查询号码 【1677177】，GSD为【"上海-上海"】

2024-05-04 12:34:09 开始第 7268 次操作

2024-05-04 12:34:09 开始操作号码 【1677178】
2024-05-04 12:34:15 GSD getOne 第 1 次 等待 3 秒
2024-05-04 12:34:18 查询号码 【1677178】，返回信息 {"status":"ok","msg":"上海-上海","gid":"303984","time_insert":"2021-07-17 14:50"}
2024-05-04 12:34:18 查询号码 【1677178】，GSD为【"上海-上海"】

2024-05-04 13:08:12 开始第 7269 次操作

2024-05-04 13:08:12 开始操作号码 【1677179】
2024-05-04 13:08:19 GSD getOne 第 1 次 等待 3 秒
2024-05-04 13:08:22 查询号码 【1677179】，返回信息 {"status":"ok","msg":"上海-上海","gid":"303989","time_insert":"2021-07-17 14:50"}
2024-05-04 13:08:23 查询号码 【1677179】，GSD为【"上海-上海"】

2024-05-04 13:08:24 开始第 7270 次操作

2024-05-04 13:08:24 开始操作号码 【1677180】
2024-05-04 13:08:37 GSD getOne 第 1 次 等待 3 秒
2024-05-04 13:08:40 查询号码 【1677180】，返回信息 {"status":"ok","msg":"上海-上海","gid":"303994","time_insert":"2021-07-17 14:51"}
2024-05-04 13:08:40 查询号码 【1677180】，GSD为【"上海-上海"】

2024-05-04 13:08:41 开始第 7271 次操作

2024-05-04 13:08:41 开始操作号码 【1677181】
2024-05-04 13:09:03 GSD getOne 第 1 次 等待 3 秒
2024-05-04 13:09:06 查询号码 【1677181】，返回信息 {"status":"ok","msg":"上海-上海","gid":"304005","time_insert":"2021-07-17 14:52"}
2024-05-04 13:09:06 查询号码 【1677181】，GSD为【"上海-上海"】

2024-05-04 13:09:07 开始第 7272 次操作

2024-05-04 13:09:07 开始操作号码 【1677182】
2024-05-04 13:09:33 GSD getOne 第 1 次 等待 3 秒
2024-05-04 13:09:36 查询号码 【1677182】，返回信息 {"status":"ok","msg":"上海-上海","gid":"304010","time_insert":"2021-07-17 14:52"}
2024-05-04 13:09:36 查询号码 【1677182】，GSD为【"上海-上海"】

2024-05-04 13:32:17 开始第 7273 次操作

2024-05-04 13:32:17 开始操作号码 【1677183】
2024-05-04 13:32:22 GSD getOne 第 1 次 等待 3 秒
2024-05-04 13:32:25 查询号码 【1677183】，返回信息 {"status":"ok","msg":"上海-上海","gid":"304019","time_insert":"2021-07-17 14:53"}
2024-05-04 13:32:25 查询号码 【1677183】，GSD为【"上海-上海"】

2024-05-04 13:32:26 开始第 7274 次操作

2024-05-04 13:32:26 开始操作号码 【1677184】
2024-05-04 13:32:36 GSD getOne 第 1 次 等待 3 秒
2024-05-04 13:32:39 查询号码 【1677184】，返回信息 {"status":"ok","msg":"上海-上海","gid":"304031","time_insert":"2021-07-17 14:53"}
2024-05-04 13:32:39 查询号码 【1677184】，GSD为【"上海-上海"】

2024-05-04 13:32:40 开始第 7275 次操作

2024-05-04 13:32:40 开始操作号码 【1677185】
2024-05-04 13:32:55 GSD getOne 第 1 次 等待 3 秒
2024-05-04 13:32:58 查询号码 【1677185】，返回信息 {"status":"ok","msg":"上海-上海","gid":"304040","time_insert":"2021-07-17 14:54"}
2024-05-04 13:32:58 查询号码 【1677185】，GSD为【"上海-上海"】

2024-05-04 13:32:59 开始第 7276 次操作

2024-05-04 13:32:59 开始操作号码 【1677186】
2024-05-04 13:33:09 GSD getOne 第 1 次 等待 3 秒
2024-05-04 13:33:12 查询号码 【1677186】，返回信息 {"status":"ok","msg":"内蒙古-呼和浩特","gid":"304049","time_insert":"2021-07-17 14:54"}
2024-05-04 13:33:12 查询号码 【1677186】，GSD为【"内蒙古-呼和浩特"】

2024-05-04 14:09:54 开始第 7277 次操作

2024-05-04 14:09:54 开始操作号码 【1677187】
2024-05-04 14:10:01 GSD getOne 第 1 次 等待 3 秒
2024-05-04 14:10:04 查询号码 【1677187】，返回信息 {"status":"ok","msg":"内蒙古-呼和浩特","gid":"304055","time_insert":"2021-07-17 14:55"}
2024-05-04 14:10:04 查询号码 【1677187】，GSD为【"内蒙古-呼和浩特"】

2024-05-04 14:10:05 开始第 7278 次操作

2024-05-04 14:10:05 开始操作号码 【1677188】
2024-05-04 14:10:15 GSD getOne 第 1 次 等待 3 秒
2024-05-04 14:10:18 查询号码 【1677188】，返回信息 {"status":"ok","msg":"内蒙古-呼和浩特","gid":"304066","time_insert":"2021-07-17 14:55"}
2024-05-04 14:10:18 查询号码 【1677188】，GSD为【"内蒙古-呼和浩特"】

2024-05-04 14:10:19 开始第 7279 次操作

2024-05-04 14:10:19 开始操作号码 【1677189】
2024-05-04 14:10:27 GSD getOne 第 1 次 等待 3 秒
2024-05-04 14:10:30 查询号码 【1677189】，返回信息 {"status":"ok","msg":"内蒙古-呼和浩特","gid":"304075","time_insert":"2021-07-17 14:56"}
2024-05-04 14:10:30 查询号码 【1677189】，GSD为【"内蒙古-呼和浩特"】

2024-05-04 14:10:31 开始第 7280 次操作

2024-05-04 14:10:31 开始操作号码 【1677190】
2024-05-04 14:10:36 GSD getOne 第 1 次 等待 3 秒
2024-05-04 14:10:39 查询号码 【1677190】，返回信息 {"status":"ok","msg":"内蒙古-呼和浩特","gid":"304079","time_insert":"2021-07-17 14:57"}
2024-05-04 14:10:39 查询号码 【1677190】，GSD为【"内蒙古-呼和浩特"】

2024-05-04 14:32:54 开始第 7281 次操作

2024-05-04 14:32:54 开始操作号码 【1677191】
2024-05-04 14:33:01 GSD getOne 第 1 次 等待 3 秒
2024-05-04 14:33:04 查询号码 【1677191】，返回信息 {"status":"ok","msg":"内蒙古-呼和浩特","gid":"304090","time_insert":"2021-07-17 14:57"}
2024-05-04 14:33:04 查询号码 【1677191】，GSD为【"内蒙古-呼和浩特"】

2024-05-04 14:33:05 开始第 7282 次操作

2024-05-04 14:33:05 开始操作号码 【1677192】
2024-05-04 14:33:12 GSD getOne 第 1 次 等待 3 秒
2024-05-04 14:33:15 查询号码 【1677192】，返回信息 {"status":"ok","msg":"内蒙古-呼和浩特","gid":"304101","time_insert":"2021-07-17 14:58"}
2024-05-04 14:33:15 查询号码 【1677192】，GSD为【"内蒙古-呼和浩特"】

2024-05-04 14:33:16 开始第 7283 次操作

2024-05-04 14:33:16 开始操作号码 【1677193】
2024-05-04 14:33:23 GSD getOne 第 1 次 等待 3 秒
2024-05-04 14:33:26 查询号码 【1677193】，返回信息 {"status":"ok","msg":"内蒙古-呼和浩特","gid":"304110","time_insert":"2021-07-17 14:58"}
2024-05-04 14:33:26 查询号码 【1677193】，GSD为【"内蒙古-呼和浩特"】

2024-05-04 14:33:27 开始第 7284 次操作

2024-05-04 14:33:27 开始操作号码 【1677194】
2024-05-04 14:33:33 GSD getOne 第 1 次 等待 3 秒
2024-05-04 14:33:36 查询号码 【1677194】，返回信息 {"status":"ok","msg":"内蒙古-呼和浩特","gid":"304120","time_insert":"2021-07-17 14:59"}
2024-05-04 14:33:37 查询号码 【1677194】，GSD为【"内蒙古-呼和浩特"】

2024-05-04 15:08:12 开始第 7285 次操作

2024-05-04 15:08:12 开始操作号码 【1677195】
2024-05-04 15:08:20 GSD getOne 第 1 次 等待 3 秒
2024-05-04 15:08:23 查询号码 【1677195】，返回信息 {"status":"ok","msg":"内蒙古-呼和浩特","gid":"304130","time_insert":"2021-07-17 15:00"}
2024-05-04 15:08:23 查询号码 【1677195】，GSD为【"内蒙古-呼和浩特"】

2024-05-04 15:08:24 开始第 7286 次操作

2024-05-04 15:08:24 开始操作号码 【1677196】
2024-05-04 15:08:39 GSD getOne 第 1 次 等待 3 秒
2024-05-04 15:08:42 查询号码 【1677196】，返回信息 {"status":"ok","msg":"内蒙古-呼和浩特","gid":"304140","time_insert":"2021-07-17 15:00"}
2024-05-04 15:08:42 查询号码 【1677196】，GSD为【"内蒙古-呼和浩特"】

2024-05-04 15:08:43 开始第 7287 次操作

2024-05-04 15:08:43 开始操作号码 【1677197】
2024-05-04 15:08:52 GSD getOne 第 1 次 等待 3 秒
2024-05-04 15:08:55 查询号码 【1677197】，返回信息 {"status":"ok","msg":"内蒙古-呼和浩特","gid":"304149","time_insert":"2021-07-17 15:01"}
2024-05-04 15:08:55 查询号码 【1677197】，GSD为【"内蒙古-呼和浩特"】

2024-05-04 15:08:56 开始第 7288 次操作

2024-05-04 15:08:56 开始操作号码 【1677198】
2024-05-04 15:09:12 GSD getOne 第 1 次 等待 3 秒
2024-05-04 15:09:15 查询号码 【1677198】，返回信息 {"status":"ok","msg":"内蒙古-呼和浩特","gid":"304156","time_insert":"2021-07-17 15:02"}
2024-05-04 15:09:15 查询号码 【1677198】，GSD为【"内蒙古-呼和浩特"】

2024-05-04 15:32:29 开始第 7289 次操作

2024-05-04 15:32:29 开始操作号码 【1677199】
2024-05-04 15:32:38 GSD getOne 第 1 次 等待 3 秒
2024-05-04 15:32:41 查询号码 【1677199】，返回信息 {"status":"ok","msg":"内蒙古-呼和浩特","gid":"304164","time_insert":"2021-07-17 15:02"}
2024-05-04 15:32:41 查询号码 【1677199】，GSD为【"内蒙古-呼和浩特"】

2024-05-04 15:32:42 开始第 7290 次操作

2024-05-04 15:32:42 开始操作号码 【1677200】
2024-05-04 15:32:49 GSD getOne 第 1 次 等待 3 秒
2024-05-04 15:32:52 查询号码 【1677200】，返回信息 {"status":"ok","msg":"内蒙古-呼和浩特","gid":"304170","time_insert":"2021-07-17 15:03"}
2024-05-04 15:32:52 查询号码 【1677200】，GSD为【"内蒙古-呼和浩特"】

2024-05-04 15:32:53 开始第 7291 次操作

2024-05-04 15:32:53 开始操作号码 【1677201】
2024-05-04 15:32:59 GSD getOne 第 1 次 等待 3 秒
2024-05-04 15:33:02 查询号码 【1677201】，返回信息 {"status":"ok","msg":"内蒙古-呼和浩特","gid":"304179","time_insert":"2021-07-17 15:03"}
2024-05-04 15:33:02 查询号码 【1677201】，GSD为【"内蒙古-呼和浩特"】

2024-05-04 15:33:03 开始第 7292 次操作

2024-05-04 15:33:03 开始操作号码 【1677202】
2024-05-04 15:33:12 GSD getOne 第 1 次 等待 3 秒
2024-05-04 15:33:15 查询号码 【1677202】，返回信息 {"status":"ok","msg":"内蒙古-呼和浩特","gid":"304187","time_insert":"2021-07-17 15:04"}
2024-05-04 15:33:15 查询号码 【1677202】，GSD为【"内蒙古-呼和浩特"】

2024-05-04 16:09:44 开始第 7293 次操作

2024-05-04 16:09:44 开始操作号码 【1677203】
2024-05-04 16:09:51 GSD getOne 第 1 次 等待 3 秒
2024-05-04 16:09:54 查询号码 【1677203】，返回信息 {"status":"ok","msg":"内蒙古-呼和浩特","gid":"304199","time_insert":"2021-07-17 15:05"}
2024-05-04 16:09:54 查询号码 【1677203】，GSD为【"内蒙古-呼和浩特"】

2024-05-04 16:09:55 开始第 7294 次操作

2024-05-04 16:09:55 开始操作号码 【1677204】
2024-05-04 16:10:00 GSD getOne 第 1 次 等待 3 秒
2024-05-04 16:10:03 查询号码 【1677204】，返回信息 {"status":"ok","msg":"内蒙古-呼和浩特","gid":"304209","time_insert":"2021-07-17 15:05"}
2024-05-04 16:10:03 查询号码 【1677204】，GSD为【"内蒙古-呼和浩特"】

2024-05-04 16:10:04 开始第 7295 次操作

2024-05-04 16:10:04 开始操作号码 【1677205】
2024-05-04 16:10:09 GSD getOne 第 1 次 等待 3 秒
2024-05-04 16:10:12 查询号码 【1677205】，返回信息 {"status":"ok","msg":"内蒙古-呼和浩特","gid":"304218","time_insert":"2021-07-17 15:06"}
2024-05-04 16:10:12 查询号码 【1677205】，GSD为【"内蒙古-呼和浩特"】

2024-05-04 16:10:13 开始第 7296 次操作

2024-05-04 16:10:13 开始操作号码 【1677206】
2024-05-04 16:10:20 GSD getOne 第 1 次 等待 3 秒
2024-05-04 16:10:23 查询号码 【1677206】，返回信息 {"status":"ok","msg":"内蒙古-呼和浩特","gid":"304226","time_insert":"2021-07-17 15:06"}
2024-05-04 16:10:23 查询号码 【1677206】，GSD为【"内蒙古-呼和浩特"】

2024-05-04 16:32:26 开始第 7297 次操作

2024-05-04 16:32:26 开始操作号码 【1677207】
2024-05-04 16:32:33 GSD getOne 第 1 次 等待 3 秒
2024-05-04 16:32:36 查询号码 【1677207】，返回信息 {"status":"ok","msg":"内蒙古-呼和浩特","gid":"304235","time_insert":"2021-07-17 15:07"}
2024-05-04 16:32:36 查询号码 【1677207】，GSD为【"内蒙古-呼和浩特"】

2024-05-04 16:32:37 开始第 7298 次操作

2024-05-04 16:32:37 开始操作号码 【1677208】
2024-05-04 16:32:42 GSD getOne 第 1 次 等待 3 秒
2024-05-04 16:32:45 查询号码 【1677208】，返回信息 {"status":"ok","msg":"内蒙古-呼和浩特","gid":"304245","time_insert":"2021-07-17 15:08"}
2024-05-04 16:32:45 查询号码 【1677208】，GSD为【"内蒙古-呼和浩特"】

2024-05-04 16:32:46 开始第 7299 次操作

2024-05-04 16:32:46 开始操作号码 【1677209】
2024-05-04 16:32:53 GSD getOne 第 1 次 等待 3 秒
2024-05-04 16:32:56 查询号码 【1677209】，返回信息 {"status":"ok","msg":"内蒙古-呼和浩特","gid":"304254","time_insert":"2021-07-17 15:08"}
2024-05-04 16:32:56 查询号码 【1677209】，GSD为【"内蒙古-呼和浩特"】

2024-05-04 16:32:57 开始第 7300 次操作

2024-05-04 16:32:57 开始操作号码 【1677210】
2024-05-04 16:33:05 GSD getOne 第 1 次 等待 3 秒
2024-05-04 16:33:08 查询号码 【1677210】，返回信息 {"status":"ok","msg":"内蒙古-呼和浩特","gid":"304262","time_insert":"2021-07-17 15:09"}
2024-05-04 16:33:08 查询号码 【1677210】，GSD为【"内蒙古-呼和浩特"】

2024-05-04 17:09:25 开始第 7301 次操作

2024-05-04 17:09:25 开始操作号码 【1677211】
2024-05-04 17:09:31 GSD getOne 第 1 次 等待 3 秒
2024-05-04 17:09:34 查询号码 【1677211】，返回信息 {"status":"ok","msg":"内蒙古-呼和浩特","gid":"304271","time_insert":"2021-07-17 15:09"}
2024-05-04 17:09:34 查询号码 【1677211】，GSD为【"内蒙古-呼和浩特"】

2024-05-04 17:09:35 开始第 7302 次操作

2024-05-04 17:09:35 开始操作号码 【1677212】
2024-05-04 17:09:42 GSD getOne 第 1 次 等待 3 秒
2024-05-04 17:09:45 查询号码 【1677212】，返回信息 {"status":"ok","msg":"内蒙古-呼和浩特","gid":"304278","time_insert":"2021-07-17 15:10"}
2024-05-04 17:09:45 查询号码 【1677212】，GSD为【"内蒙古-呼和浩特"】

2024-05-04 17:09:46 开始第 7303 次操作

2024-05-04 17:09:46 开始操作号码 【1677213】
2024-05-04 17:09:52 GSD getOne 第 1 次 等待 3 秒
2024-05-04 17:09:56 查询号码 【1677213】，返回信息 {"status":"ok","msg":"内蒙古-呼和浩特","gid":"304411","time_insert":"2021-07-17 15:34"}
2024-05-04 17:09:56 查询号码 【1677213】，GSD为【"内蒙古-呼和浩特"】

2024-05-04 17:09:57 开始第 7304 次操作

2024-05-04 17:09:57 开始操作号码 【1677214】
2024-05-04 17:10:02 GSD getOne 第 1 次 等待 3 秒
2024-05-04 17:10:05 查询号码 【1677214】，返回信息 {"status":"ok","msg":"内蒙古-包头","gid":"304416","time_insert":"2021-07-17 15:35"}
2024-05-04 17:10:05 查询号码 【1677214】，GSD为【"内蒙古-包头"】

2024-05-04 17:32:40 开始第 7305 次操作

2024-05-04 17:32:40 开始操作号码 【1677215】
2024-05-04 17:32:47 GSD getOne 第 1 次 等待 3 秒
2024-05-04 17:32:50 查询号码 【1677215】，返回信息 {"status":"ok","msg":"内蒙古-包头","gid":"304422","time_insert":"2021-07-17 15:35"}
2024-05-04 17:32:50 查询号码 【1677215】，GSD为【"内蒙古-包头"】

2024-05-04 17:32:51 开始第 7306 次操作

2024-05-04 17:32:51 开始操作号码 【1677216】
2024-05-04 17:32:59 GSD getOne 第 1 次 等待 3 秒
2024-05-04 17:33:02 查询号码 【1677216】，返回信息 {"status":"ok","msg":"内蒙古-包头","gid":"304430","time_insert":"2021-07-17 15:36"}
2024-05-04 17:33:02 查询号码 【1677216】，GSD为【"内蒙古-包头"】

2024-05-04 17:33:03 开始第 7307 次操作

2024-05-04 17:33:03 开始操作号码 【1677217】
2024-05-04 17:33:11 GSD getOne 第 1 次 等待 3 秒
2024-05-04 17:33:14 查询号码 【1677217】，返回信息 {"status":"ok","msg":"内蒙古-包头","gid":"304436","time_insert":"2021-07-17 15:37"}
2024-05-04 17:33:15 查询号码 【1677217】，GSD为【"内蒙古-包头"】

2024-05-04 17:33:16 开始第 7308 次操作

2024-05-04 17:33:16 开始操作号码 【1677218】
2024-05-04 17:33:22 GSD getOne 第 1 次 等待 3 秒
2024-05-04 17:33:25 查询号码 【1677218】，返回信息 {"status":"ok","msg":"内蒙古-包头","gid":"304441","time_insert":"2021-07-17 15:37"}
2024-05-04 17:33:25 查询号码 【1677218】，GSD为【"内蒙古-包头"】

