2024-10-28 00:25:54 开始第 1761 次操作

2024-10-28 00:25:54 开始操作号码 【1341760】
2024-10-28 00:25:56 GSD getOne 第 1 次 等待 3 秒
2024-10-28 00:25:59 查询号码 【1341760】，返回信息 {"status":"ok","msg":"广东-揭阳","gid":"71446","time_insert":"2021-05-28 20:37"}
2024-10-28 00:25:59 查询号码 【1341760】，GSD为【"广东-揭阳"】

2024-10-28 00:26:00 开始第 1762 次操作

2024-10-28 00:26:00 开始操作号码 【1341761】
2024-10-28 00:26:00 GSD getOne 第 1 次 等待 3 秒
2024-10-28 00:26:03 查询号码 【1341761】，返回信息 {"status":"ok","msg":"广东-揭阳","gid":"71465","time_insert":"2021-05-28 21:00"}
2024-10-28 00:26:04 查询号码 【1341761】，GSD为【"广东-揭阳"】

2024-10-28 00:26:05 开始第 1763 次操作

2024-10-28 00:26:05 开始操作号码 【1341762】
2024-10-28 00:26:05 GSD getOne 第 1 次 等待 3 秒
2024-10-28 00:26:08 查询号码 【1341762】，返回信息 {"status":"ok","msg":"广东-揭阳","gid":"71486","time_insert":"2021-05-28 21:28"}
2024-10-28 00:26:08 查询号码 【1341762】，GSD为【"广东-揭阳"】

2024-10-28 00:26:09 开始第 1764 次操作

2024-10-28 00:26:09 开始操作号码 【1341763】
2024-10-28 00:26:10 GSD getOne 第 1 次 等待 3 秒
2024-10-28 00:26:13 查询号码 【1341763】，返回信息 {"status":"ok","msg":"广东-揭阳","gid":"71508","time_insert":"2021-05-28 21:54"}
2024-10-28 00:26:13 查询号码 【1341763】，GSD为【"广东-揭阳"】

2024-10-28 00:43:53 开始第 1765 次操作

2024-10-28 00:43:53 开始操作号码 【1341764】
2024-10-28 00:43:54 GSD getOne 第 1 次 等待 3 秒
2024-10-28 00:43:57 查询号码 【1341764】，返回信息 {"status":"ok","msg":"广东-揭阳","gid":"71530","time_insert":"2021-05-28 22:21"}
2024-10-28 00:43:57 查询号码 【1341764】，GSD为【"广东-揭阳"】

2024-10-28 00:43:58 开始第 1766 次操作

2024-10-28 00:43:58 开始操作号码 【1341765】
2024-10-28 00:43:59 GSD getOne 第 1 次 等待 3 秒
2024-10-28 00:44:02 查询号码 【1341765】，返回信息 {"status":"ok","msg":"广东-揭阳","gid":"71544","time_insert":"2021-05-28 22:37"}
2024-10-28 00:44:02 查询号码 【1341765】，GSD为【"广东-揭阳"】

2024-10-28 00:44:03 开始第 1767 次操作

2024-10-28 00:44:03 开始操作号码 【1341766】
2024-10-28 00:44:04 GSD getOne 第 1 次 等待 3 秒
2024-10-28 00:44:07 查询号码 【1341766】，返回信息 {"status":"ok","msg":"广东-揭阳","gid":"71558","time_insert":"2021-05-28 22:54"}
2024-10-28 00:44:07 查询号码 【1341766】，GSD为【"广东-揭阳"】

2024-10-28 00:44:08 开始第 1768 次操作

2024-10-28 00:44:08 开始操作号码 【1341767】
2024-10-28 00:44:09 GSD getOne 第 1 次 等待 3 秒
2024-10-28 00:44:12 查询号码 【1341767】，返回信息 {"status":"ok","msg":"广东-揭阳","gid":"71579","time_insert":"2021-05-28 23:21"}
2024-10-28 00:44:12 查询号码 【1341767】，GSD为【"广东-揭阳"】

2024-10-28 01:17:59 开始第 1769 次操作

2024-10-28 01:17:59 开始操作号码 【1341768】
2024-10-28 01:18:00 GSD getOne 第 1 次 等待 3 秒
2024-10-28 01:18:03 查询号码 【1341768】，返回信息 {"status":"ok","msg":"广东-揭阳","gid":"71597","time_insert":"2021-05-28 23:39"}
2024-10-28 01:18:03 查询号码 【1341768】，GSD为【"广东-揭阳"】

2024-10-28 01:18:04 开始第 1770 次操作

2024-10-28 01:18:04 开始操作号码 【1341769】
2024-10-28 01:18:05 GSD getOne 第 1 次 等待 3 秒
2024-10-28 01:18:08 查询号码 【1341769】，返回信息 {"status":"ok","msg":"广东-揭阳","gid":"71614","time_insert":"2021-05-29 00:01"}
2024-10-28 01:18:08 查询号码 【1341769】，GSD为【"广东-揭阳"】

2024-10-28 01:18:09 开始第 1771 次操作

2024-10-28 01:18:09 开始操作号码 【1341770】
2024-10-28 01:18:10 GSD getOne 第 1 次 等待 3 秒
2024-10-28 01:18:13 查询号码 【1341770】，返回信息 {"status":"ok","msg":"广东-珠海","gid":"71628","time_insert":"2021-05-29 00:19"}
2024-10-28 01:18:14 查询号码 【1341770】，GSD为【"广东-珠海"】

2024-10-28 01:18:15 开始第 1772 次操作

2024-10-28 01:18:15 开始操作号码 【1341771】
2024-10-28 01:18:16 GSD getOne 第 1 次 等待 3 秒
2024-10-28 01:18:19 查询号码 【1341771】，返回信息 {"status":"ok","msg":"广东-珠海","gid":"71645","time_insert":"2021-05-29 00:42"}
2024-10-28 01:18:19 查询号码 【1341771】，GSD为【"广东-珠海"】

