2024-11-14 00:25:36 开始第 4641 次操作

2024-11-14 00:25:36 开始操作号码 【1344640】
2024-11-14 00:25:40 GSD getOne 第 1 次 等待 3 秒
2024-11-14 00:25:43 查询号码 【1344640】，返回信息 {"status":"ok","msg":"湖北-荆门","gid":"192490","time_insert":"2021-07-04 19:34"}
2024-11-14 00:25:43 查询号码 【1344640】，GSD为【"湖北-荆门"】

2024-11-14 00:25:44 开始第 4642 次操作

2024-11-14 00:25:44 开始操作号码 【1344641】
2024-11-14 00:25:45 GSD getOne 第 1 次 等待 3 秒
2024-11-14 00:25:48 查询号码 【1344641】，返回信息 {"status":"ok","msg":"湖北-荆门","gid":"192632","time_insert":"2021-07-04 19:46"}
2024-11-14 00:25:48 查询号码 【1344641】，GSD为【"湖北-荆门"】

2024-11-14 00:25:49 开始第 4643 次操作

2024-11-14 00:25:49 开始操作号码 【1344642】
2024-11-14 00:25:51 GSD getOne 第 1 次 等待 3 秒
2024-11-14 00:25:54 查询号码 【1344642】，返回信息 {"status":"ok","msg":"湖北-荆门","gid":"192794","time_insert":"2021-07-04 20:00"}
2024-11-14 00:25:54 查询号码 【1344642】，GSD为【"湖北-荆门"】

2024-11-14 00:25:55 开始第 4644 次操作

2024-11-14 00:25:55 开始操作号码 【1344643】
2024-11-14 00:25:57 GSD getOne 第 1 次 等待 3 秒
2024-11-14 00:26:00 查询号码 【1344643】，返回信息 {"status":"ok","msg":"湖北-荆门","gid":"192826","time_insert":"2021-07-04 20:11"}
2024-11-14 00:26:00 查询号码 【1344643】，GSD为【"湖北-荆门"】

2024-11-14 00:45:44 开始第 4645 次操作

2024-11-14 00:45:44 开始操作号码 【1344644】
2024-11-14 00:45:46 GSD getOne 第 1 次 等待 3 秒
2024-11-14 00:45:49 查询号码 【1344644】，返回信息 {"status":"ok","msg":"湖北-荆门","gid":"192854","time_insert":"2021-07-04 20:25"}
2024-11-14 00:45:49 查询号码 【1344644】，GSD为【"湖北-荆门"】

2024-11-14 00:45:50 开始第 4646 次操作

2024-11-14 00:45:50 开始操作号码 【1344645】
2024-11-14 00:45:51 GSD getOne 第 1 次 等待 3 秒
2024-11-14 00:45:55 查询号码 【1344645】，返回信息 {"status":"ok","msg":"湖北-荆门","gid":"192870","time_insert":"2021-07-04 20:36"}
2024-11-14 00:45:55 查询号码 【1344645】，GSD为【"湖北-荆门"】

2024-11-14 00:45:56 开始第 4647 次操作

2024-11-14 00:45:56 开始操作号码 【1344646】
2024-11-14 00:45:57 GSD getOne 第 1 次 等待 3 秒
2024-11-14 00:46:00 查询号码 【1344646】，返回信息 {"status":"ok","msg":"湖北-荆门","gid":"192892","time_insert":"2021-07-04 20:49"}
2024-11-14 00:46:00 查询号码 【1344646】，GSD为【"湖北-荆门"】

2024-11-14 00:46:01 开始第 4648 次操作

2024-11-14 00:46:01 开始操作号码 【1344647】
2024-11-14 00:46:04 GSD getOne 第 1 次 等待 3 秒
2024-11-14 00:46:07 查询号码 【1344647】，返回信息 {"status":"ok","msg":"湖北-荆门","gid":"192923","time_insert":"2021-07-04 21:00"}
2024-11-14 00:46:07 查询号码 【1344647】，GSD为【"湖北-荆门"】

2024-11-14 01:18:04 开始第 4649 次操作

2024-11-14 01:18:04 开始操作号码 【1344648】
2024-11-14 01:18:05 GSD getOne 第 1 次 等待 3 秒
2024-11-14 01:18:08 查询号码 【1344648】，返回信息 {"status":"ok","msg":"湖北-荆门","gid":"193025","time_insert":"2021-07-04 21:12"}
2024-11-14 01:18:09 查询号码 【1344648】，GSD为【"湖北-荆门"】

2024-11-14 01:18:10 开始第 4650 次操作

2024-11-14 01:18:10 开始操作号码 【1344649】
2024-11-14 01:18:11 GSD getOne 第 1 次 等待 3 秒
2024-11-14 01:18:14 查询号码 【1344649】，返回信息 {"status":"ok","msg":"湖北-荆门","gid":"193167","time_insert":"2021-07-04 21:24"}
2024-11-14 01:18:14 查询号码 【1344649】，GSD为【"湖北-荆门"】

2024-11-14 01:18:15 开始第 4651 次操作

2024-11-14 01:18:15 开始操作号码 【1344650】
2024-11-14 01:18:16 GSD getOne 第 1 次 等待 3 秒
2024-11-14 01:18:20 查询号码 【1344650】，返回信息 {"status":"ok","msg":"湖北-荆门","gid":"193250","time_insert":"2021-07-04 21:37"}
2024-11-14 01:18:20 查询号码 【1344650】，GSD为【"湖北-荆门"】

2024-11-14 01:18:21 开始第 4652 次操作

2024-11-14 01:18:21 开始操作号码 【1344651】
2024-11-14 01:18:22 GSD getOne 第 1 次 等待 3 秒
2024-11-14 01:18:25 查询号码 【1344651】，返回信息 {"status":"ok","msg":"湖北-荆门","gid":"193424","time_insert":"2021-07-04 21:52"}
2024-11-14 01:18:25 查询号码 【1344651】，GSD为【"湖北-荆门"】

2024-11-14 01:40:38 开始第 4653 次操作

2024-11-14 01:40:38 开始操作号码 【1344652】
2024-11-14 01:40:40 GSD getOne 第 1 次 等待 3 秒
2024-11-14 01:40:43 查询号码 【1344652】，返回信息 {"status":"ok","msg":"湖北-荆门","gid":"193481","time_insert":"2021-07-04 22:05"}
2024-11-14 01:40:43 查询号码 【1344652】，GSD为【"湖北-荆门"】

2024-11-14 01:40:44 开始第 4654 次操作

2024-11-14 01:40:44 开始操作号码 【1344653】
2024-11-14 01:40:46 GSD getOne 第 1 次 等待 3 秒
2024-11-14 01:40:49 查询号码 【1344653】，返回信息 {"status":"ok","msg":"湖北-荆门","gid":"193506","time_insert":"2021-07-04 22:19"}
2024-11-14 01:40:49 查询号码 【1344653】，GSD为【"湖北-荆门"】

2024-11-14 01:40:50 开始第 4655 次操作

2024-11-14 01:40:50 开始操作号码 【1344654】
2024-11-14 01:40:51 GSD getOne 第 1 次 等待 3 秒
2024-11-14 01:40:54 查询号码 【1344654】，返回信息 {"status":"ok","msg":"湖北-荆门","gid":"193524","time_insert":"2021-07-04 22:31"}
2024-11-14 01:40:55 查询号码 【1344654】，GSD为【"湖北-荆门"】

2024-11-14 01:40:56 开始第 4656 次操作

2024-11-14 01:40:56 开始操作号码 【1344655】
2024-11-14 01:40:57 GSD getOne 第 1 次 等待 3 秒
2024-11-14 01:41:00 查询号码 【1344655】，返回信息 {"status":"ok","msg":"山东-菏泽","gid":"193579","time_insert":"2021-07-04 22:41"}
2024-11-14 01:41:00 查询号码 【1344655】，GSD为【"山东-菏泽"】

2024-11-14 02:28:18 开始第 4657 次操作

2024-11-14 02:28:18 开始操作号码 【1344656】
2024-11-14 02:28:20 GSD getOne 第 1 次 等待 3 秒
2024-11-14 02:28:23 查询号码 【1344656】，返回信息 {"status":"ok","msg":"湖北-荆门","gid":"193719","time_insert":"2021-07-04 22:55"}
2024-11-14 02:28:23 查询号码 【1344656】，GSD为【"湖北-荆门"】

2024-11-14 02:28:24 开始第 4658 次操作

2024-11-14 02:28:24 开始操作号码 【1344657】
2024-11-14 02:28:25 GSD getOne 第 1 次 等待 3 秒
2024-11-14 02:28:28 查询号码 【1344657】，返回信息 {"status":"ok","msg":"湖北-荆门","gid":"193799","time_insert":"2021-07-04 23:09"}
2024-11-14 02:28:29 查询号码 【1344657】，GSD为【"湖北-荆门"】

2024-11-14 02:28:30 开始第 4659 次操作

2024-11-14 02:28:30 开始操作号码 【1344658】
2024-11-14 02:28:31 GSD getOne 第 1 次 等待 3 秒
2024-11-14 02:28:34 查询号码 【1344658】，返回信息 {"status":"ok","msg":"湖北-荆门","gid":"193820","time_insert":"2021-07-04 23:22"}
2024-11-14 02:28:34 查询号码 【1344658】，GSD为【"湖北-荆门"】

2024-11-14 02:28:35 开始第 4660 次操作

2024-11-14 02:28:35 开始操作号码 【1344659】
2024-11-14 02:28:37 GSD getOne 第 1 次 等待 3 秒
2024-11-14 02:28:40 查询号码 【1344659】，返回信息 {"status":"ok","msg":"湖北-荆门","gid":"193844","time_insert":"2021-07-04 23:35"}
2024-11-14 02:28:40 查询号码 【1344659】，GSD为【"湖北-荆门"】

2024-11-14 02:45:59 开始第 4661 次操作

2024-11-14 02:45:59 开始操作号码 【1344660】
2024-11-14 02:46:01 GSD getOne 第 1 次 等待 3 秒
2024-11-14 02:46:04 查询号码 【1344660】，返回信息 {"status":"ok","msg":"湖北-荆门","gid":"193872","time_insert":"2021-07-04 23:47"}
2024-11-14 02:46:04 查询号码 【1344660】，GSD为【"湖北-荆门"】

2024-11-14 02:46:05 开始第 4662 次操作

2024-11-14 02:46:05 开始操作号码 【1344661】
2024-11-14 02:46:06 GSD getOne 第 1 次 等待 3 秒
2024-11-14 02:46:09 查询号码 【1344661】，返回信息 {"status":"ok","msg":"湖北-荆门","gid":"193969","time_insert":"2021-07-05 00:00"}
2024-11-14 02:46:09 查询号码 【1344661】，GSD为【"湖北-荆门"】

2024-11-14 02:46:10 开始第 4663 次操作

2024-11-14 02:46:10 开始操作号码 【1344662】
2024-11-14 02:46:12 GSD getOne 第 1 次 等待 3 秒
2024-11-14 02:46:15 查询号码 【1344662】，返回信息 {"status":"ok","msg":"湖北-荆门","gid":"194083","time_insert":"2021-07-05 00:14"}
2024-11-14 02:46:15 查询号码 【1344662】，GSD为【"湖北-荆门"】

2024-11-14 02:46:16 开始第 4664 次操作

2024-11-14 02:46:16 开始操作号码 【1344663】
2024-11-14 02:46:17 GSD getOne 第 1 次 等待 3 秒
2024-11-14 02:46:20 查询号码 【1344663】，返回信息 {"status":"ok","msg":"湖北-荆门","gid":"194139","time_insert":"2021-07-05 00:25"}
2024-11-14 02:46:21 查询号码 【1344663】，GSD为【"湖北-荆门"】

2024-11-14 03:16:17 开始第 4665 次操作

2024-11-14 03:16:17 开始操作号码 【1344664】
2024-11-14 03:16:20 GSD getOne 第 1 次 等待 3 秒
2024-11-14 03:16:23 查询号码 【1344664】，返回信息 {"status":"ok","msg":"湖北-荆门","gid":"194165","time_insert":"2021-07-05 00:38"}
2024-11-14 03:16:23 查询号码 【1344664】，GSD为【"湖北-荆门"】

2024-11-14 03:16:24 开始第 4666 次操作

2024-11-14 03:16:24 开始操作号码 【1344665】
2024-11-14 03:16:26 GSD getOne 第 1 次 等待 3 秒
2024-11-14 03:16:29 查询号码 【1344665】，返回信息 {"status":"ok","msg":"湖北-荆门","gid":"194180","time_insert":"2021-07-05 00:48"}
2024-11-14 03:16:29 查询号码 【1344665】，GSD为【"湖北-荆门"】

2024-11-14 03:16:30 开始第 4667 次操作

2024-11-14 03:16:30 开始操作号码 【1344666】
2024-11-14 03:16:32 GSD getOne 第 1 次 等待 3 秒
2024-11-14 03:16:35 查询号码 【1344666】，返回信息 {"status":"ok","msg":"湖北-荆门","gid":"194206","time_insert":"2021-07-05 01:01"}
2024-11-14 03:16:35 查询号码 【1344666】，GSD为【"湖北-荆门"】

2024-11-14 03:16:36 开始第 4668 次操作

2024-11-14 03:16:36 开始操作号码 【1344667】
2024-11-14 03:16:37 GSD getOne 第 1 次 等待 3 秒
2024-11-14 03:16:40 查询号码 【1344667】，返回信息 {"status":"ok","msg":"湖北-荆门","gid":"194247","time_insert":"2021-07-05 01:12"}
2024-11-14 03:16:41 查询号码 【1344667】，GSD为【"湖北-荆门"】

