2024-01-12 00:10:42 开始第 8473 次操作

2024-01-12 00:10:42 开始操作号码 【1898382】
2024-01-12 00:10:44 GSD getOne 第 1 次 等待 3 秒
2024-01-12 00:10:47 查询号码 【1898382】，返回信息 {"status":"ok","msg":"重庆-重庆","gid":"45694","time_insert":"2017-09-02 00:00","time_update":"2021-01-20 06:54"}
2024-01-12 00:10:48 查询号码 【1898382】，GSD为【"重庆-重庆"】

2024-01-12 00:10:49 开始第 8474 次操作

2024-01-12 00:10:49 开始操作号码 【1898383】
2024-01-12 00:10:51 GSD getOne 第 1 次 等待 3 秒
2024-01-12 00:10:54 查询号码 【1898383】，返回信息 {"status":"ok","msg":"重庆-重庆","gid":"52471","time_insert":"2021-04-25 22:34"}
2024-01-12 00:10:54 查询号码 【1898383】，GSD为【"重庆-重庆"】

2024-01-12 00:10:55 开始第 8475 次操作

2024-01-12 00:10:55 开始操作号码 【1898384】
2024-01-12 00:10:58 GSD getOne 第 1 次 等待 3 秒
2024-01-12 00:11:01 查询号码 【1898384】，返回信息 {"status":"ok","msg":"重庆-重庆","gid":"443798","time_insert":"2021-07-30 11:58"}
2024-01-12 00:11:01 查询号码 【1898384】，GSD为【"重庆-重庆"】

2024-01-12 00:11:02 开始第 8476 次操作

2024-01-12 00:11:02 开始操作号码 【1898385】
2024-01-12 00:11:05 GSD getOne 第 1 次 等待 3 秒
2024-01-12 00:11:08 查询号码 【1898385】，返回信息 {"status":"ok","msg":"重庆-重庆","gid":"45695","time_insert":"2017-05-11 09:33","time_update":"2021-01-20 06:59"}
2024-01-12 00:11:08 查询号码 【1898385】，GSD为【"重庆-重庆"】

