2023-12-05 00:10:37 开始第 1489 次操作

2023-12-05 00:10:37 开始操作号码 【1891398】
2023-12-05 00:10:43 GSD getOne 第 1 次 等待 3 秒
2023-12-05 00:10:46 查询号码 【1891398】，返回信息 {"status":"ok","msg":"江苏-南京","gid":"480573","time_insert":"2021-08-02 15:45"}
2023-12-05 00:10:46 查询号码 【1891398】，GSD为【"江苏-南京"】

2023-12-05 00:10:47 开始第 1490 次操作

2023-12-05 00:10:47 开始操作号码 【1891399】
2023-12-05 00:10:51 GSD getOne 第 1 次 等待 3 秒
2023-12-05 00:10:54 查询号码 【1891399】，返回信息 {"status":"ok","msg":"江苏-南京","gid":"480799","time_insert":"2021-08-02 15:58"}
2023-12-05 00:10:54 查询号码 【1891399】，GSD为【"江苏-南京"】

2023-12-05 00:10:55 开始第 1491 次操作

2023-12-05 00:10:55 开始操作号码 【1891400】
2023-12-05 00:10:58 GSD getOne 第 1 次 等待 3 秒
2023-12-05 00:11:01 查询号码 【1891400】，返回信息 {"status":"ok","msg":"江苏-苏州","gid":"480880","time_insert":"2021-08-02 16:08"}
2023-12-05 00:11:01 查询号码 【1891400】，GSD为【"江苏-苏州"】

2023-12-05 00:11:02 开始第 1492 次操作

2023-12-05 00:11:02 开始操作号码 【1891401】
2023-12-05 00:11:07 GSD getOne 第 1 次 等待 3 秒
2023-12-05 00:11:10 查询号码 【1891401】，返回信息 {"status":"ok","msg":"江苏-苏州","gid":"480917","time_insert":"2021-08-02 16:20"}
2023-12-05 00:11:10 查询号码 【1891401】，GSD为【"江苏-苏州"】

