2021-07-24 00:00:06 开始第 25 次操作

2021-07-24 00:00:06 开始操作号码 【1528002】
2021-07-24 00:00:09 GSD getOne 第 1 次 等待 3 秒
2021-07-24 00:00:12 查询号码 【1528002】，返回信息 {"status":"ok","msg":"福建-福州","gid":"19684","time_insert":"2017-09-25 16:26","time_update":"2020-09-05 04:07"}
2021-07-24 00:00:12 查询号码 【1528002】，GSD为【"福建-福州"】

2021-07-24 00:00:12 开始第 25 次操作

2021-07-24 00:00:12 开始操作号码 【1528001】
2021-07-24 00:00:16 GSD getOne 第 1 次 等待 3 秒
2021-07-24 00:00:19 查询号码 【1528001】，返回信息 {"status":"ok","msg":"福建-福州","gid":"19683","time_insert":"2018-10-03 09:38","time_update":"2020-09-05 05:50"}
2021-07-24 00:00:19 查询号码 【1528001】，GSD为【"福建-福州"】

2021-07-24 00:00:19 开始第 25 次操作

2021-07-24 00:00:19 开始操作号码 【1528000】
2021-07-24 00:00:23 GSD getOne 第 1 次 等待 3 秒
2021-07-24 00:00:26 查询号码 【1528000】，返回信息 {"status":"ok","msg":"福建-福州","gid":"19682","time_insert":"2020-04-16 09:29","time_update":"2020-09-05 05:46"}
2021-07-24 00:00:26 查询号码 【1528000】，GSD为【"福建-福州"】

2021-07-24 00:00:26 开始第 25 次操作

2021-07-24 00:00:26 开始操作号码 【1527999】
2021-07-24 00:00:31 GSD getOne 第 1 次 等待 3 秒
2021-07-24 00:00:34 查询号码 【1527999】，返回信息 {"status":"bad","msg":""}
2021-07-24 00:00:35 查询号码 【1527999】，GSD为【""】
2021-07-24 00:00:35 bad
2021-07-24 00:00:36 CHB 1527999?1627056035 第 1 次 等待 3 秒
2021-07-24 00:00:39 CHB 1527999?1627056035 第 1 次 获取到号码【1527999】GSD
2021-07-24 00:00:39 获取到号码【1527999】的GSD为【江西-景德镇】
2021-07-24 00:00:42 GSD insert 第 1 次 等待 3 秒
2021-07-24 00:00:45 {"status":"ok","gid":371207,"msg":"添加成功！"}
2021-07-24 00:00:45 下次操作: 2021-07-24 00:01:03

2021-07-24 00:01:03 开始第 26 次操作

2021-07-24 00:01:03 开始操作号码 【1527998】
2021-07-24 00:01:08 GSD getOne 第 1 次 等待 3 秒
2021-07-24 00:01:11 查询号码 【1527998】，返回信息 {"status":"bad","msg":""}
2021-07-24 00:01:11 查询号码 【1527998】，GSD为【""】
2021-07-24 00:01:11 bad
2021-07-24 00:01:13 CHB 1527998?1627056071 第 1 次 等待 3 秒
2021-07-24 00:01:16 CHB 1527998?1627056071 第 1 次 获取到号码【1527998】GSD
2021-07-24 00:01:16 获取到号码【1527998】的GSD为【江西-景德镇】
2021-07-24 00:01:25 GSD insert 第 1 次 等待 3 秒
2021-07-24 00:01:28 {"status":"ok","gid":371218,"msg":"添加成功！"}
2021-07-24 00:01:28 下次操作: 2021-07-24 00:01:46

2021-07-24 00:01:46 开始第 27 次操作

2021-07-24 00:01:46 开始操作号码 【1527997】
2021-07-24 00:01:49 GSD getOne 第 1 次 等待 3 秒
2021-07-24 00:01:52 查询号码 【1527997】，返回信息 {"status":"bad","msg":""}
2021-07-24 00:01:52 查询号码 【1527997】，GSD为【""】
2021-07-24 00:01:52 bad
2021-07-24 00:01:53 CHB 1527997?1627056112 第 1 次 等待 3 秒
2021-07-24 00:01:56 CHB 1527997?1627056112 第 1 次 获取到号码【1527997】GSD
2021-07-24 00:01:57 获取到号码【1527997】的GSD为【江西-萍乡】
2021-07-24 00:01:59 GSD insert 第 1 次 等待 3 秒
2021-07-24 00:02:02 {"status":"ok","gid":371224,"msg":"添加成功！"}
2021-07-24 00:02:02 下次操作: 2021-07-24 00:02:19

2021-07-24 00:02:19 开始第 28 次操作

2021-07-24 00:02:19 开始操作号码 【1527996】
2021-07-24 00:02:23 GSD getOne 第 1 次 等待 3 秒
2021-07-24 00:02:26 查询号码 【1527996】，返回信息 {"status":"ok","msg":"江西-萍乡","gid":"19681","time_insert":"2014-07-13 16:24","time_update":"2020-09-07 19:22"}
2021-07-24 00:02:26 查询号码 【1527996】，GSD为【"江西-萍乡"】

2021-07-24 00:02:26 开始第 28 次操作

2021-07-24 00:02:27 开始操作号码 【1527995】
2021-07-24 00:02:32 GSD getOne 第 1 次 等待 3 秒
2021-07-24 00:02:35 查询号码 【1527995】，返回信息 {"status":"bad","msg":""}
2021-07-24 00:02:36 查询号码 【1527995】，GSD为【""】
2021-07-24 00:02:36 bad
2021-07-24 00:02:37 CHB 1527995?1627056156 第 1 次 等待 3 秒
2021-07-24 00:02:40 CHB 1527995?1627056156 第 1 次 获取到号码【1527995】GSD
2021-07-24 00:02:40 获取到号码【1527995】的GSD为【江西-萍乡】
2021-07-24 00:02:47 GSD insert 第 1 次 等待 3 秒
2021-07-24 00:02:50 {"status":"ok","gid":371236,"msg":"添加成功！"}
2021-07-24 00:02:50 下次操作: 2021-07-24 00:03:07

2021-07-24 00:03:07 开始第 29 次操作

2021-07-24 00:03:07 开始操作号码 【1527994】
2021-07-24 00:03:11 GSD getOne 第 1 次 等待 3 秒
2021-07-24 00:03:14 查询号码 【1527994】，返回信息 {"status":"bad","msg":""}
2021-07-24 00:03:14 查询号码 【1527994】，GSD为【""】
2021-07-24 00:03:14 bad
2021-07-24 00:03:16 CHB 1527994?1627056194 第 1 次 等待 3 秒
2021-07-24 00:03:19 CHB 1527994?1627056194 第 1 次 获取到号码【1527994】GSD
2021-07-24 00:03:19 获取到号码【1527994】的GSD为【江西-萍乡】
2021-07-24 00:03:22 GSD insert 第 1 次 等待 3 秒
2021-07-24 00:03:25 {"status":"ok","gid":371242,"msg":"添加成功！"}
2021-07-24 00:03:25 下次操作: 2021-07-24 00:03:38

2021-07-24 00:03:38 开始第 30 次操作

2021-07-24 00:03:38 开始操作号码 【1527993】
2021-07-24 00:03:42 GSD getOne 第 1 次 等待 3 秒
2021-07-24 00:03:45 查询号码 【1527993】，返回信息 {"status":"bad","msg":""}
2021-07-24 00:03:45 查询号码 【1527993】，GSD为【""】
2021-07-24 00:03:45 bad
2021-07-24 00:03:46 CHB 1527993?1627056225 第 1 次 等待 3 秒
2021-07-24 00:03:49 CHB 1527993?1627056225 第 1 次 获取到号码【1527993】GSD
2021-07-24 00:03:50 获取到号码【1527993】的GSD为【江西-萍乡】
2021-07-24 00:03:52 GSD insert 第 1 次 等待 3 秒
2021-07-24 00:03:55 {"status":"ok","gid":371251,"msg":"添加成功！"}
2021-07-24 00:03:55 下次操作: 2021-07-24 00:04:12

2021-07-24 00:04:12 开始第 31 次操作

2021-07-24 00:04:12 开始操作号码 【1527992】
2021-07-24 00:04:15 GSD getOne 第 1 次 等待 3 秒
2021-07-24 00:04:18 查询号码 【1527992】，返回信息 {"status":"bad","msg":""}
2021-07-24 00:04:18 查询号码 【1527992】，GSD为【""】
2021-07-24 00:04:18 bad
2021-07-24 00:04:19 CHB 1527992?1627056258 第 1 次 等待 3 秒
2021-07-24 00:04:22 CHB 1527992?1627056258 第 1 次 获取到号码【1527992】GSD
2021-07-24 00:04:22 获取到号码【1527992】的GSD为【江西-萍乡】
2021-07-24 00:04:25 GSD insert 第 1 次 等待 3 秒
2021-07-24 00:04:28 {"status":"ok","gid":371257,"msg":"添加成功！"}
2021-07-24 00:04:28 下次操作: 2021-07-24 00:04:45

2021-07-24 00:04:45 开始第 32 次操作

2021-07-24 00:04:45 开始操作号码 【1527991】
2021-07-24 00:04:53 GSD getOne 第 1 次 等待 3 秒
2021-07-24 00:04:56 查询号码 【1527991】，返回信息 {"status":"bad","msg":""}
2021-07-24 00:04:56 查询号码 【1527991】，GSD为【""】
2021-07-24 00:04:56 bad
2021-07-24 00:04:58 CHB 1527991?1627056296 第 1 次 等待 3 秒
2021-07-24 00:05:01 CHB 1527991?1627056296 第 1 次 获取到号码【1527991】GSD
2021-07-24 00:05:01 获取到号码【1527991】的GSD为【江西-萍乡】
2021-07-24 00:05:05 GSD insert 第 1 次 等待 3 秒
2021-07-24 00:05:08 {"status":"ok","gid":371266,"msg":"添加成功！"}
2021-07-24 00:05:08 下次操作: 2021-07-24 00:05:21

2021-07-24 00:05:21 开始第 33 次操作

2021-07-24 00:05:21 开始操作号码 【1527990】
2021-07-24 00:05:25 GSD getOne 第 1 次 等待 3 秒
2021-07-24 00:05:28 查询号码 【1527990】，返回信息 {"status":"bad","msg":""}
2021-07-24 00:05:29 查询号码 【1527990】，GSD为【""】
2021-07-24 00:05:29 bad
2021-07-24 00:05:30 CHB 1527990?1627056329 第 1 次 等待 3 秒
2021-07-24 00:05:33 CHB 1527990?1627056329 第 1 次 获取到号码【1527990】GSD
2021-07-24 00:05:33 获取到号码【1527990】的GSD为【江西-萍乡】
2021-07-24 00:05:40 GSD insert 第 1 次 等待 3 秒
2021-07-24 00:05:43 {"status":"ok","gid":371278,"msg":"添加成功！"}
2021-07-24 00:05:43 下次操作: 2021-07-24 00:05:58

2021-07-24 00:05:58 开始第 34 次操作

2021-07-24 00:05:58 开始操作号码 【1527989】
2021-07-24 00:06:00 GSD getOne 第 1 次 等待 3 秒
2021-07-24 00:06:03 查询号码 【1527989】，返回信息 {"status":"bad","msg":""}
2021-07-24 00:06:03 查询号码 【1527989】，GSD为【""】
2021-07-24 00:06:03 bad
2021-07-24 00:06:05 CHB 1527989?1627056363 第 1 次 等待 3 秒
2021-07-24 00:06:08 CHB 1527989?1627056363 第 1 次 获取到号码【1527989】GSD
2021-07-24 00:06:08 获取到号码【1527989】的GSD为【江西-宜春】
2021-07-24 00:06:11 GSD insert 第 1 次 等待 3 秒
2021-07-24 00:06:14 {"status":"ok","gid":371289,"msg":"添加成功！"}
2021-07-24 00:06:14 下次操作: 2021-07-24 00:06:31

2021-07-24 00:06:31 开始第 35 次操作

2021-07-24 00:06:31 开始操作号码 【1527988】
2021-07-24 00:06:37 GSD getOne 第 1 次 等待 3 秒
2021-07-24 00:06:40 查询号码 【1527988】，返回信息 {"status":"ok","msg":"江西-宜春","gid":"19680","time_insert":"2016-10-19 16:33","time_update":"2020-09-07 19:19"}
2021-07-24 00:06:40 查询号码 【1527988】，GSD为【"江西-宜春"】

2021-07-24 00:06:40 开始第 35 次操作

2021-07-24 00:06:40 开始操作号码 【1527987】
2021-07-24 00:06:43 GSD getOne 第 1 次 等待 3 秒
2021-07-24 00:06:46 查询号码 【1527987】，返回信息 {"status":"bad","msg":""}
2021-07-24 00:06:46 查询号码 【1527987】，GSD为【""】
2021-07-24 00:06:46 bad
2021-07-24 00:06:48 CHB 1527987?1627056406 第 1 次 等待 3 秒
2021-07-24 00:06:51 CHB 1527987?1627056406 第 1 次 获取到号码【1527987】GSD
2021-07-24 00:06:51 获取到号码【1527987】的GSD为【江西-宜春】
2021-07-24 00:06:54 GSD insert 第 1 次 等待 3 秒
2021-07-24 00:06:57 {"status":"ok","gid":371297,"msg":"添加成功！"}
2021-07-24 00:06:57 下次操作: 2021-07-24 00:07:13

2021-07-24 00:07:13 开始第 36 次操作

2021-07-24 00:07:13 开始操作号码 【1527986】
2021-07-24 00:07:17 GSD getOne 第 1 次 等待 3 秒
2021-07-24 00:07:20 查询号码 【1527986】，返回信息 {"status":"ok","msg":"江西-宜春","gid":"19679","time_insert":"2018-09-21 08:45","time_update":"2020-09-07 17:08"}
2021-07-24 00:07:20 查询号码 【1527986】，GSD为【"江西-宜春"】

2021-07-24 00:07:20 开始第 36 次操作

2021-07-24 00:07:20 开始操作号码 【1527985】
2021-07-24 00:07:26 GSD getOne 第 1 次 等待 3 秒
2021-07-24 00:07:29 查询号码 【1527985】，返回信息 {"status":"bad","msg":""}
2021-07-24 00:07:29 查询号码 【1527985】，GSD为【""】
2021-07-24 00:07:29 bad
2021-07-24 00:07:31 CHB 1527985?1627056449 第 1 次 等待 3 秒
2021-07-24 00:07:34 CHB 1527985?1627056449 第 1 次 获取到号码【1527985】GSD
2021-07-24 00:07:34 获取到号码【1527985】的GSD为【江西-宜春】
2021-07-24 00:07:36 GSD insert 第 1 次 等待 3 秒
2021-07-24 00:07:39 {"status":"ok","gid":371306,"msg":"添加成功！"}
2021-07-24 00:07:39 下次操作: 2021-07-24 00:08:00

2021-07-24 00:08:00 开始第 37 次操作

2021-07-24 00:08:00 开始操作号码 【1527984】
2021-07-24 00:08:03 GSD getOne 第 1 次 等待 3 秒
2021-07-24 00:08:06 查询号码 【1527984】，返回信息 {"status":"bad","msg":""}
2021-07-24 00:08:06 查询号码 【1527984】，GSD为【""】
2021-07-24 00:08:06 bad
2021-07-24 00:08:08 CHB 1527984?1627056486 第 1 次 等待 3 秒
2021-07-24 00:08:11 CHB 1527984?1627056486 第 1 次 获取到号码【1527984】GSD
2021-07-24 00:08:11 获取到号码【1527984】的GSD为【江西-吉安】
2021-07-24 00:08:13 GSD insert 第 1 次 等待 3 秒
2021-07-24 00:08:16 {"status":"ok","gid":371314,"msg":"添加成功！"}
2021-07-24 00:08:16 下次操作: 2021-07-24 00:08:34

2021-07-24 00:08:34 开始第 38 次操作

2021-07-24 00:08:34 开始操作号码 【1527983】
2021-07-24 00:08:44 GSD getOne 第 1 次 等待 3 秒
2021-07-24 00:08:47 查询号码 【1527983】，返回信息 {"status":"ok","msg":"江西-吉安","gid":"19678","time_insert":"2018-05-12 15:47","time_update":"2020-09-07 19:14"}
2021-07-24 00:08:47 查询号码 【1527983】，GSD为【"江西-吉安"】

2021-07-24 00:08:47 开始第 38 次操作

2021-07-24 00:08:47 开始操作号码 【1527982】
2021-07-24 00:08:49 GSD getOne 第 1 次 等待 3 秒
2021-07-24 00:08:52 查询号码 【1527982】，返回信息 {"status":"bad","msg":""}
2021-07-24 00:08:52 查询号码 【1527982】，GSD为【""】
2021-07-24 00:08:52 bad
2021-07-24 00:08:54 CHB 1527982?1627056532 第 1 次 等待 3 秒
2021-07-24 00:08:57 CHB 1527982?1627056532 第 1 次 获取到号码【1527982】GSD
2021-07-24 00:08:57 获取到号码【1527982】的GSD为【江西-吉安】
2021-07-24 00:09:00 GSD insert 第 1 次 等待 3 秒
2021-07-24 00:09:03 {"status":"ok","gid":371322,"msg":"添加成功！"}
2021-07-24 00:09:03 下次操作: 2021-07-24 00:09:27

2021-07-24 00:09:27 开始第 39 次操作

2021-07-24 00:09:27 开始操作号码 【1527981】
2021-07-24 00:09:29 GSD getOne 第 1 次 等待 3 秒
2021-07-24 00:09:33 查询号码 【1527981】，返回信息 {"status":"ok","msg":"江西-吉安","gid":"19677","time_insert":"2017-04-19 11:23","time_update":"2020-09-07 19:10"}
2021-07-24 00:09:33 查询号码 【1527981】，GSD为【"江西-吉安"】

2021-07-24 00:09:33 开始第 39 次操作

2021-07-24 00:09:33 开始操作号码 【1527980】
2021-07-24 00:09:36 GSD getOne 第 1 次 等待 3 秒
2021-07-24 00:09:39 查询号码 【1527980】，返回信息 {"status":"ok","msg":"江西-吉安","gid":"19676","time_insert":"2018-07-02 16:05","time_update":"2020-09-07 19:54"}
2021-07-24 00:09:39 查询号码 【1527980】，GSD为【"江西-吉安"】

2021-07-24 00:09:39 开始第 39 次操作

2021-07-24 00:09:39 开始操作号码 【1527979】
2021-07-24 00:09:42 GSD getOne 第 1 次 等待 3 秒
2021-07-24 00:09:45 查询号码 【1527979】，返回信息 {"status":"bad","msg":""}
2021-07-24 00:09:45 查询号码 【1527979】，GSD为【""】
2021-07-24 00:09:45 bad
2021-07-24 00:09:47 CHB 1527979?1627056585 第 1 次 等待 3 秒
2021-07-24 00:09:50 CHB 1527979?1627056585 第 1 次 获取到号码【1527979】GSD
2021-07-24 00:09:50 获取到号码【1527979】的GSD为【江西-赣州】
2021-07-24 00:09:54 GSD insert 第 1 次 等待 3 秒
2021-07-24 00:09:57 {"status":"ok","gid":371331,"msg":"添加成功！"}
2021-07-24 00:09:57 下次操作: 2021-07-24 00:10:09

2021-07-24 00:10:09 开始第 40 次操作

2021-07-24 00:10:09 开始操作号码 【1527978】
2021-07-24 00:10:11 GSD getOne 第 1 次 等待 3 秒
2021-07-24 00:10:14 查询号码 【1527978】，返回信息 {"status":"bad","msg":""}
2021-07-24 00:10:14 查询号码 【1527978】，GSD为【""】
2021-07-24 00:10:14 bad
2021-07-24 00:10:16 CHB 1527978?1627056614 第 1 次 等待 3 秒
2021-07-24 00:10:19 CHB 1527978?1627056614 第 1 次 获取到号码【1527978】GSD
2021-07-24 00:10:19 获取到号码【1527978】的GSD为【江西-赣州】
2021-07-24 00:10:21 GSD insert 第 1 次 等待 3 秒
2021-07-24 00:10:24 {"status":"ok","gid":371338,"msg":"添加成功！"}

