2024-09-05 00:22:15 开始第 2889 次操作

2024-09-05 00:22:15 开始操作号码 【1452888】
2024-09-05 00:22:24 GSD getOne 第 1 次 等待 3 秒
2024-09-05 00:22:27 查询号码 【1452888】，返回信息 {"status":"ok","msg":"云南-丽江","gid":"74596","time_insert":"2021-05-31 14:03"}
2024-09-05 00:22:27 查询号码 【1452888】，GSD为【"云南-丽江"】

2024-09-05 00:22:28 开始第 2890 次操作

2024-09-05 00:22:28 开始操作号码 【1452889】
2024-09-05 00:22:35 GSD getOne 第 1 次 等待 3 秒
2024-09-05 00:22:38 查询号码 【1452889】，返回信息 {"status":"ok","msg":"云南-曲靖","gid":"74600","time_insert":"2021-05-31 14:07"}
2024-09-05 00:22:38 查询号码 【1452889】，GSD为【"云南-曲靖"】

2024-09-05 00:22:39 开始第 2891 次操作

2024-09-05 00:22:39 开始操作号码 【1452890】
2024-09-05 00:22:47 GSD getOne 第 1 次 等待 3 秒
2024-09-05 00:22:50 查询号码 【1452890】，返回信息 {"status":"ok","msg":"云南-昭通","gid":"74601","time_insert":"2021-05-31 14:11"}
2024-09-05 00:22:50 查询号码 【1452890】，GSD为【"云南-昭通"】

2024-09-05 00:22:51 开始第 2892 次操作

2024-09-05 00:22:51 开始操作号码 【1452891】
2024-09-05 00:22:59 GSD getOne 第 1 次 等待 3 秒
2024-09-05 00:23:02 查询号码 【1452891】，返回信息 {"status":"ok","msg":"云南-西双版纳","gid":"74607","time_insert":"2021-05-31 14:16"}
2024-09-05 00:23:02 查询号码 【1452891】，GSD为【"云南-西双版纳"】

