2024-11-16 00:27:29 开始第 4977 次操作

2024-11-16 00:27:29 开始操作号码 【1344976】
2024-11-16 00:27:31 GSD getOne 第 1 次 等待 3 秒
2024-11-16 00:27:34 查询号码 【1344976】，返回信息 {"status":"ok","msg":"重庆-重庆","gid":"215707","time_insert":"2021-07-07 17:09"}
2024-11-16 00:27:34 查询号码 【1344976】，GSD为【"重庆-重庆"】

2024-11-16 00:27:35 开始第 4978 次操作

2024-11-16 00:27:35 开始操作号码 【1344977】
2024-11-16 00:27:36 GSD getOne 第 1 次 等待 3 秒
2024-11-16 00:27:39 查询号码 【1344977】，返回信息 {"status":"ok","msg":"重庆-重庆","gid":"215733","time_insert":"2021-07-07 17:21"}
2024-11-16 00:27:39 查询号码 【1344977】，GSD为【"重庆-重庆"】

2024-11-16 00:27:40 开始第 4979 次操作

2024-11-16 00:27:40 开始操作号码 【1344978】
2024-11-16 00:27:41 GSD getOne 第 1 次 等待 3 秒
2024-11-16 00:27:44 查询号码 【1344978】，返回信息 {"status":"ok","msg":"重庆-重庆","gid":"215754","time_insert":"2021-07-07 17:32"}
2024-11-16 00:27:44 查询号码 【1344978】，GSD为【"重庆-重庆"】

2024-11-16 00:27:45 开始第 4980 次操作

2024-11-16 00:27:45 开始操作号码 【1344979】
2024-11-16 00:27:46 GSD getOne 第 1 次 等待 3 秒
2024-11-16 00:27:49 查询号码 【1344979】，返回信息 {"status":"ok","msg":"重庆-重庆","gid":"215817","time_insert":"2021-07-07 17:45"}
2024-11-16 00:27:50 查询号码 【1344979】，GSD为【"重庆-重庆"】

