2024-04-16 00:09:07 开始第 3873 次操作

2024-04-16 00:09:07 开始操作号码 【1673783】
2024-04-16 00:09:15 GSD getOne 第 1 次 等待 3 秒
2024-04-16 00:09:18 查询号码 【1673783】，返回信息 {"status":"ok","msg":"山东-聊城","gid":"261770","time_insert":"2021-07-13 02:57"}
2024-04-16 00:09:19 查询号码 【1673783】，GSD为【"山东-聊城"】

2024-04-16 00:09:20 开始第 3874 次操作

2024-04-16 00:09:20 开始操作号码 【1673784】
2024-04-16 00:09:24 GSD getOne 第 1 次 等待 3 秒
2024-04-16 00:09:27 查询号码 【1673784】，返回信息 {"status":"ok","msg":"山东-聊城","gid":"261908","time_insert":"2021-07-13 03:34"}
2024-04-16 00:09:27 查询号码 【1673784】，GSD为【"山东-聊城"】

2024-04-16 00:09:28 开始第 3875 次操作

2024-04-16 00:09:28 开始操作号码 【1673785】
2024-04-16 00:09:33 GSD getOne 第 1 次 等待 3 秒
2024-04-16 00:09:36 查询号码 【1673785】，返回信息 {"status":"ok","msg":"山东-聊城","gid":"261911","time_insert":"2021-07-13 03:35"}
2024-04-16 00:09:36 查询号码 【1673785】，GSD为【"山东-聊城"】

2024-04-16 00:09:37 开始第 3876 次操作

2024-04-16 00:09:37 开始操作号码 【1673786】
2024-04-16 00:09:42 GSD getOne 第 1 次 等待 3 秒
2024-04-16 00:09:45 查询号码 【1673786】，返回信息 {"status":"ok","msg":"山东-聊城","gid":"261913","time_insert":"2021-07-13 03:35"}
2024-04-16 00:09:45 查询号码 【1673786】，GSD为【"山东-聊城"】

2024-04-16 00:32:25 开始第 3877 次操作

2024-04-16 00:32:25 开始操作号码 【1673787】
2024-04-16 00:32:30 GSD getOne 第 1 次 等待 3 秒
2024-04-16 00:32:33 查询号码 【1673787】，返回信息 {"status":"ok","msg":"山东-聊城","gid":"261918","time_insert":"2021-07-13 03:35"}
2024-04-16 00:32:33 查询号码 【1673787】，GSD为【"山东-聊城"】

2024-04-16 00:32:34 开始第 3878 次操作

2024-04-16 00:32:34 开始操作号码 【1673788】
2024-04-16 00:32:42 GSD getOne 第 1 次 等待 3 秒
2024-04-16 00:32:45 查询号码 【1673788】，返回信息 {"status":"ok","msg":"山东-聊城","gid":"261924","time_insert":"2021-07-13 03:36"}
2024-04-16 00:32:45 查询号码 【1673788】，GSD为【"山东-聊城"】

2024-04-16 00:32:46 开始第 3879 次操作

2024-04-16 00:32:46 开始操作号码 【1673789】
2024-04-16 00:32:50 GSD getOne 第 1 次 等待 3 秒
2024-04-16 00:32:53 查询号码 【1673789】，返回信息 {"status":"ok","msg":"山东-济宁","gid":"261930","time_insert":"2021-07-13 03:36"}
2024-04-16 00:32:53 查询号码 【1673789】，GSD为【"山东-济宁"】

2024-04-16 00:32:55 开始第 3880 次操作

2024-04-16 00:32:55 开始操作号码 【1673790】
2024-04-16 00:33:00 GSD getOne 第 1 次 等待 3 秒
2024-04-16 00:33:03 查询号码 【1673790】，返回信息 {"status":"ok","msg":"江西-新余","gid":"261936","time_insert":"2021-07-13 03:37"}
2024-04-16 00:33:03 查询号码 【1673790】，GSD为【"江西-新余"】

2024-04-16 01:07:37 开始第 3881 次操作

2024-04-16 01:07:37 开始操作号码 【1673791】
2024-04-16 01:07:47 GSD getOne 第 1 次 等待 3 秒
2024-04-16 01:07:50 查询号码 【1673791】，返回信息 {"status":"ok","msg":"江西-南昌","gid":"261943","time_insert":"2021-07-13 03:37"}
2024-04-16 01:07:50 查询号码 【1673791】，GSD为【"江西-南昌"】

2024-04-16 01:07:51 开始第 3882 次操作

2024-04-16 01:07:51 开始操作号码 【1673792】
2024-04-16 01:07:56 GSD getOne 第 1 次 等待 3 秒
2024-04-16 01:07:59 查询号码 【1673792】，返回信息 {"status":"ok","msg":"江西-九江","gid":"261952","time_insert":"2021-07-13 03:37"}
2024-04-16 01:07:59 查询号码 【1673792】，GSD为【"江西-九江"】

2024-04-16 01:08:00 开始第 3883 次操作

2024-04-16 01:08:00 开始操作号码 【1673793】
2024-04-16 01:08:05 GSD getOne 第 1 次 等待 3 秒
2024-04-16 01:08:08 查询号码 【1673793】，返回信息 {"status":"ok","msg":"江西-上饶","gid":"261961","time_insert":"2021-07-13 03:38"}
2024-04-16 01:08:08 查询号码 【1673793】，GSD为【"江西-上饶"】

2024-04-16 01:08:09 开始第 3884 次操作

2024-04-16 01:08:09 开始操作号码 【1673794】
2024-04-16 01:08:16 GSD getOne 第 1 次 等待 3 秒
2024-04-16 01:08:19 查询号码 【1673794】，返回信息 {"status":"ok","msg":"江西-抚州","gid":"261972","time_insert":"2021-07-13 03:38"}
2024-04-16 01:08:19 查询号码 【1673794】，GSD为【"江西-抚州"】

2024-04-16 01:32:18 开始第 3885 次操作

2024-04-16 01:32:18 开始操作号码 【1673795】
2024-04-16 01:32:24 GSD getOne 第 1 次 等待 3 秒
2024-04-16 01:32:27 查询号码 【1673795】，返回信息 {"status":"ok","msg":"江西-宜春","gid":"261976","time_insert":"2021-07-13 03:39"}
2024-04-16 01:32:27 查询号码 【1673795】，GSD为【"江西-宜春"】

2024-04-16 01:32:28 开始第 3886 次操作

2024-04-16 01:32:28 开始操作号码 【1673796】
2024-04-16 01:32:32 GSD getOne 第 1 次 等待 3 秒
2024-04-16 01:32:35 查询号码 【1673796】，返回信息 {"status":"ok","msg":"江西-吉安","gid":"261980","time_insert":"2021-07-13 03:39"}
2024-04-16 01:32:35 查询号码 【1673796】，GSD为【"江西-吉安"】

2024-04-16 01:32:36 开始第 3887 次操作

2024-04-16 01:32:36 开始操作号码 【1673797】
2024-04-16 01:32:42 GSD getOne 第 1 次 等待 3 秒
2024-04-16 01:32:45 查询号码 【1673797】，返回信息 {"status":"ok","msg":"江西-赣州","gid":"261988","time_insert":"2021-07-13 03:39"}
2024-04-16 01:32:45 查询号码 【1673797】，GSD为【"江西-赣州"】

2024-04-16 01:32:46 开始第 3888 次操作

2024-04-16 01:32:46 开始操作号码 【1673798】
2024-04-16 01:32:51 GSD getOne 第 1 次 等待 3 秒
2024-04-16 01:32:54 查询号码 【1673798】，返回信息 {"status":"ok","msg":"江西-景德镇","gid":"261996","time_insert":"2021-07-13 03:40"}
2024-04-16 01:32:54 查询号码 【1673798】，GSD为【"江西-景德镇"】

2024-04-16 02:10:23 开始第 3889 次操作

2024-04-16 02:10:23 开始操作号码 【1673799】
2024-04-16 02:10:30 GSD getOne 第 1 次 等待 3 秒
2024-04-16 02:10:33 查询号码 【1673799】，返回信息 {"status":"ok","msg":"江西-萍乡","gid":"262005","time_insert":"2021-07-13 03:40"}
2024-04-16 02:10:33 查询号码 【1673799】，GSD为【"江西-萍乡"】

2024-04-16 02:10:34 开始第 3890 次操作

2024-04-16 02:10:34 开始操作号码 【1673800】
2024-04-16 02:10:40 GSD getOne 第 1 次 等待 3 秒
2024-04-16 02:10:43 查询号码 【1673800】，返回信息 {"status":"ok","msg":"山东-济宁","gid":"262017","time_insert":"2021-07-13 03:40"}
2024-04-16 02:10:43 查询号码 【1673800】，GSD为【"山东-济宁"】

2024-04-16 02:10:44 开始第 3891 次操作

2024-04-16 02:10:44 开始操作号码 【1673801】
2024-04-16 02:10:49 GSD getOne 第 1 次 等待 3 秒
2024-04-16 02:10:52 查询号码 【1673801】，返回信息 {"status":"ok","msg":"山东-滨州","gid":"262021","time_insert":"2021-07-13 03:41"}
2024-04-16 02:10:52 查询号码 【1673801】，GSD为【"山东-滨州"】

2024-04-16 02:10:53 开始第 3892 次操作

2024-04-16 02:10:53 开始操作号码 【1673802】
2024-04-16 02:10:58 GSD getOne 第 1 次 等待 3 秒
2024-04-16 02:11:01 查询号码 【1673802】，返回信息 {"status":"ok","msg":"山东-莱芜","gid":"262031","time_insert":"2021-07-13 03:41"}
2024-04-16 02:11:01 查询号码 【1673802】，GSD为【"山东-莱芜"】

2024-04-16 02:34:02 开始第 3893 次操作

2024-04-16 02:34:02 开始操作号码 【1673803】
2024-04-16 02:34:08 GSD getOne 第 1 次 等待 3 秒
2024-04-16 02:34:11 查询号码 【1673803】，返回信息 {"status":"ok","msg":"山东-莱芜","gid":"262038","time_insert":"2021-07-13 03:42"}
2024-04-16 02:34:11 查询号码 【1673803】，GSD为【"山东-莱芜"】

2024-04-16 02:34:12 开始第 3894 次操作

2024-04-16 02:34:12 开始操作号码 【1673804】
2024-04-16 02:34:16 GSD getOne 第 1 次 等待 3 秒
2024-04-16 02:34:19 查询号码 【1673804】，返回信息 {"status":"ok","msg":"山东-莱芜","gid":"262047","time_insert":"2021-07-13 03:42"}
2024-04-16 02:34:19 查询号码 【1673804】，GSD为【"山东-莱芜"】

2024-04-16 02:34:20 开始第 3895 次操作

2024-04-16 02:34:20 开始操作号码 【1673805】
2024-04-16 02:34:25 GSD getOne 第 1 次 等待 3 秒
2024-04-16 02:34:28 查询号码 【1673805】，返回信息 {"status":"ok","msg":"山东-莱芜","gid":"262057","time_insert":"2021-07-13 03:42"}
2024-04-16 02:34:28 查询号码 【1673805】，GSD为【"山东-莱芜"】

2024-04-16 02:34:29 开始第 3896 次操作

2024-04-16 02:34:29 开始操作号码 【1673806】
2024-04-16 02:34:34 GSD getOne 第 1 次 等待 3 秒
2024-04-16 02:34:37 查询号码 【1673806】，返回信息 {"status":"ok","msg":"山东-莱芜","gid":"262064","time_insert":"2021-07-13 03:43"}
2024-04-16 02:34:37 查询号码 【1673806】，GSD为【"山东-莱芜"】

