2024-11-01 00:26:58 开始第 2429 次操作

2024-11-01 00:26:58 开始操作号码 【1342428】
2024-11-01 00:27:03 GSD getOne 第 1 次 等待 3 秒
2024-11-01 00:27:06 查询号码 【1342428】，返回信息 {"status":"ok","msg":"广东-深圳","gid":"82888","time_insert":"2021-06-06 14:52"}
2024-11-01 00:27:06 查询号码 【1342428】，GSD为【"广东-深圳"】

2024-11-01 00:27:07 开始第 2430 次操作

2024-11-01 00:27:07 开始操作号码 【1342429】
2024-11-01 00:27:08 GSD getOne 第 1 次 等待 3 秒
2024-11-01 00:27:11 查询号码 【1342429】，返回信息 {"status":"ok","msg":"广东-深圳","gid":"82910","time_insert":"2021-06-06 15:16"}
2024-11-01 00:27:11 查询号码 【1342429】，GSD为【"广东-深圳"】

2024-11-01 00:27:12 开始第 2431 次操作

2024-11-01 00:27:12 开始操作号码 【1342430】
2024-11-01 00:27:13 GSD getOne 第 1 次 等待 3 秒
2024-11-01 00:27:16 查询号码 【1342430】，返回信息 {"status":"ok","msg":"广东-深圳","gid":"82938","time_insert":"2021-06-06 15:42"}
2024-11-01 00:27:16 查询号码 【1342430】，GSD为【"广东-深圳"】

2024-11-01 00:27:17 开始第 2432 次操作

2024-11-01 00:27:17 开始操作号码 【1342431】
2024-11-01 00:27:19 GSD getOne 第 1 次 等待 3 秒
2024-11-01 00:27:22 查询号码 【1342431】，返回信息 {"status":"ok","msg":"广东-深圳","gid":"4189","time_insert":"2017-01-12 13:43","time_update":"2020-09-25 15:52"}
2024-11-01 00:27:22 查询号码 【1342431】，GSD为【"广东-深圳"】

