2024-03-14 00:09:24 开始第 8929 次操作

2024-03-14 00:09:24 开始操作号码 【1788838】
2024-03-14 00:09:28 GSD getOne 第 1 次 等待 3 秒
2024-03-14 00:09:31 查询号码 【1788838】，返回信息 {"status":"ok","msg":"山东-泰安","gid":"265348","time_insert":"2021-07-13 13:01"}
2024-03-14 00:09:31 查询号码 【1788838】，GSD为【"山东-泰安"】

2024-03-14 00:09:32 开始第 8930 次操作

2024-03-14 00:09:32 开始操作号码 【1788839】
2024-03-14 00:09:37 GSD getOne 第 1 次 等待 3 秒
2024-03-14 00:09:40 查询号码 【1788839】，返回信息 {"status":"ok","msg":"山东-临沂","gid":"265339","time_insert":"2021-07-13 13:01"}
2024-03-14 00:09:41 查询号码 【1788839】，GSD为【"山东-临沂"】

2024-03-14 00:09:42 开始第 8931 次操作

2024-03-14 00:09:42 开始操作号码 【1788840】
2024-03-14 00:09:46 GSD getOne 第 1 次 等待 3 秒
2024-03-14 00:09:49 查询号码 【1788840】，返回信息 {"status":"ok","msg":"四川-自贡","gid":"265333","time_insert":"2021-07-13 13:01"}
2024-03-14 00:09:49 查询号码 【1788840】，GSD为【"四川-自贡"】

2024-03-14 00:09:50 开始第 8932 次操作

2024-03-14 00:09:50 开始操作号码 【1788841】
2024-03-14 00:09:54 GSD getOne 第 1 次 等待 3 秒
2024-03-14 00:09:57 查询号码 【1788841】，返回信息 {"status":"ok","msg":"四川-内江","gid":"265326","time_insert":"2021-07-13 13:00"}
2024-03-14 00:09:57 查询号码 【1788841】，GSD为【"四川-内江"】

2024-03-14 00:39:54 开始第 8933 次操作

2024-03-14 00:39:54 开始操作号码 【1788842】
2024-03-14 00:40:00 GSD getOne 第 1 次 等待 3 秒
2024-03-14 00:40:03 查询号码 【1788842】，返回信息 {"status":"ok","msg":"四川-乐山","gid":"265317","time_insert":"2021-07-13 13:00"}
2024-03-14 00:40:03 查询号码 【1788842】，GSD为【"四川-乐山"】

2024-03-14 00:40:04 开始第 8934 次操作

2024-03-14 00:40:04 开始操作号码 【1788843】
2024-03-14 00:40:09 GSD getOne 第 1 次 等待 3 秒
2024-03-14 00:40:12 查询号码 【1788843】，返回信息 {"status":"ok","msg":"四川-泸州","gid":"265306","time_insert":"2021-07-13 12:59"}
2024-03-14 00:40:12 查询号码 【1788843】，GSD为【"四川-泸州"】

2024-03-14 00:40:13 开始第 8935 次操作

2024-03-14 00:40:13 开始操作号码 【1788844】
2024-03-14 00:40:20 GSD getOne 第 1 次 等待 3 秒
2024-03-14 00:40:23 查询号码 【1788844】，返回信息 {"status":"ok","msg":"四川-南充","gid":"265300","time_insert":"2021-07-13 12:59"}
2024-03-14 00:40:23 查询号码 【1788844】，GSD为【"四川-南充"】

2024-03-14 00:40:24 开始第 8936 次操作

2024-03-14 00:40:24 开始操作号码 【1788845】
2024-03-14 00:40:29 GSD getOne 第 1 次 等待 3 秒
2024-03-14 00:40:32 查询号码 【1788845】，返回信息 {"status":"ok","msg":"四川-宜宾","gid":"265290","time_insert":"2021-07-13 12:59"}
2024-03-14 00:40:32 查询号码 【1788845】，GSD为【"四川-宜宾"】

2024-03-14 01:09:08 开始第 8937 次操作

2024-03-14 01:09:08 开始操作号码 【1788846】
2024-03-14 01:09:16 GSD getOne 第 1 次 等待 3 秒
2024-03-14 01:09:19 查询号码 【1788846】，返回信息 {"status":"ok","msg":"四川-绵阳","gid":"265280","time_insert":"2021-07-13 12:58"}
2024-03-14 01:09:19 查询号码 【1788846】，GSD为【"四川-绵阳"】

2024-03-14 01:09:20 开始第 8938 次操作

2024-03-14 01:09:20 开始操作号码 【1788847】
2024-03-14 01:09:24 GSD getOne 第 1 次 等待 3 秒
2024-03-14 01:09:27 查询号码 【1788847】，返回信息 {"status":"ok","msg":"四川-德阳","gid":"265270","time_insert":"2021-07-13 12:58"}
2024-03-14 01:09:27 查询号码 【1788847】，GSD为【"四川-德阳"】

2024-03-14 01:09:28 开始第 8939 次操作

2024-03-14 01:09:28 开始操作号码 【1788848】
2024-03-14 01:09:32 GSD getOne 第 1 次 等待 3 秒
2024-03-14 01:09:35 查询号码 【1788848】，返回信息 {"status":"ok","msg":"四川-达州","gid":"265258","time_insert":"2021-07-13 12:57"}
2024-03-14 01:09:36 查询号码 【1788848】，GSD为【"四川-达州"】

2024-03-14 01:09:37 开始第 8940 次操作

2024-03-14 01:09:37 开始操作号码 【1788849】
2024-03-14 01:09:41 GSD getOne 第 1 次 等待 3 秒
2024-03-14 01:09:44 查询号码 【1788849】，返回信息 {"status":"ok","msg":"四川-成都","gid":"265251","time_insert":"2021-07-13 12:57"}
2024-03-14 01:09:44 查询号码 【1788849】，GSD为【"四川-成都"】

