2024-03-25 00:08:47 开始第 91 次操作
2024-03-25 00:08:47 号码【178（0000 ---> 9999）】处理完毕
2024-03-25 00:32:39 开始第 91 次操作
2024-03-25 00:32:39 号码【178（0000 ---> 9999）】处理完毕
2024-03-25 01:07:10 开始第 91 次操作
2024-03-25 01:07:10 号码【178（0000 ---> 9999）】处理完毕
2024-03-25 01:33:39 开始第 91 次操作
2024-03-25 01:33:39 号码【178（0000 ---> 9999）】处理完毕
2024-03-25 02:10:48 开始第 91 次操作
2024-03-25 02:10:48 号码【178（0000 ---> 9999）】处理完毕
2024-03-25 02:33:11 开始第 91 次操作
2024-03-25 02:33:11 号码【178（0000 ---> 9999）】处理完毕
2024-03-25 03:07:52 开始第 91 次操作
2024-03-25 03:07:52 号码【178（0000 ---> 9999）】处理完毕
2024-03-25 03:32:34 开始第 91 次操作
2024-03-25 03:32:34 号码【178（0000 ---> 9999）】处理完毕
2024-03-25 04:07:32 开始第 91 次操作
2024-03-25 04:07:32 号码【178（0000 ---> 9999）】处理完毕
2024-03-25 04:32:28 开始第 91 次操作
2024-03-25 04:32:28 号码【178（0000 ---> 9999）】处理完毕
2024-03-25 05:06:25 开始第 91 次操作
2024-03-25 05:06:25 号码【178（0000 ---> 9999）】处理完毕
2024-03-25 05:32:21 开始第 91 次操作
2024-03-25 05:32:21 号码【178（0000 ---> 9999）】处理完毕
2024-03-25 06:08:34 开始第 91 次操作
2024-03-25 06:08:34 号码【178（0000 ---> 9999）】处理完毕
2024-03-25 06:32:50 开始第 91 次操作
2024-03-25 06:32:50 号码【178（0000 ---> 9999）】处理完毕
2024-03-25 07:08:27 开始第 91 次操作
2024-03-25 07:08:27 号码【178（0000 ---> 9999）】处理完毕
2024-03-25 07:32:34 开始第 91 次操作
2024-03-25 07:32:34 号码【178（0000 ---> 9999）】处理完毕
2024-03-25 08:37:57 开始第 91 次操作
2024-03-25 08:37:57 号码【178（0000 ---> 9999）】处理完毕
2024-03-25 09:42:34 开始第 91 次操作
2024-03-25 09:42:34 号码【178（0000 ---> 9999）】处理完毕
2024-03-25 10:17:35 开始第 91 次操作
2024-03-25 10:17:35 号码【178（0000 ---> 9999）】处理完毕
2024-03-25 10:35:22 开始第 91 次操作
2024-03-25 10:35:22 号码【178（0000 ---> 9999）】处理完毕
2024-03-25 11:10:35 开始第 91 次操作
2024-03-25 11:10:35 号码【178（0000 ---> 9999）】处理完毕
2024-03-25 11:32:29 开始第 91 次操作
2024-03-25 11:32:29 号码【178（0000 ---> 9999）】处理完毕
2024-03-25 12:10:36 开始第 91 次操作
2024-03-25 12:10:36 号码【178（0000 ---> 9999）】处理完毕
2024-03-25 12:33:22 开始第 91 次操作
2024-03-25 12:33:22 号码【178（0000 ---> 9999）】处理完毕
2024-03-25 13:08:28 开始第 91 次操作
2024-03-25 13:08:28 号码【178（0000 ---> 9999）】处理完毕
2024-03-25 13:32:23 开始第 91 次操作
2024-03-25 13:32:23 号码【178（0000 ---> 9999）】处理完毕
2024-03-25 13:57:34 开始第 91 次操作

2024-03-25 13:57:34 开始操作号码 【1670001】
2024-03-25 13:57:39 GSD getOne 第 1 次 等待 3 秒
2024-03-25 13:57:42 查询号码 【1670001】，返回信息 {"status":"ok","msg":"-","gid":"215241","time_insert":"2021-07-07 15:57"}
2024-03-25 13:57:42 查询号码 【1670001】，GSD为【"-"】
2024-03-25 13:57:42 ok && -
2024-03-25 13:57:44 CHB 1670001?1711346262 第 1 次 等待 3 秒
2024-03-25 13:57:47 CHB 1670001?1711346262 第 1 次 获取到号码【1670001】GSD
2024-03-25 13:57:47 未获取到号码【1670001】GSD，可能号码格式错误
2024-03-25 13:57:47 获取到号码【1670001】的GSD为【-】
2024-03-25 13:57:52 GSD insert 第 1 次 等待 3 秒
2024-03-25 13:57:55 {"status":"bad","gid":"215241","msg":"添加失败！号码【1670001(-|-)】已存在！"}
2024-03-25 13:57:55 随机等待 233 秒，约 3 分钟
2024-03-25 13:57:55 下次操作: 2024-03-25 14:01:48

2024-03-25 14:01:48 开始第 92 次操作

2024-03-25 14:01:48 开始操作号码 【1670002】
2024-03-25 14:01:53 GSD getOne 第 1 次 等待 3 秒
2024-03-25 14:01:56 查询号码 【1670002】，返回信息 {"status":"ok","msg":"-","gid":"215246","time_insert":"2021-07-07 15:58"}
2024-03-25 14:01:56 查询号码 【1670002】，GSD为【"-"】
2024-03-25 14:01:56 ok && -
2024-03-25 14:01:58 CHB 1670002?1711346516 第 1 次 等待 3 秒
2024-03-25 14:02:01 CHB 1670002?1711346516 第 1 次 获取到号码【1670002】GSD
2024-03-25 14:02:01 未获取到号码【1670002】GSD，可能号码格式错误
2024-03-25 14:02:01 获取到号码【1670002】的GSD为【-】
2024-03-25 14:02:06 GSD insert 第 1 次 等待 3 秒
2024-03-25 14:02:09 {"status":"bad","gid":"215246","msg":"添加失败！号码【1670002(-|-)】已存在！"}

