2023-11-13 00:08:23 开始第 8537 次操作

2023-11-13 00:08:23 开始操作号码 【1998445】
2023-11-13 00:08:31 GSD getOne 第 1 次 等待 3 秒
2023-11-13 00:08:34 查询号码 【1998445】，返回信息 {"status":"ok","msg":"贵州-黔东南","gid":"82987","time_insert":"2021-06-06 16:24","time_update":"2021-06-26 01:32"}
2023-11-13 00:08:34 查询号码 【1998445】，GSD为【"贵州-黔东南"】

2023-11-13 00:08:35 开始第 8538 次操作

2023-11-13 00:08:35 开始操作号码 【1998446】
2023-11-13 00:08:38 GSD getOne 第 1 次 等待 3 秒
2023-11-13 00:08:41 查询号码 【1998446】，返回信息 {"status":"ok","msg":"贵州-铜仁","gid":"485962","time_insert":"2021-08-03 03:02"}
2023-11-13 00:08:41 查询号码 【1998446】，GSD为【"贵州-铜仁"】

2023-11-13 00:08:42 开始第 8539 次操作

2023-11-13 00:08:42 开始操作号码 【1998447】
2023-11-13 00:08:47 GSD getOne 第 1 次 等待 3 秒
2023-11-13 00:08:50 查询号码 【1998447】，返回信息 {"status":"ok","msg":"贵州-毕节","gid":"485949","time_insert":"2021-08-03 03:01"}
2023-11-13 00:08:50 查询号码 【1998447】，GSD为【"贵州-毕节"】

2023-11-13 00:08:51 开始第 8540 次操作

2023-11-13 00:08:51 开始操作号码 【1998448】
2023-11-13 00:08:54 GSD getOne 第 1 次 等待 3 秒
2023-11-13 00:08:57 查询号码 【1998448】，返回信息 {"status":"ok","msg":"贵州-六盘水","gid":"485935","time_insert":"2021-08-03 03:00"}
2023-11-13 00:08:57 查询号码 【1998448】，GSD为【"贵州-六盘水"】

2023-11-13 00:33:56 开始第 8541 次操作

2023-11-13 00:33:56 开始操作号码 【1998449】
2023-11-13 00:34:00 GSD getOne 第 1 次 等待 3 秒
2023-11-13 00:34:03 查询号码 【1998449】，返回信息 {"status":"ok","msg":"贵州-黔西南","gid":"485923","time_insert":"2021-08-03 02:59"}
2023-11-13 00:34:03 查询号码 【1998449】，GSD为【"贵州-黔西南"】

2023-11-13 00:34:04 开始第 8542 次操作

2023-11-13 00:34:04 开始操作号码 【1998450】
2023-11-13 00:34:10 GSD getOne 第 1 次 等待 3 秒
2023-11-13 00:34:13 查询号码 【1998450】，返回信息 {"status":"ok","msg":"贵州-贵阳","gid":"485906","time_insert":"2021-08-03 02:58"}
2023-11-13 00:34:13 查询号码 【1998450】，GSD为【"贵州-贵阳"】

2023-11-13 00:34:14 开始第 8543 次操作

2023-11-13 00:34:14 开始操作号码 【1998451】
2023-11-13 00:34:17 GSD getOne 第 1 次 等待 3 秒
2023-11-13 00:34:20 查询号码 【1998451】，返回信息 {"status":"ok","msg":"贵州-贵阳","gid":"485896","time_insert":"2021-08-03 02:57"}
2023-11-13 00:34:20 查询号码 【1998451】，GSD为【"贵州-贵阳"】

2023-11-13 00:34:21 开始第 8544 次操作

2023-11-13 00:34:21 开始操作号码 【1998452】
2023-11-13 00:34:25 GSD getOne 第 1 次 等待 3 秒
2023-11-13 00:34:28 查询号码 【1998452】，返回信息 {"status":"ok","msg":"贵州-遵义","gid":"485884","time_insert":"2021-08-03 02:56"}
2023-11-13 00:34:28 查询号码 【1998452】，GSD为【"贵州-遵义"】

2023-11-13 01:06:18 开始第 8545 次操作

2023-11-13 01:06:18 开始操作号码 【1998453】
2023-11-13 01:06:22 GSD getOne 第 1 次 等待 3 秒
2023-11-13 01:06:25 查询号码 【1998453】，返回信息 {"status":"ok","msg":"贵州-遵义","gid":"485866","time_insert":"2021-08-03 02:55"}
2023-11-13 01:06:25 查询号码 【1998453】，GSD为【"贵州-遵义"】

2023-11-13 01:06:26 开始第 8546 次操作

2023-11-13 01:06:26 开始操作号码 【1998454】
2023-11-13 01:06:29 GSD getOne 第 1 次 等待 3 秒
2023-11-13 01:06:32 查询号码 【1998454】，返回信息 {"status":"ok","msg":"贵州-遵义","gid":"485853","time_insert":"2021-08-03 02:55"}
2023-11-13 01:06:32 查询号码 【1998454】，GSD为【"贵州-遵义"】

2023-11-13 01:06:33 开始第 8547 次操作

2023-11-13 01:06:33 开始操作号码 【1998455】
2023-11-13 01:06:39 GSD getOne 第 1 次 等待 3 秒
2023-11-13 01:06:42 查询号码 【1998455】，返回信息 {"status":"ok","msg":"贵州-遵义","gid":"485704","time_insert":"2021-08-03 02:14"}
2023-11-13 01:06:42 查询号码 【1998455】，GSD为【"贵州-遵义"】

2023-11-13 01:06:43 开始第 8548 次操作

2023-11-13 01:06:43 开始操作号码 【1998456】
2023-11-13 01:06:46 GSD getOne 第 1 次 等待 3 秒
2023-11-13 01:06:49 查询号码 【1998456】，返回信息 {"status":"ok","msg":"贵州-铜仁","gid":"49962","time_insert":"2021-04-21 14:42"}
2023-11-13 01:06:49 查询号码 【1998456】，GSD为【"贵州-铜仁"】

2023-11-13 01:32:24 开始第 8549 次操作

2023-11-13 01:32:24 开始操作号码 【1998457】
2023-11-13 01:32:27 GSD getOne 第 1 次 等待 3 秒
2023-11-13 01:32:30 查询号码 【1998457】，返回信息 {"status":"ok","msg":"贵州-六盘水","gid":"485698","time_insert":"2021-08-03 02:12"}
2023-11-13 01:32:30 查询号码 【1998457】，GSD为【"贵州-六盘水"】

2023-11-13 01:32:31 开始第 8550 次操作

2023-11-13 01:32:31 开始操作号码 【1998458】
2023-11-13 01:32:34 GSD getOne 第 1 次 等待 3 秒
2023-11-13 01:32:37 查询号码 【1998458】，返回信息 {"status":"ok","msg":"贵州-六盘水","gid":"485692","time_insert":"2021-08-03 02:11"}
2023-11-13 01:32:37 查询号码 【1998458】，GSD为【"贵州-六盘水"】

2023-11-13 01:32:38 开始第 8551 次操作

2023-11-13 01:32:38 开始操作号码 【1998459】
2023-11-13 01:32:41 GSD getOne 第 1 次 等待 3 秒
2023-11-13 01:32:44 查询号码 【1998459】，返回信息 {"status":"ok","msg":"贵州-黔西南","gid":"46840","time_insert":"2020-03-27 18:14","time_update":"2020-11-24 15:52"}
2023-11-13 01:32:44 查询号码 【1998459】，GSD为【"贵州-黔西南"】

2023-11-13 01:32:45 开始第 8552 次操作

2023-11-13 01:32:45 开始操作号码 【1998460】
2023-11-13 01:32:51 GSD getOne 第 1 次 等待 3 秒
2023-11-13 01:32:54 查询号码 【1998460】，返回信息 {"status":"ok","msg":"江苏-徐州","gid":"485678","time_insert":"2021-08-03 02:10"}
2023-11-13 01:32:54 查询号码 【1998460】，GSD为【"江苏-徐州"】

