2024-03-16 00:10:05 开始第 9289 次操作

2024-03-16 00:10:05 开始操作号码 【1789198】
2024-03-16 00:10:11 GSD getOne 第 1 次 等待 3 秒
2024-03-16 00:10:14 查询号码 【1789198】，返回信息 {"status":"ok","msg":"上海-上海","gid":"260912","time_insert":"2021-07-13 01:09"}
2024-03-16 00:10:14 查询号码 【1789198】，GSD为【"上海-上海"】

2024-03-16 00:10:15 开始第 9290 次操作

2024-03-16 00:10:15 开始操作号码 【1789199】
2024-03-16 00:10:22 GSD getOne 第 1 次 等待 3 秒
2024-03-16 00:10:25 查询号码 【1789199】，返回信息 {"status":"ok","msg":"上海-上海","gid":"260908","time_insert":"2021-07-13 01:09"}
2024-03-16 00:10:25 查询号码 【1789199】，GSD为【"上海-上海"】

2024-03-16 00:10:26 开始第 9291 次操作

2024-03-16 00:10:26 开始操作号码 【1789200】
2024-03-16 00:10:32 GSD getOne 第 1 次 等待 3 秒
2024-03-16 00:10:35 查询号码 【1789200】，返回信息 {"status":"ok","msg":"江苏-南京","gid":"260902","time_insert":"2021-07-13 01:08"}
2024-03-16 00:10:35 查询号码 【1789200】，GSD为【"江苏-南京"】

2024-03-16 00:10:36 开始第 9292 次操作

2024-03-16 00:10:36 开始操作号码 【1789201】
2024-03-16 00:10:42 GSD getOne 第 1 次 等待 3 秒
2024-03-16 00:10:45 查询号码 【1789201】，返回信息 {"status":"ok","msg":"江苏-南京","gid":"260888","time_insert":"2021-07-13 01:07"}
2024-03-16 00:10:45 查询号码 【1789201】，GSD为【"江苏-南京"】

