2024-04-23 00:10:06 开始第 5157 次操作

2024-04-23 00:10:06 开始操作号码 【1675067】
2024-04-23 00:10:14 GSD getOne 第 1 次 等待 3 秒
2024-04-23 00:10:17 查询号码 【1675067】，返回信息 {"status":"ok","msg":"河北-廊坊","gid":"278095","time_insert":"2021-07-14 22:48"}
2024-04-23 00:10:17 查询号码 【1675067】，GSD为【"河北-廊坊"】

2024-04-23 00:10:18 开始第 5158 次操作

2024-04-23 00:10:18 开始操作号码 【1675068】
2024-04-23 00:10:24 GSD getOne 第 1 次 等待 3 秒
2024-04-23 00:10:27 查询号码 【1675068】，返回信息 {"status":"ok","msg":"河北-廊坊","gid":"278266","time_insert":"2021-07-14 23:44"}
2024-04-23 00:10:27 查询号码 【1675068】，GSD为【"河北-廊坊"】

2024-04-23 00:10:28 开始第 5159 次操作

2024-04-23 00:10:28 开始操作号码 【1675069】
2024-04-23 00:10:34 GSD getOne 第 1 次 等待 3 秒
2024-04-23 00:10:37 查询号码 【1675069】，返回信息 {"status":"ok","msg":"河北-廊坊","gid":"278268","time_insert":"2021-07-14 23:45"}
2024-04-23 00:10:37 查询号码 【1675069】，GSD为【"河北-廊坊"】

2024-04-23 00:10:38 开始第 5160 次操作

2024-04-23 00:10:38 开始操作号码 【1675070】
2024-04-23 00:10:43 GSD getOne 第 1 次 等待 3 秒
2024-04-23 00:10:46 查询号码 【1675070】，返回信息 {"status":"ok","msg":"河北-廊坊","gid":"278269","time_insert":"2021-07-14 23:45"}
2024-04-23 00:10:46 查询号码 【1675070】，GSD为【"河北-廊坊"】

2024-04-23 00:34:53 开始第 5161 次操作

2024-04-23 00:34:53 开始操作号码 【1675071】
2024-04-23 00:34:58 GSD getOne 第 1 次 等待 3 秒
2024-04-23 00:35:01 查询号码 【1675071】，返回信息 {"status":"ok","msg":"河北-秦皇岛","gid":"278274","time_insert":"2021-07-14 23:46"}
2024-04-23 00:35:01 查询号码 【1675071】，GSD为【"河北-秦皇岛"】

2024-04-23 00:35:02 开始第 5162 次操作

2024-04-23 00:35:02 开始操作号码 【1675072】
2024-04-23 00:35:04 GSD getOne 第 1 次 等待 3 秒
2024-04-23 00:35:15 GSD getOne 第 2 次 等待 3 秒
2024-04-23 00:35:18 查询号码 【1675072】，返回信息 {"status":"ok","msg":"河北-秦皇岛","gid":"278281","time_insert":"2021-07-14 23:46"}
2024-04-23 00:35:18 查询号码 【1675072】，GSD为【"河北-秦皇岛"】

2024-04-23 00:35:19 开始第 5163 次操作

2024-04-23 00:35:19 开始操作号码 【1675073】
2024-04-23 00:35:25 GSD getOne 第 1 次 等待 3 秒
2024-04-23 00:35:28 查询号码 【1675073】，返回信息 {"status":"ok","msg":"河北-秦皇岛","gid":"278284","time_insert":"2021-07-14 23:47"}
2024-04-23 00:35:28 查询号码 【1675073】，GSD为【"河北-秦皇岛"】

2024-04-23 00:35:29 开始第 5164 次操作

2024-04-23 00:35:29 开始操作号码 【1675074】
2024-04-23 00:35:35 GSD getOne 第 1 次 等待 3 秒
2024-04-23 00:35:38 查询号码 【1675074】，返回信息 {"status":"ok","msg":"河北-秦皇岛","gid":"278292","time_insert":"2021-07-14 23:47"}
2024-04-23 00:35:38 查询号码 【1675074】，GSD为【"河北-秦皇岛"】

