2024-02-04 00:09:54 开始第 1805 次操作

2024-02-04 00:09:54 开始操作号码 【1781714】
2024-02-04 00:10:03 GSD getOne 第 1 次 等待 3 秒
2024-02-04 00:10:06 查询号码 【1781714】，返回信息 {"status":"ok","msg":"广东-湛江","gid":"344186","time_insert":"2021-07-21 06:59"}
2024-02-04 00:10:06 查询号码 【1781714】，GSD为【"广东-湛江"】

2024-02-04 00:10:07 开始第 1806 次操作

2024-02-04 00:10:07 开始操作号码 【1781715】
2024-02-04 00:10:11 GSD getOne 第 1 次 等待 3 秒
2024-02-04 00:10:14 查询号码 【1781715】，返回信息 {"status":"ok","msg":"广东-云浮","gid":"344179","time_insert":"2021-07-21 06:58"}
2024-02-04 00:10:14 查询号码 【1781715】，GSD为【"广东-云浮"】

2024-02-04 00:10:15 开始第 1807 次操作

2024-02-04 00:10:15 开始操作号码 【1781716】
2024-02-04 00:10:20 GSD getOne 第 1 次 等待 3 秒
2024-02-04 00:10:23 查询号码 【1781716】，返回信息 {"status":"ok","msg":"广东-惠州","gid":"344172","time_insert":"2021-07-21 06:58"}
2024-02-04 00:10:23 查询号码 【1781716】，GSD为【"广东-惠州"】

2024-02-04 00:10:24 开始第 1808 次操作

2024-02-04 00:10:24 开始操作号码 【1781717】
2024-02-04 00:10:30 GSD getOne 第 1 次 等待 3 秒
2024-02-04 00:10:33 查询号码 【1781717】，返回信息 {"status":"ok","msg":"广东-茂名","gid":"344165","time_insert":"2021-07-21 06:57"}
2024-02-04 00:10:33 查询号码 【1781717】，GSD为【"广东-茂名"】

