2021-07-15 00:00:21 开始第 15 次操作

2021-07-15 00:00:21 开始操作号码 【1723550】
2021-07-15 00:00:23 GSD getOne 第 1 次 等待 1 秒
2021-07-15 00:00:24 查询号码 【1723550】，返回信息 {"status":"bad","msg":""}
2021-07-15 00:00:24 查询号码 【1723550】，GSD为【""】
2021-07-15 00:00:24 bad
2021-07-15 00:00:26 CHB 1723550?1626278424 第 1 次 等待 1 秒
2021-07-15 00:00:27 CHB 1723550?1626278424 第 1 次 获取到号码【1723550】GSD
2021-07-15 00:00:27 获取到号码【1723550】的GSD为【上海-上海】
2021-07-15 00:00:45 GSD insert 第 1 次 等待 1 秒
2021-07-15 00:00:46 {"status":"ok","gid":278504,"msg":"添加成功！"}
2021-07-15 00:00:46 下次操作: 2021-07-15 00:00:54

2021-07-15 00:00:54 开始第 16 次操作

2021-07-15 00:00:54 开始操作号码 【1723551】
2021-07-15 00:01:27 GSD getOne 第 1 次 等待 1 秒
2021-07-15 00:01:28 查询号码 【1723551】，返回信息 {"status":"bad","msg":""}
2021-07-15 00:01:28 查询号码 【1723551】，GSD为【""】
2021-07-15 00:01:28 bad
2021-07-15 00:01:29 CHB 1723551?1626278488 第 1 次 等待 1 秒
2021-07-15 00:01:30 CHB 1723551?1626278488 第 1 次 获取到号码【1723551】GSD
2021-07-15 00:01:30 获取到号码【1723551】的GSD为【上海-上海】
2021-07-15 00:02:03 GSD insert 第 1 次 等待 1 秒
2021-07-15 00:02:04 {"status":"ok","gid":278520,"msg":"添加成功！"}
2021-07-15 00:02:04 下次操作: 2021-07-15 00:02:17

2021-07-15 00:02:17 开始第 17 次操作

2021-07-15 00:02:17 开始操作号码 【1723552】
2021-07-15 00:02:21 GSD getOne 第 1 次 等待 1 秒
2021-07-15 00:02:22 查询号码 【1723552】，返回信息 {"status":"bad","msg":""}
2021-07-15 00:02:22 查询号码 【1723552】，GSD为【""】
2021-07-15 00:02:22 bad
2021-07-15 00:02:28 CHB 1723552?1626278542 第 1 次 等待 1 秒
2021-07-15 00:02:29 CHB 1723552?1626278542 第 1 次 获取到号码【1723552】GSD
2021-07-15 00:02:30 获取到号码【1723552】的GSD为【上海-上海】
2021-07-15 00:02:47 GSD insert 第 1 次 等待 1 秒
2021-07-15 00:02:48 {"status":"ok","gid":278526,"msg":"添加成功！"}
2021-07-15 00:02:48 下次操作: 2021-07-15 00:02:56

2021-07-15 00:02:56 开始第 18 次操作

2021-07-15 00:02:56 开始操作号码 【1723553】
2021-07-15 00:03:14 GSD getOne 第 1 次 等待 1 秒
2021-07-15 00:03:15 查询号码 【1723553】，返回信息 {"status":"bad","msg":""}
2021-07-15 00:03:15 查询号码 【1723553】，GSD为【""】
2021-07-15 00:03:15 bad
2021-07-15 00:03:19 CHB 1723553?1626278595 第 1 次 等待 1 秒
2021-07-15 00:03:20 CHB 1723553?1626278595 第 1 次 获取到号码【1723553】GSD
2021-07-15 00:03:20 获取到号码【1723553】的GSD为【上海-上海】
2021-07-15 00:03:43 GSD insert 第 1 次 等待 1 秒
2021-07-15 00:03:44 {"status":"ok","gid":278532,"msg":"添加成功！"}
2021-07-15 00:03:44 下次操作: 2021-07-15 00:03:50

2021-07-15 00:03:50 开始第 19 次操作

2021-07-15 00:03:50 开始操作号码 【1723554】
2021-07-15 00:04:09 GSD getOne 第 1 次 等待 1 秒
2021-07-15 00:04:10 查询号码 【1723554】，返回信息 {"status":"bad","msg":""}
2021-07-15 00:04:10 查询号码 【1723554】，GSD为【""】
2021-07-15 00:04:10 bad
2021-07-15 00:04:12 CHB 1723554?1626278650 第 1 次 等待 1 秒
2021-07-15 00:04:13 CHB 1723554?1626278650 第 1 次 获取到号码【1723554】GSD
2021-07-15 00:04:13 获取到号码【1723554】的GSD为【上海-上海】
2021-07-15 00:04:46 GSD insert 第 1 次 等待 1 秒
2021-07-15 00:04:47 {"status":"ok","gid":278538,"msg":"添加成功！"}
2021-07-15 00:04:47 下次操作: 2021-07-15 00:04:54

2021-07-15 00:04:54 开始第 20 次操作

2021-07-15 00:04:54 开始操作号码 【1723555】
2021-07-15 00:05:11 GSD getOne 第 1 次 等待 1 秒
2021-07-15 00:05:12 查询号码 【1723555】，返回信息 {"status":"bad","msg":""}
2021-07-15 00:05:12 查询号码 【1723555】，GSD为【""】
2021-07-15 00:05:12 bad
2021-07-15 00:05:13 CHB 1723555?1626278712 第 1 次 等待 1 秒
2021-07-15 00:05:14 CHB 1723555?1626278712 第 1 次 获取到号码【1723555】GSD
2021-07-15 00:05:14 获取到号码【1723555】的GSD为【上海-上海】
2021-07-15 00:06:27 GSD insert 第 1 次 等待 1 秒
2021-07-15 00:06:28 {"status":"ok","gid":278546,"msg":"添加成功！"}
2021-07-15 00:06:28 下次操作: 2021-07-15 00:06:40

2021-07-15 00:06:40 开始第 21 次操作

2021-07-15 00:06:40 开始操作号码 【1723556】
2021-07-15 00:08:49 GSD getOne 第 1 次 等待 1 秒
2021-07-15 00:09:02 GSD getOne 第 2 次 等待 1 秒
2021-07-15 00:09:03 查询号码 【1723556】，返回信息 {"status":"bad","msg":""}
2021-07-15 00:09:03 查询号码 【1723556】，GSD为【""】
2021-07-15 00:09:03 bad
2021-07-15 00:09:06 CHB 1723556?1626278943 第 1 次 等待 1 秒
2021-07-15 00:09:07 CHB 1723556?1626278943 第 1 次 获取到号码【1723556】GSD
2021-07-15 00:09:07 获取到号码【1723556】的GSD为【上海-上海】
2021-07-15 00:10:16 GSD insert 第 1 次 等待 1 秒
2021-07-15 00:10:17 {"status":"ok","gid":278560,"msg":"添加成功！"}
2021-07-15 00:10:17 下次操作: 2021-07-15 00:10:30

2021-07-15 00:10:30 开始第 22 次操作

2021-07-15 00:10:30 开始操作号码 【1723557】
2021-07-15 00:10:43 GSD getOne 第 1 次 等待 1 秒
2021-07-15 00:10:44 查询号码 【1723557】，返回信息 {"status":"bad","msg":""}
2021-07-15 00:10:44 查询号码 【1723557】，GSD为【""】
2021-07-15 00:10:44 bad
2021-07-15 00:10:50 CHB 1723557?1626279044 第 1 次 等待 1 秒
2021-07-15 00:10:51 CHB 1723557?1626279044 第 1 次 获取到号码【1723557】GSD
2021-07-15 00:10:51 获取到号码【1723557】的GSD为【上海-上海】
2021-07-15 00:11:08 GSD insert 第 1 次 等待 1 秒
2021-07-15 00:11:09 {"status":"ok","gid":278563,"msg":"添加成功！"}
2021-07-15 00:11:09 下次操作: 2021-07-15 00:11:25

2021-07-15 00:11:25 开始第 23 次操作

2021-07-15 00:11:25 开始操作号码 【1723558】
2021-07-15 00:11:26 GSD getOne 第 1 次 等待 1 秒
2021-07-15 00:11:27 查询号码 【1723558】，返回信息 {"status":"bad","msg":""}
2021-07-15 00:11:27 查询号码 【1723558】，GSD为【""】
2021-07-15 00:11:27 bad
2021-07-15 00:11:30 CHB 1723558?1626279087 第 1 次 等待 1 秒
2021-07-15 00:11:31 CHB 1723558?1626279087 第 1 次 获取到号码【1723558】GSD
2021-07-15 00:11:31 获取到号码【1723558】的GSD为【上海-上海】
2021-07-15 00:11:52 GSD insert 第 1 次 等待 1 秒
2021-07-15 00:11:53 {"status":"ok","gid":278565,"msg":"添加成功！"}
2021-07-15 00:11:53 下次操作: 2021-07-15 00:12:11

2021-07-15 00:12:11 开始第 24 次操作

2021-07-15 00:12:11 开始操作号码 【1723559】
2021-07-15 00:12:12 GSD getOne 第 1 次 等待 1 秒
2021-07-15 00:12:13 查询号码 【1723559】，返回信息 {"status":"bad","msg":""}
2021-07-15 00:12:13 查询号码 【1723559】，GSD为【""】
2021-07-15 00:12:13 bad
2021-07-15 00:12:16 CHB 1723559?1626279133 第 1 次 等待 1 秒
2021-07-15 00:12:17 CHB 1723559?1626279133 第 1 次 获取到号码【1723559】GSD
2021-07-15 00:12:17 获取到号码【1723559】的GSD为【上海-上海】
2021-07-15 00:12:34 GSD insert 第 1 次 等待 1 秒
2021-07-15 00:12:35 {"status":"ok","gid":278569,"msg":"添加成功！"}
2021-07-15 00:12:35 下次操作: 2021-07-15 00:12:46

2021-07-15 00:12:46 开始第 25 次操作

2021-07-15 00:12:46 开始操作号码 【1723560】
2021-07-15 00:12:54 GSD getOne 第 1 次 等待 1 秒
2021-07-15 00:12:55 查询号码 【1723560】，返回信息 {"status":"bad","msg":""}
2021-07-15 00:12:56 查询号码 【1723560】，GSD为【""】
2021-07-15 00:12:56 bad
2021-07-15 00:12:58 CHB 1723560?1626279176 第 1 次 等待 1 秒
2021-07-15 00:12:59 CHB 1723560?1626279176 第 1 次 获取到号码【1723560】GSD
2021-07-15 00:12:59 获取到号码【1723560】的GSD为【上海-上海】
2021-07-15 00:13:16 GSD insert 第 1 次 等待 1 秒
2021-07-15 00:13:17 {"status":"ok","gid":278571,"msg":"添加成功！"}
2021-07-15 00:13:17 下次操作: 2021-07-15 00:13:24

2021-07-15 00:13:24 开始第 26 次操作

2021-07-15 00:13:24 开始操作号码 【1723561】
2021-07-15 00:13:44 GSD getOne 第 1 次 等待 1 秒
2021-07-15 00:13:45 查询号码 【1723561】，返回信息 {"status":"bad","msg":""}
2021-07-15 00:13:45 查询号码 【1723561】，GSD为【""】
2021-07-15 00:13:45 bad
2021-07-15 00:13:48 CHB 1723561?1626279225 第 1 次 等待 1 秒
2021-07-15 00:13:49 CHB 1723561?1626279225 第 1 次 获取到号码【1723561】GSD
2021-07-15 00:13:49 获取到号码【1723561】的GSD为【上海-上海】
2021-07-15 00:14:09 GSD insert 第 1 次 等待 1 秒
2021-07-15 00:14:10 {"status":"ok","gid":278579,"msg":"添加成功！"}
2021-07-15 00:14:10 下次操作: 2021-07-15 00:14:23

2021-07-15 00:14:23 开始第 27 次操作

2021-07-15 00:14:23 开始操作号码 【1723562】
2021-07-15 00:14:31 GSD getOne 第 1 次 等待 1 秒
2021-07-15 00:14:32 查询号码 【1723562】，返回信息 {"status":"bad","msg":""}
2021-07-15 00:14:32 查询号码 【1723562】，GSD为【""】
2021-07-15 00:14:32 bad
2021-07-15 00:14:37 CHB 1723562?1626279272 第 1 次 等待 1 秒
2021-07-15 00:14:38 CHB 1723562?1626279272 第 1 次 获取到号码【1723562】GSD
2021-07-15 00:14:39 获取到号码【1723562】的GSD为【上海-上海】
2021-07-15 00:15:11 GSD insert 第 1 次 等待 1 秒
2021-07-15 00:15:12 {"status":"ok","gid":278581,"msg":"添加成功！"}
2021-07-15 00:15:12 下次操作: 2021-07-15 00:15:26

2021-07-15 00:15:26 开始第 28 次操作

2021-07-15 00:15:26 开始操作号码 【1723563】
2021-07-15 00:15:35 GSD getOne 第 1 次 等待 1 秒
2021-07-15 00:15:36 查询号码 【1723563】，返回信息 {"status":"bad","msg":""}
2021-07-15 00:15:36 查询号码 【1723563】，GSD为【""】
2021-07-15 00:15:36 bad
2021-07-15 00:15:40 CHB 1723563?1626279336 第 1 次 等待 1 秒
2021-07-15 00:15:41 CHB 1723563?1626279336 第 1 次 获取到号码【1723563】GSD
2021-07-15 00:15:41 获取到号码【1723563】的GSD为【上海-上海】
2021-07-15 00:16:04 GSD insert 第 1 次 等待 1 秒
2021-07-15 00:16:05 {"status":"ok","gid":278583,"msg":"添加成功！"}
2021-07-15 00:16:05 下次操作: 2021-07-15 00:16:13

2021-07-15 00:16:13 开始第 29 次操作

2021-07-15 00:16:13 开始操作号码 【1723564】
2021-07-15 00:18:23 GSD getOne 第 1 次 等待 1 秒
2021-07-15 00:18:35 GSD getOne 第 2 次 等待 1 秒
2021-07-15 00:18:36 查询号码 【1723564】，返回信息 {"status":"bad","msg":""}
2021-07-15 00:18:36 查询号码 【1723564】，GSD为【""】
2021-07-15 00:18:36 bad
2021-07-15 00:18:41 CHB 1723564?1626279516 第 1 次 等待 1 秒
2021-07-15 00:18:42 CHB 1723564?1626279516 第 1 次 获取到号码【1723564】GSD
2021-07-15 00:18:43 获取到号码【1723564】的GSD为【上海-上海】
2021-07-15 00:19:00 GSD insert 第 1 次 等待 1 秒
2021-07-15 00:19:01 {"status":"ok","gid":278590,"msg":"添加成功！"}
2021-07-15 00:19:01 下次操作: 2021-07-15 00:19:14

2021-07-15 00:19:14 开始第 30 次操作

2021-07-15 00:19:14 开始操作号码 【1723565】
2021-07-15 00:19:18 GSD getOne 第 1 次 等待 1 秒
2021-07-15 00:19:19 查询号码 【1723565】，返回信息 {"status":"bad","msg":""}
2021-07-15 00:19:19 查询号码 【1723565】，GSD为【""】
2021-07-15 00:19:19 bad
2021-07-15 00:19:25 CHB 1723565?1626279559 第 1 次 等待 1 秒
2021-07-15 00:19:26 CHB 1723565?1626279559 第 1 次 获取到号码【1723565】GSD
2021-07-15 00:19:26 获取到号码【1723565】的GSD为【上海-上海】
2021-07-15 00:19:43 GSD insert 第 1 次 等待 1 秒
2021-07-15 00:19:44 {"status":"ok","gid":278592,"msg":"添加成功！"}

2021-07-15 01:01:27 开始第 1 次操作

2021-07-15 01:01:27 开始操作号码 【1723566】
2021-07-15 01:01:32 GSD getOne 第 1 次 等待 1 秒
2021-07-15 01:01:33 查询号码 【1723566】，返回信息 {"status":"bad","msg":""}
2021-07-15 01:01:33 查询号码 【1723566】，GSD为【""】
2021-07-15 01:01:33 bad
2021-07-15 01:01:38 CHB 1723566?1626282093 第 1 次 等待 1 秒
2021-07-15 01:01:39 CHB 1723566?1626282093 第 1 次 获取到号码【1723566】GSD
2021-07-15 01:01:40 获取到号码【1723566】的GSD为【上海-上海】
2021-07-15 01:01:41 GSD insert 第 1 次 等待 1 秒
2021-07-15 01:01:42 {"status":"ok","gid":278678,"msg":"添加成功！"}
2021-07-15 01:01:42 下次操作: 2021-07-15 01:02:00

2021-07-15 01:02:00 开始第 2 次操作

2021-07-15 01:02:00 开始操作号码 【1723567】
2021-07-15 01:02:02 GSD getOne 第 1 次 等待 1 秒
2021-07-15 01:02:03 查询号码 【1723567】，返回信息 {"status":"bad","msg":""}
2021-07-15 01:02:03 查询号码 【1723567】，GSD为【""】
2021-07-15 01:02:03 bad
2021-07-15 01:02:05 CHB 1723567?1626282123 第 1 次 等待 1 秒
2021-07-15 01:02:06 CHB 1723567?1626282123 第 1 次 获取到号码【1723567】GSD
2021-07-15 01:02:06 获取到号码【1723567】的GSD为【上海-上海】
2021-07-15 01:02:08 GSD insert 第 1 次 等待 1 秒
2021-07-15 01:02:09 {"status":"ok","gid":278681,"msg":"添加成功！"}
2021-07-15 01:02:09 下次操作: 2021-07-15 01:02:16

2021-07-15 01:02:16 开始第 3 次操作

2021-07-15 01:02:16 开始操作号码 【1723568】
2021-07-15 01:02:17 GSD getOne 第 1 次 等待 1 秒
2021-07-15 01:02:18 查询号码 【1723568】，返回信息 {"status":"bad","msg":""}
2021-07-15 01:02:18 查询号码 【1723568】，GSD为【""】
2021-07-15 01:02:18 bad
2021-07-15 01:02:20 CHB 1723568?1626282138 第 1 次 等待 1 秒
2021-07-15 01:02:21 CHB 1723568?1626282138 第 1 次 获取到号码【1723568】GSD
2021-07-15 01:02:21 获取到号码【1723568】的GSD为【上海-上海】
2021-07-15 01:02:25 GSD insert 第 1 次 等待 1 秒
2021-07-15 01:02:26 {"status":"ok","gid":278683,"msg":"添加成功！"}
2021-07-15 01:02:26 下次操作: 2021-07-15 01:02:44

2021-07-15 01:02:44 开始第 4 次操作

2021-07-15 01:02:44 开始操作号码 【1723569】
2021-07-15 01:02:47 GSD getOne 第 1 次 等待 1 秒
2021-07-15 01:02:48 查询号码 【1723569】，返回信息 {"status":"bad","msg":""}
2021-07-15 01:02:48 查询号码 【1723569】，GSD为【""】
2021-07-15 01:02:48 bad
2021-07-15 01:02:49 CHB 1723569?1626282168 第 1 次 等待 1 秒
2021-07-15 01:02:50 CHB 1723569?1626282168 第 1 次 获取到号码【1723569】GSD
2021-07-15 01:02:50 未获取到号码【1723569】GSD，查号吧 400 错误
2021-07-15 01:02:50 获取到号码【1723569】的GSD为【-】
2021-07-15 01:02:52 GSD insert 第 1 次 等待 1 秒
2021-07-15 01:02:53 {"status":"ok","gid":278687,"msg":"添加成功！"}
2021-07-15 01:02:53 下次操作: 2021-07-15 01:03:03

2021-07-15 01:03:03 开始第 5 次操作

2021-07-15 01:03:03 开始操作号码 【1723570】
2021-07-15 01:03:08 GSD getOne 第 1 次 等待 1 秒
2021-07-15 01:03:09 查询号码 【1723570】，返回信息 {"status":"bad","msg":""}
2021-07-15 01:03:09 查询号码 【1723570】，GSD为【""】
2021-07-15 01:03:09 bad
2021-07-15 01:03:10 CHB 1723570?1626282189 第 1 次 等待 1 秒
2021-07-15 01:03:11 CHB 1723570?1626282189 第 1 次 获取到号码【1723570】GSD
2021-07-15 01:03:11 获取到号码【1723570】的GSD为【上海-上海】
2021-07-15 01:03:13 GSD insert 第 1 次 等待 1 秒
2021-07-15 01:03:14 {"status":"ok","gid":278691,"msg":"添加成功！"}
2021-07-15 01:03:14 下次操作: 2021-07-15 01:03:30

2021-07-15 01:03:30 开始第 6 次操作

2021-07-15 01:03:30 开始操作号码 【1723571】
2021-07-15 01:03:37 GSD getOne 第 1 次 等待 1 秒
2021-07-15 01:03:38 查询号码 【1723571】，返回信息 {"status":"bad","msg":""}
2021-07-15 01:03:38 查询号码 【1723571】，GSD为【""】
2021-07-15 01:03:38 bad
2021-07-15 01:03:41 CHB 1723571?1626282218 第 1 次 等待 1 秒
2021-07-15 01:03:42 CHB 1723571?1626282218 第 1 次 获取到号码【1723571】GSD
2021-07-15 01:03:42 获取到号码【1723571】的GSD为【上海-上海】
2021-07-15 01:03:44 GSD insert 第 1 次 等待 1 秒
2021-07-15 01:03:45 {"status":"ok","gid":278700,"msg":"添加成功！"}
2021-07-15 01:03:45 下次操作: 2021-07-15 01:03:52

2021-07-15 01:03:52 开始第 7 次操作

2021-07-15 01:03:52 开始操作号码 【1723572】
2021-07-15 01:03:54 GSD getOne 第 1 次 等待 1 秒
2021-07-15 01:03:55 查询号码 【1723572】，返回信息 {"status":"bad","msg":""}
2021-07-15 01:03:55 查询号码 【1723572】，GSD为【""】
2021-07-15 01:03:55 bad
2021-07-15 01:03:56 CHB 1723572?1626282235 第 1 次 等待 1 秒
2021-07-15 01:03:57 CHB 1723572?1626282235 第 1 次 获取到号码【1723572】GSD
2021-07-15 01:03:57 获取到号码【1723572】的GSD为【上海-上海】
2021-07-15 01:04:02 GSD insert 第 1 次 等待 1 秒
2021-07-15 01:04:03 {"status":"ok","gid":278707,"msg":"添加成功！"}
2021-07-15 01:04:03 下次操作: 2021-07-15 01:04:14

2021-07-15 01:04:14 开始第 8 次操作

2021-07-15 01:04:14 开始操作号码 【1723573】
2021-07-15 01:04:16 GSD getOne 第 1 次 等待 1 秒
2021-07-15 01:04:17 查询号码 【1723573】，返回信息 {"status":"bad","msg":""}
2021-07-15 01:04:17 查询号码 【1723573】，GSD为【""】
2021-07-15 01:04:17 bad
2021-07-15 01:04:19 CHB 1723573?1626282257 第 1 次 等待 1 秒
2021-07-15 01:04:20 CHB 1723573?1626282257 第 1 次 获取到号码【1723573】GSD
2021-07-15 01:04:20 获取到号码【1723573】的GSD为【上海-上海】
2021-07-15 01:04:22 GSD insert 第 1 次 等待 1 秒
2021-07-15 01:04:23 {"status":"ok","gid":278714,"msg":"添加成功！"}
2021-07-15 01:04:23 下次操作: 2021-07-15 01:04:39

2021-07-15 01:04:39 开始第 9 次操作

2021-07-15 01:04:39 开始操作号码 【1723574】
2021-07-15 01:04:41 GSD getOne 第 1 次 等待 1 秒
2021-07-15 01:04:42 查询号码 【1723574】，返回信息 {"status":"bad","msg":""}
2021-07-15 01:04:42 查询号码 【1723574】，GSD为【""】
2021-07-15 01:04:42 bad
2021-07-15 01:04:44 CHB 1723574?1626282282 第 1 次 等待 1 秒
2021-07-15 01:04:45 CHB 1723574?1626282282 第 1 次 获取到号码【1723574】GSD
2021-07-15 01:04:45 获取到号码【1723574】的GSD为【上海-上海】
2021-07-15 01:04:47 GSD insert 第 1 次 等待 1 秒
2021-07-15 01:04:48 {"status":"ok","gid":278721,"msg":"添加成功！"}
2021-07-15 01:04:48 下次操作: 2021-07-15 01:05:06

2021-07-15 01:05:06 开始第 10 次操作

2021-07-15 01:05:06 开始操作号码 【1723575】
2021-07-15 01:05:19 GSD getOne 第 1 次 等待 1 秒
2021-07-15 01:05:20 查询号码 【1723575】，返回信息 {"status":"bad","msg":""}
2021-07-15 01:05:20 查询号码 【1723575】，GSD为【""】
2021-07-15 01:05:20 bad
2021-07-15 01:05:23 CHB 1723575?1626282320 第 1 次 等待 1 秒
2021-07-15 01:05:24 CHB 1723575?1626282320 第 1 次 获取到号码【1723575】GSD
2021-07-15 01:05:24 获取到号码【1723575】的GSD为【上海-上海】
2021-07-15 01:05:25 GSD insert 第 1 次 等待 1 秒
2021-07-15 01:05:26 {"status":"ok","gid":278731,"msg":"添加成功！"}
2021-07-15 01:05:26 下次操作: 2021-07-15 01:05:43

2021-07-15 01:05:43 开始第 11 次操作

2021-07-15 01:05:43 开始操作号码 【1723576】
2021-07-15 01:05:46 GSD getOne 第 1 次 等待 1 秒
2021-07-15 01:05:47 查询号码 【1723576】，返回信息 {"status":"bad","msg":""}
2021-07-15 01:05:47 查询号码 【1723576】，GSD为【""】
2021-07-15 01:05:47 bad
2021-07-15 01:05:50 CHB 1723576?1626282347 第 1 次 等待 1 秒
2021-07-15 01:05:51 CHB 1723576?1626282347 第 1 次 获取到号码【1723576】GSD
2021-07-15 01:05:51 获取到号码【1723576】的GSD为【上海-上海】
2021-07-15 01:06:03 GSD insert 第 1 次 等待 1 秒
2021-07-15 01:06:04 {"status":"ok","gid":278742,"msg":"添加成功！"}
2021-07-15 01:06:04 下次操作: 2021-07-15 01:06:11

2021-07-15 01:06:11 开始第 12 次操作

2021-07-15 01:06:11 开始操作号码 【1723577】
2021-07-15 01:06:17 GSD getOne 第 1 次 等待 1 秒
2021-07-15 01:06:18 查询号码 【1723577】，返回信息 {"status":"bad","msg":""}
2021-07-15 01:06:18 查询号码 【1723577】，GSD为【""】
2021-07-15 01:06:18 bad
2021-07-15 01:06:20 CHB 1723577?1626282378 第 1 次 等待 1 秒
2021-07-15 01:06:21 CHB 1723577?1626282378 第 1 次 获取到号码【1723577】GSD
2021-07-15 01:06:21 获取到号码【1723577】的GSD为【上海-上海】
2021-07-15 01:06:22 GSD insert 第 1 次 等待 1 秒
2021-07-15 01:06:23 {"status":"ok","gid":278745,"msg":"添加成功！"}
2021-07-15 01:06:23 下次操作: 2021-07-15 01:06:35

2021-07-15 01:06:35 开始第 13 次操作

2021-07-15 01:06:35 开始操作号码 【1723578】
2021-07-15 01:06:37 GSD getOne 第 1 次 等待 1 秒
2021-07-15 01:06:38 查询号码 【1723578】，返回信息 {"status":"bad","msg":""}
2021-07-15 01:06:38 查询号码 【1723578】，GSD为【""】
2021-07-15 01:06:38 bad
2021-07-15 01:06:40 CHB 1723578?1626282398 第 1 次 等待 1 秒
2021-07-15 01:06:41 CHB 1723578?1626282398 第 1 次 获取到号码【1723578】GSD
2021-07-15 01:06:41 获取到号码【1723578】的GSD为【上海-上海】
2021-07-15 01:06:42 GSD insert 第 1 次 等待 1 秒
2021-07-15 01:06:43 {"status":"ok","gid":278753,"msg":"添加成功！"}
2021-07-15 01:06:43 下次操作: 2021-07-15 01:06:50

2021-07-15 01:06:50 开始第 14 次操作

2021-07-15 01:06:50 开始操作号码 【1723579】
2021-07-15 01:06:53 GSD getOne 第 1 次 等待 1 秒
2021-07-15 01:06:54 查询号码 【1723579】，返回信息 {"status":"bad","msg":""}
2021-07-15 01:06:54 查询号码 【1723579】，GSD为【""】
2021-07-15 01:06:54 bad
2021-07-15 01:06:57 CHB 1723579?1626282414 第 1 次 等待 1 秒
2021-07-15 01:06:58 CHB 1723579?1626282414 第 1 次 获取到号码【1723579】GSD
2021-07-15 01:06:58 获取到号码【1723579】的GSD为【上海-上海】
2021-07-15 01:06:59 GSD insert 第 1 次 等待 1 秒
2021-07-15 01:07:00 {"status":"ok","gid":278758,"msg":"添加成功！"}
2021-07-15 01:07:00 下次操作: 2021-07-15 01:07:15

2021-07-15 01:07:15 开始第 15 次操作

2021-07-15 01:07:15 开始操作号码 【1723580】
2021-07-15 01:07:17 GSD getOne 第 1 次 等待 1 秒
2021-07-15 01:07:18 查询号码 【1723580】，返回信息 {"status":"bad","msg":""}
2021-07-15 01:07:18 查询号码 【1723580】，GSD为【""】
2021-07-15 01:07:18 bad
2021-07-15 01:07:21 CHB 1723580?1626282438 第 1 次 等待 1 秒
2021-07-15 01:07:22 CHB 1723580?1626282438 第 1 次 获取到号码【1723580】GSD
2021-07-15 01:07:22 获取到号码【1723580】的GSD为【上海-上海】
2021-07-15 01:07:25 GSD insert 第 1 次 等待 1 秒
2021-07-15 01:07:26 {"status":"ok","gid":278764,"msg":"添加成功！"}
2021-07-15 01:07:26 下次操作: 2021-07-15 01:07:39

2021-07-15 01:07:39 开始第 16 次操作

2021-07-15 01:07:39 开始操作号码 【1723581】
2021-07-15 01:07:45 GSD getOne 第 1 次 等待 1 秒
2021-07-15 01:07:46 查询号码 【1723581】，返回信息 {"status":"bad","msg":""}
2021-07-15 01:07:46 查询号码 【1723581】，GSD为【""】
2021-07-15 01:07:46 bad
2021-07-15 01:07:49 CHB 1723581?1626282466 第 1 次 等待 1 秒
2021-07-15 01:07:50 CHB 1723581?1626282466 第 1 次 获取到号码【1723581】GSD
2021-07-15 01:07:50 获取到号码【1723581】的GSD为【上海-上海】
2021-07-15 01:07:54 GSD insert 第 1 次 等待 1 秒
2021-07-15 01:07:55 {"status":"ok","gid":278774,"msg":"添加成功！"}
2021-07-15 01:07:55 下次操作: 2021-07-15 01:08:08

2021-07-15 01:08:08 开始第 17 次操作

2021-07-15 01:08:08 开始操作号码 【1723582】
2021-07-15 01:08:11 GSD getOne 第 1 次 等待 1 秒
2021-07-15 01:08:12 查询号码 【1723582】，返回信息 {"status":"bad","msg":""}
2021-07-15 01:08:12 查询号码 【1723582】，GSD为【""】
2021-07-15 01:08:12 bad
2021-07-15 01:08:14 CHB 1723582?1626282492 第 1 次 等待 1 秒
2021-07-15 01:08:15 CHB 1723582?1626282492 第 1 次 获取到号码【1723582】GSD
2021-07-15 01:08:16 获取到号码【1723582】的GSD为【上海-上海】
2021-07-15 01:08:17 GSD insert 第 1 次 等待 1 秒
2021-07-15 01:08:18 {"status":"ok","gid":278782,"msg":"添加成功！"}
2021-07-15 01:08:18 下次操作: 2021-07-15 01:08:35

2021-07-15 01:08:35 开始第 18 次操作

2021-07-15 01:08:35 开始操作号码 【1723583】
2021-07-15 01:08:37 GSD getOne 第 1 次 等待 1 秒
2021-07-15 01:08:38 查询号码 【1723583】，返回信息 {"status":"bad","msg":""}
2021-07-15 01:08:38 查询号码 【1723583】，GSD为【""】
2021-07-15 01:08:38 bad
2021-07-15 01:08:39 CHB 1723583?1626282518 第 1 次 等待 1 秒
2021-07-15 01:08:40 CHB 1723583?1626282518 第 1 次 获取到号码【1723583】GSD
2021-07-15 01:08:40 获取到号码【1723583】的GSD为【上海-上海】
2021-07-15 01:08:48 GSD insert 第 1 次 等待 1 秒
2021-07-15 01:08:49 {"status":"ok","gid":278790,"msg":"添加成功！"}
2021-07-15 01:08:49 下次操作: 2021-07-15 01:09:04

2021-07-15 01:09:04 开始第 19 次操作

2021-07-15 01:09:04 开始操作号码 【1723584】
2021-07-15 01:09:06 GSD getOne 第 1 次 等待 1 秒
2021-07-15 01:09:07 查询号码 【1723584】，返回信息 {"status":"bad","msg":""}
2021-07-15 01:09:07 查询号码 【1723584】，GSD为【""】
2021-07-15 01:09:07 bad
2021-07-15 01:09:09 CHB 1723584?1626282547 第 1 次 等待 1 秒
2021-07-15 01:09:10 CHB 1723584?1626282547 第 1 次 获取到号码【1723584】GSD
2021-07-15 01:09:10 获取到号码【1723584】的GSD为【上海-上海】
2021-07-15 01:09:17 GSD insert 第 1 次 等待 1 秒
2021-07-15 01:09:18 {"status":"ok","gid":278799,"msg":"添加成功！"}
2021-07-15 01:09:18 下次操作: 2021-07-15 01:09:28

2021-07-15 01:09:28 开始第 20 次操作

2021-07-15 01:09:28 开始操作号码 【1723585】
2021-07-15 01:09:29 GSD getOne 第 1 次 等待 1 秒
2021-07-15 01:09:30 查询号码 【1723585】，返回信息 {"status":"bad","msg":""}
2021-07-15 01:09:31 查询号码 【1723585】，GSD为【""】
2021-07-15 01:09:31 bad
2021-07-15 01:09:33 CHB 1723585?1626282571 第 1 次 等待 1 秒
2021-07-15 01:09:34 CHB 1723585?1626282571 第 1 次 获取到号码【1723585】GSD
2021-07-15 01:09:34 获取到号码【1723585】的GSD为【上海-上海】
2021-07-15 01:09:36 GSD insert 第 1 次 等待 1 秒
2021-07-15 01:09:37 {"status":"ok","gid":278805,"msg":"添加成功！"}
2021-07-15 01:09:37 下次操作: 2021-07-15 01:09:50

2021-07-15 01:09:50 开始第 21 次操作

2021-07-15 01:09:50 开始操作号码 【1723586】
2021-07-15 01:10:04 GSD getOne 第 1 次 等待 1 秒
2021-07-15 01:10:05 查询号码 【1723586】，返回信息 {"status":"bad","msg":""}
2021-07-15 01:10:06 查询号码 【1723586】，GSD为【""】
2021-07-15 01:10:06 bad
2021-07-15 01:10:07 CHB 1723586?1626282606 第 1 次 等待 1 秒
2021-07-15 01:10:08 CHB 1723586?1626282606 第 1 次 获取到号码【1723586】GSD
2021-07-15 01:10:09 获取到号码【1723586】的GSD为【上海-上海】
2021-07-15 01:10:26 GSD insert 第 1 次 等待 1 秒
2021-07-15 01:10:27 {"status":"ok","gid":278814,"msg":"添加成功！"}
2021-07-15 01:10:27 下次操作: 2021-07-15 01:10:40

2021-07-15 01:10:40 开始第 22 次操作

2021-07-15 01:10:40 开始操作号码 【1723587】
2021-07-15 01:10:50 GSD getOne 第 1 次 等待 1 秒
2021-07-15 01:10:51 查询号码 【1723587】，返回信息 {"status":"bad","msg":""}
2021-07-15 01:10:51 查询号码 【1723587】，GSD为【""】
2021-07-15 01:10:51 bad
2021-07-15 01:10:53 CHB 1723587?1626282651 第 1 次 等待 1 秒
2021-07-15 01:10:54 CHB 1723587?1626282651 第 1 次 获取到号码【1723587】GSD
2021-07-15 01:10:54 获取到号码【1723587】的GSD为【上海-上海】
2021-07-15 01:11:00 GSD insert 第 1 次 等待 1 秒
2021-07-15 01:11:01 {"status":"ok","gid":278825,"msg":"添加成功！"}
2021-07-15 01:11:01 下次操作: 2021-07-15 01:11:09

2021-07-15 01:11:09 开始第 23 次操作

2021-07-15 01:11:09 开始操作号码 【1723588】
2021-07-15 01:11:11 GSD getOne 第 1 次 等待 1 秒
2021-07-15 01:11:12 查询号码 【1723588】，返回信息 {"status":"bad","msg":""}
2021-07-15 01:11:12 查询号码 【1723588】，GSD为【""】
2021-07-15 01:11:12 bad
2021-07-15 01:11:14 CHB 1723588?1626282672 第 1 次 等待 1 秒
2021-07-15 01:11:15 CHB 1723588?1626282672 第 1 次 获取到号码【1723588】GSD
2021-07-15 01:11:15 获取到号码【1723588】的GSD为【上海-上海】
2021-07-15 01:11:16 GSD insert 第 1 次 等待 1 秒
2021-07-15 01:11:17 {"status":"ok","gid":278827,"msg":"添加成功！"}
2021-07-15 01:11:17 下次操作: 2021-07-15 01:11:33

2021-07-15 01:11:33 开始第 24 次操作

2021-07-15 01:11:33 开始操作号码 【1723589】
2021-07-15 01:11:35 GSD getOne 第 1 次 等待 1 秒
2021-07-15 01:11:36 查询号码 【1723589】，返回信息 {"status":"bad","msg":""}
2021-07-15 01:11:36 查询号码 【1723589】，GSD为【""】
2021-07-15 01:11:36 bad
2021-07-15 01:11:38 CHB 1723589?1626282696 第 1 次 等待 1 秒
2021-07-15 01:11:39 CHB 1723589?1626282696 第 1 次 获取到号码【1723589】GSD
2021-07-15 01:11:39 获取到号码【1723589】的GSD为【上海-上海】
2021-07-15 01:12:14 GSD insert 第 1 次 等待 1 秒
2021-07-15 01:12:15 {"status":"ok","gid":278837,"msg":"添加成功！"}
2021-07-15 01:12:15 下次操作: 2021-07-15 01:12:31

2021-07-15 01:12:31 开始第 25 次操作

2021-07-15 01:12:31 开始操作号码 【1723590】
2021-07-15 01:12:33 GSD getOne 第 1 次 等待 1 秒
2021-07-15 01:12:34 查询号码 【1723590】，返回信息 {"status":"bad","msg":""}
2021-07-15 01:12:34 查询号码 【1723590】，GSD为【""】
2021-07-15 01:12:34 bad
2021-07-15 01:12:36 CHB 1723590?1626282754 第 1 次 等待 1 秒
2021-07-15 01:12:37 CHB 1723590?1626282754 第 1 次 获取到号码【1723590】GSD
2021-07-15 01:12:37 获取到号码【1723590】的GSD为【上海-上海】
2021-07-15 01:12:54 GSD insert 第 1 次 等待 1 秒
2021-07-15 01:12:55 {"status":"ok","gid":278847,"msg":"添加成功！"}
2021-07-15 01:12:55 下次操作: 2021-07-15 01:13:12

2021-07-15 01:13:12 开始第 26 次操作

2021-07-15 01:13:12 开始操作号码 【1723591】
2021-07-15 01:13:16 GSD getOne 第 1 次 等待 1 秒
2021-07-15 01:13:17 查询号码 【1723591】，返回信息 {"status":"bad","msg":""}
2021-07-15 01:13:17 查询号码 【1723591】，GSD为【""】
2021-07-15 01:13:17 bad
2021-07-15 01:13:19 CHB 1723591?1626282797 第 1 次 等待 1 秒
2021-07-15 01:13:20 CHB 1723591?1626282797 第 1 次 获取到号码【1723591】GSD
2021-07-15 01:13:20 获取到号码【1723591】的GSD为【上海-上海】
2021-07-15 01:13:22 GSD insert 第 1 次 等待 1 秒
2021-07-15 01:13:23 {"status":"ok","gid":278852,"msg":"添加成功！"}
2021-07-15 01:13:23 下次操作: 2021-07-15 01:13:30

2021-07-15 01:13:30 开始第 27 次操作

2021-07-15 01:13:30 开始操作号码 【1723592】
2021-07-15 01:13:33 GSD getOne 第 1 次 等待 1 秒
2021-07-15 01:13:34 查询号码 【1723592】，返回信息 {"status":"bad","msg":""}
2021-07-15 01:13:34 查询号码 【1723592】，GSD为【""】
2021-07-15 01:13:34 bad
2021-07-15 01:13:36 CHB 1723592?1626282814 第 1 次 等待 1 秒
2021-07-15 01:13:37 CHB 1723592?1626282814 第 1 次 获取到号码【1723592】GSD
2021-07-15 01:13:37 获取到号码【1723592】的GSD为【上海-上海】
2021-07-15 01:13:38 GSD insert 第 1 次 等待 1 秒
2021-07-15 01:13:39 {"status":"ok","gid":278857,"msg":"添加成功！"}
2021-07-15 01:13:39 下次操作: 2021-07-15 01:13:56

2021-07-15 01:13:56 开始第 28 次操作

2021-07-15 01:13:56 开始操作号码 【1723593】
2021-07-15 01:13:58 GSD getOne 第 1 次 等待 1 秒
2021-07-15 01:13:59 查询号码 【1723593】，返回信息 {"status":"bad","msg":""}
2021-07-15 01:13:59 查询号码 【1723593】，GSD为【""】
2021-07-15 01:13:59 bad
2021-07-15 01:14:01 CHB 1723593?1626282839 第 1 次 等待 1 秒
2021-07-15 01:14:02 CHB 1723593?1626282839 第 1 次 获取到号码【1723593】GSD
2021-07-15 01:14:02 获取到号码【1723593】的GSD为【上海-上海】
2021-07-15 01:14:03 GSD insert 第 1 次 等待 1 秒
2021-07-15 01:14:04 {"status":"ok","gid":278863,"msg":"添加成功！"}
2021-07-15 01:14:04 下次操作: 2021-07-15 01:14:15

2021-07-15 01:14:15 开始第 29 次操作

2021-07-15 01:14:15 开始操作号码 【1723594】
2021-07-15 01:24:30 GSD getOne 第 1 次 等待 1 秒
2021-07-15 01:24:33 GSD getOne 第 2 次 等待 1 秒
2021-07-15 01:24:34 查询号码 【1723594】，返回信息 {"status":"bad","msg":""}
2021-07-15 01:24:34 查询号码 【1723594】，GSD为【""】
2021-07-15 01:24:34 bad
2021-07-15 01:24:36 CHB 1723594?1626283474 第 1 次 等待 1 秒
2021-07-15 01:24:37 CHB 1723594?1626283474 第 1 次 获取到号码【1723594】GSD
2021-07-15 01:24:37 获取到号码【1723594】的GSD为【上海-上海】
2021-07-15 01:24:46 GSD insert 第 1 次 等待 1 秒
2021-07-15 01:24:47 {"status":"ok","gid":278934,"msg":"添加成功！"}
2021-07-15 01:24:47 下次操作: 2021-07-15 01:24:58

2021-07-15 01:24:58 开始第 30 次操作

2021-07-15 01:24:58 开始操作号码 【1723595】
2021-07-15 01:25:03 GSD getOne 第 1 次 等待 1 秒
2021-07-15 01:25:04 查询号码 【1723595】，返回信息 {"status":"bad","msg":""}
2021-07-15 01:25:04 查询号码 【1723595】，GSD为【""】
2021-07-15 01:25:04 bad
2021-07-15 01:25:06 CHB 1723595?1626283504 第 1 次 等待 1 秒
2021-07-15 01:25:07 CHB 1723595?1626283504 第 1 次 获取到号码【1723595】GSD
2021-07-15 01:25:07 获取到号码【1723595】的GSD为【上海-上海】
2021-07-15 01:25:18 GSD insert 第 1 次 等待 1 秒
2021-07-15 01:25:19 {"status":"ok","gid":278938,"msg":"添加成功！"}

