2024-05-12 00:09:59 开始第 8649 次操作

2024-05-12 00:09:59 开始操作号码 【1678558】
2024-05-12 00:10:10 GSD getOne 第 1 次 等待 3 秒
2024-05-12 00:10:13 查询号码 【1678558】，返回信息 {"status":"ok","msg":"浙江-台州","gid":"321759","time_insert":"2021-07-19 03:02","time_update":"2023-05-28 15:53"}
2024-05-12 00:10:13 查询号码 【1678558】，GSD为【"浙江-台州"】

2024-05-12 00:10:14 开始第 8650 次操作

2024-05-12 00:10:14 开始操作号码 【1678559】
2024-05-12 00:10:19 GSD getOne 第 1 次 等待 3 秒
2024-05-12 00:10:22 查询号码 【1678559】，返回信息 {"status":"ok","msg":"浙江-温州","gid":"321764","time_insert":"2021-07-19 03:03","time_update":"2023-05-28 15:56"}
2024-05-12 00:10:22 查询号码 【1678559】，GSD为【"浙江-温州"】

2024-05-12 00:10:23 开始第 8651 次操作

2024-05-12 00:10:23 开始操作号码 【1678560】
2024-05-12 00:10:28 GSD getOne 第 1 次 等待 3 秒
2024-05-12 00:10:31 查询号码 【1678560】，返回信息 {"status":"ok","msg":"贵州-贵阳","gid":"321774","time_insert":"2021-07-19 03:04","time_update":"2023-05-30 14:19"}
2024-05-12 00:10:31 查询号码 【1678560】，GSD为【"贵州-贵阳"】

2024-05-12 00:10:32 开始第 8652 次操作

2024-05-12 00:10:32 开始操作号码 【1678561】
2024-05-12 00:10:38 GSD getOne 第 1 次 等待 3 秒
2024-05-12 00:10:41 查询号码 【1678561】，返回信息 {"status":"ok","msg":"河南-郑州","gid":"321782","time_insert":"2021-07-19 03:04","time_update":"2023-05-30 14:19"}
2024-05-12 00:10:41 查询号码 【1678561】，GSD为【"河南-郑州"】

2024-05-12 00:33:48 开始第 8653 次操作

2024-05-12 00:33:48 开始操作号码 【1678562】
2024-05-12 00:33:56 GSD getOne 第 1 次 等待 3 秒
2024-05-12 00:33:59 查询号码 【1678562】，返回信息 {"status":"ok","msg":"江苏-连云港","gid":"321787","time_insert":"2021-07-19 03:05","time_update":"2023-05-28 16:15"}
2024-05-12 00:33:59 查询号码 【1678562】，GSD为【"江苏-连云港"】

2024-05-12 00:34:00 开始第 8654 次操作

2024-05-12 00:34:00 开始操作号码 【1678563】
2024-05-12 00:34:08 GSD getOne 第 1 次 等待 3 秒
2024-05-12 00:34:11 查询号码 【1678563】，返回信息 {"status":"ok","msg":"吉林-延边","gid":"321794","time_insert":"2021-07-19 03:06","time_update":"2023-05-28 16:19"}
2024-05-12 00:34:11 查询号码 【1678563】，GSD为【"吉林-延边"】

2024-05-12 00:34:12 开始第 8655 次操作

2024-05-12 00:34:12 开始操作号码 【1678564】
2024-05-12 00:34:24 GSD getOne 第 1 次 等待 3 秒
2024-05-12 00:34:27 查询号码 【1678564】，返回信息 {"status":"ok","msg":"吉林-松原","gid":"321806","time_insert":"2021-07-19 03:07","time_update":"2023-05-28 16:29"}
2024-05-12 00:34:27 查询号码 【1678564】，GSD为【"吉林-松原"】

2024-05-12 00:34:28 开始第 8656 次操作

2024-05-12 00:34:28 开始操作号码 【1678565】
2024-05-12 00:34:38 GSD getOne 第 1 次 等待 3 秒
2024-05-12 00:34:41 查询号码 【1678565】，返回信息 {"status":"ok","msg":"山东-青岛","gid":"321813","time_insert":"2021-07-19 03:07","time_update":"2023-05-28 16:32"}
2024-05-12 00:34:41 查询号码 【1678565】，GSD为【"山东-青岛"】

