2024-09-07 00:23:29 开始第 3233 次操作

2024-09-07 00:23:29 开始操作号码 【1453232】
2024-09-07 00:23:37 GSD getOne 第 1 次 等待 3 秒
2024-09-07 00:23:40 查询号码 【1453232】，返回信息 {"status":"ok","msg":"浙江-杭州","gid":"75908","time_insert":"2021-06-01 16:13"}
2024-09-07 00:23:40 查询号码 【1453232】，GSD为【"浙江-杭州"】

2024-09-07 00:23:41 开始第 3234 次操作

2024-09-07 00:23:41 开始操作号码 【1453233】
2024-09-07 00:23:49 GSD getOne 第 1 次 等待 3 秒
2024-09-07 00:23:52 查询号码 【1453233】，返回信息 {"status":"ok","msg":"浙江-杭州","gid":"75913","time_insert":"2021-06-01 16:18"}
2024-09-07 00:23:52 查询号码 【1453233】，GSD为【"浙江-杭州"】

2024-09-07 00:23:53 开始第 3235 次操作

2024-09-07 00:23:53 开始操作号码 【1453234】
2024-09-07 00:24:00 GSD getOne 第 1 次 等待 3 秒
2024-09-07 00:24:03 查询号码 【1453234】，返回信息 {"status":"ok","msg":"浙江-杭州","gid":"75916","time_insert":"2021-06-01 16:24"}
2024-09-07 00:24:03 查询号码 【1453234】，GSD为【"浙江-杭州"】

2024-09-07 00:24:04 开始第 3236 次操作

2024-09-07 00:24:04 开始操作号码 【1453235】
2024-09-07 00:24:13 GSD getOne 第 1 次 等待 3 秒
2024-09-07 00:24:16 查询号码 【1453235】，返回信息 {"status":"ok","msg":"浙江-杭州","gid":"75918","time_insert":"2021-06-01 16:28"}
2024-09-07 00:24:16 查询号码 【1453235】，GSD为【"浙江-杭州"】

