2023-12-08 00:10:28 开始第 2041 次操作

2023-12-08 00:10:28 开始操作号码 【1891950】
2023-12-08 00:10:33 GSD getOne 第 1 次 等待 3 秒
2023-12-08 00:10:36 查询号码 【1891950】，返回信息 {"status":"ok","msg":"四川-凉山","gid":"45043","time_insert":"2017-08-26 22:19","time_update":"2020-11-14 06:40"}
2023-12-08 00:10:36 查询号码 【1891950】，GSD为【"四川-凉山"】

2023-12-08 00:10:37 开始第 2042 次操作

2023-12-08 00:10:37 开始操作号码 【1891951】
2023-12-08 00:10:41 GSD getOne 第 1 次 等待 3 秒
2023-12-08 00:10:44 查询号码 【1891951】，返回信息 {"status":"ok","msg":"四川-泸州","gid":"45044","time_insert":"2017-07-11 17:35","time_update":"2020-11-14 06:43"}
2023-12-08 00:10:44 查询号码 【1891951】，GSD为【"四川-泸州"】

2023-12-08 00:10:45 开始第 2043 次操作

2023-12-08 00:10:45 开始操作号码 【1891952】
2023-12-08 00:10:52 GSD getOne 第 1 次 等待 3 秒
2023-12-08 00:10:55 查询号码 【1891952】，返回信息 {"status":"ok","msg":"四川-眉山","gid":"45045","time_insert":"2017-06-07 20:14","time_update":"2020-11-14 06:48"}
2023-12-08 00:10:55 查询号码 【1891952】，GSD为【"四川-眉山"】

2023-12-08 00:10:56 开始第 2044 次操作

2023-12-08 00:10:56 开始操作号码 【1891953】
2023-12-08 00:11:01 GSD getOne 第 1 次 等待 3 秒
2023-12-08 00:11:04 查询号码 【1891953】，返回信息 {"status":"ok","msg":"四川-广安","gid":"45046","time_insert":"2020-05-31 22:33","time_update":"2020-11-14 06:51"}
2023-12-08 00:11:04 查询号码 【1891953】，GSD为【"四川-广安"】

2023-12-08 00:38:54 开始第 2045 次操作

2023-12-08 00:38:54 开始操作号码 【1891954】
2023-12-08 00:38:57 GSD getOne 第 1 次 等待 3 秒
2023-12-08 00:39:00 查询号码 【1891954】，返回信息 {"status":"ok","msg":"四川-甘孜","gid":"45047","time_insert":"2017-05-07 20:50","time_update":"2020-11-14 06:55"}
2023-12-08 00:39:00 查询号码 【1891954】，GSD为【"四川-甘孜"】

2023-12-08 00:39:01 开始第 2046 次操作

2023-12-08 00:39:01 开始操作号码 【1891955】
2023-12-08 00:39:06 GSD getOne 第 1 次 等待 3 秒
2023-12-08 00:39:09 查询号码 【1891955】，返回信息 {"status":"ok","msg":"四川-巴中","gid":"45048","time_insert":"2016-11-04 14:39","time_update":"2020-11-14 07:00"}
2023-12-08 00:39:09 查询号码 【1891955】，GSD为【"四川-巴中"】

2023-12-08 00:39:10 开始第 2047 次操作

2023-12-08 00:39:10 开始操作号码 【1891956】
2023-12-08 00:39:18 GSD getOne 第 1 次 等待 3 秒
2023-12-08 00:39:21 查询号码 【1891956】，返回信息 {"status":"ok","msg":"四川-成都","gid":"497841","time_insert":"2021-08-06 18:46"}
2023-12-08 00:39:21 查询号码 【1891956】，GSD为【"四川-成都"】

2023-12-08 00:39:22 开始第 2048 次操作

2023-12-08 00:39:22 开始操作号码 【1891957】
2023-12-08 00:39:27 GSD getOne 第 1 次 等待 3 秒
2023-12-08 00:39:30 查询号码 【1891957】，返回信息 {"status":"ok","msg":"四川-成都","gid":"45049","time_insert":"2017-04-20 10:11","time_update":"2020-11-14 07:04"}
2023-12-08 00:39:30 查询号码 【1891957】，GSD为【"四川-成都"】

2023-12-08 01:08:03 开始第 2049 次操作

2023-12-08 01:08:03 开始操作号码 【1891958】
2023-12-08 01:08:07 GSD getOne 第 1 次 等待 3 秒
2023-12-08 01:08:10 查询号码 【1891958】，返回信息 {"status":"ok","msg":"青海-海西","gid":"45050","time_insert":"2018-05-08 11:02","time_update":"2020-12-15 18:17"}
2023-12-08 01:08:11 查询号码 【1891958】，GSD为【"青海-海西"】

2023-12-08 01:08:12 开始第 2050 次操作

2023-12-08 01:08:12 开始操作号码 【1891959】
2023-12-08 01:08:15 GSD getOne 第 1 次 等待 3 秒
2023-12-08 01:08:18 查询号码 【1891959】，返回信息 {"status":"ok","msg":"青海-格尔木","gid":"45051","time_insert":"2018-08-16 09:00","time_update":"2020-12-15 18:21"}
2023-12-08 01:08:18 查询号码 【1891959】，GSD为【"青海-格尔木"】

2023-12-08 01:08:19 开始第 2051 次操作

2023-12-08 01:08:19 开始操作号码 【1891960】
2023-12-08 01:08:23 GSD getOne 第 1 次 等待 3 秒
2023-12-08 01:08:26 查询号码 【1891960】，返回信息 {"status":"ok","msg":"安徽-合肥","gid":"497849","time_insert":"2021-08-06 19:01"}
2023-12-08 01:08:26 查询号码 【1891960】，GSD为【"安徽-合肥"】

2023-12-08 01:08:27 开始第 2052 次操作

2023-12-08 01:08:27 开始操作号码 【1891961】
2023-12-08 01:08:31 GSD getOne 第 1 次 等待 3 秒
2023-12-08 01:08:34 查询号码 【1891961】，返回信息 {"status":"ok","msg":"安徽-合肥","gid":"497856","time_insert":"2021-08-06 19:10"}
2023-12-08 01:08:34 查询号码 【1891961】，GSD为【"安徽-合肥"】

2023-12-08 01:32:31 开始第 2053 次操作

2023-12-08 01:32:31 开始操作号码 【1891962】
2023-12-08 01:32:36 GSD getOne 第 1 次 等待 3 秒
2023-12-08 01:32:39 查询号码 【1891962】，返回信息 {"status":"ok","msg":"安徽-合肥","gid":"497857","time_insert":"2021-08-06 19:11"}
2023-12-08 01:32:39 查询号码 【1891962】，GSD为【"安徽-合肥"】

2023-12-08 01:32:40 开始第 2054 次操作

2023-12-08 01:32:40 开始操作号码 【1891963】
2023-12-08 01:32:45 GSD getOne 第 1 次 等待 3 秒
2023-12-08 01:32:48 查询号码 【1891963】，返回信息 {"status":"ok","msg":"安徽-合肥","gid":"497861","time_insert":"2021-08-06 19:16"}
2023-12-08 01:32:48 查询号码 【1891963】，GSD为【"安徽-合肥"】

2023-12-08 01:32:49 开始第 2055 次操作

2023-12-08 01:32:49 开始操作号码 【1891964】
2023-12-08 01:32:53 GSD getOne 第 1 次 等待 3 秒
2023-12-08 01:32:56 查询号码 【1891964】，返回信息 {"status":"ok","msg":"安徽-合肥","gid":"497868","time_insert":"2021-08-06 19:27"}
2023-12-08 01:32:56 查询号码 【1891964】，GSD为【"安徽-合肥"】

2023-12-08 01:32:57 开始第 2056 次操作

2023-12-08 01:32:57 开始操作号码 【1891965】
2023-12-08 01:33:05 GSD getOne 第 1 次 等待 3 秒
2023-12-08 01:33:08 查询号码 【1891965】，返回信息 {"status":"ok","msg":"安徽-合肥","gid":"497869","time_insert":"2021-08-06 19:28"}
2023-12-08 01:33:08 查询号码 【1891965】，GSD为【"安徽-合肥"】

2023-12-08 02:10:36 开始第 2057 次操作

2023-12-08 02:10:36 开始操作号码 【1891966】
2023-12-08 02:10:40 GSD getOne 第 1 次 等待 3 秒
2023-12-08 02:10:43 查询号码 【1891966】，返回信息 {"status":"ok","msg":"安徽-合肥","gid":"497873","time_insert":"2021-08-06 19:32"}
2023-12-08 02:10:43 查询号码 【1891966】，GSD为【"安徽-合肥"】

2023-12-08 02:10:44 开始第 2058 次操作

2023-12-08 02:10:44 开始操作号码 【1891967】
2023-12-08 02:10:48 GSD getOne 第 1 次 等待 3 秒
2023-12-08 02:10:51 查询号码 【1891967】，返回信息 {"status":"ok","msg":"安徽-合肥","gid":"45052","time_insert":"2016-03-30 10:41","time_update":"2020-08-15 23:52"}
2023-12-08 02:10:51 查询号码 【1891967】，GSD为【"安徽-合肥"】

2023-12-08 02:10:52 开始第 2059 次操作

2023-12-08 02:10:52 开始操作号码 【1891968】
2023-12-08 02:10:56 GSD getOne 第 1 次 等待 3 秒
2023-12-08 02:10:59 查询号码 【1891968】，返回信息 {"status":"ok","msg":"安徽-合肥","gid":"497879","time_insert":"2021-08-06 19:41"}
2023-12-08 02:10:59 查询号码 【1891968】，GSD为【"安徽-合肥"】

2023-12-08 02:11:00 开始第 2060 次操作

2023-12-08 02:11:00 开始操作号码 【1891969】
2023-12-08 02:11:04 GSD getOne 第 1 次 等待 3 秒
2023-12-08 02:11:07 查询号码 【1891969】，返回信息 {"status":"ok","msg":"安徽-合肥","gid":"497881","time_insert":"2021-08-06 19:44"}
2023-12-08 02:11:07 查询号码 【1891969】，GSD为【"安徽-合肥"】

2023-12-08 02:34:36 开始第 2061 次操作

2023-12-08 02:34:36 开始操作号码 【1891970】
2023-12-08 02:34:40 GSD getOne 第 1 次 等待 3 秒
2023-12-08 02:34:43 查询号码 【1891970】，返回信息 {"status":"ok","msg":"安徽-六安","gid":"497885","time_insert":"2021-08-06 19:49"}
2023-12-08 02:34:43 查询号码 【1891970】，GSD为【"安徽-六安"】

2023-12-08 02:34:44 开始第 2062 次操作

2023-12-08 02:34:44 开始操作号码 【1891971】
2023-12-08 02:34:47 GSD getOne 第 1 次 等待 3 秒
2023-12-08 02:34:50 查询号码 【1891971】，返回信息 {"status":"ok","msg":"安徽-六安","gid":"497891","time_insert":"2021-08-06 19:55"}
2023-12-08 02:34:50 查询号码 【1891971】，GSD为【"安徽-六安"】

2023-12-08 02:34:51 开始第 2063 次操作

2023-12-08 02:34:51 开始操作号码 【1891972】
2023-12-08 02:34:54 GSD getOne 第 1 次 等待 3 秒
2023-12-08 02:34:57 查询号码 【1891972】，返回信息 {"status":"ok","msg":"安徽-六安","gid":"497893","time_insert":"2021-08-06 19:58"}
2023-12-08 02:34:57 查询号码 【1891972】，GSD为【"安徽-六安"】

2023-12-08 02:34:59 开始第 2064 次操作

2023-12-08 02:34:59 开始操作号码 【1891973】
2023-12-08 02:35:02 GSD getOne 第 1 次 等待 3 秒
2023-12-08 02:35:05 查询号码 【1891973】，返回信息 {"status":"ok","msg":"安徽-六安","gid":"497895","time_insert":"2021-08-06 20:01"}
2023-12-08 02:35:05 查询号码 【1891973】，GSD为【"安徽-六安"】

2023-12-08 03:06:36 开始第 2065 次操作

2023-12-08 03:06:36 开始操作号码 【1891974】
2023-12-08 03:06:40 GSD getOne 第 1 次 等待 3 秒
2023-12-08 03:06:43 查询号码 【1891974】，返回信息 {"status":"ok","msg":"安徽-六安","gid":"497898","time_insert":"2021-08-06 20:03"}
2023-12-08 03:06:43 查询号码 【1891974】，GSD为【"安徽-六安"】

2023-12-08 03:06:44 开始第 2066 次操作

2023-12-08 03:06:44 开始操作号码 【1891975】
2023-12-08 03:06:47 GSD getOne 第 1 次 等待 3 秒
2023-12-08 03:06:50 查询号码 【1891975】，返回信息 {"status":"ok","msg":"安徽-六安","gid":"497905","time_insert":"2021-08-06 20:13"}
2023-12-08 03:06:50 查询号码 【1891975】，GSD为【"安徽-六安"】

2023-12-08 03:06:51 开始第 2067 次操作

2023-12-08 03:06:51 开始操作号码 【1891976】
2023-12-08 03:06:55 GSD getOne 第 1 次 等待 3 秒
2023-12-08 03:06:58 查询号码 【1891976】，返回信息 {"status":"ok","msg":"安徽-六安","gid":"497907","time_insert":"2021-08-06 20:17"}
2023-12-08 03:06:58 查询号码 【1891976】，GSD为【"安徽-六安"】

2023-12-08 03:06:59 开始第 2068 次操作

2023-12-08 03:06:59 开始操作号码 【1891977】
2023-12-08 03:07:02 GSD getOne 第 1 次 等待 3 秒
2023-12-08 03:07:05 查询号码 【1891977】，返回信息 {"status":"ok","msg":"安徽-六安","gid":"497909","time_insert":"2021-08-06 20:19"}
2023-12-08 03:07:05 查询号码 【1891977】，GSD为【"安徽-六安"】

