2024-07-10 00:11:27 开始第 5801 次操作

2024-07-10 00:11:27 开始操作号码 【1565707】
2024-07-10 00:11:38 GSD getOne 第 1 次 等待 3 秒
2024-07-10 00:11:41 查询号码 【1565707】，返回信息 {"status":"ok","msg":"浙江-衢州","gid":"414213","time_insert":"2021-07-27 15:23"}
2024-07-10 00:11:41 查询号码 【1565707】，GSD为【"浙江-衢州"】

2024-07-10 00:11:42 开始第 5802 次操作

2024-07-10 00:11:42 开始操作号码 【1565708】
2024-07-10 00:11:53 GSD getOne 第 1 次 等待 3 秒
2024-07-10 00:11:56 查询号码 【1565708】，返回信息 {"status":"ok","msg":"浙江-舟山","gid":"414206","time_insert":"2021-07-27 15:22"}
2024-07-10 00:11:56 查询号码 【1565708】，GSD为【"浙江-舟山"】

2024-07-10 00:11:57 开始第 5803 次操作

2024-07-10 00:11:57 开始操作号码 【1565709】
2024-07-10 00:12:09 GSD getOne 第 1 次 等待 3 秒
2024-07-10 00:12:12 查询号码 【1565709】，返回信息 {"status":"ok","msg":"浙江-舟山","gid":"414201","time_insert":"2021-07-27 15:21"}
2024-07-10 00:12:12 查询号码 【1565709】，GSD为【"浙江-舟山"】

2024-07-10 00:12:13 开始第 5804 次操作

2024-07-10 00:12:13 开始操作号码 【1565710】
2024-07-10 00:12:21 GSD getOne 第 1 次 等待 3 秒
2024-07-10 00:12:24 查询号码 【1565710】，返回信息 {"status":"ok","msg":"浙江-杭州","gid":"414191","time_insert":"2021-07-27 15:20"}
2024-07-10 00:12:24 查询号码 【1565710】，GSD为【"浙江-杭州"】

