2024-12-15 00:25:44 开始第 9629 次操作

2024-12-15 00:25:44 开始操作号码 【1349628】
2024-12-15 00:25:46 GSD getOne 第 1 次 等待 3 秒
2024-12-15 00:25:49 查询号码 【1349628】，返回信息 {"status":"ok","msg":"北京-北京","gid":"305491","time_insert":"2021-07-17 17:49"}
2024-12-15 00:25:49 查询号码 【1349628】，GSD为【"北京-北京"】

2024-12-15 00:25:50 开始第 9630 次操作

2024-12-15 00:25:50 开始操作号码 【1349629】
2024-12-15 00:25:51 GSD getOne 第 1 次 等待 3 秒
2024-12-15 00:25:54 查询号码 【1349629】，返回信息 {"status":"ok","msg":"北京-北京","gid":"305479","time_insert":"2021-07-17 17:48"}
2024-12-15 00:25:54 查询号码 【1349629】，GSD为【"北京-北京"】

2024-12-15 00:25:55 开始第 9631 次操作

2024-12-15 00:25:55 开始操作号码 【1349630】
2024-12-15 00:25:56 GSD getOne 第 1 次 等待 3 秒
2024-12-15 00:25:59 查询号码 【1349630】，返回信息 {"status":"ok","msg":"北京-北京","gid":"305468","time_insert":"2021-07-17 17:47"}
2024-12-15 00:25:59 查询号码 【1349630】，GSD为【"北京-北京"】

2024-12-15 00:26:00 开始第 9632 次操作

2024-12-15 00:26:00 开始操作号码 【1349631】
2024-12-15 00:26:01 GSD getOne 第 1 次 等待 3 秒
2024-12-15 00:26:04 查询号码 【1349631】，返回信息 {"status":"ok","msg":"北京-北京","gid":"305458","time_insert":"2021-07-17 17:46"}
2024-12-15 00:26:04 查询号码 【1349631】，GSD为【"北京-北京"】

