2024-01-26 00:10:31 开始第 149 次操作

2024-01-26 00:10:31 开始操作号码 【1780058】
2024-01-26 00:10:56 GSD getOne 第 1 次 等待 3 秒
2024-01-26 00:10:59 查询号码 【1780058】，返回信息 {"status":"ok","msg":"黑龙江-哈尔滨","gid":"255187","time_insert":"2021-07-12 09:39"}
2024-01-26 00:10:59 查询号码 【1780058】，GSD为【"黑龙江-哈尔滨"】

2024-01-26 00:11:00 开始第 150 次操作

2024-01-26 00:11:00 开始操作号码 【1780059】
2024-01-26 00:11:23 GSD getOne 第 1 次 等待 3 秒
2024-01-26 00:11:26 查询号码 【1780059】，返回信息 {"status":"ok","msg":"黑龙江-哈尔滨","gid":"255415","time_insert":"2021-07-12 09:52"}
2024-01-26 00:11:27 查询号码 【1780059】，GSD为【"黑龙江-哈尔滨"】

2024-01-26 00:11:28 开始第 151 次操作

2024-01-26 00:11:28 开始操作号码 【1780060】
2024-01-26 00:11:53 GSD getOne 第 1 次 等待 3 秒
2024-01-26 00:11:56 查询号码 【1780060】，返回信息 {"status":"ok","msg":"内蒙古-阿拉善","gid":"255468","time_insert":"2021-07-12 10:03"}
2024-01-26 00:11:56 查询号码 【1780060】，GSD为【"内蒙古-阿拉善"】

2024-01-26 00:11:57 开始第 152 次操作

2024-01-26 00:11:57 开始操作号码 【1780061】
2024-01-26 00:12:20 GSD getOne 第 1 次 等待 3 秒
2024-01-26 00:12:23 查询号码 【1780061】，返回信息 {"status":"ok","msg":"内蒙古-乌兰浩特","gid":"255489","time_insert":"2021-07-12 10:15"}
2024-01-26 00:12:24 查询号码 【1780061】，GSD为【"内蒙古-乌兰浩特"】

2024-01-26 00:39:40 开始第 153 次操作

2024-01-26 00:39:40 开始操作号码 【1780062】
2024-01-26 00:40:04 GSD getOne 第 1 次 等待 3 秒
2024-01-26 00:40:07 查询号码 【1780062】，返回信息 {"status":"ok","msg":"内蒙古-乌兰浩特","gid":"255512","time_insert":"2021-07-12 10:28"}
2024-01-26 00:40:07 查询号码 【1780062】，GSD为【"内蒙古-乌兰浩特"】

2024-01-26 00:40:08 开始第 154 次操作

2024-01-26 00:40:08 开始操作号码 【1780063】
2024-01-26 00:40:32 GSD getOne 第 1 次 等待 3 秒
2024-01-26 00:40:35 查询号码 【1780063】，返回信息 {"status":"ok","msg":"内蒙古-巴彦淖尔","gid":"255534","time_insert":"2021-07-12 10:41"}
2024-01-26 00:40:35 查询号码 【1780063】，GSD为【"内蒙古-巴彦淖尔"】

2024-01-26 00:40:36 开始第 155 次操作

2024-01-26 00:40:36 开始操作号码 【1780064】
2024-01-26 00:41:00 GSD getOne 第 1 次 等待 3 秒
2024-01-26 00:41:03 查询号码 【1780064】，返回信息 {"status":"ok","msg":"内蒙古-赤峰","gid":"255687","time_insert":"2021-07-12 10:53"}
2024-01-26 00:41:03 查询号码 【1780064】，GSD为【"内蒙古-赤峰"】

2024-01-26 00:41:04 开始第 156 次操作

2024-01-26 00:41:04 开始操作号码 【1780065】
2024-01-26 00:41:28 GSD getOne 第 1 次 等待 3 秒
2024-01-26 00:41:31 查询号码 【1780065】，返回信息 {"status":"ok","msg":"内蒙古-通辽","gid":"255835","time_insert":"2021-07-12 11:06"}
2024-01-26 00:41:31 查询号码 【1780065】，GSD为【"内蒙古-通辽"】

2024-01-26 01:07:40 开始第 157 次操作

2024-01-26 01:07:40 开始操作号码 【1780066】
2024-01-26 01:08:04 GSD getOne 第 1 次 等待 3 秒
2024-01-26 01:08:07 查询号码 【1780066】，返回信息 {"status":"ok","msg":"内蒙古-乌兰察布","gid":"255863","time_insert":"2021-07-12 11:17"}
2024-01-26 01:08:07 查询号码 【1780066】，GSD为【"内蒙古-乌兰察布"】

2024-01-26 01:08:08 开始第 158 次操作

2024-01-26 01:08:08 开始操作号码 【1780067】
2024-01-26 01:08:33 GSD getOne 第 1 次 等待 3 秒
2024-01-26 01:08:36 查询号码 【1780067】，返回信息 {"status":"ok","msg":"内蒙古-包头","gid":"255886","time_insert":"2021-07-12 11:29"}
2024-01-26 01:08:36 查询号码 【1780067】，GSD为【"内蒙古-包头"】

2024-01-26 01:08:37 开始第 159 次操作

2024-01-26 01:08:37 开始操作号码 【1780068】
2024-01-26 01:09:02 GSD getOne 第 1 次 等待 3 秒
2024-01-26 01:09:05 查询号码 【1780068】，返回信息 {"status":"ok","msg":"内蒙古-呼和浩特","gid":"255905","time_insert":"2021-07-12 11:41"}
2024-01-26 01:09:05 查询号码 【1780068】，GSD为【"内蒙古-呼和浩特"】

2024-01-26 01:09:06 开始第 160 次操作

2024-01-26 01:09:06 开始操作号码 【1780069】
2024-01-26 01:09:32 GSD getOne 第 1 次 等待 3 秒
2024-01-26 01:09:35 查询号码 【1780069】，返回信息 {"status":"ok","msg":"内蒙古-海拉尔","gid":"256066","time_insert":"2021-07-12 11:52"}
2024-01-26 01:09:35 查询号码 【1780069】，GSD为【"内蒙古-海拉尔"】

2024-01-26 01:32:55 开始第 161 次操作

2024-01-26 01:32:55 开始操作号码 【1780070】
2024-01-26 01:33:19 GSD getOne 第 1 次 等待 3 秒
2024-01-26 01:33:22 查询号码 【1780070】，返回信息 {"status":"ok","msg":"青海-格尔木","gid":"256203","time_insert":"2021-07-12 12:04"}
2024-01-26 01:33:22 查询号码 【1780070】，GSD为【"青海-格尔木"】

2024-01-26 01:33:23 开始第 162 次操作

2024-01-26 01:33:23 开始操作号码 【1780071】
2024-01-26 01:33:46 GSD getOne 第 1 次 等待 3 秒
2024-01-26 01:33:49 查询号码 【1780071】，返回信息 {"status":"ok","msg":"青海-西宁","gid":"256236","time_insert":"2021-07-12 12:16"}
2024-01-26 01:33:49 查询号码 【1780071】，GSD为【"青海-西宁"】

2024-01-26 01:33:50 开始第 163 次操作

2024-01-26 01:33:50 开始操作号码 【1780072】
2024-01-26 01:34:14 GSD getOne 第 1 次 等待 3 秒
2024-01-26 01:34:17 查询号码 【1780072】，返回信息 {"status":"ok","msg":"青海-海东","gid":"256261","time_insert":"2021-07-12 12:30"}
2024-01-26 01:34:17 查询号码 【1780072】，GSD为【"青海-海东"】

2024-01-26 01:34:18 开始第 164 次操作

2024-01-26 01:34:18 开始操作号码 【1780073】
2024-01-26 01:34:41 GSD getOne 第 1 次 等待 3 秒
2024-01-26 01:34:44 查询号码 【1780073】，返回信息 {"status":"ok","msg":"青海-海东","gid":"256288","time_insert":"2021-07-12 12:45"}
2024-01-26 01:34:44 查询号码 【1780073】，GSD为【"青海-海东"】

