2024-02-02 00:09:45 开始第 1437 次操作

2024-02-02 00:09:45 开始操作号码 【1781346】
2024-02-02 00:09:54 GSD getOne 第 1 次 等待 3 秒
2024-02-02 00:09:57 查询号码 【1781346】，返回信息 {"status":"ok","msg":"北京-北京","gid":"349080","time_insert":"2021-07-21 21:12"}
2024-02-02 00:09:57 查询号码 【1781346】，GSD为【"北京-北京"】

2024-02-02 00:09:58 开始第 1438 次操作

2024-02-02 00:09:58 开始操作号码 【1781347】
2024-02-02 00:10:02 GSD getOne 第 1 次 等待 3 秒
2024-02-02 00:10:05 查询号码 【1781347】，返回信息 {"status":"ok","msg":"北京-北京","gid":"349075","time_insert":"2021-07-21 21:11","time_update":"2021-07-21 21:23"}
2024-02-02 00:10:05 查询号码 【1781347】，GSD为【"北京-北京"】

2024-02-02 00:10:06 开始第 1439 次操作

2024-02-02 00:10:06 开始操作号码 【1781348】
2024-02-02 00:10:11 GSD getOne 第 1 次 等待 3 秒
2024-02-02 00:10:14 查询号码 【1781348】，返回信息 {"status":"ok","msg":"北京-北京","gid":"349069","time_insert":"2021-07-21 21:11"}
2024-02-02 00:10:15 查询号码 【1781348】，GSD为【"北京-北京"】

2024-02-02 00:10:16 开始第 1440 次操作

2024-02-02 00:10:16 开始操作号码 【1781349】
2024-02-02 00:10:20 GSD getOne 第 1 次 等待 3 秒
2024-02-02 00:10:23 查询号码 【1781349】，返回信息 {"status":"ok","msg":"北京-北京","gid":"349061","time_insert":"2021-07-21 21:10"}
2024-02-02 00:10:23 查询号码 【1781349】，GSD为【"北京-北京"】

2024-02-02 00:33:44 开始第 1441 次操作

2024-02-02 00:33:44 开始操作号码 【1781350】
2024-02-02 00:33:50 GSD getOne 第 1 次 等待 3 秒
2024-02-02 00:33:53 查询号码 【1781350】，返回信息 {"status":"ok","msg":"北京-北京","gid":"349052","time_insert":"2021-07-21 21:09"}
2024-02-02 00:33:53 查询号码 【1781350】，GSD为【"北京-北京"】

2024-02-02 00:33:54 开始第 1442 次操作

2024-02-02 00:33:54 开始操作号码 【1781351】
2024-02-02 00:34:00 GSD getOne 第 1 次 等待 3 秒
2024-02-02 00:34:03 查询号码 【1781351】，返回信息 {"status":"ok","msg":"北京-北京","gid":"349047","time_insert":"2021-07-21 21:09"}
2024-02-02 00:34:03 查询号码 【1781351】，GSD为【"北京-北京"】

2024-02-02 00:34:04 开始第 1443 次操作

2024-02-02 00:34:04 开始操作号码 【1781352】
2024-02-02 00:34:09 GSD getOne 第 1 次 等待 3 秒
2024-02-02 00:34:12 查询号码 【1781352】，返回信息 {"status":"ok","msg":"北京-北京","gid":"349037","time_insert":"2021-07-21 21:08"}
2024-02-02 00:34:12 查询号码 【1781352】，GSD为【"北京-北京"】

2024-02-02 00:34:13 开始第 1444 次操作

2024-02-02 00:34:13 开始操作号码 【1781353】
2024-02-02 00:34:17 GSD getOne 第 1 次 等待 3 秒
2024-02-02 00:34:20 查询号码 【1781353】，返回信息 {"status":"ok","msg":"北京-北京","gid":"349030","time_insert":"2021-07-21 21:07"}
2024-02-02 00:34:20 查询号码 【1781353】，GSD为【"北京-北京"】

2024-02-02 01:07:37 开始第 1445 次操作

2024-02-02 01:07:37 开始操作号码 【1781354】
2024-02-02 01:07:44 GSD getOne 第 1 次 等待 3 秒
2024-02-02 01:07:47 查询号码 【1781354】，返回信息 {"status":"ok","msg":"北京-北京","gid":"349022","time_insert":"2021-07-21 21:07"}
2024-02-02 01:07:47 查询号码 【1781354】，GSD为【"北京-北京"】

2024-02-02 01:07:48 开始第 1446 次操作

2024-02-02 01:07:48 开始操作号码 【1781355】
2024-02-02 01:07:53 GSD getOne 第 1 次 等待 3 秒
2024-02-02 01:07:56 查询号码 【1781355】，返回信息 {"status":"ok","msg":"北京-北京","gid":"349015","time_insert":"2021-07-21 21:06"}
2024-02-02 01:07:56 查询号码 【1781355】，GSD为【"北京-北京"】

2024-02-02 01:07:57 开始第 1447 次操作

2024-02-02 01:07:57 开始操作号码 【1781356】
2024-02-02 01:08:01 GSD getOne 第 1 次 等待 3 秒
2024-02-02 01:08:04 查询号码 【1781356】，返回信息 {"status":"ok","msg":"北京-北京","gid":"349010","time_insert":"2021-07-21 21:06"}
2024-02-02 01:08:04 查询号码 【1781356】，GSD为【"北京-北京"】

2024-02-02 01:08:05 开始第 1448 次操作

2024-02-02 01:08:05 开始操作号码 【1781357】
2024-02-02 01:08:14 GSD getOne 第 1 次 等待 3 秒
2024-02-02 01:08:17 查询号码 【1781357】，返回信息 {"status":"ok","msg":"北京-北京","gid":"349003","time_insert":"2021-07-21 21:05"}
2024-02-02 01:08:17 查询号码 【1781357】，GSD为【"北京-北京"】

2024-02-02 01:32:10 开始第 1449 次操作

2024-02-02 01:32:10 开始操作号码 【1781358】
2024-02-02 01:32:17 GSD getOne 第 1 次 等待 3 秒
2024-02-02 01:32:20 查询号码 【1781358】，返回信息 {"status":"ok","msg":"北京-北京","gid":"348999","time_insert":"2021-07-21 21:05"}
2024-02-02 01:32:20 查询号码 【1781358】，GSD为【"北京-北京"】

2024-02-02 01:32:21 开始第 1450 次操作

2024-02-02 01:32:21 开始操作号码 【1781359】
2024-02-02 01:32:25 GSD getOne 第 1 次 等待 3 秒
2024-02-02 01:32:28 查询号码 【1781359】，返回信息 {"status":"ok","msg":"北京-北京","gid":"348992","time_insert":"2021-07-21 21:04"}
2024-02-02 01:32:28 查询号码 【1781359】，GSD为【"北京-北京"】

2024-02-02 01:32:29 开始第 1451 次操作

2024-02-02 01:32:29 开始操作号码 【1781360】
2024-02-02 01:32:33 GSD getOne 第 1 次 等待 3 秒
2024-02-02 01:32:36 查询号码 【1781360】，返回信息 {"status":"ok","msg":"北京-北京","gid":"348981","time_insert":"2021-07-21 21:03"}
2024-02-02 01:32:36 查询号码 【1781360】，GSD为【"北京-北京"】

2024-02-02 01:32:37 开始第 1452 次操作

2024-02-02 01:32:37 开始操作号码 【1781361】
2024-02-02 01:32:41 GSD getOne 第 1 次 等待 3 秒
2024-02-02 01:32:44 查询号码 【1781361】，返回信息 {"status":"ok","msg":"北京-北京","gid":"348975","time_insert":"2021-07-21 21:02"}
2024-02-02 01:32:44 查询号码 【1781361】，GSD为【"北京-北京"】

2024-02-02 02:09:26 开始第 1453 次操作

2024-02-02 02:09:26 开始操作号码 【1781362】
2024-02-02 02:09:31 GSD getOne 第 1 次 等待 3 秒
2024-02-02 02:09:34 查询号码 【1781362】，返回信息 {"status":"ok","msg":"北京-北京","gid":"348962","time_insert":"2021-07-21 21:01"}
2024-02-02 02:09:34 查询号码 【1781362】，GSD为【"北京-北京"】

2024-02-02 02:09:35 开始第 1454 次操作

2024-02-02 02:09:35 开始操作号码 【1781363】
2024-02-02 02:09:40 GSD getOne 第 1 次 等待 3 秒
2024-02-02 02:09:43 查询号码 【1781363】，返回信息 {"status":"ok","msg":"北京-北京","gid":"348954","time_insert":"2021-07-21 21:00"}
2024-02-02 02:09:43 查询号码 【1781363】，GSD为【"北京-北京"】

2024-02-02 02:09:44 开始第 1455 次操作

2024-02-02 02:09:44 开始操作号码 【1781364】
2024-02-02 02:09:48 GSD getOne 第 1 次 等待 3 秒
2024-02-02 02:09:51 查询号码 【1781364】，返回信息 {"status":"ok","msg":"北京-北京","gid":"348948","time_insert":"2021-07-21 21:00"}
2024-02-02 02:09:51 查询号码 【1781364】，GSD为【"北京-北京"】

2024-02-02 02:09:52 开始第 1456 次操作

2024-02-02 02:09:52 开始操作号码 【1781365】
2024-02-02 02:09:56 GSD getOne 第 1 次 等待 3 秒
2024-02-02 02:09:59 查询号码 【1781365】，返回信息 {"status":"ok","msg":"北京-北京","gid":"348203","time_insert":"2021-07-21 18:41","time_update":"2021-07-21 19:21"}
2024-02-02 02:09:59 查询号码 【1781365】，GSD为【"北京-北京"】

2024-02-02 02:33:21 开始第 1457 次操作

2024-02-02 02:33:21 开始操作号码 【1781366】
2024-02-02 02:33:27 GSD getOne 第 1 次 等待 3 秒
2024-02-02 02:33:30 查询号码 【1781366】，返回信息 {"status":"ok","msg":"北京-北京","gid":"348191","time_insert":"2021-07-21 18:39","time_update":"2021-07-21 19:20"}
2024-02-02 02:33:30 查询号码 【1781366】，GSD为【"北京-北京"】

2024-02-02 02:33:32 开始第 1458 次操作

2024-02-02 02:33:32 开始操作号码 【1781367】
2024-02-02 02:33:36 GSD getOne 第 1 次 等待 3 秒
2024-02-02 02:33:39 查询号码 【1781367】，返回信息 {"status":"ok","msg":"北京-北京","gid":"348186","time_insert":"2021-07-21 18:38","time_update":"2021-07-21 19:19"}
2024-02-02 02:33:39 查询号码 【1781367】，GSD为【"北京-北京"】

2024-02-02 02:33:40 开始第 1459 次操作

2024-02-02 02:33:40 开始操作号码 【1781368】
2024-02-02 02:33:44 GSD getOne 第 1 次 等待 3 秒
2024-02-02 02:33:47 查询号码 【1781368】，返回信息 {"status":"ok","msg":"北京-北京","gid":"348172","time_insert":"2021-07-21 18:35","time_update":"2021-07-21 19:18"}
2024-02-02 02:33:47 查询号码 【1781368】，GSD为【"北京-北京"】

2024-02-02 02:33:48 开始第 1460 次操作

2024-02-02 02:33:48 开始操作号码 【1781369】
2024-02-02 02:33:52 GSD getOne 第 1 次 等待 3 秒
2024-02-02 02:33:55 查询号码 【1781369】，返回信息 {"status":"ok","msg":"北京-北京","gid":"348164","time_insert":"2021-07-21 18:34","time_update":"2021-07-21 19:18"}
2024-02-02 02:33:56 查询号码 【1781369】，GSD为【"北京-北京"】

2024-02-02 03:07:21 开始第 1461 次操作

2024-02-02 03:07:21 开始操作号码 【1781370】
2024-02-02 03:07:26 GSD getOne 第 1 次 等待 3 秒
2024-02-02 03:07:29 查询号码 【1781370】，返回信息 {"status":"ok","msg":"北京-北京","gid":"348158","time_insert":"2021-07-21 18:32","time_update":"2021-07-21 19:17"}
2024-02-02 03:07:29 查询号码 【1781370】，GSD为【"北京-北京"】

2024-02-02 03:07:30 开始第 1462 次操作

2024-02-02 03:07:30 开始操作号码 【1781371】
2024-02-02 03:07:34 GSD getOne 第 1 次 等待 3 秒
2024-02-02 03:07:37 查询号码 【1781371】，返回信息 {"status":"ok","msg":"北京-北京","gid":"348151","time_insert":"2021-07-21 18:30","time_update":"2021-07-21 19:16"}
2024-02-02 03:07:37 查询号码 【1781371】，GSD为【"北京-北京"】

2024-02-02 03:07:38 开始第 1463 次操作

2024-02-02 03:07:38 开始操作号码 【1781372】
2024-02-02 03:07:42 GSD getOne 第 1 次 等待 3 秒
2024-02-02 03:07:45 查询号码 【1781372】，返回信息 {"status":"ok","msg":"北京-北京","gid":"348145","time_insert":"2021-07-21 18:29","time_update":"2021-07-21 19:15"}
2024-02-02 03:07:45 查询号码 【1781372】，GSD为【"北京-北京"】

2024-02-02 03:07:46 开始第 1464 次操作

2024-02-02 03:07:46 开始操作号码 【1781373】
2024-02-02 03:07:49 GSD getOne 第 1 次 等待 3 秒
2024-02-02 03:07:52 查询号码 【1781373】，返回信息 {"status":"ok","msg":"北京-北京","gid":"348138","time_insert":"2021-07-21 18:27","time_update":"2021-07-21 19:14"}
2024-02-02 03:07:52 查询号码 【1781373】，GSD为【"北京-北京"】

