2023-12-30 00:10:57 开始第 6089 次操作

2023-12-30 00:10:57 开始操作号码 【1895998】
2023-12-30 00:11:02 GSD getOne 第 1 次 等待 3 秒
2023-12-30 00:11:05 查询号码 【1895998】，返回信息 {"status":"ok","msg":"福建-泉州","gid":"467626","time_insert":"2021-08-01 13:15"}
2023-12-30 00:11:05 查询号码 【1895998】，GSD为【"福建-泉州"】

2023-12-30 00:11:06 开始第 6090 次操作

2023-12-30 00:11:06 开始操作号码 【1895999】
2023-12-30 00:11:13 GSD getOne 第 1 次 等待 3 秒
2023-12-30 00:11:16 查询号码 【1895999】，返回信息 {"status":"ok","msg":"福建-泉州","gid":"467616","time_insert":"2021-08-01 13:14"}
2023-12-30 00:11:16 查询号码 【1895999】，GSD为【"福建-泉州"】

2023-12-30 00:11:17 开始第 6091 次操作

2023-12-30 00:11:17 开始操作号码 【1896000】
2023-12-30 00:11:20 GSD getOne 第 1 次 等待 3 秒
2023-12-30 00:11:23 查询号码 【1896000】，返回信息 {"status":"ok","msg":"福建-漳州","gid":"467605","time_insert":"2021-08-01 13:13"}
2023-12-30 00:11:23 查询号码 【1896000】，GSD为【"福建-漳州"】

2023-12-30 00:11:24 开始第 6092 次操作

2023-12-30 00:11:24 开始操作号码 【1896001】
2023-12-30 00:11:28 GSD getOne 第 1 次 等待 3 秒
2023-12-30 00:11:31 查询号码 【1896001】，返回信息 {"status":"ok","msg":"福建-漳州","gid":"467594","time_insert":"2021-08-01 13:13"}
2023-12-30 00:11:31 查询号码 【1896001】，GSD为【"福建-漳州"】

