2024-09-26 00:26:08 开始第 6477 次操作

2024-09-26 00:26:08 开始操作号码 【1456476】
2024-09-26 00:26:12 GSD getOne 第 1 次 等待 3 秒
2024-09-26 00:26:15 查询号码 【1456476】，返回信息 {"status":"ok","msg":"黑龙江-伊春","gid":"92759","time_insert":"2021-06-12 10:16","time_update":"2021-08-03 14:49"}
2024-09-26 00:26:15 查询号码 【1456476】，GSD为【"黑龙江-伊春"】

2024-09-26 00:26:16 开始第 6478 次操作

2024-09-26 00:26:16 开始操作号码 【1456477】
2024-09-26 00:26:18 GSD getOne 第 1 次 等待 3 秒
2024-09-26 00:26:21 查询号码 【1456477】，返回信息 {"status":"ok","msg":"黑龙江-伊春","gid":"92767","time_insert":"2021-06-12 10:19","time_update":"2021-08-03 14:57"}
2024-09-26 00:26:21 查询号码 【1456477】，GSD为【"黑龙江-伊春"】

2024-09-26 00:26:22 开始第 6479 次操作

2024-09-26 00:26:22 开始操作号码 【1456478】
2024-09-26 00:26:41 GSD getOne 第 1 次 等待 3 秒
2024-09-26 00:26:44 查询号码 【1456478】，返回信息 {"status":"ok","msg":"黑龙江-伊春","gid":"92771","time_insert":"2021-06-12 10:25","time_update":"2021-08-03 15:02"}
2024-09-26 00:26:44 查询号码 【1456478】，GSD为【"黑龙江-伊春"】

2024-09-26 00:26:45 开始第 6480 次操作

2024-09-26 00:26:45 开始操作号码 【1456479】
2024-09-26 00:26:47 GSD getOne 第 1 次 等待 3 秒
2024-09-26 00:26:50 查询号码 【1456479】，返回信息 {"status":"ok","msg":"黑龙江-伊春","gid":"92775","time_insert":"2021-06-12 10:28","time_update":"2021-08-03 14:56"}
2024-09-26 00:26:50 查询号码 【1456479】，GSD为【"黑龙江-伊春"】

