2024-12-02 00:25:54 开始第 7573 次操作

2024-12-02 00:25:54 开始操作号码 【1347572】
2024-12-02 00:25:55 GSD getOne 第 1 次 等待 3 秒
2024-12-02 00:25:58 查询号码 【1347572】，返回信息 {"status":"ok","msg":"山东-聊城","gid":"328902","time_insert":"2021-07-19 18:57"}
2024-12-02 00:25:59 查询号码 【1347572】，GSD为【"山东-聊城"】

2024-12-02 00:26:00 开始第 7574 次操作

2024-12-02 00:26:00 开始操作号码 【1347573】
2024-12-02 00:26:01 GSD getOne 第 1 次 等待 3 秒
2024-12-02 00:26:04 查询号码 【1347573】，返回信息 {"status":"ok","msg":"山东-聊城","gid":"328891","time_insert":"2021-07-19 18:56"}
2024-12-02 00:26:04 查询号码 【1347573】，GSD为【"山东-聊城"】

2024-12-02 00:26:05 开始第 7575 次操作

2024-12-02 00:26:05 开始操作号码 【1347574】
2024-12-02 00:26:06 GSD getOne 第 1 次 等待 3 秒
2024-12-02 00:26:09 查询号码 【1347574】，返回信息 {"status":"ok","msg":"山东-聊城","gid":"328881","time_insert":"2021-07-19 18:56"}
2024-12-02 00:26:09 查询号码 【1347574】，GSD为【"山东-聊城"】

2024-12-02 00:26:10 开始第 7576 次操作

2024-12-02 00:26:10 开始操作号码 【1347575】
2024-12-02 00:26:11 GSD getOne 第 1 次 等待 3 秒
2024-12-02 00:26:14 查询号码 【1347575】，返回信息 {"status":"ok","msg":"山东-济宁","gid":"328874","time_insert":"2021-07-19 18:55"}
2024-12-02 00:26:14 查询号码 【1347575】，GSD为【"山东-济宁"】

2024-12-02 00:44:49 开始第 7577 次操作

2024-12-02 00:44:49 开始操作号码 【1347576】
2024-12-02 00:44:50 GSD getOne 第 1 次 等待 3 秒
2024-12-02 00:44:53 查询号码 【1347576】，返回信息 {"status":"ok","msg":"山东-济宁","gid":"328868","time_insert":"2021-07-19 18:55"}
2024-12-02 00:44:53 查询号码 【1347576】，GSD为【"山东-济宁"】

2024-12-02 00:44:54 开始第 7578 次操作

2024-12-02 00:44:54 开始操作号码 【1347577】
2024-12-02 00:44:55 GSD getOne 第 1 次 等待 3 秒
2024-12-02 00:44:58 查询号码 【1347577】，返回信息 {"status":"ok","msg":"山东-济宁","gid":"4838","time_insert":"2019-01-05 18:16","time_update":"2020-09-10 23:27"}
2024-12-02 00:44:58 查询号码 【1347577】，GSD为【"山东-济宁"】

2024-12-02 00:44:59 开始第 7579 次操作

2024-12-02 00:44:59 开始操作号码 【1347578】
2024-12-02 00:45:00 GSD getOne 第 1 次 等待 3 秒
2024-12-02 00:45:03 查询号码 【1347578】，返回信息 {"status":"ok","msg":"山东-济宁","gid":"328860","time_insert":"2021-07-19 18:54"}
2024-12-02 00:45:03 查询号码 【1347578】，GSD为【"山东-济宁"】

2024-12-02 00:45:04 开始第 7580 次操作

2024-12-02 00:45:04 开始操作号码 【1347579】
2024-12-02 00:45:05 GSD getOne 第 1 次 等待 3 秒
2024-12-02 00:45:08 查询号码 【1347579】，返回信息 {"status":"ok","msg":"山东-济宁","gid":"328849","time_insert":"2021-07-19 18:53"}
2024-12-02 00:45:08 查询号码 【1347579】，GSD为【"山东-济宁"】

