2023-11-19 00:08:44 开始第 9637 次操作

2023-11-19 00:08:44 开始操作号码 【1999545】
2023-11-19 00:08:50 GSD getOne 第 1 次 等待 3 秒
2023-11-19 00:08:53 查询号码 【1999545】，返回信息 {"status":"ok","msg":"宁夏-中卫","gid":"471015","time_insert":"2021-08-01 19:47"}
2023-11-19 00:08:53 查询号码 【1999545】，GSD为【"宁夏-中卫"】

2023-11-19 00:08:54 开始第 9638 次操作

2023-11-19 00:08:54 开始操作号码 【1999546】
2023-11-19 00:09:04 GSD getOne 第 1 次 等待 3 秒
2023-11-19 00:09:07 查询号码 【1999546】，返回信息 {"status":"ok","msg":"宁夏-中卫","gid":"471005","time_insert":"2021-08-01 19:46"}
2023-11-19 00:09:07 查询号码 【1999546】，GSD为【"宁夏-中卫"】

2023-11-19 00:09:08 开始第 9639 次操作

2023-11-19 00:09:08 开始操作号码 【1999547】
2023-11-19 00:09:12 GSD getOne 第 1 次 等待 3 秒
2023-11-19 00:09:15 查询号码 【1999547】，返回信息 {"status":"ok","msg":"宁夏-中卫","gid":"470994","time_insert":"2021-08-01 19:46"}
2023-11-19 00:09:15 查询号码 【1999547】，GSD为【"宁夏-中卫"】

2023-11-19 00:09:16 开始第 9640 次操作

2023-11-19 00:09:16 开始操作号码 【1999548】
2023-11-19 00:09:20 GSD getOne 第 1 次 等待 3 秒
2023-11-19 00:09:23 查询号码 【1999548】，返回信息 {"status":"ok","msg":"宁夏-银川","gid":"470984","time_insert":"2021-08-01 19:45"}
2023-11-19 00:09:23 查询号码 【1999548】，GSD为【"宁夏-银川"】

