2024-02-05 00:08:32 开始第 1989 次操作

2024-02-05 00:08:32 开始操作号码 【1781898】
2024-02-05 00:08:37 GSD getOne 第 1 次 等待 3 秒
2024-02-05 00:08:40 查询号码 【1781898】，返回信息 {"status":"ok","msg":"广东-汕头","gid":"342328","time_insert":"2021-07-21 02:54"}
2024-02-05 00:08:40 查询号码 【1781898】，GSD为【"广东-汕头"】

2024-02-05 00:08:41 开始第 1990 次操作

2024-02-05 00:08:41 开始操作号码 【1781899】
2024-02-05 00:08:46 GSD getOne 第 1 次 等待 3 秒
2024-02-05 00:08:49 查询号码 【1781899】，返回信息 {"status":"ok","msg":"广东-茂名","gid":"342322","time_insert":"2021-07-21 02:54"}
2024-02-05 00:08:49 查询号码 【1781899】，GSD为【"广东-茂名"】

2024-02-05 00:08:50 开始第 1991 次操作

2024-02-05 00:08:50 开始操作号码 【1781900】
2024-02-05 00:08:55 GSD getOne 第 1 次 等待 3 秒
2024-02-05 00:08:58 查询号码 【1781900】，返回信息 {"status":"ok","msg":"广东-茂名","gid":"342316","time_insert":"2021-07-21 02:53"}
2024-02-05 00:08:58 查询号码 【1781900】，GSD为【"广东-茂名"】

2024-02-05 00:08:59 开始第 1992 次操作

2024-02-05 00:08:59 开始操作号码 【1781901】
2024-02-05 00:09:03 GSD getOne 第 1 次 等待 3 秒
2024-02-05 00:09:06 查询号码 【1781901】，返回信息 {"status":"ok","msg":"广东-东莞","gid":"342309","time_insert":"2021-07-21 02:53"}
2024-02-05 00:09:06 查询号码 【1781901】，GSD为【"广东-东莞"】

