2024-09-22 00:22:29 开始第 5793 次操作

2024-09-22 00:22:29 开始操作号码 【1455792】
2024-09-22 00:22:34 GSD getOne 第 1 次 等待 3 秒
2024-09-22 00:22:37 查询号码 【1455792】，返回信息 {"status":"ok","msg":"上海-上海","gid":"88571","time_insert":"2021-06-09 21:07"}
2024-09-22 00:22:37 查询号码 【1455792】，GSD为【"上海-上海"】

2024-09-22 00:22:38 开始第 5794 次操作

2024-09-22 00:22:38 开始操作号码 【1455793】
2024-09-22 00:22:40 GSD getOne 第 1 次 等待 3 秒
2024-09-22 00:22:43 查询号码 【1455793】，返回信息 {"status":"ok","msg":"上海-上海","gid":"88578","time_insert":"2021-06-09 21:13"}
2024-09-22 00:22:43 查询号码 【1455793】，GSD为【"上海-上海"】

2024-09-22 00:22:44 开始第 5795 次操作

2024-09-22 00:22:44 开始操作号码 【1455794】
2024-09-22 00:22:46 GSD getOne 第 1 次 等待 3 秒
2024-09-22 00:22:49 查询号码 【1455794】，返回信息 {"status":"ok","msg":"上海-上海","gid":"88583","time_insert":"2021-06-09 21:18"}
2024-09-22 00:22:49 查询号码 【1455794】，GSD为【"上海-上海"】

2024-09-22 00:22:50 开始第 5796 次操作

2024-09-22 00:22:50 开始操作号码 【1455795】
2024-09-22 00:22:52 GSD getOne 第 1 次 等待 3 秒
2024-09-22 00:22:55 查询号码 【1455795】，返回信息 {"status":"ok","msg":"上海-上海","gid":"88587","time_insert":"2021-06-09 21:22"}
2024-09-22 00:22:55 查询号码 【1455795】，GSD为【"上海-上海"】

