2024-12-06 00:29:32 开始第 8197 次操作

2024-12-06 00:29:32 开始操作号码 【1348196】
2024-12-06 00:29:34 GSD getOne 第 1 次 等待 3 秒
2024-12-06 00:29:37 查询号码 【1348196】，返回信息 {"status":"ok","msg":"广西-来宾","gid":"322582","time_insert":"2021-07-19 04:44"}
2024-12-06 00:29:37 查询号码 【1348196】，GSD为【"广西-来宾"】

2024-12-06 00:29:38 开始第 8198 次操作

2024-12-06 00:29:38 开始操作号码 【1348197】
2024-12-06 00:29:39 GSD getOne 第 1 次 等待 3 秒
2024-12-06 00:29:42 查询号码 【1348197】，返回信息 {"status":"ok","msg":"广西-柳州","gid":"4914","time_insert":"2015-11-24 17:16","time_update":"2020-12-18 14:55"}
2024-12-06 00:29:42 查询号码 【1348197】，GSD为【"广西-柳州"】

2024-12-06 00:29:43 开始第 8199 次操作

2024-12-06 00:29:43 开始操作号码 【1348198】
2024-12-06 00:29:44 GSD getOne 第 1 次 等待 3 秒
2024-12-06 00:29:47 查询号码 【1348198】，返回信息 {"status":"ok","msg":"广西-柳州","gid":"322574","time_insert":"2021-07-19 04:44"}
2024-12-06 00:29:47 查询号码 【1348198】，GSD为【"广西-柳州"】

2024-12-06 00:29:48 开始第 8200 次操作

2024-12-06 00:29:48 开始操作号码 【1348199】
2024-12-06 00:29:49 GSD getOne 第 1 次 等待 3 秒
2024-12-06 00:29:52 查询号码 【1348199】，返回信息 {"status":"ok","msg":"广西-柳州","gid":"322565","time_insert":"2021-07-19 04:43"}
2024-12-06 00:29:52 查询号码 【1348199】，GSD为【"广西-柳州"】

