2023-12-17 00:09:07 开始第 3697 次操作

2023-12-17 00:09:07 开始操作号码 【1893606】
2023-12-17 00:09:11 GSD getOne 第 1 次 等待 3 秒
2023-12-17 00:09:14 查询号码 【1893606】，返回信息 {"status":"ok","msg":"江苏-无锡","gid":"492968","time_insert":"2021-08-03 22:03"}
2023-12-17 00:09:14 查询号码 【1893606】，GSD为【"江苏-无锡"】

2023-12-17 00:09:15 开始第 3698 次操作

2023-12-17 00:09:15 开始操作号码 【1893607】
2023-12-17 00:09:19 GSD getOne 第 1 次 等待 3 秒
2023-12-17 00:09:22 查询号码 【1893607】，返回信息 {"status":"ok","msg":"江苏-无锡","gid":"492962","time_insert":"2021-08-03 22:02"}
2023-12-17 00:09:22 查询号码 【1893607】，GSD为【"江苏-无锡"】

2023-12-17 00:09:23 开始第 3699 次操作

2023-12-17 00:09:23 开始操作号码 【1893608】
2023-12-17 00:09:30 GSD getOne 第 1 次 等待 3 秒
2023-12-17 00:09:33 查询号码 【1893608】，返回信息 {"status":"ok","msg":"江苏-苏州","gid":"492956","time_insert":"2021-08-03 22:01"}
2023-12-17 00:09:33 查询号码 【1893608】，GSD为【"江苏-苏州"】

2023-12-17 00:09:34 开始第 3700 次操作

2023-12-17 00:09:34 开始操作号码 【1893609】
2023-12-17 00:09:39 GSD getOne 第 1 次 等待 3 秒
2023-12-17 00:09:42 查询号码 【1893609】，返回信息 {"status":"ok","msg":"江苏-苏州","gid":"492952","time_insert":"2021-08-03 22:00"}
2023-12-17 00:09:42 查询号码 【1893609】，GSD为【"江苏-苏州"】

2023-12-17 00:35:25 开始第 3701 次操作

2023-12-17 00:35:25 开始操作号码 【1893610】
2023-12-17 00:35:29 GSD getOne 第 1 次 等待 3 秒
2023-12-17 00:35:32 查询号码 【1893610】，返回信息 {"status":"ok","msg":"江苏-苏州","gid":"492948","time_insert":"2021-08-03 21:59"}
2023-12-17 00:35:32 查询号码 【1893610】，GSD为【"江苏-苏州"】

2023-12-17 00:35:33 开始第 3702 次操作

2023-12-17 00:35:33 开始操作号码 【1893611】
2023-12-17 00:35:37 GSD getOne 第 1 次 等待 3 秒
2023-12-17 00:35:40 查询号码 【1893611】，返回信息 {"status":"ok","msg":"江苏-苏州","gid":"492942","time_insert":"2021-08-03 21:58"}
2023-12-17 00:35:40 查询号码 【1893611】，GSD为【"江苏-苏州"】

2023-12-17 00:35:41 开始第 3703 次操作

2023-12-17 00:35:41 开始操作号码 【1893612】
2023-12-17 00:35:44 GSD getOne 第 1 次 等待 3 秒
2023-12-17 00:35:47 查询号码 【1893612】，返回信息 {"status":"ok","msg":"江苏-苏州","gid":"492935","time_insert":"2021-08-03 21:57"}
2023-12-17 00:35:48 查询号码 【1893612】，GSD为【"江苏-苏州"】

2023-12-17 00:35:49 开始第 3704 次操作

2023-12-17 00:35:49 开始操作号码 【1893613】
2023-12-17 00:35:52 GSD getOne 第 1 次 等待 3 秒
2023-12-17 00:35:55 查询号码 【1893613】，返回信息 {"status":"ok","msg":"江苏-苏州","gid":"492932","time_insert":"2021-08-03 21:56","time_update":"2021-08-10 00:49"}
2023-12-17 00:35:55 查询号码 【1893613】，GSD为【"江苏-苏州"】

