2023-10-24 00:09:45 开始第 4865 次操作

2023-10-24 00:09:45 开始操作号码 【1994774】
2023-10-24 00:09:50 GSD getOne 第 1 次 等待 3 秒
2023-10-24 00:09:53 查询号码 【1994774】，返回信息 {"status":"ok","msg":"湖北-黄冈","gid":"517799","time_insert":"2021-08-19 10:22"}
2023-10-24 00:09:53 查询号码 【1994774】，GSD为【"湖北-黄冈"】

2023-10-24 00:09:54 开始第 4866 次操作

2023-10-24 00:09:54 开始操作号码 【1994775】
2023-10-24 00:10:01 GSD getOne 第 1 次 等待 3 秒
2023-10-24 00:10:04 查询号码 【1994775】，返回信息 {"status":"ok","msg":"湖北-黄冈","gid":"517800","time_insert":"2021-08-19 10:23"}
2023-10-24 00:10:04 查询号码 【1994775】，GSD为【"湖北-黄冈"】

2023-10-24 00:10:05 开始第 4867 次操作

2023-10-24 00:10:05 开始操作号码 【1994776】
2023-10-24 00:10:10 GSD getOne 第 1 次 等待 3 秒
2023-10-24 00:10:13 查询号码 【1994776】，返回信息 {"status":"ok","msg":"湖北-黄冈","gid":"517801","time_insert":"2021-08-19 10:23"}
2023-10-24 00:10:13 查询号码 【1994776】，GSD为【"湖北-黄冈"】

2023-10-24 00:10:14 开始第 4868 次操作

2023-10-24 00:10:14 开始操作号码 【1994777】
2023-10-24 00:10:18 GSD getOne 第 1 次 等待 3 秒
2023-10-24 00:10:21 查询号码 【1994777】，返回信息 {"status":"ok","msg":"湖北-荆州","gid":"517809","time_insert":"2021-08-19 10:30"}
2023-10-24 00:10:21 查询号码 【1994777】，GSD为【"湖北-荆州"】

