2024-08-27 00:22:48 开始第 1333 次操作

2024-08-27 00:22:48 开始操作号码 【1451332】
2024-08-27 00:22:56 GSD getOne 第 1 次 等待 3 秒
2024-08-27 00:22:59 查询号码 【1451332】，返回信息 {"status":"ok","msg":"北京-北京","gid":"68291","time_insert":"2021-05-25 23:43"}
2024-08-27 00:22:59 查询号码 【1451332】，GSD为【"北京-北京"】

2024-08-27 00:23:00 开始第 1334 次操作

2024-08-27 00:23:00 开始操作号码 【1451333】
2024-08-27 00:23:08 GSD getOne 第 1 次 等待 3 秒
2024-08-27 00:23:11 查询号码 【1451333】，返回信息 {"status":"ok","msg":"北京-北京","gid":"68296","time_insert":"2021-05-25 23:46"}
2024-08-27 00:23:11 查询号码 【1451333】，GSD为【"北京-北京"】

2024-08-27 00:23:12 开始第 1335 次操作

2024-08-27 00:23:12 开始操作号码 【1451334】
2024-08-27 00:23:20 GSD getOne 第 1 次 等待 3 秒
2024-08-27 00:23:23 查询号码 【1451334】，返回信息 {"status":"ok","msg":"北京-北京","gid":"68298","time_insert":"2021-05-25 23:49"}
2024-08-27 00:23:23 查询号码 【1451334】，GSD为【"北京-北京"】

2024-08-27 00:23:24 开始第 1336 次操作

2024-08-27 00:23:24 开始操作号码 【1451335】
2024-08-27 00:23:31 GSD getOne 第 1 次 等待 3 秒
2024-08-27 00:23:35 查询号码 【1451335】，返回信息 {"status":"ok","msg":"北京-北京","gid":"68300","time_insert":"2021-05-25 23:54"}
2024-08-27 00:23:35 查询号码 【1451335】，GSD为【"北京-北京"】

2024-08-27 00:42:42 开始第 1337 次操作

2024-08-27 00:42:42 开始操作号码 【1451336】
2024-08-27 00:42:51 GSD getOne 第 1 次 等待 3 秒
2024-08-27 00:42:54 查询号码 【1451336】，返回信息 {"status":"ok","msg":"北京-北京","gid":"68304","time_insert":"2021-05-25 23:58"}
2024-08-27 00:42:54 查询号码 【1451336】，GSD为【"北京-北京"】

2024-08-27 00:42:55 开始第 1338 次操作

2024-08-27 00:42:55 开始操作号码 【1451337】
2024-08-27 00:43:02 GSD getOne 第 1 次 等待 3 秒
2024-08-27 00:43:05 查询号码 【1451337】，返回信息 {"status":"ok","msg":"北京-北京","gid":"68310","time_insert":"2021-05-26 00:03"}
2024-08-27 00:43:05 查询号码 【1451337】，GSD为【"北京-北京"】

2024-08-27 00:43:06 开始第 1339 次操作

2024-08-27 00:43:06 开始操作号码 【1451338】
2024-08-27 00:43:14 GSD getOne 第 1 次 等待 3 秒
2024-08-27 00:43:17 查询号码 【1451338】，返回信息 {"status":"ok","msg":"北京-北京","gid":"68314","time_insert":"2021-05-26 00:08"}
2024-08-27 00:43:17 查询号码 【1451338】，GSD为【"北京-北京"】

2024-08-27 00:43:18 开始第 1340 次操作

2024-08-27 00:43:18 开始操作号码 【1451339】
2024-08-27 00:43:26 GSD getOne 第 1 次 等待 3 秒
2024-08-27 00:43:29 查询号码 【1451339】，返回信息 {"status":"ok","msg":"北京-北京","gid":"68318","time_insert":"2021-05-26 00:14"}
2024-08-27 00:43:29 查询号码 【1451339】，GSD为【"北京-北京"】

