2024-12-10 00:29:35 开始第 8845 次操作

2024-12-10 00:29:35 开始操作号码 【1348844】
2024-12-10 00:29:36 GSD getOne 第 1 次 等待 3 秒
2024-12-10 00:29:39 查询号码 【1348844】，返回信息 {"status":"ok","msg":"陕西-榆林","gid":"314989","time_insert":"2021-07-18 13:40"}
2024-12-10 00:29:39 查询号码 【1348844】，GSD为【"陕西-榆林"】

2024-12-10 00:29:40 开始第 8846 次操作

2024-12-10 00:29:40 开始操作号码 【1348845】
2024-12-10 00:29:41 GSD getOne 第 1 次 等待 3 秒
2024-12-10 00:29:44 查询号码 【1348845】，返回信息 {"status":"ok","msg":"陕西-汉中","gid":"4967","time_insert":"2015-01-24 10:56","time_update":"2020-12-10 16:56"}
2024-12-10 00:29:44 查询号码 【1348845】，GSD为【"陕西-汉中"】

2024-12-10 00:29:45 开始第 8847 次操作

2024-12-10 00:29:45 开始操作号码 【1348846】
2024-12-10 00:29:46 GSD getOne 第 1 次 等待 3 秒
2024-12-10 00:29:49 查询号码 【1348846】，返回信息 {"status":"ok","msg":"陕西-西安","gid":"4968","time_insert":"2017-05-12 09:32","time_update":"2020-12-10 16:59"}
2024-12-10 00:29:49 查询号码 【1348846】，GSD为【"陕西-西安"】

2024-12-10 00:29:50 开始第 8848 次操作

2024-12-10 00:29:50 开始操作号码 【1348847】
2024-12-10 00:29:51 GSD getOne 第 1 次 等待 3 秒
2024-12-10 00:29:54 查询号码 【1348847】，返回信息 {"status":"ok","msg":"陕西-西安","gid":"314977","time_insert":"2021-07-18 13:39"}
2024-12-10 00:29:54 查询号码 【1348847】，GSD为【"陕西-西安"】

