2024-11-02 00:25:35 开始第 2593 次操作

2024-11-02 00:25:35 开始操作号码 【1342592】
2024-11-02 00:25:37 GSD getOne 第 1 次 等待 3 秒
2024-11-02 00:25:40 查询号码 【1342592】，返回信息 {"status":"ok","msg":"广东-佛山","gid":"86831","time_insert":"2021-06-08 21:23"}
2024-11-02 00:25:40 查询号码 【1342592】，GSD为【"广东-佛山"】

2024-11-02 00:25:41 开始第 2594 次操作

2024-11-02 00:25:41 开始操作号码 【1342593】
2024-11-02 00:25:44 GSD getOne 第 1 次 等待 3 秒
2024-11-02 00:25:47 查询号码 【1342593】，返回信息 {"status":"ok","msg":"广东-佛山","gid":"86861","time_insert":"2021-06-08 21:47"}
2024-11-02 00:25:47 查询号码 【1342593】，GSD为【"广东-佛山"】

2024-11-02 00:25:48 开始第 2595 次操作

2024-11-02 00:25:48 开始操作号码 【1342594】
2024-11-02 00:25:49 GSD getOne 第 1 次 等待 3 秒
2024-11-02 00:25:52 查询号码 【1342594】，返回信息 {"status":"ok","msg":"广东-佛山","gid":"86892","time_insert":"2021-06-08 22:15"}
2024-11-02 00:25:52 查询号码 【1342594】，GSD为【"广东-佛山"】

2024-11-02 00:25:53 开始第 2596 次操作

2024-11-02 00:25:53 开始操作号码 【1342595】
2024-11-02 00:25:55 GSD getOne 第 1 次 等待 3 秒
2024-11-02 00:25:58 查询号码 【1342595】，返回信息 {"status":"ok","msg":"广东-佛山","gid":"86915","time_insert":"2021-06-08 22:35"}
2024-11-02 00:25:58 查询号码 【1342595】，GSD为【"广东-佛山"】

2024-11-02 00:44:28 开始第 2597 次操作

2024-11-02 00:44:28 开始操作号码 【1342596】
2024-11-02 00:44:29 GSD getOne 第 1 次 等待 3 秒
2024-11-02 00:44:32 查询号码 【1342596】，返回信息 {"status":"ok","msg":"广东-佛山","gid":"86935","time_insert":"2021-06-08 22:50"}
2024-11-02 00:44:32 查询号码 【1342596】，GSD为【"广东-佛山"】

2024-11-02 00:44:33 开始第 2598 次操作

2024-11-02 00:44:33 开始操作号码 【1342597】
2024-11-02 00:44:34 GSD getOne 第 1 次 等待 3 秒
2024-11-02 00:44:37 查询号码 【1342597】，返回信息 {"status":"ok","msg":"广东-佛山","gid":"86959","time_insert":"2021-06-08 23:10"}
2024-11-02 00:44:37 查询号码 【1342597】，GSD为【"广东-佛山"】

2024-11-02 00:44:38 开始第 2599 次操作

2024-11-02 00:44:38 开始操作号码 【1342598】
2024-11-02 00:44:39 GSD getOne 第 1 次 等待 3 秒
2024-11-02 00:44:42 查询号码 【1342598】，返回信息 {"status":"ok","msg":"广东-佛山","gid":"86977","time_insert":"2021-06-08 23:27"}
2024-11-02 00:44:42 查询号码 【1342598】，GSD为【"广东-佛山"】

2024-11-02 00:44:43 开始第 2600 次操作

2024-11-02 00:44:43 开始操作号码 【1342599】
2024-11-02 00:44:44 GSD getOne 第 1 次 等待 3 秒
2024-11-02 00:44:47 查询号码 【1342599】，返回信息 {"status":"ok","msg":"广东-佛山","gid":"4201","time_insert":"2019-12-22 12:28","time_update":"2020-09-25 16:37"}
2024-11-02 00:44:47 查询号码 【1342599】，GSD为【"广东-佛山"】

2024-11-02 01:18:27 开始第 2601 次操作

2024-11-02 01:18:27 开始操作号码 【1342600】
2024-11-02 01:18:28 GSD getOne 第 1 次 等待 3 秒
2024-11-02 01:18:31 查询号码 【1342600】，返回信息 {"status":"ok","msg":"北京-北京","gid":"87004","time_insert":"2021-06-08 23:49"}
2024-11-02 01:18:31 查询号码 【1342600】，GSD为【"北京-北京"】

2024-11-02 01:18:32 开始第 2602 次操作

2024-11-02 01:18:32 开始操作号码 【1342601】
2024-11-02 01:18:33 GSD getOne 第 1 次 等待 3 秒
2024-11-02 01:18:36 查询号码 【1342601】，返回信息 {"status":"ok","msg":"北京-北京","gid":"87038","time_insert":"2021-06-09 00:18"}
2024-11-02 01:18:36 查询号码 【1342601】，GSD为【"北京-北京"】

2024-11-02 01:18:37 开始第 2603 次操作

2024-11-02 01:18:37 开始操作号码 【1342602】
2024-11-02 01:18:38 GSD getOne 第 1 次 等待 3 秒
2024-11-02 01:18:41 查询号码 【1342602】，返回信息 {"status":"ok","msg":"北京-北京","gid":"87057","time_insert":"2021-06-09 00:35"}
2024-11-02 01:18:41 查询号码 【1342602】，GSD为【"北京-北京"】

2024-11-02 01:18:42 开始第 2604 次操作

2024-11-02 01:18:42 开始操作号码 【1342603】
2024-11-02 01:18:44 GSD getOne 第 1 次 等待 3 秒
2024-11-02 01:18:47 查询号码 【1342603】，返回信息 {"status":"ok","msg":"北京-北京","gid":"87083","time_insert":"2021-06-09 00:58"}
2024-11-02 01:18:47 查询号码 【1342603】，GSD为【"北京-北京"】

