2021-07-16 00:00:07 开始第 21 次操作

2021-07-16 00:00:07 开始操作号码 【1724294】
2021-07-16 00:00:12 GSD getOne 第 1 次 等待 3 秒
2021-07-16 00:00:15 查询号码 【1724294】，返回信息 {"status":"bad","msg":""}
2021-07-16 00:00:15 查询号码 【1724294】，GSD为【""】
2021-07-16 00:00:15 bad
2021-07-16 00:00:25 CHB 1724294?1626364815 第 1 次 等待 3 秒
2021-07-16 00:00:28 CHB 1724294?1626364815 第 1 次 获取到号码【1724294】GSD
2021-07-16 00:00:28 获取到号码【1724294】的GSD为【山东-济南】
2021-07-16 00:00:36 GSD insert 第 1 次 等待 3 秒
2021-07-16 00:00:39 {"status":"ok","gid":288342,"msg":"添加成功！"}
2021-07-16 00:00:39 下次操作: 2021-07-16 00:00:55

2021-07-16 00:00:55 开始第 22 次操作

2021-07-16 00:00:55 开始操作号码 【1724295】
2021-07-16 00:01:00 GSD getOne 第 1 次 等待 3 秒
2021-07-16 00:01:03 查询号码 【1724295】，返回信息 {"status":"bad","msg":""}
2021-07-16 00:01:03 查询号码 【1724295】，GSD为【""】
2021-07-16 00:01:03 bad
2021-07-16 00:01:12 CHB 1724295?1626364863 第 1 次 等待 3 秒
2021-07-16 00:01:15 CHB 1724295?1626364863 第 1 次 获取到号码【1724295】GSD
2021-07-16 00:01:15 获取到号码【1724295】的GSD为【山东-济南】
2021-07-16 00:01:17 GSD insert 第 1 次 等待 3 秒
2021-07-16 00:01:20 {"status":"ok","gid":288352,"msg":"添加成功！"}
2021-07-16 00:01:20 下次操作: 2021-07-16 00:01:42

2021-07-16 00:01:42 开始第 23 次操作

2021-07-16 00:01:42 开始操作号码 【1724296】
2021-07-16 00:01:51 GSD getOne 第 1 次 等待 3 秒
2021-07-16 00:01:54 查询号码 【1724296】，返回信息 {"status":"bad","msg":""}
2021-07-16 00:01:54 查询号码 【1724296】，GSD为【""】
2021-07-16 00:01:54 bad
2021-07-16 00:02:01 CHB 1724296?1626364914 第 1 次 等待 3 秒
2021-07-16 00:02:04 CHB 1724296?1626364914 第 1 次 获取到号码【1724296】GSD
2021-07-16 00:02:04 获取到号码【1724296】的GSD为【山东-济南】
2021-07-16 00:02:07 GSD insert 第 1 次 等待 3 秒
2021-07-16 00:02:10 {"status":"ok","gid":288361,"msg":"添加成功！"}
2021-07-16 00:02:10 下次操作: 2021-07-16 00:02:29

2021-07-16 00:02:29 开始第 24 次操作

2021-07-16 00:02:29 开始操作号码 【1724297】
2021-07-16 00:02:33 GSD getOne 第 1 次 等待 3 秒
2021-07-16 00:02:36 查询号码 【1724297】，返回信息 {"status":"bad","msg":""}
2021-07-16 00:02:36 查询号码 【1724297】，GSD为【""】
2021-07-16 00:02:36 bad
2021-07-16 00:02:38 CHB 1724297?1626364956 第 1 次 等待 3 秒
2021-07-16 00:02:41 CHB 1724297?1626364956 第 1 次 获取到号码【1724297】GSD
2021-07-16 00:02:41 获取到号码【1724297】的GSD为【山东-济南】
2021-07-16 00:02:57 GSD insert 第 1 次 等待 3 秒
2021-07-16 00:03:00 {"status":"ok","gid":288371,"msg":"添加成功！"}
2021-07-16 00:03:00 下次操作: 2021-07-16 00:03:22

2021-07-16 00:03:22 开始第 25 次操作

2021-07-16 00:03:22 开始操作号码 【1724298】
2021-07-16 00:03:28 GSD getOne 第 1 次 等待 3 秒
2021-07-16 00:03:31 查询号码 【1724298】，返回信息 {"status":"bad","msg":""}
2021-07-16 00:03:31 查询号码 【1724298】，GSD为【""】
2021-07-16 00:03:31 bad
2021-07-16 00:03:37 CHB 1724298?1626365011 第 1 次 等待 3 秒
2021-07-16 00:03:40 CHB 1724298?1626365011 第 1 次 获取到号码【1724298】GSD
2021-07-16 00:03:40 获取到号码【1724298】的GSD为【山东-济南】
2021-07-16 00:03:43 GSD insert 第 1 次 等待 3 秒
2021-07-16 00:03:46 {"status":"ok","gid":288381,"msg":"添加成功！"}
2021-07-16 00:03:46 下次操作: 2021-07-16 00:04:08

2021-07-16 00:04:08 开始第 26 次操作

2021-07-16 00:04:08 开始操作号码 【1724299】
2021-07-16 00:04:12 GSD getOne 第 1 次 等待 3 秒
2021-07-16 00:04:15 查询号码 【1724299】，返回信息 {"status":"bad","msg":""}
2021-07-16 00:04:15 查询号码 【1724299】，GSD为【""】
2021-07-16 00:04:15 bad
2021-07-16 00:04:21 CHB 1724299?1626365055 第 1 次 等待 3 秒
2021-07-16 00:04:24 CHB 1724299?1626365055 第 1 次 获取到号码【1724299】GSD
2021-07-16 00:04:24 获取到号码【1724299】的GSD为【山东-济南】
2021-07-16 00:04:27 GSD insert 第 1 次 等待 3 秒
2021-07-16 00:04:30 {"status":"ok","gid":288390,"msg":"添加成功！"}
2021-07-16 00:04:30 下次操作: 2021-07-16 00:04:54

2021-07-16 00:04:54 开始第 27 次操作

2021-07-16 00:04:54 开始操作号码 【1724300】
2021-07-16 00:05:02 GSD getOne 第 1 次 等待 3 秒
2021-07-16 00:05:05 查询号码 【1724300】，返回信息 {"status":"bad","msg":""}
2021-07-16 00:05:05 查询号码 【1724300】，GSD为【""】
2021-07-16 00:05:05 bad
2021-07-16 00:05:07 CHB 1724300?1626365105 第 1 次 等待 3 秒
2021-07-16 00:05:10 CHB 1724300?1626365105 第 1 次 获取到号码【1724300】GSD
2021-07-16 00:05:10 获取到号码【1724300】的GSD为【山东-济南】
2021-07-16 00:05:13 GSD insert 第 1 次 等待 3 秒
2021-07-16 00:05:16 {"status":"ok","gid":288401,"msg":"添加成功！"}
2021-07-16 00:05:16 下次操作: 2021-07-16 00:05:38

2021-07-16 00:05:38 开始第 28 次操作

2021-07-16 00:05:38 开始操作号码 【1724301】
2021-07-16 00:05:46 GSD getOne 第 1 次 等待 3 秒
2021-07-16 00:05:49 查询号码 【1724301】，返回信息 {"status":"bad","msg":""}
2021-07-16 00:05:49 查询号码 【1724301】，GSD为【""】
2021-07-16 00:05:49 bad
2021-07-16 00:05:52 CHB 1724301?1626365149 第 1 次 等待 3 秒
2021-07-16 00:05:55 CHB 1724301?1626365149 第 1 次 获取到号码【1724301】GSD
2021-07-16 00:05:55 获取到号码【1724301】的GSD为【山东-济南】
2021-07-16 00:06:08 GSD insert 第 1 次 等待 3 秒
2021-07-16 00:06:11 {"status":"ok","gid":288413,"msg":"添加成功！"}
2021-07-16 00:06:11 下次操作: 2021-07-16 00:06:23

2021-07-16 00:06:23 开始第 29 次操作

2021-07-16 00:06:23 开始操作号码 【1724302】
2021-07-16 00:06:28 GSD getOne 第 1 次 等待 3 秒
2021-07-16 00:06:31 查询号码 【1724302】，返回信息 {"status":"bad","msg":""}
2021-07-16 00:06:32 查询号码 【1724302】，GSD为【""】
2021-07-16 00:06:32 bad
2021-07-16 00:06:38 CHB 1724302?1626365192 第 1 次 等待 3 秒
2021-07-16 00:06:41 CHB 1724302?1626365192 第 1 次 获取到号码【1724302】GSD
2021-07-16 00:06:41 获取到号码【1724302】的GSD为【山东-济南】
2021-07-16 00:07:15 GSD insert 第 1 次 等待 3 秒
2021-07-16 00:07:18 {"status":"ok","gid":288429,"msg":"添加成功！"}
2021-07-16 00:07:18 下次操作: 2021-07-16 00:07:31

2021-07-16 00:07:31 开始第 30 次操作

2021-07-16 00:07:31 开始操作号码 【1724303】
2021-07-16 00:07:35 GSD getOne 第 1 次 等待 3 秒
2021-07-16 00:07:38 查询号码 【1724303】，返回信息 {"status":"bad","msg":""}
2021-07-16 00:07:38 查询号码 【1724303】，GSD为【""】
2021-07-16 00:07:38 bad
2021-07-16 00:07:40 CHB 1724303?1626365258 第 1 次 等待 3 秒
2021-07-16 00:07:43 CHB 1724303?1626365258 第 1 次 获取到号码【1724303】GSD
2021-07-16 00:07:43 获取到号码【1724303】的GSD为【山东-济南】
2021-07-16 00:08:22 GSD insert 第 1 次 等待 3 秒
2021-07-16 00:08:25 {"status":"ok","gid":288440,"msg":"添加成功！"}
2021-07-16 00:08:25 下次操作: 2021-07-16 00:08:37

2021-07-16 00:08:37 开始第 31 次操作

2021-07-16 00:08:37 开始操作号码 【1724304】
2021-07-16 00:09:57 GSD getOne 第 1 次 等待 3 秒
2021-07-16 00:10:00 查询号码 【1724304】，返回信息 {"status":"bad","msg":""}
2021-07-16 00:10:00 查询号码 【1724304】，GSD为【""】
2021-07-16 00:10:00 bad
2021-07-16 00:10:01 CHB 1724304?1626365400 第 1 次 等待 3 秒
2021-07-16 00:10:04 CHB 1724304?1626365400 第 1 次 获取到号码【1724304】GSD
2021-07-16 00:10:04 获取到号码【1724304】的GSD为【山东-济南】
2021-07-16 00:10:07 GSD insert 第 1 次 等待 3 秒
2021-07-16 00:10:10 {"status":"ok","gid":288455,"msg":"添加成功！"}
2021-07-16 00:10:10 下次操作: 2021-07-16 00:10:22

2021-07-16 00:10:22 开始第 32 次操作

2021-07-16 00:10:22 开始操作号码 【1724305】
2021-07-16 00:10:30 GSD getOne 第 1 次 等待 3 秒
2021-07-16 00:10:33 查询号码 【1724305】，返回信息 {"status":"bad","msg":""}
2021-07-16 00:10:33 查询号码 【1724305】，GSD为【""】
2021-07-16 00:10:33 bad
2021-07-16 00:10:36 CHB 1724305?1626365433 第 1 次 等待 3 秒
2021-07-16 00:10:39 CHB 1724305?1626365433 第 1 次 获取到号码【1724305】GSD
2021-07-16 00:10:39 获取到号码【1724305】的GSD为【山东-济南】
2021-07-16 00:10:43 GSD insert 第 1 次 等待 3 秒
2021-07-16 00:10:46 {"status":"ok","gid":288463,"msg":"添加成功！"}
2021-07-16 00:10:46 下次操作: 2021-07-16 00:11:02

2021-07-16 00:11:02 开始第 33 次操作

2021-07-16 00:11:02 开始操作号码 【1724306】
2021-07-16 00:11:06 GSD getOne 第 1 次 等待 3 秒
2021-07-16 00:11:09 查询号码 【1724306】，返回信息 {"status":"bad","msg":""}
2021-07-16 00:11:09 查询号码 【1724306】，GSD为【""】
2021-07-16 00:11:09 bad
2021-07-16 00:11:11 CHB 1724306?1626365469 第 1 次 等待 3 秒
2021-07-16 00:11:14 CHB 1724306?1626365469 第 1 次 获取到号码【1724306】GSD
2021-07-16 00:11:14 获取到号码【1724306】的GSD为【山东-济南】
2021-07-16 00:11:18 GSD insert 第 1 次 等待 3 秒
2021-07-16 00:11:21 {"status":"ok","gid":288470,"msg":"添加成功！"}
2021-07-16 00:11:21 下次操作: 2021-07-16 00:11:40

2021-07-16 00:11:40 开始第 34 次操作

2021-07-16 00:11:40 开始操作号码 【1724307】
2021-07-16 00:11:46 GSD getOne 第 1 次 等待 3 秒
2021-07-16 00:11:49 查询号码 【1724307】，返回信息 {"status":"bad","msg":""}
2021-07-16 00:11:49 查询号码 【1724307】，GSD为【""】
2021-07-16 00:11:49 bad
2021-07-16 00:11:54 CHB 1724307?1626365509 第 1 次 等待 3 秒
2021-07-16 00:11:57 CHB 1724307?1626365509 第 1 次 获取到号码【1724307】GSD
2021-07-16 00:11:57 获取到号码【1724307】的GSD为【山东-济南】
2021-07-16 00:12:04 GSD insert 第 1 次 等待 3 秒
2021-07-16 00:12:07 {"status":"ok","gid":288483,"msg":"添加成功！"}
2021-07-16 00:12:07 下次操作: 2021-07-16 00:12:26

2021-07-16 00:12:26 开始第 35 次操作

2021-07-16 00:12:26 开始操作号码 【1724308】
2021-07-16 00:12:29 GSD getOne 第 1 次 等待 3 秒
2021-07-16 00:12:32 查询号码 【1724308】，返回信息 {"status":"bad","msg":""}
2021-07-16 00:12:32 查询号码 【1724308】，GSD为【""】
2021-07-16 00:12:32 bad
2021-07-16 00:12:34 CHB 1724308?1626365552 第 1 次 等待 3 秒
2021-07-16 00:12:37 CHB 1724308?1626365552 第 1 次 获取到号码【1724308】GSD
2021-07-16 00:12:37 获取到号码【1724308】的GSD为【山东-济南】
2021-07-16 00:12:46 GSD insert 第 1 次 等待 3 秒
2021-07-16 00:12:49 {"status":"ok","gid":288488,"msg":"添加成功！"}
2021-07-16 00:12:49 下次操作: 2021-07-16 00:13:12

2021-07-16 00:13:12 开始第 36 次操作

2021-07-16 00:13:12 开始操作号码 【1724309】
2021-07-16 00:13:17 GSD getOne 第 1 次 等待 3 秒
2021-07-16 00:13:20 查询号码 【1724309】，返回信息 {"status":"bad","msg":""}
2021-07-16 00:13:20 查询号码 【1724309】，GSD为【""】
2021-07-16 00:13:20 bad
2021-07-16 00:13:27 CHB 1724309?1626365600 第 1 次 等待 3 秒
2021-07-16 00:13:30 CHB 1724309?1626365600 第 1 次 获取到号码【1724309】GSD
2021-07-16 00:13:30 获取到号码【1724309】的GSD为【山东-济南】
2021-07-16 00:13:33 GSD insert 第 1 次 等待 3 秒
2021-07-16 00:13:36 {"status":"ok","gid":288495,"msg":"添加成功！"}
2021-07-16 00:13:36 下次操作: 2021-07-16 00:13:59

2021-07-16 00:13:59 开始第 37 次操作

2021-07-16 00:13:59 开始操作号码 【1724310】
2021-07-16 00:15:09 GSD getOne 第 1 次 等待 3 秒
2021-07-16 00:15:12 查询号码 【1724310】，返回信息 {"status":"bad","msg":""}
2021-07-16 00:15:12 查询号码 【1724310】，GSD为【""】
2021-07-16 00:15:12 bad
2021-07-16 00:15:23 CHB 1724310?1626365712 第 1 次 等待 3 秒
2021-07-16 00:15:26 CHB 1724310?1626365712 第 1 次 获取到号码【1724310】GSD
2021-07-16 00:15:26 获取到号码【1724310】的GSD为【山东-济南】
2021-07-16 00:15:30 GSD insert 第 1 次 等待 3 秒
2021-07-16 00:15:33 {"status":"ok","gid":288507,"msg":"添加成功！"}
2021-07-16 00:15:33 下次操作: 2021-07-16 00:15:56

2021-07-16 00:15:56 开始第 38 次操作

2021-07-16 00:15:56 开始操作号码 【1724311】
2021-07-16 00:16:08 GSD getOne 第 1 次 等待 3 秒
2021-07-16 00:16:11 查询号码 【1724311】，返回信息 {"status":"bad","msg":""}
2021-07-16 00:16:11 查询号码 【1724311】，GSD为【""】
2021-07-16 00:16:11 bad
2021-07-16 00:16:19 CHB 1724311?1626365771 第 1 次 等待 3 秒
2021-07-16 00:16:22 CHB 1724311?1626365771 第 1 次 获取到号码【1724311】GSD
2021-07-16 00:16:22 获取到号码【1724311】的GSD为【山东-济南】
2021-07-16 00:16:24 GSD insert 第 1 次 等待 3 秒
2021-07-16 00:16:27 {"status":"ok","gid":288510,"msg":"添加成功！"}
2021-07-16 00:16:27 下次操作: 2021-07-16 00:16:46

2021-07-16 00:16:46 开始第 39 次操作

2021-07-16 00:16:46 开始操作号码 【1724312】
2021-07-16 00:16:49 GSD getOne 第 1 次 等待 3 秒
2021-07-16 00:16:52 查询号码 【1724312】，返回信息 {"status":"bad","msg":""}
2021-07-16 00:16:52 查询号码 【1724312】，GSD为【""】
2021-07-16 00:16:52 bad
2021-07-16 00:17:00 CHB 1724312?1626365812 第 1 次 等待 3 秒
2021-07-16 00:17:03 CHB 1724312?1626365812 第 1 次 获取到号码【1724312】GSD
2021-07-16 00:17:03 获取到号码【1724312】的GSD为【山东-济南】
2021-07-16 00:17:12 GSD insert 第 1 次 等待 3 秒
2021-07-16 00:17:15 {"status":"ok","gid":288516,"msg":"添加成功！"}
2021-07-16 00:17:15 下次操作: 2021-07-16 00:17:32

2021-07-16 00:17:32 开始第 40 次操作

2021-07-16 00:17:32 开始操作号码 【1724313】
2021-07-16 00:17:39 GSD getOne 第 1 次 等待 3 秒
2021-07-16 00:17:42 查询号码 【1724313】，返回信息 {"status":"bad","msg":""}
2021-07-16 00:17:42 查询号码 【1724313】，GSD为【""】
2021-07-16 00:17:42 bad
2021-07-16 00:17:44 CHB 1724313?1626365862 第 1 次 等待 3 秒
2021-07-16 00:17:47 CHB 1724313?1626365862 第 1 次 获取到号码【1724313】GSD
2021-07-16 00:17:47 获取到号码【1724313】的GSD为【山东-济南】
2021-07-16 00:17:54 GSD insert 第 1 次 等待 3 秒
2021-07-16 00:17:57 {"status":"ok","gid":288520,"msg":"添加成功！"}

2021-07-16 01:01:10 开始第 1 次操作

2021-07-16 01:01:10 开始操作号码 【1724314】
2021-07-16 01:01:15 GSD getOne 第 1 次 等待 3 秒
2021-07-16 01:01:18 查询号码 【1724314】，返回信息 {"status":"bad","msg":""}
2021-07-16 01:01:18 查询号码 【1724314】，GSD为【""】
2021-07-16 01:01:18 bad
2021-07-16 01:01:20 CHB 1724314?1626368478 第 1 次 等待 3 秒
2021-07-16 01:01:23 CHB 1724314?1626368478 第 1 次 获取到号码【1724314】GSD
2021-07-16 01:01:24 获取到号码【1724314】的GSD为【山东-济南】
2021-07-16 01:01:47 GSD insert 第 1 次 等待 3 秒
2021-07-16 01:01:50 {"status":"ok","gid":288604,"msg":"添加成功！"}
2021-07-16 01:01:50 下次操作: 2021-07-16 01:02:06

2021-07-16 01:02:06 开始第 2 次操作

2021-07-16 01:02:06 开始操作号码 【1724315】
2021-07-16 01:02:10 GSD getOne 第 1 次 等待 3 秒
2021-07-16 01:02:13 查询号码 【1724315】，返回信息 {"status":"bad","msg":""}
2021-07-16 01:02:13 查询号码 【1724315】，GSD为【""】
2021-07-16 01:02:13 bad
2021-07-16 01:02:14 CHB 1724315?1626368533 第 1 次 等待 3 秒
2021-07-16 01:02:17 CHB 1724315?1626368533 第 1 次 获取到号码【1724315】GSD
2021-07-16 01:02:18 获取到号码【1724315】的GSD为【山东-济南】
2021-07-16 01:02:35 GSD insert 第 1 次 等待 3 秒
2021-07-16 01:02:38 {"status":"ok","gid":288611,"msg":"添加成功！"}
2021-07-16 01:02:39 下次操作: 2021-07-16 01:02:51

2021-07-16 01:02:51 开始第 3 次操作

2021-07-16 01:02:51 开始操作号码 【1724316】
2021-07-16 01:02:56 GSD getOne 第 1 次 等待 3 秒
2021-07-16 01:02:59 查询号码 【1724316】，返回信息 {"status":"bad","msg":""}
2021-07-16 01:02:59 查询号码 【1724316】，GSD为【""】
2021-07-16 01:02:59 bad
2021-07-16 01:03:01 CHB 1724316?1626368579 第 1 次 等待 3 秒
2021-07-16 01:03:04 CHB 1724316?1626368579 第 1 次 获取到号码【1724316】GSD
2021-07-16 01:03:04 获取到号码【1724316】的GSD为【山东-济南】
2021-07-16 01:03:25 GSD insert 第 1 次 等待 3 秒
2021-07-16 01:03:28 {"status":"ok","gid":288618,"msg":"添加成功！"}
2021-07-16 01:03:28 下次操作: 2021-07-16 01:03:45

2021-07-16 01:03:45 开始第 4 次操作

2021-07-16 01:03:45 开始操作号码 【1724317】
2021-07-16 01:03:54 GSD getOne 第 1 次 等待 3 秒
2021-07-16 01:03:57 查询号码 【1724317】，返回信息 {"status":"bad","msg":""}
2021-07-16 01:03:57 查询号码 【1724317】，GSD为【""】
2021-07-16 01:03:57 bad
2021-07-16 01:03:59 CHB 1724317?1626368637 第 1 次 等待 3 秒
2021-07-16 01:04:02 CHB 1724317?1626368637 第 1 次 获取到号码【1724317】GSD
2021-07-16 01:04:02 获取到号码【1724317】的GSD为【山东-济南】
2021-07-16 01:04:12 GSD insert 第 1 次 等待 3 秒
2021-07-16 01:04:15 {"status":"ok","gid":288631,"msg":"添加成功！"}
2021-07-16 01:04:15 下次操作: 2021-07-16 01:04:28

2021-07-16 01:04:28 开始第 5 次操作

2021-07-16 01:04:28 开始操作号码 【1724318】
2021-07-16 01:04:35 GSD getOne 第 1 次 等待 3 秒
2021-07-16 01:04:38 查询号码 【1724318】，返回信息 {"status":"bad","msg":""}
2021-07-16 01:04:38 查询号码 【1724318】，GSD为【""】
2021-07-16 01:04:38 bad
2021-07-16 01:04:40 CHB 1724318?1626368678 第 1 次 等待 3 秒
2021-07-16 01:04:43 CHB 1724318?1626368678 第 1 次 获取到号码【1724318】GSD
2021-07-16 01:04:43 获取到号码【1724318】的GSD为【山东-济南】
2021-07-16 01:05:18 GSD insert 第 1 次 等待 3 秒
2021-07-16 01:05:21 {"status":"ok","gid":288642,"msg":"添加成功！"}
2021-07-16 01:05:21 下次操作: 2021-07-16 01:05:40

2021-07-16 01:05:40 开始第 6 次操作

2021-07-16 01:05:40 开始操作号码 【1724319】
2021-07-16 01:05:47 GSD getOne 第 1 次 等待 3 秒
2021-07-16 01:05:50 查询号码 【1724319】，返回信息 {"status":"bad","msg":""}
2021-07-16 01:05:50 查询号码 【1724319】，GSD为【""】
2021-07-16 01:05:50 bad
2021-07-16 01:05:51 CHB 1724319?1626368750 第 1 次 等待 3 秒
2021-07-16 01:05:54 CHB 1724319?1626368750 第 1 次 获取到号码【1724319】GSD
2021-07-16 01:05:54 获取到号码【1724319】的GSD为【山东-济南】
2021-07-16 01:06:29 GSD insert 第 1 次 等待 3 秒
2021-07-16 01:06:32 {"status":"ok","gid":288658,"msg":"添加成功！"}
2021-07-16 01:06:32 下次操作: 2021-07-16 01:06:56

2021-07-16 01:06:56 开始第 7 次操作

2021-07-16 01:06:56 开始操作号码 【1724320】
2021-07-16 01:07:08 GSD getOne 第 1 次 等待 3 秒
2021-07-16 01:07:11 查询号码 【1724320】，返回信息 {"status":"bad","msg":""}
2021-07-16 01:07:11 查询号码 【1724320】，GSD为【""】
2021-07-16 01:07:11 bad
2021-07-16 01:07:13 CHB 1724320?1626368831 第 1 次 等待 3 秒
2021-07-16 01:07:16 CHB 1724320?1626368831 第 1 次 获取到号码【1724320】GSD
2021-07-16 01:07:16 获取到号码【1724320】的GSD为【山东-济南】
2021-07-16 01:07:35 GSD insert 第 1 次 等待 3 秒
2021-07-16 01:07:38 {"status":"ok","gid":288669,"msg":"添加成功！"}
2021-07-16 01:07:38 下次操作: 2021-07-16 01:07:56

2021-07-16 01:07:56 开始第 8 次操作

2021-07-16 01:07:56 开始操作号码 【1724321】
2021-07-16 01:08:01 GSD getOne 第 1 次 等待 3 秒
2021-07-16 01:08:04 查询号码 【1724321】，返回信息 {"status":"bad","msg":""}
2021-07-16 01:08:04 查询号码 【1724321】，GSD为【""】
2021-07-16 01:08:04 bad
2021-07-16 01:08:07 CHB 1724321?1626368884 第 1 次 等待 3 秒
2021-07-16 01:08:10 CHB 1724321?1626368884 第 1 次 获取到号码【1724321】GSD
2021-07-16 01:08:10 获取到号码【1724321】的GSD为【山东-济南】
2021-07-16 01:08:20 GSD insert 第 1 次 等待 3 秒
2021-07-16 01:08:23 {"status":"ok","gid":288677,"msg":"添加成功！"}
2021-07-16 01:08:23 下次操作: 2021-07-16 01:08:36

2021-07-16 01:08:36 开始第 9 次操作

2021-07-16 01:08:36 开始操作号码 【1724322】
2021-07-16 01:08:39 GSD getOne 第 1 次 等待 3 秒
2021-07-16 01:08:42 查询号码 【1724322】，返回信息 {"status":"bad","msg":""}
2021-07-16 01:08:42 查询号码 【1724322】，GSD为【""】
2021-07-16 01:08:42 bad
2021-07-16 01:08:46 CHB 1724322?1626368922 第 1 次 等待 3 秒
2021-07-16 01:08:49 CHB 1724322?1626368922 第 1 次 获取到号码【1724322】GSD
2021-07-16 01:08:49 获取到号码【1724322】的GSD为【山东-济南】
2021-07-16 01:09:00 GSD insert 第 1 次 等待 3 秒
2021-07-16 01:09:03 {"status":"ok","gid":288684,"msg":"添加成功！"}
2021-07-16 01:09:03 下次操作: 2021-07-16 01:09:20

2021-07-16 01:09:20 开始第 10 次操作

2021-07-16 01:09:20 开始操作号码 【1724323】
2021-07-16 01:09:25 GSD getOne 第 1 次 等待 3 秒
2021-07-16 01:09:28 查询号码 【1724323】，返回信息 {"status":"bad","msg":""}
2021-07-16 01:09:28 查询号码 【1724323】，GSD为【""】
2021-07-16 01:09:28 bad
2021-07-16 01:09:30 CHB 1724323?1626368968 第 1 次 等待 3 秒
2021-07-16 01:09:33 CHB 1724323?1626368968 第 1 次 获取到号码【1724323】GSD
2021-07-16 01:09:33 获取到号码【1724323】的GSD为【山东-济南】
2021-07-16 01:10:12 GSD insert 第 1 次 等待 3 秒
2021-07-16 01:10:15 {"status":"ok","gid":288702,"msg":"添加成功！"}
2021-07-16 01:10:15 下次操作: 2021-07-16 01:10:30

2021-07-16 01:10:30 开始第 11 次操作

2021-07-16 01:10:30 开始操作号码 【1724324】
2021-07-16 01:10:34 GSD getOne 第 1 次 等待 3 秒
2021-07-16 01:10:37 查询号码 【1724324】，返回信息 {"status":"bad","msg":""}
2021-07-16 01:10:37 查询号码 【1724324】，GSD为【""】
2021-07-16 01:10:37 bad
2021-07-16 01:10:39 CHB 1724324?1626369037 第 1 次 等待 3 秒
2021-07-16 01:10:42 CHB 1724324?1626369037 第 1 次 获取到号码【1724324】GSD
2021-07-16 01:10:42 未获取到号码【1724324】GSD，查号吧 400 错误
2021-07-16 01:10:42 获取到号码【1724324】的GSD为【-】
2021-07-16 01:11:02 GSD insert 第 1 次 等待 3 秒
2021-07-16 01:11:05 {"status":"ok","gid":288710,"msg":"添加成功！"}
2021-07-16 01:11:05 下次操作: 2021-07-16 01:11:24

2021-07-16 01:11:24 开始第 12 次操作

2021-07-16 01:11:24 开始操作号码 【1724325】
2021-07-16 01:11:28 GSD getOne 第 1 次 等待 3 秒
2021-07-16 01:11:31 查询号码 【1724325】，返回信息 {"status":"bad","msg":""}
2021-07-16 01:11:31 查询号码 【1724325】，GSD为【""】
2021-07-16 01:11:31 bad
2021-07-16 01:11:44 CHB 1724325?1626369091 第 1 次 等待 3 秒
2021-07-16 01:11:47 CHB 1724325?1626369091 第 1 次 获取到号码【1724325】GSD
2021-07-16 01:11:48 获取到号码【1724325】的GSD为【山东-济南】
2021-07-16 01:11:52 GSD insert 第 1 次 等待 3 秒
2021-07-16 01:11:55 {"status":"ok","gid":288719,"msg":"添加成功！"}
2021-07-16 01:11:55 下次操作: 2021-07-16 01:12:14

2021-07-16 01:12:14 开始第 13 次操作

2021-07-16 01:12:14 开始操作号码 【1724326】
2021-07-16 01:12:19 GSD getOne 第 1 次 等待 3 秒
2021-07-16 01:12:22 查询号码 【1724326】，返回信息 {"status":"bad","msg":""}
2021-07-16 01:12:22 查询号码 【1724326】，GSD为【""】
2021-07-16 01:12:22 bad
2021-07-16 01:12:25 CHB 1724326?1626369142 第 1 次 等待 3 秒
2021-07-16 01:12:28 CHB 1724326?1626369142 第 1 次 获取到号码【1724326】GSD
2021-07-16 01:12:28 获取到号码【1724326】的GSD为【山东-济南】
2021-07-16 01:12:39 GSD insert 第 1 次 等待 3 秒
2021-07-16 01:12:42 {"status":"ok","gid":288729,"msg":"添加成功！"}
2021-07-16 01:12:42 下次操作: 2021-07-16 01:13:00

2021-07-16 01:13:00 开始第 14 次操作

2021-07-16 01:13:00 开始操作号码 【1724327】
2021-07-16 01:13:03 GSD getOne 第 1 次 等待 3 秒
2021-07-16 01:13:06 查询号码 【1724327】，返回信息 {"status":"bad","msg":""}
2021-07-16 01:13:06 查询号码 【1724327】，GSD为【""】
2021-07-16 01:13:06 bad
2021-07-16 01:13:08 CHB 1724327?1626369186 第 1 次 等待 3 秒
2021-07-16 01:13:11 CHB 1724327?1626369186 第 1 次 获取到号码【1724327】GSD
2021-07-16 01:13:11 获取到号码【1724327】的GSD为【山东-济南】
2021-07-16 01:13:46 GSD insert 第 1 次 等待 3 秒
2021-07-16 01:13:49 {"status":"ok","gid":288740,"msg":"添加成功！"}
2021-07-16 01:13:49 下次操作: 2021-07-16 01:14:05

2021-07-16 01:14:05 开始第 15 次操作

2021-07-16 01:14:05 开始操作号码 【1724328】
2021-07-16 01:14:18 GSD getOne 第 1 次 等待 3 秒
2021-07-16 01:14:21 查询号码 【1724328】，返回信息 {"status":"bad","msg":""}
2021-07-16 01:14:21 查询号码 【1724328】，GSD为【""】
2021-07-16 01:14:21 bad
2021-07-16 01:14:23 CHB 1724328?1626369261 第 1 次 等待 3 秒
2021-07-16 01:14:26 CHB 1724328?1626369261 第 1 次 获取到号码【1724328】GSD
2021-07-16 01:14:26 获取到号码【1724328】的GSD为【山东-济南】
2021-07-16 01:14:44 GSD insert 第 1 次 等待 3 秒
2021-07-16 01:14:47 {"status":"ok","gid":288749,"msg":"添加成功！"}
2021-07-16 01:14:47 下次操作: 2021-07-16 01:15:02

2021-07-16 01:15:02 开始第 16 次操作

2021-07-16 01:15:02 开始操作号码 【1724329】
2021-07-16 01:15:05 GSD getOne 第 1 次 等待 3 秒
2021-07-16 01:15:08 查询号码 【1724329】，返回信息 {"status":"bad","msg":""}
2021-07-16 01:15:08 查询号码 【1724329】，GSD为【""】
2021-07-16 01:15:08 bad
2021-07-16 01:15:10 CHB 1724329?1626369308 第 1 次 等待 3 秒
2021-07-16 01:15:13 CHB 1724329?1626369308 第 1 次 获取到号码【1724329】GSD
2021-07-16 01:15:13 获取到号码【1724329】的GSD为【山东-济南】
2021-07-16 01:15:53 GSD insert 第 1 次 等待 3 秒
2021-07-16 01:15:56 {"status":"ok","gid":288762,"msg":"添加成功！"}
2021-07-16 01:15:56 下次操作: 2021-07-16 01:16:09

2021-07-16 01:16:09 开始第 17 次操作

2021-07-16 01:16:09 开始操作号码 【1724330】
2021-07-16 01:16:12 GSD getOne 第 1 次 等待 3 秒
2021-07-16 01:16:15 查询号码 【1724330】，返回信息 {"status":"bad","msg":""}
2021-07-16 01:16:15 查询号码 【1724330】，GSD为【""】
2021-07-16 01:16:15 bad
2021-07-16 01:16:18 CHB 1724330?1626369375 第 1 次 等待 3 秒
2021-07-16 01:16:21 CHB 1724330?1626369375 第 1 次 获取到号码【1724330】GSD
2021-07-16 01:16:21 获取到号码【1724330】的GSD为【安徽-合肥】
2021-07-16 01:16:52 GSD insert 第 1 次 等待 3 秒
2021-07-16 01:16:55 {"status":"ok","gid":288772,"msg":"添加成功！"}
2021-07-16 01:16:55 下次操作: 2021-07-16 01:17:09

2021-07-16 01:17:09 开始第 18 次操作

2021-07-16 01:17:09 开始操作号码 【1724331】
2021-07-16 01:17:11 GSD getOne 第 1 次 等待 3 秒
2021-07-16 01:17:14 查询号码 【1724331】，返回信息 {"status":"bad","msg":""}
2021-07-16 01:17:14 查询号码 【1724331】，GSD为【""】
2021-07-16 01:17:14 bad
2021-07-16 01:17:17 CHB 1724331?1626369434 第 1 次 等待 3 秒
2021-07-16 01:17:20 CHB 1724331?1626369434 第 1 次 获取到号码【1724331】GSD
2021-07-16 01:17:20 获取到号码【1724331】的GSD为【安徽-合肥】
2021-07-16 01:17:32 GSD insert 第 1 次 等待 3 秒
2021-07-16 01:17:35 {"status":"ok","gid":288782,"msg":"添加成功！"}
2021-07-16 01:17:35 下次操作: 2021-07-16 01:17:47

2021-07-16 01:17:47 开始第 19 次操作

2021-07-16 01:17:47 开始操作号码 【1724332】
2021-07-16 01:17:53 GSD getOne 第 1 次 等待 3 秒
2021-07-16 01:17:56 查询号码 【1724332】，返回信息 {"status":"bad","msg":""}
2021-07-16 01:17:56 查询号码 【1724332】，GSD为【""】
2021-07-16 01:17:56 bad
2021-07-16 01:17:58 CHB 1724332?1626369476 第 1 次 等待 3 秒
2021-07-16 01:18:01 CHB 1724332?1626369476 第 1 次 获取到号码【1724332】GSD
2021-07-16 01:18:01 获取到号码【1724332】的GSD为【安徽-合肥】
2021-07-16 01:18:19 GSD insert 第 1 次 等待 3 秒
2021-07-16 01:18:22 {"status":"ok","gid":288788,"msg":"添加成功！"}
2021-07-16 01:18:22 下次操作: 2021-07-16 01:18:43

2021-07-16 01:18:43 开始第 20 次操作

2021-07-16 01:18:43 开始操作号码 【1724333】
2021-07-16 01:18:46 GSD getOne 第 1 次 等待 3 秒
2021-07-16 01:18:49 查询号码 【1724333】，返回信息 {"status":"bad","msg":""}
2021-07-16 01:18:49 查询号码 【1724333】，GSD为【""】
2021-07-16 01:18:49 bad
2021-07-16 01:18:51 CHB 1724333?1626369529 第 1 次 等待 3 秒
2021-07-16 01:18:54 CHB 1724333?1626369529 第 1 次 获取到号码【1724333】GSD
2021-07-16 01:18:54 获取到号码【1724333】的GSD为【安徽-合肥】
2021-07-16 01:19:16 GSD insert 第 1 次 等待 3 秒
2021-07-16 01:19:19 {"status":"ok","gid":288799,"msg":"添加成功！"}
2021-07-16 01:19:19 下次操作: 2021-07-16 01:19:39

2021-07-16 01:19:39 开始第 21 次操作

2021-07-16 01:19:39 开始操作号码 【1724334】
2021-07-16 01:19:41 GSD getOne 第 1 次 等待 3 秒
2021-07-16 01:19:44 查询号码 【1724334】，返回信息 {"status":"bad","msg":""}
2021-07-16 01:19:44 查询号码 【1724334】，GSD为【""】
2021-07-16 01:19:44 bad
2021-07-16 01:19:47 CHB 1724334?1626369584 第 1 次 等待 3 秒
2021-07-16 01:19:50 CHB 1724334?1626369584 第 1 次 获取到号码【1724334】GSD
2021-07-16 01:19:50 获取到号码【1724334】的GSD为【安徽-合肥】
2021-07-16 01:20:00 GSD insert 第 1 次 等待 3 秒
2021-07-16 01:20:03 {"status":"ok","gid":288807,"msg":"添加成功！"}
2021-07-16 01:20:03 下次操作: 2021-07-16 01:20:18

2021-07-16 01:20:18 开始第 22 次操作

2021-07-16 01:20:18 开始操作号码 【1724335】
2021-07-16 01:20:23 GSD getOne 第 1 次 等待 3 秒
2021-07-16 01:20:26 查询号码 【1724335】，返回信息 {"status":"bad","msg":""}
2021-07-16 01:20:26 查询号码 【1724335】，GSD为【""】
2021-07-16 01:20:26 bad
2021-07-16 01:20:28 CHB 1724335?1626369626 第 1 次 等待 3 秒
2021-07-16 01:20:31 CHB 1724335?1626369626 第 1 次 获取到号码【1724335】GSD
2021-07-16 01:20:31 获取到号码【1724335】的GSD为【安徽-合肥】
2021-07-16 01:20:49 GSD insert 第 1 次 等待 3 秒
2021-07-16 01:20:52 {"status":"ok","gid":288815,"msg":"添加成功！"}
2021-07-16 01:20:52 下次操作: 2021-07-16 01:21:07

2021-07-16 01:21:07 开始第 23 次操作

2021-07-16 01:21:07 开始操作号码 【1724336】
2021-07-16 01:21:13 GSD getOne 第 1 次 等待 3 秒
2021-07-16 01:21:16 查询号码 【1724336】，返回信息 {"status":"bad","msg":""}
2021-07-16 01:21:16 查询号码 【1724336】，GSD为【""】
2021-07-16 01:21:16 bad
2021-07-16 01:21:18 CHB 1724336?1626369676 第 1 次 等待 3 秒
2021-07-16 01:21:21 CHB 1724336?1626369676 第 1 次 获取到号码【1724336】GSD
2021-07-16 01:21:21 获取到号码【1724336】的GSD为【安徽-合肥】
2021-07-16 01:22:30 GSD insert 第 1 次 等待 3 秒
2021-07-16 01:22:33 {"status":"ok","gid":288837,"msg":"添加成功！"}
2021-07-16 01:22:33 下次操作: 2021-07-16 01:22:49

2021-07-16 01:22:49 开始第 24 次操作

2021-07-16 01:22:49 开始操作号码 【1724337】
2021-07-16 01:22:51 GSD getOne 第 1 次 等待 3 秒
2021-07-16 01:22:54 查询号码 【1724337】，返回信息 {"status":"bad","msg":""}
2021-07-16 01:22:54 查询号码 【1724337】，GSD为【""】
2021-07-16 01:22:54 bad
2021-07-16 01:22:56 CHB 1724337?1626369774 第 1 次 等待 3 秒
2021-07-16 01:22:59 CHB 1724337?1626369774 第 1 次 获取到号码【1724337】GSD
2021-07-16 01:22:59 获取到号码【1724337】的GSD为【安徽-合肥】
2021-07-16 01:23:22 GSD insert 第 1 次 等待 3 秒
2021-07-16 01:23:25 {"status":"ok","gid":288850,"msg":"添加成功！"}
2021-07-16 01:23:25 下次操作: 2021-07-16 01:23:46

2021-07-16 01:23:46 开始第 25 次操作

2021-07-16 01:23:46 开始操作号码 【1724338】
2021-07-16 01:23:52 GSD getOne 第 1 次 等待 3 秒
2021-07-16 01:23:55 查询号码 【1724338】，返回信息 {"status":"bad","msg":""}
2021-07-16 01:23:56 查询号码 【1724338】，GSD为【""】
2021-07-16 01:23:56 bad
2021-07-16 01:23:58 CHB 1724338?1626369836 第 1 次 等待 3 秒
2021-07-16 01:24:01 CHB 1724338?1626369836 第 1 次 获取到号码【1724338】GSD
2021-07-16 01:24:01 获取到号码【1724338】的GSD为【安徽-合肥】
2021-07-16 01:24:11 GSD insert 第 1 次 等待 3 秒
2021-07-16 01:24:14 {"status":"ok","gid":288861,"msg":"添加成功！"}
2021-07-16 01:24:15 下次操作: 2021-07-16 01:24:27

2021-07-16 01:24:27 开始第 26 次操作

2021-07-16 01:24:27 开始操作号码 【1724339】
2021-07-16 01:24:31 GSD getOne 第 1 次 等待 3 秒
2021-07-16 01:24:34 查询号码 【1724339】，返回信息 {"status":"bad","msg":""}
2021-07-16 01:24:34 查询号码 【1724339】，GSD为【""】
2021-07-16 01:24:34 bad
2021-07-16 01:24:35 CHB 1724339?1626369874 第 1 次 等待 3 秒
2021-07-16 01:24:38 CHB 1724339?1626369874 第 1 次 获取到号码【1724339】GSD
2021-07-16 01:24:38 获取到号码【1724339】的GSD为【安徽-合肥】
2021-07-16 01:24:56 GSD insert 第 1 次 等待 3 秒
2021-07-16 01:24:59 {"status":"ok","gid":288868,"msg":"添加成功！"}
2021-07-16 01:24:59 下次操作: 2021-07-16 01:25:11

2021-07-16 01:25:11 开始第 27 次操作

2021-07-16 01:25:11 开始操作号码 【1724340】
2021-07-16 01:25:15 GSD getOne 第 1 次 等待 3 秒
2021-07-16 01:25:18 查询号码 【1724340】，返回信息 {"status":"bad","msg":""}
2021-07-16 01:25:18 查询号码 【1724340】，GSD为【""】
2021-07-16 01:25:18 bad
2021-07-16 01:25:20 CHB 1724340?1626369918 第 1 次 等待 3 秒
2021-07-16 01:25:23 CHB 1724340?1626369918 第 1 次 获取到号码【1724340】GSD
2021-07-16 01:25:23 未获取到号码【1724340】GSD，查号吧 400 错误
2021-07-16 01:25:23 获取到号码【1724340】的GSD为【-】
2021-07-16 01:25:45 GSD insert 第 1 次 等待 3 秒
2021-07-16 01:25:48 {"status":"ok","gid":288879,"msg":"添加成功！"}
2021-07-16 01:25:48 下次操作: 2021-07-16 01:26:12

2021-07-16 01:26:12 开始第 28 次操作

2021-07-16 01:26:12 开始操作号码 【1724341】
2021-07-16 01:26:16 GSD getOne 第 1 次 等待 3 秒
2021-07-16 01:26:19 查询号码 【1724341】，返回信息 {"status":"bad","msg":""}
2021-07-16 01:26:19 查询号码 【1724341】，GSD为【""】
2021-07-16 01:26:19 bad
2021-07-16 01:26:21 CHB 1724341?1626369979 第 1 次 等待 3 秒
2021-07-16 01:26:24 CHB 1724341?1626369979 第 1 次 获取到号码【1724341】GSD
2021-07-16 01:26:24 获取到号码【1724341】的GSD为【安徽-合肥】
2021-07-16 01:26:35 GSD insert 第 1 次 等待 3 秒
2021-07-16 01:26:38 {"status":"ok","gid":288889,"msg":"添加成功！"}
2021-07-16 01:26:38 下次操作: 2021-07-16 01:27:02

2021-07-16 01:27:02 开始第 29 次操作

2021-07-16 01:27:02 开始操作号码 【1724342】
2021-07-16 01:27:09 GSD getOne 第 1 次 等待 3 秒
2021-07-16 01:27:12 查询号码 【1724342】，返回信息 {"status":"bad","msg":""}
2021-07-16 01:27:12 查询号码 【1724342】，GSD为【""】
2021-07-16 01:27:12 bad
2021-07-16 01:27:13 CHB 1724342?1626370032 第 1 次 等待 3 秒
2021-07-16 01:27:16 CHB 1724342?1626370032 第 1 次 获取到号码【1724342】GSD
2021-07-16 01:27:16 获取到号码【1724342】的GSD为【安徽-合肥】
2021-07-16 01:27:37 GSD insert 第 1 次 等待 3 秒
2021-07-16 01:27:40 {"status":"ok","gid":288902,"msg":"添加成功！"}
2021-07-16 01:27:40 下次操作: 2021-07-16 01:27:58

2021-07-16 01:27:58 开始第 30 次操作

2021-07-16 01:27:58 开始操作号码 【1724343】
2021-07-16 01:28:02 GSD getOne 第 1 次 等待 3 秒
2021-07-16 01:28:05 查询号码 【1724343】，返回信息 {"status":"bad","msg":""}
2021-07-16 01:28:05 查询号码 【1724343】，GSD为【""】
2021-07-16 01:28:05 bad
2021-07-16 01:28:07 CHB 1724343?1626370085 第 1 次 等待 3 秒
2021-07-16 01:28:10 CHB 1724343?1626370085 第 1 次 获取到号码【1724343】GSD
2021-07-16 01:28:10 获取到号码【1724343】的GSD为【安徽-合肥】
2021-07-16 01:28:28 GSD insert 第 1 次 等待 3 秒
2021-07-16 01:28:31 {"status":"ok","gid":288912,"msg":"添加成功！"}
2021-07-16 01:28:31 下次操作: 2021-07-16 01:28:44

2021-07-16 01:28:44 开始第 31 次操作

2021-07-16 01:28:44 开始操作号码 【1724344】
2021-07-16 01:28:48 GSD getOne 第 1 次 等待 3 秒
2021-07-16 01:28:51 查询号码 【1724344】，返回信息 {"status":"bad","msg":""}
2021-07-16 01:28:51 查询号码 【1724344】，GSD为【""】
2021-07-16 01:28:51 bad
2021-07-16 01:28:52 CHB 1724344?1626370131 第 1 次 等待 3 秒
2021-07-16 01:28:55 CHB 1724344?1626370131 第 1 次 获取到号码【1724344】GSD
2021-07-16 01:28:55 获取到号码【1724344】的GSD为【安徽-合肥】
2021-07-16 01:29:16 GSD insert 第 1 次 等待 3 秒
2021-07-16 01:29:19 {"status":"ok","gid":288920,"msg":"添加成功！"}
2021-07-16 01:29:19 下次操作: 2021-07-16 01:29:38

2021-07-16 01:29:38 开始第 32 次操作

2021-07-16 01:29:38 开始操作号码 【1724345】
2021-07-16 01:29:42 GSD getOne 第 1 次 等待 3 秒
2021-07-16 01:29:45 查询号码 【1724345】，返回信息 {"status":"bad","msg":""}
2021-07-16 01:29:45 查询号码 【1724345】，GSD为【""】
2021-07-16 01:29:45 bad
2021-07-16 01:29:47 CHB 1724345?1626370185 第 1 次 等待 3 秒
2021-07-16 01:29:50 CHB 1724345?1626370185 第 1 次 获取到号码【1724345】GSD
2021-07-16 01:29:50 获取到号码【1724345】的GSD为【安徽-合肥】
2021-07-16 01:30:06 GSD insert 第 1 次 等待 3 秒
2021-07-16 01:30:09 {"status":"ok","gid":288926,"msg":"添加成功！"}
2021-07-16 01:30:09 下次操作: 2021-07-16 01:30:33

2021-07-16 01:30:33 开始第 33 次操作

2021-07-16 01:30:33 开始操作号码 【1724346】
2021-07-16 01:30:36 GSD getOne 第 1 次 等待 3 秒
2021-07-16 01:30:39 查询号码 【1724346】，返回信息 {"status":"bad","msg":""}
2021-07-16 01:30:39 查询号码 【1724346】，GSD为【""】
2021-07-16 01:30:39 bad
2021-07-16 01:30:41 CHB 1724346?1626370239 第 1 次 等待 3 秒
2021-07-16 01:30:44 CHB 1724346?1626370239 第 1 次 获取到号码【1724346】GSD
2021-07-16 01:30:44 获取到号码【1724346】的GSD为【安徽-合肥】
2021-07-16 01:31:02 GSD insert 第 1 次 等待 3 秒
2021-07-16 01:31:05 {"status":"ok","gid":288932,"msg":"添加成功！"}
2021-07-16 01:31:05 下次操作: 2021-07-16 01:31:19

2021-07-16 01:31:19 开始第 34 次操作

2021-07-16 01:31:19 开始操作号码 【1724347】
2021-07-16 01:31:22 GSD getOne 第 1 次 等待 3 秒
2021-07-16 01:31:25 查询号码 【1724347】，返回信息 {"status":"bad","msg":""}
2021-07-16 01:31:25 查询号码 【1724347】，GSD为【""】
2021-07-16 01:31:25 bad
2021-07-16 01:31:27 CHB 1724347?1626370285 第 1 次 等待 3 秒
2021-07-16 01:31:30 CHB 1724347?1626370285 第 1 次 获取到号码【1724347】GSD
2021-07-16 01:31:30 获取到号码【1724347】的GSD为【安徽-合肥】
2021-07-16 01:31:41 GSD insert 第 1 次 等待 3 秒
2021-07-16 01:31:44 {"status":"ok","gid":288937,"msg":"添加成功！"}
2021-07-16 01:31:44 下次操作: 2021-07-16 01:32:06

2021-07-16 01:32:06 开始第 35 次操作

2021-07-16 01:32:06 开始操作号码 【1724348】
2021-07-16 01:32:09 GSD getOne 第 1 次 等待 3 秒
2021-07-16 01:32:12 查询号码 【1724348】，返回信息 {"status":"bad","msg":""}
2021-07-16 01:32:12 查询号码 【1724348】，GSD为【""】
2021-07-16 01:32:12 bad
2021-07-16 01:32:15 CHB 1724348?1626370332 第 1 次 等待 3 秒
2021-07-16 01:32:18 CHB 1724348?1626370332 第 1 次 获取到号码【1724348】GSD
2021-07-16 01:32:18 获取到号码【1724348】的GSD为【安徽-合肥】
2021-07-16 01:32:31 GSD insert 第 1 次 等待 3 秒
2021-07-16 01:32:34 {"status":"ok","gid":288945,"msg":"添加成功！"}
2021-07-16 01:32:34 下次操作: 2021-07-16 01:32:50

2021-07-16 01:32:50 开始第 36 次操作

2021-07-16 01:32:50 开始操作号码 【1724349】
2021-07-16 01:32:53 GSD getOne 第 1 次 等待 3 秒
2021-07-16 01:32:56 查询号码 【1724349】，返回信息 {"status":"bad","msg":""}
2021-07-16 01:32:56 查询号码 【1724349】，GSD为【""】
2021-07-16 01:32:56 bad
2021-07-16 01:32:58 CHB 1724349?1626370376 第 1 次 等待 3 秒
2021-07-16 01:33:01 CHB 1724349?1626370376 第 1 次 获取到号码【1724349】GSD
2021-07-16 01:33:01 获取到号码【1724349】的GSD为【安徽-合肥】
2021-07-16 01:33:22 GSD insert 第 1 次 等待 3 秒
2021-07-16 01:33:25 {"status":"ok","gid":288948,"msg":"添加成功！"}
2021-07-16 01:33:25 下次操作: 2021-07-16 01:33:47

2021-07-16 01:33:47 开始第 37 次操作

2021-07-16 01:33:47 开始操作号码 【1724350】
2021-07-16 01:33:49 GSD getOne 第 1 次 等待 3 秒
2021-07-16 01:33:52 查询号码 【1724350】，返回信息 {"status":"bad","msg":""}
2021-07-16 01:33:52 查询号码 【1724350】，GSD为【""】
2021-07-16 01:33:52 bad
2021-07-16 01:33:54 CHB 1724350?1626370432 第 1 次 等待 3 秒
2021-07-16 01:33:57 CHB 1724350?1626370432 第 1 次 获取到号码【1724350】GSD
2021-07-16 01:33:57 获取到号码【1724350】的GSD为【安徽-合肥】
2021-07-16 01:34:16 GSD insert 第 1 次 等待 3 秒
2021-07-16 01:34:19 {"status":"ok","gid":288953,"msg":"添加成功！"}
2021-07-16 01:34:19 下次操作: 2021-07-16 01:34:43

2021-07-16 01:34:43 开始第 38 次操作

2021-07-16 01:34:43 开始操作号码 【1724351】
2021-07-16 01:34:45 GSD getOne 第 1 次 等待 3 秒
2021-07-16 01:34:48 查询号码 【1724351】，返回信息 {"status":"bad","msg":""}
2021-07-16 01:34:49 查询号码 【1724351】，GSD为【""】
2021-07-16 01:34:49 bad
2021-07-16 01:34:50 CHB 1724351?1626370489 第 1 次 等待 3 秒
2021-07-16 01:34:53 CHB 1724351?1626370489 第 1 次 获取到号码【1724351】GSD
2021-07-16 01:34:53 获取到号码【1724351】的GSD为【安徽-合肥】
2021-07-16 01:35:11 GSD insert 第 1 次 等待 3 秒
2021-07-16 01:35:14 {"status":"ok","gid":288958,"msg":"添加成功！"}
2021-07-16 01:35:14 下次操作: 2021-07-16 01:35:36

2021-07-16 01:35:36 开始第 39 次操作

2021-07-16 01:35:36 开始操作号码 【1724352】
2021-07-16 01:35:39 GSD getOne 第 1 次 等待 3 秒
2021-07-16 01:35:42 查询号码 【1724352】，返回信息 {"status":"bad","msg":""}
2021-07-16 01:35:42 查询号码 【1724352】，GSD为【""】
2021-07-16 01:35:42 bad
2021-07-16 01:35:45 CHB 1724352?1626370542 第 1 次 等待 3 秒
2021-07-16 01:35:48 CHB 1724352?1626370542 第 1 次 获取到号码【1724352】GSD
2021-07-16 01:35:48 获取到号码【1724352】的GSD为【安徽-合肥】
2021-07-16 01:35:58 GSD insert 第 1 次 等待 3 秒
2021-07-16 01:36:01 {"status":"ok","gid":288965,"msg":"添加成功！"}
2021-07-16 01:36:01 下次操作: 2021-07-16 01:36:18

2021-07-16 01:36:18 开始第 40 次操作

2021-07-16 01:36:18 开始操作号码 【1724353】
2021-07-16 01:36:21 GSD getOne 第 1 次 等待 3 秒
2021-07-16 01:36:24 查询号码 【1724353】，返回信息 {"status":"bad","msg":""}
2021-07-16 01:36:24 查询号码 【1724353】，GSD为【""】
2021-07-16 01:36:24 bad
2021-07-16 01:36:28 CHB 1724353?1626370584 第 1 次 等待 3 秒
2021-07-16 01:36:31 CHB 1724353?1626370584 第 1 次 获取到号码【1724353】GSD
2021-07-16 01:36:31 获取到号码【1724353】的GSD为【安徽-合肥】
2021-07-16 01:36:41 GSD insert 第 1 次 等待 3 秒
2021-07-16 01:36:44 {"status":"ok","gid":288969,"msg":"添加成功！"}

