2024-07-04 00:11:59 开始第 4709 次操作

2024-07-04 00:11:59 开始操作号码 【1564615】
2024-07-04 00:12:07 GSD getOne 第 1 次 等待 3 秒
2024-07-04 00:12:10 查询号码 【1564615】，返回信息 {"status":"ok","msg":"北京-北京","gid":"379276","time_insert":"2021-07-24 16:48"}
2024-07-04 00:12:10 查询号码 【1564615】，GSD为【"北京-北京"】

2024-07-04 00:12:11 开始第 4710 次操作

2024-07-04 00:12:11 开始操作号码 【1564616】
2024-07-04 00:12:20 GSD getOne 第 1 次 等待 3 秒
2024-07-04 00:12:23 查询号码 【1564616】，返回信息 {"status":"ok","msg":"北京-北京","gid":"379397","time_insert":"2021-07-24 16:57"}
2024-07-04 00:12:23 查询号码 【1564616】，GSD为【"北京-北京"】

2024-07-04 00:12:25 开始第 4711 次操作

2024-07-04 00:12:25 开始操作号码 【1564617】
2024-07-04 00:12:33 GSD getOne 第 1 次 等待 3 秒
2024-07-04 00:12:36 查询号码 【1564617】，返回信息 {"status":"ok","msg":"北京-北京","gid":"379531","time_insert":"2021-07-24 17:06"}
2024-07-04 00:12:36 查询号码 【1564617】，GSD为【"北京-北京"】

2024-07-04 00:12:37 开始第 4712 次操作

2024-07-04 00:12:37 开始操作号码 【1564618】
2024-07-04 00:12:45 GSD getOne 第 1 次 等待 3 秒
2024-07-04 00:12:48 查询号码 【1564618】，返回信息 {"status":"ok","msg":"北京-北京","gid":"379637","time_insert":"2021-07-24 17:23"}
2024-07-04 00:12:48 查询号码 【1564618】，GSD为【"北京-北京"】

2024-07-04 00:38:17 开始第 4713 次操作

2024-07-04 00:38:17 开始操作号码 【1564619】
2024-07-04 00:38:25 GSD getOne 第 1 次 等待 3 秒
2024-07-04 00:38:28 查询号码 【1564619】，返回信息 {"status":"ok","msg":"北京-北京","gid":"379663","time_insert":"2021-07-24 17:32"}
2024-07-04 00:38:28 查询号码 【1564619】，GSD为【"北京-北京"】

2024-07-04 00:38:29 开始第 4714 次操作

2024-07-04 00:38:29 开始操作号码 【1564620】
2024-07-04 00:38:37 GSD getOne 第 1 次 等待 3 秒
2024-07-04 00:38:40 查询号码 【1564620】，返回信息 {"status":"ok","msg":"北京-北京","gid":"379705","time_insert":"2021-07-24 17:42"}
2024-07-04 00:38:40 查询号码 【1564620】，GSD为【"北京-北京"】

2024-07-04 00:38:41 开始第 4715 次操作

2024-07-04 00:38:41 开始操作号码 【1564621】
2024-07-04 00:38:49 GSD getOne 第 1 次 等待 3 秒
2024-07-04 00:38:52 查询号码 【1564621】，返回信息 {"status":"ok","msg":"北京-北京","gid":"379822","time_insert":"2021-07-24 17:51"}
2024-07-04 00:38:52 查询号码 【1564621】，GSD为【"北京-北京"】

2024-07-04 00:38:53 开始第 4716 次操作

2024-07-04 00:38:53 开始操作号码 【1564622】
2024-07-04 00:39:02 GSD getOne 第 1 次 等待 3 秒
2024-07-04 00:39:05 查询号码 【1564622】，返回信息 {"status":"ok","msg":"北京-北京","gid":"379952","time_insert":"2021-07-24 18:01"}
2024-07-04 00:39:05 查询号码 【1564622】，GSD为【"北京-北京"】

