2021-07-06 00:00:04 开始第 9 次操作

2021-07-06 00:00:04 开始操作号码 【1736805】
2021-07-06 00:00:15 GSD getOne 第 1 次 等待 1 秒
2021-07-06 00:00:16 查询号码 【1736805】，返回信息 {"status":"bad","msg":""}
2021-07-06 00:00:16 查询号码 【1736805】，GSD为【""】
2021-07-06 00:00:16 bad
2021-07-06 00:00:18 CHB 1736805?1625500816 第 1 次 等待 1 秒
2021-07-06 00:00:19 CHB 1736805?1625500816 第 1 次 获取到号码【1736805】GSD
2021-07-06 00:00:19 获取到号码【1736805】的GSD为【江苏-南通】
2021-07-06 00:00:38 GSD insert 第 1 次 等待 1 秒
2021-07-06 00:00:39 {"status":"ok","msg":"添加成功！201810"}
2021-07-06 00:00:39 下次操作: 2021-07-06 00:00:51

2021-07-06 00:00:51 开始第 10 次操作

2021-07-06 00:00:51 开始操作号码 【1736806】
2021-07-06 00:00:58 GSD getOne 第 1 次 等待 1 秒
2021-07-06 00:00:59 查询号码 【1736806】，返回信息 {"status":"bad","msg":""}
2021-07-06 00:00:59 查询号码 【1736806】，GSD为【""】
2021-07-06 00:00:59 bad
2021-07-06 00:01:01 CHB 1736806?1625500859 第 1 次 等待 1 秒
2021-07-06 00:01:02 CHB 1736806?1625500859 第 1 次 获取到号码【1736806】GSD
2021-07-06 00:01:02 获取到号码【1736806】的GSD为【江苏-扬州】
2021-07-06 00:01:22 GSD insert 第 1 次 等待 1 秒
2021-07-06 00:01:23 {"status":"ok","msg":"添加成功！201822"}
2021-07-06 00:01:24 下次操作: 2021-07-06 00:01:33

2021-07-06 00:01:33 开始第 11 次操作

2021-07-06 00:01:33 开始操作号码 【1736807】
2021-07-06 00:01:43 GSD getOne 第 1 次 等待 1 秒
2021-07-06 00:01:44 查询号码 【1736807】，返回信息 {"status":"ok","msg":"江苏-泰州","time_insert":"2021-04-22 09:18"}
2021-07-06 00:01:44 查询号码 【1736807】，GSD为【"江苏-泰州"】

2021-07-06 00:01:44 开始第 11 次操作

2021-07-06 00:01:44 开始操作号码 【1736808】
2021-07-06 00:02:05 GSD getOne 第 1 次 等待 1 秒
2021-07-06 00:02:06 查询号码 【1736808】，返回信息 {"status":"bad","msg":""}
2021-07-06 00:02:06 查询号码 【1736808】，GSD为【""】
2021-07-06 00:02:06 bad
2021-07-06 00:02:08 CHB 1736808?1625500926 第 1 次 等待 1 秒
2021-07-06 00:02:09 CHB 1736808?1625500926 第 1 次 获取到号码【1736808】GSD
2021-07-06 00:02:09 获取到号码【1736808】的GSD为【江苏-镇江】
2021-07-06 00:02:28 GSD insert 第 1 次 等待 1 秒
2021-07-06 00:02:29 {"status":"ok","msg":"添加成功！201834"}
2021-07-06 00:02:29 下次操作: 2021-07-06 00:02:47

2021-07-06 00:02:47 开始第 12 次操作

2021-07-06 00:02:47 开始操作号码 【1736809】
2021-07-06 00:02:51 GSD getOne 第 1 次 等待 1 秒
2021-07-06 00:02:52 查询号码 【1736809】，返回信息 {"status":"bad","msg":""}
2021-07-06 00:02:52 查询号码 【1736809】，GSD为【""】
2021-07-06 00:02:52 bad
2021-07-06 00:02:54 CHB 1736809?1625500972 第 1 次 等待 1 秒
2021-07-06 00:02:55 CHB 1736809?1625500972 第 1 次 获取到号码【1736809】GSD
2021-07-06 00:02:55 获取到号码【1736809】的GSD为【江苏-盐城】
2021-07-06 00:03:15 GSD insert 第 1 次 等待 1 秒
2021-07-06 00:03:16 {"status":"ok","msg":"添加成功！201846"}
2021-07-06 00:03:16 下次操作: 2021-07-06 00:03:31

2021-07-06 00:03:31 开始第 13 次操作

2021-07-06 00:03:31 开始操作号码 【1736810】
2021-07-06 00:03:39 GSD getOne 第 1 次 等待 1 秒
2021-07-06 00:03:40 查询号码 【1736810】，返回信息 {"status":"bad","msg":""}
2021-07-06 00:03:40 查询号码 【1736810】，GSD为【""】
2021-07-06 00:03:40 bad
2021-07-06 00:03:42 CHB 1736810?1625501020 第 1 次 等待 1 秒
2021-07-06 00:03:43 CHB 1736810?1625501020 第 1 次 获取到号码【1736810】GSD
2021-07-06 00:03:43 获取到号码【1736810】的GSD为【江苏-连云港】
2021-07-06 00:04:03 GSD insert 第 1 次 等待 1 秒
2021-07-06 00:04:04 {"status":"ok","msg":"添加成功！201856"}
2021-07-06 00:04:04 下次操作: 2021-07-06 00:04:12

2021-07-06 00:04:12 开始第 14 次操作

2021-07-06 00:04:12 开始操作号码 【1736811】
2021-07-06 00:04:25 GSD getOne 第 1 次 等待 1 秒
2021-07-06 00:04:26 查询号码 【1736811】，返回信息 {"status":"bad","msg":""}
2021-07-06 00:04:26 查询号码 【1736811】，GSD为【""】
2021-07-06 00:04:26 bad
2021-07-06 00:04:28 CHB 1736811?1625501066 第 1 次 等待 1 秒
2021-07-06 00:04:29 CHB 1736811?1625501066 第 1 次 获取到号码【1736811】GSD
2021-07-06 00:04:29 获取到号码【1736811】的GSD为【江苏-淮安】
2021-07-06 00:04:48 GSD insert 第 1 次 等待 1 秒
2021-07-06 00:04:49 {"status":"ok","msg":"添加成功！201866"}
2021-07-06 00:04:49 下次操作: 2021-07-06 00:05:05

2021-07-06 00:05:05 开始第 15 次操作

2021-07-06 00:05:05 开始操作号码 【1736812】
2021-07-06 00:05:09 GSD getOne 第 1 次 等待 1 秒
2021-07-06 00:05:10 查询号码 【1736812】，返回信息 {"status":"bad","msg":""}
2021-07-06 00:05:10 查询号码 【1736812】，GSD为【""】
2021-07-06 00:05:10 bad
2021-07-06 00:05:12 CHB 1736812?1625501110 第 1 次 等待 1 秒
2021-07-06 00:05:13 CHB 1736812?1625501110 第 1 次 获取到号码【1736812】GSD
2021-07-06 00:05:13 获取到号码【1736812】的GSD为【江苏-南京】
2021-07-06 00:05:33 GSD insert 第 1 次 等待 1 秒
2021-07-06 00:05:34 {"status":"ok","msg":"添加成功！201876"}
2021-07-06 00:05:34 下次操作: 2021-07-06 00:05:46

2021-07-06 00:05:46 开始第 16 次操作

2021-07-06 00:05:46 开始操作号码 【1736813】
2021-07-06 00:05:54 GSD getOne 第 1 次 等待 1 秒
2021-07-06 00:05:55 查询号码 【1736813】，返回信息 {"status":"bad","msg":""}
2021-07-06 00:05:55 查询号码 【1736813】，GSD为【""】
2021-07-06 00:05:55 bad
2021-07-06 00:05:57 CHB 1736813?1625501155 第 1 次 等待 1 秒
2021-07-06 00:05:58 CHB 1736813?1625501155 第 1 次 获取到号码【1736813】GSD
2021-07-06 00:05:58 获取到号码【1736813】的GSD为【江苏-苏州】
2021-07-06 00:06:17 GSD insert 第 1 次 等待 1 秒
2021-07-06 00:06:18 {"status":"ok","msg":"添加成功！201888"}
2021-07-06 00:06:18 下次操作: 2021-07-06 00:06:32

2021-07-06 00:06:32 开始第 17 次操作

2021-07-06 00:06:32 开始操作号码 【1736814】
2021-07-06 00:06:38 GSD getOne 第 1 次 等待 1 秒
2021-07-06 00:06:39 查询号码 【1736814】，返回信息 {"status":"bad","msg":""}
2021-07-06 00:06:39 查询号码 【1736814】，GSD为【""】
2021-07-06 00:06:39 bad
2021-07-06 00:06:40 CHB 1736814?1625501199 第 1 次 等待 1 秒
2021-07-06 00:06:41 CHB 1736814?1625501199 第 1 次 获取到号码【1736814】GSD
2021-07-06 00:06:41 获取到号码【1736814】的GSD为【江苏-无锡】
2021-07-06 00:07:03 GSD insert 第 1 次 等待 1 秒
2021-07-06 00:07:04 {"status":"ok","msg":"添加成功！201899"}
2021-07-06 00:07:04 下次操作: 2021-07-06 00:07:14

2021-07-06 00:07:14 开始第 18 次操作

2021-07-06 00:07:14 开始操作号码 【1736815】
2021-07-06 00:07:35 GSD getOne 第 1 次 等待 1 秒
2021-07-06 00:07:36 查询号码 【1736815】，返回信息 {"status":"bad","msg":""}
2021-07-06 00:07:36 查询号码 【1736815】，GSD为【""】
2021-07-06 00:07:36 bad
2021-07-06 00:07:38 CHB 1736815?1625501256 第 1 次 等待 1 秒
2021-07-06 00:07:39 CHB 1736815?1625501256 第 1 次 获取到号码【1736815】GSD
2021-07-06 00:07:39 获取到号码【1736815】的GSD为【江苏-常州】
2021-07-06 00:07:59 GSD insert 第 1 次 等待 1 秒
2021-07-06 00:08:00 {"status":"ok","msg":"添加成功！201907"}
2021-07-06 00:08:00 下次操作: 2021-07-06 00:08:09

2021-07-06 00:08:09 开始第 19 次操作

2021-07-06 00:08:09 开始操作号码 【1736816】
2021-07-06 00:08:20 GSD getOne 第 1 次 等待 1 秒
2021-07-06 00:08:21 查询号码 【1736816】，返回信息 {"status":"bad","msg":""}
2021-07-06 00:08:21 查询号码 【1736816】，GSD为【""】
2021-07-06 00:08:21 bad
2021-07-06 00:08:23 CHB 1736816?1625501301 第 1 次 等待 1 秒
2021-07-06 00:08:24 CHB 1736816?1625501301 第 1 次 获取到号码【1736816】GSD
2021-07-06 00:08:24 获取到号码【1736816】的GSD为【江苏-南通】
2021-07-06 00:08:44 GSD insert 第 1 次 等待 1 秒
2021-07-06 00:08:45 {"status":"ok","msg":"添加成功！201914"}
2021-07-06 00:08:45 下次操作: 2021-07-06 00:09:02

2021-07-06 00:09:02 开始第 20 次操作

2021-07-06 00:09:02 开始操作号码 【1736817】
2021-07-06 00:09:09 GSD getOne 第 1 次 等待 1 秒
2021-07-06 00:09:10 查询号码 【1736817】，返回信息 {"status":"bad","msg":""}
2021-07-06 00:09:10 查询号码 【1736817】，GSD为【""】
2021-07-06 00:09:10 bad
2021-07-06 00:09:12 CHB 1736817?1625501350 第 1 次 等待 1 秒
2021-07-06 00:09:13 CHB 1736817?1625501350 第 1 次 获取到号码【1736817】GSD
2021-07-06 00:09:13 获取到号码【1736817】的GSD为【江苏-扬州】
2021-07-06 00:09:33 GSD insert 第 1 次 等待 1 秒
2021-07-06 00:09:34 {"status":"ok","msg":"添加成功！201921"}
2021-07-06 00:09:34 下次操作: 2021-07-06 00:09:42

2021-07-06 00:09:42 开始第 21 次操作

2021-07-06 00:09:42 开始操作号码 【1736818】
2021-07-06 00:09:57 GSD getOne 第 1 次 等待 1 秒
2021-07-06 00:09:58 查询号码 【1736818】，返回信息 {"status":"bad","msg":""}
2021-07-06 00:09:58 查询号码 【1736818】，GSD为【""】
2021-07-06 00:09:58 bad
2021-07-06 00:10:00 CHB 1736818?1625501398 第 1 次 等待 1 秒
2021-07-06 00:10:01 CHB 1736818?1625501398 第 1 次 获取到号码【1736818】GSD
2021-07-06 00:10:01 获取到号码【1736818】的GSD为【江苏-泰州】
2021-07-06 00:10:20 GSD insert 第 1 次 等待 1 秒
2021-07-06 00:10:21 {"status":"ok","msg":"添加成功！201929"}
2021-07-06 00:10:21 下次操作: 2021-07-06 00:10:27

2021-07-06 00:10:27 开始第 22 次操作

2021-07-06 00:10:27 开始操作号码 【1736819】
2021-07-06 00:10:49 GSD getOne 第 1 次 等待 1 秒
2021-07-06 00:10:50 查询号码 【1736819】，返回信息 {"status":"bad","msg":""}
2021-07-06 00:10:50 查询号码 【1736819】，GSD为【""】
2021-07-06 00:10:50 bad
2021-07-06 00:10:52 CHB 1736819?1625501450 第 1 次 等待 1 秒
2021-07-06 00:10:53 CHB 1736819?1625501450 第 1 次 获取到号码【1736819】GSD
2021-07-06 00:10:53 获取到号码【1736819】的GSD为【江苏-镇江】
2021-07-06 00:11:12 GSD insert 第 1 次 等待 1 秒
2021-07-06 00:11:13 {"status":"ok","msg":"添加成功！201938"}
2021-07-06 00:11:13 下次操作: 2021-07-06 00:11:19

2021-07-06 00:11:19 开始第 23 次操作

2021-07-06 00:11:19 开始操作号码 【1736820】
2021-07-06 00:11:40 GSD getOne 第 1 次 等待 1 秒
2021-07-06 00:11:41 查询号码 【1736820】，返回信息 {"status":"bad","msg":""}
2021-07-06 00:11:41 查询号码 【1736820】，GSD为【""】
2021-07-06 00:11:41 bad
2021-07-06 00:11:43 CHB 1736820?1625501501 第 1 次 等待 1 秒
2021-07-06 00:11:44 CHB 1736820?1625501501 第 1 次 获取到号码【1736820】GSD
2021-07-06 00:11:44 获取到号码【1736820】的GSD为【广东-佛山】
2021-07-06 00:12:04 GSD insert 第 1 次 等待 1 秒
2021-07-06 00:12:05 {"status":"ok","msg":"添加成功！201944"}
2021-07-06 00:12:05 下次操作: 2021-07-06 00:12:21

2021-07-06 00:12:21 开始第 24 次操作

2021-07-06 00:12:21 开始操作号码 【1736821】
2021-07-06 00:12:30 GSD getOne 第 1 次 等待 1 秒
2021-07-06 00:12:31 查询号码 【1736821】，返回信息 {"status":"bad","msg":""}
2021-07-06 00:12:32 查询号码 【1736821】，GSD为【""】
2021-07-06 00:12:32 bad
2021-07-06 00:12:33 CHB 1736821?1625501552 第 1 次 等待 1 秒
2021-07-06 00:12:34 CHB 1736821?1625501552 第 1 次 获取到号码【1736821】GSD
2021-07-06 00:12:34 获取到号码【1736821】的GSD为【广东-佛山】
2021-07-06 00:12:55 GSD insert 第 1 次 等待 1 秒
2021-07-06 00:12:56 {"status":"ok","msg":"添加成功！201952"}
2021-07-06 00:12:56 下次操作: 2021-07-06 00:13:04

2021-07-06 00:13:04 开始第 25 次操作

2021-07-06 00:13:04 开始操作号码 【1736822】
2021-07-06 00:13:21 GSD getOne 第 1 次 等待 1 秒
2021-07-06 00:13:22 查询号码 【1736822】，返回信息 {"status":"bad","msg":""}
2021-07-06 00:13:22 查询号码 【1736822】，GSD为【""】
2021-07-06 00:13:22 bad
2021-07-06 00:13:24 CHB 1736822?1625501602 第 1 次 等待 1 秒
2021-07-06 00:13:25 CHB 1736822?1625501602 第 1 次 获取到号码【1736822】GSD
2021-07-06 00:13:25 获取到号码【1736822】的GSD为【广东-佛山】
2021-07-06 00:13:48 GSD insert 第 1 次 等待 1 秒
2021-07-06 00:13:49 {"status":"ok","msg":"添加成功！201958"}
2021-07-06 00:13:49 下次操作: 2021-07-06 00:14:03

2021-07-06 00:14:03 开始第 26 次操作

2021-07-06 00:14:03 开始操作号码 【1736823】
2021-07-06 00:14:08 GSD getOne 第 1 次 等待 1 秒
2021-07-06 00:14:09 查询号码 【1736823】，返回信息 {"status":"bad","msg":""}
2021-07-06 00:14:09 查询号码 【1736823】，GSD为【""】
2021-07-06 00:14:09 bad
2021-07-06 00:14:11 CHB 1736823?1625501649 第 1 次 等待 1 秒
2021-07-06 00:14:12 CHB 1736823?1625501649 第 1 次 获取到号码【1736823】GSD
2021-07-06 00:14:12 获取到号码【1736823】的GSD为【广东-佛山】
2021-07-06 00:14:31 GSD insert 第 1 次 等待 1 秒
2021-07-06 00:14:32 {"status":"ok","msg":"添加成功！201962"}
2021-07-06 00:14:32 下次操作: 2021-07-06 00:14:48

2021-07-06 00:14:48 开始第 27 次操作

2021-07-06 00:14:48 开始操作号码 【1736824】
2021-07-06 00:14:52 GSD getOne 第 1 次 等待 1 秒
2021-07-06 00:14:53 查询号码 【1736824】，返回信息 {"status":"bad","msg":""}
2021-07-06 00:14:53 查询号码 【1736824】，GSD为【""】
2021-07-06 00:14:53 bad
2021-07-06 00:14:54 CHB 1736824?1625501693 第 1 次 等待 1 秒
2021-07-06 00:14:55 CHB 1736824?1625501693 第 1 次 获取到号码【1736824】GSD
2021-07-06 00:14:56 获取到号码【1736824】的GSD为【广东-佛山】
2021-07-06 00:15:15 GSD insert 第 1 次 等待 1 秒
2021-07-06 00:15:16 {"status":"ok","msg":"添加成功！201966"}
2021-07-06 00:15:16 下次操作: 2021-07-06 00:15:34

2021-07-06 00:15:34 开始第 28 次操作

2021-07-06 00:15:34 开始操作号码 【1736825】
2021-07-06 00:15:40 GSD getOne 第 1 次 等待 1 秒
2021-07-06 00:15:41 查询号码 【1736825】，返回信息 {"status":"bad","msg":""}
2021-07-06 00:15:41 查询号码 【1736825】，GSD为【""】
2021-07-06 00:15:41 bad
2021-07-06 00:15:43 CHB 1736825?1625501741 第 1 次 等待 1 秒
2021-07-06 00:15:44 CHB 1736825?1625501741 第 1 次 获取到号码【1736825】GSD
2021-07-06 00:15:44 获取到号码【1736825】的GSD为【广东-珠海】
2021-07-06 00:16:03 GSD insert 第 1 次 等待 1 秒
2021-07-06 00:16:04 {"status":"ok","msg":"添加成功！201969"}
2021-07-06 00:16:04 下次操作: 2021-07-06 00:16:14

2021-07-06 00:16:14 开始第 29 次操作

2021-07-06 00:16:14 开始操作号码 【1736826】
2021-07-06 00:16:29 GSD getOne 第 1 次 等待 1 秒
2021-07-06 00:16:30 查询号码 【1736826】，返回信息 {"status":"bad","msg":""}
2021-07-06 00:16:30 查询号码 【1736826】，GSD为【""】
2021-07-06 00:16:30 bad
2021-07-06 00:16:32 CHB 1736826?1625501790 第 1 次 等待 1 秒
2021-07-06 00:16:33 CHB 1736826?1625501790 第 1 次 获取到号码【1736826】GSD
2021-07-06 00:16:33 获取到号码【1736826】的GSD为【广东-珠海】
2021-07-06 00:16:53 GSD insert 第 1 次 等待 1 秒
2021-07-06 00:16:54 {"status":"ok","msg":"添加成功！201976"}
2021-07-06 00:16:54 下次操作: 2021-07-06 00:17:01

2021-07-06 00:17:01 开始第 30 次操作

2021-07-06 00:17:01 开始操作号码 【1736827】
2021-07-06 00:17:21 GSD getOne 第 1 次 等待 1 秒
2021-07-06 00:17:22 查询号码 【1736827】，返回信息 {"status":"bad","msg":""}
2021-07-06 00:17:22 查询号码 【1736827】，GSD为【""】
2021-07-06 00:17:22 bad
2021-07-06 00:22:22 CHB 1736827?1625501842 第 1 次 等待 1 秒
2021-07-06 00:22:23 CHB 1736827?1625501842 第 1 次 未获取到 等待 8 秒 下次操作: 2021-07-06 00:22:31
2021-07-06 00:22:33 CHB 1736827?1625502151 第 2 次 等待 1 秒
2021-07-06 00:22:34 CHB 1736827?1625502151 第 2 次 获取到号码【1736827】GSD
2021-07-06 00:22:34 获取到号码【1736827】的GSD为【广东-珠海】
2021-07-06 00:22:38 GSD insert 第 1 次 等待 1 秒
2021-07-06 00:22:39 {"status":"ok","msg":"添加成功！201990"}

2021-07-06 01:34:10 开始第 1 次操作

2021-07-06 01:34:10 开始操作号码 【1736828】
2021-07-06 01:34:15 GSD getOne 第 1 次 等待 1 秒
2021-07-06 01:34:16 查询号码 【1736828】，返回信息 {"status":"bad","msg":""}
2021-07-06 01:34:16 查询号码 【1736828】，GSD为【""】
2021-07-06 01:34:16 bad
2021-07-06 01:34:18 CHB 1736828?1625506456 第 1 次 等待 1 秒
2021-07-06 01:34:19 CHB 1736828?1625506456 第 1 次 获取到号码【1736828】GSD
2021-07-06 01:34:19 获取到号码【1736828】的GSD为【广东-珠海】
2021-07-06 01:34:28 GSD insert 第 1 次 等待 1 秒
2021-07-06 01:34:29 {"status":"ok","msg":"添加成功！202155"}
2021-07-06 01:34:29 下次操作: 2021-07-06 01:34:35

2021-07-06 01:34:35 开始第 2 次操作

2021-07-06 01:34:35 开始操作号码 【1736829】
2021-07-06 01:34:40 GSD getOne 第 1 次 等待 1 秒
2021-07-06 01:34:41 查询号码 【1736829】，返回信息 {"status":"bad","msg":""}
2021-07-06 01:34:42 查询号码 【1736829】，GSD为【""】
2021-07-06 01:34:42 bad
2021-07-06 01:34:43 CHB 1736829?1625506482 第 1 次 等待 1 秒
2021-07-06 01:34:44 CHB 1736829?1625506482 第 1 次 获取到号码【1736829】GSD
2021-07-06 01:34:44 获取到号码【1736829】的GSD为【广东-珠海】
2021-07-06 01:34:48 GSD insert 第 1 次 等待 1 秒
2021-07-06 01:34:49 {"status":"ok","msg":"添加成功！202157"}
2021-07-06 01:34:49 下次操作: 2021-07-06 01:35:03

2021-07-06 01:35:03 开始第 3 次操作

2021-07-06 01:35:03 开始操作号码 【1736830】
2021-07-06 01:35:07 GSD getOne 第 1 次 等待 1 秒
2021-07-06 01:35:08 查询号码 【1736830】，返回信息 {"status":"bad","msg":""}
2021-07-06 01:35:08 查询号码 【1736830】，GSD为【""】
2021-07-06 01:35:08 bad
2021-07-06 01:35:14 CHB 1736830?1625506508 第 1 次 等待 1 秒
2021-07-06 01:35:15 CHB 1736830?1625506508 第 1 次 获取到号码【1736830】GSD
2021-07-06 01:35:15 获取到号码【1736830】的GSD为【江苏-徐州】
2021-07-06 01:35:21 GSD insert 第 1 次 等待 1 秒
2021-07-06 01:35:22 {"status":"ok","msg":"添加成功！202165"}
2021-07-06 01:35:22 下次操作: 2021-07-06 01:35:31

2021-07-06 01:35:31 开始第 4 次操作

2021-07-06 01:35:31 开始操作号码 【1736831】
2021-07-06 01:35:35 GSD getOne 第 1 次 等待 1 秒
2021-07-06 01:35:36 查询号码 【1736831】，返回信息 {"status":"bad","msg":""}
2021-07-06 01:35:36 查询号码 【1736831】，GSD为【""】
2021-07-06 01:35:36 bad
2021-07-06 01:35:37 CHB 1736831?1625506536 第 1 次 等待 1 秒
2021-07-06 01:35:38 CHB 1736831?1625506536 第 1 次 获取到号码【1736831】GSD
2021-07-06 01:35:38 获取到号码【1736831】的GSD为【江苏-连云港】
2021-07-06 01:35:42 GSD insert 第 1 次 等待 1 秒
2021-07-06 01:35:43 {"status":"ok","msg":"添加成功！202169"}
2021-07-06 01:35:43 下次操作: 2021-07-06 01:35:59

2021-07-06 01:35:59 开始第 5 次操作

2021-07-06 01:35:59 开始操作号码 【1736832】
2021-07-06 01:36:03 GSD getOne 第 1 次 等待 1 秒
2021-07-06 01:36:04 查询号码 【1736832】，返回信息 {"status":"bad","msg":""}
2021-07-06 01:36:04 查询号码 【1736832】，GSD为【""】
2021-07-06 01:36:04 bad
2021-07-06 01:36:06 CHB 1736832?1625506564 第 1 次 等待 1 秒
2021-07-06 01:36:07 CHB 1736832?1625506564 第 1 次 获取到号码【1736832】GSD
2021-07-06 01:36:07 获取到号码【1736832】的GSD为【江苏-淮安】
2021-07-06 01:36:11 GSD insert 第 1 次 等待 1 秒
2021-07-06 01:36:12 {"status":"ok","msg":"添加成功！202176"}
2021-07-06 01:36:12 下次操作: 2021-07-06 01:36:18

2021-07-06 01:36:18 开始第 6 次操作

2021-07-06 01:36:18 开始操作号码 【1736833】
2021-07-06 01:36:22 GSD getOne 第 1 次 等待 1 秒
2021-07-06 01:36:23 查询号码 【1736833】，返回信息 {"status":"bad","msg":""}
2021-07-06 01:36:23 查询号码 【1736833】，GSD为【""】
2021-07-06 01:36:23 bad
2021-07-06 01:36:25 CHB 1736833?1625506583 第 1 次 等待 1 秒
2021-07-06 01:36:26 CHB 1736833?1625506583 第 1 次 获取到号码【1736833】GSD
2021-07-06 01:36:26 获取到号码【1736833】的GSD为【江苏-南京】
2021-07-06 01:36:33 GSD insert 第 1 次 等待 1 秒
2021-07-06 01:36:34 {"status":"ok","msg":"添加成功！202179"}
2021-07-06 01:36:34 下次操作: 2021-07-06 01:36:46

2021-07-06 01:36:46 开始第 7 次操作

2021-07-06 01:36:46 开始操作号码 【1736834】
2021-07-06 01:36:49 GSD getOne 第 1 次 等待 1 秒
2021-07-06 01:36:50 查询号码 【1736834】，返回信息 {"status":"bad","msg":""}
2021-07-06 01:36:51 查询号码 【1736834】，GSD为【""】
2021-07-06 01:36:51 bad
2021-07-06 01:36:57 CHB 1736834?1625506611 第 1 次 等待 1 秒
2021-07-06 01:36:58 CHB 1736834?1625506611 第 1 次 获取到号码【1736834】GSD
2021-07-06 01:36:58 获取到号码【1736834】的GSD为【江苏-苏州】
2021-07-06 01:37:03 GSD insert 第 1 次 等待 1 秒
2021-07-06 01:37:04 {"status":"ok","msg":"添加成功！202186"}
2021-07-06 01:37:04 下次操作: 2021-07-06 01:37:12

2021-07-06 01:37:12 开始第 8 次操作

2021-07-06 01:37:12 开始操作号码 【1736835】
2021-07-06 01:37:16 GSD getOne 第 1 次 等待 1 秒
2021-07-06 01:37:17 查询号码 【1736835】，返回信息 {"status":"bad","msg":""}
2021-07-06 01:37:17 查询号码 【1736835】，GSD为【""】
2021-07-06 01:37:17 bad
2021-07-06 01:37:18 CHB 1736835?1625506637 第 1 次 等待 1 秒
2021-07-06 01:37:19 CHB 1736835?1625506637 第 1 次 获取到号码【1736835】GSD
2021-07-06 01:37:19 获取到号码【1736835】的GSD为【江苏-无锡】
2021-07-06 01:37:23 GSD insert 第 1 次 等待 1 秒
2021-07-06 01:37:24 {"status":"ok","msg":"添加成功！202190"}
2021-07-06 01:37:24 下次操作: 2021-07-06 01:37:39

2021-07-06 01:37:39 开始第 9 次操作

2021-07-06 01:37:39 开始操作号码 【1736836】
2021-07-06 01:37:43 GSD getOne 第 1 次 等待 1 秒
2021-07-06 01:37:44 查询号码 【1736836】，返回信息 {"status":"bad","msg":""}
2021-07-06 01:37:44 查询号码 【1736836】，GSD为【""】
2021-07-06 01:37:44 bad
2021-07-06 01:37:46 CHB 1736836?1625506664 第 1 次 等待 1 秒
2021-07-06 01:37:47 CHB 1736836?1625506664 第 1 次 获取到号码【1736836】GSD
2021-07-06 01:37:47 获取到号码【1736836】的GSD为【江苏-常州】
2021-07-06 01:37:51 GSD insert 第 1 次 等待 1 秒
2021-07-06 01:37:52 {"status":"ok","msg":"添加成功！202197"}
2021-07-06 01:37:52 下次操作: 2021-07-06 01:38:06

2021-07-06 01:38:06 开始第 10 次操作

2021-07-06 01:38:06 开始操作号码 【1736837】
2021-07-06 01:38:10 GSD getOne 第 1 次 等待 1 秒
2021-07-06 01:38:11 查询号码 【1736837】，返回信息 {"status":"bad","msg":""}
2021-07-06 01:38:11 查询号码 【1736837】，GSD为【""】
2021-07-06 01:38:11 bad
2021-07-06 01:38:12 CHB 1736837?1625506691 第 1 次 等待 1 秒
2021-07-06 01:38:13 CHB 1736837?1625506691 第 1 次 获取到号码【1736837】GSD
2021-07-06 01:38:14 获取到号码【1736837】的GSD为【江苏-南通】
2021-07-06 01:38:19 GSD insert 第 1 次 等待 1 秒
2021-07-06 01:38:20 {"status":"ok","msg":"添加成功！202201"}
2021-07-06 01:38:20 下次操作: 2021-07-06 01:38:32

2021-07-06 01:38:32 开始第 11 次操作

2021-07-06 01:38:32 开始操作号码 【1736838】
2021-07-06 01:38:36 GSD getOne 第 1 次 等待 1 秒
2021-07-06 01:38:37 查询号码 【1736838】，返回信息 {"status":"bad","msg":""}
2021-07-06 01:38:37 查询号码 【1736838】，GSD为【""】
2021-07-06 01:38:37 bad
2021-07-06 01:38:39 CHB 1736838?1625506717 第 1 次 等待 1 秒
2021-07-06 01:38:40 CHB 1736838?1625506717 第 1 次 获取到号码【1736838】GSD
2021-07-06 01:38:40 获取到号码【1736838】的GSD为【江苏-扬州】
2021-07-06 01:38:44 GSD insert 第 1 次 等待 1 秒
2021-07-06 01:38:45 {"status":"ok","msg":"添加成功！202208"}
2021-07-06 01:38:45 下次操作: 2021-07-06 01:38:52

2021-07-06 01:38:52 开始第 12 次操作

2021-07-06 01:38:52 开始操作号码 【1736839】
2021-07-06 01:38:56 GSD getOne 第 1 次 等待 1 秒
2021-07-06 01:38:57 查询号码 【1736839】，返回信息 {"status":"bad","msg":""}
2021-07-06 01:38:57 查询号码 【1736839】，GSD为【""】
2021-07-06 01:38:57 bad
2021-07-06 01:38:59 CHB 1736839?1625506737 第 1 次 等待 1 秒
2021-07-06 01:39:00 CHB 1736839?1625506737 第 1 次 获取到号码【1736839】GSD
2021-07-06 01:39:00 获取到号码【1736839】的GSD为【江苏-泰州】
2021-07-06 01:39:03 GSD insert 第 1 次 等待 1 秒
2021-07-06 01:39:04 {"status":"ok","msg":"添加成功！202212"}
2021-07-06 01:39:04 下次操作: 2021-07-06 01:39:10

2021-07-06 01:39:10 开始第 13 次操作

2021-07-06 01:39:10 开始操作号码 【1736840】
2021-07-06 01:39:15 GSD getOne 第 1 次 等待 1 秒
2021-07-06 01:39:16 查询号码 【1736840】，返回信息 {"status":"bad","msg":""}
2021-07-06 01:39:16 查询号码 【1736840】，GSD为【""】
2021-07-06 01:39:16 bad
2021-07-06 01:39:18 CHB 1736840?1625506756 第 1 次 等待 1 秒
2021-07-06 01:39:19 CHB 1736840?1625506756 第 1 次 获取到号码【1736840】GSD
2021-07-06 01:39:19 获取到号码【1736840】的GSD为【江苏-镇江】
2021-07-06 01:39:22 GSD insert 第 1 次 等待 1 秒
2021-07-06 01:39:23 {"status":"ok","msg":"添加成功！202214"}
2021-07-06 01:39:23 下次操作: 2021-07-06 01:39:41

2021-07-06 01:39:41 开始第 14 次操作

2021-07-06 01:39:41 开始操作号码 【1736841】
2021-07-06 01:39:45 GSD getOne 第 1 次 等待 1 秒
2021-07-06 01:39:46 查询号码 【1736841】，返回信息 {"status":"bad","msg":""}
2021-07-06 01:39:47 查询号码 【1736841】，GSD为【""】
2021-07-06 01:39:47 bad
2021-07-06 01:39:48 CHB 1736841?1625506787 第 1 次 等待 1 秒
2021-07-06 01:39:49 CHB 1736841?1625506787 第 1 次 获取到号码【1736841】GSD
2021-07-06 01:39:49 获取到号码【1736841】的GSD为【江苏-扬州】
2021-07-06 01:39:53 GSD insert 第 1 次 等待 1 秒
2021-07-06 01:39:54 {"status":"ok","msg":"添加成功！202221"}
2021-07-06 01:39:54 下次操作: 2021-07-06 01:40:06

2021-07-06 01:40:06 开始第 15 次操作

2021-07-06 01:40:06 开始操作号码 【1736842】
2021-07-06 01:40:10 GSD getOne 第 1 次 等待 1 秒
2021-07-06 01:40:11 查询号码 【1736842】，返回信息 {"status":"bad","msg":""}
2021-07-06 01:40:11 查询号码 【1736842】，GSD为【""】
2021-07-06 01:40:11 bad
2021-07-06 01:40:13 CHB 1736842?1625506811 第 1 次 等待 1 秒
2021-07-06 01:40:14 CHB 1736842?1625506811 第 1 次 获取到号码【1736842】GSD
2021-07-06 01:40:14 获取到号码【1736842】的GSD为【江苏-扬州】
2021-07-06 01:40:17 GSD insert 第 1 次 等待 1 秒
2021-07-06 01:40:18 {"status":"ok","msg":"添加成功！202228"}
2021-07-06 01:40:18 下次操作: 2021-07-06 01:40:26

2021-07-06 01:40:26 开始第 16 次操作

2021-07-06 01:40:26 开始操作号码 【1736843】
2021-07-06 01:40:31 GSD getOne 第 1 次 等待 1 秒
2021-07-06 01:40:32 查询号码 【1736843】，返回信息 {"status":"bad","msg":""}
2021-07-06 01:40:32 查询号码 【1736843】，GSD为【""】
2021-07-06 01:40:32 bad
2021-07-06 01:40:34 CHB 1736843?1625506832 第 1 次 等待 1 秒
2021-07-06 01:40:35 CHB 1736843?1625506832 第 1 次 获取到号码【1736843】GSD
2021-07-06 01:40:35 获取到号码【1736843】的GSD为【江苏-镇江】
2021-07-06 01:40:39 GSD insert 第 1 次 等待 1 秒
2021-07-06 01:40:40 {"status":"ok","msg":"添加成功！202231"}
2021-07-06 01:40:40 下次操作: 2021-07-06 01:40:54

2021-07-06 01:40:54 开始第 17 次操作

2021-07-06 01:40:54 开始操作号码 【1736844】
2021-07-06 01:40:58 GSD getOne 第 1 次 等待 1 秒
2021-07-06 01:40:59 查询号码 【1736844】，返回信息 {"status":"bad","msg":""}
2021-07-06 01:40:59 查询号码 【1736844】，GSD为【""】
2021-07-06 01:40:59 bad
2021-07-06 01:41:01 CHB 1736844?1625506859 第 1 次 等待 1 秒
2021-07-06 01:41:02 CHB 1736844?1625506859 第 1 次 获取到号码【1736844】GSD
2021-07-06 01:41:02 获取到号码【1736844】的GSD为【江苏-徐州】
2021-07-06 01:41:06 GSD insert 第 1 次 等待 1 秒
2021-07-06 01:41:07 {"status":"ok","msg":"添加成功！202237"}
2021-07-06 01:41:07 下次操作: 2021-07-06 01:41:15

2021-07-06 01:41:15 开始第 18 次操作

2021-07-06 01:41:15 开始操作号码 【1736845】
2021-07-06 01:41:19 GSD getOne 第 1 次 等待 1 秒
2021-07-06 01:41:20 查询号码 【1736845】，返回信息 {"status":"bad","msg":""}
2021-07-06 01:41:20 查询号码 【1736845】，GSD为【""】
2021-07-06 01:41:20 bad
2021-07-06 01:41:21 CHB 1736845?1625506880 第 1 次 等待 1 秒
2021-07-06 01:41:22 CHB 1736845?1625506880 第 1 次 获取到号码【1736845】GSD
2021-07-06 01:41:23 获取到号码【1736845】的GSD为【江苏-南京】
2021-07-06 01:41:26 GSD insert 第 1 次 等待 1 秒
2021-07-06 01:41:27 {"status":"ok","msg":"添加成功！202241"}
2021-07-06 01:41:27 下次操作: 2021-07-06 01:41:41

2021-07-06 01:41:41 开始第 19 次操作

2021-07-06 01:41:41 开始操作号码 【1736846】
2021-07-06 01:41:45 GSD getOne 第 1 次 等待 1 秒
2021-07-06 01:41:46 查询号码 【1736846】，返回信息 {"status":"bad","msg":""}
2021-07-06 01:41:46 查询号码 【1736846】，GSD为【""】
2021-07-06 01:41:46 bad
2021-07-06 01:41:48 CHB 1736846?1625506906 第 1 次 等待 1 秒
2021-07-06 01:41:49 CHB 1736846?1625506906 第 1 次 获取到号码【1736846】GSD
2021-07-06 01:41:49 获取到号码【1736846】的GSD为【江苏-南京】
2021-07-06 01:41:53 GSD insert 第 1 次 等待 1 秒
2021-07-06 01:41:54 {"status":"ok","msg":"添加成功！202246"}
2021-07-06 01:41:54 下次操作: 2021-07-06 01:42:06

2021-07-06 01:42:06 开始第 20 次操作

2021-07-06 01:42:06 开始操作号码 【1736847】
2021-07-06 01:42:10 GSD getOne 第 1 次 等待 1 秒
2021-07-06 01:42:11 查询号码 【1736847】，返回信息 {"status":"bad","msg":""}
2021-07-06 01:42:11 查询号码 【1736847】，GSD为【""】
2021-07-06 01:42:11 bad
2021-07-06 01:42:13 CHB 1736847?1625506931 第 1 次 等待 1 秒
2021-07-06 01:42:14 CHB 1736847?1625506931 第 1 次 获取到号码【1736847】GSD
2021-07-06 01:42:14 获取到号码【1736847】的GSD为【江苏-南京】
2021-07-06 01:42:17 GSD insert 第 1 次 等待 1 秒
2021-07-06 01:42:18 {"status":"ok","msg":"添加成功！202252"}
2021-07-06 01:42:18 下次操作: 2021-07-06 01:42:24

2021-07-06 01:42:24 开始第 21 次操作

2021-07-06 01:42:25 开始操作号码 【1736848】
2021-07-06 01:42:28 GSD getOne 第 1 次 等待 1 秒
2021-07-06 01:42:29 查询号码 【1736848】，返回信息 {"status":"bad","msg":""}
2021-07-06 01:42:30 查询号码 【1736848】，GSD为【""】
2021-07-06 01:42:30 bad
2021-07-06 01:42:31 CHB 1736848?1625506950 第 1 次 等待 1 秒
2021-07-06 01:42:32 CHB 1736848?1625506950 第 1 次 获取到号码【1736848】GSD
2021-07-06 01:42:32 获取到号码【1736848】的GSD为【江苏-南京】
2021-07-06 01:42:36 GSD insert 第 1 次 等待 1 秒
2021-07-06 01:42:37 {"status":"ok","msg":"添加成功！202256"}
2021-07-06 01:42:37 下次操作: 2021-07-06 01:42:43

2021-07-06 01:42:43 开始第 22 次操作

2021-07-06 01:42:43 开始操作号码 【1736849】
2021-07-06 01:42:47 GSD getOne 第 1 次 等待 1 秒
2021-07-06 01:42:48 查询号码 【1736849】，返回信息 {"status":"bad","msg":""}
2021-07-06 01:42:48 查询号码 【1736849】，GSD为【""】
2021-07-06 01:42:48 bad
2021-07-06 01:42:50 CHB 1736849?1625506968 第 1 次 等待 1 秒
2021-07-06 01:42:51 CHB 1736849?1625506968 第 1 次 获取到号码【1736849】GSD
2021-07-06 01:42:51 获取到号码【1736849】的GSD为【江苏-徐州】
2021-07-06 01:42:54 GSD insert 第 1 次 等待 1 秒
2021-07-06 01:42:55 {"status":"ok","msg":"添加成功！202261"}
2021-07-06 01:42:55 下次操作: 2021-07-06 01:43:10

2021-07-06 01:43:11 开始第 23 次操作

2021-07-06 01:43:11 开始操作号码 【1736850】
2021-07-06 01:43:14 GSD getOne 第 1 次 等待 1 秒
2021-07-06 01:43:15 查询号码 【1736850】，返回信息 {"status":"bad","msg":""}
2021-07-06 01:43:15 查询号码 【1736850】，GSD为【""】
2021-07-06 01:43:15 bad
2021-07-06 01:43:17 CHB 1736850?1625506995 第 1 次 等待 1 秒
2021-07-06 01:43:18 CHB 1736850?1625506995 第 1 次 获取到号码【1736850】GSD
2021-07-06 01:43:18 获取到号码【1736850】的GSD为【江苏-镇江】
2021-07-06 01:43:22 GSD insert 第 1 次 等待 1 秒
2021-07-06 01:43:23 {"status":"ok","msg":"添加成功！202269"}
2021-07-06 01:43:23 下次操作: 2021-07-06 01:43:29

2021-07-06 01:43:29 开始第 24 次操作

2021-07-06 01:43:29 开始操作号码 【1736851】
2021-07-06 01:43:33 GSD getOne 第 1 次 等待 1 秒
2021-07-06 01:43:34 查询号码 【1736851】，返回信息 {"status":"bad","msg":""}
2021-07-06 01:43:34 查询号码 【1736851】，GSD为【""】
2021-07-06 01:43:34 bad
2021-07-06 01:43:36 CHB 1736851?1625507014 第 1 次 等待 1 秒
2021-07-06 01:43:37 CHB 1736851?1625507014 第 1 次 获取到号码【1736851】GSD
2021-07-06 01:43:37 获取到号码【1736851】的GSD为【江苏-徐州】
2021-07-06 01:43:41 GSD insert 第 1 次 等待 1 秒
2021-07-06 01:43:42 {"status":"ok","msg":"添加成功！202275"}
2021-07-06 01:43:42 下次操作: 2021-07-06 01:43:59

2021-07-06 01:43:59 开始第 25 次操作

2021-07-06 01:43:59 开始操作号码 【1736852】
2021-07-06 01:44:03 GSD getOne 第 1 次 等待 1 秒
2021-07-06 01:44:04 查询号码 【1736852】，返回信息 {"status":"bad","msg":""}
2021-07-06 01:44:04 查询号码 【1736852】，GSD为【""】
2021-07-06 01:44:04 bad
2021-07-06 01:44:06 CHB 1736852?1625507044 第 1 次 等待 1 秒
2021-07-06 01:44:07 CHB 1736852?1625507044 第 1 次 获取到号码【1736852】GSD
2021-07-06 01:44:07 获取到号码【1736852】的GSD为【江苏-宿迁】
2021-07-06 01:44:11 GSD insert 第 1 次 等待 1 秒
2021-07-06 01:44:12 {"status":"ok","msg":"添加成功！202283"}
2021-07-06 01:44:12 下次操作: 2021-07-06 01:44:29

2021-07-06 01:44:29 开始第 26 次操作

2021-07-06 01:44:29 开始操作号码 【1736853】
2021-07-06 01:44:33 GSD getOne 第 1 次 等待 1 秒
2021-07-06 01:44:34 查询号码 【1736853】，返回信息 {"status":"bad","msg":""}
2021-07-06 01:44:34 查询号码 【1736853】，GSD为【""】
2021-07-06 01:44:34 bad
2021-07-06 01:44:36 CHB 1736853?1625507074 第 1 次 等待 1 秒
2021-07-06 01:44:37 CHB 1736853?1625507074 第 1 次 获取到号码【1736853】GSD
2021-07-06 01:44:37 获取到号码【1736853】的GSD为【江苏-淮安】
2021-07-06 01:44:40 GSD insert 第 1 次 等待 1 秒
2021-07-06 01:44:41 {"status":"ok","msg":"添加成功！202290"}
2021-07-06 01:44:41 下次操作: 2021-07-06 01:44:58

2021-07-06 01:44:58 开始第 27 次操作

2021-07-06 01:44:58 开始操作号码 【1736854】
2021-07-06 01:45:02 GSD getOne 第 1 次 等待 1 秒
2021-07-06 01:45:03 查询号码 【1736854】，返回信息 {"status":"bad","msg":""}
2021-07-06 01:45:03 查询号码 【1736854】，GSD为【""】
2021-07-06 01:45:03 bad
2021-07-06 01:45:09 CHB 1736854?1625507103 第 1 次 等待 1 秒
2021-07-06 01:45:10 CHB 1736854?1625507103 第 1 次 获取到号码【1736854】GSD
2021-07-06 01:45:10 获取到号码【1736854】的GSD为【江苏-南京】
2021-07-06 01:45:14 GSD insert 第 1 次 等待 1 秒
2021-07-06 01:45:15 {"status":"ok","msg":"添加成功！202297"}
2021-07-06 01:45:15 下次操作: 2021-07-06 01:45:32

2021-07-06 01:45:32 开始第 28 次操作

2021-07-06 01:45:32 开始操作号码 【1736855】
2021-07-06 01:45:36 GSD getOne 第 1 次 等待 1 秒
2021-07-06 01:45:37 查询号码 【1736855】，返回信息 {"status":"bad","msg":""}
2021-07-06 01:45:37 查询号码 【1736855】，GSD为【""】
2021-07-06 01:45:37 bad
2021-07-06 01:45:39 CHB 1736855?1625507137 第 1 次 等待 1 秒
2021-07-06 01:45:40 CHB 1736855?1625507137 第 1 次 获取到号码【1736855】GSD
2021-07-06 01:45:40 获取到号码【1736855】的GSD为【江苏-无锡】
2021-07-06 01:45:44 GSD insert 第 1 次 等待 1 秒
2021-07-06 01:45:45 {"status":"ok","msg":"添加成功！202305"}
2021-07-06 01:45:45 下次操作: 2021-07-06 01:45:55

2021-07-06 01:45:55 开始第 29 次操作

2021-07-06 01:45:55 开始操作号码 【1736856】
2021-07-06 01:45:58 GSD getOne 第 1 次 等待 1 秒
2021-07-06 01:45:59 查询号码 【1736856】，返回信息 {"status":"bad","msg":""}
2021-07-06 01:46:00 查询号码 【1736856】，GSD为【""】
2021-07-06 01:46:00 bad
2021-07-06 01:46:01 CHB 1736856?1625507160 第 1 次 等待 1 秒
2021-07-06 01:46:02 CHB 1736856?1625507160 第 1 次 获取到号码【1736856】GSD
2021-07-06 01:46:02 获取到号码【1736856】的GSD为【江苏-苏州】
2021-07-06 01:46:06 GSD insert 第 1 次 等待 1 秒
2021-07-06 01:46:07 {"status":"ok","msg":"添加成功！202310"}
2021-07-06 01:46:07 下次操作: 2021-07-06 01:46:14

2021-07-06 01:46:14 开始第 30 次操作

2021-07-06 01:46:14 开始操作号码 【1736857】
2021-07-06 01:46:18 GSD getOne 第 1 次 等待 1 秒
2021-07-06 01:46:19 查询号码 【1736857】，返回信息 {"status":"bad","msg":""}
2021-07-06 01:46:19 查询号码 【1736857】，GSD为【""】
2021-07-06 01:46:19 bad
2021-07-06 01:46:21 CHB 1736857?1625507179 第 1 次 等待 1 秒
2021-07-06 01:46:22 CHB 1736857?1625507179 第 1 次 获取到号码【1736857】GSD
2021-07-06 01:46:22 获取到号码【1736857】的GSD为【江苏-无锡】
2021-07-06 01:46:26 GSD insert 第 1 次 等待 1 秒
2021-07-06 01:46:27 {"status":"ok","msg":"添加成功！202315"}

