2023-11-04 00:10:04 开始第 6889 次操作

2023-11-04 00:10:04 开始操作号码 【1996798】
2023-11-04 00:10:08 GSD getOne 第 1 次 等待 3 秒
2023-11-04 00:10:11 查询号码 【1996798】，返回信息 {"status":"ok","msg":"湖南-邵阳","gid":"519648","time_insert":"2021-08-20 13:54"}
2023-11-04 00:10:11 查询号码 【1996798】，GSD为【"湖南-邵阳"】

2023-11-04 00:10:13 开始第 6890 次操作

2023-11-04 00:10:13 开始操作号码 【1996799】
2023-11-04 00:10:15 GSD getOne 第 1 次 等待 3 秒
2023-11-04 00:10:18 查询号码 【1996799】，返回信息 {"status":"ok","msg":"湖南-邵阳","gid":"519657","time_insert":"2021-08-20 14:01"}
2023-11-04 00:10:18 查询号码 【1996799】，GSD为【"湖南-邵阳"】

2023-11-04 00:10:19 开始第 6891 次操作

2023-11-04 00:10:19 开始操作号码 【1996800】
2023-11-04 00:10:22 GSD getOne 第 1 次 等待 3 秒
2023-11-04 00:10:25 查询号码 【1996800】，返回信息 {"status":"ok","msg":"广西-南宁","gid":"519212","time_insert":"2021-08-20 08:47"}
2023-11-04 00:10:25 查询号码 【1996800】，GSD为【"广西-南宁"】

2023-11-04 00:10:26 开始第 6892 次操作

2023-11-04 00:10:26 开始操作号码 【1996801】
2023-11-04 00:10:38 GSD getOne 第 1 次 等待 3 秒
2023-11-04 00:10:41 查询号码 【1996801】，返回信息 {"status":"ok","msg":"广西-南宁","gid":"519222","time_insert":"2021-08-20 08:58"}
2023-11-04 00:10:41 查询号码 【1996801】，GSD为【"广西-南宁"】

2023-11-04 00:36:25 开始第 6893 次操作

2023-11-04 00:36:25 开始操作号码 【1996802】
2023-11-04 00:36:28 GSD getOne 第 1 次 等待 3 秒
2023-11-04 00:36:31 查询号码 【1996802】，返回信息 {"status":"ok","msg":"广西-南宁","gid":"519226","time_insert":"2021-08-20 08:59"}
2023-11-04 00:36:31 查询号码 【1996802】，GSD为【"广西-南宁"】

2023-11-04 00:36:32 开始第 6894 次操作

2023-11-04 00:36:32 开始操作号码 【1996803】
2023-11-04 00:36:35 GSD getOne 第 1 次 等待 3 秒
2023-11-04 00:36:38 查询号码 【1996803】，返回信息 {"status":"ok","msg":"广西-南宁","gid":"519241","time_insert":"2021-08-20 09:08"}
2023-11-04 00:36:38 查询号码 【1996803】，GSD为【"广西-南宁"】

2023-11-04 00:36:39 开始第 6895 次操作

2023-11-04 00:36:39 开始操作号码 【1996804】
2023-11-04 00:36:42 GSD getOne 第 1 次 等待 3 秒
2023-11-04 00:36:45 查询号码 【1996804】，返回信息 {"status":"ok","msg":"广西-南宁","gid":"519248","time_insert":"2021-08-20 09:12"}
2023-11-04 00:36:45 查询号码 【1996804】，GSD为【"广西-南宁"】

2023-11-04 00:36:46 开始第 6896 次操作

2023-11-04 00:36:46 开始操作号码 【1996805】
2023-11-04 00:36:49 GSD getOne 第 1 次 等待 3 秒
2023-11-04 00:36:52 查询号码 【1996805】，返回信息 {"status":"ok","msg":"广西-南宁","gid":"519257","time_insert":"2021-08-20 09:19"}
2023-11-04 00:36:52 查询号码 【1996805】，GSD为【"广西-南宁"】

2023-11-04 01:07:13 开始第 6897 次操作

2023-11-04 01:07:13 开始操作号码 【1996806】
2023-11-04 01:07:16 GSD getOne 第 1 次 等待 3 秒
2023-11-04 01:07:19 查询号码 【1996806】，返回信息 {"status":"ok","msg":"广西-南宁","gid":"519265","time_insert":"2021-08-20 09:23"}
2023-11-04 01:07:19 查询号码 【1996806】，GSD为【"广西-南宁"】

2023-11-04 01:07:20 开始第 6898 次操作

2023-11-04 01:07:20 开始操作号码 【1996807】
2023-11-04 01:07:23 GSD getOne 第 1 次 等待 3 秒
2023-11-04 01:07:26 查询号码 【1996807】，返回信息 {"status":"ok","msg":"广西-南宁","gid":"519274","time_insert":"2021-08-20 09:29"}
2023-11-04 01:07:26 查询号码 【1996807】，GSD为【"广西-南宁"】

2023-11-04 01:07:27 开始第 6899 次操作

2023-11-04 01:07:27 开始操作号码 【1996808】
2023-11-04 01:07:31 GSD getOne 第 1 次 等待 3 秒
2023-11-04 01:07:34 查询号码 【1996808】，返回信息 {"status":"ok","msg":"广西-南宁","gid":"519287","time_insert":"2021-08-20 09:40"}
2023-11-04 01:07:34 查询号码 【1996808】，GSD为【"广西-南宁"】

2023-11-04 01:07:35 开始第 6900 次操作

2023-11-04 01:07:35 开始操作号码 【1996809】
2023-11-04 01:07:38 GSD getOne 第 1 次 等待 3 秒
2023-11-04 01:07:41 查询号码 【1996809】，返回信息 {"status":"ok","msg":"广西-南宁","gid":"519302","time_insert":"2021-08-20 09:51"}
2023-11-04 01:07:41 查询号码 【1996809】，GSD为【"广西-南宁"】

