2024-03-02 00:09:17 开始第 6773 次操作

2024-03-02 00:09:17 开始操作号码 【1786682】
2024-03-02 00:09:30 GSD getOne 第 1 次 等待 3 秒
2024-03-02 00:09:33 查询号码 【1786682】，返回信息 {"status":"ok","msg":"山东-青岛","gid":"288833","time_insert":"2021-07-16 01:22"}
2024-03-02 00:09:33 查询号码 【1786682】，GSD为【"山东-青岛"】

2024-03-02 00:09:34 开始第 6774 次操作

2024-03-02 00:09:34 开始操作号码 【1786683】
2024-03-02 00:09:40 GSD getOne 第 1 次 等待 3 秒
2024-03-02 00:09:43 查询号码 【1786683】，返回信息 {"status":"ok","msg":"山东-青岛","gid":"288820","time_insert":"2021-07-16 01:21"}
2024-03-02 00:09:43 查询号码 【1786683】，GSD为【"山东-青岛"】

2024-03-02 00:09:44 开始第 6775 次操作

2024-03-02 00:09:44 开始操作号码 【1786684】
2024-03-02 00:09:49 GSD getOne 第 1 次 等待 3 秒
2024-03-02 00:09:52 查询号码 【1786684】，返回信息 {"status":"ok","msg":"山东-青岛","gid":"288816","time_insert":"2021-07-16 01:20"}
2024-03-02 00:09:52 查询号码 【1786684】，GSD为【"山东-青岛"】

2024-03-02 00:09:53 开始第 6776 次操作

2024-03-02 00:09:53 开始操作号码 【1786685】
2024-03-02 00:09:58 GSD getOne 第 1 次 等待 3 秒
2024-03-02 00:10:01 查询号码 【1786685】，返回信息 {"status":"ok","msg":"山东-青岛","gid":"288811","time_insert":"2021-07-16 01:20"}
2024-03-02 00:10:01 查询号码 【1786685】，GSD为【"山东-青岛"】

2024-03-02 00:33:58 开始第 6777 次操作

2024-03-02 00:33:58 开始操作号码 【1786686】
2024-03-02 00:34:06 GSD getOne 第 1 次 等待 3 秒
2024-03-02 00:34:09 查询号码 【1786686】，返回信息 {"status":"ok","msg":"山东-青岛","gid":"288802","time_insert":"2021-07-16 01:19"}
2024-03-02 00:34:10 查询号码 【1786686】，GSD为【"山东-青岛"】

2024-03-02 00:34:11 开始第 6778 次操作

2024-03-02 00:34:11 开始操作号码 【1786687】
2024-03-02 00:34:18 GSD getOne 第 1 次 等待 3 秒
2024-03-02 00:34:21 查询号码 【1786687】，返回信息 {"status":"ok","msg":"山东-青岛","gid":"288796","time_insert":"2021-07-16 01:18"}
2024-03-02 00:34:21 查询号码 【1786687】，GSD为【"山东-青岛"】

2024-03-02 00:34:22 开始第 6779 次操作

2024-03-02 00:34:22 开始操作号码 【1786688】
2024-03-02 00:34:30 GSD getOne 第 1 次 等待 3 秒
2024-03-02 00:34:33 查询号码 【1786688】，返回信息 {"status":"ok","msg":"山东-青岛","gid":"288786","time_insert":"2021-07-16 01:17"}
2024-03-02 00:34:33 查询号码 【1786688】，GSD为【"山东-青岛"】

2024-03-02 00:34:34 开始第 6780 次操作

2024-03-02 00:34:34 开始操作号码 【1786689】
2024-03-02 00:34:41 GSD getOne 第 1 次 等待 3 秒
2024-03-02 00:34:44 查询号码 【1786689】，返回信息 {"status":"ok","msg":"山东-枣庄","gid":"288779","time_insert":"2021-07-16 01:17"}
2024-03-02 00:34:44 查询号码 【1786689】，GSD为【"山东-枣庄"】

2024-03-02 01:10:31 开始第 6781 次操作

2024-03-02 01:10:31 开始操作号码 【1786690】
2024-03-02 01:10:35 GSD getOne 第 1 次 等待 3 秒
2024-03-02 01:10:38 查询号码 【1786690】，返回信息 {"status":"ok","msg":"山东-德州","gid":"288771","time_insert":"2021-07-16 01:16"}
2024-03-02 01:10:38 查询号码 【1786690】，GSD为【"山东-德州"】

2024-03-02 01:10:39 开始第 6782 次操作

2024-03-02 01:10:39 开始操作号码 【1786691】
2024-03-02 01:10:43 GSD getOne 第 1 次 等待 3 秒
2024-03-02 01:10:46 查询号码 【1786691】，返回信息 {"status":"ok","msg":"山东-德州","gid":"288763","time_insert":"2021-07-16 01:15"}
2024-03-02 01:10:46 查询号码 【1786691】，GSD为【"山东-德州"】

2024-03-02 01:10:47 开始第 6783 次操作

2024-03-02 01:10:47 开始操作号码 【1786692】
2024-03-02 01:10:55 GSD getOne 第 1 次 等待 3 秒
2024-03-02 01:10:58 查询号码 【1786692】，返回信息 {"status":"ok","msg":"山东-德州","gid":"288755","time_insert":"2021-07-16 01:15"}
2024-03-02 01:10:58 查询号码 【1786692】，GSD为【"山东-德州"】

2024-03-02 01:10:59 开始第 6784 次操作

2024-03-02 01:10:59 开始操作号码 【1786693】
2024-03-02 01:11:03 GSD getOne 第 1 次 等待 3 秒
2024-03-02 01:11:06 查询号码 【1786693】，返回信息 {"status":"ok","msg":"山东-济南","gid":"288747","time_insert":"2021-07-16 01:14"}
2024-03-02 01:11:06 查询号码 【1786693】，GSD为【"山东-济南"】

2024-03-02 01:39:06 开始第 6785 次操作

2024-03-02 01:39:06 开始操作号码 【1786694】
2024-03-02 01:39:12 GSD getOne 第 1 次 等待 3 秒
2024-03-02 01:39:15 查询号码 【1786694】，返回信息 {"status":"ok","msg":"山东-济南","gid":"288742","time_insert":"2021-07-16 01:13"}
2024-03-02 01:39:15 查询号码 【1786694】，GSD为【"山东-济南"】

2024-03-02 01:39:16 开始第 6786 次操作

2024-03-02 01:39:16 开始操作号码 【1786695】
2024-03-02 01:39:21 GSD getOne 第 1 次 等待 3 秒
2024-03-02 01:39:24 查询号码 【1786695】，返回信息 {"status":"ok","msg":"山东-济南","gid":"288733","time_insert":"2021-07-16 01:13"}
2024-03-02 01:39:24 查询号码 【1786695】，GSD为【"山东-济南"】

2024-03-02 01:39:25 开始第 6787 次操作

2024-03-02 01:39:25 开始操作号码 【1786696】
2024-03-02 01:39:31 GSD getOne 第 1 次 等待 3 秒
2024-03-02 01:39:34 查询号码 【1786696】，返回信息 {"status":"ok","msg":"山东-济南","gid":"288731","time_insert":"2021-07-16 01:12"}
2024-03-02 01:39:34 查询号码 【1786696】，GSD为【"山东-济南"】

2024-03-02 01:39:35 开始第 6788 次操作

2024-03-02 01:39:35 开始操作号码 【1786697】
2024-03-02 01:39:40 GSD getOne 第 1 次 等待 3 秒
2024-03-02 01:39:43 查询号码 【1786697】，返回信息 {"status":"ok","msg":"山东-济南","gid":"288722","time_insert":"2021-07-16 01:11"}
2024-03-02 01:39:43 查询号码 【1786697】，GSD为【"山东-济南"】

2024-03-02 02:10:11 开始第 6789 次操作

2024-03-02 02:10:11 开始操作号码 【1786698】
2024-03-02 02:10:17 GSD getOne 第 1 次 等待 3 秒
2024-03-02 02:10:20 查询号码 【1786698】，返回信息 {"status":"ok","msg":"山东-济南","gid":"288714","time_insert":"2021-07-16 01:11"}
2024-03-02 02:10:20 查询号码 【1786698】，GSD为【"山东-济南"】

2024-03-02 02:10:21 开始第 6790 次操作

2024-03-02 02:10:21 开始操作号码 【1786699】
2024-03-02 02:10:25 GSD getOne 第 1 次 等待 3 秒
2024-03-02 02:10:28 查询号码 【1786699】，返回信息 {"status":"ok","msg":"山东-济南","gid":"288705","time_insert":"2021-07-16 01:10"}
2024-03-02 02:10:28 查询号码 【1786699】，GSD为【"山东-济南"】

2024-03-02 02:10:29 开始第 6791 次操作

2024-03-02 02:10:29 开始操作号码 【1786700】
2024-03-02 02:10:35 GSD getOne 第 1 次 等待 3 秒
2024-03-02 02:10:38 查询号码 【1786700】，返回信息 {"status":"ok","msg":"四川-成都","gid":"288699","time_insert":"2021-07-16 01:10"}
2024-03-02 02:10:38 查询号码 【1786700】，GSD为【"四川-成都"】

2024-03-02 02:10:39 开始第 6792 次操作

2024-03-02 02:10:39 开始操作号码 【1786701】
2024-03-02 02:10:44 GSD getOne 第 1 次 等待 3 秒
2024-03-02 02:10:47 查询号码 【1786701】，返回信息 {"status":"ok","msg":"四川-绵阳","gid":"288687","time_insert":"2021-07-16 01:09"}
2024-03-02 02:10:47 查询号码 【1786701】，GSD为【"四川-绵阳"】

2024-03-02 02:33:07 开始第 6793 次操作

2024-03-02 02:33:07 开始操作号码 【1786702】
2024-03-02 02:33:12 GSD getOne 第 1 次 等待 3 秒
2024-03-02 02:33:15 查询号码 【1786702】，返回信息 {"status":"ok","msg":"四川-达州","gid":"288679","time_insert":"2021-07-16 01:08"}
2024-03-02 02:33:15 查询号码 【1786702】，GSD为【"四川-达州"】

2024-03-02 02:33:16 开始第 6794 次操作

2024-03-02 02:33:16 开始操作号码 【1786703】
2024-03-02 02:33:20 GSD getOne 第 1 次 等待 3 秒
2024-03-02 02:33:23 查询号码 【1786703】，返回信息 {"status":"ok","msg":"四川-宜宾","gid":"288672","time_insert":"2021-07-16 01:07"}
2024-03-02 02:33:23 查询号码 【1786703】，GSD为【"四川-宜宾"】

2024-03-02 02:33:24 开始第 6795 次操作

2024-03-02 02:33:24 开始操作号码 【1786704】
2024-03-02 02:33:30 GSD getOne 第 1 次 等待 3 秒
2024-03-02 02:33:33 查询号码 【1786704】，返回信息 {"status":"ok","msg":"四川-德阳","gid":"288663","time_insert":"2021-07-16 01:07"}
2024-03-02 02:33:33 查询号码 【1786704】，GSD为【"四川-德阳"】

2024-03-02 02:33:34 开始第 6796 次操作

2024-03-02 02:33:34 开始操作号码 【1786705】
2024-03-02 02:33:39 GSD getOne 第 1 次 等待 3 秒
2024-03-02 02:33:42 查询号码 【1786705】，返回信息 {"status":"ok","msg":"四川-南充","gid":"288655","time_insert":"2021-07-16 01:06"}
2024-03-02 02:33:42 查询号码 【1786705】，GSD为【"四川-南充"】

