2023-10-22 00:08:30 开始第 4497 次操作

2023-10-22 00:08:30 开始操作号码 【1994406】
2023-10-22 00:08:33 GSD getOne 第 1 次 等待 3 秒
2023-10-22 00:08:36 查询号码 【1994406】，返回信息 {"status":"ok","msg":"湖南-常德","gid":"516215","time_insert":"2021-08-18 02:35"}
2023-10-22 00:08:36 查询号码 【1994406】，GSD为【"湖南-常德"】

2023-10-22 00:08:37 开始第 4498 次操作

2023-10-22 00:08:37 开始操作号码 【1994407】
2023-10-22 00:09:22 GSD getOne 第 1 次 等待 3 秒
2023-10-22 00:09:25 查询号码 【1994407】，返回信息 {"status":"ok","msg":"湖南-常德","gid":"516218","time_insert":"2021-08-18 02:37"}
2023-10-22 00:09:25 查询号码 【1994407】，GSD为【"湖南-常德"】

2023-10-22 00:09:26 开始第 4499 次操作

2023-10-22 00:09:26 开始操作号码 【1994408】
2023-10-22 00:09:28 GSD getOne 第 1 次 等待 3 秒
2023-10-22 00:09:31 查询号码 【1994408】，返回信息 {"status":"ok","msg":"湖南-常德","gid":"516228","time_insert":"2021-08-18 02:45"}
2023-10-22 00:09:31 查询号码 【1994408】，GSD为【"湖南-常德"】

2023-10-22 00:09:32 开始第 4500 次操作

2023-10-22 00:09:32 开始操作号码 【1994409】
2023-10-22 00:09:36 GSD getOne 第 1 次 等待 3 秒
2023-10-22 00:09:39 查询号码 【1994409】，返回信息 {"status":"ok","msg":"湖南-常德","gid":"516229","time_insert":"2021-08-18 02:46"}
2023-10-22 00:09:39 查询号码 【1994409】，GSD为【"湖南-常德"】

