2023-12-12 00:10:57 开始第 2777 次操作

2023-12-12 00:10:57 开始操作号码 【1892686】
2023-12-12 00:11:02 GSD getOne 第 1 次 等待 3 秒
2023-12-12 00:11:05 查询号码 【1892686】，返回信息 {"status":"ok","msg":"广东-东莞","gid":"500062","time_insert":"2021-08-08 18:59"}
2023-12-12 00:11:05 查询号码 【1892686】，GSD为【"广东-东莞"】

2023-12-12 00:11:06 开始第 2778 次操作

2023-12-12 00:11:06 开始操作号码 【1892687】
2023-12-12 00:11:09 GSD getOne 第 1 次 等待 3 秒
2023-12-12 00:11:12 查询号码 【1892687】，返回信息 {"status":"ok","msg":"广东-东莞","gid":"500066","time_insert":"2021-08-08 19:06"}
2023-12-12 00:11:12 查询号码 【1892687】，GSD为【"广东-东莞"】

2023-12-12 00:11:13 开始第 2779 次操作

2023-12-12 00:11:13 开始操作号码 【1892688】
2023-12-12 00:11:17 GSD getOne 第 1 次 等待 3 秒
2023-12-12 00:11:20 查询号码 【1892688】，返回信息 {"status":"ok","msg":"广东-东莞","gid":"45096","time_insert":"2018-02-09 23:10","time_update":"2020-10-02 18:01"}
2023-12-12 00:11:20 查询号码 【1892688】，GSD为【"广东-东莞"】

2023-12-12 00:11:21 开始第 2780 次操作

2023-12-12 00:11:21 开始操作号码 【1892689】
2023-12-12 00:11:25 GSD getOne 第 1 次 等待 3 秒
2023-12-12 00:11:28 查询号码 【1892689】，返回信息 {"status":"ok","msg":"广东-东莞","gid":"500073","time_insert":"2021-08-08 19:16"}
2023-12-12 00:11:28 查询号码 【1892689】，GSD为【"广东-东莞"】

