2023-10-07 00:09:56 开始第 1957 次操作

2023-10-07 00:09:56 开始操作号码 【1991956】
2023-10-07 00:09:59 GSD getOne 第 1 次 等待 3 秒
2023-10-07 00:10:02 查询号码 【1991956】，返回信息 {"status":"ok","msg":"-","gid":"500460","time_insert":"2021-08-09 05:09"}
2023-10-07 00:10:02 查询号码 【1991956】，GSD为【"-"】
2023-10-07 00:10:02 ok && -
2023-10-07 00:10:05 CHB 1991956?1696608602 第 1 次 等待 3 秒
2023-10-07 00:10:08 CHB 1991956?1696608602 第 1 次 获取到号码【1991956】GSD
2023-10-07 00:10:08 未获取到号码【1991956】GSD，可能号码格式错误
2023-10-07 00:10:08 获取到号码【1991956】的GSD为【-】
2023-10-07 00:10:10 GSD insert 第 1 次 等待 3 秒
2023-10-07 00:10:13 {"status":"bad","gid":"500460","msg":"添加失败！号码【1991956(-|-)】已存在！"}
2023-10-07 00:10:13 随机等待 114 秒，约 1 分钟
2023-10-07 00:10:13 下次操作: 2023-10-07 00:12:07

2023-10-07 00:12:07 开始第 1958 次操作

2023-10-07 00:12:07 开始操作号码 【1991957】
2023-10-07 00:12:10 GSD getOne 第 1 次 等待 3 秒
2023-10-07 00:12:13 查询号码 【1991957】，返回信息 {"status":"ok","msg":"-","gid":"500466","time_insert":"2021-08-09 05:18"}
2023-10-07 00:12:13 查询号码 【1991957】，GSD为【"-"】
2023-10-07 00:12:13 ok && -
2023-10-07 00:12:16 CHB 1991957?1696608733 第 1 次 等待 3 秒
2023-10-07 00:12:19 CHB 1991957?1696608733 第 1 次 获取到号码【1991957】GSD
2023-10-07 00:12:19 未获取到号码【1991957】GSD，可能号码格式错误
2023-10-07 00:12:19 获取到号码【1991957】的GSD为【-】
2023-10-07 00:12:22 GSD insert 第 1 次 等待 3 秒
2023-10-07 00:12:25 {"status":"bad","gid":"500466","msg":"添加失败！号码【1991957(-|-)】已存在！"}
2023-10-07 00:12:25 随机等待 228 秒，约 3 分钟
2023-10-07 00:12:25 下次操作: 2023-10-07 00:16:13

2023-10-07 00:16:13 开始第 1959 次操作

2023-10-07 00:16:13 开始操作号码 【1991958】
2023-10-07 00:16:15 GSD getOne 第 1 次 等待 3 秒
2023-10-07 00:16:18 查询号码 【1991958】，返回信息 {"status":"ok","msg":"-","gid":"500473","time_insert":"2021-08-09 05:27"}
2023-10-07 00:16:18 查询号码 【1991958】，GSD为【"-"】
2023-10-07 00:16:18 ok && -
2023-10-07 00:16:21 CHB 1991958?1696608978 第 1 次 等待 3 秒
2023-10-07 00:16:24 CHB 1991958?1696608978 第 1 次 获取到号码【1991958】GSD
2023-10-07 00:16:24 未获取到号码【1991958】GSD，可能号码格式错误
2023-10-07 00:16:24 获取到号码【1991958】的GSD为【-】
2023-10-07 00:16:29 GSD insert 第 1 次 等待 3 秒
2023-10-07 00:16:32 {"status":"bad","gid":"500473","msg":"添加失败！号码【1991958(-|-)】已存在！"}
2023-10-07 00:16:32 随机等待 105 秒，约 1 分钟
2023-10-07 00:16:32 下次操作: 2023-10-07 00:18:17

2023-10-07 00:18:17 开始第 1960 次操作

2023-10-07 00:18:17 开始操作号码 【1991959】
2023-10-07 00:18:22 GSD getOne 第 1 次 等待 3 秒
2023-10-07 00:18:25 查询号码 【1991959】，返回信息 {"status":"ok","msg":"-","gid":"500480","time_insert":"2021-08-09 05:36"}
2023-10-07 00:18:25 查询号码 【1991959】，GSD为【"-"】
2023-10-07 00:18:25 ok && -
2023-10-07 00:18:27 CHB 1991959?1696609105 第 1 次 等待 3 秒
2023-10-07 00:18:30 CHB 1991959?1696609105 第 1 次 获取到号码【1991959】GSD
2023-10-07 00:18:30 未获取到号码【1991959】GSD，可能号码格式错误
2023-10-07 00:18:30 获取到号码【1991959】的GSD为【-】
2023-10-07 00:18:33 GSD insert 第 1 次 等待 3 秒
2023-10-07 00:18:36 {"status":"bad","gid":"500480","msg":"添加失败！号码【1991959(-|-)】已存在！"}

2023-10-07 00:36:39 开始第 1961 次操作

2023-10-07 00:36:39 开始操作号码 【1991960】
2023-10-07 00:36:42 GSD getOne 第 1 次 等待 3 秒
2023-10-07 00:36:45 查询号码 【1991960】，返回信息 {"status":"ok","msg":"-","gid":"500487","time_insert":"2021-08-09 05:46"}
2023-10-07 00:36:45 查询号码 【1991960】，GSD为【"-"】
2023-10-07 00:36:45 ok && -
2023-10-07 00:36:47 CHB 1991960?1696610205 第 1 次 等待 3 秒
2023-10-07 00:36:50 CHB 1991960?1696610205 第 1 次 获取到号码【1991960】GSD
2023-10-07 00:36:50 未获取到号码【1991960】GSD，可能号码格式错误
2023-10-07 00:36:50 获取到号码【1991960】的GSD为【-】
2023-10-07 00:36:53 GSD insert 第 1 次 等待 3 秒
2023-10-07 00:36:56 {"status":"bad","gid":"500487","msg":"添加失败！号码【1991960(-|-)】已存在！"}
2023-10-07 00:36:56 随机等待 178 秒，约 2 分钟
2023-10-07 00:36:56 下次操作: 2023-10-07 00:39:54

2023-10-07 00:39:54 开始第 1962 次操作

2023-10-07 00:39:54 开始操作号码 【1991961】
2023-10-07 00:39:59 GSD getOne 第 1 次 等待 3 秒
2023-10-07 00:40:02 查询号码 【1991961】，返回信息 {"status":"ok","msg":"-","gid":"500493","time_insert":"2021-08-09 05:54"}
2023-10-07 00:40:02 查询号码 【1991961】，GSD为【"-"】
2023-10-07 00:40:02 ok && -
2023-10-07 00:40:04 CHB 1991961?1696610402 第 1 次 等待 3 秒
2023-10-07 00:40:07 CHB 1991961?1696610402 第 1 次 获取到号码【1991961】GSD
2023-10-07 00:40:07 未获取到号码【1991961】GSD，可能号码格式错误
2023-10-07 00:40:07 获取到号码【1991961】的GSD为【-】
2023-10-07 00:40:10 GSD insert 第 1 次 等待 3 秒
2023-10-07 00:40:13 {"status":"bad","gid":"500493","msg":"添加失败！号码【1991961(-|-)】已存在！"}
2023-10-07 00:40:13 随机等待 196 秒，约 3 分钟
2023-10-07 00:40:13 下次操作: 2023-10-07 00:43:29

2023-10-07 00:43:29 开始第 1963 次操作

2023-10-07 00:43:29 开始操作号码 【1991962】
2023-10-07 00:43:32 GSD getOne 第 1 次 等待 3 秒
2023-10-07 00:43:35 查询号码 【1991962】，返回信息 {"status":"ok","msg":"-","gid":"500500","time_insert":"2021-08-09 06:03"}
2023-10-07 00:43:35 查询号码 【1991962】，GSD为【"-"】
2023-10-07 00:43:35 ok && -
2023-10-07 00:43:37 CHB 1991962?1696610615 第 1 次 等待 3 秒
2023-10-07 00:43:40 CHB 1991962?1696610615 第 1 次 获取到号码【1991962】GSD
2023-10-07 00:43:40 未获取到号码【1991962】GSD，可能号码格式错误
2023-10-07 00:43:40 获取到号码【1991962】的GSD为【-】
2023-10-07 00:43:42 GSD insert 第 1 次 等待 3 秒
2023-10-07 00:43:45 {"status":"bad","gid":"500500","msg":"添加失败！号码【1991962(-|-)】已存在！"}
2023-10-07 00:43:45 随机等待 208 秒，约 3 分钟
2023-10-07 00:43:45 下次操作: 2023-10-07 00:47:13

2023-10-07 00:47:13 开始第 1964 次操作

2023-10-07 00:47:13 开始操作号码 【1991963】
2023-10-07 00:47:19 GSD getOne 第 1 次 等待 3 秒
2023-10-07 00:47:22 查询号码 【1991963】，返回信息 {"status":"ok","msg":"-","gid":"500505","time_insert":"2021-08-09 06:12"}
2023-10-07 00:47:22 查询号码 【1991963】，GSD为【"-"】
2023-10-07 00:47:22 ok && -
2023-10-07 00:47:24 CHB 1991963?1696610842 第 1 次 等待 3 秒
2023-10-07 00:47:27 CHB 1991963?1696610842 第 1 次 获取到号码【1991963】GSD
2023-10-07 00:47:27 未获取到号码【1991963】GSD，可能号码格式错误
2023-10-07 00:47:27 获取到号码【1991963】的GSD为【-】
2023-10-07 00:47:30 GSD insert 第 1 次 等待 3 秒
2023-10-07 00:47:33 {"status":"bad","gid":"500505","msg":"添加失败！号码【1991963(-|-)】已存在！"}

