2024-10-04 00:23:46 开始第 7829 次操作

2024-10-04 00:23:46 开始操作号码 【1457828】
2024-10-04 00:23:48 GSD getOne 第 1 次 等待 3 秒
2024-10-04 00:23:51 查询号码 【1457828】，返回信息 {"status":"ok","msg":"上海-上海","gid":"100076","time_insert":"2021-06-16 18:31"}
2024-10-04 00:23:51 查询号码 【1457828】，GSD为【"上海-上海"】

2024-10-04 00:23:52 开始第 7830 次操作

2024-10-04 00:23:52 开始操作号码 【1457829】
2024-10-04 00:23:54 GSD getOne 第 1 次 等待 3 秒
2024-10-04 00:23:57 查询号码 【1457829】，返回信息 {"status":"ok","msg":"上海-上海","gid":"100081","time_insert":"2021-06-16 18:37"}
2024-10-04 00:23:57 查询号码 【1457829】，GSD为【"上海-上海"】

2024-10-04 00:23:58 开始第 7831 次操作

2024-10-04 00:23:58 开始操作号码 【1457830】
2024-10-04 00:24:02 GSD getOne 第 1 次 等待 3 秒
2024-10-04 00:24:05 查询号码 【1457830】，返回信息 {"status":"ok","msg":"上海-上海","gid":"100088","time_insert":"2021-06-16 18:42"}
2024-10-04 00:24:05 查询号码 【1457830】，GSD为【"上海-上海"】

2024-10-04 00:24:06 开始第 7832 次操作

2024-10-04 00:24:06 开始操作号码 【1457831】
2024-10-04 00:24:08 GSD getOne 第 1 次 等待 3 秒
2024-10-04 00:24:11 查询号码 【1457831】，返回信息 {"status":"ok","msg":"上海-上海","gid":"100099","time_insert":"2021-06-16 18:47"}
2024-10-04 00:24:11 查询号码 【1457831】，GSD为【"上海-上海"】

