2024-11-29 00:27:29 开始第 7085 次操作

2024-11-29 00:27:29 开始操作号码 【1347084】
2024-11-29 00:27:30 GSD getOne 第 1 次 等待 3 秒
2024-11-29 00:27:33 查询号码 【1347084】，返回信息 {"status":"ok","msg":"安徽-六安","gid":"334074","time_insert":"2021-07-20 06:40"}
2024-11-29 00:27:33 查询号码 【1347084】，GSD为【"安徽-六安"】

2024-11-29 00:27:34 开始第 7086 次操作

2024-11-29 00:27:34 开始操作号码 【1347085】
2024-11-29 00:27:35 GSD getOne 第 1 次 等待 3 秒
2024-11-29 00:27:38 查询号码 【1347085】，返回信息 {"status":"ok","msg":"安徽-六安","gid":"334069","time_insert":"2021-07-20 06:39"}
2024-11-29 00:27:38 查询号码 【1347085】，GSD为【"安徽-六安"】

2024-11-29 00:27:39 开始第 7087 次操作

2024-11-29 00:27:39 开始操作号码 【1347086】
2024-11-29 00:27:40 GSD getOne 第 1 次 等待 3 秒
2024-11-29 00:27:43 查询号码 【1347086】，返回信息 {"status":"ok","msg":"安徽-六安","gid":"334011","time_insert":"2021-07-20 06:13"}
2024-11-29 00:27:43 查询号码 【1347086】，GSD为【"安徽-六安"】

2024-11-29 00:27:44 开始第 7088 次操作

2024-11-29 00:27:44 开始操作号码 【1347087】
2024-11-29 00:27:45 GSD getOne 第 1 次 等待 3 秒
2024-11-29 00:27:48 查询号码 【1347087】，返回信息 {"status":"ok","msg":"安徽-六安","gid":"334008","time_insert":"2021-07-20 06:13"}
2024-11-29 00:27:48 查询号码 【1347087】，GSD为【"安徽-六安"】

2024-11-29 00:48:44 开始第 7089 次操作

2024-11-29 00:48:44 开始操作号码 【1347088】
2024-11-29 00:48:46 GSD getOne 第 1 次 等待 3 秒
2024-11-29 00:48:49 查询号码 【1347088】，返回信息 {"status":"ok","msg":"安徽-六安","gid":"334004","time_insert":"2021-07-20 06:12"}
2024-11-29 00:48:49 查询号码 【1347088】，GSD为【"安徽-六安"】

2024-11-29 00:48:50 开始第 7090 次操作

2024-11-29 00:48:50 开始操作号码 【1347089】
2024-11-29 00:48:51 GSD getOne 第 1 次 等待 3 秒
2024-11-29 00:48:54 查询号码 【1347089】，返回信息 {"status":"ok","msg":"安徽-六安","gid":"334000","time_insert":"2021-07-20 06:11"}
2024-11-29 00:48:54 查询号码 【1347089】，GSD为【"安徽-六安"】

2024-11-29 00:48:55 开始第 7091 次操作

2024-11-29 00:48:55 开始操作号码 【1347090】
2024-11-29 00:48:56 GSD getOne 第 1 次 等待 3 秒
2024-11-29 00:48:59 查询号码 【1347090】，返回信息 {"status":"ok","msg":"安徽-黄山","gid":"333996","time_insert":"2021-07-20 06:10"}
2024-11-29 00:48:59 查询号码 【1347090】，GSD为【"安徽-黄山"】

2024-11-29 00:49:01 开始第 7092 次操作

2024-11-29 00:49:01 开始操作号码 【1347091】
2024-11-29 00:49:02 GSD getOne 第 1 次 等待 3 秒
2024-11-29 00:49:05 查询号码 【1347091】，返回信息 {"status":"ok","msg":"安徽-黄山","gid":"333991","time_insert":"2021-07-20 06:09"}
2024-11-29 00:49:05 查询号码 【1347091】，GSD为【"安徽-黄山"】

2024-11-29 01:18:59 开始第 7093 次操作

2024-11-29 01:18:59 开始操作号码 【1347092】
2024-11-29 01:19:01 GSD getOne 第 1 次 等待 3 秒
2024-11-29 01:19:04 查询号码 【1347092】，返回信息 {"status":"ok","msg":"安徽-淮北","gid":"333987","time_insert":"2021-07-20 06:09"}
2024-11-29 01:19:04 查询号码 【1347092】，GSD为【"安徽-淮北"】

2024-11-29 01:19:05 开始第 7094 次操作

2024-11-29 01:19:05 开始操作号码 【1347093】
2024-11-29 01:19:05 GSD getOne 第 1 次 等待 3 秒
2024-11-29 01:19:08 查询号码 【1347093】，返回信息 {"status":"ok","msg":"安徽-淮北","gid":"333984","time_insert":"2021-07-20 06:08"}
2024-11-29 01:19:09 查询号码 【1347093】，GSD为【"安徽-淮北"】

2024-11-29 01:19:10 开始第 7095 次操作

2024-11-29 01:19:10 开始操作号码 【1347094】
2024-11-29 01:19:10 GSD getOne 第 1 次 等待 3 秒
2024-11-29 01:19:13 查询号码 【1347094】，返回信息 {"status":"ok","msg":"安徽-宿州","gid":"333980","time_insert":"2021-07-20 06:07"}
2024-11-29 01:19:13 查询号码 【1347094】，GSD为【"安徽-宿州"】

2024-11-29 01:19:15 开始第 7096 次操作

2024-11-29 01:19:15 开始操作号码 【1347095】
2024-11-29 01:19:15 GSD getOne 第 1 次 等待 3 秒
2024-11-29 01:19:18 查询号码 【1347095】，返回信息 {"status":"ok","msg":"安徽-马鞍山","gid":"333974","time_insert":"2021-07-20 06:06"}
2024-11-29 01:19:18 查询号码 【1347095】，GSD为【"安徽-马鞍山"】

2024-11-29 01:40:33 开始第 7097 次操作

2024-11-29 01:40:33 开始操作号码 【1347096】
2024-11-29 01:40:35 GSD getOne 第 1 次 等待 3 秒
2024-11-29 01:40:38 查询号码 【1347096】，返回信息 {"status":"ok","msg":"安徽-马鞍山","gid":"333970","time_insert":"2021-07-20 06:05"}
2024-11-29 01:40:38 查询号码 【1347096】，GSD为【"安徽-马鞍山"】

2024-11-29 01:40:39 开始第 7098 次操作

2024-11-29 01:40:39 开始操作号码 【1347097】
2024-11-29 01:40:40 GSD getOne 第 1 次 等待 3 秒
2024-11-29 01:40:43 查询号码 【1347097】，返回信息 {"status":"ok","msg":"安徽-马鞍山","gid":"333964","time_insert":"2021-07-20 06:05"}
2024-11-29 01:40:43 查询号码 【1347097】，GSD为【"安徽-马鞍山"】

2024-11-29 01:40:44 开始第 7099 次操作

2024-11-29 01:40:44 开始操作号码 【1347098】
2024-11-29 01:40:45 GSD getOne 第 1 次 等待 3 秒
2024-11-29 01:40:48 查询号码 【1347098】，返回信息 {"status":"ok","msg":"安徽-合肥","gid":"333957","time_insert":"2021-07-20 06:04"}
2024-11-29 01:40:48 查询号码 【1347098】，GSD为【"安徽-合肥"】

2024-11-29 01:40:49 开始第 7100 次操作

2024-11-29 01:40:49 开始操作号码 【1347099】
2024-11-29 01:40:50 GSD getOne 第 1 次 等待 3 秒
2024-11-29 01:40:53 查询号码 【1347099】，返回信息 {"status":"ok","msg":"安徽-合肥","gid":"333950","time_insert":"2021-07-20 06:03"}
2024-11-29 01:40:53 查询号码 【1347099】，GSD为【"安徽-合肥"】

2024-11-29 02:29:44 开始第 7101 次操作

2024-11-29 02:29:44 开始操作号码 【1347100】
2024-11-29 02:29:45 GSD getOne 第 1 次 等待 3 秒
2024-11-29 02:29:48 查询号码 【1347100】，返回信息 {"status":"ok","msg":"广西-南宁","gid":"333943","time_insert":"2021-07-20 06:02"}
2024-11-29 02:29:48 查询号码 【1347100】，GSD为【"广西-南宁"】

2024-11-29 02:29:49 开始第 7102 次操作

2024-11-29 02:29:49 开始操作号码 【1347101】
2024-11-29 02:29:50 GSD getOne 第 1 次 等待 3 秒
2024-11-29 02:29:53 查询号码 【1347101】，返回信息 {"status":"ok","msg":"广西-南宁","gid":"333929","time_insert":"2021-07-20 06:01"}
2024-11-29 02:29:53 查询号码 【1347101】，GSD为【"广西-南宁"】

2024-11-29 02:29:54 开始第 7103 次操作

2024-11-29 02:29:54 开始操作号码 【1347102】
2024-11-29 02:29:55 GSD getOne 第 1 次 等待 3 秒
2024-11-29 02:29:58 查询号码 【1347102】，返回信息 {"status":"ok","msg":"广西-南宁","gid":"333918","time_insert":"2021-07-20 06:00"}
2024-11-29 02:29:58 查询号码 【1347102】，GSD为【"广西-南宁"】

2024-11-29 02:29:59 开始第 7104 次操作

2024-11-29 02:29:59 开始操作号码 【1347103】
2024-11-29 02:30:00 GSD getOne 第 1 次 等待 3 秒
2024-11-29 02:30:03 查询号码 【1347103】，返回信息 {"status":"ok","msg":"广西-南宁","gid":"4811","time_insert":"2017-12-26 09:04","time_update":"2020-12-18 15:43"}
2024-11-29 02:30:03 查询号码 【1347103】，GSD为【"广西-南宁"】

2024-11-29 02:48:11 开始第 7105 次操作

2024-11-29 02:48:11 开始操作号码 【1347104】
2024-11-29 02:48:13 GSD getOne 第 1 次 等待 3 秒
2024-11-29 02:48:16 查询号码 【1347104】，返回信息 {"status":"ok","msg":"广西-南宁","gid":"333901","time_insert":"2021-07-20 05:59"}
2024-11-29 02:48:16 查询号码 【1347104】，GSD为【"广西-南宁"】

2024-11-29 02:48:17 开始第 7106 次操作

2024-11-29 02:48:17 开始操作号码 【1347105】
2024-11-29 02:48:18 GSD getOne 第 1 次 等待 3 秒
2024-11-29 02:48:21 查询号码 【1347105】，返回信息 {"status":"ok","msg":"广西-崇左","gid":"333889","time_insert":"2021-07-20 05:58"}
2024-11-29 02:48:21 查询号码 【1347105】，GSD为【"广西-崇左"】

2024-11-29 02:48:22 开始第 7107 次操作

2024-11-29 02:48:22 开始操作号码 【1347106】
2024-11-29 02:48:23 GSD getOne 第 1 次 等待 3 秒
2024-11-29 02:48:26 查询号码 【1347106】，返回信息 {"status":"ok","msg":"广西-崇左","gid":"333876","time_insert":"2021-07-20 05:58"}
2024-11-29 02:48:26 查询号码 【1347106】，GSD为【"广西-崇左"】

2024-11-29 02:48:27 开始第 7108 次操作

2024-11-29 02:48:27 开始操作号码 【1347107】
2024-11-29 02:48:28 GSD getOne 第 1 次 等待 3 秒
2024-11-29 02:48:31 查询号码 【1347107】，返回信息 {"status":"ok","msg":"广西-崇左","gid":"333861","time_insert":"2021-07-20 05:57"}
2024-11-29 02:48:31 查询号码 【1347107】，GSD为【"广西-崇左"】

2024-11-29 03:17:14 开始第 7109 次操作

2024-11-29 03:17:14 开始操作号码 【1347108】
2024-11-29 03:17:15 GSD getOne 第 1 次 等待 3 秒
2024-11-29 03:17:18 查询号码 【1347108】，返回信息 {"status":"ok","msg":"广西-南宁","gid":"333846","time_insert":"2021-07-20 05:56"}
2024-11-29 03:17:18 查询号码 【1347108】，GSD为【"广西-南宁"】

2024-11-29 03:17:19 开始第 7110 次操作

2024-11-29 03:17:19 开始操作号码 【1347109】
2024-11-29 03:17:20 GSD getOne 第 1 次 等待 3 秒
2024-11-29 03:17:23 查询号码 【1347109】，返回信息 {"status":"ok","msg":"广西-崇左","gid":"4812","time_insert":"2018-06-05 08:54","time_update":"2020-12-18 15:38"}
2024-11-29 03:17:23 查询号码 【1347109】，GSD为【"广西-崇左"】

2024-11-29 03:17:24 开始第 7111 次操作

2024-11-29 03:17:24 开始操作号码 【1347110】
2024-11-29 03:17:25 GSD getOne 第 1 次 等待 3 秒
2024-11-29 03:17:28 查询号码 【1347110】，返回信息 {"status":"ok","msg":"广西-崇左","gid":"333830","time_insert":"2021-07-20 05:55"}
2024-11-29 03:17:29 查询号码 【1347110】，GSD为【"广西-崇左"】

2024-11-29 03:17:30 开始第 7112 次操作

2024-11-29 03:17:30 开始操作号码 【1347111】
2024-11-29 03:17:31 GSD getOne 第 1 次 等待 3 秒
2024-11-29 03:17:34 查询号码 【1347111】，返回信息 {"status":"ok","msg":"广西-南宁","gid":"333817","time_insert":"2021-07-20 05:54"}
2024-11-29 03:17:34 查询号码 【1347111】，GSD为【"广西-南宁"】

2024-11-29 03:38:46 开始第 7113 次操作

2024-11-29 03:38:46 开始操作号码 【1347112】
2024-11-29 03:38:47 GSD getOne 第 1 次 等待 3 秒
2024-11-29 03:38:50 查询号码 【1347112】，返回信息 {"status":"ok","msg":"广西-崇左","gid":"333806","time_insert":"2021-07-20 05:53"}
2024-11-29 03:38:51 查询号码 【1347112】，GSD为【"广西-崇左"】

2024-11-29 03:38:52 开始第 7114 次操作

2024-11-29 03:38:52 开始操作号码 【1347113】
2024-11-29 03:38:52 GSD getOne 第 1 次 等待 3 秒
2024-11-29 03:38:55 查询号码 【1347113】，返回信息 {"status":"ok","msg":"广西-南宁","gid":"333792","time_insert":"2021-07-20 05:52"}
2024-11-29 03:38:55 查询号码 【1347113】，GSD为【"广西-南宁"】

2024-11-29 03:38:56 开始第 7115 次操作

2024-11-29 03:38:56 开始操作号码 【1347114】
2024-11-29 03:38:57 GSD getOne 第 1 次 等待 3 秒
2024-11-29 03:39:00 查询号码 【1347114】，返回信息 {"status":"ok","msg":"广西-南宁","gid":"333780","time_insert":"2021-07-20 05:52"}
2024-11-29 03:39:00 查询号码 【1347114】，GSD为【"广西-南宁"】

2024-11-29 03:39:01 开始第 7116 次操作

2024-11-29 03:39:01 开始操作号码 【1347115】
2024-11-29 03:39:02 GSD getOne 第 1 次 等待 3 秒
2024-11-29 03:39:05 查询号码 【1347115】，返回信息 {"status":"ok","msg":"广西-南宁","gid":"333764","time_insert":"2021-07-20 05:51"}
2024-11-29 03:39:05 查询号码 【1347115】，GSD为【"广西-南宁"】

