2021-07-22 00:00:02 开始第 17 次操作

2021-07-22 00:00:02 开始操作号码 【1729377】
2021-07-22 00:00:05 GSD getOne 第 1 次 等待 3 秒
2021-07-22 00:00:08 查询号码 【1729377】，返回信息 {"status":"bad","msg":""}
2021-07-22 00:00:08 查询号码 【1729377】，GSD为【""】
2021-07-22 00:00:08 bad
2021-07-22 00:00:09 CHB 1729377?1626883208 第 1 次 等待 3 秒
2021-07-22 00:00:12 CHB 1729377?1626883208 第 1 次 获取到号码【1729377】GSD
2021-07-22 00:00:13 获取到号码【1729377】的GSD为【江苏-南京】
2021-07-22 00:00:31 GSD insert 第 1 次 等待 3 秒
2021-07-22 00:00:34 {"status":"ok","gid":350174,"msg":"添加成功！"}
2021-07-22 00:00:34 下次操作: 2021-07-22 00:00:57

2021-07-22 00:00:57 开始第 18 次操作

2021-07-22 00:00:57 开始操作号码 【1729378】
2021-07-22 00:01:01 GSD getOne 第 1 次 等待 3 秒
2021-07-22 00:01:04 查询号码 【1729378】，返回信息 {"status":"bad","msg":""}
2021-07-22 00:01:04 查询号码 【1729378】，GSD为【""】
2021-07-22 00:01:04 bad
2021-07-22 00:01:05 CHB 1729378?1626883264 第 1 次 等待 3 秒
2021-07-22 00:01:08 CHB 1729378?1626883264 第 1 次 获取到号码【1729378】GSD
2021-07-22 00:01:08 获取到号码【1729378】的GSD为【江苏-南京】
2021-07-22 00:01:46 GSD insert 第 1 次 等待 3 秒
2021-07-22 00:01:49 {"status":"ok","gid":350186,"msg":"添加成功！"}
2021-07-22 00:01:49 下次操作: 2021-07-22 00:02:01

2021-07-22 00:02:01 开始第 19 次操作

2021-07-22 00:02:01 开始操作号码 【1729379】
2021-07-22 00:02:15 GSD getOne 第 1 次 等待 3 秒
2021-07-22 00:02:18 查询号码 【1729379】，返回信息 {"status":"bad","msg":""}
2021-07-22 00:02:18 查询号码 【1729379】，GSD为【""】
2021-07-22 00:02:18 bad
2021-07-22 00:02:19 CHB 1729379?1626883338 第 1 次 等待 3 秒
2021-07-22 00:02:22 CHB 1729379?1626883338 第 1 次 获取到号码【1729379】GSD
2021-07-22 00:02:22 获取到号码【1729379】的GSD为【江苏-南京】
2021-07-22 00:02:42 GSD insert 第 1 次 等待 3 秒
2021-07-22 00:02:45 {"status":"ok","gid":350196,"msg":"添加成功！"}
2021-07-22 00:02:45 下次操作: 2021-07-22 00:03:07

2021-07-22 00:03:07 开始第 20 次操作

2021-07-22 00:03:07 开始操作号码 【1729380】
2021-07-22 00:03:10 GSD getOne 第 1 次 等待 3 秒
2021-07-22 00:03:13 查询号码 【1729380】，返回信息 {"status":"bad","msg":""}
2021-07-22 00:03:13 查询号码 【1729380】，GSD为【""】
2021-07-22 00:03:13 bad
2021-07-22 00:03:14 CHB 1729380?1626883393 第 1 次 等待 3 秒
2021-07-22 00:03:17 CHB 1729380?1626883393 第 1 次 获取到号码【1729380】GSD
2021-07-22 00:03:17 获取到号码【1729380】的GSD为【江苏-南京】
2021-07-22 00:03:36 GSD insert 第 1 次 等待 3 秒
2021-07-22 00:03:39 {"status":"ok","gid":350207,"msg":"添加成功！"}
2021-07-22 00:03:39 下次操作: 2021-07-22 00:03:59

2021-07-22 00:03:59 开始第 21 次操作

2021-07-22 00:03:59 开始操作号码 【1729381】
2021-07-22 00:04:09 GSD getOne 第 1 次 等待 3 秒
2021-07-22 00:04:12 查询号码 【1729381】，返回信息 {"status":"bad","msg":""}
2021-07-22 00:04:12 查询号码 【1729381】，GSD为【""】
2021-07-22 00:04:12 bad
2021-07-22 00:04:13 CHB 1729381?1626883452 第 1 次 等待 3 秒
2021-07-22 00:04:16 CHB 1729381?1626883452 第 1 次 获取到号码【1729381】GSD
2021-07-22 00:04:16 获取到号码【1729381】的GSD为【江苏-南京】
2021-07-22 00:05:19 GSD insert 第 1 次 等待 3 秒
2021-07-22 00:05:22 {"status":"ok","gid":350224,"msg":"添加成功！"}
2021-07-22 00:05:22 下次操作: 2021-07-22 00:05:42

2021-07-22 00:05:42 开始第 22 次操作

2021-07-22 00:05:42 开始操作号码 【1729382】
2021-07-22 00:05:45 GSD getOne 第 1 次 等待 3 秒
2021-07-22 00:05:48 查询号码 【1729382】，返回信息 {"status":"bad","msg":""}
2021-07-22 00:05:48 查询号码 【1729382】，GSD为【""】
2021-07-22 00:05:48 bad
2021-07-22 00:05:49 CHB 1729382?1626883548 第 1 次 等待 3 秒
2021-07-22 00:05:52 CHB 1729382?1626883548 第 1 次 获取到号码【1729382】GSD
2021-07-22 00:05:52 获取到号码【1729382】的GSD为【江苏-南京】
2021-07-22 00:06:13 GSD insert 第 1 次 等待 3 秒
2021-07-22 00:06:16 {"status":"ok","gid":350236,"msg":"添加成功！"}
2021-07-22 00:06:16 下次操作: 2021-07-22 00:06:40

2021-07-22 00:06:40 开始第 23 次操作

2021-07-22 00:06:40 开始操作号码 【1729383】
2021-07-22 00:06:44 GSD getOne 第 1 次 等待 3 秒
2021-07-22 00:06:47 查询号码 【1729383】，返回信息 {"status":"bad","msg":""}
2021-07-22 00:06:47 查询号码 【1729383】，GSD为【""】
2021-07-22 00:06:47 bad
2021-07-22 00:06:49 CHB 1729383?1626883607 第 1 次 等待 3 秒
2021-07-22 00:06:52 CHB 1729383?1626883607 第 1 次 获取到号码【1729383】GSD
2021-07-22 00:06:52 获取到号码【1729383】的GSD为【江苏-南京】
2021-07-22 00:07:10 GSD insert 第 1 次 等待 3 秒
2021-07-22 00:07:13 {"status":"ok","gid":350249,"msg":"添加成功！"}
2021-07-22 00:07:13 下次操作: 2021-07-22 00:07:33

2021-07-22 00:07:33 开始第 24 次操作

2021-07-22 00:07:33 开始操作号码 【1729384】
2021-07-22 00:07:36 GSD getOne 第 1 次 等待 3 秒
2021-07-22 00:07:39 查询号码 【1729384】，返回信息 {"status":"bad","msg":""}
2021-07-22 00:07:39 查询号码 【1729384】，GSD为【""】
2021-07-22 00:07:39 bad
2021-07-22 00:07:41 CHB 1729384?1626883659 第 1 次 等待 3 秒
2021-07-22 00:07:44 CHB 1729384?1626883659 第 1 次 获取到号码【1729384】GSD
2021-07-22 00:07:44 获取到号码【1729384】的GSD为【江苏-南京】
2021-07-22 00:08:03 GSD insert 第 1 次 等待 3 秒
2021-07-22 00:08:06 {"status":"ok","gid":350258,"msg":"添加成功！"}
2021-07-22 00:08:06 下次操作: 2021-07-22 00:08:25

2021-07-22 00:08:25 开始第 25 次操作

2021-07-22 00:08:25 开始操作号码 【1729385】
2021-07-22 00:08:30 GSD getOne 第 1 次 等待 3 秒
2021-07-22 00:08:33 查询号码 【1729385】，返回信息 {"status":"bad","msg":""}
2021-07-22 00:08:33 查询号码 【1729385】，GSD为【""】
2021-07-22 00:08:33 bad
2021-07-22 00:08:34 CHB 1729385?1626883713 第 1 次 等待 3 秒
2021-07-22 00:08:37 CHB 1729385?1626883713 第 1 次 获取到号码【1729385】GSD
2021-07-22 00:08:37 获取到号码【1729385】的GSD为【江苏-南京】
2021-07-22 00:08:55 GSD insert 第 1 次 等待 3 秒
2021-07-22 00:08:58 {"status":"ok","gid":350268,"msg":"添加成功！"}
2021-07-22 00:08:58 下次操作: 2021-07-22 00:09:14

2021-07-22 00:09:14 开始第 26 次操作

2021-07-22 00:09:14 开始操作号码 【1729386】
2021-07-22 00:09:19 GSD getOne 第 1 次 等待 3 秒
2021-07-22 00:09:22 查询号码 【1729386】，返回信息 {"status":"bad","msg":""}
2021-07-22 00:09:23 查询号码 【1729386】，GSD为【""】
2021-07-22 00:09:23 bad
2021-07-22 00:09:24 CHB 1729386?1626883763 第 1 次 等待 3 秒
2021-07-22 00:09:27 CHB 1729386?1626883763 第 1 次 获取到号码【1729386】GSD
2021-07-22 00:09:27 获取到号码【1729386】的GSD为【江苏-南京】
2021-07-22 00:09:46 GSD insert 第 1 次 等待 3 秒
2021-07-22 00:09:49 {"status":"ok","gid":350277,"msg":"添加成功！"}
2021-07-22 00:09:49 下次操作: 2021-07-22 00:10:04

2021-07-22 00:10:04 开始第 27 次操作

2021-07-22 00:10:04 开始操作号码 【1729387】
2021-07-22 00:10:08 GSD getOne 第 1 次 等待 3 秒
2021-07-22 00:10:11 查询号码 【1729387】，返回信息 {"status":"bad","msg":""}
2021-07-22 00:10:11 查询号码 【1729387】，GSD为【""】
2021-07-22 00:10:11 bad
2021-07-22 00:10:16 CHB 1729387?1626883811 第 1 次 等待 3 秒
2021-07-22 00:10:19 CHB 1729387?1626883811 第 1 次 获取到号码【1729387】GSD
2021-07-22 00:10:20 获取到号码【1729387】的GSD为【江苏-南京】
2021-07-22 00:10:31 GSD insert 第 1 次 等待 3 秒
2021-07-22 00:10:34 {"status":"ok","gid":350285,"msg":"添加成功！"}
2021-07-22 00:10:34 下次操作: 2021-07-22 00:10:46

2021-07-22 00:10:46 开始第 28 次操作

2021-07-22 00:10:46 开始操作号码 【1729388】
2021-07-22 00:10:57 GSD getOne 第 1 次 等待 3 秒
2021-07-22 00:11:00 查询号码 【1729388】，返回信息 {"status":"bad","msg":""}
2021-07-22 00:11:00 查询号码 【1729388】，GSD为【""】
2021-07-22 00:11:00 bad
2021-07-22 00:11:01 CHB 1729388?1626883860 第 1 次 等待 3 秒
2021-07-22 00:11:04 CHB 1729388?1626883860 第 1 次 获取到号码【1729388】GSD
2021-07-22 00:11:04 获取到号码【1729388】的GSD为【江苏-南京】
2021-07-22 00:11:22 GSD insert 第 1 次 等待 3 秒
2021-07-22 00:11:25 {"status":"ok","gid":350294,"msg":"添加成功！"}
2021-07-22 00:11:25 下次操作: 2021-07-22 00:11:45

2021-07-22 00:11:45 开始第 29 次操作

2021-07-22 00:11:45 开始操作号码 【1729389】
2021-07-22 00:12:01 GSD getOne 第 1 次 等待 3 秒
2021-07-22 00:12:04 查询号码 【1729389】，返回信息 {"status":"bad","msg":""}
2021-07-22 00:12:04 查询号码 【1729389】，GSD为【""】
2021-07-22 00:12:04 bad
2021-07-22 00:12:05 CHB 1729389?1626883924 第 1 次 等待 3 秒
2021-07-22 00:12:08 CHB 1729389?1626883924 第 1 次 获取到号码【1729389】GSD
2021-07-22 00:12:08 获取到号码【1729389】的GSD为【江苏-南京】
2021-07-22 00:12:26 GSD insert 第 1 次 等待 3 秒
2021-07-22 00:12:29 {"status":"ok","gid":350302,"msg":"添加成功！"}
2021-07-22 00:12:29 下次操作: 2021-07-22 00:12:49

2021-07-22 00:12:49 开始第 30 次操作

2021-07-22 00:12:49 开始操作号码 【1729390】
2021-07-22 00:12:57 GSD getOne 第 1 次 等待 3 秒
2021-07-22 00:13:00 查询号码 【1729390】，返回信息 {"status":"bad","msg":""}
2021-07-22 00:13:00 查询号码 【1729390】，GSD为【""】
2021-07-22 00:13:00 bad
2021-07-22 00:13:02 CHB 1729390?1626883980 第 1 次 等待 3 秒
2021-07-22 00:13:05 CHB 1729390?1626883980 第 1 次 获取到号码【1729390】GSD
2021-07-22 00:13:05 获取到号码【1729390】的GSD为【江苏-南京】
2021-07-22 00:13:22 GSD insert 第 1 次 等待 3 秒
2021-07-22 00:13:25 {"status":"ok","gid":350315,"msg":"添加成功！"}
2021-07-22 00:13:25 下次操作: 2021-07-22 00:13:40

2021-07-22 00:13:41 开始第 31 次操作

2021-07-22 00:13:41 开始操作号码 【1729391】
2021-07-22 00:13:48 GSD getOne 第 1 次 等待 3 秒
2021-07-22 00:13:51 查询号码 【1729391】，返回信息 {"status":"bad","msg":""}
2021-07-22 00:13:51 查询号码 【1729391】，GSD为【""】
2021-07-22 00:13:51 bad
2021-07-22 00:13:52 CHB 1729391?1626884031 第 1 次 等待 3 秒
2021-07-22 00:13:55 CHB 1729391?1626884031 第 1 次 获取到号码【1729391】GSD
2021-07-22 00:13:55 获取到号码【1729391】的GSD为【内蒙古-呼和浩特】
2021-07-22 00:14:14 GSD insert 第 1 次 等待 3 秒
2021-07-22 00:14:17 {"status":"ok","gid":350324,"msg":"添加成功！"}
2021-07-22 00:14:17 下次操作: 2021-07-22 00:14:33

2021-07-22 00:14:33 开始第 32 次操作

2021-07-22 00:14:33 开始操作号码 【1729392】
2021-07-22 00:14:39 GSD getOne 第 1 次 等待 3 秒
2021-07-22 00:14:42 查询号码 【1729392】，返回信息 {"status":"bad","msg":""}
2021-07-22 00:14:42 查询号码 【1729392】，GSD为【""】
2021-07-22 00:14:42 bad
2021-07-22 00:14:44 CHB 1729392?1626884082 第 1 次 等待 3 秒
2021-07-22 00:14:47 CHB 1729392?1626884082 第 1 次 获取到号码【1729392】GSD
2021-07-22 00:14:47 获取到号码【1729392】的GSD为【内蒙古-呼和浩特】
2021-07-22 00:15:04 GSD insert 第 1 次 等待 3 秒
2021-07-22 00:15:07 {"status":"ok","gid":350329,"msg":"添加成功！"}
2021-07-22 00:15:07 下次操作: 2021-07-22 00:15:22

2021-07-22 00:15:22 开始第 33 次操作

2021-07-22 00:15:22 开始操作号码 【1729393】
2021-07-22 00:15:26 GSD getOne 第 1 次 等待 3 秒
2021-07-22 00:15:29 查询号码 【1729393】，返回信息 {"status":"bad","msg":""}
2021-07-22 00:15:29 查询号码 【1729393】，GSD为【""】
2021-07-22 00:15:29 bad
2021-07-22 00:15:31 CHB 1729393?1626884129 第 1 次 等待 3 秒
2021-07-22 00:15:34 CHB 1729393?1626884129 第 1 次 获取到号码【1729393】GSD
2021-07-22 00:15:34 获取到号码【1729393】的GSD为【内蒙古-呼和浩特】
2021-07-22 00:16:32 GSD insert 第 1 次 等待 3 秒
2021-07-22 00:16:35 {"status":"ok","gid":350339,"msg":"添加成功！"}
2021-07-22 00:16:35 下次操作: 2021-07-22 00:16:47

2021-07-22 00:16:47 开始第 34 次操作

2021-07-22 00:16:47 开始操作号码 【1729394】
2021-07-22 00:17:02 GSD getOne 第 1 次 等待 3 秒
2021-07-22 00:17:05 查询号码 【1729394】，返回信息 {"status":"bad","msg":""}
2021-07-22 00:17:05 查询号码 【1729394】，GSD为【""】
2021-07-22 00:17:05 bad
2021-07-22 00:17:06 CHB 1729394?1626884225 第 1 次 等待 3 秒
2021-07-22 00:17:09 CHB 1729394?1626884225 第 1 次 获取到号码【1729394】GSD
2021-07-22 00:17:09 获取到号码【1729394】的GSD为【内蒙古-呼和浩特】
2021-07-22 00:18:13 GSD insert 第 1 次 等待 3 秒
2021-07-22 00:18:16 {"status":"ok","gid":350351,"msg":"添加成功！"}
2021-07-22 00:18:16 下次操作: 2021-07-22 00:18:38

2021-07-22 00:18:38 开始第 35 次操作

2021-07-22 00:18:38 开始操作号码 【1729395】
2021-07-22 00:18:40 GSD getOne 第 1 次 等待 3 秒
2021-07-22 00:18:43 查询号码 【1729395】，返回信息 {"status":"bad","msg":""}
2021-07-22 00:18:43 查询号码 【1729395】，GSD为【""】
2021-07-22 00:18:43 bad
2021-07-22 00:18:45 CHB 1729395?1626884323 第 1 次 等待 3 秒
2021-07-22 00:18:48 CHB 1729395?1626884323 第 1 次 获取到号码【1729395】GSD
2021-07-22 00:18:48 获取到号码【1729395】的GSD为【内蒙古-呼和浩特】
2021-07-22 00:19:06 GSD insert 第 1 次 等待 3 秒
2021-07-22 00:19:09 {"status":"ok","gid":350355,"msg":"添加成功！"}
2021-07-22 00:19:09 下次操作: 2021-07-22 00:19:26

2021-07-22 00:19:26 开始第 36 次操作

2021-07-22 00:19:26 开始操作号码 【1729396】
2021-07-22 00:19:33 GSD getOne 第 1 次 等待 3 秒
2021-07-22 00:19:36 查询号码 【1729396】，返回信息 {"status":"bad","msg":""}
2021-07-22 00:19:36 查询号码 【1729396】，GSD为【""】
2021-07-22 00:19:36 bad
2021-07-22 00:19:37 CHB 1729396?1626884376 第 1 次 等待 3 秒
2021-07-22 00:19:40 CHB 1729396?1626884376 第 1 次 获取到号码【1729396】GSD
2021-07-22 00:19:40 获取到号码【1729396】的GSD为【内蒙古-呼和浩特】
2021-07-22 00:19:59 GSD insert 第 1 次 等待 3 秒
2021-07-22 00:20:02 {"status":"ok","gid":350360,"msg":"添加成功！"}
2021-07-22 00:20:02 下次操作: 2021-07-22 00:20:20

2021-07-22 00:20:20 开始第 37 次操作

2021-07-22 00:20:20 开始操作号码 【1729397】
2021-07-22 00:20:28 GSD getOne 第 1 次 等待 3 秒
2021-07-22 00:20:31 查询号码 【1729397】，返回信息 {"status":"bad","msg":""}
2021-07-22 00:20:31 查询号码 【1729397】，GSD为【""】
2021-07-22 00:20:31 bad
2021-07-22 00:20:32 CHB 1729397?1626884431 第 1 次 等待 3 秒
2021-07-22 00:20:35 CHB 1729397?1626884431 第 1 次 获取到号码【1729397】GSD
2021-07-22 00:20:35 获取到号码【1729397】的GSD为【内蒙古-呼和浩特】
2021-07-22 00:20:53 GSD insert 第 1 次 等待 3 秒
2021-07-22 00:20:56 {"status":"ok","gid":350366,"msg":"添加成功！"}
2021-07-22 00:20:56 下次操作: 2021-07-22 00:21:17

2021-07-22 00:21:17 开始第 38 次操作

2021-07-22 00:21:17 开始操作号码 【1729398】
2021-07-22 00:21:21 GSD getOne 第 1 次 等待 3 秒
2021-07-22 00:21:24 查询号码 【1729398】，返回信息 {"status":"bad","msg":""}
2021-07-22 00:21:24 查询号码 【1729398】，GSD为【""】
2021-07-22 00:21:24 bad
2021-07-22 00:21:26 CHB 1729398?1626884484 第 1 次 等待 3 秒
2021-07-22 00:21:29 CHB 1729398?1626884484 第 1 次 获取到号码【1729398】GSD
2021-07-22 00:21:29 获取到号码【1729398】的GSD为【内蒙古-呼和浩特】
2021-07-22 00:21:47 GSD insert 第 1 次 等待 3 秒
2021-07-22 00:21:50 {"status":"ok","gid":350373,"msg":"添加成功！"}
2021-07-22 00:21:50 下次操作: 2021-07-22 00:22:05

2021-07-22 00:22:05 开始第 39 次操作

2021-07-22 00:22:05 开始操作号码 【1729399】
2021-07-22 00:22:11 GSD getOne 第 1 次 等待 3 秒
2021-07-22 00:22:14 查询号码 【1729399】，返回信息 {"status":"bad","msg":""}
2021-07-22 00:22:14 查询号码 【1729399】，GSD为【""】
2021-07-22 00:22:14 bad
2021-07-22 00:22:15 CHB 1729399?1626884534 第 1 次 等待 3 秒
2021-07-22 00:22:18 CHB 1729399?1626884534 第 1 次 获取到号码【1729399】GSD
2021-07-22 00:22:18 获取到号码【1729399】的GSD为【内蒙古-呼和浩特】
2021-07-22 00:22:36 GSD insert 第 1 次 等待 3 秒
2021-07-22 00:22:39 {"status":"ok","gid":350379,"msg":"添加成功！"}
2021-07-22 00:22:39 下次操作: 2021-07-22 00:23:03

2021-07-22 00:23:03 开始第 40 次操作

2021-07-22 00:23:03 开始操作号码 【1729400】
2021-07-22 00:23:08 GSD getOne 第 1 次 等待 3 秒
2021-07-22 00:23:11 查询号码 【1729400】，返回信息 {"status":"bad","msg":""}
2021-07-22 00:23:11 查询号码 【1729400】，GSD为【""】
2021-07-22 00:23:11 bad
2021-07-22 00:23:12 CHB 1729400?1626884591 第 1 次 等待 3 秒
2021-07-22 00:23:15 CHB 1729400?1626884591 第 1 次 获取到号码【1729400】GSD
2021-07-22 00:23:16 获取到号码【1729400】的GSD为【辽宁-沈阳】
2021-07-22 00:23:36 GSD insert 第 1 次 等待 3 秒
2021-07-22 00:23:39 {"status":"ok","gid":350386,"msg":"添加成功！"}

2021-07-22 01:02:48 开始第 1 次操作

2021-07-22 01:02:48 开始操作号码 【1729401】
2021-07-22 01:02:54 GSD getOne 第 1 次 等待 3 秒
2021-07-22 01:02:57 查询号码 【1729401】，返回信息 {"status":"bad","msg":""}
2021-07-22 01:02:57 查询号码 【1729401】，GSD为【""】
2021-07-22 01:02:57 bad
2021-07-22 01:02:58 CHB 1729401?1626886977 第 1 次 等待 3 秒
2021-07-22 01:03:01 CHB 1729401?1626886977 第 1 次 未获取到 等待 24 秒 下次操作: 2021-07-22 01:03:25
2021-07-22 01:03:26 CHB 1729401?1626887005 第 2 次 等待 3 秒
2021-07-22 01:03:29 CHB 1729401?1626887005 第 2 次 未获取到 等待 14 秒 下次操作: 2021-07-22 01:03:43
2021-07-22 01:03:43 CHB 1729401?1626887023 第 3 次 等待 3 秒
2021-07-22 01:03:46 CHB 1729401?1626887023 第 3 次 跳过号码【1729401】
2021-07-22 01:03:46 未获取到号码【1729401】源码
2021-07-22 01:03:46 获取到号码【1729401】的GSD为【-】
2021-07-22 01:03:51 GSD insert 第 1 次 等待 3 秒
2021-07-22 01:03:54 {"status":"ok","gid":350479,"msg":"添加成功！"}
2021-07-22 01:03:54 下次操作: 2021-07-22 01:04:10

2021-07-22 01:04:10 开始第 2 次操作

2021-07-22 01:04:10 开始操作号码 【1729402】
2021-07-22 01:04:14 GSD getOne 第 1 次 等待 3 秒
2021-07-22 01:04:17 查询号码 【1729402】，返回信息 {"status":"bad","msg":""}
2021-07-22 01:04:18 查询号码 【1729402】，GSD为【""】
2021-07-22 01:04:18 bad
2021-07-22 01:04:18 CHB 1729402?1626887058 第 1 次 等待 3 秒
2021-07-22 01:04:21 CHB 1729402?1626887058 第 1 次 未获取到 等待 12 秒 下次操作: 2021-07-22 01:04:33
2021-07-22 01:04:37 CHB 1729402?1626887073 第 2 次 等待 3 秒
2021-07-22 01:04:40 CHB 1729402?1626887073 第 2 次 未获取到 等待 23 秒 下次操作: 2021-07-22 01:05:03
2021-07-22 01:05:03 CHB 1729402?1626887103 第 3 次 等待 3 秒
2021-07-22 01:05:06 CHB 1729402?1626887103 第 3 次 跳过号码【1729402】
2021-07-22 01:05:06 未获取到号码【1729402】源码
2021-07-22 01:05:06 获取到号码【1729402】的GSD为【-】
2021-07-22 01:05:12 GSD insert 第 1 次 等待 3 秒
2021-07-22 01:05:15 {"status":"ok","gid":350490,"msg":"添加成功！"}
2021-07-22 01:05:15 下次操作: 2021-07-22 01:05:34

2021-07-22 01:05:34 开始第 3 次操作

2021-07-22 01:05:34 开始操作号码 【1729403】
2021-07-22 01:05:39 GSD getOne 第 1 次 等待 3 秒
2021-07-22 01:05:42 查询号码 【1729403】，返回信息 {"status":"bad","msg":""}
2021-07-22 01:05:42 查询号码 【1729403】，GSD为【""】
2021-07-22 01:05:42 bad
2021-07-22 01:05:42 CHB 1729403?1626887142 第 1 次 等待 3 秒
2021-07-22 01:05:45 CHB 1729403?1626887142 第 1 次 未获取到 等待 13 秒 下次操作: 2021-07-22 01:05:58
2021-07-22 01:05:59 CHB 1729403?1626887158 第 2 次 等待 3 秒
2021-07-22 01:06:02 CHB 1729403?1626887158 第 2 次 未获取到 等待 23 秒 下次操作: 2021-07-22 01:06:25
2021-07-22 01:06:25 CHB 1729403?1626887185 第 3 次 等待 3 秒
2021-07-22 01:06:28 CHB 1729403?1626887185 第 3 次 跳过号码【1729403】
2021-07-22 01:06:28 未获取到号码【1729403】源码
2021-07-22 01:06:28 获取到号码【1729403】的GSD为【-】
2021-07-22 01:06:33 GSD insert 第 1 次 等待 3 秒
2021-07-22 01:06:36 {"status":"ok","gid":350504,"msg":"添加成功！"}
2021-07-22 01:06:36 下次操作: 2021-07-22 01:06:56

2021-07-22 01:06:56 开始第 4 次操作

2021-07-22 01:06:56 开始操作号码 【1729404】
2021-07-22 01:07:00 GSD getOne 第 1 次 等待 3 秒
2021-07-22 01:07:03 查询号码 【1729404】，返回信息 {"status":"bad","msg":""}
2021-07-22 01:07:03 查询号码 【1729404】，GSD为【""】
2021-07-22 01:07:03 bad
2021-07-22 01:07:04 CHB 1729404?1626887223 第 1 次 等待 3 秒
2021-07-22 01:07:07 CHB 1729404?1626887223 第 1 次 未获取到 等待 22 秒 下次操作: 2021-07-22 01:07:29
2021-07-22 01:07:29 CHB 1729404?1626887249 第 2 次 等待 3 秒
2021-07-22 01:07:32 CHB 1729404?1626887249 第 2 次 未获取到 等待 24 秒 下次操作: 2021-07-22 01:07:56
2021-07-22 01:07:57 CHB 1729404?1626887276 第 3 次 等待 3 秒
2021-07-22 01:08:00 CHB 1729404?1626887276 第 3 次 跳过号码【1729404】
2021-07-22 01:08:00 未获取到号码【1729404】源码
2021-07-22 01:08:00 获取到号码【1729404】的GSD为【-】
2021-07-22 01:08:02 GSD insert 第 1 次 等待 3 秒
2021-07-22 01:08:05 {"status":"ok","gid":350520,"msg":"添加成功！"}
2021-07-22 01:08:05 下次操作: 2021-07-22 01:08:20

2021-07-22 01:08:20 开始第 5 次操作

2021-07-22 01:08:20 开始操作号码 【1729405】
2021-07-22 01:08:23 GSD getOne 第 1 次 等待 3 秒
2021-07-22 01:08:26 查询号码 【1729405】，返回信息 {"status":"bad","msg":""}
2021-07-22 01:08:26 查询号码 【1729405】，GSD为【""】
2021-07-22 01:08:26 bad
2021-07-22 01:08:27 CHB 1729405?1626887306 第 1 次 等待 3 秒
2021-07-22 01:08:30 CHB 1729405?1626887306 第 1 次 未获取到 等待 13 秒 下次操作: 2021-07-22 01:08:43
2021-07-22 01:08:43 CHB 1729405?1626887323 第 2 次 等待 3 秒
2021-07-22 01:08:46 CHB 1729405?1626887323 第 2 次 未获取到 等待 19 秒 下次操作: 2021-07-22 01:09:05
2021-07-22 01:09:06 CHB 1729405?1626887345 第 3 次 等待 3 秒
2021-07-22 01:09:09 CHB 1729405?1626887345 第 3 次 跳过号码【1729405】
2021-07-22 01:09:09 未获取到号码【1729405】源码
2021-07-22 01:09:09 获取到号码【1729405】的GSD为【-】
2021-07-22 01:09:30 GSD insert 第 1 次 等待 3 秒
2021-07-22 01:09:33 {"status":"ok","gid":350533,"msg":"添加成功！"}
2021-07-22 01:09:33 下次操作: 2021-07-22 01:09:56

2021-07-22 01:09:56 开始第 6 次操作

2021-07-22 01:09:56 开始操作号码 【1729406】
2021-07-22 01:09:59 GSD getOne 第 1 次 等待 3 秒
2021-07-22 01:10:02 查询号码 【1729406】，返回信息 {"status":"bad","msg":""}
2021-07-22 01:10:02 查询号码 【1729406】，GSD为【""】
2021-07-22 01:10:02 bad
2021-07-22 01:10:03 CHB 1729406?1626887402 第 1 次 等待 3 秒
2021-07-22 01:10:06 CHB 1729406?1626887402 第 1 次 未获取到 等待 16 秒 下次操作: 2021-07-22 01:10:22
2021-07-22 01:10:23 CHB 1729406?1626887422 第 2 次 等待 3 秒
2021-07-22 01:10:26 CHB 1729406?1626887422 第 2 次 未获取到 等待 18 秒 下次操作: 2021-07-22 01:10:44
2021-07-22 01:10:44 CHB 1729406?1626887444 第 3 次 等待 3 秒
2021-07-22 01:10:47 CHB 1729406?1626887444 第 3 次 跳过号码【1729406】
2021-07-22 01:10:47 未获取到号码【1729406】源码
2021-07-22 01:10:47 获取到号码【1729406】的GSD为【-】
2021-07-22 01:10:53 GSD insert 第 1 次 等待 3 秒
2021-07-22 01:10:56 {"status":"ok","gid":350546,"msg":"添加成功！"}
2021-07-22 01:10:56 下次操作: 2021-07-22 01:11:10

2021-07-22 01:11:10 开始第 7 次操作

2021-07-22 01:11:10 开始操作号码 【1729407】
2021-07-22 01:11:12 GSD getOne 第 1 次 等待 3 秒
2021-07-22 01:11:15 查询号码 【1729407】，返回信息 {"status":"bad","msg":""}
2021-07-22 01:11:15 查询号码 【1729407】，GSD为【""】
2021-07-22 01:11:15 bad
2021-07-22 01:11:16 CHB 1729407?1626887475 第 1 次 等待 3 秒
2021-07-22 01:11:19 CHB 1729407?1626887475 第 1 次 未获取到 等待 23 秒 下次操作: 2021-07-22 01:11:42
2021-07-22 01:11:42 CHB 1729407?1626887502 第 2 次 等待 3 秒
2021-07-22 01:11:45 CHB 1729407?1626887502 第 2 次 未获取到 等待 13 秒 下次操作: 2021-07-22 01:11:58
2021-07-22 01:11:59 CHB 1729407?1626887518 第 3 次 等待 3 秒
2021-07-22 01:12:02 CHB 1729407?1626887518 第 3 次 跳过号码【1729407】
2021-07-22 01:12:02 未获取到号码【1729407】源码
2021-07-22 01:12:02 获取到号码【1729407】的GSD为【-】
2021-07-22 01:12:04 GSD insert 第 1 次 等待 3 秒
2021-07-22 01:12:07 {"status":"ok","gid":350556,"msg":"添加成功！"}
2021-07-22 01:12:07 下次操作: 2021-07-22 01:12:28

2021-07-22 01:12:28 开始第 8 次操作

2021-07-22 01:12:28 开始操作号码 【1729408】
2021-07-22 01:12:32 GSD getOne 第 1 次 等待 3 秒
2021-07-22 01:12:35 查询号码 【1729408】，返回信息 {"status":"bad","msg":""}
2021-07-22 01:12:35 查询号码 【1729408】，GSD为【""】
2021-07-22 01:12:35 bad
2021-07-22 01:12:36 CHB 1729408?1626887555 第 1 次 等待 3 秒
2021-07-22 01:12:39 CHB 1729408?1626887555 第 1 次 未获取到 等待 12 秒 下次操作: 2021-07-22 01:12:51
2021-07-22 01:12:51 CHB 1729408?1626887571 第 2 次 等待 3 秒
2021-07-22 01:12:54 CHB 1729408?1626887571 第 2 次 未获取到 等待 16 秒 下次操作: 2021-07-22 01:13:10
2021-07-22 01:13:10 CHB 1729408?1626887590 第 3 次 等待 3 秒
2021-07-22 01:13:13 CHB 1729408?1626887590 第 3 次 跳过号码【1729408】
2021-07-22 01:13:13 未获取到号码【1729408】源码
2021-07-22 01:13:13 获取到号码【1729408】的GSD为【-】
2021-07-22 01:13:16 GSD insert 第 1 次 等待 3 秒
2021-07-22 01:13:19 {"status":"ok","gid":350568,"msg":"添加成功！"}
2021-07-22 01:13:19 下次操作: 2021-07-22 01:13:33

2021-07-22 01:13:33 开始第 9 次操作

2021-07-22 01:13:33 开始操作号码 【1729409】
2021-07-22 01:13:38 GSD getOne 第 1 次 等待 3 秒
2021-07-22 01:13:41 查询号码 【1729409】，返回信息 {"status":"bad","msg":""}
2021-07-22 01:13:42 查询号码 【1729409】，GSD为【""】
2021-07-22 01:13:42 bad
2021-07-22 01:13:42 CHB 1729409?1626887622 第 1 次 等待 3 秒
2021-07-22 01:13:45 CHB 1729409?1626887622 第 1 次 未获取到 等待 15 秒 下次操作: 2021-07-22 01:14:00
2021-07-22 01:14:00 CHB 1729409?1626887640 第 2 次 等待 3 秒
2021-07-22 01:14:03 CHB 1729409?1626887640 第 2 次 未获取到 等待 13 秒 下次操作: 2021-07-22 01:14:16
2021-07-22 01:14:17 CHB 1729409?1626887656 第 3 次 等待 3 秒
2021-07-22 01:14:20 CHB 1729409?1626887656 第 3 次 跳过号码【1729409】
2021-07-22 01:14:20 未获取到号码【1729409】源码
2021-07-22 01:14:20 获取到号码【1729409】的GSD为【-】
2021-07-22 01:14:27 GSD insert 第 1 次 等待 3 秒
2021-07-22 01:14:30 {"status":"ok","gid":350579,"msg":"添加成功！"}
2021-07-22 01:14:30 下次操作: 2021-07-22 01:14:42

2021-07-22 01:14:42 开始第 10 次操作

2021-07-22 01:14:42 开始操作号码 【1729410】
2021-07-22 01:14:45 GSD getOne 第 1 次 等待 3 秒
2021-07-22 01:14:48 查询号码 【1729410】，返回信息 {"status":"bad","msg":""}
2021-07-22 01:14:48 查询号码 【1729410】，GSD为【""】
2021-07-22 01:14:48 bad
2021-07-22 01:14:49 CHB 1729410?1626887688 第 1 次 等待 3 秒
2021-07-22 01:14:52 CHB 1729410?1626887688 第 1 次 未获取到 等待 12 秒 下次操作: 2021-07-22 01:15:04
2021-07-22 01:15:04 CHB 1729410?1626887704 第 2 次 等待 3 秒
2021-07-22 01:15:07 CHB 1729410?1626887704 第 2 次 未获取到 等待 12 秒 下次操作: 2021-07-22 01:15:19
2021-07-22 01:15:20 CHB 1729410?1626887719 第 3 次 等待 3 秒
2021-07-22 01:15:23 CHB 1729410?1626887719 第 3 次 跳过号码【1729410】
2021-07-22 01:15:23 未获取到号码【1729410】源码
2021-07-22 01:15:23 获取到号码【1729410】的GSD为【-】
2021-07-22 01:15:25 GSD insert 第 1 次 等待 3 秒
2021-07-22 01:15:28 {"status":"ok","gid":350591,"msg":"添加成功！"}
2021-07-22 01:15:28 下次操作: 2021-07-22 01:15:46

2021-07-22 01:15:46 开始第 11 次操作

2021-07-22 01:15:46 开始操作号码 【1729411】
2021-07-22 01:15:49 GSD getOne 第 1 次 等待 3 秒
2021-07-22 01:15:52 查询号码 【1729411】，返回信息 {"status":"bad","msg":""}
2021-07-22 01:15:52 查询号码 【1729411】，GSD为【""】
2021-07-22 01:15:52 bad
2021-07-22 01:15:53 CHB 1729411?1626887752 第 1 次 等待 3 秒
2021-07-22 01:15:56 CHB 1729411?1626887752 第 1 次 未获取到 等待 19 秒 下次操作: 2021-07-22 01:16:15
2021-07-22 01:16:15 CHB 1729411?1626887775 第 2 次 等待 3 秒
2021-07-22 01:16:18 CHB 1729411?1626887775 第 2 次 未获取到 等待 22 秒 下次操作: 2021-07-22 01:16:40
2021-07-22 01:16:41 CHB 1729411?1626887800 第 3 次 等待 3 秒
2021-07-22 01:16:44 CHB 1729411?1626887800 第 3 次 跳过号码【1729411】
2021-07-22 01:16:44 未获取到号码【1729411】源码
2021-07-22 01:16:44 获取到号码【1729411】的GSD为【-】
2021-07-22 01:16:46 GSD insert 第 1 次 等待 3 秒
2021-07-22 01:16:49 {"status":"ok","gid":350605,"msg":"添加成功！"}
2021-07-22 01:16:49 下次操作: 2021-07-22 01:17:01

2021-07-22 01:17:01 开始第 12 次操作

2021-07-22 01:17:01 开始操作号码 【1729412】
2021-07-22 01:17:05 GSD getOne 第 1 次 等待 3 秒
2021-07-22 01:17:08 查询号码 【1729412】，返回信息 {"status":"bad","msg":""}
2021-07-22 01:17:08 查询号码 【1729412】，GSD为【""】
2021-07-22 01:17:08 bad
2021-07-22 01:17:08 CHB 1729412?1626887828 第 1 次 等待 3 秒
2021-07-22 01:17:11 CHB 1729412?1626887828 第 1 次 未获取到 等待 22 秒 下次操作: 2021-07-22 01:17:33
2021-07-22 01:17:34 CHB 1729412?1626887853 第 2 次 等待 3 秒
2021-07-22 01:17:37 CHB 1729412?1626887853 第 2 次 未获取到 等待 12 秒 下次操作: 2021-07-22 01:17:49
2021-07-22 01:17:49 CHB 1729412?1626887869 第 3 次 等待 3 秒
2021-07-22 01:17:52 CHB 1729412?1626887869 第 3 次 跳过号码【1729412】
2021-07-22 01:17:52 未获取到号码【1729412】源码
2021-07-22 01:17:52 获取到号码【1729412】的GSD为【-】
2021-07-22 01:17:55 GSD insert 第 1 次 等待 3 秒
2021-07-22 01:17:58 {"status":"ok","gid":350617,"msg":"添加成功！"}
2021-07-22 01:17:58 下次操作: 2021-07-22 01:18:12

2021-07-22 01:18:12 开始第 13 次操作

2021-07-22 01:18:12 开始操作号码 【1729413】
2021-07-22 01:18:14 GSD getOne 第 1 次 等待 3 秒
2021-07-22 01:18:17 查询号码 【1729413】，返回信息 {"status":"bad","msg":""}
2021-07-22 01:18:18 查询号码 【1729413】，GSD为【""】
2021-07-22 01:18:18 bad
2021-07-22 01:18:18 CHB 1729413?1626887898 第 1 次 等待 3 秒
2021-07-22 01:18:21 CHB 1729413?1626887898 第 1 次 未获取到 等待 12 秒 下次操作: 2021-07-22 01:18:33
2021-07-22 01:18:33 CHB 1729413?1626887913 第 2 次 等待 3 秒
2021-07-22 01:18:36 CHB 1729413?1626887913 第 2 次 未获取到 等待 16 秒 下次操作: 2021-07-22 01:18:52
2021-07-22 01:18:53 CHB 1729413?1626887932 第 3 次 等待 3 秒
2021-07-22 01:18:56 CHB 1729413?1626887932 第 3 次 跳过号码【1729413】
2021-07-22 01:18:56 未获取到号码【1729413】源码
2021-07-22 01:18:56 获取到号码【1729413】的GSD为【-】
2021-07-22 01:18:59 GSD insert 第 1 次 等待 3 秒
2021-07-22 01:19:02 {"status":"ok","gid":350626,"msg":"添加成功！"}
2021-07-22 01:19:03 下次操作: 2021-07-22 01:19:18

2021-07-22 01:19:18 开始第 14 次操作

2021-07-22 01:19:18 开始操作号码 【1729414】
2021-07-22 01:19:21 GSD getOne 第 1 次 等待 3 秒
2021-07-22 01:19:24 查询号码 【1729414】，返回信息 {"status":"bad","msg":""}
2021-07-22 01:19:24 查询号码 【1729414】，GSD为【""】
2021-07-22 01:19:24 bad
2021-07-22 01:19:25 CHB 1729414?1626887964 第 1 次 等待 3 秒
2021-07-22 01:19:28 CHB 1729414?1626887964 第 1 次 未获取到 等待 17 秒 下次操作: 2021-07-22 01:19:45
2021-07-22 01:19:45 CHB 1729414?1626887985 第 2 次 等待 3 秒
2021-07-22 01:19:48 CHB 1729414?1626887985 第 2 次 未获取到 等待 21 秒 下次操作: 2021-07-22 01:20:09
2021-07-22 01:20:10 CHB 1729414?1626888009 第 3 次 等待 3 秒
2021-07-22 01:20:13 CHB 1729414?1626888009 第 3 次 跳过号码【1729414】
2021-07-22 01:20:13 未获取到号码【1729414】源码
2021-07-22 01:20:13 获取到号码【1729414】的GSD为【-】
2021-07-22 01:20:15 GSD insert 第 1 次 等待 3 秒
2021-07-22 01:20:18 {"status":"ok","gid":350641,"msg":"添加成功！"}
2021-07-22 01:20:18 下次操作: 2021-07-22 01:20:42

2021-07-22 01:20:42 开始第 15 次操作

2021-07-22 01:20:42 开始操作号码 【1729415】
2021-07-22 01:20:45 GSD getOne 第 1 次 等待 3 秒
2021-07-22 01:20:48 查询号码 【1729415】，返回信息 {"status":"bad","msg":""}
2021-07-22 01:20:48 查询号码 【1729415】，GSD为【""】
2021-07-22 01:20:48 bad
2021-07-22 01:20:48 CHB 1729415?1626888048 第 1 次 等待 3 秒
2021-07-22 01:20:51 CHB 1729415?1626888048 第 1 次 未获取到 等待 17 秒 下次操作: 2021-07-22 01:21:08
2021-07-22 01:21:09 CHB 1729415?1626888068 第 2 次 等待 3 秒
2021-07-22 01:21:12 CHB 1729415?1626888068 第 2 次 未获取到 等待 22 秒 下次操作: 2021-07-22 01:21:34
2021-07-22 01:21:34 CHB 1729415?1626888094 第 3 次 等待 3 秒
2021-07-22 01:21:37 CHB 1729415?1626888094 第 3 次 跳过号码【1729415】
2021-07-22 01:21:37 未获取到号码【1729415】源码
2021-07-22 01:21:37 获取到号码【1729415】的GSD为【-】
2021-07-22 01:21:40 GSD insert 第 1 次 等待 3 秒
2021-07-22 01:21:43 {"status":"ok","gid":350655,"msg":"添加成功！"}
2021-07-22 01:21:43 下次操作: 2021-07-22 01:21:58

2021-07-22 01:21:58 开始第 16 次操作

2021-07-22 01:21:58 开始操作号码 【1729416】
2021-07-22 01:22:20 GSD getOne 第 1 次 等待 3 秒
2021-07-22 01:22:23 查询号码 【1729416】，返回信息 {"status":"bad","msg":""}
2021-07-22 01:22:23 查询号码 【1729416】，GSD为【""】
2021-07-22 01:22:23 bad
2021-07-22 01:22:24 CHB 1729416?1626888143 第 1 次 等待 3 秒
2021-07-22 01:22:27 CHB 1729416?1626888143 第 1 次 未获取到 等待 23 秒 下次操作: 2021-07-22 01:22:50
2021-07-22 01:22:50 CHB 1729416?1626888170 第 2 次 等待 3 秒
2021-07-22 01:22:53 CHB 1729416?1626888170 第 2 次 未获取到 等待 18 秒 下次操作: 2021-07-22 01:23:11
2021-07-22 01:23:12 CHB 1729416?1626888191 第 3 次 等待 3 秒
2021-07-22 01:23:15 CHB 1729416?1626888191 第 3 次 跳过号码【1729416】
2021-07-22 01:23:15 未获取到号码【1729416】源码
2021-07-22 01:23:15 获取到号码【1729416】的GSD为【-】
2021-07-22 01:23:28 GSD insert 第 1 次 等待 3 秒
2021-07-22 01:23:31 {"status":"ok","gid":350670,"msg":"添加成功！"}
2021-07-22 01:23:31 下次操作: 2021-07-22 01:23:52

2021-07-22 01:23:52 开始第 17 次操作

2021-07-22 01:23:52 开始操作号码 【1729417】
2021-07-22 01:23:55 GSD getOne 第 1 次 等待 3 秒
2021-07-22 01:23:58 查询号码 【1729417】，返回信息 {"status":"bad","msg":""}
2021-07-22 01:23:58 查询号码 【1729417】，GSD为【""】
2021-07-22 01:23:58 bad
2021-07-22 01:23:59 CHB 1729417?1626888238 第 1 次 等待 3 秒
2021-07-22 01:24:02 CHB 1729417?1626888238 第 1 次 未获取到 等待 22 秒 下次操作: 2021-07-22 01:24:24
2021-07-22 01:24:24 CHB 1729417?1626888264 第 2 次 等待 3 秒
2021-07-22 01:24:27 CHB 1729417?1626888264 第 2 次 未获取到 等待 14 秒 下次操作: 2021-07-22 01:24:41
2021-07-22 01:24:42 CHB 1729417?1626888281 第 3 次 等待 3 秒
2021-07-22 01:24:45 CHB 1729417?1626888281 第 3 次 跳过号码【1729417】
2021-07-22 01:24:45 未获取到号码【1729417】源码
2021-07-22 01:24:45 获取到号码【1729417】的GSD为【-】
2021-07-22 01:25:04 GSD insert 第 1 次 等待 3 秒
2021-07-22 01:25:07 {"status":"ok","gid":350680,"msg":"添加成功！"}
2021-07-22 01:25:07 下次操作: 2021-07-22 01:25:26

2021-07-22 01:25:26 开始第 18 次操作

2021-07-22 01:25:26 开始操作号码 【1729418】
2021-07-22 01:25:28 GSD getOne 第 1 次 等待 3 秒
2021-07-22 01:25:31 查询号码 【1729418】，返回信息 {"status":"bad","msg":""}
2021-07-22 01:25:31 查询号码 【1729418】，GSD为【""】
2021-07-22 01:25:31 bad
2021-07-22 01:25:32 CHB 1729418?1626888331 第 1 次 等待 3 秒
2021-07-22 01:25:35 CHB 1729418?1626888331 第 1 次 未获取到 等待 15 秒 下次操作: 2021-07-22 01:25:50
2021-07-22 01:25:50 CHB 1729418?1626888350 第 2 次 等待 3 秒
2021-07-22 01:25:53 CHB 1729418?1626888350 第 2 次 未获取到 等待 18 秒 下次操作: 2021-07-22 01:26:11
2021-07-22 01:26:12 CHB 1729418?1626888371 第 3 次 等待 3 秒
2021-07-22 01:26:15 CHB 1729418?1626888371 第 3 次 跳过号码【1729418】
2021-07-22 01:26:15 未获取到号码【1729418】源码
2021-07-22 01:26:15 获取到号码【1729418】的GSD为【-】
2021-07-22 01:26:17 GSD insert 第 1 次 等待 3 秒
2021-07-22 01:26:20 {"status":"ok","gid":350693,"msg":"添加成功！"}
2021-07-22 01:26:20 下次操作: 2021-07-22 01:26:33

2021-07-22 01:26:33 开始第 19 次操作

2021-07-22 01:26:33 开始操作号码 【1729419】
2021-07-22 01:26:36 GSD getOne 第 1 次 等待 3 秒
2021-07-22 01:26:39 查询号码 【1729419】，返回信息 {"status":"bad","msg":""}
2021-07-22 01:26:39 查询号码 【1729419】，GSD为【""】
2021-07-22 01:26:39 bad
2021-07-22 01:26:40 CHB 1729419?1626888399 第 1 次 等待 3 秒
2021-07-22 01:26:43 CHB 1729419?1626888399 第 1 次 未获取到 等待 17 秒 下次操作: 2021-07-22 01:27:00
2021-07-22 01:27:00 CHB 1729419?1626888420 第 2 次 等待 3 秒
2021-07-22 01:27:03 CHB 1729419?1626888420 第 2 次 未获取到 等待 18 秒 下次操作: 2021-07-22 01:27:21
2021-07-22 01:27:22 CHB 1729419?1626888441 第 3 次 等待 3 秒
2021-07-22 01:27:25 CHB 1729419?1626888441 第 3 次 跳过号码【1729419】
2021-07-22 01:27:25 未获取到号码【1729419】源码
2021-07-22 01:27:25 获取到号码【1729419】的GSD为【-】
2021-07-22 01:27:27 GSD insert 第 1 次 等待 3 秒
2021-07-22 01:27:30 {"status":"ok","gid":350703,"msg":"添加成功！"}
2021-07-22 01:27:30 下次操作: 2021-07-22 01:27:45

2021-07-22 01:27:45 开始第 20 次操作

2021-07-22 01:27:45 开始操作号码 【1729420】
2021-07-22 01:27:48 GSD getOne 第 1 次 等待 3 秒
2021-07-22 01:27:51 查询号码 【1729420】，返回信息 {"status":"bad","msg":""}
2021-07-22 01:27:51 查询号码 【1729420】，GSD为【""】
2021-07-22 01:27:51 bad
2021-07-22 01:27:51 CHB 1729420?1626888471 第 1 次 等待 3 秒
2021-07-22 01:27:54 CHB 1729420?1626888471 第 1 次 未获取到 等待 15 秒 下次操作: 2021-07-22 01:28:09
2021-07-22 01:28:10 CHB 1729420?1626888489 第 2 次 等待 3 秒
2021-07-22 01:28:13 CHB 1729420?1626888489 第 2 次 未获取到 等待 17 秒 下次操作: 2021-07-22 01:28:30
2021-07-22 01:28:31 CHB 1729420?1626888510 第 3 次 等待 3 秒
2021-07-22 01:28:34 CHB 1729420?1626888510 第 3 次 跳过号码【1729420】
2021-07-22 01:28:34 未获取到号码【1729420】源码
2021-07-22 01:28:34 获取到号码【1729420】的GSD为【-】
2021-07-22 01:28:36 GSD insert 第 1 次 等待 3 秒
2021-07-22 01:28:39 {"status":"ok","gid":350711,"msg":"添加成功！"}
2021-07-22 01:28:39 下次操作: 2021-07-22 01:29:01

2021-07-22 01:29:01 开始第 21 次操作

2021-07-22 01:29:01 开始操作号码 【1729421】
2021-07-22 01:29:31 GSD getOne 第 1 次 等待 3 秒
2021-07-22 01:29:34 查询号码 【1729421】，返回信息 {"status":"bad","msg":""}
2021-07-22 01:29:34 查询号码 【1729421】，GSD为【""】
2021-07-22 01:29:34 bad
2021-07-22 01:29:35 CHB 1729421?1626888574 第 1 次 等待 3 秒
2021-07-22 01:29:38 CHB 1729421?1626888574 第 1 次 未获取到 等待 12 秒 下次操作: 2021-07-22 01:29:50
2021-07-22 01:29:50 CHB 1729421?1626888590 第 2 次 等待 3 秒
2021-07-22 01:29:53 CHB 1729421?1626888590 第 2 次 未获取到 等待 12 秒 下次操作: 2021-07-22 01:30:05
2021-07-22 01:30:06 CHB 1729421?1626888605 第 3 次 等待 3 秒
2021-07-22 01:30:09 CHB 1729421?1626888605 第 3 次 跳过号码【1729421】
2021-07-22 01:30:09 未获取到号码【1729421】源码
2021-07-22 01:30:09 获取到号码【1729421】的GSD为【-】
2021-07-22 01:30:13 GSD insert 第 1 次 等待 3 秒
2021-07-22 01:30:16 {"status":"ok","gid":350725,"msg":"添加成功！"}
2021-07-22 01:30:16 下次操作: 2021-07-22 01:30:34

2021-07-22 01:30:34 开始第 22 次操作

2021-07-22 01:30:34 开始操作号码 【1729422】
2021-07-22 01:30:37 GSD getOne 第 1 次 等待 3 秒
2021-07-22 01:30:40 查询号码 【1729422】，返回信息 {"status":"bad","msg":""}
2021-07-22 01:30:40 查询号码 【1729422】，GSD为【""】
2021-07-22 01:30:40 bad
2021-07-22 01:30:41 CHB 1729422?1626888640 第 1 次 等待 3 秒
2021-07-22 01:30:44 CHB 1729422?1626888640 第 1 次 未获取到 等待 19 秒 下次操作: 2021-07-22 01:31:03
2021-07-22 01:31:03 CHB 1729422?1626888663 第 2 次 等待 3 秒
2021-07-22 01:31:06 CHB 1729422?1626888663 第 2 次 未获取到 等待 22 秒 下次操作: 2021-07-22 01:31:28
2021-07-22 01:31:29 CHB 1729422?1626888688 第 3 次 等待 3 秒
2021-07-22 01:31:32 CHB 1729422?1626888688 第 3 次 跳过号码【1729422】
2021-07-22 01:31:32 未获取到号码【1729422】源码
2021-07-22 01:31:32 获取到号码【1729422】的GSD为【-】
2021-07-22 01:31:34 GSD insert 第 1 次 等待 3 秒
2021-07-22 01:31:37 {"status":"ok","gid":350732,"msg":"添加成功！"}
2021-07-22 01:31:37 下次操作: 2021-07-22 01:31:58

2021-07-22 01:31:58 开始第 23 次操作

2021-07-22 01:31:58 开始操作号码 【1729423】
2021-07-22 01:32:01 GSD getOne 第 1 次 等待 3 秒
2021-07-22 01:32:04 查询号码 【1729423】，返回信息 {"status":"bad","msg":""}
2021-07-22 01:32:04 查询号码 【1729423】，GSD为【""】
2021-07-22 01:32:04 bad
2021-07-22 01:32:05 CHB 1729423?1626888724 第 1 次 等待 3 秒
2021-07-22 01:32:08 CHB 1729423?1626888724 第 1 次 未获取到 等待 19 秒 下次操作: 2021-07-22 01:32:27
2021-07-22 01:32:27 CHB 1729423?1626888747 第 2 次 等待 3 秒
2021-07-22 01:32:30 CHB 1729423?1626888747 第 2 次 未获取到 等待 17 秒 下次操作: 2021-07-22 01:32:47
2021-07-22 01:32:48 CHB 1729423?1626888767 第 3 次 等待 3 秒
2021-07-22 01:32:51 CHB 1729423?1626888767 第 3 次 跳过号码【1729423】
2021-07-22 01:32:51 未获取到号码【1729423】源码
2021-07-22 01:32:51 获取到号码【1729423】的GSD为【-】
2021-07-22 01:32:56 GSD insert 第 1 次 等待 3 秒
2021-07-22 01:32:59 {"status":"ok","gid":350740,"msg":"添加成功！"}
2021-07-22 01:32:59 下次操作: 2021-07-22 01:33:11

2021-07-22 01:33:11 开始第 24 次操作

2021-07-22 01:33:11 开始操作号码 【1729424】
2021-07-22 01:33:15 GSD getOne 第 1 次 等待 3 秒
2021-07-22 01:33:18 查询号码 【1729424】，返回信息 {"status":"bad","msg":""}
2021-07-22 01:33:18 查询号码 【1729424】，GSD为【""】
2021-07-22 01:33:18 bad
2021-07-22 01:33:18 CHB 1729424?1626888798 第 1 次 等待 3 秒
2021-07-22 01:33:21 CHB 1729424?1626888798 第 1 次 未获取到 等待 16 秒 下次操作: 2021-07-22 01:33:37
2021-07-22 01:33:38 CHB 1729424?1626888817 第 2 次 等待 3 秒
2021-07-22 01:33:41 CHB 1729424?1626888817 第 2 次 未获取到 等待 21 秒 下次操作: 2021-07-22 01:34:02
2021-07-22 01:34:03 CHB 1729424?1626888842 第 3 次 等待 3 秒
2021-07-22 01:34:06 CHB 1729424?1626888842 第 3 次 跳过号码【1729424】
2021-07-22 01:34:06 未获取到号码【1729424】源码
2021-07-22 01:34:06 获取到号码【1729424】的GSD为【-】
2021-07-22 01:34:08 GSD insert 第 1 次 等待 3 秒
2021-07-22 01:34:11 {"status":"ok","gid":350747,"msg":"添加成功！"}
2021-07-22 01:34:11 下次操作: 2021-07-22 01:34:23

2021-07-22 01:34:23 开始第 25 次操作

2021-07-22 01:34:23 开始操作号码 【1729425】
2021-07-22 01:34:27 GSD getOne 第 1 次 等待 3 秒
2021-07-22 01:34:30 查询号码 【1729425】，返回信息 {"status":"bad","msg":""}
2021-07-22 01:34:30 查询号码 【1729425】，GSD为【""】
2021-07-22 01:34:30 bad
2021-07-22 01:34:30 CHB 1729425?1626888870 第 1 次 等待 3 秒
2021-07-22 01:34:33 CHB 1729425?1626888870 第 1 次 未获取到 等待 13 秒 下次操作: 2021-07-22 01:34:46
2021-07-22 01:34:47 CHB 1729425?1626888886 第 2 次 等待 3 秒
2021-07-22 01:34:50 CHB 1729425?1626888886 第 2 次 未获取到 等待 20 秒 下次操作: 2021-07-22 01:35:10
2021-07-22 01:35:10 CHB 1729425?1626888910 第 3 次 等待 3 秒
2021-07-22 01:35:13 CHB 1729425?1626888910 第 3 次 跳过号码【1729425】
2021-07-22 01:35:13 未获取到号码【1729425】源码
2021-07-22 01:35:13 获取到号码【1729425】的GSD为【-】
2021-07-22 01:35:16 GSD insert 第 1 次 等待 3 秒
2021-07-22 01:35:19 {"status":"ok","gid":350754,"msg":"添加成功！"}
2021-07-22 01:35:19 下次操作: 2021-07-22 01:35:41

2021-07-22 01:35:41 开始第 26 次操作

2021-07-22 01:35:41 开始操作号码 【1729426】
2021-07-22 01:35:43 GSD getOne 第 1 次 等待 3 秒
2021-07-22 01:35:46 查询号码 【1729426】，返回信息 {"status":"bad","msg":""}
2021-07-22 01:35:46 查询号码 【1729426】，GSD为【""】
2021-07-22 01:35:46 bad
2021-07-22 01:35:47 CHB 1729426?1626888946 第 1 次 等待 3 秒
2021-07-22 01:35:50 CHB 1729426?1626888946 第 1 次 未获取到 等待 21 秒 下次操作: 2021-07-22 01:36:11
2021-07-22 01:36:11 CHB 1729426?1626888971 第 2 次 等待 3 秒
2021-07-22 01:36:14 CHB 1729426?1626888971 第 2 次 未获取到 等待 17 秒 下次操作: 2021-07-22 01:36:31
2021-07-22 01:36:32 CHB 1729426?1626888991 第 3 次 等待 3 秒
2021-07-22 01:36:35 CHB 1729426?1626888991 第 3 次 跳过号码【1729426】
2021-07-22 01:36:35 未获取到号码【1729426】源码
2021-07-22 01:36:35 获取到号码【1729426】的GSD为【-】
2021-07-22 01:36:38 GSD insert 第 1 次 等待 3 秒
2021-07-22 01:36:41 {"status":"ok","gid":350758,"msg":"添加成功！"}
2021-07-22 01:36:41 下次操作: 2021-07-22 01:37:02

2021-07-22 01:37:02 开始第 27 次操作

2021-07-22 01:37:02 开始操作号码 【1729427】
2021-07-22 01:38:03 GSD getOne 第 1 次 等待 3 秒
2021-07-22 01:38:06 查询号码 【1729427】，返回信息 {"status":"bad","msg":""}
2021-07-22 01:38:06 查询号码 【1729427】，GSD为【""】
2021-07-22 01:38:06 bad
2021-07-22 01:38:06 CHB 1729427?1626889086 第 1 次 等待 3 秒
2021-07-22 01:38:09 CHB 1729427?1626889086 第 1 次 未获取到 等待 22 秒 下次操作: 2021-07-22 01:38:31
2021-07-22 01:38:32 CHB 1729427?1626889111 第 2 次 等待 3 秒
2021-07-22 01:38:35 CHB 1729427?1626889111 第 2 次 未获取到 等待 17 秒 下次操作: 2021-07-22 01:38:52
2021-07-22 01:38:53 CHB 1729427?1626889132 第 3 次 等待 3 秒
2021-07-22 01:38:56 CHB 1729427?1626889132 第 3 次 跳过号码【1729427】
2021-07-22 01:38:56 未获取到号码【1729427】源码
2021-07-22 01:38:56 获取到号码【1729427】的GSD为【-】
2021-07-22 01:38:58 GSD insert 第 1 次 等待 3 秒
2021-07-22 01:39:01 {"status":"ok","gid":350769,"msg":"添加成功！"}
2021-07-22 01:39:01 下次操作: 2021-07-22 01:39:18

2021-07-22 01:39:18 开始第 28 次操作

2021-07-22 01:39:18 开始操作号码 【1729428】
2021-07-22 01:39:21 GSD getOne 第 1 次 等待 3 秒
2021-07-22 01:39:24 查询号码 【1729428】，返回信息 {"status":"bad","msg":""}
2021-07-22 01:39:24 查询号码 【1729428】，GSD为【""】
2021-07-22 01:39:24 bad
2021-07-22 01:39:24 CHB 1729428?1626889164 第 1 次 等待 3 秒
2021-07-22 01:39:27 CHB 1729428?1626889164 第 1 次 未获取到 等待 16 秒 下次操作: 2021-07-22 01:39:43
2021-07-22 01:39:44 CHB 1729428?1626889183 第 2 次 等待 3 秒
2021-07-22 01:39:47 CHB 1729428?1626889183 第 2 次 未获取到 等待 15 秒 下次操作: 2021-07-22 01:40:02
2021-07-22 01:40:02 CHB 1729428?1626889202 第 3 次 等待 3 秒
2021-07-22 01:40:05 CHB 1729428?1626889202 第 3 次 跳过号码【1729428】
2021-07-22 01:40:05 未获取到号码【1729428】源码
2021-07-22 01:40:05 获取到号码【1729428】的GSD为【-】
2021-07-22 01:40:08 GSD insert 第 1 次 等待 3 秒
2021-07-22 01:40:11 {"status":"ok","gid":350774,"msg":"添加成功！"}
2021-07-22 01:40:11 下次操作: 2021-07-22 01:40:28

2021-07-22 01:40:28 开始第 29 次操作

2021-07-22 01:40:28 开始操作号码 【1729429】
2021-07-22 01:40:30 GSD getOne 第 1 次 等待 3 秒
2021-07-22 01:40:33 查询号码 【1729429】，返回信息 {"status":"bad","msg":""}
2021-07-22 01:40:34 查询号码 【1729429】，GSD为【""】
2021-07-22 01:40:34 bad
2021-07-22 01:40:34 CHB 1729429?1626889234 第 1 次 等待 3 秒
2021-07-22 01:40:37 CHB 1729429?1626889234 第 1 次 未获取到 等待 12 秒 下次操作: 2021-07-22 01:40:49
2021-07-22 01:40:50 CHB 1729429?1626889249 第 2 次 等待 3 秒
2021-07-22 01:40:53 CHB 1729429?1626889249 第 2 次 未获取到 等待 15 秒 下次操作: 2021-07-22 01:41:08
2021-07-22 01:41:08 CHB 1729429?1626889268 第 3 次 等待 3 秒
2021-07-22 01:41:11 CHB 1729429?1626889268 第 3 次 跳过号码【1729429】
2021-07-22 01:41:11 未获取到号码【1729429】源码
2021-07-22 01:41:11 获取到号码【1729429】的GSD为【-】
2021-07-22 01:42:15 GSD insert 第 1 次 等待 3 秒
2021-07-22 01:42:18 {"status":"ok","gid":350786,"msg":"添加成功！"}
2021-07-22 01:42:18 下次操作: 2021-07-22 01:42:37

2021-07-22 01:42:37 开始第 30 次操作

2021-07-22 01:42:37 开始操作号码 【1729430】
2021-07-22 01:43:54 GSD getOne 第 1 次 等待 3 秒
2021-07-22 01:43:57 查询号码 【1729430】，返回信息 {"status":"bad","msg":""}
2021-07-22 01:43:57 查询号码 【1729430】，GSD为【""】
2021-07-22 01:43:57 bad
2021-07-22 01:43:58 CHB 1729430?1626889437 第 1 次 等待 3 秒
2021-07-22 01:44:01 CHB 1729430?1626889437 第 1 次 未获取到 等待 13 秒 下次操作: 2021-07-22 01:44:14
2021-07-22 01:44:14 CHB 1729430?1626889454 第 2 次 等待 3 秒
2021-07-22 01:44:17 CHB 1729430?1626889454 第 2 次 未获取到 等待 14 秒 下次操作: 2021-07-22 01:44:31
2021-07-22 01:44:32 CHB 1729430?1626889471 第 3 次 等待 3 秒
2021-07-22 01:44:35 CHB 1729430?1626889471 第 3 次 跳过号码【1729430】
2021-07-22 01:44:35 未获取到号码【1729430】源码
2021-07-22 01:44:35 获取到号码【1729430】的GSD为【-】
2021-07-22 01:45:28 GSD insert 第 1 次 等待 3 秒
2021-07-22 01:45:31 {"status":"ok","gid":350804,"msg":"添加成功！"}
2021-07-22 01:45:31 下次操作: 2021-07-22 01:45:51

2021-07-22 01:45:51 开始第 31 次操作

2021-07-22 01:45:51 开始操作号码 【1729431】
2021-07-22 01:45:54 GSD getOne 第 1 次 等待 3 秒
2021-07-22 01:45:57 查询号码 【1729431】，返回信息 {"status":"bad","msg":""}
2021-07-22 01:45:57 查询号码 【1729431】，GSD为【""】
2021-07-22 01:45:57 bad
2021-07-22 01:45:57 CHB 1729431?1626889557 第 1 次 等待 3 秒
2021-07-22 01:46:00 CHB 1729431?1626889557 第 1 次 未获取到 等待 24 秒 下次操作: 2021-07-22 01:46:24
2021-07-22 01:46:25 CHB 1729431?1626889585 第 2 次 等待 3 秒
2021-07-22 01:46:28 CHB 1729431?1626889585 第 2 次 未获取到 等待 13 秒 下次操作: 2021-07-22 01:46:41
2021-07-22 01:46:42 CHB 1729431?1626889601 第 3 次 等待 3 秒
2021-07-22 01:46:45 CHB 1729431?1626889601 第 3 次 跳过号码【1729431】
2021-07-22 01:46:45 未获取到号码【1729431】源码
2021-07-22 01:46:45 获取到号码【1729431】的GSD为【-】
2021-07-22 01:46:47 GSD insert 第 1 次 等待 3 秒
2021-07-22 01:46:50 {"status":"ok","gid":350813,"msg":"添加成功！"}
2021-07-22 01:46:50 下次操作: 2021-07-22 01:47:02

2021-07-22 01:47:02 开始第 32 次操作

2021-07-22 01:47:02 开始操作号码 【1729432】
2021-07-22 01:47:06 GSD getOne 第 1 次 等待 3 秒
2021-07-22 01:47:09 查询号码 【1729432】，返回信息 {"status":"bad","msg":""}
2021-07-22 01:47:09 查询号码 【1729432】，GSD为【""】
2021-07-22 01:47:09 bad
2021-07-22 01:47:09 CHB 1729432?1626889629 第 1 次 等待 3 秒
2021-07-22 01:47:12 CHB 1729432?1626889629 第 1 次 未获取到 等待 12 秒 下次操作: 2021-07-22 01:47:24
2021-07-22 01:47:25 CHB 1729432?1626889644 第 2 次 等待 3 秒
2021-07-22 01:47:28 CHB 1729432?1626889644 第 2 次 未获取到 等待 16 秒 下次操作: 2021-07-22 01:47:44
2021-07-22 01:47:44 CHB 1729432?1626889664 第 3 次 等待 3 秒
2021-07-22 01:47:47 CHB 1729432?1626889664 第 3 次 跳过号码【1729432】
2021-07-22 01:47:47 未获取到号码【1729432】源码
2021-07-22 01:47:47 获取到号码【1729432】的GSD为【-】
2021-07-22 01:47:50 GSD insert 第 1 次 等待 3 秒
2021-07-22 01:47:53 {"status":"ok","gid":350823,"msg":"添加成功！"}
2021-07-22 01:47:53 下次操作: 2021-07-22 01:48:11

2021-07-22 01:48:11 开始第 33 次操作

2021-07-22 01:48:11 开始操作号码 【1729433】
2021-07-22 01:48:13 GSD getOne 第 1 次 等待 3 秒
2021-07-22 01:48:16 查询号码 【1729433】，返回信息 {"status":"bad","msg":""}
2021-07-22 01:48:16 查询号码 【1729433】，GSD为【""】
2021-07-22 01:48:16 bad
2021-07-22 01:48:17 CHB 1729433?1626889696 第 1 次 等待 3 秒
2021-07-22 01:48:20 CHB 1729433?1626889696 第 1 次 未获取到 等待 22 秒 下次操作: 2021-07-22 01:48:42
2021-07-22 01:48:42 CHB 1729433?1626889722 第 2 次 等待 3 秒
2021-07-22 01:48:45 CHB 1729433?1626889722 第 2 次 未获取到 等待 16 秒 下次操作: 2021-07-22 01:49:01
2021-07-22 01:49:02 CHB 1729433?1626889741 第 3 次 等待 3 秒
2021-07-22 01:49:05 CHB 1729433?1626889741 第 3 次 跳过号码【1729433】
2021-07-22 01:49:05 未获取到号码【1729433】源码
2021-07-22 01:49:05 获取到号码【1729433】的GSD为【-】
2021-07-22 01:49:09 GSD insert 第 1 次 等待 3 秒
2021-07-22 01:49:12 {"status":"ok","gid":350837,"msg":"添加成功！"}
2021-07-22 01:49:12 下次操作: 2021-07-22 01:49:24

2021-07-22 01:49:24 开始第 34 次操作

2021-07-22 01:49:24 开始操作号码 【1729434】
2021-07-22 01:49:28 GSD getOne 第 1 次 等待 3 秒
2021-07-22 01:49:31 查询号码 【1729434】，返回信息 {"status":"bad","msg":""}
2021-07-22 01:49:31 查询号码 【1729434】，GSD为【""】
2021-07-22 01:49:31 bad
2021-07-22 01:49:31 CHB 1729434?1626889771 第 1 次 等待 3 秒
2021-07-22 01:49:34 CHB 1729434?1626889771 第 1 次 未获取到 等待 18 秒 下次操作: 2021-07-22 01:49:52
2021-07-22 01:49:53 CHB 1729434?1626889792 第 2 次 等待 3 秒
2021-07-22 01:49:56 CHB 1729434?1626889792 第 2 次 未获取到 等待 15 秒 下次操作: 2021-07-22 01:50:11
2021-07-22 01:50:11 CHB 1729434?1626889811 第 3 次 等待 3 秒
2021-07-22 01:50:14 CHB 1729434?1626889811 第 3 次 跳过号码【1729434】
2021-07-22 01:50:14 未获取到号码【1729434】源码
2021-07-22 01:50:14 获取到号码【1729434】的GSD为【-】
2021-07-22 01:50:17 GSD insert 第 1 次 等待 3 秒
2021-07-22 01:50:20 {"status":"ok","gid":350847,"msg":"添加成功！"}
2021-07-22 01:50:20 下次操作: 2021-07-22 01:50:34

2021-07-22 01:50:34 开始第 35 次操作

2021-07-22 01:50:34 开始操作号码 【1729435】
2021-07-22 01:50:36 GSD getOne 第 1 次 等待 3 秒
2021-07-22 01:50:39 查询号码 【1729435】，返回信息 {"status":"bad","msg":""}
2021-07-22 01:50:39 查询号码 【1729435】，GSD为【""】
2021-07-22 01:50:39 bad
2021-07-22 01:50:40 CHB 1729435?1626889839 第 1 次 等待 3 秒
2021-07-22 01:50:43 CHB 1729435?1626889839 第 1 次 未获取到 等待 20 秒 下次操作: 2021-07-22 01:51:03
2021-07-22 01:51:03 CHB 1729435?1626889863 第 2 次 等待 3 秒
2021-07-22 01:51:06 CHB 1729435?1626889863 第 2 次 未获取到 等待 12 秒 下次操作: 2021-07-22 01:51:18
2021-07-22 01:51:19 CHB 1729435?1626889878 第 3 次 等待 3 秒
2021-07-22 01:51:22 CHB 1729435?1626889878 第 3 次 跳过号码【1729435】
2021-07-22 01:51:22 未获取到号码【1729435】源码
2021-07-22 01:51:22 获取到号码【1729435】的GSD为【-】
2021-07-22 01:51:24 GSD insert 第 1 次 等待 3 秒
2021-07-22 01:51:27 {"status":"ok","gid":350857,"msg":"添加成功！"}
2021-07-22 01:51:27 下次操作: 2021-07-22 01:51:43

2021-07-22 01:51:43 开始第 36 次操作

2021-07-22 01:51:43 开始操作号码 【1729436】
2021-07-22 01:51:49 GSD getOne 第 1 次 等待 3 秒
2021-07-22 01:51:52 查询号码 【1729436】，返回信息 {"status":"bad","msg":""}
2021-07-22 01:51:52 查询号码 【1729436】，GSD为【""】
2021-07-22 01:51:52 bad
2021-07-22 01:51:53 CHB 1729436?1626889912 第 1 次 等待 3 秒
2021-07-22 01:51:56 CHB 1729436?1626889912 第 1 次 未获取到 等待 20 秒 下次操作: 2021-07-22 01:52:16
2021-07-22 01:52:16 CHB 1729436?1626889936 第 2 次 等待 3 秒
2021-07-22 01:52:19 CHB 1729436?1626889936 第 2 次 未获取到 等待 20 秒 下次操作: 2021-07-22 01:52:39
2021-07-22 01:52:39 CHB 1729436?1626889959 第 3 次 等待 3 秒
2021-07-22 01:52:42 CHB 1729436?1626889959 第 3 次 跳过号码【1729436】
2021-07-22 01:52:42 未获取到号码【1729436】源码
2021-07-22 01:52:42 获取到号码【1729436】的GSD为【-】
2021-07-22 01:52:46 GSD insert 第 1 次 等待 3 秒
2021-07-22 01:52:49 {"status":"ok","gid":350871,"msg":"添加成功！"}
2021-07-22 01:52:49 下次操作: 2021-07-22 01:53:09

2021-07-22 01:53:09 开始第 37 次操作

2021-07-22 01:53:09 开始操作号码 【1729437】
2021-07-22 01:53:20 GSD getOne 第 1 次 等待 3 秒
2021-07-22 01:53:23 查询号码 【1729437】，返回信息 {"status":"bad","msg":""}
2021-07-22 01:53:24 查询号码 【1729437】，GSD为【""】
2021-07-22 01:53:24 bad
2021-07-22 01:53:24 CHB 1729437?1626890004 第 1 次 等待 3 秒
2021-07-22 01:53:27 CHB 1729437?1626890004 第 1 次 未获取到 等待 21 秒 下次操作: 2021-07-22 01:53:48
2021-07-22 01:53:49 CHB 1729437?1626890028 第 2 次 等待 3 秒
2021-07-22 01:53:52 CHB 1729437?1626890028 第 2 次 未获取到 等待 13 秒 下次操作: 2021-07-22 01:54:05
2021-07-22 01:54:05 CHB 1729437?1626890045 第 3 次 等待 3 秒
2021-07-22 01:54:08 CHB 1729437?1626890045 第 3 次 跳过号码【1729437】
2021-07-22 01:54:08 未获取到号码【1729437】源码
2021-07-22 01:54:08 获取到号码【1729437】的GSD为【-】
2021-07-22 01:54:12 GSD insert 第 1 次 等待 3 秒
2021-07-22 01:54:15 {"status":"ok","gid":350884,"msg":"添加成功！"}
2021-07-22 01:54:15 下次操作: 2021-07-22 01:54:31

2021-07-22 01:54:31 开始第 38 次操作

2021-07-22 01:54:31 开始操作号码 【1729438】
2021-07-22 01:54:35 GSD getOne 第 1 次 等待 3 秒
2021-07-22 01:54:38 查询号码 【1729438】，返回信息 {"status":"bad","msg":""}
2021-07-22 01:54:38 查询号码 【1729438】，GSD为【""】
2021-07-22 01:54:38 bad
2021-07-22 01:54:39 CHB 1729438?1626890078 第 1 次 等待 3 秒
2021-07-22 01:54:42 CHB 1729438?1626890078 第 1 次 未获取到 等待 23 秒 下次操作: 2021-07-22 01:55:05
2021-07-22 01:55:05 CHB 1729438?1626890105 第 2 次 等待 3 秒
2021-07-22 01:55:08 CHB 1729438?1626890105 第 2 次 未获取到 等待 15 秒 下次操作: 2021-07-22 01:55:23
2021-07-22 01:55:24 CHB 1729438?1626890123 第 3 次 等待 3 秒
2021-07-22 01:55:27 CHB 1729438?1626890123 第 3 次 跳过号码【1729438】
2021-07-22 01:55:27 未获取到号码【1729438】源码
2021-07-22 01:55:27 获取到号码【1729438】的GSD为【-】
2021-07-22 01:55:32 GSD insert 第 1 次 等待 3 秒
2021-07-22 01:55:36 {"status":"ok","gid":350899,"msg":"添加成功！"}
2021-07-22 01:55:36 下次操作: 2021-07-22 01:55:56

2021-07-22 01:55:56 开始第 39 次操作

2021-07-22 01:55:56 开始操作号码 【1729439】
2021-07-22 01:55:58 GSD getOne 第 1 次 等待 3 秒
2021-07-22 01:56:01 查询号码 【1729439】，返回信息 {"status":"bad","msg":""}
2021-07-22 01:56:01 查询号码 【1729439】，GSD为【""】
2021-07-22 01:56:01 bad
2021-07-22 01:56:02 CHB 1729439?1626890161 第 1 次 等待 3 秒
2021-07-22 01:56:05 CHB 1729439?1626890161 第 1 次 未获取到 等待 18 秒 下次操作: 2021-07-22 01:56:23
2021-07-22 01:56:23 CHB 1729439?1626890183 第 2 次 等待 3 秒
2021-07-22 01:56:26 CHB 1729439?1626890183 第 2 次 未获取到 等待 23 秒 下次操作: 2021-07-22 01:56:49
2021-07-22 01:56:50 CHB 1729439?1626890209 第 3 次 等待 3 秒
2021-07-22 01:56:53 CHB 1729439?1626890209 第 3 次 跳过号码【1729439】
2021-07-22 01:56:53 未获取到号码【1729439】源码
2021-07-22 01:56:53 获取到号码【1729439】的GSD为【-】
2021-07-22 01:56:55 GSD insert 第 1 次 等待 3 秒
2021-07-22 01:56:58 {"status":"ok","gid":350913,"msg":"添加成功！"}
2021-07-22 01:56:58 下次操作: 2021-07-22 01:57:17

2021-07-22 01:57:17 开始第 40 次操作

2021-07-22 01:57:17 开始操作号码 【1729440】
2021-07-22 01:57:20 GSD getOne 第 1 次 等待 3 秒
2021-07-22 01:57:23 查询号码 【1729440】，返回信息 {"status":"bad","msg":""}
2021-07-22 01:57:23 查询号码 【1729440】，GSD为【""】
2021-07-22 01:57:23 bad
2021-07-22 01:57:23 CHB 1729440?1626890243 第 1 次 等待 3 秒
2021-07-22 01:57:26 CHB 1729440?1626890243 第 1 次 未获取到 等待 23 秒 下次操作: 2021-07-22 01:57:49
2021-07-22 01:57:50 CHB 1729440?1626890269 第 2 次 等待 3 秒
2021-07-22 01:57:53 CHB 1729440?1626890269 第 2 次 未获取到 等待 18 秒 下次操作: 2021-07-22 01:58:11
2021-07-22 01:58:11 CHB 1729440?1626890291 第 3 次 等待 3 秒
2021-07-22 01:58:14 CHB 1729440?1626890291 第 3 次 跳过号码【1729440】
2021-07-22 01:58:14 未获取到号码【1729440】源码
2021-07-22 01:58:14 获取到号码【1729440】的GSD为【-】
2021-07-22 01:58:17 GSD insert 第 1 次 等待 3 秒
2021-07-22 01:58:20 {"status":"ok","gid":350930,"msg":"添加成功！"}

