2024-04-26 00:10:27 开始第 5709 次操作

2024-04-26 00:10:27 开始操作号码 【1675619】
2024-04-26 00:10:33 GSD getOne 第 1 次 等待 3 秒
2024-04-26 00:10:36 查询号码 【1675619】，返回信息 {"status":"ok","msg":"山东-临沂","gid":"285419","time_insert":"2021-07-15 16:46"}
2024-04-26 00:10:36 查询号码 【1675619】，GSD为【"山东-临沂"】

2024-04-26 00:10:37 开始第 5710 次操作

2024-04-26 00:10:37 开始操作号码 【1675620】
2024-04-26 00:10:43 GSD getOne 第 1 次 等待 3 秒
2024-04-26 00:10:46 查询号码 【1675620】，返回信息 {"status":"ok","msg":"山东-济南","gid":"285429","time_insert":"2021-07-15 16:46"}
2024-04-26 00:10:46 查询号码 【1675620】，GSD为【"山东-济南"】

2024-04-26 00:10:47 开始第 5711 次操作

2024-04-26 00:10:47 开始操作号码 【1675621】
2024-04-26 00:10:52 GSD getOne 第 1 次 等待 3 秒
2024-04-26 00:10:55 查询号码 【1675621】，返回信息 {"status":"ok","msg":"内蒙古-呼伦贝尔","gid":"285439","time_insert":"2021-07-15 16:47"}
2024-04-26 00:10:55 查询号码 【1675621】，GSD为【"内蒙古-呼伦贝尔"】

2024-04-26 00:10:56 开始第 5712 次操作

2024-04-26 00:10:56 开始操作号码 【1675622】
2024-04-26 00:11:01 GSD getOne 第 1 次 等待 3 秒
2024-04-26 00:11:04 查询号码 【1675622】，返回信息 {"status":"ok","msg":"黑龙江-佳木斯","gid":"285450","time_insert":"2021-07-15 16:48"}
2024-04-26 00:11:04 查询号码 【1675622】，GSD为【"黑龙江-佳木斯"】

