2024-03-15 00:10:15 开始第 9105 次操作

2024-03-15 00:10:15 开始操作号码 【1789014】
2024-03-15 00:10:22 GSD getOne 第 1 次 等待 3 秒
2024-03-15 00:10:25 查询号码 【1789014】，返回信息 {"status":"ok","msg":"-","gid":"263189","time_insert":"2021-07-13 06:41"}
2024-03-15 00:10:25 查询号码 【1789014】，GSD为【"-"】
2024-03-15 00:10:25 ok && -
2024-03-15 00:10:28 CHB 1789014?1710432625 第 1 次 等待 3 秒
2024-03-15 00:10:31 CHB 1789014?1710432625 第 1 次 获取到号码【1789014】GSD
2024-03-15 00:10:31 未获取到号码【1789014】GSD，可能号码格式错误
2024-03-15 00:10:31 获取到号码【1789014】的GSD为【-】
2024-03-15 00:10:35 GSD insert 第 1 次 等待 3 秒
2024-03-15 00:10:38 {"status":"bad","gid":"263189","msg":"添加失败！号码【1789014(-|-)】已存在！"}
2024-03-15 00:10:38 随机等待 198 秒，约 3 分钟
2024-03-15 00:10:38 下次操作: 2024-03-15 00:13:56

2024-03-15 00:13:56 开始第 9106 次操作

2024-03-15 00:13:56 开始操作号码 【1789015】
2024-03-15 00:14:04 GSD getOne 第 1 次 等待 3 秒
2024-03-15 00:14:07 查询号码 【1789015】，返回信息 {"status":"ok","msg":"-","gid":"263178","time_insert":"2021-07-13 06:41"}
2024-03-15 00:14:07 查询号码 【1789015】，GSD为【"-"】
2024-03-15 00:14:07 ok && -
2024-03-15 00:14:10 CHB 1789015?1710432847 第 1 次 等待 3 秒
2024-03-15 00:14:13 CHB 1789015?1710432847 第 1 次 获取到号码【1789015】GSD
2024-03-15 00:14:13 未获取到号码【1789015】GSD，可能号码格式错误
2024-03-15 00:14:13 获取到号码【1789015】的GSD为【-】
2024-03-15 00:14:17 GSD insert 第 1 次 等待 3 秒
2024-03-15 00:14:20 {"status":"bad","gid":"263178","msg":"添加失败！号码【1789015(-|-)】已存在！"}
2024-03-15 00:14:20 随机等待 228 秒，约 3 分钟
2024-03-15 00:14:20 下次操作: 2024-03-15 00:18:08

2024-03-15 00:18:08 开始第 9107 次操作

2024-03-15 00:18:08 开始操作号码 【1789016】
2024-03-15 00:18:13 GSD getOne 第 1 次 等待 3 秒
2024-03-15 00:18:16 查询号码 【1789016】，返回信息 {"status":"ok","msg":"-","gid":"263173","time_insert":"2021-07-13 06:41"}
2024-03-15 00:18:16 查询号码 【1789016】，GSD为【"-"】
2024-03-15 00:18:16 ok && -
2024-03-15 00:18:18 CHB 1789016?1710433096 第 1 次 等待 3 秒
2024-03-15 00:18:21 CHB 1789016?1710433096 第 1 次 获取到号码【1789016】GSD
2024-03-15 00:18:21 未获取到号码【1789016】GSD，可能号码格式错误
2024-03-15 00:18:21 获取到号码【1789016】的GSD为【-】
2024-03-15 00:18:25 GSD insert 第 1 次 等待 3 秒
2024-03-15 00:18:28 {"status":"bad","gid":"263173","msg":"添加失败！号码【1789016(-|-)】已存在！"}
2024-03-15 00:18:28 随机等待 159 秒，约 2 分钟
2024-03-15 00:18:28 下次操作: 2024-03-15 00:21:07

2024-03-15 00:21:07 开始第 9108 次操作

2024-03-15 00:21:07 开始操作号码 【1789017】
2024-03-15 00:21:13 GSD getOne 第 1 次 等待 3 秒
2024-03-15 00:21:16 查询号码 【1789017】，返回信息 {"status":"ok","msg":"-","gid":"263160","time_insert":"2021-07-13 06:40"}
2024-03-15 00:21:16 查询号码 【1789017】，GSD为【"-"】
2024-03-15 00:21:16 ok && -
2024-03-15 00:21:18 CHB 1789017?1710433276 第 1 次 等待 3 秒
2024-03-15 00:21:21 CHB 1789017?1710433276 第 1 次 获取到号码【1789017】GSD
2024-03-15 00:21:21 未获取到号码【1789017】GSD，可能号码格式错误
2024-03-15 00:21:21 获取到号码【1789017】的GSD为【-】
2024-03-15 00:21:25 GSD insert 第 1 次 等待 3 秒
2024-03-15 00:21:28 {"status":"bad","gid":"263160","msg":"添加失败！号码【1789017(-|-)】已存在！"}

