2024-11-13 00:27:01 开始第 4469 次操作

2024-11-13 00:27:01 开始操作号码 【1344468】
2024-11-13 00:27:02 GSD getOne 第 1 次 等待 3 秒
2024-11-13 00:27:05 查询号码 【1344468】，返回信息 {"status":"ok","msg":"福建-福州","gid":"179451","time_insert":"2021-07-03 06:36"}
2024-11-13 00:27:05 查询号码 【1344468】，GSD为【"福建-福州"】

2024-11-13 00:27:06 开始第 4470 次操作

2024-11-13 00:27:06 开始操作号码 【1344469】
2024-11-13 00:27:08 GSD getOne 第 1 次 等待 3 秒
2024-11-13 00:27:11 查询号码 【1344469】，返回信息 {"status":"ok","msg":"湖北-荆门","gid":"179642","time_insert":"2021-07-03 06:59"}
2024-11-13 00:27:11 查询号码 【1344469】，GSD为【"湖北-荆门"】

2024-11-13 00:27:12 开始第 4471 次操作

2024-11-13 00:27:12 开始操作号码 【1344470】
2024-11-13 00:27:13 GSD getOne 第 1 次 等待 3 秒
2024-11-13 00:27:16 查询号码 【1344470】，返回信息 {"status":"ok","msg":"湖北-荆门","gid":"179756","time_insert":"2021-07-03 07:23"}
2024-11-13 00:27:16 查询号码 【1344470】，GSD为【"湖北-荆门"】

2024-11-13 00:27:17 开始第 4472 次操作

2024-11-13 00:27:17 开始操作号码 【1344471】
2024-11-13 00:27:18 GSD getOne 第 1 次 等待 3 秒
2024-11-13 00:27:21 查询号码 【1344471】，返回信息 {"status":"ok","msg":"湖北-荆门","gid":"179848","time_insert":"2021-07-03 07:44"}
2024-11-13 00:27:21 查询号码 【1344471】，GSD为【"湖北-荆门"】

