2024-06-24 00:09:31 开始第 2881 次操作

2024-06-24 00:09:31 开始操作号码 【1562788】
2024-06-24 00:09:47 GSD getOne 第 1 次 等待 3 秒
2024-06-24 00:09:50 查询号码 【1562788】，返回信息 {"status":"ok","msg":"广东-韶关","gid":"223877","time_insert":"2021-07-08 16:46"}
2024-06-24 00:09:50 查询号码 【1562788】，GSD为【"广东-韶关"】

2024-06-24 00:09:51 开始第 2882 次操作

2024-06-24 00:09:51 开始操作号码 【1562789】
2024-06-24 00:10:06 GSD getOne 第 1 次 等待 3 秒
2024-06-24 00:10:09 查询号码 【1562789】，返回信息 {"status":"ok","msg":"广东-韶关","gid":"224106","time_insert":"2021-07-08 17:06"}
2024-06-24 00:10:09 查询号码 【1562789】，GSD为【"广东-韶关"】

2024-06-24 00:10:10 开始第 2883 次操作

2024-06-24 00:10:10 开始操作号码 【1562790】
2024-06-24 00:10:27 GSD getOne 第 1 次 等待 3 秒
2024-06-24 00:10:30 查询号码 【1562790】，返回信息 {"status":"ok","msg":"广东-汕尾","gid":"224150","time_insert":"2021-07-08 17:23"}
2024-06-24 00:10:30 查询号码 【1562790】，GSD为【"广东-汕尾"】

2024-06-24 00:10:31 开始第 2884 次操作

2024-06-24 00:10:31 开始操作号码 【1562791】
2024-06-24 00:10:50 GSD getOne 第 1 次 等待 3 秒
2024-06-24 00:10:53 查询号码 【1562791】，返回信息 {"status":"ok","msg":"广东-汕尾","gid":"224178","time_insert":"2021-07-08 17:39"}
2024-06-24 00:10:53 查询号码 【1562791】，GSD为【"广东-汕尾"】

2024-06-24 00:35:02 开始第 2885 次操作

2024-06-24 00:35:02 开始操作号码 【1562792】
2024-06-24 00:35:46 GSD getOne 第 1 次 等待 3 秒
2024-06-24 00:35:49 查询号码 【1562792】，返回信息 {"status":"ok","msg":"广东-汕尾","gid":"224403","time_insert":"2021-07-08 17:58"}
2024-06-24 00:35:49 查询号码 【1562792】，GSD为【"广东-汕尾"】

2024-06-24 00:35:50 开始第 2886 次操作

2024-06-24 00:35:50 开始操作号码 【1562793】
2024-06-24 00:36:04 GSD getOne 第 1 次 等待 3 秒
2024-06-24 00:36:07 查询号码 【1562793】，返回信息 {"status":"ok","msg":"广东-揭阳","gid":"224518","time_insert":"2021-07-08 18:19"}
2024-06-24 00:36:07 查询号码 【1562793】，GSD为【"广东-揭阳"】

2024-06-24 00:36:08 开始第 2887 次操作

2024-06-24 00:36:08 开始操作号码 【1562794】
2024-06-24 00:36:22 GSD getOne 第 1 次 等待 3 秒
2024-06-24 00:36:25 查询号码 【1562794】，返回信息 {"status":"ok","msg":"广东-揭阳","gid":"224548","time_insert":"2021-07-08 18:36"}
2024-06-24 00:36:25 查询号码 【1562794】，GSD为【"广东-揭阳"】

2024-06-24 00:36:26 开始第 2888 次操作

2024-06-24 00:36:26 开始操作号码 【1562795】
2024-06-24 00:36:45 GSD getOne 第 1 次 等待 3 秒
2024-06-24 00:36:48 查询号码 【1562795】，返回信息 {"status":"ok","msg":"广东-潮州","gid":"224748","time_insert":"2021-07-08 18:54"}
2024-06-24 00:36:48 查询号码 【1562795】，GSD为【"广东-潮州"】

2024-06-24 01:06:54 开始第 2889 次操作

2024-06-24 01:06:54 开始操作号码 【1562796】
2024-06-24 01:07:10 GSD getOne 第 1 次 等待 3 秒
2024-06-24 01:07:13 查询号码 【1562796】，返回信息 {"status":"ok","msg":"广东-潮州","gid":"224881","time_insert":"2021-07-08 19:12"}
2024-06-24 01:07:13 查询号码 【1562796】，GSD为【"广东-潮州"】

2024-06-24 01:07:14 开始第 2890 次操作

2024-06-24 01:07:14 开始操作号码 【1562797】
2024-06-24 01:07:29 GSD getOne 第 1 次 等待 3 秒
2024-06-24 01:07:32 查询号码 【1562797】，返回信息 {"status":"ok","msg":"广东-汕尾","gid":"224918","time_insert":"2021-07-08 19:33"}
2024-06-24 01:07:32 查询号码 【1562797】，GSD为【"广东-汕尾"】

2024-06-24 01:07:33 开始第 2891 次操作

2024-06-24 01:07:33 开始操作号码 【1562798】
2024-06-24 01:07:50 GSD getOne 第 1 次 等待 3 秒
2024-06-24 01:07:53 查询号码 【1562798】，返回信息 {"status":"ok","msg":"广东-揭阳","gid":"225155","time_insert":"2021-07-08 19:51"}
2024-06-24 01:07:53 查询号码 【1562798】，GSD为【"广东-揭阳"】

2024-06-24 01:07:54 开始第 2892 次操作

2024-06-24 01:07:54 开始操作号码 【1562799】
2024-06-24 01:08:24 GSD getOne 第 1 次 等待 3 秒
2024-06-24 01:08:27 查询号码 【1562799】，返回信息 {"status":"ok","msg":"广东-汕尾","gid":"225250","time_insert":"2021-07-08 20:10"}
2024-06-24 01:08:27 查询号码 【1562799】，GSD为【"广东-汕尾"】

2024-06-24 01:32:24 开始第 2893 次操作

2024-06-24 01:32:24 开始操作号码 【1562800】
2024-06-24 01:32:41 GSD getOne 第 1 次 等待 3 秒
2024-06-24 01:32:44 查询号码 【1562800】，返回信息 {"status":"ok","msg":"贵州-贵阳","gid":"225289","time_insert":"2021-07-08 20:32","time_update":"2021-07-13 13:51"}
2024-06-24 01:32:44 查询号码 【1562800】，GSD为【"贵州-贵阳"】

2024-06-24 01:32:45 开始第 2894 次操作

2024-06-24 01:32:45 开始操作号码 【1562801】
2024-06-24 01:33:02 GSD getOne 第 1 次 等待 3 秒
2024-06-24 01:33:05 查询号码 【1562801】，返回信息 {"status":"ok","msg":"贵州-安顺","gid":"225320","time_insert":"2021-07-08 20:51"}
2024-06-24 01:33:05 查询号码 【1562801】，GSD为【"贵州-安顺"】

2024-06-24 01:33:06 开始第 2895 次操作

2024-06-24 01:33:06 开始操作号码 【1562802】
2024-06-24 01:33:24 GSD getOne 第 1 次 等待 3 秒
2024-06-24 01:33:27 查询号码 【1562802】，返回信息 {"status":"ok","msg":"贵州-黔南","gid":"225411","time_insert":"2021-07-08 21:08"}
2024-06-24 01:33:27 查询号码 【1562802】，GSD为【"贵州-黔南"】

2024-06-24 01:33:28 开始第 2896 次操作

2024-06-24 01:33:28 开始操作号码 【1562803】
2024-06-24 01:33:43 GSD getOne 第 1 次 等待 3 秒
2024-06-24 01:33:46 查询号码 【1562803】，返回信息 {"status":"ok","msg":"贵州-黔东南","gid":"225532","time_insert":"2021-07-08 21:26"}
2024-06-24 01:33:46 查询号码 【1562803】，GSD为【"贵州-黔东南"】

2024-06-24 02:10:47 开始第 2897 次操作

2024-06-24 02:10:47 开始操作号码 【1562804】
2024-06-24 02:11:24 GSD getOne 第 1 次 等待 3 秒
2024-06-24 02:11:27 查询号码 【1562804】，返回信息 {"status":"ok","msg":"贵州-铜仁","gid":"225607","time_insert":"2021-07-08 21:44"}
2024-06-24 02:11:27 查询号码 【1562804】，GSD为【"贵州-铜仁"】

2024-06-24 02:11:28 开始第 2898 次操作

2024-06-24 02:11:28 开始操作号码 【1562805】
2024-06-24 02:11:41 GSD getOne 第 1 次 等待 3 秒
2024-06-24 02:11:44 查询号码 【1562805】，返回信息 {"status":"ok","msg":"贵州-毕节","gid":"22565","time_insert":"2018-05-24 16:50","time_update":"2020-11-20 15:15"}
2024-06-24 02:11:45 查询号码 【1562805】，GSD为【"贵州-毕节"】

2024-06-24 02:11:46 开始第 2899 次操作

2024-06-24 02:11:46 开始操作号码 【1562806】
2024-06-24 02:11:59 GSD getOne 第 1 次 等待 3 秒
2024-06-24 02:12:02 查询号码 【1562806】，返回信息 {"status":"ok","msg":"贵州-毕节","gid":"22566","time_insert":"2019-11-15 11:24","time_update":"2020-11-20 15:19"}
2024-06-24 02:12:02 查询号码 【1562806】，GSD为【"贵州-毕节"】

2024-06-24 02:12:03 开始第 2900 次操作

2024-06-24 02:12:03 开始操作号码 【1562807】
2024-06-24 02:12:18 GSD getOne 第 1 次 等待 3 秒
2024-06-24 02:12:21 查询号码 【1562807】，返回信息 {"status":"ok","msg":"贵州-毕节","gid":"225839","time_insert":"2021-07-08 22:03"}
2024-06-24 02:12:21 查询号码 【1562807】，GSD为【"贵州-毕节"】

