2024-04-27 00:11:01 开始第 5893 次操作

2024-04-27 00:11:01 开始操作号码 【1675803】
2024-04-27 00:11:06 GSD getOne 第 1 次 等待 3 秒
2024-04-27 00:11:09 查询号码 【1675803】，返回信息 {"status":"ok","msg":"河南-郑州","gid":"288024","time_insert":"2021-07-15 23:06"}
2024-04-27 00:11:09 查询号码 【1675803】，GSD为【"河南-郑州"】

2024-04-27 00:11:10 开始第 5894 次操作

2024-04-27 00:11:10 开始操作号码 【1675804】
2024-04-27 00:11:21 GSD getOne 第 1 次 等待 3 秒
2024-04-27 00:11:24 查询号码 【1675804】，返回信息 {"status":"ok","msg":"河北-唐山","gid":"288030","time_insert":"2021-07-15 23:07"}
2024-04-27 00:11:24 查询号码 【1675804】，GSD为【"河北-唐山"】

2024-04-27 00:11:25 开始第 5895 次操作

2024-04-27 00:11:25 开始操作号码 【1675805】
2024-04-27 00:11:36 GSD getOne 第 1 次 等待 3 秒
2024-04-27 00:11:39 查询号码 【1675805】，返回信息 {"status":"ok","msg":"内蒙古-乌兰察布","gid":"288036","time_insert":"2021-07-15 23:09"}
2024-04-27 00:11:39 查询号码 【1675805】，GSD为【"内蒙古-乌兰察布"】

2024-04-27 00:11:40 开始第 5896 次操作

2024-04-27 00:11:40 开始操作号码 【1675806】
2024-04-27 00:11:45 GSD getOne 第 1 次 等待 3 秒
2024-04-27 00:11:48 查询号码 【1675806】，返回信息 {"status":"ok","msg":"内蒙古-锡林郭勒","gid":"288044","time_insert":"2021-07-15 23:11"}
2024-04-27 00:11:48 查询号码 【1675806】，GSD为【"内蒙古-锡林郭勒"】

2024-04-27 00:36:03 开始第 5897 次操作

2024-04-27 00:36:03 开始操作号码 【1675807】
2024-04-27 00:36:13 GSD getOne 第 1 次 等待 3 秒
2024-04-27 00:36:16 查询号码 【1675807】，返回信息 {"status":"ok","msg":"山东-莱芜","gid":"288052","time_insert":"2021-07-15 23:12"}
2024-04-27 00:36:16 查询号码 【1675807】，GSD为【"山东-莱芜"】

2024-04-27 00:36:17 开始第 5898 次操作

2024-04-27 00:36:17 开始操作号码 【1675808】
2024-04-27 00:36:21 GSD getOne 第 1 次 等待 3 秒
2024-04-27 00:36:24 查询号码 【1675808】，返回信息 {"status":"ok","msg":"辽宁-沈阳","gid":"288055","time_insert":"2021-07-15 23:13"}
2024-04-27 00:36:25 查询号码 【1675808】，GSD为【"辽宁-沈阳"】

2024-04-27 00:36:26 开始第 5899 次操作

2024-04-27 00:36:26 开始操作号码 【1675809】
2024-04-27 00:36:35 GSD getOne 第 1 次 等待 3 秒
2024-04-27 00:36:38 查询号码 【1675809】，返回信息 {"status":"ok","msg":"河北-沧州","gid":"288063","time_insert":"2021-07-15 23:15"}
2024-04-27 00:36:38 查询号码 【1675809】，GSD为【"河北-沧州"】

2024-04-27 00:36:39 开始第 5900 次操作

2024-04-27 00:36:39 开始操作号码 【1675810】
2024-04-27 00:36:47 GSD getOne 第 1 次 等待 3 秒
2024-04-27 00:36:50 查询号码 【1675810】，返回信息 {"status":"ok","msg":"贵州-贵阳","gid":"288071","time_insert":"2021-07-15 23:16"}
2024-04-27 00:36:50 查询号码 【1675810】，GSD为【"贵州-贵阳"】

