2024-07-23 00:11:49 开始第 8145 次操作

2024-07-23 00:11:49 开始操作号码 【1568051】
2024-07-23 00:11:57 GSD getOne 第 1 次 等待 3 秒
2024-07-23 00:12:00 查询号码 【1568051】，返回信息 {"status":"ok","msg":"四川-成都","gid":"22773","time_insert":"2018-09-06 23:04","time_update":"2020-10-23 13:21"}
2024-07-23 00:12:00 查询号码 【1568051】，GSD为【"四川-成都"】

2024-07-23 00:12:01 开始第 8146 次操作

2024-07-23 00:12:01 开始操作号码 【1568052】
2024-07-23 00:12:11 GSD getOne 第 1 次 等待 3 秒
2024-07-23 00:12:14 查询号码 【1568052】，返回信息 {"status":"ok","msg":"四川-成都","gid":"386031","time_insert":"2021-07-25 06:01"}
2024-07-23 00:12:14 查询号码 【1568052】，GSD为【"四川-成都"】

2024-07-23 00:12:15 开始第 8147 次操作

2024-07-23 00:12:15 开始操作号码 【1568053】
2024-07-23 00:12:23 GSD getOne 第 1 次 等待 3 秒
2024-07-23 00:12:26 查询号码 【1568053】，返回信息 {"status":"ok","msg":"四川-成都","gid":"386023","time_insert":"2021-07-25 06:00"}
2024-07-23 00:12:26 查询号码 【1568053】，GSD为【"四川-成都"】

2024-07-23 00:12:27 开始第 8148 次操作

2024-07-23 00:12:27 开始操作号码 【1568054】
2024-07-23 00:12:37 GSD getOne 第 1 次 等待 3 秒
2024-07-23 00:12:40 查询号码 【1568054】，返回信息 {"status":"ok","msg":"四川-成都","gid":"386013","time_insert":"2021-07-25 05:59"}
2024-07-23 00:12:40 查询号码 【1568054】，GSD为【"四川-成都"】

