2024-03-28 00:11:03 开始第 541 次操作

2024-03-28 00:11:03 开始操作号码 【1670451】
2024-03-28 00:11:08 GSD getOne 第 1 次 等待 3 秒
2024-03-28 00:11:11 查询号码 【1670451】，返回信息 {"status":"ok","msg":"-","gid":"220379","time_insert":"2021-07-08 06:38"}
2024-03-28 00:11:11 查询号码 【1670451】，GSD为【"-"】
2024-03-28 00:11:11 ok && -
2024-03-28 00:11:13 CHB 1670451?1711555871 第 1 次 等待 3 秒
2024-03-28 00:11:16 CHB 1670451?1711555871 第 1 次 获取到号码【1670451】GSD
2024-03-28 00:11:16 未获取到号码【1670451】GSD，可能号码格式错误
2024-03-28 00:11:16 获取到号码【1670451】的GSD为【-】
2024-03-28 00:11:22 GSD insert 第 1 次 等待 3 秒
2024-03-28 00:11:25 {"status":"bad","gid":"220379","msg":"添加失败！号码【1670451(-|-)】已存在！"}
2024-03-28 00:11:25 随机等待 81 秒，约 1 分钟
2024-03-28 00:11:25 下次操作: 2024-03-28 00:12:46

2024-03-28 00:12:46 开始第 542 次操作

2024-03-28 00:12:46 开始操作号码 【1670452】
2024-03-28 00:12:51 GSD getOne 第 1 次 等待 3 秒
2024-03-28 00:12:54 查询号码 【1670452】，返回信息 {"status":"ok","msg":"-","gid":"220381","time_insert":"2021-07-08 06:39"}
2024-03-28 00:12:54 查询号码 【1670452】，GSD为【"-"】
2024-03-28 00:12:54 ok && -
2024-03-28 00:12:56 CHB 1670452?1711555974 第 1 次 等待 3 秒
2024-03-28 00:12:59 CHB 1670452?1711555974 第 1 次 获取到号码【1670452】GSD
2024-03-28 00:12:59 未获取到号码【1670452】GSD，可能号码格式错误
2024-03-28 00:12:59 获取到号码【1670452】的GSD为【-】
2024-03-28 00:13:04 GSD insert 第 1 次 等待 3 秒
2024-03-28 00:13:07 {"status":"bad","gid":"220381","msg":"添加失败！号码【1670452(-|-)】已存在！"}
2024-03-28 00:13:07 随机等待 181 秒，约 3 分钟
2024-03-28 00:13:07 下次操作: 2024-03-28 00:16:08

2024-03-28 00:16:08 开始第 543 次操作

2024-03-28 00:16:08 开始操作号码 【1670453】
2024-03-28 00:16:13 GSD getOne 第 1 次 等待 3 秒
2024-03-28 00:16:16 查询号码 【1670453】，返回信息 {"status":"ok","msg":"-","gid":"220384","time_insert":"2021-07-08 06:39"}
2024-03-28 00:16:16 查询号码 【1670453】，GSD为【"-"】
2024-03-28 00:16:16 ok && -
2024-03-28 00:16:18 CHB 1670453?1711556176 第 1 次 等待 3 秒
2024-03-28 00:16:21 CHB 1670453?1711556176 第 1 次 获取到号码【1670453】GSD
2024-03-28 00:16:21 未获取到号码【1670453】GSD，可能号码格式错误
2024-03-28 00:16:21 获取到号码【1670453】的GSD为【-】
2024-03-28 00:16:26 GSD insert 第 1 次 等待 3 秒
2024-03-28 00:16:30 {"status":"bad","gid":"220384","msg":"添加失败！号码【1670453(-|-)】已存在！"}
2024-03-28 00:16:30 随机等待 102 秒，约 1 分钟
2024-03-28 00:16:30 下次操作: 2024-03-28 00:18:12

2024-03-28 00:18:12 开始第 544 次操作

2024-03-28 00:18:12 开始操作号码 【1670454】
2024-03-28 00:18:18 GSD getOne 第 1 次 等待 3 秒
2024-03-28 00:18:21 查询号码 【1670454】，返回信息 {"status":"ok","msg":"-","gid":"220390","time_insert":"2021-07-08 06:40"}
2024-03-28 00:18:21 查询号码 【1670454】，GSD为【"-"】
2024-03-28 00:18:21 ok && -
2024-03-28 00:18:23 CHB 1670454?1711556301 第 1 次 等待 3 秒
2024-03-28 00:18:26 CHB 1670454?1711556301 第 1 次 获取到号码【1670454】GSD
2024-03-28 00:18:26 未获取到号码【1670454】GSD，可能号码格式错误
2024-03-28 00:18:26 获取到号码【1670454】的GSD为【-】
2024-03-28 00:18:37 GSD insert 第 1 次 等待 3 秒
2024-03-28 00:18:40 {"status":"bad","gid":"220390","msg":"添加失败！号码【1670454(-|-)】已存在！"}

2024-03-28 00:38:00 开始第 545 次操作

2024-03-28 00:38:00 开始操作号码 【1670455】
2024-03-28 00:38:06 GSD getOne 第 1 次 等待 3 秒
2024-03-28 00:38:09 查询号码 【1670455】，返回信息 {"status":"ok","msg":"-","gid":"220394","time_insert":"2021-07-08 06:40"}
2024-03-28 00:38:09 查询号码 【1670455】，GSD为【"-"】
2024-03-28 00:38:09 ok && -
2024-03-28 00:38:12 CHB 1670455?1711557489 第 1 次 等待 3 秒
2024-03-28 00:38:15 CHB 1670455?1711557489 第 1 次 获取到号码【1670455】GSD
2024-03-28 00:38:15 未获取到号码【1670455】GSD，可能号码格式错误
2024-03-28 00:38:15 获取到号码【1670455】的GSD为【-】
2024-03-28 00:38:19 GSD insert 第 1 次 等待 3 秒
2024-03-28 00:38:22 {"status":"bad","gid":"220394","msg":"添加失败！号码【1670455(-|-)】已存在！"}
2024-03-28 00:38:22 随机等待 166 秒，约 2 分钟
2024-03-28 00:38:22 下次操作: 2024-03-28 00:41:08

2024-03-28 00:41:08 开始第 546 次操作

2024-03-28 00:41:08 开始操作号码 【1670456】
2024-03-28 00:41:13 GSD getOne 第 1 次 等待 3 秒
2024-03-28 00:41:16 查询号码 【1670456】，返回信息 {"status":"ok","msg":"-","gid":"220400","time_insert":"2021-07-08 06:40"}
2024-03-28 00:41:16 查询号码 【1670456】，GSD为【"-"】
2024-03-28 00:41:16 ok && -
2024-03-28 00:41:19 CHB 1670456?1711557676 第 1 次 等待 3 秒
2024-03-28 00:41:22 CHB 1670456?1711557676 第 1 次 获取到号码【1670456】GSD
2024-03-28 00:41:22 未获取到号码【1670456】GSD，可能号码格式错误
2024-03-28 00:41:22 获取到号码【1670456】的GSD为【-】
2024-03-28 00:41:28 GSD insert 第 1 次 等待 3 秒
2024-03-28 00:41:31 {"status":"bad","gid":"220400","msg":"添加失败！号码【1670456(-|-)】已存在！"}
2024-03-28 00:41:31 随机等待 66 秒，约 1 分钟
2024-03-28 00:41:31 下次操作: 2024-03-28 00:42:37

2024-03-28 00:42:37 开始第 547 次操作

2024-03-28 00:42:37 开始操作号码 【1670457】
2024-03-28 00:42:46 GSD getOne 第 1 次 等待 3 秒
2024-03-28 00:42:49 查询号码 【1670457】，返回信息 {"status":"ok","msg":"-","gid":"220405","time_insert":"2021-07-08 06:41"}
2024-03-28 00:42:49 查询号码 【1670457】，GSD为【"-"】
2024-03-28 00:42:49 ok && -
2024-03-28 00:42:51 CHB 1670457?1711557769 第 1 次 等待 3 秒
2024-03-28 00:42:54 CHB 1670457?1711557769 第 1 次 获取到号码【1670457】GSD
2024-03-28 00:42:54 未获取到号码【1670457】GSD，可能号码格式错误
2024-03-28 00:42:54 获取到号码【1670457】的GSD为【-】
2024-03-28 00:43:03 GSD insert 第 1 次 等待 3 秒
2024-03-28 00:43:06 {"status":"bad","gid":"220405","msg":"添加失败！号码【1670457(-|-)】已存在！"}
2024-03-28 00:43:06 随机等待 158 秒，约 2 分钟
2024-03-28 00:43:06 下次操作: 2024-03-28 00:45:44

2024-03-28 00:45:44 开始第 548 次操作

2024-03-28 00:45:44 开始操作号码 【1670458】
2024-03-28 00:45:50 GSD getOne 第 1 次 等待 3 秒
2024-03-28 00:45:53 查询号码 【1670458】，返回信息 {"status":"ok","msg":"-","gid":"220411","time_insert":"2021-07-08 06:41"}
2024-03-28 00:45:53 查询号码 【1670458】，GSD为【"-"】
2024-03-28 00:45:53 ok && -
2024-03-28 00:45:55 CHB 1670458?1711557953 第 1 次 等待 3 秒
2024-03-28 00:45:58 CHB 1670458?1711557953 第 1 次 获取到号码【1670458】GSD
2024-03-28 00:45:58 未获取到号码【1670458】GSD，可能号码格式错误
2024-03-28 00:45:58 获取到号码【1670458】的GSD为【-】
2024-03-28 00:46:03 GSD insert 第 1 次 等待 3 秒
2024-03-28 00:46:06 {"status":"bad","gid":"220411","msg":"添加失败！号码【1670458(-|-)】已存在！"}

