2023-11-29 00:10:53 开始第 389 次操作

2023-11-29 00:10:53 开始操作号码 【1890298】
2023-11-29 00:10:56 GSD getOne 第 1 次 等待 3 秒
2023-11-29 00:10:59 查询号码 【1890298】，返回信息 {"status":"ok","msg":"广东-深圳","gid":"385589","time_insert":"2021-07-25 05:04"}
2023-11-29 00:10:59 查询号码 【1890298】，GSD为【"广东-深圳"】

2023-11-29 00:11:00 开始第 390 次操作

2023-11-29 00:11:00 开始操作号码 【1890299】
2023-11-29 00:11:05 GSD getOne 第 1 次 等待 3 秒
2023-11-29 00:11:08 查询号码 【1890299】，返回信息 {"status":"ok","msg":"广东-深圳","gid":"385642","time_insert":"2021-07-25 05:16"}
2023-11-29 00:11:08 查询号码 【1890299】，GSD为【"广东-深圳"】

2023-11-29 00:11:09 开始第 391 次操作

2023-11-29 00:11:09 开始操作号码 【1890300】
2023-11-29 00:11:12 GSD getOne 第 1 次 等待 3 秒
2023-11-29 00:11:15 查询号码 【1890300】，返回信息 {"status":"ok","msg":"广东-广州","gid":"385663","time_insert":"2021-07-25 05:30"}
2023-11-29 00:11:16 查询号码 【1890300】，GSD为【"广东-广州"】

2023-11-29 00:11:17 开始第 392 次操作

2023-11-29 00:11:17 开始操作号码 【1890301】
2023-11-29 00:11:20 GSD getOne 第 1 次 等待 3 秒
2023-11-29 00:11:23 查询号码 【1890301】，返回信息 {"status":"ok","msg":"广东-广州","gid":"385725","time_insert":"2021-07-25 05:42"}
2023-11-29 00:11:23 查询号码 【1890301】，GSD为【"广东-广州"】

2023-11-29 00:38:30 开始第 393 次操作

2023-11-29 00:38:30 开始操作号码 【1890302】
2023-11-29 00:38:35 GSD getOne 第 1 次 等待 3 秒
2023-11-29 00:38:38 查询号码 【1890302】，返回信息 {"status":"ok","msg":"广东-深圳","gid":"44887","time_insert":"2017-12-14 16:24","time_update":"2020-10-02 16:07"}
2023-11-29 00:38:38 查询号码 【1890302】，GSD为【"广东-深圳"】

2023-11-29 00:38:39 开始第 394 次操作

2023-11-29 00:38:39 开始操作号码 【1890303】
2023-11-29 00:38:43 GSD getOne 第 1 次 等待 3 秒
2023-11-29 00:38:46 查询号码 【1890303】，返回信息 {"status":"ok","msg":"广东-东莞","gid":"385923","time_insert":"2021-07-25 05:54"}
2023-11-29 00:38:47 查询号码 【1890303】，GSD为【"广东-东莞"】

2023-11-29 00:38:48 开始第 395 次操作

2023-11-29 00:38:48 开始操作号码 【1890304】
2023-11-29 00:38:52 GSD getOne 第 1 次 等待 3 秒
2023-11-29 00:38:55 查询号码 【1890304】，返回信息 {"status":"ok","msg":"广东-汕头","gid":"386100","time_insert":"2021-07-25 06:07"}
2023-11-29 00:38:55 查询号码 【1890304】，GSD为【"广东-汕头"】

2023-11-29 00:38:56 开始第 396 次操作

2023-11-29 00:38:56 开始操作号码 【1890305】
2023-11-29 00:39:00 GSD getOne 第 1 次 等待 3 秒
2023-11-29 00:39:03 查询号码 【1890305】，返回信息 {"status":"ok","msg":"广东-广州","gid":"386144","time_insert":"2021-07-25 06:19"}
2023-11-29 00:39:03 查询号码 【1890305】，GSD为【"广东-广州"】

2023-11-29 01:07:32 开始第 397 次操作

2023-11-29 01:07:32 开始操作号码 【1890306】
2023-11-29 01:07:36 GSD getOne 第 1 次 等待 3 秒
2023-11-29 01:07:39 查询号码 【1890306】，返回信息 {"status":"ok","msg":"广东-广州","gid":"386175","time_insert":"2021-07-25 06:34"}
2023-11-29 01:07:39 查询号码 【1890306】，GSD为【"广东-广州"】

2023-11-29 01:07:40 开始第 398 次操作

2023-11-29 01:07:40 开始操作号码 【1890307】
2023-11-29 01:07:46 GSD getOne 第 1 次 等待 3 秒
2023-11-29 01:07:49 查询号码 【1890307】，返回信息 {"status":"ok","msg":"广东-广州","gid":"386359","time_insert":"2021-07-25 06:49"}
2023-11-29 01:07:49 查询号码 【1890307】，GSD为【"广东-广州"】

2023-11-29 01:07:50 开始第 399 次操作

2023-11-29 01:07:50 开始操作号码 【1890308】
2023-11-29 01:07:54 GSD getOne 第 1 次 等待 3 秒
2023-11-29 01:07:57 查询号码 【1890308】，返回信息 {"status":"ok","msg":"广东-揭阳","gid":"386569","time_insert":"2021-07-25 07:01"}
2023-11-29 01:07:57 查询号码 【1890308】，GSD为【"广东-揭阳"】

2023-11-29 01:07:58 开始第 400 次操作

2023-11-29 01:07:58 开始操作号码 【1890309】
2023-11-29 01:08:01 GSD getOne 第 1 次 等待 3 秒
2023-11-29 01:08:04 查询号码 【1890309】，返回信息 {"status":"ok","msg":"广东-潮州","gid":"386638","time_insert":"2021-07-25 07:13"}
2023-11-29 01:08:04 查询号码 【1890309】，GSD为【"广东-潮州"】

