2024-02-01 00:09:15 开始第 1253 次操作

2024-02-01 00:09:15 开始操作号码 【1781162】
2024-02-01 00:09:19 GSD getOne 第 1 次 等待 3 秒
2024-02-01 00:09:22 查询号码 【1781162】，返回信息 {"status":"ok","msg":"广东-深圳","gid":"347315","time_insert":"2021-07-21 16:13"}
2024-02-01 00:09:22 查询号码 【1781162】，GSD为【"广东-深圳"】

2024-02-01 00:09:23 开始第 1254 次操作

2024-02-01 00:09:23 开始操作号码 【1781163】
2024-02-01 00:09:29 GSD getOne 第 1 次 等待 3 秒
2024-02-01 00:09:32 查询号码 【1781163】，返回信息 {"status":"ok","msg":"广东-深圳","gid":"347358","time_insert":"2021-07-21 16:26"}
2024-02-01 00:09:32 查询号码 【1781163】，GSD为【"广东-深圳"】

2024-02-01 00:09:33 开始第 1255 次操作

2024-02-01 00:09:33 开始操作号码 【1781164】
2024-02-01 00:09:37 GSD getOne 第 1 次 等待 3 秒
2024-02-01 00:09:40 查询号码 【1781164】，返回信息 {"status":"ok","msg":"广东-河源","gid":"347394","time_insert":"2021-07-21 16:38"}
2024-02-01 00:09:40 查询号码 【1781164】，GSD为【"广东-河源"】

2024-02-01 00:09:42 开始第 1256 次操作

2024-02-01 00:09:42 开始操作号码 【1781165】
2024-02-01 00:09:46 GSD getOne 第 1 次 等待 3 秒
2024-02-01 00:09:49 查询号码 【1781165】，返回信息 {"status":"ok","msg":"广东-深圳","gid":"347549","time_insert":"2021-07-21 16:57"}
2024-02-01 00:09:50 查询号码 【1781165】，GSD为【"广东-深圳"】

2024-02-01 00:33:18 开始第 1257 次操作

2024-02-01 00:33:18 开始操作号码 【1781166】
2024-02-01 00:33:22 GSD getOne 第 1 次 等待 3 秒
2024-02-01 00:33:25 查询号码 【1781166】，返回信息 {"status":"ok","msg":"广东-中山","gid":"347699","time_insert":"2021-07-21 17:11"}
2024-02-01 00:33:25 查询号码 【1781166】，GSD为【"广东-中山"】

2024-02-01 00:33:26 开始第 1258 次操作

2024-02-01 00:33:26 开始操作号码 【1781167】
2024-02-01 00:33:31 GSD getOne 第 1 次 等待 3 秒
2024-02-01 00:33:34 查询号码 【1781167】，返回信息 {"status":"ok","msg":"广东-惠州","gid":"347767","time_insert":"2021-07-21 17:23","time_update":"2021-07-22 01:47"}
2024-02-01 00:33:34 查询号码 【1781167】，GSD为【"广东-惠州"】

2024-02-01 00:33:35 开始第 1259 次操作

2024-02-01 00:33:35 开始操作号码 【1781168】
2024-02-01 00:33:40 GSD getOne 第 1 次 等待 3 秒
2024-02-01 00:33:43 查询号码 【1781168】，返回信息 {"status":"ok","msg":"广东-深圳","gid":"347802","time_insert":"2021-07-21 17:37"}
2024-02-01 00:33:43 查询号码 【1781168】，GSD为【"广东-深圳"】

2024-02-01 00:33:44 开始第 1260 次操作

2024-02-01 00:33:44 开始操作号码 【1781169】
2024-02-01 00:33:49 GSD getOne 第 1 次 等待 3 秒
2024-02-01 00:33:52 查询号码 【1781169】，返回信息 {"status":"ok","msg":"广东-深圳","gid":"347868","time_insert":"2021-07-21 17:50"}
2024-02-01 00:33:52 查询号码 【1781169】，GSD为【"广东-深圳"】

