2024-07-05 00:10:33 开始第 4893 次操作

2024-07-05 00:10:33 开始操作号码 【1564799】
2024-07-05 00:10:42 GSD getOne 第 1 次 等待 3 秒
2024-07-05 00:10:45 查询号码 【1564799】，返回信息 {"status":"ok","msg":"内蒙古-锡林郭勒","gid":"394762","time_insert":"2021-07-25 23:07"}
2024-07-05 00:10:45 查询号码 【1564799】，GSD为【"内蒙古-锡林郭勒"】

2024-07-05 00:10:46 开始第 4894 次操作

2024-07-05 00:10:46 开始操作号码 【1564800】
2024-07-05 00:10:54 GSD getOne 第 1 次 等待 3 秒
2024-07-05 00:10:57 查询号码 【1564800】，返回信息 {"status":"ok","msg":"内蒙古-呼伦贝尔","gid":"394863","time_insert":"2021-07-25 23:16"}
2024-07-05 00:10:57 查询号码 【1564800】，GSD为【"内蒙古-呼伦贝尔"】

2024-07-05 00:10:58 开始第 4895 次操作

2024-07-05 00:10:58 开始操作号码 【1564801】
2024-07-05 00:11:06 GSD getOne 第 1 次 等待 3 秒
2024-07-05 00:11:09 查询号码 【1564801】，返回信息 {"status":"ok","msg":"内蒙古-呼伦贝尔","gid":"394916","time_insert":"2021-07-25 23:26"}
2024-07-05 00:11:09 查询号码 【1564801】，GSD为【"内蒙古-呼伦贝尔"】

2024-07-05 00:11:10 开始第 4896 次操作

2024-07-05 00:11:10 开始操作号码 【1564802】
2024-07-05 00:11:19 GSD getOne 第 1 次 等待 3 秒
2024-07-05 00:11:22 查询号码 【1564802】，返回信息 {"status":"ok","msg":"内蒙古-呼伦贝尔","gid":"394931","time_insert":"2021-07-25 23:35"}
2024-07-05 00:11:22 查询号码 【1564802】，GSD为【"内蒙古-呼伦贝尔"】

