2023-11-17 00:10:41 开始第 9269 次操作

2023-11-17 00:10:41 开始操作号码 【1999177】
2023-11-17 00:10:45 GSD getOne 第 1 次 等待 3 秒
2023-11-17 00:10:48 查询号码 【1999177】，返回信息 {"status":"ok","msg":"陕西-延安","gid":"476191","time_insert":"2021-08-02 06:02","time_update":"2021-08-16 15:36"}
2023-11-17 00:10:48 查询号码 【1999177】，GSD为【"陕西-延安"】

2023-11-17 00:10:49 开始第 9270 次操作

2023-11-17 00:10:49 开始操作号码 【1999178】
2023-11-17 00:10:52 GSD getOne 第 1 次 等待 3 秒
2023-11-17 00:10:55 查询号码 【1999178】，返回信息 {"status":"ok","msg":"陕西-延安","gid":"476181","time_insert":"2021-08-02 06:01"}
2023-11-17 00:10:55 查询号码 【1999178】，GSD为【"陕西-延安"】

2023-11-17 00:10:56 开始第 9271 次操作

2023-11-17 00:10:56 开始操作号码 【1999179】
2023-11-17 00:11:02 GSD getOne 第 1 次 等待 3 秒
2023-11-17 00:11:05 查询号码 【1999179】，返回信息 {"status":"ok","msg":"陕西-延安","gid":"476169","time_insert":"2021-08-02 06:01"}
2023-11-17 00:11:05 查询号码 【1999179】，GSD为【"陕西-延安"】

2023-11-17 00:11:06 开始第 9272 次操作

2023-11-17 00:11:06 开始操作号码 【1999180】
2023-11-17 00:11:11 GSD getOne 第 1 次 等待 3 秒
2023-11-17 00:11:14 查询号码 【1999180】，返回信息 {"status":"ok","msg":"陕西-西安","gid":"476156","time_insert":"2021-08-02 06:00"}
2023-11-17 00:11:14 查询号码 【1999180】，GSD为【"陕西-西安"】

2023-11-17 00:38:53 开始第 9273 次操作

2023-11-17 00:38:53 开始操作号码 【1999181】
2023-11-17 00:38:56 GSD getOne 第 1 次 等待 3 秒
2023-11-17 00:38:59 查询号码 【1999181】，返回信息 {"status":"ok","msg":"陕西-西安","gid":"476147","time_insert":"2021-08-02 05:59"}
2023-11-17 00:38:59 查询号码 【1999181】，GSD为【"陕西-西安"】

2023-11-17 00:39:00 开始第 9274 次操作

2023-11-17 00:39:00 开始操作号码 【1999182】
2023-11-17 00:39:04 GSD getOne 第 1 次 等待 3 秒
2023-11-17 00:39:07 查询号码 【1999182】，返回信息 {"status":"ok","msg":"陕西-西安","gid":"476137","time_insert":"2021-08-02 05:59"}
2023-11-17 00:39:07 查询号码 【1999182】，GSD为【"陕西-西安"】

2023-11-17 00:39:08 开始第 9275 次操作

2023-11-17 00:39:08 开始操作号码 【1999183】
2023-11-17 00:39:11 GSD getOne 第 1 次 等待 3 秒
2023-11-17 00:39:14 查询号码 【1999183】，返回信息 {"status":"ok","msg":"陕西-西安","gid":"476122","time_insert":"2021-08-02 05:58"}
2023-11-17 00:39:14 查询号码 【1999183】，GSD为【"陕西-西安"】

2023-11-17 00:39:15 开始第 9276 次操作

2023-11-17 00:39:15 开始操作号码 【1999184】
2023-11-17 00:39:24 GSD getOne 第 1 次 等待 3 秒
2023-11-17 00:39:27 查询号码 【1999184】，返回信息 {"status":"ok","msg":"陕西-西安","gid":"476113","time_insert":"2021-08-02 05:58"}
2023-11-17 00:39:27 查询号码 【1999184】，GSD为【"陕西-西安"】

