2024-10-21 00:24:11 开始第 585 次操作

2024-10-21 00:24:11 开始操作号码 【1340584】
2024-10-21 00:24:12 GSD getOne 第 1 次 等待 3 秒
2024-10-21 00:24:15 查询号码 【1340584】，返回信息 {"status":"ok","msg":"江苏-南京","gid":"58020","time_insert":"2021-05-13 10:50"}
2024-10-21 00:24:15 查询号码 【1340584】，GSD为【"江苏-南京"】

2024-10-21 00:24:16 开始第 586 次操作

2024-10-21 00:24:16 开始操作号码 【1340585】
2024-10-21 00:24:17 GSD getOne 第 1 次 等待 3 秒
2024-10-21 00:24:20 查询号码 【1340585】，返回信息 {"status":"ok","msg":"江苏-南京","gid":"58028","time_insert":"2021-05-13 11:15"}
2024-10-21 00:24:20 查询号码 【1340585】，GSD为【"江苏-南京"】

2024-10-21 00:24:21 开始第 587 次操作

2024-10-21 00:24:21 开始操作号码 【1340586】
2024-10-21 00:24:22 GSD getOne 第 1 次 等待 3 秒
2024-10-21 00:24:25 查询号码 【1340586】，返回信息 {"status":"ok","msg":"江苏-南京","gid":"58034","time_insert":"2021-05-13 11:38"}
2024-10-21 00:24:25 查询号码 【1340586】，GSD为【"江苏-南京"】

2024-10-21 00:24:26 开始第 588 次操作

2024-10-21 00:24:26 开始操作号码 【1340587】
2024-10-21 00:24:27 GSD getOne 第 1 次 等待 3 秒
2024-10-21 00:24:30 查询号码 【1340587】，返回信息 {"status":"ok","msg":"江苏-南京","gid":"58040","time_insert":"2021-05-13 11:57"}
2024-10-21 00:24:30 查询号码 【1340587】，GSD为【"江苏-南京"】

2024-10-21 00:43:06 开始第 589 次操作

2024-10-21 00:43:06 开始操作号码 【1340588】
2024-10-21 00:43:08 GSD getOne 第 1 次 等待 3 秒
2024-10-21 00:43:11 查询号码 【1340588】，返回信息 {"status":"ok","msg":"江苏-南京","gid":"3883","time_insert":"2017-07-28 04:07","time_update":"2020-08-24 01:23"}
2024-10-21 00:43:11 查询号码 【1340588】，GSD为【"江苏-南京"】

2024-10-21 00:43:12 开始第 590 次操作

2024-10-21 00:43:12 开始操作号码 【1340589】
2024-10-21 00:43:13 GSD getOne 第 1 次 等待 3 秒
2024-10-21 00:43:16 查询号码 【1340589】，返回信息 {"status":"ok","msg":"江苏-南京","gid":"58046","time_insert":"2021-05-13 12:15"}
2024-10-21 00:43:16 查询号码 【1340589】，GSD为【"江苏-南京"】

2024-10-21 00:43:17 开始第 591 次操作

2024-10-21 00:43:17 开始操作号码 【1340590】
2024-10-21 00:43:18 GSD getOne 第 1 次 等待 3 秒
2024-10-21 00:43:21 查询号码 【1340590】，返回信息 {"status":"ok","msg":"福建-福州","gid":"58054","time_insert":"2021-05-13 12:45"}
2024-10-21 00:43:21 查询号码 【1340590】，GSD为【"福建-福州"】

2024-10-21 00:43:22 开始第 592 次操作

2024-10-21 00:43:22 开始操作号码 【1340591】
2024-10-21 00:43:24 GSD getOne 第 1 次 等待 3 秒
2024-10-21 00:43:27 查询号码 【1340591】，返回信息 {"status":"ok","msg":"福建-福州","gid":"58060","time_insert":"2021-05-13 13:10"}
2024-10-21 00:43:27 查询号码 【1340591】，GSD为【"福建-福州"】

