2024-07-08 00:09:29 开始第 5441 次操作

2024-07-08 00:09:29 开始操作号码 【1565347】
2024-07-08 00:09:38 GSD getOne 第 1 次 等待 3 秒
2024-07-08 00:09:41 查询号码 【1565347】，返回信息 {"status":"ok","msg":"山东-潍坊","gid":"418684","time_insert":"2021-07-28 00:06"}
2024-07-08 00:09:41 查询号码 【1565347】，GSD为【"山东-潍坊"】

2024-07-08 00:09:42 开始第 5442 次操作

2024-07-08 00:09:42 开始操作号码 【1565348】
2024-07-08 00:09:53 GSD getOne 第 1 次 等待 3 秒
2024-07-08 00:09:56 查询号码 【1565348】，返回信息 {"status":"ok","msg":"山东-菏泽","gid":"418676","time_insert":"2021-07-28 00:05"}
2024-07-08 00:09:56 查询号码 【1565348】，GSD为【"山东-菏泽"】

2024-07-08 00:09:57 开始第 5443 次操作

2024-07-08 00:09:57 开始操作号码 【1565349】
2024-07-08 00:10:05 GSD getOne 第 1 次 等待 3 秒
2024-07-08 00:10:08 查询号码 【1565349】，返回信息 {"status":"ok","msg":"山东-聊城","gid":"418666","time_insert":"2021-07-28 00:05"}
2024-07-08 00:10:08 查询号码 【1565349】，GSD为【"山东-聊城"】

2024-07-08 00:10:09 开始第 5444 次操作

2024-07-08 00:10:09 开始操作号码 【1565350】
2024-07-08 00:10:18 GSD getOne 第 1 次 等待 3 秒
2024-07-08 00:10:21 查询号码 【1565350】，返回信息 {"status":"ok","msg":"山东-烟台","gid":"22642","time_insert":"2019-12-26 09:19","time_update":"2020-09-09 13:26"}
2024-07-08 00:10:21 查询号码 【1565350】，GSD为【"山东-烟台"】

2024-07-08 00:35:25 开始第 5445 次操作

2024-07-08 00:35:25 开始操作号码 【1565351】
2024-07-08 00:35:35 GSD getOne 第 1 次 等待 3 秒
2024-07-08 00:35:38 查询号码 【1565351】，返回信息 {"status":"ok","msg":"山东-烟台","gid":"418653","time_insert":"2021-07-28 00:04"}
2024-07-08 00:35:38 查询号码 【1565351】，GSD为【"山东-烟台"】

2024-07-08 00:35:39 开始第 5446 次操作

2024-07-08 00:35:39 开始操作号码 【1565352】
2024-07-08 00:35:52 GSD getOne 第 1 次 等待 3 秒
2024-07-08 00:35:55 查询号码 【1565352】，返回信息 {"status":"ok","msg":"山东-烟台","gid":"418644","time_insert":"2021-07-28 00:03"}
2024-07-08 00:35:55 查询号码 【1565352】，GSD为【"山东-烟台"】

2024-07-08 00:35:56 开始第 5447 次操作

2024-07-08 00:35:57 开始操作号码 【1565353】
2024-07-08 00:36:04 GSD getOne 第 1 次 等待 3 秒
2024-07-08 00:36:07 查询号码 【1565353】，返回信息 {"status":"ok","msg":"山东-烟台","gid":"418634","time_insert":"2021-07-28 00:02"}
2024-07-08 00:36:07 查询号码 【1565353】，GSD为【"山东-烟台"】

2024-07-08 00:36:08 开始第 5448 次操作

2024-07-08 00:36:08 开始操作号码 【1565354】
2024-07-08 00:36:17 GSD getOne 第 1 次 等待 3 秒
2024-07-08 00:36:20 查询号码 【1565354】，返回信息 {"status":"ok","msg":"山东-烟台","gid":"418625","time_insert":"2021-07-28 00:02"}
2024-07-08 00:36:20 查询号码 【1565354】，GSD为【"山东-烟台"】

2024-07-08 01:08:06 开始第 5449 次操作

2024-07-08 01:08:06 开始操作号码 【1565355】
2024-07-08 01:08:17 GSD getOne 第 1 次 等待 3 秒
2024-07-08 01:08:20 查询号码 【1565355】，返回信息 {"status":"ok","msg":"山东-烟台","gid":"418598","time_insert":"2021-07-28 00:00"}
2024-07-08 01:08:20 查询号码 【1565355】，GSD为【"山东-烟台"】

2024-07-08 01:08:21 开始第 5450 次操作

2024-07-08 01:08:21 开始操作号码 【1565356】
2024-07-08 01:08:29 GSD getOne 第 1 次 等待 3 秒
2024-07-08 01:08:32 查询号码 【1565356】，返回信息 {"status":"ok","msg":"山东-烟台","gid":"418588","time_insert":"2021-07-28 00:00"}
2024-07-08 01:08:32 查询号码 【1565356】，GSD为【"山东-烟台"】

2024-07-08 01:08:33 开始第 5451 次操作

2024-07-08 01:08:33 开始操作号码 【1565357】
2024-07-08 01:08:41 GSD getOne 第 1 次 等待 3 秒
2024-07-08 01:08:44 查询号码 【1565357】，返回信息 {"status":"ok","msg":"山东-烟台","gid":"418575","time_insert":"2021-07-27 23:58"}
2024-07-08 01:08:44 查询号码 【1565357】，GSD为【"山东-烟台"】

2024-07-08 01:08:45 开始第 5452 次操作

2024-07-08 01:08:45 开始操作号码 【1565358】
2024-07-08 01:08:54 GSD getOne 第 1 次 等待 3 秒
2024-07-08 01:08:57 查询号码 【1565358】，返回信息 {"status":"ok","msg":"山东-烟台","gid":"418565","time_insert":"2021-07-27 23:58"}
2024-07-08 01:08:57 查询号码 【1565358】，GSD为【"山东-烟台"】

2024-07-08 01:32:24 开始第 5453 次操作

2024-07-08 01:32:24 开始操作号码 【1565359】
2024-07-08 01:32:33 GSD getOne 第 1 次 等待 3 秒
2024-07-08 01:32:36 查询号码 【1565359】，返回信息 {"status":"ok","msg":"山东-烟台","gid":"418554","time_insert":"2021-07-27 23:57"}
2024-07-08 01:32:36 查询号码 【1565359】，GSD为【"山东-烟台"】

2024-07-08 01:32:37 开始第 5454 次操作

2024-07-08 01:32:37 开始操作号码 【1565360】
2024-07-08 01:32:44 GSD getOne 第 1 次 等待 3 秒
2024-07-08 01:32:47 查询号码 【1565360】，返回信息 {"status":"ok","msg":"山东-潍坊","gid":"418545","time_insert":"2021-07-27 23:57"}
2024-07-08 01:32:47 查询号码 【1565360】，GSD为【"山东-潍坊"】

2024-07-08 01:32:49 开始第 5455 次操作

2024-07-08 01:32:49 开始操作号码 【1565361】
2024-07-08 01:32:56 GSD getOne 第 1 次 等待 3 秒
2024-07-08 01:32:59 查询号码 【1565361】，返回信息 {"status":"ok","msg":"山东-潍坊","gid":"418538","time_insert":"2021-07-27 23:56"}
2024-07-08 01:32:59 查询号码 【1565361】，GSD为【"山东-潍坊"】

2024-07-08 01:33:01 开始第 5456 次操作

2024-07-08 01:33:01 开始操作号码 【1565362】
2024-07-08 01:33:10 GSD getOne 第 1 次 等待 3 秒
2024-07-08 01:33:13 查询号码 【1565362】，返回信息 {"status":"ok","msg":"山东-潍坊","gid":"418526","time_insert":"2021-07-27 23:55"}
2024-07-08 01:33:13 查询号码 【1565362】，GSD为【"山东-潍坊"】

2024-07-08 02:10:55 开始第 5457 次操作

2024-07-08 02:10:55 开始操作号码 【1565363】
2024-07-08 02:11:02 GSD getOne 第 1 次 等待 3 秒
2024-07-08 02:11:05 查询号码 【1565363】，返回信息 {"status":"ok","msg":"山东-潍坊","gid":"418518","time_insert":"2021-07-27 23:55"}
2024-07-08 02:11:06 查询号码 【1565363】，GSD为【"山东-潍坊"】

2024-07-08 02:11:07 开始第 5458 次操作

2024-07-08 02:11:07 开始操作号码 【1565364】
2024-07-08 02:11:14 GSD getOne 第 1 次 等待 3 秒
2024-07-08 02:11:17 查询号码 【1565364】，返回信息 {"status":"ok","msg":"山东-潍坊","gid":"418510","time_insert":"2021-07-27 23:54"}
2024-07-08 02:11:17 查询号码 【1565364】，GSD为【"山东-潍坊"】

2024-07-08 02:11:18 开始第 5459 次操作

2024-07-08 02:11:18 开始操作号码 【1565365】
2024-07-08 02:11:26 GSD getOne 第 1 次 等待 3 秒
2024-07-08 02:11:29 查询号码 【1565365】，返回信息 {"status":"ok","msg":"山东-潍坊","gid":"418503","time_insert":"2021-07-27 23:54"}
2024-07-08 02:11:29 查询号码 【1565365】，GSD为【"山东-潍坊"】

2024-07-08 02:11:30 开始第 5460 次操作

2024-07-08 02:11:30 开始操作号码 【1565366】
2024-07-08 02:11:38 GSD getOne 第 1 次 等待 3 秒
2024-07-08 02:11:41 查询号码 【1565366】，返回信息 {"status":"ok","msg":"山东-潍坊","gid":"418497","time_insert":"2021-07-27 23:53"}
2024-07-08 02:11:41 查询号码 【1565366】，GSD为【"山东-潍坊"】

2024-07-08 02:34:42 开始第 5461 次操作

2024-07-08 02:34:42 开始操作号码 【1565367】
2024-07-08 02:35:29 GSD getOne 第 1 次 等待 3 秒
2024-07-08 02:35:32 查询号码 【1565367】，返回信息 {"status":"ok","msg":"山东-潍坊","gid":"418488","time_insert":"2021-07-27 23:52"}
2024-07-08 02:35:32 查询号码 【1565367】，GSD为【"山东-潍坊"】

2024-07-08 02:35:33 开始第 5462 次操作

2024-07-08 02:35:33 开始操作号码 【1565368】
2024-07-08 02:35:42 GSD getOne 第 1 次 等待 3 秒
2024-07-08 02:35:45 查询号码 【1565368】，返回信息 {"status":"ok","msg":"山东-潍坊","gid":"418480","time_insert":"2021-07-27 23:52"}
2024-07-08 02:35:45 查询号码 【1565368】，GSD为【"山东-潍坊"】

2024-07-08 02:35:46 开始第 5463 次操作

2024-07-08 02:35:46 开始操作号码 【1565369】
2024-07-08 02:35:54 GSD getOne 第 1 次 等待 3 秒
2024-07-08 02:35:57 查询号码 【1565369】，返回信息 {"status":"ok","msg":"山东-潍坊","gid":"418471","time_insert":"2021-07-27 23:51"}
2024-07-08 02:35:57 查询号码 【1565369】，GSD为【"山东-潍坊"】

2024-07-08 02:35:58 开始第 5464 次操作

2024-07-08 02:35:58 开始操作号码 【1565370】
2024-07-08 02:36:06 GSD getOne 第 1 次 等待 3 秒
2024-07-08 02:36:09 查询号码 【1565370】，返回信息 {"status":"ok","msg":"山东-济宁","gid":"418466","time_insert":"2021-07-27 23:50"}
2024-07-08 02:36:09 查询号码 【1565370】，GSD为【"山东-济宁"】

