2024-02-18 00:09:30 开始第 4381 次操作

2024-02-18 00:09:30 开始操作号码 【1784290】
2024-02-18 00:09:37 GSD getOne 第 1 次 等待 3 秒
2024-02-18 00:09:40 查询号码 【1784290】，返回信息 {"status":"ok","msg":"福建-莆田","gid":"316187","time_insert":"2021-07-18 15:47"}
2024-02-18 00:09:40 查询号码 【1784290】，GSD为【"福建-莆田"】

2024-02-18 00:09:41 开始第 4382 次操作

2024-02-18 00:09:41 开始操作号码 【1784291】
2024-02-18 00:09:46 GSD getOne 第 1 次 等待 3 秒
2024-02-18 00:09:49 查询号码 【1784291】，返回信息 {"status":"ok","msg":"福建-莆田","gid":"316178","time_insert":"2021-07-18 15:47"}
2024-02-18 00:09:49 查询号码 【1784291】，GSD为【"福建-莆田"】

2024-02-18 00:09:50 开始第 4383 次操作

2024-02-18 00:09:50 开始操作号码 【1784292】
2024-02-18 00:09:54 GSD getOne 第 1 次 等待 3 秒
2024-02-18 00:09:57 查询号码 【1784292】，返回信息 {"status":"ok","msg":"福建-莆田","gid":"316166","time_insert":"2021-07-18 15:46"}
2024-02-18 00:09:57 查询号码 【1784292】，GSD为【"福建-莆田"】

2024-02-18 00:09:58 开始第 4384 次操作

2024-02-18 00:09:58 开始操作号码 【1784293】
2024-02-18 00:10:02 GSD getOne 第 1 次 等待 3 秒
2024-02-18 00:10:05 查询号码 【1784293】，返回信息 {"status":"ok","msg":"福建-龙岩","gid":"316159","time_insert":"2021-07-18 15:45"}
2024-02-18 00:10:05 查询号码 【1784293】，GSD为【"福建-龙岩"】

2024-02-18 00:32:44 开始第 4385 次操作

2024-02-18 00:32:44 开始操作号码 【1784294】
2024-02-18 00:32:52 GSD getOne 第 1 次 等待 3 秒
2024-02-18 00:32:55 查询号码 【1784294】，返回信息 {"status":"ok","msg":"福建-龙岩","gid":"316149","time_insert":"2021-07-18 15:45"}
2024-02-18 00:32:55 查询号码 【1784294】，GSD为【"福建-龙岩"】

2024-02-18 00:32:56 开始第 4386 次操作

2024-02-18 00:32:56 开始操作号码 【1784295】
2024-02-18 00:33:00 GSD getOne 第 1 次 等待 3 秒
2024-02-18 00:33:03 查询号码 【1784295】，返回信息 {"status":"ok","msg":"福建-龙岩","gid":"316141","time_insert":"2021-07-18 15:44"}
2024-02-18 00:33:03 查询号码 【1784295】，GSD为【"福建-龙岩"】

2024-02-18 00:33:04 开始第 4387 次操作

2024-02-18 00:33:04 开始操作号码 【1784296】
2024-02-18 00:33:10 GSD getOne 第 1 次 等待 3 秒
2024-02-18 00:33:13 查询号码 【1784296】，返回信息 {"status":"ok","msg":"福建-三明","gid":"316129","time_insert":"2021-07-18 15:44"}
2024-02-18 00:33:13 查询号码 【1784296】，GSD为【"福建-三明"】

2024-02-18 00:33:14 开始第 4388 次操作

2024-02-18 00:33:14 开始操作号码 【1784297】
2024-02-18 00:33:19 GSD getOne 第 1 次 等待 3 秒
2024-02-18 00:33:22 查询号码 【1784297】，返回信息 {"status":"ok","msg":"福建-三明","gid":"316118","time_insert":"2021-07-18 15:43"}
2024-02-18 00:33:22 查询号码 【1784297】，GSD为【"福建-三明"】

2024-02-18 01:06:25 开始第 4389 次操作

2024-02-18 01:06:25 开始操作号码 【1784298】
2024-02-18 01:06:30 GSD getOne 第 1 次 等待 3 秒
2024-02-18 01:06:33 查询号码 【1784298】，返回信息 {"status":"ok","msg":"福建-南平","gid":"316107","time_insert":"2021-07-18 15:42"}
2024-02-18 01:06:33 查询号码 【1784298】，GSD为【"福建-南平"】

2024-02-18 01:06:34 开始第 4390 次操作

2024-02-18 01:06:34 开始操作号码 【1784299】
2024-02-18 01:06:40 GSD getOne 第 1 次 等待 3 秒
2024-02-18 01:06:43 查询号码 【1784299】，返回信息 {"status":"ok","msg":"福建-南平","gid":"316098","time_insert":"2021-07-18 15:42"}
2024-02-18 01:06:43 查询号码 【1784299】，GSD为【"福建-南平"】

2024-02-18 01:06:44 开始第 4391 次操作

2024-02-18 01:06:44 开始操作号码 【1784300】
2024-02-18 01:06:48 GSD getOne 第 1 次 等待 3 秒
2024-02-18 01:06:51 查询号码 【1784300】，返回信息 {"status":"ok","msg":"吉林-长春","gid":"316088","time_insert":"2021-07-18 15:41"}
2024-02-18 01:06:51 查询号码 【1784300】，GSD为【"吉林-长春"】

2024-02-18 01:06:52 开始第 4392 次操作

2024-02-18 01:06:52 开始操作号码 【1784301】
2024-02-18 01:06:57 GSD getOne 第 1 次 等待 3 秒
2024-02-18 01:07:00 查询号码 【1784301】，返回信息 {"status":"ok","msg":"吉林-长春","gid":"316078","time_insert":"2021-07-18 15:40"}
2024-02-18 01:07:00 查询号码 【1784301】，GSD为【"吉林-长春"】

2024-02-18 01:32:30 开始第 4393 次操作

2024-02-18 01:32:30 开始操作号码 【1784302】
2024-02-18 01:32:36 GSD getOne 第 1 次 等待 3 秒
2024-02-18 01:32:39 查询号码 【1784302】，返回信息 {"status":"ok","msg":"吉林-长春","gid":"316066","time_insert":"2021-07-18 15:40"}
2024-02-18 01:32:39 查询号码 【1784302】，GSD为【"吉林-长春"】

2024-02-18 01:32:40 开始第 4394 次操作

2024-02-18 01:32:40 开始操作号码 【1784303】
2024-02-18 01:32:44 GSD getOne 第 1 次 等待 3 秒
2024-02-18 01:32:47 查询号码 【1784303】，返回信息 {"status":"ok","msg":"吉林-长春","gid":"316055","time_insert":"2021-07-18 15:39"}
2024-02-18 01:32:47 查询号码 【1784303】，GSD为【"吉林-长春"】

2024-02-18 01:32:48 开始第 4395 次操作

2024-02-18 01:32:48 开始操作号码 【1784304】
2024-02-18 01:32:53 GSD getOne 第 1 次 等待 3 秒
2024-02-18 01:32:56 查询号码 【1784304】，返回信息 {"status":"ok","msg":"吉林-长春","gid":"316043","time_insert":"2021-07-18 15:38"}
2024-02-18 01:32:56 查询号码 【1784304】，GSD为【"吉林-长春"】

2024-02-18 01:32:57 开始第 4396 次操作

2024-02-18 01:32:57 开始操作号码 【1784305】
2024-02-18 01:33:03 GSD getOne 第 1 次 等待 3 秒
2024-02-18 01:33:06 查询号码 【1784305】，返回信息 {"status":"ok","msg":"吉林-长春","gid":"316038","time_insert":"2021-07-18 15:38"}
2024-02-18 01:33:06 查询号码 【1784305】，GSD为【"吉林-长春"】

2024-02-18 02:09:05 开始第 4397 次操作

2024-02-18 02:09:05 开始操作号码 【1784306】
2024-02-18 02:09:10 GSD getOne 第 1 次 等待 3 秒
2024-02-18 02:09:13 查询号码 【1784306】，返回信息 {"status":"ok","msg":"吉林-长春","gid":"316022","time_insert":"2021-07-18 15:37"}
2024-02-18 02:09:13 查询号码 【1784306】，GSD为【"吉林-长春"】

2024-02-18 02:09:14 开始第 4398 次操作

2024-02-18 02:09:14 开始操作号码 【1784307】
2024-02-18 02:09:19 GSD getOne 第 1 次 等待 3 秒
2024-02-18 02:09:22 查询号码 【1784307】，返回信息 {"status":"ok","msg":"吉林-长春","gid":"316015","time_insert":"2021-07-18 15:36"}
2024-02-18 02:09:22 查询号码 【1784307】，GSD为【"吉林-长春"】

2024-02-18 02:09:23 开始第 4399 次操作

2024-02-18 02:09:23 开始操作号码 【1784308】
2024-02-18 02:09:27 GSD getOne 第 1 次 等待 3 秒
2024-02-18 02:09:30 查询号码 【1784308】，返回信息 {"status":"ok","msg":"吉林-长春","gid":"315907","time_insert":"2021-07-18 15:19"}
2024-02-18 02:09:30 查询号码 【1784308】，GSD为【"吉林-长春"】

2024-02-18 02:09:31 开始第 4400 次操作

2024-02-18 02:09:31 开始操作号码 【1784309】
2024-02-18 02:09:36 GSD getOne 第 1 次 等待 3 秒
2024-02-18 02:09:39 查询号码 【1784309】，返回信息 {"status":"ok","msg":"吉林-长春","gid":"31606","time_insert":"2017-03-14 01:33","time_update":"2020-08-22 08:38"}
2024-02-18 02:09:39 查询号码 【1784309】，GSD为【"吉林-长春"】

