2024-07-27 00:11:48 开始第 8865 次操作

2024-07-27 00:11:48 开始操作号码 【1568771】
2024-07-27 00:11:57 GSD getOne 第 1 次 等待 3 秒
2024-07-27 00:12:00 查询号码 【1568771】，返回信息 {"status":"ok","msg":"云南-玉溪","gid":"380127","time_insert":"2021-07-24 18:20"}
2024-07-27 00:12:00 查询号码 【1568771】，GSD为【"云南-玉溪"】

2024-07-27 00:12:01 开始第 8866 次操作

2024-07-27 00:12:01 开始操作号码 【1568772】
2024-07-27 00:13:05 GSD getOne 第 1 次 等待 3 秒
2024-07-27 00:13:08 查询号码 【1568772】，返回信息 {"status":"ok","msg":"云南-玉溪","gid":"23016","time_insert":"2019-04-23 15:33","time_update":"2020-12-01 00:55"}
2024-07-27 00:13:08 查询号码 【1568772】，GSD为【"云南-玉溪"】

2024-07-27 00:13:09 开始第 8867 次操作

2024-07-27 00:13:09 开始操作号码 【1568773】
2024-07-27 00:13:10 GSD getOne 第 1 次 等待 3 秒
2024-07-27 00:13:21 GSD getOne 第 2 次 等待 3 秒
2024-07-27 00:13:24 查询号码 【1568773】，返回信息 {"status":"ok","msg":"云南-玉溪","gid":"75144","time_insert":"2021-06-01 01:08","time_update":"2021-06-06 05:19"}
2024-07-27 00:13:24 查询号码 【1568773】，GSD为【"云南-玉溪"】

2024-07-27 00:13:25 开始第 8868 次操作

2024-07-27 00:13:25 开始操作号码 【1568774】
2024-07-27 00:13:33 GSD getOne 第 1 次 等待 3 秒
2024-07-27 00:13:36 查询号码 【1568774】，返回信息 {"status":"ok","msg":"云南-玉溪","gid":"23017","time_insert":"2018-01-24 22:39","time_update":"2020-12-01 00:59"}
2024-07-27 00:13:36 查询号码 【1568774】，GSD为【"云南-玉溪"】

2024-07-27 00:39:09 开始第 8869 次操作

2024-07-27 00:39:09 开始操作号码 【1568775】
2024-07-27 00:39:20 GSD getOne 第 1 次 等待 3 秒
2024-07-27 00:39:23 查询号码 【1568775】，返回信息 {"status":"ok","msg":"云南-昆明","gid":"23018","time_insert":"2017-03-08 17:11","time_update":"2020-12-01 01:04"}
2024-07-27 00:39:23 查询号码 【1568775】，GSD为【"云南-昆明"】

2024-07-27 00:39:24 开始第 8870 次操作

2024-07-27 00:39:24 开始操作号码 【1568776】
2024-07-27 00:39:36 GSD getOne 第 1 次 等待 3 秒
2024-07-27 00:39:39 查询号码 【1568776】，返回信息 {"status":"ok","msg":"云南-昆明","gid":"380115","time_insert":"2021-07-24 18:18"}
2024-07-27 00:39:39 查询号码 【1568776】，GSD为【"云南-昆明"】

2024-07-27 00:39:40 开始第 8871 次操作

2024-07-27 00:39:40 开始操作号码 【1568777】
2024-07-27 00:39:50 GSD getOne 第 1 次 等待 3 秒
2024-07-27 00:39:53 查询号码 【1568777】，返回信息 {"status":"ok","msg":"云南-昆明","gid":"380110","time_insert":"2021-07-24 18:17"}
2024-07-27 00:39:53 查询号码 【1568777】，GSD为【"云南-昆明"】

2024-07-27 00:39:54 开始第 8872 次操作

2024-07-27 00:39:54 开始操作号码 【1568778】
2024-07-27 00:40:03 GSD getOne 第 1 次 等待 3 秒
2024-07-27 00:40:06 查询号码 【1568778】，返回信息 {"status":"ok","msg":"云南-昆明","gid":"380104","time_insert":"2021-07-24 18:16"}
2024-07-27 00:40:06 查询号码 【1568778】，GSD为【"云南-昆明"】

