2024-10-02 00:25:06 开始第 7489 次操作

2024-10-02 00:25:06 开始操作号码 【1457488】
2024-10-02 00:25:08 GSD getOne 第 1 次 等待 3 秒
2024-10-02 00:25:11 查询号码 【1457488】，返回信息 {"status":"ok","msg":"江苏-南京","gid":"98264","time_insert":"2021-06-15 16:46"}
2024-10-02 00:25:11 查询号码 【1457488】，GSD为【"江苏-南京"】

2024-10-02 00:25:12 开始第 7490 次操作

2024-10-02 00:25:12 开始操作号码 【1457489】
2024-10-02 00:25:14 GSD getOne 第 1 次 等待 3 秒
2024-10-02 00:25:17 查询号码 【1457489】，返回信息 {"status":"ok","msg":"江苏-南京","gid":"98269","time_insert":"2021-06-15 16:49"}
2024-10-02 00:25:17 查询号码 【1457489】，GSD为【"江苏-南京"】

2024-10-02 00:25:18 开始第 7491 次操作

2024-10-02 00:25:18 开始操作号码 【1457490】
2024-10-02 00:25:21 GSD getOne 第 1 次 等待 3 秒
2024-10-02 00:25:24 查询号码 【1457490】，返回信息 {"status":"ok","msg":"江苏-南京","gid":"98274","time_insert":"2021-06-15 16:52"}
2024-10-02 00:25:24 查询号码 【1457490】，GSD为【"江苏-南京"】

2024-10-02 00:25:25 开始第 7492 次操作

2024-10-02 00:25:25 开始操作号码 【1457491】
2024-10-02 00:25:39 GSD getOne 第 1 次 等待 3 秒
2024-10-02 00:25:42 查询号码 【1457491】，返回信息 {"status":"ok","msg":"江苏-南京","gid":"98276","time_insert":"2021-06-15 16:56"}
2024-10-02 00:25:42 查询号码 【1457491】，GSD为【"江苏-南京"】

2024-10-02 00:45:46 开始第 7493 次操作

2024-10-02 00:45:46 开始操作号码 【1457492】
2024-10-02 00:45:48 GSD getOne 第 1 次 等待 3 秒
2024-10-02 00:45:51 查询号码 【1457492】，返回信息 {"status":"ok","msg":"江苏-南京","gid":"98280","time_insert":"2021-06-15 17:01"}
2024-10-02 00:45:51 查询号码 【1457492】，GSD为【"江苏-南京"】

2024-10-02 00:45:52 开始第 7494 次操作

2024-10-02 00:45:52 开始操作号码 【1457493】
2024-10-02 00:45:54 GSD getOne 第 1 次 等待 3 秒
2024-10-02 00:45:57 查询号码 【1457493】，返回信息 {"status":"ok","msg":"江苏-南京","gid":"98289","time_insert":"2021-06-15 17:05"}
2024-10-02 00:45:57 查询号码 【1457493】，GSD为【"江苏-南京"】

2024-10-02 00:45:58 开始第 7495 次操作

2024-10-02 00:45:58 开始操作号码 【1457494】
2024-10-02 00:46:00 GSD getOne 第 1 次 等待 3 秒
2024-10-02 00:46:03 查询号码 【1457494】，返回信息 {"status":"ok","msg":"江苏-南京","gid":"98293","time_insert":"2021-06-15 17:10"}
2024-10-02 00:46:03 查询号码 【1457494】，GSD为【"江苏-南京"】

2024-10-02 00:46:04 开始第 7496 次操作

2024-10-02 00:46:04 开始操作号码 【1457495】
2024-10-02 00:46:09 GSD getOne 第 1 次 等待 3 秒
2024-10-02 00:46:12 查询号码 【1457495】，返回信息 {"status":"ok","msg":"江苏-南京","gid":"98297","time_insert":"2021-06-15 17:15"}
2024-10-02 00:46:12 查询号码 【1457495】，GSD为【"江苏-南京"】

