2024-01-29 00:08:04 开始第 701 次操作

2024-01-29 00:08:04 开始操作号码 【1780610】
2024-01-29 00:08:10 GSD getOne 第 1 次 等待 3 秒
2024-01-29 00:08:13 查询号码 【1780610】，返回信息 {"status":"ok","msg":"山东-临沂","gid":"299094","time_insert":"2021-07-17 02:40"}
2024-01-29 00:08:13 查询号码 【1780610】，GSD为【"山东-临沂"】

2024-01-29 00:08:14 开始第 702 次操作

2024-01-29 00:08:14 开始操作号码 【1780611】
2024-01-29 00:08:18 GSD getOne 第 1 次 等待 3 秒
2024-01-29 00:08:21 查询号码 【1780611】，返回信息 {"status":"ok","msg":"山东-临沂","gid":"299167","time_insert":"2021-07-17 02:53"}
2024-01-29 00:08:21 查询号码 【1780611】，GSD为【"山东-临沂"】

2024-01-29 00:08:22 开始第 703 次操作

2024-01-29 00:08:22 开始操作号码 【1780612】
2024-01-29 00:08:27 GSD getOne 第 1 次 等待 3 秒
2024-01-29 00:08:30 查询号码 【1780612】，返回信息 {"status":"ok","msg":"山东-临沂","gid":"299295","time_insert":"2021-07-17 03:04"}
2024-01-29 00:08:30 查询号码 【1780612】，GSD为【"山东-临沂"】

2024-01-29 00:08:31 开始第 704 次操作

2024-01-29 00:08:31 开始操作号码 【1780613】
2024-01-29 00:08:35 GSD getOne 第 1 次 等待 3 秒
2024-01-29 00:08:38 查询号码 【1780613】，返回信息 {"status":"ok","msg":"山东-临沂","gid":"299432","time_insert":"2021-07-17 03:19"}
2024-01-29 00:08:38 查询号码 【1780613】，GSD为【"山东-临沂"】

