2023-10-13 00:36:42 开始第 2917 次操作

2023-10-13 00:36:42 开始操作号码 【1992891】
2023-10-13 00:38:52 GSD getOne 第 1 次 等待 3 秒
2023-10-13 00:41:05 GSD getOne 第 2 次 等待 3 秒
2023-10-13 00:43:18 GSD getOne 第 3 次 等待 3 秒
2023-10-13 00:45:31 GSD getOne 第 4 次 等待 3 秒
2023-10-13 00:47:45 GSD getOne 第 5 次 等待 3 秒
2023-10-13 00:49:58 GSD getOne 第 6 次 等待 3 秒
2023-10-13 00:52:11 GSD getOne 第 7 次 等待 3 秒
2023-10-13 00:54:24 GSD getOne 第 8 次 等待 3 秒
2023-10-13 00:56:37 GSD getOne 第 9 次 等待 3 秒
2023-10-13 00:58:50 GSD getOne 第 10 次 等待 3 秒
2023-10-13 00:58:53 查询号码 【1992891】，返回信息 
2023-10-13 00:58:53 查询失败，3 秒后重新查询
2023-10-13 01:01:07 GSD getOne 第 1 次 等待 3 秒
2023-10-13 01:03:21 GSD getOne 第 2 次 等待 3 秒
2023-10-13 01:05:34 GSD getOne 第 3 次 等待 3 秒
2023-10-13 01:07:47 GSD getOne 第 4 次 等待 3 秒
2023-10-13 01:10:00 GSD getOne 第 5 次 等待 3 秒
2023-10-13 01:12:13 GSD getOne 第 6 次 等待 3 秒
2023-10-13 01:14:26 GSD getOne 第 7 次 等待 3 秒
2023-10-13 01:16:39 GSD getOne 第 8 次 等待 3 秒
2023-10-13 01:18:52 GSD getOne 第 9 次 等待 3 秒
2023-10-13 01:21:05 GSD getOne 第 10 次 等待 3 秒
2023-10-13 01:21:08 查询号码 【1992891】，返回信息 
2023-10-13 01:21:08 查询失败，结束本次操作，期待下次成功~
2023-10-13 01:21:09 随机等待 212 秒，约 3 分钟
2023-10-13 01:21:09 下次操作: 2023-10-13 01:24:41

2023-10-13 01:24:41 开始第 2918 次操作

2023-10-13 01:24:41 开始操作号码 【1992891】
2023-10-13 01:26:52 GSD getOne 第 1 次 等待 3 秒
2023-10-13 01:29:05 GSD getOne 第 2 次 等待 3 秒
2023-10-13 01:31:18 GSD getOne 第 3 次 等待 3 秒
2023-10-13 01:33:31 GSD getOne 第 4 次 等待 3 秒
2023-10-13 01:35:44 GSD getOne 第 5 次 等待 3 秒
2023-10-13 01:37:57 GSD getOne 第 6 次 等待 3 秒
2023-10-13 01:40:10 GSD getOne 第 7 次 等待 3 秒
2023-10-13 01:42:23 GSD getOne 第 8 次 等待 3 秒
2023-10-13 01:44:37 GSD getOne 第 9 次 等待 3 秒
2023-10-13 01:46:50 GSD getOne 第 10 次 等待 3 秒
2023-10-13 01:46:53 查询号码 【1992891】，返回信息 
2023-10-13 01:46:53 查询失败，3 秒后重新查询
2023-10-13 01:49:07 GSD getOne 第 1 次 等待 3 秒
2023-10-13 01:51:20 GSD getOne 第 2 次 等待 3 秒
2023-10-13 01:53:33 GSD getOne 第 3 次 等待 3 秒
2023-10-13 01:55:46 GSD getOne 第 4 次 等待 3 秒
2023-10-13 01:57:59 GSD getOne 第 5 次 等待 3 秒
2023-10-13 02:00:12 GSD getOne 第 6 次 等待 3 秒
2023-10-13 02:02:26 GSD getOne 第 7 次 等待 3 秒
2023-10-13 02:04:39 GSD getOne 第 8 次 等待 3 秒
2023-10-13 02:06:52 GSD getOne 第 9 次 等待 3 秒
2023-10-13 02:09:05 GSD getOne 第 10 次 等待 3 秒
2023-10-13 02:09:08 查询号码 【1992891】，返回信息 
2023-10-13 02:09:08 查询失败，结束本次操作，期待下次成功~
2023-10-13 02:09:08 随机等待 87 秒，约 1 分钟
2023-10-13 02:09:08 下次操作: 2023-10-13 02:10:35

2023-10-13 02:10:35 开始第 2919 次操作

2023-10-13 02:10:35 开始操作号码 【1992891】
2023-10-13 02:12:46 GSD getOne 第 1 次 等待 3 秒
2023-10-13 02:14:59 GSD getOne 第 2 次 等待 3 秒
2023-10-13 02:17:12 GSD getOne 第 3 次 等待 3 秒
2023-10-13 02:19:26 GSD getOne 第 4 次 等待 3 秒
2023-10-13 02:21:39 GSD getOne 第 5 次 等待 3 秒
2023-10-13 02:23:52 GSD getOne 第 6 次 等待 3 秒
2023-10-13 02:26:05 GSD getOne 第 7 次 等待 3 秒
2023-10-13 02:28:18 GSD getOne 第 8 次 等待 3 秒
2023-10-13 02:30:31 GSD getOne 第 9 次 等待 3 秒
2023-10-13 02:32:44 GSD getOne 第 10 次 等待 3 秒
2023-10-13 02:32:47 查询号码 【1992891】，返回信息 
2023-10-13 02:32:47 查询失败，3 秒后重新查询
2023-10-13 02:35:01 GSD getOne 第 1 次 等待 3 秒
2023-10-13 02:37:15 GSD getOne 第 2 次 等待 3 秒
2023-10-13 02:39:28 GSD getOne 第 3 次 等待 3 秒
2023-10-13 02:41:41 GSD getOne 第 4 次 等待 3 秒
2023-10-13 02:43:54 GSD getOne 第 5 次 等待 3 秒
2023-10-13 02:46:07 GSD getOne 第 6 次 等待 3 秒
2023-10-13 02:48:20 GSD getOne 第 7 次 等待 3 秒
2023-10-13 02:50:33 GSD getOne 第 8 次 等待 3 秒
2023-10-13 02:52:46 GSD getOne 第 9 次 等待 3 秒
2023-10-13 02:55:00 GSD getOne 第 10 次 等待 3 秒
2023-10-13 02:55:03 查询号码 【1992891】，返回信息 
2023-10-13 02:55:03 查询失败，结束本次操作，期待下次成功~
2023-10-13 02:55:03 随机等待 97 秒，约 1 分钟
2023-10-13 02:55:03 下次操作: 2023-10-13 02:56:40

2023-10-13 02:56:40 开始第 2920 次操作

2023-10-13 02:56:40 开始操作号码 【1992891】
2023-10-13 02:58:51 GSD getOne 第 1 次 等待 3 秒
2023-10-13 03:01:04 GSD getOne 第 2 次 等待 3 秒
2023-10-13 03:03:17 GSD getOne 第 3 次 等待 3 秒
2023-10-13 03:05:30 GSD getOne 第 4 次 等待 3 秒
2023-10-13 03:07:43 GSD getOne 第 5 次 等待 3 秒
2023-10-13 03:09:57 GSD getOne 第 6 次 等待 3 秒
2023-10-13 03:12:10 GSD getOne 第 7 次 等待 3 秒
2023-10-13 03:14:23 GSD getOne 第 8 次 等待 3 秒
2023-10-13 03:16:36 GSD getOne 第 9 次 等待 3 秒
2023-10-13 03:18:49 GSD getOne 第 10 次 等待 3 秒
2023-10-13 03:18:52 查询号码 【1992891】，返回信息 
2023-10-13 03:18:52 查询失败，3 秒后重新查询
2023-10-13 03:21:06 GSD getOne 第 1 次 等待 3 秒
2023-10-13 03:23:19 GSD getOne 第 2 次 等待 3 秒
2023-10-13 03:25:32 GSD getOne 第 3 次 等待 3 秒
2023-10-13 03:27:46 GSD getOne 第 4 次 等待 3 秒
2023-10-13 03:29:59 GSD getOne 第 5 次 等待 3 秒
2023-10-13 03:32:12 GSD getOne 第 6 次 等待 3 秒
2023-10-13 03:34:25 GSD getOne 第 7 次 等待 3 秒
2023-10-13 03:36:38 GSD getOne 第 8 次 等待 3 秒
2023-10-13 03:38:51 GSD getOne 第 9 次 等待 3 秒
2023-10-13 03:41:04 GSD getOne 第 10 次 等待 3 秒
2023-10-13 03:41:07 查询号码 【1992891】，返回信息 
2023-10-13 03:41:07 查询失败，结束本次操作，期待下次成功~

