2024-06-13 00:10:48 开始第 869 次操作

2024-06-13 00:10:48 开始操作号码 【1560776】
2024-06-13 00:10:59 GSD getOne 第 1 次 等待 3 秒
2024-06-13 00:11:02 查询号码 【1560776】，返回信息 {"status":"ok","msg":"广西-百色","gid":"96916","time_insert":"2021-06-14 20:53"}
2024-06-13 00:11:02 查询号码 【1560776】，GSD为【"广西-百色"】

2024-06-13 00:11:03 开始第 870 次操作

2024-06-13 00:11:03 开始操作号码 【1560777】
2024-06-13 00:11:12 GSD getOne 第 1 次 等待 3 秒
2024-06-13 00:11:15 查询号码 【1560777】，返回信息 {"status":"ok","msg":"广西-钦州","gid":"96938","time_insert":"2021-06-14 21:13"}
2024-06-13 00:11:15 查询号码 【1560777】，GSD为【"广西-钦州"】

2024-06-13 00:11:16 开始第 871 次操作

2024-06-13 00:11:16 开始操作号码 【1560778】
2024-06-13 00:11:21 GSD getOne 第 1 次 等待 3 秒
2024-06-13 00:11:24 查询号码 【1560778】，返回信息 {"status":"ok","msg":"广西-河池","gid":"96960","time_insert":"2021-06-14 21:32"}
2024-06-13 00:11:24 查询号码 【1560778】，GSD为【"广西-河池"】

2024-06-13 00:11:25 开始第 872 次操作

2024-06-13 00:11:25 开始操作号码 【1560779】
2024-06-13 00:11:34 GSD getOne 第 1 次 等待 3 秒
2024-06-13 00:11:37 查询号码 【1560779】，返回信息 {"status":"ok","msg":"广西-北海","gid":"96983","time_insert":"2021-06-14 21:51"}
2024-06-13 00:11:37 查询号码 【1560779】，GSD为【"广西-北海"】

2024-06-13 00:38:09 开始第 873 次操作

2024-06-13 00:38:09 开始操作号码 【1560780】
2024-06-13 00:38:20 GSD getOne 第 1 次 等待 3 秒
2024-06-13 00:38:23 查询号码 【1560780】，返回信息 {"status":"ok","msg":"广西-南宁","gid":"97006","time_insert":"2021-06-14 22:12"}
2024-06-13 00:38:23 查询号码 【1560780】，GSD为【"广西-南宁"】

2024-06-13 00:38:24 开始第 874 次操作

2024-06-13 00:38:24 开始操作号码 【1560781】
2024-06-13 00:38:31 GSD getOne 第 1 次 等待 3 秒
2024-06-13 00:38:34 查询号码 【1560781】，返回信息 {"status":"ok","msg":"广西-南宁","gid":"97030","time_insert":"2021-06-14 22:31"}
2024-06-13 00:38:34 查询号码 【1560781】，GSD为【"广西-南宁"】

2024-06-13 00:38:35 开始第 875 次操作

2024-06-13 00:38:35 开始操作号码 【1560782】
2024-06-13 00:38:41 GSD getOne 第 1 次 等待 3 秒
2024-06-13 00:38:44 查询号码 【1560782】，返回信息 {"status":"ok","msg":"广西-柳州","gid":"97060","time_insert":"2021-06-14 22:52"}
2024-06-13 00:38:45 查询号码 【1560782】，GSD为【"广西-柳州"】

2024-06-13 00:38:46 开始第 876 次操作

2024-06-13 00:38:46 开始操作号码 【1560783】
2024-06-13 00:38:55 GSD getOne 第 1 次 等待 3 秒
2024-06-13 00:38:58 查询号码 【1560783】，返回信息 {"status":"ok","msg":"广西-桂林","gid":"97079","time_insert":"2021-06-14 23:12"}
2024-06-13 00:38:58 查询号码 【1560783】，GSD为【"广西-桂林"】

2024-06-13 01:07:53 开始第 877 次操作

2024-06-13 01:07:53 开始操作号码 【1560784】
2024-06-13 01:07:58 GSD getOne 第 1 次 等待 3 秒
2024-06-13 01:08:01 查询号码 【1560784】，返回信息 {"status":"ok","msg":"广西-贺州","gid":"97101","time_insert":"2021-06-14 23:31"}
2024-06-13 01:08:01 查询号码 【1560784】，GSD为【"广西-贺州"】

2024-06-13 01:08:02 开始第 878 次操作

2024-06-13 01:08:02 开始操作号码 【1560785】
2024-06-13 01:08:09 GSD getOne 第 1 次 等待 3 秒
2024-06-13 01:08:12 查询号码 【1560785】，返回信息 {"status":"ok","msg":"广西-贵港","gid":"97124","time_insert":"2021-06-14 23:50"}
2024-06-13 01:08:12 查询号码 【1560785】，GSD为【"广西-贵港"】

2024-06-13 01:08:14 开始第 879 次操作

2024-06-13 01:08:14 开始操作号码 【1560786】
2024-06-13 01:08:21 GSD getOne 第 1 次 等待 3 秒
2024-06-13 01:08:24 查询号码 【1560786】，返回信息 {"status":"ok","msg":"广西-百色","gid":"97147","time_insert":"2021-06-15 00:09"}
2024-06-13 01:08:24 查询号码 【1560786】，GSD为【"广西-百色"】

2024-06-13 01:08:25 开始第 880 次操作

2024-06-13 01:08:25 开始操作号码 【1560787】
2024-06-13 01:08:31 GSD getOne 第 1 次 等待 3 秒
2024-06-13 01:08:34 查询号码 【1560787】，返回信息 {"status":"ok","msg":"广西-钦州","gid":"97169","time_insert":"2021-06-15 00:29"}
2024-06-13 01:08:34 查询号码 【1560787】，GSD为【"广西-钦州"】

2024-06-13 01:32:32 开始第 881 次操作

2024-06-13 01:32:32 开始操作号码 【1560788】
2024-06-13 01:32:41 GSD getOne 第 1 次 等待 3 秒
2024-06-13 01:32:44 查询号码 【1560788】，返回信息 {"status":"ok","msg":"广西-河池","gid":"97189","time_insert":"2021-06-15 00:50"}
2024-06-13 01:32:44 查询号码 【1560788】，GSD为【"广西-河池"】

2024-06-13 01:32:45 开始第 882 次操作

2024-06-13 01:32:45 开始操作号码 【1560789】
2024-06-13 01:32:54 GSD getOne 第 1 次 等待 3 秒
2024-06-13 01:32:57 查询号码 【1560789】，返回信息 {"status":"ok","msg":"广西-北海","gid":"97209","time_insert":"2021-06-15 01:06"}
2024-06-13 01:32:57 查询号码 【1560789】，GSD为【"广西-北海"】

2024-06-13 01:32:58 开始第 883 次操作

2024-06-13 01:32:58 开始操作号码 【1560790】
2024-06-13 01:33:08 GSD getOne 第 1 次 等待 3 秒
2024-06-13 01:33:11 查询号码 【1560790】，返回信息 {"status":"ok","msg":"江西-新余","gid":"97233","time_insert":"2021-06-15 01:26"}
2024-06-13 01:33:11 查询号码 【1560790】，GSD为【"江西-新余"】

2024-06-13 01:33:12 开始第 884 次操作

2024-06-13 01:33:12 开始操作号码 【1560791】
2024-06-13 01:33:18 GSD getOne 第 1 次 等待 3 秒
2024-06-13 01:33:21 查询号码 【1560791】，返回信息 {"status":"ok","msg":"江西-南昌","gid":"97249","time_insert":"2021-06-15 01:43"}
2024-06-13 01:33:21 查询号码 【1560791】，GSD为【"江西-南昌"】

