2023-11-14 00:10:00 开始第 8721 次操作

2023-11-14 00:10:00 开始操作号码 【1998629】
2023-11-14 00:10:05 GSD getOne 第 1 次 等待 3 秒
2023-11-14 00:10:08 查询号码 【1998629】，返回信息 {"status":"ok","msg":"湖北-孝感","gid":"482936","time_insert":"2021-08-02 20:06"}
2023-11-14 00:10:08 查询号码 【1998629】，GSD为【"湖北-孝感"】

2023-11-14 00:10:09 开始第 8722 次操作

2023-11-14 00:10:09 开始操作号码 【1998630】
2023-11-14 00:10:13 GSD getOne 第 1 次 等待 3 秒
2023-11-14 00:10:16 查询号码 【1998630】，返回信息 {"status":"ok","msg":"湖北-鄂州","gid":"482929","time_insert":"2021-08-02 20:05"}
2023-11-14 00:10:16 查询号码 【1998630】，GSD为【"湖北-鄂州"】

2023-11-14 00:10:17 开始第 8723 次操作

2023-11-14 00:10:17 开始操作号码 【1998631】
2023-11-14 00:10:20 GSD getOne 第 1 次 等待 3 秒
2023-11-14 00:10:23 查询号码 【1998631】，返回信息 {"status":"ok","msg":"湖北-武汉","gid":"482921","time_insert":"2021-08-02 20:04"}
2023-11-14 00:10:23 查询号码 【1998631】，GSD为【"湖北-武汉"】

2023-11-14 00:10:24 开始第 8724 次操作

2023-11-14 00:10:24 开始操作号码 【1998632】
2023-11-14 00:10:28 GSD getOne 第 1 次 等待 3 秒
2023-11-14 00:10:31 查询号码 【1998632】，返回信息 {"status":"ok","msg":"湖北-武汉","gid":"482909","time_insert":"2021-08-02 20:03"}
2023-11-14 00:10:31 查询号码 【1998632】，GSD为【"湖北-武汉"】

2023-11-14 00:37:32 开始第 8725 次操作

2023-11-14 00:37:32 开始操作号码 【1998633】
2023-11-14 00:37:35 GSD getOne 第 1 次 等待 3 秒
2023-11-14 00:37:38 查询号码 【1998633】，返回信息 {"status":"ok","msg":"湖北-武汉","gid":"482899","time_insert":"2021-08-02 20:03"}
2023-11-14 00:37:38 查询号码 【1998633】，GSD为【"湖北-武汉"】

2023-11-14 00:37:39 开始第 8726 次操作

2023-11-14 00:37:39 开始操作号码 【1998634】
2023-11-14 00:37:45 GSD getOne 第 1 次 等待 3 秒
2023-11-14 00:37:48 查询号码 【1998634】，返回信息 {"status":"ok","msg":"湖北-武汉","gid":"482890","time_insert":"2021-08-02 20:02"}
2023-11-14 00:37:48 查询号码 【1998634】，GSD为【"湖北-武汉"】

2023-11-14 00:37:49 开始第 8727 次操作

2023-11-14 00:37:49 开始操作号码 【1998635】
2023-11-14 00:37:54 GSD getOne 第 1 次 等待 3 秒
2023-11-14 00:37:57 查询号码 【1998635】，返回信息 {"status":"ok","msg":"湖北-武汉","gid":"482881","time_insert":"2021-08-02 20:01"}
2023-11-14 00:37:57 查询号码 【1998635】，GSD为【"湖北-武汉"】

2023-11-14 00:37:58 开始第 8728 次操作

2023-11-14 00:37:58 开始操作号码 【1998636】
2023-11-14 00:38:01 GSD getOne 第 1 次 等待 3 秒
2023-11-14 00:38:04 查询号码 【1998636】，返回信息 {"status":"ok","msg":"湖北-武汉","gid":"482868","time_insert":"2021-08-02 20:01"}
2023-11-14 00:38:04 查询号码 【1998636】，GSD为【"湖北-武汉"】

2023-11-14 01:07:10 开始第 8729 次操作

2023-11-14 01:07:10 开始操作号码 【1998637】
2023-11-14 01:07:15 GSD getOne 第 1 次 等待 3 秒
2023-11-14 01:07:18 查询号码 【1998637】，返回信息 {"status":"ok","msg":"湖北-武汉","gid":"482854","time_insert":"2021-08-02 20:00"}
2023-11-14 01:07:18 查询号码 【1998637】，GSD为【"湖北-武汉"】

2023-11-14 01:07:19 开始第 8730 次操作

2023-11-14 01:07:19 开始操作号码 【1998638】
2023-11-14 01:07:22 GSD getOne 第 1 次 等待 3 秒
2023-11-14 01:07:25 查询号码 【1998638】，返回信息 {"status":"ok","msg":"湖北-武汉","gid":"482841","time_insert":"2021-08-02 19:59"}
2023-11-14 01:07:25 查询号码 【1998638】，GSD为【"湖北-武汉"】

2023-11-14 01:07:26 开始第 8731 次操作

2023-11-14 01:07:26 开始操作号码 【1998639】
2023-11-14 01:07:30 GSD getOne 第 1 次 等待 3 秒
2023-11-14 01:07:33 查询号码 【1998639】，返回信息 {"status":"ok","msg":"湖北-武汉","gid":"482832","time_insert":"2021-08-02 19:59"}
2023-11-14 01:07:33 查询号码 【1998639】，GSD为【"湖北-武汉"】

2023-11-14 01:07:34 开始第 8732 次操作

2023-11-14 01:07:34 开始操作号码 【1998640】
2023-11-14 01:07:47 GSD getOne 第 1 次 等待 3 秒
2023-11-14 01:07:50 查询号码 【1998640】，返回信息 {"status":"ok","msg":"湖北-武汉","gid":"482823","time_insert":"2021-08-02 19:58"}
2023-11-14 01:07:50 查询号码 【1998640】，GSD为【"湖北-武汉"】

2023-11-14 01:32:38 开始第 8733 次操作

2023-11-14 01:32:38 开始操作号码 【1998641】
2023-11-14 01:32:43 GSD getOne 第 1 次 等待 3 秒
2023-11-14 01:32:46 查询号码 【1998641】，返回信息 {"status":"ok","msg":"湖北-武汉","gid":"482813","time_insert":"2021-08-02 19:57"}
2023-11-14 01:32:46 查询号码 【1998641】，GSD为【"湖北-武汉"】

2023-11-14 01:32:47 开始第 8734 次操作

2023-11-14 01:32:47 开始操作号码 【1998642】
2023-11-14 01:32:50 GSD getOne 第 1 次 等待 3 秒
2023-11-14 01:32:53 查询号码 【1998642】，返回信息 {"status":"ok","msg":"湖北-武汉","gid":"482802","time_insert":"2021-08-02 19:57"}
2023-11-14 01:32:53 查询号码 【1998642】，GSD为【"湖北-武汉"】

2023-11-14 01:32:54 开始第 8735 次操作

2023-11-14 01:32:54 开始操作号码 【1998643】
2023-11-14 01:32:57 GSD getOne 第 1 次 等待 3 秒
2023-11-14 01:33:00 查询号码 【1998643】，返回信息 {"status":"ok","msg":"湖北-襄阳","gid":"482790","time_insert":"2021-08-02 19:56"}
2023-11-14 01:33:00 查询号码 【1998643】，GSD为【"湖北-襄阳"】

2023-11-14 01:33:01 开始第 8736 次操作

2023-11-14 01:33:01 开始操作号码 【1998644】
2023-11-14 01:33:04 GSD getOne 第 1 次 等待 3 秒
2023-11-14 01:33:07 查询号码 【1998644】，返回信息 {"status":"ok","msg":"湖北-襄阳","gid":"482777","time_insert":"2021-08-02 19:55"}
2023-11-14 01:33:07 查询号码 【1998644】，GSD为【"湖北-襄阳"】

2023-11-14 02:10:12 开始第 8737 次操作

2023-11-14 02:10:12 开始操作号码 【1998645】
2023-11-14 02:10:15 GSD getOne 第 1 次 等待 3 秒
2023-11-14 02:10:18 查询号码 【1998645】，返回信息 {"status":"ok","msg":"湖北-襄阳","gid":"482766","time_insert":"2021-08-02 19:55"}
2023-11-14 02:10:18 查询号码 【1998645】，GSD为【"湖北-襄阳"】

2023-11-14 02:10:19 开始第 8738 次操作

2023-11-14 02:10:19 开始操作号码 【1998646】
2023-11-14 02:10:22 GSD getOne 第 1 次 等待 3 秒
2023-11-14 02:10:25 查询号码 【1998646】，返回信息 {"status":"ok","msg":"湖北-荆门","gid":"482754","time_insert":"2021-08-02 19:54"}
2023-11-14 02:10:25 查询号码 【1998646】，GSD为【"湖北-荆门"】

2023-11-14 02:10:26 开始第 8739 次操作

2023-11-14 02:10:26 开始操作号码 【1998647】
2023-11-14 02:10:29 GSD getOne 第 1 次 等待 3 秒
2023-11-14 02:10:32 查询号码 【1998647】，返回信息 {"status":"ok","msg":"湖北-荆门","gid":"482744","time_insert":"2021-08-02 19:54"}
2023-11-14 02:10:32 查询号码 【1998647】，GSD为【"湖北-荆门"】

2023-11-14 02:10:33 开始第 8740 次操作

2023-11-14 02:10:33 开始操作号码 【1998648】
2023-11-14 02:10:36 GSD getOne 第 1 次 等待 3 秒
2023-11-14 02:10:39 查询号码 【1998648】，返回信息 {"status":"ok","msg":"湖北-十堰","gid":"482734","time_insert":"2021-08-02 19:53"}
2023-11-14 02:10:39 查询号码 【1998648】，GSD为【"湖北-十堰"】

2023-11-14 02:33:41 开始第 8741 次操作

2023-11-14 02:33:41 开始操作号码 【1998649】
2023-11-14 02:33:45 GSD getOne 第 1 次 等待 3 秒
2023-11-14 02:33:48 查询号码 【1998649】，返回信息 {"status":"ok","msg":"湖北-十堰","gid":"482723","time_insert":"2021-08-02 19:52"}
2023-11-14 02:33:48 查询号码 【1998649】，GSD为【"湖北-十堰"】

2023-11-14 02:33:49 开始第 8742 次操作

2023-11-14 02:33:49 开始操作号码 【1998650】
2023-11-14 02:33:52 GSD getOne 第 1 次 等待 3 秒
2023-11-14 02:33:55 查询号码 【1998650】，返回信息 {"status":"ok","msg":"湖北-十堰","gid":"482710","time_insert":"2021-08-02 19:52"}
2023-11-14 02:33:55 查询号码 【1998650】，GSD为【"湖北-十堰"】

2023-11-14 02:33:56 开始第 8743 次操作

2023-11-14 02:33:56 开始操作号码 【1998651】
2023-11-14 02:34:00 GSD getOne 第 1 次 等待 3 秒
2023-11-14 02:34:03 查询号码 【1998651】，返回信息 {"status":"ok","msg":"湖北-十堰","gid":"482700","time_insert":"2021-08-02 19:51"}
2023-11-14 02:34:03 查询号码 【1998651】，GSD为【"湖北-十堰"】

2023-11-14 02:34:04 开始第 8744 次操作

2023-11-14 02:34:04 开始操作号码 【1998652】
2023-11-14 02:34:07 GSD getOne 第 1 次 等待 3 秒
2023-11-14 02:34:10 查询号码 【1998652】，返回信息 {"status":"ok","msg":"湖北-十堰","gid":"482690","time_insert":"2021-08-02 19:50"}
2023-11-14 02:34:10 查询号码 【1998652】，GSD为【"湖北-十堰"】

2023-11-14 03:06:11 开始第 8745 次操作

2023-11-14 03:06:11 开始操作号码 【1998653】
2023-11-14 03:06:15 GSD getOne 第 1 次 等待 3 秒
2023-11-14 03:06:18 查询号码 【1998653】，返回信息 {"status":"ok","msg":"湖北-十堰","gid":"482683","time_insert":"2021-08-02 19:50"}
2023-11-14 03:06:18 查询号码 【1998653】，GSD为【"湖北-十堰"】

2023-11-14 03:06:19 开始第 8746 次操作

2023-11-14 03:06:19 开始操作号码 【1998654】
2023-11-14 03:06:22 GSD getOne 第 1 次 等待 3 秒
2023-11-14 03:06:25 查询号码 【1998654】，返回信息 {"status":"ok","msg":"湖北-十堰","gid":"482670","time_insert":"2021-08-02 19:49"}
2023-11-14 03:06:25 查询号码 【1998654】，GSD为【"湖北-十堰"】

2023-11-14 03:06:26 开始第 8747 次操作

2023-11-14 03:06:26 开始操作号码 【1998655】
2023-11-14 03:06:29 GSD getOne 第 1 次 等待 3 秒
2023-11-14 03:06:32 查询号码 【1998655】，返回信息 {"status":"ok","msg":"湖北-十堰","gid":"482665","time_insert":"2021-08-02 19:48"}
2023-11-14 03:06:32 查询号码 【1998655】，GSD为【"湖北-十堰"】

2023-11-14 03:06:33 开始第 8748 次操作

2023-11-14 03:06:33 开始操作号码 【1998656】
2023-11-14 03:06:37 GSD getOne 第 1 次 等待 3 秒
2023-11-14 03:06:40 查询号码 【1998656】，返回信息 {"status":"ok","msg":"湖北-随州","gid":"482650","time_insert":"2021-08-02 19:47"}
2023-11-14 03:06:40 查询号码 【1998656】，GSD为【"湖北-随州"】

