2024-04-03 00:09:26 开始第 1645 次操作

2024-04-03 00:09:26 开始操作号码 【1671555】
2024-04-03 00:09:35 GSD getOne 第 1 次 等待 3 秒
2024-04-03 00:09:38 查询号码 【1671555】，返回信息 {"status":"ok","msg":"安徽-马鞍山","gid":"233872","time_insert":"2021-07-09 21:07"}
2024-04-03 00:09:38 查询号码 【1671555】，GSD为【"安徽-马鞍山"】

2024-04-03 00:09:39 开始第 1646 次操作

2024-04-03 00:09:39 开始操作号码 【1671556】
2024-04-03 00:09:48 GSD getOne 第 1 次 等待 3 秒
2024-04-03 00:09:51 查询号码 【1671556】，返回信息 {"status":"ok","msg":"安徽-安庆","gid":"233879","time_insert":"2021-07-09 21:07"}
2024-04-03 00:09:51 查询号码 【1671556】，GSD为【"安徽-安庆"】

2024-04-03 00:09:52 开始第 1647 次操作

2024-04-03 00:09:52 开始操作号码 【1671557】
2024-04-03 00:09:58 GSD getOne 第 1 次 等待 3 秒
2024-04-03 00:10:01 查询号码 【1671557】，返回信息 {"status":"ok","msg":"安徽-阜阳","gid":"233884","time_insert":"2021-07-09 21:08"}
2024-04-03 00:10:01 查询号码 【1671557】，GSD为【"安徽-阜阳"】

2024-04-03 00:10:02 开始第 1648 次操作

2024-04-03 00:10:02 开始操作号码 【1671558】
2024-04-03 00:10:11 GSD getOne 第 1 次 等待 3 秒
2024-04-03 00:10:14 查询号码 【1671558】，返回信息 {"status":"ok","msg":"安徽-黄山","gid":"233886","time_insert":"2021-07-09 21:08"}
2024-04-03 00:10:14 查询号码 【1671558】，GSD为【"安徽-黄山"】

