2024-03-04 00:08:17 开始第 7141 次操作

2024-03-04 00:08:17 开始操作号码 【1787050】
2024-03-04 00:08:23 GSD getOne 第 1 次 等待 3 秒
2024-03-04 00:08:26 查询号码 【1787050】，返回信息 {"status":"ok","msg":"江西-赣州","gid":"285585","time_insert":"2021-07-15 17:00"}
2024-03-04 00:08:26 查询号码 【1787050】，GSD为【"江西-赣州"】

2024-03-04 00:08:27 开始第 7142 次操作

2024-03-04 00:08:27 开始操作号码 【1787051】
2024-03-04 00:08:31 GSD getOne 第 1 次 等待 3 秒
2024-03-04 00:08:34 查询号码 【1787051】，返回信息 {"status":"ok","msg":"江西-赣州","gid":"285576","time_insert":"2021-07-15 16:59"}
2024-03-04 00:08:34 查询号码 【1787051】，GSD为【"江西-赣州"】

2024-03-04 00:08:35 开始第 7143 次操作

2024-03-04 00:08:35 开始操作号码 【1787052】
2024-03-04 00:08:39 GSD getOne 第 1 次 等待 3 秒
2024-03-04 00:08:42 查询号码 【1787052】，返回信息 {"status":"ok","msg":"江西-赣州","gid":"285566","time_insert":"2021-07-15 16:58"}
2024-03-04 00:08:42 查询号码 【1787052】，GSD为【"江西-赣州"】

2024-03-04 00:08:43 开始第 7144 次操作

2024-03-04 00:08:43 开始操作号码 【1787053】
2024-03-04 00:08:47 GSD getOne 第 1 次 等待 3 秒
2024-03-04 00:08:50 查询号码 【1787053】，返回信息 {"status":"ok","msg":"江西-赣州","gid":"285534","time_insert":"2021-07-15 16:55"}
2024-03-04 00:08:50 查询号码 【1787053】，GSD为【"江西-赣州"】

