2024-09-19 00:21:46 开始第 5293 次操作

2024-09-19 00:21:46 开始操作号码 【1455292】
2024-09-19 00:21:54 GSD getOne 第 1 次 等待 3 秒
2024-09-19 00:21:57 查询号码 【1455292】，返回信息 {"status":"ok","msg":"江苏-南京","gid":"85753","time_insert":"2021-06-08 07:20"}
2024-09-19 00:21:57 查询号码 【1455292】，GSD为【"江苏-南京"】

2024-09-19 00:21:58 开始第 5294 次操作

2024-09-19 00:21:58 开始操作号码 【1455293】
2024-09-19 00:22:06 GSD getOne 第 1 次 等待 3 秒
2024-09-19 00:22:09 查询号码 【1455293】，返回信息 {"status":"ok","msg":"江苏-南京","gid":"85758","time_insert":"2021-06-08 07:25"}
2024-09-19 00:22:09 查询号码 【1455293】，GSD为【"江苏-南京"】

2024-09-19 00:22:10 开始第 5295 次操作

2024-09-19 00:22:10 开始操作号码 【1455294】
2024-09-19 00:22:18 GSD getOne 第 1 次 等待 3 秒
2024-09-19 00:22:21 查询号码 【1455294】，返回信息 {"status":"ok","msg":"江苏-南京","gid":"85765","time_insert":"2021-06-08 07:30"}
2024-09-19 00:22:21 查询号码 【1455294】，GSD为【"江苏-南京"】

2024-09-19 00:22:22 开始第 5296 次操作

2024-09-19 00:22:22 开始操作号码 【1455295】
2024-09-19 00:22:33 GSD getOne 第 1 次 等待 3 秒
2024-09-19 00:22:36 查询号码 【1455295】，返回信息 {"status":"ok","msg":"江苏-南京","gid":"85772","time_insert":"2021-06-08 07:36"}
2024-09-19 00:22:36 查询号码 【1455295】，GSD为【"江苏-南京"】

2024-09-19 00:43:31 开始第 5297 次操作

2024-09-19 00:43:31 开始操作号码 【1455296】
2024-09-19 00:43:40 GSD getOne 第 1 次 等待 3 秒
2024-09-19 00:43:43 查询号码 【1455296】，返回信息 {"status":"ok","msg":"江苏-南京","gid":"85776","time_insert":"2021-06-08 07:39"}
2024-09-19 00:43:43 查询号码 【1455296】，GSD为【"江苏-南京"】

2024-09-19 00:43:44 开始第 5298 次操作

2024-09-19 00:43:44 开始操作号码 【1455297】
2024-09-19 00:43:52 GSD getOne 第 1 次 等待 3 秒
2024-09-19 00:43:55 查询号码 【1455297】，返回信息 {"status":"ok","msg":"江苏-南京","gid":"85782","time_insert":"2021-06-08 07:45"}
2024-09-19 00:43:55 查询号码 【1455297】，GSD为【"江苏-南京"】

2024-09-19 00:43:56 开始第 5299 次操作

2024-09-19 00:43:56 开始操作号码 【1455298】
2024-09-19 00:44:04 GSD getOne 第 1 次 等待 3 秒
2024-09-19 00:44:07 查询号码 【1455298】，返回信息 {"status":"ok","msg":"江苏-南京","gid":"85789","time_insert":"2021-06-08 07:49"}
2024-09-19 00:44:07 查询号码 【1455298】，GSD为【"江苏-南京"】

2024-09-19 00:44:08 开始第 5300 次操作

2024-09-19 00:44:08 开始操作号码 【1455299】
2024-09-19 00:44:16 GSD getOne 第 1 次 等待 3 秒
2024-09-19 00:44:19 查询号码 【1455299】，返回信息 {"status":"ok","msg":"江苏-南京","gid":"85793","time_insert":"2021-06-08 07:53"}
2024-09-19 00:44:19 查询号码 【1455299】，GSD为【"江苏-南京"】

