2024-04-18 00:11:06 开始第 4241 次操作

2024-04-18 00:11:06 开始操作号码 【1674151】
2024-04-18 00:11:11 GSD getOne 第 1 次 等待 3 秒
2024-04-18 00:11:14 查询号码 【1674151】，返回信息 {"status":"ok","msg":"河南-商丘","gid":"266407","time_insert":"2021-07-13 15:41"}
2024-04-18 00:11:14 查询号码 【1674151】，GSD为【"河南-商丘"】

2024-04-18 00:11:15 开始第 4242 次操作

2024-04-18 00:11:15 开始操作号码 【1674152】
2024-04-18 00:11:22 GSD getOne 第 1 次 等待 3 秒
2024-04-18 00:11:25 查询号码 【1674152】，返回信息 {"status":"ok","msg":"河南-商丘","gid":"266414","time_insert":"2021-07-13 15:42"}
2024-04-18 00:11:25 查询号码 【1674152】，GSD为【"河南-商丘"】

2024-04-18 00:11:26 开始第 4243 次操作

2024-04-18 00:11:26 开始操作号码 【1674153】
2024-04-18 00:11:36 GSD getOne 第 1 次 等待 3 秒
2024-04-18 00:11:39 查询号码 【1674153】，返回信息 {"status":"ok","msg":"河南-商丘","gid":"266424","time_insert":"2021-07-13 15:42"}
2024-04-18 00:11:39 查询号码 【1674153】，GSD为【"河南-商丘"】

2024-04-18 00:11:40 开始第 4244 次操作

2024-04-18 00:11:40 开始操作号码 【1674154】
2024-04-18 00:11:49 GSD getOne 第 1 次 等待 3 秒
2024-04-18 00:11:52 查询号码 【1674154】，返回信息 {"status":"ok","msg":"河南-新乡","gid":"266428","time_insert":"2021-07-13 15:42"}
2024-04-18 00:11:52 查询号码 【1674154】，GSD为【"河南-新乡"】

2024-04-18 00:37:06 开始第 4245 次操作

2024-04-18 00:37:06 开始操作号码 【1674155】
2024-04-18 00:37:12 GSD getOne 第 1 次 等待 3 秒
2024-04-18 00:37:15 查询号码 【1674155】，返回信息 {"status":"ok","msg":"河南-新乡","gid":"266436","time_insert":"2021-07-13 15:43"}
2024-04-18 00:37:15 查询号码 【1674155】，GSD为【"河南-新乡"】

2024-04-18 00:37:16 开始第 4246 次操作

2024-04-18 00:37:16 开始操作号码 【1674156】
2024-04-18 00:37:21 GSD getOne 第 1 次 等待 3 秒
2024-04-18 00:37:24 查询号码 【1674156】，返回信息 {"status":"ok","msg":"河南-新乡","gid":"266444","time_insert":"2021-07-13 15:43"}
2024-04-18 00:37:24 查询号码 【1674156】，GSD为【"河南-新乡"】

2024-04-18 00:37:25 开始第 4247 次操作

2024-04-18 00:37:25 开始操作号码 【1674157】
2024-04-18 00:37:32 GSD getOne 第 1 次 等待 3 秒
2024-04-18 00:37:35 查询号码 【1674157】，返回信息 {"status":"ok","msg":"河南-濮阳","gid":"266451","time_insert":"2021-07-13 15:43"}
2024-04-18 00:37:35 查询号码 【1674157】，GSD为【"河南-濮阳"】

2024-04-18 00:37:36 开始第 4248 次操作

2024-04-18 00:37:36 开始操作号码 【1674158】
2024-04-18 00:37:43 GSD getOne 第 1 次 等待 3 秒
2024-04-18 00:37:46 查询号码 【1674158】，返回信息 {"status":"ok","msg":"河南-濮阳","gid":"266459","time_insert":"2021-07-13 15:44"}
2024-04-18 00:37:46 查询号码 【1674158】，GSD为【"河南-濮阳"】

