2023-11-11 00:09:34 开始第 8173 次操作

2023-11-11 00:09:34 开始操作号码 【1998081】
2023-11-11 00:09:38 GSD getOne 第 1 次 等待 3 秒
2023-11-11 00:09:41 查询号码 【1998081】，返回信息 {"status":"ok","msg":"四川-成都","gid":"488456","time_insert":"2021-08-03 08:03","time_update":"2021-08-16 13:26"}
2023-11-11 00:09:41 查询号码 【1998081】，GSD为【"四川-成都"】

2023-11-11 00:09:42 开始第 8174 次操作

2023-11-11 00:09:42 开始操作号码 【1998082】
2023-11-11 00:09:49 GSD getOne 第 1 次 等待 3 秒
2023-11-11 00:09:52 查询号码 【1998082】，返回信息 {"status":"ok","msg":"四川-成都","gid":"488450","time_insert":"2021-08-03 08:02"}
2023-11-11 00:09:52 查询号码 【1998082】，GSD为【"四川-成都"】

2023-11-11 00:09:53 开始第 8175 次操作

2023-11-11 00:09:53 开始操作号码 【1998083】
2023-11-11 00:10:00 GSD getOne 第 1 次 等待 3 秒
2023-11-11 00:10:03 查询号码 【1998083】，返回信息 {"status":"ok","msg":"四川-成都","gid":"488439","time_insert":"2021-08-03 08:01"}
2023-11-11 00:10:03 查询号码 【1998083】，GSD为【"四川-成都"】

2023-11-11 00:10:04 开始第 8176 次操作

2023-11-11 00:10:04 开始操作号码 【1998084】
2023-11-11 00:10:09 GSD getOne 第 1 次 等待 3 秒
2023-11-11 00:10:12 查询号码 【1998084】，返回信息 {"status":"ok","msg":"四川-成都","gid":"488427","time_insert":"2021-08-03 08:01"}
2023-11-11 00:10:12 查询号码 【1998084】，GSD为【"四川-成都"】

