2024-11-28 00:28:44 开始第 6929 次操作

2024-11-28 00:28:44 开始操作号码 【1346928】
2024-11-28 00:28:45 GSD getOne 第 1 次 等待 3 秒
2024-11-28 00:28:48 查询号码 【1346928】，返回信息 {"status":"ok","msg":"湖南-邵阳","gid":"335799","time_insert":"2021-07-20 11:02"}
2024-11-28 00:28:48 查询号码 【1346928】，GSD为【"湖南-邵阳"】

2024-11-28 00:28:49 开始第 6930 次操作

2024-11-28 00:28:49 开始操作号码 【1346929】
2024-11-28 00:28:50 GSD getOne 第 1 次 等待 3 秒
2024-11-28 00:28:53 查询号码 【1346929】，返回信息 {"status":"ok","msg":"湖南-邵阳","gid":"335791","time_insert":"2021-07-20 11:01"}
2024-11-28 00:28:53 查询号码 【1346929】，GSD为【"湖南-邵阳"】

2024-11-28 00:28:54 开始第 6931 次操作

2024-11-28 00:28:54 开始操作号码 【1346930】
2024-11-28 00:28:55 GSD getOne 第 1 次 等待 3 秒
2024-11-28 00:28:58 查询号码 【1346930】，返回信息 {"status":"ok","msg":"湖南-湘潭","gid":"335781","time_insert":"2021-07-20 11:01"}
2024-11-28 00:28:58 查询号码 【1346930】，GSD为【"湖南-湘潭"】

2024-11-28 00:28:59 开始第 6932 次操作

2024-11-28 00:28:59 开始操作号码 【1346931】
2024-11-28 00:29:01 GSD getOne 第 1 次 等待 3 秒
2024-11-28 00:29:04 查询号码 【1346931】，返回信息 {"status":"ok","msg":"湖南-湘潭","gid":"4798","time_insert":"2016-06-29 12:19","time_update":"2020-09-21 21:22"}
2024-11-28 00:29:04 查询号码 【1346931】，GSD为【"湖南-湘潭"】

2024-11-28 00:50:08 开始第 6933 次操作

2024-11-28 00:50:08 开始操作号码 【1346932】
2024-11-28 00:50:10 GSD getOne 第 1 次 等待 3 秒
2024-11-28 00:50:13 查询号码 【1346932】，返回信息 {"status":"ok","msg":"湖南-怀化","gid":"335767","time_insert":"2021-07-20 11:00"}
2024-11-28 00:50:13 查询号码 【1346932】，GSD为【"湖南-怀化"】

2024-11-28 00:50:14 开始第 6934 次操作

2024-11-28 00:50:14 开始操作号码 【1346933】
2024-11-28 00:50:15 GSD getOne 第 1 次 等待 3 秒
2024-11-28 00:50:18 查询号码 【1346933】，返回信息 {"status":"ok","msg":"湖南-怀化","gid":"4799","time_insert":"2017-05-02 10:26","time_update":"2020-09-21 21:26"}
2024-11-28 00:50:18 查询号码 【1346933】，GSD为【"湖南-怀化"】

2024-11-28 00:50:19 开始第 6935 次操作

2024-11-28 00:50:19 开始操作号码 【1346934】
2024-11-28 00:50:20 GSD getOne 第 1 次 等待 3 秒
2024-11-28 00:50:23 查询号码 【1346934】，返回信息 {"status":"ok","msg":"湖南-怀化","gid":"335757","time_insert":"2021-07-20 10:59"}
2024-11-28 00:50:23 查询号码 【1346934】，GSD为【"湖南-怀化"】

2024-11-28 00:50:24 开始第 6936 次操作

2024-11-28 00:50:24 开始操作号码 【1346935】
2024-11-28 00:50:25 GSD getOne 第 1 次 等待 3 秒
2024-11-28 00:50:28 查询号码 【1346935】，返回信息 {"status":"ok","msg":"湖南-怀化","gid":"335752","time_insert":"2021-07-20 10:59"}
2024-11-28 00:50:28 查询号码 【1346935】，GSD为【"湖南-怀化"】

