2021-07-18 00:00:25 开始第 23 次操作

2021-07-18 00:00:25 开始操作号码 【1726038】
2021-07-18 00:00:32 GSD getOne 第 1 次 等待 3 秒
2021-07-18 00:00:35 查询号码 【1726038】，返回信息 {"status":"ok","msg":"浙江-台州","gid":"62576","time_insert":"2021-05-19 15:48","time_update":"2021-06-09 10:02"}
2021-07-18 00:00:36 查询号码 【1726038】，GSD为【"浙江-台州"】

2021-07-18 00:00:36 开始第 23 次操作

2021-07-18 00:00:36 开始操作号码 【1726039】
2021-07-18 00:00:40 GSD getOne 第 1 次 等待 3 秒
2021-07-18 00:00:43 查询号码 【1726039】，返回信息 {"status":"ok","msg":"浙江-嘉兴","gid":"55145","time_insert":"2021-03-26 19:43"}
2021-07-18 00:00:43 查询号码 【1726039】，GSD为【"浙江-嘉兴"】

2021-07-18 00:00:43 开始第 23 次操作

2021-07-18 00:00:43 开始操作号码 【1726040】
2021-07-18 00:00:47 GSD getOne 第 1 次 等待 3 秒
2021-07-18 00:00:50 查询号码 【1726040】，返回信息 {"status":"bad","msg":""}
2021-07-18 00:00:50 查询号码 【1726040】，GSD为【""】
2021-07-18 00:00:50 bad
2021-07-18 00:00:52 CHB 1726040?1626537650 第 1 次 等待 3 秒
2021-07-18 00:00:55 CHB 1726040?1626537650 第 1 次 获取到号码【1726040】GSD
2021-07-18 00:00:55 获取到号码【1726040】的GSD为【浙江-绍兴】
2021-07-18 00:01:21 GSD insert 第 1 次 等待 3 秒
2021-07-18 00:01:24 {"status":"ok","gid":308527,"msg":"添加成功！"}
2021-07-18 00:01:24 下次操作: 2021-07-18 00:01:46

2021-07-18 00:01:46 开始第 24 次操作

2021-07-18 00:01:46 开始操作号码 【1726041】
2021-07-18 00:01:54 GSD getOne 第 1 次 等待 3 秒
2021-07-18 00:01:57 查询号码 【1726041】，返回信息 {"status":"ok","msg":"浙江-湖州","gid":"50092","time_insert":"2021-04-21 15:12"}
2021-07-18 00:01:57 查询号码 【1726041】，GSD为【"浙江-湖州"】

2021-07-18 00:01:57 开始第 24 次操作

2021-07-18 00:01:57 开始操作号码 【1726042】
2021-07-18 00:02:00 GSD getOne 第 1 次 等待 3 秒
2021-07-18 00:02:03 查询号码 【1726042】，返回信息 {"status":"bad","msg":""}
2021-07-18 00:02:03 查询号码 【1726042】，GSD为【""】
2021-07-18 00:02:03 bad
2021-07-18 00:02:05 CHB 1726042?1626537723 第 1 次 等待 3 秒
2021-07-18 00:02:08 CHB 1726042?1626537723 第 1 次 获取到号码【1726042】GSD
2021-07-18 00:02:08 获取到号码【1726042】的GSD为【浙江-丽水】
2021-07-18 00:02:13 GSD insert 第 1 次 等待 3 秒
2021-07-18 00:02:16 {"status":"ok","gid":308538,"msg":"添加成功！"}
2021-07-18 00:02:16 下次操作: 2021-07-18 00:02:30

2021-07-18 00:02:30 开始第 25 次操作

2021-07-18 00:02:30 开始操作号码 【1726043】
2021-07-18 00:02:35 GSD getOne 第 1 次 等待 3 秒
2021-07-18 00:02:38 查询号码 【1726043】，返回信息 {"status":"bad","msg":""}
2021-07-18 00:02:38 查询号码 【1726043】，GSD为【""】
2021-07-18 00:02:38 bad
2021-07-18 00:02:41 CHB 1726043?1626537758 第 1 次 等待 3 秒
2021-07-18 00:02:44 CHB 1726043?1626537758 第 1 次 获取到号码【1726043】GSD
2021-07-18 00:02:44 获取到号码【1726043】的GSD为【浙江-衢州】
2021-07-18 00:02:47 GSD insert 第 1 次 等待 3 秒
2021-07-18 00:02:50 {"status":"ok","gid":308548,"msg":"添加成功！"}
2021-07-18 00:02:50 下次操作: 2021-07-18 00:03:08

2021-07-18 00:03:08 开始第 26 次操作

2021-07-18 00:03:08 开始操作号码 【1726044】
2021-07-18 00:03:14 GSD getOne 第 1 次 等待 3 秒
2021-07-18 00:03:17 查询号码 【1726044】，返回信息 {"status":"bad","msg":""}
2021-07-18 00:03:17 查询号码 【1726044】，GSD为【""】
2021-07-18 00:03:17 bad
2021-07-18 00:03:21 CHB 1726044?1626537797 第 1 次 等待 3 秒
2021-07-18 00:03:24 CHB 1726044?1626537797 第 1 次 获取到号码【1726044】GSD
2021-07-18 00:03:24 获取到号码【1726044】的GSD为【浙江-舟山】
2021-07-18 00:03:33 GSD insert 第 1 次 等待 3 秒
2021-07-18 00:03:36 {"status":"ok","gid":308556,"msg":"添加成功！"}
2021-07-18 00:03:36 下次操作: 2021-07-18 00:03:53

2021-07-18 00:03:53 开始第 27 次操作

2021-07-18 00:03:53 开始操作号码 【1726045】
2021-07-18 00:03:57 GSD getOne 第 1 次 等待 3 秒
2021-07-18 00:04:00 查询号码 【1726045】，返回信息 {"status":"bad","msg":""}
2021-07-18 00:04:00 查询号码 【1726045】，GSD为【""】
2021-07-18 00:04:00 bad
2021-07-18 00:04:02 CHB 1726045?1626537840 第 1 次 等待 3 秒
2021-07-18 00:04:05 CHB 1726045?1626537840 第 1 次 获取到号码【1726045】GSD
2021-07-18 00:04:05 获取到号码【1726045】的GSD为【山东-青岛】
2021-07-18 00:04:14 GSD insert 第 1 次 等待 3 秒
2021-07-18 00:04:17 {"status":"ok","gid":308569,"msg":"添加成功！"}
2021-07-18 00:04:17 下次操作: 2021-07-18 00:04:31

2021-07-18 00:04:31 开始第 28 次操作

2021-07-18 00:04:31 开始操作号码 【1726046】
2021-07-18 00:04:33 GSD getOne 第 1 次 等待 3 秒
2021-07-18 00:04:36 查询号码 【1726046】，返回信息 {"status":"bad","msg":""}
2021-07-18 00:04:36 查询号码 【1726046】，GSD为【""】
2021-07-18 00:04:36 bad
2021-07-18 00:04:40 CHB 1726046?1626537876 第 1 次 等待 3 秒
2021-07-18 00:04:43 CHB 1726046?1626537876 第 1 次 获取到号码【1726046】GSD
2021-07-18 00:04:43 未获取到号码【1726046】GSD，查号吧 400 错误
2021-07-18 00:04:43 获取到号码【1726046】的GSD为【-】
2021-07-18 00:04:47 GSD insert 第 1 次 等待 3 秒
2021-07-18 00:04:50 {"status":"ok","gid":308577,"msg":"添加成功！"}
2021-07-18 00:04:50 下次操作: 2021-07-18 00:05:11

2021-07-18 00:05:11 开始第 29 次操作

2021-07-18 00:05:11 开始操作号码 【1726047】
2021-07-18 00:05:19 GSD getOne 第 1 次 等待 3 秒
2021-07-18 00:05:22 查询号码 【1726047】，返回信息 {"status":"bad","msg":""}
2021-07-18 00:05:23 查询号码 【1726047】，GSD为【""】
2021-07-18 00:05:23 bad
2021-07-18 00:05:24 CHB 1726047?1626537923 第 1 次 等待 3 秒
2021-07-18 00:05:27 CHB 1726047?1626537923 第 1 次 获取到号码【1726047】GSD
2021-07-18 00:05:27 获取到号码【1726047】的GSD为【山东-临沂】
2021-07-18 00:05:30 GSD insert 第 1 次 等待 3 秒
2021-07-18 00:05:33 {"status":"ok","gid":308589,"msg":"添加成功！"}
2021-07-18 00:05:33 下次操作: 2021-07-18 00:05:50

2021-07-18 00:05:50 开始第 30 次操作

2021-07-18 00:05:50 开始操作号码 【1726048】
2021-07-18 00:05:55 GSD getOne 第 1 次 等待 3 秒
2021-07-18 00:05:58 查询号码 【1726048】，返回信息 {"status":"bad","msg":""}
2021-07-18 00:05:58 查询号码 【1726048】，GSD为【""】
2021-07-18 00:05:58 bad
2021-07-18 00:06:01 CHB 1726048?1626537958 第 1 次 等待 3 秒
2021-07-18 00:06:04 CHB 1726048?1626537958 第 1 次 获取到号码【1726048】GSD
2021-07-18 00:06:04 获取到号码【1726048】的GSD为【山东-济南】
2021-07-18 00:06:07 GSD insert 第 1 次 等待 3 秒
2021-07-18 00:06:10 {"status":"ok","gid":308600,"msg":"添加成功！"}
2021-07-18 00:06:10 下次操作: 2021-07-18 00:06:28

2021-07-18 00:06:28 开始第 31 次操作

2021-07-18 00:06:28 开始操作号码 【1726049】
2021-07-18 00:06:31 GSD getOne 第 1 次 等待 3 秒
2021-07-18 00:06:34 查询号码 【1726049】，返回信息 {"status":"bad","msg":""}
2021-07-18 00:06:34 查询号码 【1726049】，GSD为【""】
2021-07-18 00:06:34 bad
2021-07-18 00:06:40 CHB 1726049?1626537994 第 1 次 等待 3 秒
2021-07-18 00:06:43 CHB 1726049?1626537994 第 1 次 获取到号码【1726049】GSD
2021-07-18 00:06:43 获取到号码【1726049】的GSD为【山东-菏泽】
2021-07-18 00:06:46 GSD insert 第 1 次 等待 3 秒
2021-07-18 00:06:49 {"status":"ok","gid":308608,"msg":"添加成功！"}
2021-07-18 00:06:49 下次操作: 2021-07-18 00:07:11

2021-07-18 00:07:11 开始第 32 次操作

2021-07-18 00:07:11 开始操作号码 【1726050】
2021-07-18 00:07:14 GSD getOne 第 1 次 等待 3 秒
2021-07-18 00:07:17 查询号码 【1726050】，返回信息 {"status":"bad","msg":""}
2021-07-18 00:07:17 查询号码 【1726050】，GSD为【""】
2021-07-18 00:07:17 bad
2021-07-18 00:07:19 CHB 1726050?1626538037 第 1 次 等待 3 秒
2021-07-18 00:07:22 CHB 1726050?1626538037 第 1 次 获取到号码【1726050】GSD
2021-07-18 00:07:22 获取到号码【1726050】的GSD为【山东-烟台】
2021-07-18 00:07:27 GSD insert 第 1 次 等待 3 秒
2021-07-18 00:07:30 {"status":"ok","gid":308617,"msg":"添加成功！"}
2021-07-18 00:07:30 下次操作: 2021-07-18 00:07:53

2021-07-18 00:07:53 开始第 33 次操作

2021-07-18 00:07:53 开始操作号码 【1726051】
2021-07-18 00:07:57 GSD getOne 第 1 次 等待 3 秒
2021-07-18 00:08:00 查询号码 【1726051】，返回信息 {"status":"bad","msg":""}
2021-07-18 00:08:00 查询号码 【1726051】，GSD为【""】
2021-07-18 00:08:00 bad
2021-07-18 00:08:03 CHB 1726051?1626538080 第 1 次 等待 3 秒
2021-07-18 00:08:06 CHB 1726051?1626538080 第 1 次 获取到号码【1726051】GSD
2021-07-18 00:08:06 获取到号码【1726051】的GSD为【山东-济宁】
2021-07-18 00:08:10 GSD insert 第 1 次 等待 3 秒
2021-07-18 00:08:13 {"status":"ok","gid":308627,"msg":"添加成功！"}
2021-07-18 00:08:13 下次操作: 2021-07-18 00:08:29

2021-07-18 00:08:29 开始第 34 次操作

2021-07-18 00:08:29 开始操作号码 【1726052】
2021-07-18 00:08:32 GSD getOne 第 1 次 等待 3 秒
2021-07-18 00:08:35 查询号码 【1726052】，返回信息 {"status":"bad","msg":""}
2021-07-18 00:08:35 查询号码 【1726052】，GSD为【""】
2021-07-18 00:08:35 bad
2021-07-18 00:08:40 CHB 1726052?1626538115 第 1 次 等待 3 秒
2021-07-18 00:08:43 CHB 1726052?1626538115 第 1 次 获取到号码【1726052】GSD
2021-07-18 00:08:43 获取到号码【1726052】的GSD为【山东-聊城】
2021-07-18 00:08:46 GSD insert 第 1 次 等待 3 秒
2021-07-18 00:08:49 {"status":"ok","gid":308636,"msg":"添加成功！"}
2021-07-18 00:08:49 下次操作: 2021-07-18 00:09:05

2021-07-18 00:09:05 开始第 35 次操作

2021-07-18 00:09:05 开始操作号码 【1726053】
2021-07-18 00:09:08 GSD getOne 第 1 次 等待 3 秒
2021-07-18 00:09:11 查询号码 【1726053】，返回信息 {"status":"bad","msg":""}
2021-07-18 00:09:11 查询号码 【1726053】，GSD为【""】
2021-07-18 00:09:11 bad
2021-07-18 00:09:14 CHB 1726053?1626538151 第 1 次 等待 3 秒
2021-07-18 00:09:17 CHB 1726053?1626538151 第 1 次 获取到号码【1726053】GSD
2021-07-18 00:09:18 获取到号码【1726053】的GSD为【山东-德州】
2021-07-18 00:09:20 GSD insert 第 1 次 等待 3 秒
2021-07-18 00:09:23 {"status":"ok","gid":308645,"msg":"添加成功！"}
2021-07-18 00:09:23 下次操作: 2021-07-18 00:09:47

2021-07-18 00:09:47 开始第 36 次操作

2021-07-18 00:09:47 开始操作号码 【1726054】
2021-07-18 00:09:50 GSD getOne 第 1 次 等待 3 秒
2021-07-18 00:09:53 查询号码 【1726054】，返回信息 {"status":"bad","msg":""}
2021-07-18 00:09:53 查询号码 【1726054】，GSD为【""】
2021-07-18 00:09:53 bad
2021-07-18 00:09:55 CHB 1726054?1626538193 第 1 次 等待 3 秒
2021-07-18 00:09:58 CHB 1726054?1626538193 第 1 次 获取到号码【1726054】GSD
2021-07-18 00:09:58 获取到号码【1726054】的GSD为【山东-泰安】
2021-07-18 00:10:02 GSD insert 第 1 次 等待 3 秒
2021-07-18 00:10:05 {"status":"ok","gid":308654,"msg":"添加成功！"}
2021-07-18 00:10:05 下次操作: 2021-07-18 00:10:19

2021-07-18 00:10:19 开始第 37 次操作

2021-07-18 00:10:19 开始操作号码 【1726055】
2021-07-18 00:10:25 GSD getOne 第 1 次 等待 3 秒
2021-07-18 00:10:28 查询号码 【1726055】，返回信息 {"status":"bad","msg":""}
2021-07-18 00:10:28 查询号码 【1726055】，GSD为【""】
2021-07-18 00:10:28 bad
2021-07-18 00:10:30 CHB 1726055?1626538228 第 1 次 等待 3 秒
2021-07-18 00:10:33 CHB 1726055?1626538228 第 1 次 获取到号码【1726055】GSD
2021-07-18 00:10:34 获取到号码【1726055】的GSD为【山东-淄博】
2021-07-18 00:10:41 GSD insert 第 1 次 等待 3 秒
2021-07-18 00:10:44 {"status":"ok","gid":308661,"msg":"添加成功！"}
2021-07-18 00:10:44 下次操作: 2021-07-18 00:11:07

2021-07-18 00:11:07 开始第 38 次操作

2021-07-18 00:11:07 开始操作号码 【1726056】
2021-07-18 00:11:35 GSD getOne 第 1 次 等待 3 秒
2021-07-18 00:11:38 查询号码 【1726056】，返回信息 {"status":"bad","msg":""}
2021-07-18 00:11:38 查询号码 【1726056】，GSD为【""】
2021-07-18 00:11:38 bad
2021-07-18 00:11:41 CHB 1726056?1626538298 第 1 次 等待 3 秒
2021-07-18 00:11:44 CHB 1726056?1626538298 第 1 次 获取到号码【1726056】GSD
2021-07-18 00:11:44 获取到号码【1726056】的GSD为【山东-滨州】
2021-07-18 00:11:47 GSD insert 第 1 次 等待 3 秒
2021-07-18 00:11:50 {"status":"ok","gid":308675,"msg":"添加成功！"}
2021-07-18 00:11:50 下次操作: 2021-07-18 00:12:14

2021-07-18 00:12:14 开始第 39 次操作

2021-07-18 00:12:14 开始操作号码 【1726057】
2021-07-18 00:12:17 GSD getOne 第 1 次 等待 3 秒
2021-07-18 00:12:20 查询号码 【1726057】，返回信息 {"status":"bad","msg":""}
2021-07-18 00:12:20 查询号码 【1726057】，GSD为【""】
2021-07-18 00:12:20 bad
2021-07-18 00:12:22 CHB 1726057?1626538340 第 1 次 等待 3 秒
2021-07-18 00:12:25 CHB 1726057?1626538340 第 1 次 获取到号码【1726057】GSD
2021-07-18 00:12:25 获取到号码【1726057】的GSD为【山东-枣庄】
2021-07-18 00:12:28 GSD insert 第 1 次 等待 3 秒
2021-07-18 00:12:31 {"status":"ok","gid":308685,"msg":"添加成功！"}
2021-07-18 00:12:31 下次操作: 2021-07-18 00:12:53

2021-07-18 00:12:53 开始第 40 次操作

2021-07-18 00:12:53 开始操作号码 【1726058】
2021-07-18 00:12:57 GSD getOne 第 1 次 等待 3 秒
2021-07-18 00:13:00 查询号码 【1726058】，返回信息 {"status":"bad","msg":""}
2021-07-18 00:13:01 查询号码 【1726058】，GSD为【""】
2021-07-18 00:13:01 bad
2021-07-18 00:13:04 CHB 1726058?1626538381 第 1 次 等待 3 秒
2021-07-18 00:13:07 CHB 1726058?1626538381 第 1 次 获取到号码【1726058】GSD
2021-07-18 00:13:07 获取到号码【1726058】的GSD为【山东-威海】
2021-07-18 00:13:10 GSD insert 第 1 次 等待 3 秒
2021-07-18 00:13:13 {"status":"ok","gid":308690,"msg":"添加成功！"}

