2024-02-08 00:11:18 开始第 2541 次操作

2024-02-08 00:11:18 开始操作号码 【1782450】
2024-02-08 00:11:23 GSD getOne 第 1 次 等待 3 秒
2024-02-08 00:11:26 查询号码 【1782450】，返回信息 {"status":"ok","msg":"辽宁-本溪","gid":"336563","time_insert":"2021-07-20 12:52"}
2024-02-08 00:11:26 查询号码 【1782450】，GSD为【"辽宁-本溪"】

2024-02-08 00:11:27 开始第 2542 次操作

2024-02-08 00:11:27 开始操作号码 【1782451】
2024-02-08 00:11:31 GSD getOne 第 1 次 等待 3 秒
2024-02-08 00:11:34 查询号码 【1782451】，返回信息 {"status":"ok","msg":"辽宁-丹东","gid":"336558","time_insert":"2021-07-20 12:51"}
2024-02-08 00:11:34 查询号码 【1782451】，GSD为【"辽宁-丹东"】

2024-02-08 00:11:35 开始第 2543 次操作

2024-02-08 00:11:35 开始操作号码 【1782452】
2024-02-08 00:11:40 GSD getOne 第 1 次 等待 3 秒
2024-02-08 00:11:43 查询号码 【1782452】，返回信息 {"status":"ok","msg":"辽宁-丹东","gid":"336549","time_insert":"2021-07-20 12:51"}
2024-02-08 00:11:43 查询号码 【1782452】，GSD为【"辽宁-丹东"】

2024-02-08 00:11:44 开始第 2544 次操作

2024-02-08 00:11:44 开始操作号码 【1782453】
2024-02-08 00:11:50 GSD getOne 第 1 次 等待 3 秒
2024-02-08 00:11:53 查询号码 【1782453】，返回信息 {"status":"ok","msg":"辽宁-丹东","gid":"336543","time_insert":"2021-07-20 12:50"}
2024-02-08 00:11:53 查询号码 【1782453】，GSD为【"辽宁-丹东"】

2024-02-08 00:35:33 开始第 2545 次操作

2024-02-08 00:35:33 开始操作号码 【1782454】
2024-02-08 00:35:38 GSD getOne 第 1 次 等待 3 秒
2024-02-08 00:35:41 查询号码 【1782454】，返回信息 {"status":"ok","msg":"辽宁-锦州","gid":"336455","time_insert":"2021-07-20 12:16"}
2024-02-08 00:35:42 查询号码 【1782454】，GSD为【"辽宁-锦州"】

2024-02-08 00:35:43 开始第 2546 次操作

2024-02-08 00:35:43 开始操作号码 【1782455】
2024-02-08 00:35:50 GSD getOne 第 1 次 等待 3 秒
2024-02-08 00:35:53 查询号码 【1782455】，返回信息 {"status":"ok","msg":"辽宁-锦州","gid":"336448","time_insert":"2021-07-20 12:16"}
2024-02-08 00:35:53 查询号码 【1782455】，GSD为【"辽宁-锦州"】

2024-02-08 00:35:54 开始第 2547 次操作

2024-02-08 00:35:54 开始操作号码 【1782456】
2024-02-08 00:35:59 GSD getOne 第 1 次 等待 3 秒
2024-02-08 00:36:02 查询号码 【1782456】，返回信息 {"status":"ok","msg":"辽宁-锦州","gid":"336442","time_insert":"2021-07-20 12:15"}
2024-02-08 00:36:02 查询号码 【1782456】，GSD为【"辽宁-锦州"】

2024-02-08 00:36:03 开始第 2548 次操作

2024-02-08 00:36:03 开始操作号码 【1782457】
2024-02-08 00:36:07 GSD getOne 第 1 次 等待 3 秒
2024-02-08 00:36:10 查询号码 【1782457】，返回信息 {"status":"ok","msg":"辽宁-锦州","gid":"336436","time_insert":"2021-07-20 12:14"}
2024-02-08 00:36:10 查询号码 【1782457】，GSD为【"辽宁-锦州"】

2024-02-08 01:07:33 开始第 2549 次操作

2024-02-08 01:07:33 开始操作号码 【1782458】
2024-02-08 01:07:39 GSD getOne 第 1 次 等待 3 秒
2024-02-08 01:07:42 查询号码 【1782458】，返回信息 {"status":"ok","msg":"辽宁-营口","gid":"336427","time_insert":"2021-07-20 12:13"}
2024-02-08 01:07:42 查询号码 【1782458】，GSD为【"辽宁-营口"】

2024-02-08 01:07:43 开始第 2550 次操作

2024-02-08 01:07:43 开始操作号码 【1782459】
2024-02-08 01:07:49 GSD getOne 第 1 次 等待 3 秒
2024-02-08 01:07:52 查询号码 【1782459】，返回信息 {"status":"ok","msg":"辽宁-营口","gid":"336422","time_insert":"2021-07-20 12:12"}
2024-02-08 01:07:52 查询号码 【1782459】，GSD为【"辽宁-营口"】

2024-02-08 01:07:53 开始第 2551 次操作

2024-02-08 01:07:53 开始操作号码 【1782460】
2024-02-08 01:07:57 GSD getOne 第 1 次 等待 3 秒
2024-02-08 01:08:00 查询号码 【1782460】，返回信息 {"status":"ok","msg":"辽宁-营口","gid":"336417","time_insert":"2021-07-20 12:11"}
2024-02-08 01:08:01 查询号码 【1782460】，GSD为【"辽宁-营口"】

2024-02-08 01:08:02 开始第 2552 次操作

2024-02-08 01:08:02 开始操作号码 【1782461】
2024-02-08 01:08:06 GSD getOne 第 1 次 等待 3 秒
2024-02-08 01:08:09 查询号码 【1782461】，返回信息 {"status":"ok","msg":"辽宁-营口","gid":"336409","time_insert":"2021-07-20 12:11"}
2024-02-08 01:08:09 查询号码 【1782461】，GSD为【"辽宁-营口"】

2024-02-08 01:32:30 开始第 2553 次操作

2024-02-08 01:32:30 开始操作号码 【1782462】
2024-02-08 01:32:36 GSD getOne 第 1 次 等待 3 秒
2024-02-08 01:32:39 查询号码 【1782462】，返回信息 {"status":"ok","msg":"辽宁-阜新","gid":"336400","time_insert":"2021-07-20 12:10"}
2024-02-08 01:32:39 查询号码 【1782462】，GSD为【"辽宁-阜新"】

2024-02-08 01:32:40 开始第 2554 次操作

2024-02-08 01:32:40 开始操作号码 【1782463】
2024-02-08 01:32:44 GSD getOne 第 1 次 等待 3 秒
2024-02-08 01:32:47 查询号码 【1782463】，返回信息 {"status":"ok","msg":"辽宁-阜新","gid":"336392","time_insert":"2021-07-20 12:09"}
2024-02-08 01:32:48 查询号码 【1782463】，GSD为【"辽宁-阜新"】

2024-02-08 01:32:49 开始第 2555 次操作

2024-02-08 01:32:49 开始操作号码 【1782464】
2024-02-08 01:32:53 GSD getOne 第 1 次 等待 3 秒
2024-02-08 01:32:56 查询号码 【1782464】，返回信息 {"status":"ok","msg":"辽宁-阜新","gid":"336386","time_insert":"2021-07-20 12:08"}
2024-02-08 01:32:56 查询号码 【1782464】，GSD为【"辽宁-阜新"】

2024-02-08 01:32:57 开始第 2556 次操作

2024-02-08 01:32:57 开始操作号码 【1782465】
2024-02-08 01:33:02 GSD getOne 第 1 次 等待 3 秒
2024-02-08 01:33:05 查询号码 【1782465】，返回信息 {"status":"ok","msg":"辽宁-辽阳","gid":"336377","time_insert":"2021-07-20 12:07"}
2024-02-08 01:33:05 查询号码 【1782465】，GSD为【"辽宁-辽阳"】

2024-02-08 02:09:48 开始第 2557 次操作

2024-02-08 02:09:48 开始操作号码 【1782466】
2024-02-08 02:09:53 GSD getOne 第 1 次 等待 3 秒
2024-02-08 02:09:56 查询号码 【1782466】，返回信息 {"status":"ok","msg":"辽宁-辽阳","gid":"336364","time_insert":"2021-07-20 12:07"}
2024-02-08 02:09:56 查询号码 【1782466】，GSD为【"辽宁-辽阳"】

2024-02-08 02:09:57 开始第 2558 次操作

2024-02-08 02:09:57 开始操作号码 【1782467】
2024-02-08 02:10:02 GSD getOne 第 1 次 等待 3 秒
2024-02-08 02:10:05 查询号码 【1782467】，返回信息 {"status":"ok","msg":"辽宁-辽阳","gid":"336355","time_insert":"2021-07-20 12:06"}
2024-02-08 02:10:05 查询号码 【1782467】，GSD为【"辽宁-辽阳"】

2024-02-08 02:10:06 开始第 2559 次操作

2024-02-08 02:10:06 开始操作号码 【1782468】
2024-02-08 02:10:10 GSD getOne 第 1 次 等待 3 秒
2024-02-08 02:10:13 查询号码 【1782468】，返回信息 {"status":"ok","msg":"辽宁-朝阳","gid":"336335","time_insert":"2021-07-20 12:04"}
2024-02-08 02:10:13 查询号码 【1782468】，GSD为【"辽宁-朝阳"】

2024-02-08 02:10:14 开始第 2560 次操作

2024-02-08 02:10:14 开始操作号码 【1782469】
2024-02-08 02:10:19 GSD getOne 第 1 次 等待 3 秒
2024-02-08 02:10:22 查询号码 【1782469】，返回信息 {"status":"ok","msg":"辽宁-朝阳","gid":"336321","time_insert":"2021-07-20 12:03"}
2024-02-08 02:10:22 查询号码 【1782469】，GSD为【"辽宁-朝阳"】

