2023-12-19 00:10:16 开始第 4065 次操作

2023-12-19 00:10:16 开始操作号码 【1893974】
2023-12-19 00:10:20 GSD getOne 第 1 次 等待 3 秒
2023-12-19 00:10:23 查询号码 【1893974】，返回信息 {"status":"ok","msg":"上海-上海","gid":"491227","time_insert":"2021-08-03 17:16"}
2023-12-19 00:10:23 查询号码 【1893974】，GSD为【"上海-上海"】

2023-12-19 00:10:24 开始第 4066 次操作

2023-12-19 00:10:24 开始操作号码 【1893975】
2023-12-19 00:10:27 GSD getOne 第 1 次 等待 3 秒
2023-12-19 00:10:30 查询号码 【1893975】，返回信息 {"status":"ok","msg":"上海-上海","gid":"491211","time_insert":"2021-08-03 17:15"}
2023-12-19 00:10:31 查询号码 【1893975】，GSD为【"上海-上海"】

2023-12-19 00:10:32 开始第 4067 次操作

2023-12-19 00:10:32 开始操作号码 【1893976】
2023-12-19 00:10:35 GSD getOne 第 1 次 等待 3 秒
2023-12-19 00:10:38 查询号码 【1893976】，返回信息 {"status":"ok","msg":"上海-上海","gid":"491193","time_insert":"2021-08-03 17:13"}
2023-12-19 00:10:38 查询号码 【1893976】，GSD为【"上海-上海"】

2023-12-19 00:10:39 开始第 4068 次操作

2023-12-19 00:10:39 开始操作号码 【1893977】
2023-12-19 00:10:43 GSD getOne 第 1 次 等待 3 秒
2023-12-19 00:10:46 查询号码 【1893977】，返回信息 {"status":"ok","msg":"上海-上海","gid":"491173","time_insert":"2021-08-03 17:12"}
2023-12-19 00:10:46 查询号码 【1893977】，GSD为【"上海-上海"】

2023-12-19 00:37:36 开始第 4069 次操作

2023-12-19 00:37:36 开始操作号码 【1893978】
2023-12-19 00:37:43 GSD getOne 第 1 次 等待 3 秒
2023-12-19 00:37:46 查询号码 【1893978】，返回信息 {"status":"ok","msg":"上海-上海","gid":"491155","time_insert":"2021-08-03 17:10"}
2023-12-19 00:37:46 查询号码 【1893978】，GSD为【"上海-上海"】

2023-12-19 00:37:47 开始第 4070 次操作

2023-12-19 00:37:47 开始操作号码 【1893979】
2023-12-19 00:37:56 GSD getOne 第 1 次 等待 3 秒
2023-12-19 00:37:59 查询号码 【1893979】，返回信息 {"status":"ok","msg":"上海-上海","gid":"491139","time_insert":"2021-08-03 17:09"}
2023-12-19 00:37:59 查询号码 【1893979】，GSD为【"上海-上海"】

2023-12-19 00:38:00 开始第 4071 次操作

2023-12-19 00:38:00 开始操作号码 【1893980】
2023-12-19 00:38:04 GSD getOne 第 1 次 等待 3 秒
2023-12-19 00:38:07 查询号码 【1893980】，返回信息 {"status":"ok","msg":"上海-上海","gid":"491122","time_insert":"2021-08-03 17:08"}
2023-12-19 00:38:07 查询号码 【1893980】，GSD为【"上海-上海"】

2023-12-19 00:38:08 开始第 4072 次操作

2023-12-19 00:38:08 开始操作号码 【1893981】
2023-12-19 00:38:11 GSD getOne 第 1 次 等待 3 秒
2023-12-19 00:38:14 查询号码 【1893981】，返回信息 {"status":"ok","msg":"上海-上海","gid":"491106","time_insert":"2021-08-03 17:07"}
2023-12-19 00:38:14 查询号码 【1893981】，GSD为【"上海-上海"】

