2024-04-12 00:09:05 开始第 3293 次操作

2024-04-12 00:09:05 开始操作号码 【1673203】
2024-04-12 00:09:10 GSD getOne 第 1 次 等待 3 秒
2024-04-12 00:09:13 查询号码 【1673203】，返回信息 {"status":"ok","msg":"江苏-连云港","gid":"254400","time_insert":"2021-07-12 06:46"}
2024-04-12 00:09:13 查询号码 【1673203】，GSD为【"江苏-连云港"】

2024-04-12 00:09:14 开始第 3294 次操作

2024-04-12 00:09:14 开始操作号码 【1673204】
2024-04-12 00:09:19 GSD getOne 第 1 次 等待 3 秒
2024-04-12 00:09:22 查询号码 【1673204】，返回信息 {"status":"ok","msg":"江苏-连云港","gid":"254409","time_insert":"2021-07-12 06:46"}
2024-04-12 00:09:22 查询号码 【1673204】，GSD为【"江苏-连云港"】

2024-04-12 00:09:23 开始第 3295 次操作

2024-04-12 00:09:23 开始操作号码 【1673205】
2024-04-12 00:09:31 GSD getOne 第 1 次 等待 3 秒
2024-04-12 00:09:34 查询号码 【1673205】，返回信息 {"status":"ok","msg":"江苏-连云港","gid":"254417","time_insert":"2021-07-12 06:46"}
2024-04-12 00:09:34 查询号码 【1673205】，GSD为【"江苏-连云港"】

2024-04-12 00:09:35 开始第 3296 次操作

2024-04-12 00:09:35 开始操作号码 【1673206】
2024-04-12 00:09:40 GSD getOne 第 1 次 等待 3 秒
2024-04-12 00:09:43 查询号码 【1673206】，返回信息 {"status":"ok","msg":"江苏-连云港","gid":"254421","time_insert":"2021-07-12 06:47"}
2024-04-12 00:09:43 查询号码 【1673206】，GSD为【"江苏-连云港"】

2024-04-12 00:32:48 开始第 3297 次操作

2024-04-12 00:32:48 开始操作号码 【1673207】
2024-04-12 00:32:54 GSD getOne 第 1 次 等待 3 秒
2024-04-12 00:32:57 查询号码 【1673207】，返回信息 {"status":"ok","msg":"江苏-连云港","gid":"254433","time_insert":"2021-07-12 06:47"}
2024-04-12 00:32:57 查询号码 【1673207】，GSD为【"江苏-连云港"】

2024-04-12 00:32:58 开始第 3298 次操作

2024-04-12 00:32:58 开始操作号码 【1673208】
2024-04-12 00:33:04 GSD getOne 第 1 次 等待 3 秒
2024-04-12 00:33:07 查询号码 【1673208】，返回信息 {"status":"ok","msg":"江苏-连云港","gid":"254439","time_insert":"2021-07-12 06:48"}
2024-04-12 00:33:07 查询号码 【1673208】，GSD为【"江苏-连云港"】

2024-04-12 00:33:08 开始第 3299 次操作

2024-04-12 00:33:08 开始操作号码 【1673209】
2024-04-12 00:33:17 GSD getOne 第 1 次 等待 3 秒
2024-04-12 00:33:20 查询号码 【1673209】，返回信息 {"status":"ok","msg":"江苏-盐城","gid":"254448","time_insert":"2021-07-12 06:48"}
2024-04-12 00:33:20 查询号码 【1673209】，GSD为【"江苏-盐城"】

2024-04-12 00:33:21 开始第 3300 次操作

2024-04-12 00:33:21 开始操作号码 【1673210】
2024-04-12 00:33:28 GSD getOne 第 1 次 等待 3 秒
2024-04-12 00:33:31 查询号码 【1673210】，返回信息 {"status":"ok","msg":"上海-上海","gid":"254459","time_insert":"2021-07-12 06:48"}
2024-04-12 00:33:31 查询号码 【1673210】，GSD为【"上海-上海"】

2024-04-12 01:07:37 开始第 3301 次操作

2024-04-12 01:07:37 开始操作号码 【1673211】
2024-04-12 01:07:44 GSD getOne 第 1 次 等待 3 秒
2024-04-12 01:07:47 查询号码 【1673211】，返回信息 {"status":"ok","msg":"上海-上海","gid":"254614","time_insert":"2021-07-12 07:37"}
2024-04-12 01:07:47 查询号码 【1673211】，GSD为【"上海-上海"】

2024-04-12 01:07:48 开始第 3302 次操作

2024-04-12 01:07:48 开始操作号码 【1673212】
2024-04-12 01:07:54 GSD getOne 第 1 次 等待 3 秒
2024-04-12 01:07:57 查询号码 【1673212】，返回信息 {"status":"ok","msg":"上海-上海","gid":"254626","time_insert":"2021-07-12 07:38"}
2024-04-12 01:07:57 查询号码 【1673212】，GSD为【"上海-上海"】

2024-04-12 01:07:58 开始第 3303 次操作

2024-04-12 01:07:58 开始操作号码 【1673213】
2024-04-12 01:08:04 GSD getOne 第 1 次 等待 3 秒
2024-04-12 01:08:07 查询号码 【1673213】，返回信息 {"status":"ok","msg":"上海-上海","gid":"254638","time_insert":"2021-07-12 07:39"}
2024-04-12 01:08:07 查询号码 【1673213】，GSD为【"上海-上海"】

2024-04-12 01:08:08 开始第 3304 次操作

2024-04-12 01:08:08 开始操作号码 【1673214】
2024-04-12 01:08:14 GSD getOne 第 1 次 等待 3 秒
2024-04-12 01:08:17 查询号码 【1673214】，返回信息 {"status":"ok","msg":"上海-上海","gid":"254649","time_insert":"2021-07-12 07:39"}
2024-04-12 01:08:17 查询号码 【1673214】，GSD为【"上海-上海"】

