2024-04-08 00:08:31 开始第 2557 次操作

2024-04-08 00:08:31 开始操作号码 【1672467】
2024-04-08 00:08:40 GSD getOne 第 1 次 等待 3 秒
2024-04-08 00:08:43 查询号码 【1672467】，返回信息 {"status":"ok","msg":"黑龙江-鸡西","gid":"245298","time_insert":"2021-07-11 04:39"}
2024-04-08 00:08:43 查询号码 【1672467】，GSD为【"黑龙江-鸡西"】

2024-04-08 00:08:44 开始第 2558 次操作

2024-04-08 00:08:44 开始操作号码 【1672468】
2024-04-08 00:08:52 GSD getOne 第 1 次 等待 3 秒
2024-04-08 00:08:55 查询号码 【1672468】，返回信息 {"status":"ok","msg":"黑龙江-鹤岗","gid":"245304","time_insert":"2021-07-11 04:39"}
2024-04-08 00:08:55 查询号码 【1672468】，GSD为【"黑龙江-鹤岗"】

2024-04-08 00:08:56 开始第 2559 次操作

2024-04-08 00:08:56 开始操作号码 【1672469】
2024-04-08 00:09:07 GSD getOne 第 1 次 等待 3 秒
2024-04-08 00:09:10 查询号码 【1672469】，返回信息 {"status":"ok","msg":"黑龙江-双鸭山","gid":"245314","time_insert":"2021-07-11 04:39"}
2024-04-08 00:09:10 查询号码 【1672469】，GSD为【"黑龙江-双鸭山"】

2024-04-08 00:09:11 开始第 2560 次操作

2024-04-08 00:09:11 开始操作号码 【1672470】
2024-04-08 00:09:23 GSD getOne 第 1 次 等待 3 秒
2024-04-08 00:09:26 查询号码 【1672470】，返回信息 {"status":"ok","msg":"内蒙古-鄂尔多斯","gid":"245321","time_insert":"2021-07-11 04:40"}
2024-04-08 00:09:26 查询号码 【1672470】，GSD为【"内蒙古-鄂尔多斯"】

2024-04-08 00:33:13 开始第 2561 次操作

2024-04-08 00:33:13 开始操作号码 【1672471】
2024-04-08 00:33:17 GSD getOne 第 1 次 等待 3 秒
2024-04-08 00:33:20 查询号码 【1672471】，返回信息 {"status":"ok","msg":"内蒙古-呼和浩特","gid":"245330","time_insert":"2021-07-11 04:40"}
2024-04-08 00:33:20 查询号码 【1672471】，GSD为【"内蒙古-呼和浩特"】

2024-04-08 00:33:21 开始第 2562 次操作

2024-04-08 00:33:21 开始操作号码 【1672472】
2024-04-08 00:33:28 GSD getOne 第 1 次 等待 3 秒
2024-04-08 00:33:31 查询号码 【1672472】，返回信息 {"status":"ok","msg":"内蒙古-包头","gid":"245339","time_insert":"2021-07-11 04:40"}
2024-04-08 00:33:31 查询号码 【1672472】，GSD为【"内蒙古-包头"】

2024-04-08 00:33:32 开始第 2563 次操作

2024-04-08 00:33:32 开始操作号码 【1672473】
2024-04-08 00:33:45 GSD getOne 第 1 次 等待 3 秒
2024-04-08 00:33:48 查询号码 【1672473】，返回信息 {"status":"ok","msg":"内蒙古-呼和浩特","gid":"245346","time_insert":"2021-07-11 04:41"}
2024-04-08 00:33:48 查询号码 【1672473】，GSD为【"内蒙古-呼和浩特"】

2024-04-08 00:33:49 开始第 2564 次操作

2024-04-08 00:33:49 开始操作号码 【1672474】
2024-04-08 00:33:56 GSD getOne 第 1 次 等待 3 秒
2024-04-08 00:33:59 查询号码 【1672474】，返回信息 {"status":"ok","msg":"内蒙古-呼和浩特","gid":"245355","time_insert":"2021-07-11 04:41"}
2024-04-08 00:33:59 查询号码 【1672474】，GSD为【"内蒙古-呼和浩特"】

2024-04-08 01:07:21 开始第 2565 次操作

2024-04-08 01:07:21 开始操作号码 【1672475】
2024-04-08 01:07:28 GSD getOne 第 1 次 等待 3 秒
2024-04-08 01:07:31 查询号码 【1672475】，返回信息 {"status":"ok","msg":"内蒙古-通辽","gid":"245363","time_insert":"2021-07-11 04:42"}
2024-04-08 01:07:32 查询号码 【1672475】，GSD为【"内蒙古-通辽"】

2024-04-08 01:07:33 开始第 2566 次操作

2024-04-08 01:07:33 开始操作号码 【1672476】
2024-04-08 01:07:39 GSD getOne 第 1 次 等待 3 秒
2024-04-08 01:07:42 查询号码 【1672476】，返回信息 {"status":"ok","msg":"内蒙古-赤峰","gid":"245370","time_insert":"2021-07-11 04:42"}
2024-04-08 01:07:42 查询号码 【1672476】，GSD为【"内蒙古-赤峰"】

2024-04-08 01:07:43 开始第 2567 次操作

2024-04-08 01:07:43 开始操作号码 【1672477】
2024-04-08 01:07:49 GSD getOne 第 1 次 等待 3 秒
2024-04-08 01:07:52 查询号码 【1672477】，返回信息 {"status":"ok","msg":"内蒙古-鄂尔多斯","gid":"245378","time_insert":"2021-07-11 04:42"}
2024-04-08 01:07:52 查询号码 【1672477】，GSD为【"内蒙古-鄂尔多斯"】

2024-04-08 01:07:53 开始第 2568 次操作

2024-04-08 01:07:53 开始操作号码 【1672478】
2024-04-08 01:07:59 GSD getOne 第 1 次 等待 3 秒
2024-04-08 01:08:02 查询号码 【1672478】，返回信息 {"status":"ok","msg":"内蒙古-通辽","gid":"245383","time_insert":"2021-07-11 04:43"}
2024-04-08 01:08:03 查询号码 【1672478】，GSD为【"内蒙古-通辽"】

