2024-02-10 00:09:25 开始第 2909 次操作

2024-02-10 00:09:25 开始操作号码 【1782818】
2024-02-10 00:09:29 GSD getOne 第 1 次 等待 3 秒
2024-02-10 00:09:32 查询号码 【1782818】，返回信息 {"status":"ok","msg":"四川-成都","gid":"31534","time_insert":"2019-01-29 14:40","time_update":"2020-10-31 23:17"}
2024-02-10 00:09:32 查询号码 【1782818】，GSD为【"四川-成都"】

2024-02-10 00:09:33 开始第 2910 次操作

2024-02-10 00:09:33 开始操作号码 【1782819】
2024-02-10 00:09:37 GSD getOne 第 1 次 等待 3 秒
2024-02-10 00:09:40 查询号码 【1782819】，返回信息 {"status":"ok","msg":"四川-成都","gid":"31535","time_insert":"2018-02-07 14:24","time_update":"2020-10-31 23:20"}
2024-02-10 00:09:40 查询号码 【1782819】，GSD为【"四川-成都"】

2024-02-10 00:09:41 开始第 2911 次操作

2024-02-10 00:09:41 开始操作号码 【1782820】
2024-02-10 00:09:45 GSD getOne 第 1 次 等待 3 秒
2024-02-10 00:09:48 查询号码 【1782820】，返回信息 {"status":"ok","msg":"四川-眉山","gid":"332398","time_insert":"2021-07-20 03:01"}
2024-02-10 00:09:48 查询号码 【1782820】，GSD为【"四川-眉山"】

2024-02-10 00:09:49 开始第 2912 次操作

2024-02-10 00:09:49 开始操作号码 【1782821】
2024-02-10 00:09:54 GSD getOne 第 1 次 等待 3 秒
2024-02-10 00:09:57 查询号码 【1782821】，返回信息 {"status":"ok","msg":"四川-眉山","gid":"56360","time_insert":"2021-04-30 19:01","time_update":"2021-05-01 08:29"}
2024-02-10 00:09:57 查询号码 【1782821】，GSD为【"四川-眉山"】

