2024-10-10 00:23:03 开始第 8861 次操作

2024-10-10 00:23:03 开始操作号码 【1458860】
2024-10-10 00:23:07 GSD getOne 第 1 次 等待 3 秒
2024-10-10 00:23:10 查询号码 【1458860】，返回信息 {"status":"ok","msg":"广东-广州","gid":"107227","time_insert":"2021-06-20 01:15"}
2024-10-10 00:23:10 查询号码 【1458860】，GSD为【"广东-广州"】

2024-10-10 00:23:11 开始第 8862 次操作

2024-10-10 00:23:11 开始操作号码 【1458861】
2024-10-10 00:23:14 GSD getOne 第 1 次 等待 3 秒
2024-10-10 00:23:17 查询号码 【1458861】，返回信息 {"status":"ok","msg":"广东-广州","gid":"107236","time_insert":"2021-06-20 01:19"}
2024-10-10 00:23:17 查询号码 【1458861】，GSD为【"广东-广州"】

2024-10-10 00:23:18 开始第 8863 次操作

2024-10-10 00:23:18 开始操作号码 【1458862】
2024-10-10 00:23:29 GSD getOne 第 1 次 等待 3 秒
2024-10-10 00:23:32 查询号码 【1458862】，返回信息 {"status":"ok","msg":"广东-广州","gid":"107242","time_insert":"2021-06-20 01:23"}
2024-10-10 00:23:32 查询号码 【1458862】，GSD为【"广东-广州"】

2024-10-10 00:23:33 开始第 8864 次操作

2024-10-10 00:23:33 开始操作号码 【1458863】
2024-10-10 00:23:34 GSD getOne 第 1 次 等待 3 秒
2024-10-10 00:23:37 查询号码 【1458863】，返回信息 {"status":"ok","msg":"广东-广州","gid":"107249","time_insert":"2021-06-20 01:28"}
2024-10-10 00:23:37 查询号码 【1458863】，GSD为【"广东-广州"】

2024-10-10 00:43:59 开始第 8865 次操作

2024-10-10 00:43:59 开始操作号码 【1458864】
2024-10-10 00:44:01 GSD getOne 第 1 次 等待 3 秒
2024-10-10 00:44:04 查询号码 【1458864】，返回信息 {"status":"ok","msg":"广东-广州","gid":"107257","time_insert":"2021-06-20 01:32"}
2024-10-10 00:44:04 查询号码 【1458864】，GSD为【"广东-广州"】

2024-10-10 00:44:05 开始第 8866 次操作

2024-10-10 00:44:05 开始操作号码 【1458865】
2024-10-10 00:44:07 GSD getOne 第 1 次 等待 3 秒
2024-10-10 00:44:10 查询号码 【1458865】，返回信息 {"status":"ok","msg":"广东-广州","gid":"107264","time_insert":"2021-06-20 01:38"}
2024-10-10 00:44:10 查询号码 【1458865】，GSD为【"广东-广州"】

2024-10-10 00:44:12 开始第 8867 次操作

2024-10-10 00:44:12 开始操作号码 【1458866】
2024-10-10 00:44:13 GSD getOne 第 1 次 等待 3 秒
2024-10-10 00:44:16 查询号码 【1458866】，返回信息 {"status":"ok","msg":"广东-广州","gid":"107275","time_insert":"2021-06-20 01:44"}
2024-10-10 00:44:16 查询号码 【1458866】，GSD为【"广东-广州"】

2024-10-10 00:44:17 开始第 8868 次操作

2024-10-10 00:44:17 开始操作号码 【1458867】
2024-10-10 00:44:20 GSD getOne 第 1 次 等待 3 秒
2024-10-10 00:44:23 查询号码 【1458867】，返回信息 {"status":"ok","msg":"广东-广州","gid":"107281","time_insert":"2021-06-20 01:49"}
2024-10-10 00:44:23 查询号码 【1458867】，GSD为【"广东-广州"】

