2023-10-11 00:20:17 开始第 2690 次操作

2023-10-11 00:20:17 开始操作号码 【1992688】
2023-10-11 00:22:28 GSD getOne 第 1 次 等待 3 秒
2023-10-11 00:24:41 GSD getOne 第 2 次 等待 3 秒
2023-10-11 00:26:54 GSD getOne 第 3 次 等待 3 秒
2023-10-11 00:29:07 GSD getOne 第 4 次 等待 3 秒
2023-10-11 00:31:20 GSD getOne 第 5 次 等待 3 秒
2023-10-11 00:33:33 GSD getOne 第 6 次 等待 3 秒
2023-10-11 00:35:46 GSD getOne 第 7 次 等待 3 秒
2023-10-11 00:38:00 GSD getOne 第 8 次 等待 3 秒
2023-10-11 00:40:13 GSD getOne 第 9 次 等待 3 秒
2023-10-11 00:42:26 GSD getOne 第 10 次 等待 3 秒
2023-10-11 00:42:29 查询号码 【1992688】，返回信息 
2023-10-11 00:42:29 查询失败，3 秒后重新查询
2023-10-11 00:44:43 GSD getOne 第 1 次 等待 3 秒
2023-10-11 00:46:56 GSD getOne 第 2 次 等待 3 秒
2023-10-11 00:49:09 GSD getOne 第 3 次 等待 3 秒
2023-10-11 00:51:22 GSD getOne 第 4 次 等待 3 秒
2023-10-11 00:53:36 GSD getOne 第 5 次 等待 3 秒
2023-10-11 00:55:49 GSD getOne 第 6 次 等待 3 秒
2023-10-11 00:58:02 GSD getOne 第 7 次 等待 3 秒
2023-10-11 01:00:15 GSD getOne 第 8 次 等待 3 秒
2023-10-11 01:02:28 GSD getOne 第 9 次 等待 3 秒
2023-10-11 01:04:41 GSD getOne 第 10 次 等待 3 秒
2023-10-11 01:04:44 查询号码 【1992688】，返回信息 
2023-10-11 01:04:44 查询失败，结束本次操作，期待下次成功~
2023-10-11 01:04:44 随机等待 80 秒，约 1 分钟
2023-10-11 01:04:44 下次操作: 2023-10-11 01:06:04

2023-10-11 01:06:04 开始第 2691 次操作

2023-10-11 01:06:04 开始操作号码 【1992688】
2023-10-11 01:08:14 GSD getOne 第 1 次 等待 3 秒
2023-10-11 01:10:27 GSD getOne 第 2 次 等待 3 秒
2023-10-11 01:12:40 GSD getOne 第 3 次 等待 3 秒
2023-10-11 01:14:53 GSD getOne 第 4 次 等待 3 秒
2023-10-11 01:17:07 GSD getOne 第 5 次 等待 3 秒
2023-10-11 01:19:20 GSD getOne 第 6 次 等待 3 秒
2023-10-11 01:21:33 GSD getOne 第 7 次 等待 3 秒
2023-10-11 01:23:46 GSD getOne 第 8 次 等待 3 秒
2023-10-11 01:25:59 GSD getOne 第 9 次 等待 3 秒
2023-10-11 01:28:12 GSD getOne 第 10 次 等待 3 秒
2023-10-11 01:28:15 查询号码 【1992688】，返回信息 
2023-10-11 01:28:15 查询失败，3 秒后重新查询
2023-10-11 01:30:29 GSD getOne 第 1 次 等待 3 秒
2023-10-11 01:32:43 GSD getOne 第 2 次 等待 3 秒
2023-10-11 01:34:56 GSD getOne 第 3 次 等待 3 秒
2023-10-11 01:37:09 GSD getOne 第 4 次 等待 3 秒
2023-10-11 01:39:22 GSD getOne 第 5 次 等待 3 秒
2023-10-11 01:41:35 GSD getOne 第 6 次 等待 3 秒
2023-10-11 01:43:48 GSD getOne 第 7 次 等待 3 秒
2023-10-11 01:46:01 GSD getOne 第 8 次 等待 3 秒
2023-10-11 01:48:14 GSD getOne 第 9 次 等待 3 秒
2023-10-11 01:50:27 GSD getOne 第 10 次 等待 3 秒
2023-10-11 01:50:31 查询号码 【1992688】，返回信息 
2023-10-11 01:50:31 查询失败，结束本次操作，期待下次成功~
2023-10-11 01:50:31 随机等待 184 秒，约 3 分钟
2023-10-11 01:50:31 下次操作: 2023-10-11 01:53:35

2023-10-11 01:53:35 开始第 2692 次操作

2023-10-11 01:53:35 开始操作号码 【1992688】
2023-10-11 01:55:45 GSD getOne 第 1 次 等待 3 秒
2023-10-11 01:57:58 GSD getOne 第 2 次 等待 3 秒
2023-10-11 02:00:11 GSD getOne 第 3 次 等待 3 秒
2023-10-11 02:02:24 GSD getOne 第 4 次 等待 3 秒
2023-10-11 02:04:37 GSD getOne 第 5 次 等待 3 秒
2023-10-11 02:06:51 GSD getOne 第 6 次 等待 3 秒
2023-10-11 02:09:04 GSD getOne 第 7 次 等待 3 秒
2023-10-11 02:11:17 GSD getOne 第 8 次 等待 3 秒
2023-10-11 02:13:30 GSD getOne 第 9 次 等待 3 秒
2023-10-11 02:15:43 GSD getOne 第 10 次 等待 3 秒
2023-10-11 02:15:46 查询号码 【1992688】，返回信息 
2023-10-11 02:15:46 查询失败，3 秒后重新查询
2023-10-11 02:18:00 GSD getOne 第 1 次 等待 3 秒
2023-10-11 02:20:13 GSD getOne 第 2 次 等待 3 秒
2023-10-11 02:22:26 GSD getOne 第 3 次 等待 3 秒
2023-10-11 02:24:40 GSD getOne 第 4 次 等待 3 秒
2023-10-11 02:26:53 GSD getOne 第 5 次 等待 3 秒
2023-10-11 02:29:06 GSD getOne 第 6 次 等待 3 秒
2023-10-11 02:31:19 GSD getOne 第 7 次 等待 3 秒
2023-10-11 02:33:32 GSD getOne 第 8 次 等待 3 秒
2023-10-11 02:35:45 GSD getOne 第 9 次 等待 3 秒
2023-10-11 02:37:58 GSD getOne 第 10 次 等待 3 秒
2023-10-11 02:38:01 查询号码 【1992688】，返回信息 
2023-10-11 02:38:01 查询失败，结束本次操作，期待下次成功~

