2024-10-08 00:23:39 开始第 8517 次操作

2024-10-08 00:23:39 开始操作号码 【1458516】
2024-10-08 00:23:42 GSD getOne 第 1 次 等待 3 秒
2024-10-08 00:23:45 查询号码 【1458516】，返回信息 {"status":"ok","msg":"河南-洛阳","gid":"104600","time_insert":"2021-06-18 22:50"}
2024-10-08 00:23:45 查询号码 【1458516】，GSD为【"河南-洛阳"】

2024-10-08 00:23:46 开始第 8518 次操作

2024-10-08 00:23:46 开始操作号码 【1458517】
2024-10-08 00:23:50 GSD getOne 第 1 次 等待 3 秒
2024-10-08 00:23:53 查询号码 【1458517】，返回信息 {"status":"ok","msg":"河南-洛阳","gid":"104611","time_insert":"2021-06-18 22:55"}
2024-10-08 00:23:53 查询号码 【1458517】，GSD为【"河南-洛阳"】

2024-10-08 00:23:54 开始第 8519 次操作

2024-10-08 00:23:54 开始操作号码 【1458518】
2024-10-08 00:23:56 GSD getOne 第 1 次 等待 3 秒
2024-10-08 00:23:59 查询号码 【1458518】，返回信息 {"status":"ok","msg":"河南-洛阳","gid":"104622","time_insert":"2021-06-18 22:59"}
2024-10-08 00:23:59 查询号码 【1458518】，GSD为【"河南-洛阳"】

2024-10-08 00:24:00 开始第 8520 次操作

2024-10-08 00:24:00 开始操作号码 【1458519】
2024-10-08 00:24:02 GSD getOne 第 1 次 等待 3 秒
2024-10-08 00:24:05 查询号码 【1458519】，返回信息 {"status":"ok","msg":"河南-洛阳","gid":"104637","time_insert":"2021-06-18 23:04"}
2024-10-08 00:24:05 查询号码 【1458519】，GSD为【"河南-洛阳"】

2024-10-08 00:44:31 开始第 8521 次操作

2024-10-08 00:44:31 开始操作号码 【1458520】
2024-10-08 00:44:36 GSD getOne 第 1 次 等待 3 秒
2024-10-08 00:44:39 查询号码 【1458520】，返回信息 {"status":"ok","msg":"河南-济源","gid":"104647","time_insert":"2021-06-18 23:10"}
2024-10-08 00:44:39 查询号码 【1458520】，GSD为【"河南-济源"】

2024-10-08 00:44:40 开始第 8522 次操作

2024-10-08 00:44:40 开始操作号码 【1458521】
2024-10-08 00:44:44 GSD getOne 第 1 次 等待 3 秒
2024-10-08 00:44:47 查询号码 【1458521】，返回信息 {"status":"ok","msg":"河南-焦作","gid":"104659","time_insert":"2021-06-18 23:13"}
2024-10-08 00:44:47 查询号码 【1458521】，GSD为【"河南-焦作"】

2024-10-08 00:44:48 开始第 8523 次操作

2024-10-08 00:44:48 开始操作号码 【1458522】
2024-10-08 00:44:51 GSD getOne 第 1 次 等待 3 秒
2024-10-08 00:44:54 查询号码 【1458522】，返回信息 {"status":"ok","msg":"河南-焦作","gid":"104669","time_insert":"2021-06-18 23:18"}
2024-10-08 00:44:54 查询号码 【1458522】，GSD为【"河南-焦作"】

2024-10-08 00:44:55 开始第 8524 次操作

2024-10-08 00:44:55 开始操作号码 【1458523】
2024-10-08 00:44:57 GSD getOne 第 1 次 等待 3 秒
2024-10-08 00:45:00 查询号码 【1458523】，返回信息 {"status":"ok","msg":"河南-焦作","gid":"104682","time_insert":"2021-06-18 23:22"}
2024-10-08 00:45:00 查询号码 【1458523】，GSD为【"河南-焦作"】

2024-10-08 01:17:03 开始第 8525 次操作

2024-10-08 01:17:03 开始操作号码 【1458524】
2024-10-08 01:17:06 GSD getOne 第 1 次 等待 3 秒
2024-10-08 01:17:09 查询号码 【1458524】，返回信息 {"status":"ok","msg":"河南-焦作","gid":"104696","time_insert":"2021-06-18 23:28"}
2024-10-08 01:17:09 查询号码 【1458524】，GSD为【"河南-焦作"】

2024-10-08 01:17:10 开始第 8526 次操作

2024-10-08 01:17:10 开始操作号码 【1458525】
2024-10-08 01:17:12 GSD getOne 第 1 次 等待 3 秒
2024-10-08 01:17:15 查询号码 【1458525】，返回信息 {"status":"ok","msg":"河南-鹤壁","gid":"104708","time_insert":"2021-06-18 23:32"}
2024-10-08 01:17:15 查询号码 【1458525】，GSD为【"河南-鹤壁"】

2024-10-08 01:17:16 开始第 8527 次操作

2024-10-08 01:17:16 开始操作号码 【1458526】
2024-10-08 01:17:18 GSD getOne 第 1 次 等待 3 秒
2024-10-08 01:17:21 查询号码 【1458526】，返回信息 {"status":"ok","msg":"河南-鹤壁","gid":"104718","time_insert":"2021-06-18 23:36"}
2024-10-08 01:17:21 查询号码 【1458526】，GSD为【"河南-鹤壁"】

2024-10-08 01:17:22 开始第 8528 次操作

2024-10-08 01:17:22 开始操作号码 【1458527】
2024-10-08 01:17:24 GSD getOne 第 1 次 等待 3 秒
2024-10-08 01:17:27 查询号码 【1458527】，返回信息 {"status":"ok","msg":"河南-鹤壁","gid":"104726","time_insert":"2021-06-18 23:40"}
2024-10-08 01:17:27 查询号码 【1458527】，GSD为【"河南-鹤壁"】

