2024-10-29 00:26:55 开始第 1925 次操作

2024-10-29 00:26:55 开始操作号码 【1341924】
2024-10-29 00:26:56 GSD getOne 第 1 次 等待 3 秒
2024-10-29 00:26:59 查询号码 【1341924】，返回信息 {"status":"ok","msg":"四川-宜宾","gid":"4118","time_insert":"2017-06-19 12:33","time_update":"2020-10-10 04:20"}
2024-10-29 00:26:59 查询号码 【1341924】，GSD为【"四川-宜宾"】

2024-10-29 00:27:00 开始第 1926 次操作

2024-10-29 00:27:00 开始操作号码 【1341925】
2024-10-29 00:27:01 GSD getOne 第 1 次 等待 3 秒
2024-10-29 00:27:04 查询号码 【1341925】，返回信息 {"status":"ok","msg":"四川-宜宾","gid":"4119","time_insert":"2018-11-26 23:07","time_update":"2020-10-10 04:25"}
2024-10-29 00:27:04 查询号码 【1341925】，GSD为【"四川-宜宾"】

2024-10-29 00:27:05 开始第 1927 次操作

2024-10-29 00:27:05 开始操作号码 【1341926】
2024-10-29 00:27:06 GSD getOne 第 1 次 等待 3 秒
2024-10-29 00:27:09 查询号码 【1341926】，返回信息 {"status":"ok","msg":"四川-宜宾","gid":"4120","time_insert":"2016-03-14 15:32","time_update":"2020-10-10 04:30"}
2024-10-29 00:27:09 查询号码 【1341926】，GSD为【"四川-宜宾"】

2024-10-29 00:27:10 开始第 1928 次操作

2024-10-29 00:27:10 开始操作号码 【1341927】
2024-10-29 00:27:11 GSD getOne 第 1 次 等待 3 秒
2024-10-29 00:27:14 查询号码 【1341927】，返回信息 {"status":"ok","msg":"四川-宜宾","gid":"4121","time_insert":"2018-06-12 01:27","time_update":"2020-10-10 04:34"}
2024-10-29 00:27:14 查询号码 【1341927】，GSD为【"四川-宜宾"】

