2024-09-30 00:22:32 开始第 7149 次操作

2024-09-30 00:22:32 开始操作号码 【1457148】
2024-09-30 00:22:35 GSD getOne 第 1 次 等待 3 秒
2024-09-30 00:22:38 查询号码 【1457148】，返回信息 {"status":"ok","msg":"上海-上海","gid":"96478","time_insert":"2021-06-14 14:33"}
2024-09-30 00:22:38 查询号码 【1457148】，GSD为【"上海-上海"】

2024-09-30 00:22:39 开始第 7150 次操作

2024-09-30 00:22:39 开始操作号码 【1457149】
2024-09-30 00:22:41 GSD getOne 第 1 次 等待 3 秒
2024-09-30 00:22:44 查询号码 【1457149】，返回信息 {"status":"ok","msg":"上海-上海","gid":"96484","time_insert":"2021-06-14 14:39"}
2024-09-30 00:22:44 查询号码 【1457149】，GSD为【"上海-上海"】

2024-09-30 00:22:45 开始第 7151 次操作

2024-09-30 00:22:45 开始操作号码 【1457150】
2024-09-30 00:22:50 GSD getOne 第 1 次 等待 3 秒
2024-09-30 00:22:53 查询号码 【1457150】，返回信息 {"status":"ok","msg":"上海-上海","gid":"96488","time_insert":"2021-06-14 14:43"}
2024-09-30 00:22:53 查询号码 【1457150】，GSD为【"上海-上海"】

2024-09-30 00:22:54 开始第 7152 次操作

2024-09-30 00:22:54 开始操作号码 【1457151】
2024-09-30 00:22:56 GSD getOne 第 1 次 等待 3 秒
2024-09-30 00:22:59 查询号码 【1457151】，返回信息 {"status":"ok","msg":"上海-上海","gid":"96494","time_insert":"2021-06-14 14:48"}
2024-09-30 00:22:59 查询号码 【1457151】，GSD为【"上海-上海"】

