2023-10-04 00:10:06 开始第 1405 次操作

2023-10-04 00:10:06 开始操作号码 【1991404】
2023-10-04 00:10:14 GSD getOne 第 1 次 等待 3 秒
2023-10-04 00:10:17 查询号码 【1991404】，返回信息 {"status":"ok","msg":"-","gid":"498137","time_insert":"2021-08-07 01:34"}
2023-10-04 00:10:17 查询号码 【1991404】，GSD为【"-"】
2023-10-04 00:10:17 ok && -
2023-10-04 00:10:21 CHB 1991404?1696349417 第 1 次 等待 3 秒
2023-10-04 00:10:24 CHB 1991404?1696349417 第 1 次 获取到号码【1991404】GSD
2023-10-04 00:10:24 未获取到号码【1991404】GSD，可能号码格式错误
2023-10-04 00:10:24 获取到号码【1991404】的GSD为【-】
2023-10-04 00:10:27 GSD insert 第 1 次 等待 3 秒
2023-10-04 00:10:30 {"status":"bad","gid":"498137","msg":"添加失败！号码【1991404(-|-)】已存在！"}
2023-10-04 00:10:30 随机等待 195 秒，约 3 分钟
2023-10-04 00:10:30 下次操作: 2023-10-04 00:13:45

2023-10-04 00:13:45 开始第 1406 次操作

2023-10-04 00:13:45 开始操作号码 【1991405】
2023-10-04 00:13:51 GSD getOne 第 1 次 等待 3 秒
2023-10-04 00:13:54 查询号码 【1991405】，返回信息 {"status":"ok","msg":"-","gid":"498143","time_insert":"2021-08-07 01:44"}
2023-10-04 00:13:55 查询号码 【1991405】，GSD为【"-"】
2023-10-04 00:13:55 ok && -
2023-10-04 00:13:57 CHB 1991405?1696349635 第 1 次 等待 3 秒
2023-10-04 00:14:00 CHB 1991405?1696349635 第 1 次 获取到号码【1991405】GSD
2023-10-04 00:14:00 未获取到号码【1991405】GSD，可能号码格式错误
2023-10-04 00:14:00 获取到号码【1991405】的GSD为【-】
2023-10-04 00:14:06 GSD insert 第 1 次 等待 3 秒
2023-10-04 00:14:09 {"status":"bad","gid":"498143","msg":"添加失败！号码【1991405(-|-)】已存在！"}
2023-10-04 00:14:09 随机等待 162 秒，约 2 分钟
2023-10-04 00:14:09 下次操作: 2023-10-04 00:16:51

2023-10-04 00:16:51 开始第 1407 次操作

2023-10-04 00:16:51 开始操作号码 【1991406】
2023-10-04 00:16:54 GSD getOne 第 1 次 等待 3 秒
2023-10-04 00:16:57 查询号码 【1991406】，返回信息 {"status":"ok","msg":"-","gid":"498151","time_insert":"2021-08-07 01:54"}
2023-10-04 00:16:57 查询号码 【1991406】，GSD为【"-"】
2023-10-04 00:16:57 ok && -
2023-10-04 00:16:59 CHB 1991406?1696349817 第 1 次 等待 3 秒
2023-10-04 00:17:02 CHB 1991406?1696349817 第 1 次 获取到号码【1991406】GSD
2023-10-04 00:17:02 未获取到号码【1991406】GSD，可能号码格式错误
2023-10-04 00:17:02 获取到号码【1991406】的GSD为【-】
2023-10-04 00:17:10 GSD insert 第 1 次 等待 3 秒
2023-10-04 00:17:13 {"status":"bad","gid":"498151","msg":"添加失败！号码【1991406(-|-)】已存在！"}
2023-10-04 00:17:13 随机等待 206 秒，约 3 分钟
2023-10-04 00:17:13 下次操作: 2023-10-04 00:20:39

2023-10-04 00:20:39 开始第 1408 次操作

2023-10-04 00:20:39 开始操作号码 【1991407】
2023-10-04 00:20:42 GSD getOne 第 1 次 等待 3 秒
2023-10-04 00:20:45 查询号码 【1991407】，返回信息 {"status":"ok","msg":"-","gid":"498157","time_insert":"2021-08-07 02:04"}
2023-10-04 00:20:45 查询号码 【1991407】，GSD为【"-"】
2023-10-04 00:20:45 ok && -
2023-10-04 00:20:49 CHB 1991407?1696350045 第 1 次 等待 3 秒
2023-10-04 00:20:52 CHB 1991407?1696350045 第 1 次 获取到号码【1991407】GSD
2023-10-04 00:20:52 未获取到号码【1991407】GSD，可能号码格式错误
2023-10-04 00:20:52 获取到号码【1991407】的GSD为【-】
2023-10-04 00:20:57 GSD insert 第 1 次 等待 3 秒
2023-10-04 00:21:00 {"status":"bad","gid":"498157","msg":"添加失败！号码【1991407(-|-)】已存在！"}

