2023-12-14 00:09:20 开始第 3145 次操作

2023-12-14 00:09:20 开始操作号码 【1893054】
2023-12-14 00:09:26 GSD getOne 第 1 次 等待 3 秒
2023-12-14 00:09:29 查询号码 【1893054】，返回信息 {"status":"ok","msg":"上海-上海","gid":"501194","time_insert":"2021-08-09 22:30"}
2023-12-14 00:09:29 查询号码 【1893054】，GSD为【"上海-上海"】

2023-12-14 00:09:30 开始第 3146 次操作

2023-12-14 00:09:30 开始操作号码 【1893055】
2023-12-14 00:09:34 GSD getOne 第 1 次 等待 3 秒
2023-12-14 00:09:37 查询号码 【1893055】，返回信息 {"status":"ok","msg":"上海-上海","gid":"501197","time_insert":"2021-08-09 22:32"}
2023-12-14 00:09:37 查询号码 【1893055】，GSD为【"上海-上海"】

2023-12-14 00:09:38 开始第 3147 次操作

2023-12-14 00:09:38 开始操作号码 【1893056】
2023-12-14 00:09:44 GSD getOne 第 1 次 等待 3 秒
2023-12-14 00:09:47 查询号码 【1893056】，返回信息 {"status":"ok","msg":"上海-上海","gid":"501199","time_insert":"2021-08-09 22:37"}
2023-12-14 00:09:47 查询号码 【1893056】，GSD为【"上海-上海"】

2023-12-14 00:09:48 开始第 3148 次操作

2023-12-14 00:09:48 开始操作号码 【1893057】
2023-12-14 00:09:52 GSD getOne 第 1 次 等待 3 秒
2023-12-14 00:09:55 查询号码 【1893057】，返回信息 {"status":"ok","msg":"上海-上海","gid":"501204","time_insert":"2021-08-09 22:45"}
2023-12-14 00:09:55 查询号码 【1893057】，GSD为【"上海-上海"】

2023-12-14 00:37:40 开始第 3149 次操作

2023-12-14 00:37:40 开始操作号码 【1893058】
2023-12-14 00:37:46 GSD getOne 第 1 次 等待 3 秒
2023-12-14 00:37:49 查询号码 【1893058】，返回信息 {"status":"ok","msg":"上海-上海","gid":"501206","time_insert":"2021-08-09 22:49"}
2023-12-14 00:37:49 查询号码 【1893058】，GSD为【"上海-上海"】

2023-12-14 00:37:50 开始第 3150 次操作

2023-12-14 00:37:50 开始操作号码 【1893059】
2023-12-14 00:37:54 GSD getOne 第 1 次 等待 3 秒
2023-12-14 00:37:57 查询号码 【1893059】，返回信息 {"status":"ok","msg":"上海-上海","gid":"501212","time_insert":"2021-08-09 23:00"}
2023-12-14 00:37:57 查询号码 【1893059】，GSD为【"上海-上海"】

2023-12-14 00:37:58 开始第 3151 次操作

2023-12-14 00:37:58 开始操作号码 【1893060】
2023-12-14 00:38:06 GSD getOne 第 1 次 等待 3 秒
2023-12-14 00:38:09 查询号码 【1893060】，返回信息 {"status":"ok","msg":"上海-上海","gid":"501215","time_insert":"2021-08-09 23:03"}
2023-12-14 00:38:09 查询号码 【1893060】，GSD为【"上海-上海"】

2023-12-14 00:38:10 开始第 3152 次操作

2023-12-14 00:38:10 开始操作号码 【1893061】
2023-12-14 00:38:17 GSD getOne 第 1 次 等待 3 秒
2023-12-14 00:38:20 查询号码 【1893061】，返回信息 {"status":"ok","msg":"上海-上海","gid":"501221","time_insert":"2021-08-09 23:14"}
2023-12-14 00:38:20 查询号码 【1893061】，GSD为【"上海-上海"】

