2024-06-30 00:10:21 开始第 3981 次操作

2024-06-30 00:10:21 开始操作号码 【1563887】
2024-06-30 00:10:48 GSD getOne 第 1 次 等待 3 秒
2024-06-30 00:10:51 查询号码 【1563887】，返回信息 {"status":"ok","msg":"河南-郑州","gid":"55372","time_insert":"2021-04-29 18:08"}
2024-06-30 00:10:51 查询号码 【1563887】，GSD为【"河南-郑州"】

2024-06-30 00:10:52 开始第 3982 次操作

2024-06-30 00:10:52 开始操作号码 【1563888】
2024-06-30 00:11:07 GSD getOne 第 1 次 等待 3 秒
2024-06-30 00:11:10 查询号码 【1563888】，返回信息 {"status":"ok","msg":"河南-郑州","gid":"330894","time_insert":"2021-07-19 23:39"}
2024-06-30 00:11:10 查询号码 【1563888】，GSD为【"河南-郑州"】

2024-06-30 00:11:11 开始第 3983 次操作

2024-06-30 00:11:11 开始操作号码 【1563889】
2024-06-30 00:11:28 GSD getOne 第 1 次 等待 3 秒
2024-06-30 00:11:31 查询号码 【1563889】，返回信息 {"status":"ok","msg":"河南-郑州","gid":"330962","time_insert":"2021-07-19 23:50"}
2024-06-30 00:11:31 查询号码 【1563889】，GSD为【"河南-郑州"】

2024-06-30 00:11:32 开始第 3984 次操作

2024-06-30 00:11:32 开始操作号码 【1563890】
2024-06-30 00:11:51 GSD getOne 第 1 次 等待 3 秒
2024-06-30 00:11:54 查询号码 【1563890】，返回信息 {"status":"ok","msg":"河南-郑州","gid":"22608","time_insert":"2019-11-15 11:24","time_update":"2020-09-12 02:00"}
2024-06-30 00:11:54 查询号码 【1563890】，GSD为【"河南-郑州"】

2024-06-30 00:36:48 开始第 3985 次操作

2024-06-30 00:36:48 开始操作号码 【1563891】
2024-06-30 00:37:06 GSD getOne 第 1 次 等待 3 秒
2024-06-30 00:37:09 查询号码 【1563891】，返回信息 {"status":"ok","msg":"河南-郑州","gid":"331089","time_insert":"2021-07-20 00:00"}
2024-06-30 00:37:09 查询号码 【1563891】，GSD为【"河南-郑州"】

2024-06-30 00:37:10 开始第 3986 次操作

2024-06-30 00:37:10 开始操作号码 【1563892】
2024-06-30 00:37:27 GSD getOne 第 1 次 等待 3 秒
2024-06-30 00:37:30 查询号码 【1563892】，返回信息 {"status":"ok","msg":"河南-郑州","gid":"331206","time_insert":"2021-07-20 00:09"}
2024-06-30 00:37:30 查询号码 【1563892】，GSD为【"河南-郑州"】

2024-06-30 00:37:31 开始第 3987 次操作

2024-06-30 00:37:31 开始操作号码 【1563893】
2024-06-30 00:37:58 GSD getOne 第 1 次 等待 3 秒
2024-06-30 00:38:01 查询号码 【1563893】，返回信息 {"status":"ok","msg":"河南-郑州","gid":"331281","time_insert":"2021-07-20 00:18"}
2024-06-30 00:38:01 查询号码 【1563893】，GSD为【"河南-郑州"】

2024-06-30 00:38:02 开始第 3988 次操作

2024-06-30 00:38:02 开始操作号码 【1563894】
2024-06-30 00:38:25 GSD getOne 第 1 次 等待 3 秒
2024-06-30 00:38:28 查询号码 【1563894】，返回信息 {"status":"ok","msg":"河南-郑州","gid":"331306","time_insert":"2021-07-20 00:29"}
2024-06-30 00:38:28 查询号码 【1563894】，GSD为【"河南-郑州"】

