2024-10-05 00:24:16 开始第 8001 次操作

2024-10-05 00:24:16 开始操作号码 【1458000】
2024-10-05 00:24:19 GSD getOne 第 1 次 等待 3 秒
2024-10-05 00:24:22 查询号码 【1458000】，返回信息 {"status":"ok","msg":"江苏-苏州","gid":"101014","time_insert":"2021-06-17 07:30"}
2024-10-05 00:24:22 查询号码 【1458000】，GSD为【"江苏-苏州"】

2024-10-05 00:24:23 开始第 8002 次操作

2024-10-05 00:24:23 开始操作号码 【1458001】
2024-10-05 00:24:27 GSD getOne 第 1 次 等待 3 秒
2024-10-05 00:24:30 查询号码 【1458001】，返回信息 {"status":"ok","msg":"江苏-苏州","gid":"101021","time_insert":"2021-06-17 07:34"}
2024-10-05 00:24:30 查询号码 【1458001】，GSD为【"江苏-苏州"】

2024-10-05 00:24:31 开始第 8003 次操作

2024-10-05 00:24:31 开始操作号码 【1458002】
2024-10-05 00:24:33 GSD getOne 第 1 次 等待 3 秒
2024-10-05 00:24:36 查询号码 【1458002】，返回信息 {"status":"ok","msg":"江苏-苏州","gid":"101026","time_insert":"2021-06-17 07:40"}
2024-10-05 00:24:36 查询号码 【1458002】，GSD为【"江苏-苏州"】

2024-10-05 00:24:37 开始第 8004 次操作

2024-10-05 00:24:37 开始操作号码 【1458003】
2024-10-05 00:24:39 GSD getOne 第 1 次 等待 3 秒
2024-10-05 00:24:42 查询号码 【1458003】，返回信息 {"status":"ok","msg":"江苏-苏州","gid":"101032","time_insert":"2021-06-17 07:43"}
2024-10-05 00:24:42 查询号码 【1458003】，GSD为【"江苏-苏州"】

2024-10-05 00:44:55 开始第 8005 次操作

2024-10-05 00:44:55 开始操作号码 【1458004】
2024-10-05 00:44:57 GSD getOne 第 1 次 等待 3 秒
2024-10-05 00:45:00 查询号码 【1458004】，返回信息 {"status":"ok","msg":"江苏-苏州","gid":"101038","time_insert":"2021-06-17 07:48"}
2024-10-05 00:45:00 查询号码 【1458004】，GSD为【"江苏-苏州"】

2024-10-05 00:45:01 开始第 8006 次操作

2024-10-05 00:45:01 开始操作号码 【1458005】
2024-10-05 00:45:03 GSD getOne 第 1 次 等待 3 秒
2024-10-05 00:45:06 查询号码 【1458005】，返回信息 {"status":"ok","msg":"江苏-苏州","gid":"101043","time_insert":"2021-06-17 07:52"}
2024-10-05 00:45:06 查询号码 【1458005】，GSD为【"江苏-苏州"】

2024-10-05 00:45:07 开始第 8007 次操作

2024-10-05 00:45:07 开始操作号码 【1458006】
2024-10-05 00:45:10 GSD getOne 第 1 次 等待 3 秒
2024-10-05 00:45:13 查询号码 【1458006】，返回信息 {"status":"ok","msg":"江苏-苏州","gid":"101046","time_insert":"2021-06-17 07:57"}
2024-10-05 00:45:13 查询号码 【1458006】，GSD为【"江苏-苏州"】

2024-10-05 00:45:14 开始第 8008 次操作

2024-10-05 00:45:14 开始操作号码 【1458007】
2024-10-05 00:45:18 GSD getOne 第 1 次 等待 3 秒
2024-10-05 00:45:21 查询号码 【1458007】，返回信息 {"status":"ok","msg":"江苏-苏州","gid":"101051","time_insert":"2021-06-17 08:03"}
2024-10-05 00:45:21 查询号码 【1458007】，GSD为【"江苏-苏州"】

