2024-08-22 00:22:18 开始第 457 次操作

2024-08-22 00:22:18 开始操作号码 【1450456】
2024-08-22 00:22:26 GSD getOne 第 1 次 等待 3 秒
2024-08-22 00:22:29 查询号码 【1450456】，返回信息 {"status":"ok","msg":"辽宁-大连","gid":"65266","time_insert":"2021-05-23 03:44"}
2024-08-22 00:22:29 查询号码 【1450456】，GSD为【"辽宁-大连"】

2024-08-22 00:22:30 开始第 458 次操作

2024-08-22 00:22:30 开始操作号码 【1450457】
2024-08-22 00:22:38 GSD getOne 第 1 次 等待 3 秒
2024-08-22 00:22:41 查询号码 【1450457】，返回信息 {"status":"ok","msg":"辽宁-大连","gid":"65270","time_insert":"2021-05-23 03:47"}
2024-08-22 00:22:41 查询号码 【1450457】，GSD为【"辽宁-大连"】

2024-08-22 00:22:42 开始第 459 次操作

2024-08-22 00:22:42 开始操作号码 【1450458】
2024-08-22 00:22:50 GSD getOne 第 1 次 等待 3 秒
2024-08-22 00:22:53 查询号码 【1450458】，返回信息 {"status":"ok","msg":"辽宁-大连","gid":"65272","time_insert":"2021-05-23 03:53"}
2024-08-22 00:22:53 查询号码 【1450458】，GSD为【"辽宁-大连"】

2024-08-22 00:22:54 开始第 460 次操作

2024-08-22 00:22:54 开始操作号码 【1450459】
2024-08-22 00:23:01 GSD getOne 第 1 次 等待 3 秒
2024-08-22 00:23:04 查询号码 【1450459】，返回信息 {"status":"ok","msg":"辽宁-大连","gid":"65274","time_insert":"2021-05-23 03:56"}
2024-08-22 00:23:05 查询号码 【1450459】，GSD为【"辽宁-大连"】

2024-08-22 00:42:12 开始第 461 次操作

2024-08-22 00:42:12 开始操作号码 【1450460】
2024-08-22 00:42:22 GSD getOne 第 1 次 等待 3 秒
2024-08-22 00:42:25 查询号码 【1450460】，返回信息 {"status":"ok","msg":"辽宁-大连","gid":"65277","time_insert":"2021-05-23 04:01"}
2024-08-22 00:42:25 查询号码 【1450460】，GSD为【"辽宁-大连"】

2024-08-22 00:42:26 开始第 462 次操作

2024-08-22 00:42:26 开始操作号码 【1450461】
2024-08-22 00:42:34 GSD getOne 第 1 次 等待 3 秒
2024-08-22 00:42:37 查询号码 【1450461】，返回信息 {"status":"ok","msg":"辽宁-大连","gid":"65281","time_insert":"2021-05-23 04:05"}
2024-08-22 00:42:37 查询号码 【1450461】，GSD为【"辽宁-大连"】

2024-08-22 00:42:38 开始第 463 次操作

2024-08-22 00:42:38 开始操作号码 【1450462】
2024-08-22 00:42:46 GSD getOne 第 1 次 等待 3 秒
2024-08-22 00:42:49 查询号码 【1450462】，返回信息 {"status":"ok","msg":"辽宁-大连","gid":"65283","time_insert":"2021-05-23 04:09"}
2024-08-22 00:42:49 查询号码 【1450462】，GSD为【"辽宁-大连"】

2024-08-22 00:42:51 开始第 464 次操作

2024-08-22 00:42:51 开始操作号码 【1450463】
2024-08-22 00:42:59 GSD getOne 第 1 次 等待 3 秒
2024-08-22 00:43:02 查询号码 【1450463】，返回信息 {"status":"ok","msg":"辽宁-大连","gid":"65286","time_insert":"2021-05-23 04:14"}
2024-08-22 00:43:02 查询号码 【1450463】，GSD为【"辽宁-大连"】

2024-08-22 01:15:28 开始第 465 次操作

2024-08-22 01:15:28 开始操作号码 【1450464】
2024-08-22 01:15:36 GSD getOne 第 1 次 等待 3 秒
2024-08-22 01:15:39 查询号码 【1450464】，返回信息 {"status":"ok","msg":"辽宁-大连","gid":"65288","time_insert":"2021-05-23 04:18"}
2024-08-22 01:15:39 查询号码 【1450464】，GSD为【"辽宁-大连"】

2024-08-22 01:15:40 开始第 466 次操作

2024-08-22 01:15:40 开始操作号码 【1450465】
2024-08-22 01:15:48 GSD getOne 第 1 次 等待 3 秒
2024-08-22 01:15:51 查询号码 【1450465】，返回信息 {"status":"ok","msg":"辽宁-大连","gid":"65292","time_insert":"2021-05-23 04:22"}
2024-08-22 01:15:51 查询号码 【1450465】，GSD为【"辽宁-大连"】

2024-08-22 01:15:52 开始第 467 次操作

2024-08-22 01:15:52 开始操作号码 【1450466】
2024-08-22 01:16:00 GSD getOne 第 1 次 等待 3 秒
2024-08-22 01:16:03 查询号码 【1450466】，返回信息 {"status":"ok","msg":"辽宁-大连","gid":"65294","time_insert":"2021-05-23 04:26"}
2024-08-22 01:16:03 查询号码 【1450466】，GSD为【"辽宁-大连"】

2024-08-22 01:16:04 开始第 468 次操作

2024-08-22 01:16:04 开始操作号码 【1450467】
2024-08-22 01:16:12 GSD getOne 第 1 次 等待 3 秒
2024-08-22 01:16:15 查询号码 【1450467】，返回信息 {"status":"ok","msg":"辽宁-大连","gid":"65299","time_insert":"2021-05-23 04:30"}
2024-08-22 01:16:15 查询号码 【1450467】，GSD为【"辽宁-大连"】

