2023-11-01 00:09:51 开始第 6337 次操作

2023-11-01 00:09:51 开始操作号码 【1996246】
2023-11-01 00:09:55 GSD getOne 第 1 次 等待 3 秒
2023-11-01 00:09:58 查询号码 【1996246】，返回信息 {"status":"ok","msg":"江苏-扬州","gid":"518292","time_insert":"2021-08-19 16:23"}
2023-11-01 00:09:58 查询号码 【1996246】，GSD为【"江苏-扬州"】

2023-11-01 00:09:59 开始第 6338 次操作

2023-11-01 00:09:59 开始操作号码 【1996247】
2023-11-01 00:10:05 GSD getOne 第 1 次 等待 3 秒
2023-11-01 00:10:08 查询号码 【1996247】，返回信息 {"status":"ok","msg":"江苏-扬州","gid":"518298","time_insert":"2021-08-19 16:27"}
2023-11-01 00:10:08 查询号码 【1996247】，GSD为【"江苏-扬州"】

2023-11-01 00:10:09 开始第 6339 次操作

2023-11-01 00:10:09 开始操作号码 【1996248】
2023-11-01 00:10:15 GSD getOne 第 1 次 等待 3 秒
2023-11-01 00:10:18 查询号码 【1996248】，返回信息 {"status":"ok","msg":"江苏-扬州","gid":"518306","time_insert":"2021-08-19 16:33"}
2023-11-01 00:10:19 查询号码 【1996248】，GSD为【"江苏-扬州"】

2023-11-01 00:10:20 开始第 6340 次操作

2023-11-01 00:10:20 开始操作号码 【1996249】
2023-11-01 00:10:32 GSD getOne 第 1 次 等待 3 秒
2023-11-01 00:10:35 查询号码 【1996249】，返回信息 {"status":"ok","msg":"江苏-扬州","gid":"518323","time_insert":"2021-08-19 16:46"}
2023-11-01 00:10:35 查询号码 【1996249】，GSD为【"江苏-扬州"】

