2023-11-05 00:08:27 开始第 7069 次操作

2023-11-05 00:08:27 开始操作号码 【1996978】
2023-11-05 00:08:30 GSD getOne 第 1 次 等待 3 秒
2023-11-05 00:08:33 查询号码 【1996978】，返回信息 {"status":"ok","msg":"黑龙江-齐齐哈尔","gid":"519692","time_insert":"2021-08-20 14:34"}
2023-11-05 00:08:33 查询号码 【1996978】，GSD为【"黑龙江-齐齐哈尔"】

2023-11-05 00:08:34 开始第 7070 次操作

2023-11-05 00:08:34 开始操作号码 【1996979】
2023-11-05 00:08:37 GSD getOne 第 1 次 等待 3 秒
2023-11-05 00:08:40 查询号码 【1996979】，返回信息 {"status":"ok","msg":"黑龙江-齐齐哈尔","gid":"519699","time_insert":"2021-08-20 14:42"}
2023-11-05 00:08:40 查询号码 【1996979】，GSD为【"黑龙江-齐齐哈尔"】

2023-11-05 00:08:42 开始第 7071 次操作

2023-11-05 00:08:42 开始操作号码 【1996980】
2023-11-05 00:08:47 GSD getOne 第 1 次 等待 3 秒
2023-11-05 00:08:50 查询号码 【1996980】，返回信息 {"status":"ok","msg":"辽宁-盘锦","gid":"519710","time_insert":"2021-08-20 14:50"}
2023-11-05 00:08:51 查询号码 【1996980】，GSD为【"辽宁-盘锦"】

2023-11-05 00:08:52 开始第 7072 次操作

2023-11-05 00:08:52 开始操作号码 【1996981】
2023-11-05 00:08:55 GSD getOne 第 1 次 等待 3 秒
2023-11-05 00:08:58 查询号码 【1996981】，返回信息 {"status":"ok","msg":"辽宁-盘锦","gid":"519712","time_insert":"2021-08-20 14:52"}
2023-11-05 00:08:58 查询号码 【1996981】，GSD为【"辽宁-盘锦"】

2023-11-05 00:35:16 开始第 7073 次操作

2023-11-05 00:35:16 开始操作号码 【1996982】
2023-11-05 00:35:21 GSD getOne 第 1 次 等待 3 秒
2023-11-05 00:35:24 查询号码 【1996982】，返回信息 {"status":"ok","msg":"辽宁-大连","gid":"519722","time_insert":"2021-08-20 15:01"}
2023-11-05 00:35:24 查询号码 【1996982】，GSD为【"辽宁-大连"】

2023-11-05 00:35:25 开始第 7074 次操作

2023-11-05 00:35:25 开始操作号码 【1996983】
2023-11-05 00:35:28 GSD getOne 第 1 次 等待 3 秒
2023-11-05 00:35:31 查询号码 【1996983】，返回信息 {"status":"ok","msg":"辽宁-大连","gid":"519725","time_insert":"2021-08-20 15:05"}
2023-11-05 00:35:31 查询号码 【1996983】，GSD为【"辽宁-大连"】

2023-11-05 00:35:32 开始第 7075 次操作

2023-11-05 00:35:32 开始操作号码 【1996984】
2023-11-05 00:35:36 GSD getOne 第 1 次 等待 3 秒
2023-11-05 00:35:39 查询号码 【1996984】，返回信息 {"status":"ok","msg":"辽宁-大连","gid":"519732","time_insert":"2021-08-20 15:12"}
2023-11-05 00:35:39 查询号码 【1996984】，GSD为【"辽宁-大连"】

2023-11-05 00:35:40 开始第 7076 次操作

2023-11-05 00:35:40 开始操作号码 【1996985】
2023-11-05 00:35:44 GSD getOne 第 1 次 等待 3 秒
2023-11-05 00:35:47 查询号码 【1996985】，返回信息 {"status":"ok","msg":"辽宁-大连","gid":"519739","time_insert":"2021-08-20 15:19"}
2023-11-05 00:35:47 查询号码 【1996985】，GSD为【"辽宁-大连"】

2023-11-05 01:06:12 开始第 7077 次操作

2023-11-05 01:06:12 开始操作号码 【1996986】
2023-11-05 01:06:17 GSD getOne 第 1 次 等待 3 秒
2023-11-05 01:06:20 查询号码 【1996986】，返回信息 {"status":"ok","msg":"辽宁-锦州","gid":"519741","time_insert":"2021-08-20 15:21"}
2023-11-05 01:06:20 查询号码 【1996986】，GSD为【"辽宁-锦州"】

2023-11-05 01:06:21 开始第 7078 次操作

2023-11-05 01:06:21 开始操作号码 【1996987】
2023-11-05 01:06:26 GSD getOne 第 1 次 等待 3 秒
2023-11-05 01:06:29 查询号码 【1996987】，返回信息 {"status":"ok","msg":"辽宁-大连","gid":"519751","time_insert":"2021-08-20 15:30"}
2023-11-05 01:06:29 查询号码 【1996987】，GSD为【"辽宁-大连"】

2023-11-05 01:06:30 开始第 7079 次操作

2023-11-05 01:06:30 开始操作号码 【1996988】
2023-11-05 01:06:33 GSD getOne 第 1 次 等待 3 秒
2023-11-05 01:06:36 查询号码 【1996988】，返回信息 {"status":"ok","msg":"辽宁-大连","gid":"519754","time_insert":"2021-08-20 15:34"}
2023-11-05 01:06:36 查询号码 【1996988】，GSD为【"辽宁-大连"】

2023-11-05 01:06:37 开始第 7080 次操作

2023-11-05 01:06:37 开始操作号码 【1996989】
2023-11-05 01:06:50 GSD getOne 第 1 次 等待 3 秒
2023-11-05 01:06:53 查询号码 【1996989】，返回信息 {"status":"ok","msg":"辽宁-大连","gid":"519762","time_insert":"2021-08-20 15:41"}
2023-11-05 01:06:53 查询号码 【1996989】，GSD为【"辽宁-大连"】

