2024-05-01 00:11:14 开始第 6625 次操作

2024-05-01 00:11:14 开始操作号码 【1676535】
2024-05-01 00:11:31 GSD getOne 第 1 次 等待 3 秒
2024-05-01 00:11:34 查询号码 【1676535】，返回信息 {"status":"ok","msg":"-","gid":"296601","time_insert":"2021-07-16 20:59"}
2024-05-01 00:11:34 查询号码 【1676535】，GSD为【"-"】
2024-05-01 00:11:34 ok && -
2024-05-01 00:11:37 CHB 1676535?1714493494 第 1 次 等待 3 秒
2024-05-01 00:11:40 CHB 1676535?1714493494 第 1 次 获取到号码【1676535】GSD
2024-05-01 00:11:40 未获取到号码【1676535】GSD，可能号码格式错误
2024-05-01 00:11:40 获取到号码【1676535】的GSD为【-】
2024-05-01 00:11:45 GSD insert 第 1 次 等待 3 秒
2024-05-01 00:11:48 {"status":"bad","gid":"296601","msg":"添加失败！号码【1676535(-|-)】已存在！"}
2024-05-01 00:11:48 随机等待 79 秒，约 1 分钟
2024-05-01 00:11:48 下次操作: 2024-05-01 00:13:07

2024-05-01 00:13:07 开始第 6626 次操作

2024-05-01 00:13:07 开始操作号码 【1676536】
2024-05-01 00:13:15 GSD getOne 第 1 次 等待 3 秒
2024-05-01 00:13:18 查询号码 【1676536】，返回信息 {"status":"ok","msg":"-","gid":"296608","time_insert":"2021-07-16 21:00"}
2024-05-01 00:13:18 查询号码 【1676536】，GSD为【"-"】
2024-05-01 00:13:18 ok && -
2024-05-01 00:13:21 CHB 1676536?1714493598 第 1 次 等待 3 秒
2024-05-01 00:13:24 CHB 1676536?1714493598 第 1 次 获取到号码【1676536】GSD
2024-05-01 00:13:24 未获取到号码【1676536】GSD，可能号码格式错误
2024-05-01 00:13:24 获取到号码【1676536】的GSD为【-】
2024-05-01 00:13:31 GSD insert 第 1 次 等待 3 秒
2024-05-01 00:13:34 {"status":"bad","gid":"296608","msg":"添加失败！号码【1676536(-|-)】已存在！"}
2024-05-01 00:13:34 随机等待 160 秒，约 2 分钟
2024-05-01 00:13:34 下次操作: 2024-05-01 00:16:14

2024-05-01 00:16:14 开始第 6627 次操作

2024-05-01 00:16:14 开始操作号码 【1676537】
2024-05-01 00:16:20 GSD getOne 第 1 次 等待 3 秒
2024-05-01 00:16:23 查询号码 【1676537】，返回信息 {"status":"ok","msg":"-","gid":"296619","time_insert":"2021-07-16 21:01"}
2024-05-01 00:16:23 查询号码 【1676537】，GSD为【"-"】
2024-05-01 00:16:23 ok && -
2024-05-01 00:16:26 CHB 1676537?1714493784 第 1 次 等待 3 秒
2024-05-01 00:16:29 CHB 1676537?1714493784 第 1 次 获取到号码【1676537】GSD
2024-05-01 00:16:29 未获取到号码【1676537】GSD，可能号码格式错误
2024-05-01 00:16:29 获取到号码【1676537】的GSD为【-】
2024-05-01 00:16:35 GSD insert 第 1 次 等待 3 秒
2024-05-01 00:16:38 {"status":"bad","gid":"296619","msg":"添加失败！号码【1676537(-|-)】已存在！"}
2024-05-01 00:16:38 随机等待 181 秒，约 3 分钟
2024-05-01 00:16:38 下次操作: 2024-05-01 00:19:39

2024-05-01 00:19:39 开始第 6628 次操作

2024-05-01 00:19:39 开始操作号码 【1676538】
2024-05-01 00:19:55 GSD getOne 第 1 次 等待 3 秒
2024-05-01 00:19:58 查询号码 【1676538】，返回信息 {"status":"ok","msg":"-","gid":"296630","time_insert":"2021-07-16 21:02"}
2024-05-01 00:19:58 查询号码 【1676538】，GSD为【"-"】
2024-05-01 00:19:58 ok && -
2024-05-01 00:20:05 CHB 1676538?1714493998 第 1 次 等待 3 秒
2024-05-01 00:20:08 CHB 1676538?1714493998 第 1 次 获取到号码【1676538】GSD
2024-05-01 00:20:08 未获取到号码【1676538】GSD，可能号码格式错误
2024-05-01 00:20:08 获取到号码【1676538】的GSD为【-】
2024-05-01 00:20:17 GSD insert 第 1 次 等待 3 秒
2024-05-01 00:20:20 {"status":"bad","gid":"296630","msg":"添加失败！号码【1676538(-|-)】已存在！"}

2024-05-01 00:36:58 开始第 6629 次操作

2024-05-01 00:36:58 开始操作号码 【1676539】
2024-05-01 00:37:05 GSD getOne 第 1 次 等待 3 秒
2024-05-01 00:37:08 查询号码 【1676539】，返回信息 {"status":"ok","msg":"-","gid":"296641","time_insert":"2021-07-16 21:03"}
2024-05-01 00:37:08 查询号码 【1676539】，GSD为【"-"】
2024-05-01 00:37:08 ok && -
2024-05-01 00:37:11 CHB 1676539?1714495028 第 1 次 等待 3 秒
2024-05-01 00:37:14 CHB 1676539?1714495028 第 1 次 获取到号码【1676539】GSD
2024-05-01 00:37:14 未获取到号码【1676539】GSD，可能号码格式错误
2024-05-01 00:37:14 获取到号码【1676539】的GSD为【-】
2024-05-01 00:37:25 GSD insert 第 1 次 等待 3 秒
2024-05-01 00:37:28 {"status":"bad","gid":"296641","msg":"添加失败！号码【1676539(-|-)】已存在！"}
2024-05-01 00:37:28 随机等待 112 秒，约 1 分钟
2024-05-01 00:37:28 下次操作: 2024-05-01 00:39:20

2024-05-01 00:39:20 开始第 6630 次操作

2024-05-01 00:39:20 开始操作号码 【1676540】
2024-05-01 00:39:26 GSD getOne 第 1 次 等待 3 秒
2024-05-01 00:39:29 查询号码 【1676540】，返回信息 {"status":"ok","msg":"-","gid":"296650","time_insert":"2021-07-16 21:03"}
2024-05-01 00:39:29 查询号码 【1676540】，GSD为【"-"】
2024-05-01 00:39:29 ok && -
2024-05-01 00:39:32 CHB 1676540?1714495169 第 1 次 等待 3 秒
2024-05-01 00:39:35 CHB 1676540?1714495169 第 1 次 获取到号码【1676540】GSD
2024-05-01 00:39:35 未获取到号码【1676540】GSD，可能号码格式错误
2024-05-01 00:39:35 获取到号码【1676540】的GSD为【-】
2024-05-01 00:39:40 GSD insert 第 1 次 等待 3 秒
2024-05-01 00:39:43 {"status":"bad","gid":"296650","msg":"添加失败！号码【1676540(-|-)】已存在！"}
2024-05-01 00:39:43 随机等待 188 秒，约 3 分钟
2024-05-01 00:39:43 下次操作: 2024-05-01 00:42:51

2024-05-01 00:42:51 开始第 6631 次操作

2024-05-01 00:42:51 开始操作号码 【1676541】
2024-05-01 00:43:03 GSD getOne 第 1 次 等待 3 秒
2024-05-01 00:43:06 查询号码 【1676541】，返回信息 {"status":"ok","msg":"-","gid":"296663","time_insert":"2021-07-16 21:04"}
2024-05-01 00:43:06 查询号码 【1676541】，GSD为【"-"】
2024-05-01 00:43:06 ok && -
2024-05-01 00:43:09 CHB 1676541?1714495386 第 1 次 等待 3 秒
2024-05-01 00:43:12 CHB 1676541?1714495386 第 1 次 获取到号码【1676541】GSD
2024-05-01 00:43:12 未获取到号码【1676541】GSD，可能号码格式错误
2024-05-01 00:43:12 获取到号码【1676541】的GSD为【-】
2024-05-01 00:43:20 GSD insert 第 1 次 等待 3 秒
2024-05-01 00:43:23 {"status":"bad","gid":"296663","msg":"添加失败！号码【1676541(-|-)】已存在！"}
2024-05-01 00:43:23 随机等待 139 秒，约 2 分钟
2024-05-01 00:43:23 下次操作: 2024-05-01 00:45:42

2024-05-01 00:45:42 开始第 6632 次操作

2024-05-01 00:45:42 开始操作号码 【1676542】
2024-05-01 00:45:50 GSD getOne 第 1 次 等待 3 秒
2024-05-01 00:45:53 查询号码 【1676542】，返回信息 {"status":"ok","msg":"-","gid":"296674","time_insert":"2021-07-16 21:05"}
2024-05-01 00:45:53 查询号码 【1676542】，GSD为【"-"】
2024-05-01 00:45:53 ok && -
2024-05-01 00:45:56 CHB 1676542?1714495553 第 1 次 等待 3 秒
2024-05-01 00:45:59 CHB 1676542?1714495553 第 1 次 获取到号码【1676542】GSD
2024-05-01 00:45:59 未获取到号码【1676542】GSD，可能号码格式错误
2024-05-01 00:45:59 获取到号码【1676542】的GSD为【-】
2024-05-01 00:46:07 GSD insert 第 1 次 等待 3 秒
2024-05-01 00:46:10 {"status":"bad","gid":"296674","msg":"添加失败！号码【1676542(-|-)】已存在！"}

