2023-10-18 00:09:52 开始第 3761 次操作

2023-10-18 00:09:52 开始操作号码 【1993670】
2023-10-18 00:09:55 GSD getOne 第 1 次 等待 3 秒
2023-10-18 00:09:58 查询号码 【1993670】，返回信息 {"status":"ok","msg":"湖南-常德","gid":"511309","time_insert":"2021-08-15 14:47"}
2023-10-18 00:09:58 查询号码 【1993670】，GSD为【"湖南-常德"】

2023-10-18 00:09:59 开始第 3762 次操作

2023-10-18 00:09:59 开始操作号码 【1993671】
2023-10-18 00:10:02 GSD getOne 第 1 次 等待 3 秒
2023-10-18 00:10:05 查询号码 【1993671】，返回信息 {"status":"ok","msg":"湖南-常德","gid":"511310","time_insert":"2021-08-15 14:48"}
2023-10-18 00:10:05 查询号码 【1993671】，GSD为【"湖南-常德"】

2023-10-18 00:10:06 开始第 3763 次操作

2023-10-18 00:10:06 开始操作号码 【1993672】
2023-10-18 00:10:11 GSD getOne 第 1 次 等待 3 秒
2023-10-18 00:10:14 查询号码 【1993672】，返回信息 {"status":"ok","msg":"湖南-常德","gid":"511322","time_insert":"2021-08-15 14:57"}
2023-10-18 00:10:14 查询号码 【1993672】，GSD为【"湖南-常德"】

2023-10-18 00:10:15 开始第 3764 次操作

2023-10-18 00:10:15 开始操作号码 【1993673】
2023-10-18 00:10:18 GSD getOne 第 1 次 等待 3 秒
2023-10-18 00:10:21 查询号码 【1993673】，返回信息 {"status":"ok","msg":"湖南-常德","gid":"511326","time_insert":"2021-08-15 14:59"}
2023-10-18 00:10:21 查询号码 【1993673】，GSD为【"湖南-常德"】

