2024-01-30 00:09:07 开始第 885 次操作

2024-01-30 00:09:07 开始操作号码 【1780794】
2024-01-30 00:09:11 GSD getOne 第 1 次 等待 3 秒
2024-01-30 00:09:14 查询号码 【1780794】，返回信息 {"status":"ok","msg":"江西-抚州","gid":"316479","time_insert":"2021-07-18 16:19"}
2024-01-30 00:09:14 查询号码 【1780794】，GSD为【"江西-抚州"】

2024-01-30 00:09:15 开始第 886 次操作

2024-01-30 00:09:15 开始操作号码 【1780795】
2024-01-30 00:09:18 GSD getOne 第 1 次 等待 3 秒
2024-01-30 00:09:21 查询号码 【1780795】，返回信息 {"status":"ok","msg":"江西-宜春","gid":"316507","time_insert":"2021-07-18 16:30"}
2024-01-30 00:09:21 查询号码 【1780795】，GSD为【"江西-宜春"】

2024-01-30 00:09:23 开始第 887 次操作

2024-01-30 00:09:23 开始操作号码 【1780796】
2024-01-30 00:09:27 GSD getOne 第 1 次 等待 3 秒
2024-01-30 00:09:30 查询号码 【1780796】，返回信息 {"status":"ok","msg":"江西-吉安","gid":"316549","time_insert":"2021-07-18 16:40"}
2024-01-30 00:09:30 查询号码 【1780796】，GSD为【"江西-吉安"】

2024-01-30 00:09:31 开始第 888 次操作

2024-01-30 00:09:31 开始操作号码 【1780797】
2024-01-30 00:09:34 GSD getOne 第 1 次 等待 3 秒
2024-01-30 00:09:37 查询号码 【1780797】，返回信息 {"status":"ok","msg":"江西-赣州","gid":"316779","time_insert":"2021-07-18 16:54"}
2024-01-30 00:09:37 查询号码 【1780797】，GSD为【"江西-赣州"】

