2024-04-13 00:09:25 开始第 3477 次操作

2024-04-13 00:09:25 开始操作号码 【1673387】
2024-04-13 00:09:32 GSD getOne 第 1 次 等待 3 秒
2024-04-13 00:09:35 查询号码 【1673387】，返回信息 {"status":"ok","msg":"山东-临沂","gid":"256919","time_insert":"2021-07-12 13:54"}
2024-04-13 00:09:35 查询号码 【1673387】，GSD为【"山东-临沂"】

2024-04-13 00:09:36 开始第 3478 次操作

2024-04-13 00:09:36 开始操作号码 【1673388】
2024-04-13 00:09:41 GSD getOne 第 1 次 等待 3 秒
2024-04-13 00:09:44 查询号码 【1673388】，返回信息 {"status":"ok","msg":"山东-临沂","gid":"256927","time_insert":"2021-07-12 13:56"}
2024-04-13 00:09:44 查询号码 【1673388】，GSD为【"山东-临沂"】

2024-04-13 00:09:45 开始第 3479 次操作

2024-04-13 00:09:45 开始操作号码 【1673389】
2024-04-13 00:09:50 GSD getOne 第 1 次 等待 3 秒
2024-04-13 00:09:53 查询号码 【1673389】，返回信息 {"status":"ok","msg":"山东-临沂","gid":"256933","time_insert":"2021-07-12 13:56"}
2024-04-13 00:09:53 查询号码 【1673389】，GSD为【"山东-临沂"】

2024-04-13 00:09:54 开始第 3480 次操作

2024-04-13 00:09:54 开始操作号码 【1673390】
2024-04-13 00:09:59 GSD getOne 第 1 次 等待 3 秒
2024-04-13 00:10:02 查询号码 【1673390】，返回信息 {"status":"ok","msg":"河南-周口","gid":"256938","time_insert":"2021-07-12 13:57"}
2024-04-13 00:10:02 查询号码 【1673390】，GSD为【"河南-周口"】

