2023-10-16 00:08:28 开始第 3405 次操作

2023-10-16 00:08:28 开始操作号码 【1993370】
2023-10-16 00:08:37 GSD getOne 第 1 次 等待 3 秒
2023-10-16 00:08:40 查询号码 【1993370】，返回信息 
2023-10-16 00:08:40 查询失败，3 秒后重新查询
2023-10-16 00:08:43 查询号码 【1993370】，返回信息 
2023-10-16 00:08:43 查询失败，结束本次操作，期待下次成功~
2023-10-16 00:08:43 随机等待 155 秒，约 2 分钟
2023-10-16 00:08:43 下次操作: 2023-10-16 00:11:18

2023-10-16 00:11:18 开始第 3406 次操作

2023-10-16 00:11:18 开始操作号码 【1993370】
2023-10-16 00:11:21 GSD getOne 第 1 次 等待 3 秒
2023-10-16 00:11:24 查询号码 【1993370】，返回信息 
2023-10-16 00:11:24 查询失败，3 秒后重新查询
2023-10-16 00:11:27 查询号码 【1993370】，返回信息 
2023-10-16 00:11:27 查询失败，结束本次操作，期待下次成功~
2023-10-16 00:11:27 随机等待 217 秒，约 3 分钟
2023-10-16 00:11:27 下次操作: 2023-10-16 00:15:04

2023-10-16 00:15:04 开始第 3407 次操作

2023-10-16 00:15:04 开始操作号码 【1993370】
2023-10-16 00:15:07 GSD getOne 第 1 次 等待 3 秒
2023-10-16 00:15:10 查询号码 【1993370】，返回信息 
2023-10-16 00:15:10 查询失败，3 秒后重新查询
2023-10-16 00:15:13 查询号码 【1993370】，返回信息 
2023-10-16 00:15:13 查询失败，结束本次操作，期待下次成功~
2023-10-16 00:15:13 随机等待 83 秒，约 1 分钟
2023-10-16 00:15:13 下次操作: 2023-10-16 00:16:36

2023-10-16 00:16:36 开始第 3408 次操作

2023-10-16 00:16:36 开始操作号码 【1993370】
2023-10-16 00:20:53 GSD getOne 第 1 次 等待 3 秒
2023-10-16 00:23:15 GSD getOne 第 2 次 等待 3 秒
2023-10-16 00:23:18 查询号码 【1993370】，返回信息 
2023-10-16 00:23:18 查询失败，3 秒后重新查询
2023-10-16 00:23:21 查询号码 【1993370】，返回信息 
2023-10-16 00:23:21 查询失败，结束本次操作，期待下次成功~

