2023-11-30 00:10:35 开始第 573 次操作

2023-11-30 00:10:35 开始操作号码 【1890482】
2023-11-30 00:10:38 GSD getOne 第 1 次 等待 3 秒
2023-11-30 00:10:41 查询号码 【1890482】，返回信息 {"status":"ok","msg":"内蒙古-兴安盟","gid":"403740","time_insert":"2021-07-26 17:42"}
2023-11-30 00:10:41 查询号码 【1890482】，GSD为【"内蒙古-兴安盟"】

2023-11-30 00:10:42 开始第 574 次操作

2023-11-30 00:10:42 开始操作号码 【1890483】
2023-11-30 00:10:48 GSD getOne 第 1 次 等待 3 秒
2023-11-30 00:10:51 查询号码 【1890483】，返回信息 {"status":"ok","msg":"内蒙古-阿拉善","gid":"403759","time_insert":"2021-07-26 17:54"}
2023-11-30 00:10:52 查询号码 【1890483】，GSD为【"内蒙古-阿拉善"】

2023-11-30 00:10:53 开始第 575 次操作

2023-11-30 00:10:53 开始操作号码 【1890484】
2023-11-30 00:10:56 GSD getOne 第 1 次 等待 3 秒
2023-11-30 00:10:59 查询号码 【1890484】，返回信息 {"status":"ok","msg":"黑龙江-牡丹江","gid":"403798","time_insert":"2021-07-26 18:04"}
2023-11-30 00:10:59 查询号码 【1890484】，GSD为【"黑龙江-牡丹江"】

2023-11-30 00:11:00 开始第 576 次操作

2023-11-30 00:11:00 开始操作号码 【1890485】
2023-11-30 00:11:04 GSD getOne 第 1 次 等待 3 秒
2023-11-30 00:11:07 查询号码 【1890485】，返回信息 {"status":"ok","msg":"黑龙江-绥化","gid":"403964","time_insert":"2021-07-26 18:15"}
2023-11-30 00:11:07 查询号码 【1890485】，GSD为【"黑龙江-绥化"】

