2023-09-26 09:20:25 开始第 1 次操作

2023-09-26 09:20:25 开始操作号码 【1990000】
2023-09-26 09:20:27 GSD getOne 第 1 次 等待 3 秒
2023-09-26 09:20:30 查询号码 【1990000】，返回信息 {"status":"ok","msg":"-","gid":"430917","time_insert":"2021-07-29 06:45"}
2023-09-26 09:20:30 查询号码 【1990000】，GSD为【"-"】
2023-09-26 09:20:30 ok && -
2023-09-26 09:20:33 CHB 1990000?1695691230 第 1 次 等待 3 秒
2023-09-26 09:20:36 CHB 1990000?1695691230 第 1 次 获取到号码【1990000】GSD
2023-09-26 09:20:36 未获取到号码【1990000】GSD，可能号码格式错误
2023-09-26 09:20:36 获取到号码【1990000】的GSD为【-】
2023-09-26 09:20:39 GSD insert 第 1 次 等待 3 秒
2023-09-26 09:20:42 {"status":"bad","gid":"430917","msg":"添加失败！号码【1990000(-|-)】已存在！"}
2023-09-26 09:20:42 随机等待 164 秒，约 2 分钟
2023-09-26 09:20:42 下次操作: 2023-09-26 09:23:26

2023-09-26 09:23:26 开始第 2 次操作

2023-09-26 09:23:26 开始操作号码 【1990001】
2023-09-26 09:23:28 GSD getOne 第 1 次 等待 3 秒
2023-09-26 09:23:31 查询号码 【1990001】，返回信息 {"status":"ok","msg":"-","gid":"431059","time_insert":"2021-07-29 06:55"}
2023-09-26 09:23:31 查询号码 【1990001】，GSD为【"-"】
2023-09-26 09:23:31 ok && -
2023-09-26 09:23:33 CHB 1990001?1695691411 第 1 次 等待 3 秒
2023-09-26 09:23:36 CHB 1990001?1695691411 第 1 次 获取到号码【1990001】GSD
2023-09-26 09:23:36 未获取到号码【1990001】GSD，可能号码格式错误
2023-09-26 09:23:36 获取到号码【1990001】的GSD为【-】
2023-09-26 09:23:38 GSD insert 第 1 次 等待 3 秒
2023-09-26 09:23:41 {"status":"bad","gid":"431059","msg":"添加失败！号码【1990001(-|-)】已存在！"}
2023-09-26 09:23:41 随机等待 71 秒，约 1 分钟
2023-09-26 09:23:41 下次操作: 2023-09-26 09:24:52

2023-09-26 09:24:52 开始第 3 次操作

2023-09-26 09:24:52 开始操作号码 【1990002】
2023-09-26 09:24:54 GSD getOne 第 1 次 等待 3 秒
2023-09-26 09:24:57 查询号码 【1990002】，返回信息 {"status":"ok","msg":"-","gid":"431153","time_insert":"2021-07-29 07:05"}
2023-09-26 09:24:57 查询号码 【1990002】，GSD为【"-"】
2023-09-26 09:24:57 ok && -
2023-09-26 09:24:59 CHB 1990002?1695691497 第 1 次 等待 3 秒
2023-09-26 09:25:02 CHB 1990002?1695691497 第 1 次 获取到号码【1990002】GSD
2023-09-26 09:25:02 未获取到号码【1990002】GSD，可能号码格式错误
2023-09-26 09:25:02 获取到号码【1990002】的GSD为【-】
2023-09-26 09:25:05 GSD insert 第 1 次 等待 3 秒
2023-09-26 09:25:08 {"status":"bad","gid":"431153","msg":"添加失败！号码【1990002(-|-)】已存在！"}
2023-09-26 09:25:08 随机等待 181 秒，约 3 分钟
2023-09-26 09:25:08 下次操作: 2023-09-26 09:28:09

2023-09-26 09:28:09 开始第 4 次操作

2023-09-26 09:28:09 开始操作号码 【1990003】
2023-09-26 09:28:11 GSD getOne 第 1 次 等待 3 秒
2023-09-26 09:28:14 查询号码 【1990003】，返回信息 {"status":"ok","msg":"-","gid":"431201","time_insert":"2021-07-29 07:15"}
2023-09-26 09:28:14 查询号码 【1990003】，GSD为【"-"】
2023-09-26 09:28:14 ok && -
2023-09-26 09:28:16 CHB 1990003?1695691694 第 1 次 等待 3 秒
2023-09-26 09:28:19 CHB 1990003?1695691694 第 1 次 获取到号码【1990003】GSD
2023-09-26 09:28:19 未获取到号码【1990003】GSD，可能号码格式错误
2023-09-26 09:28:19 获取到号码【1990003】的GSD为【-】
2023-09-26 09:28:21 GSD insert 第 1 次 等待 3 秒
2023-09-26 09:28:24 {"status":"bad","gid":"431201","msg":"添加失败！号码【1990003(-|-)】已存在！"}

2023-09-26 10:01:27 开始第 5 次操作

2023-09-26 10:01:27 开始操作号码 【1990004】
2023-09-26 10:01:31 GSD getOne 第 1 次 等待 3 秒
2023-09-26 10:01:34 查询号码 【1990004】，返回信息 {"status":"ok","msg":"-","gid":"431213","time_insert":"2021-07-29 07:25"}
2023-09-26 10:01:34 查询号码 【1990004】，GSD为【"-"】
2023-09-26 10:01:34 ok && -
2023-09-26 10:01:37 CHB 1990004?1695693694 第 1 次 等待 3 秒
2023-09-26 10:01:40 CHB 1990004?1695693694 第 1 次 获取到号码【1990004】GSD
2023-09-26 10:01:40 未获取到号码【1990004】GSD，可能号码格式错误
2023-09-26 10:01:40 获取到号码【1990004】的GSD为【-】
2023-09-26 10:01:41 GSD insert 第 1 次 等待 3 秒
2023-09-26 10:01:44 {"status":"bad","gid":"431213","msg":"添加失败！号码【1990004(-|-)】已存在！"}
2023-09-26 10:01:44 随机等待 126 秒，约 2 分钟
2023-09-26 10:01:44 下次操作: 2023-09-26 10:03:50

2023-09-26 10:03:50 开始第 6 次操作

2023-09-26 10:03:50 开始操作号码 【1990005】
2023-09-26 10:03:52 GSD getOne 第 1 次 等待 3 秒
2023-09-26 10:03:55 查询号码 【1990005】，返回信息 {"status":"ok","msg":"-","gid":"431232","time_insert":"2021-07-29 07:35"}
2023-09-26 10:03:55 查询号码 【1990005】，GSD为【"-"】
2023-09-26 10:03:55 ok && -
2023-09-26 10:03:57 CHB 1990005?1695693835 第 1 次 等待 3 秒
2023-09-26 10:04:00 CHB 1990005?1695693835 第 1 次 获取到号码【1990005】GSD
2023-09-26 10:04:00 未获取到号码【1990005】GSD，可能号码格式错误
2023-09-26 10:04:00 获取到号码【1990005】的GSD为【-】
2023-09-26 10:04:11 GSD insert 第 1 次 等待 3 秒
2023-09-26 10:04:14 {"status":"bad","gid":"431232","msg":"添加失败！号码【1990005(-|-)】已存在！"}
2023-09-26 10:04:14 随机等待 204 秒，约 3 分钟
2023-09-26 10:04:14 下次操作: 2023-09-26 10:07:38

2023-09-26 10:07:38 开始第 7 次操作

2023-09-26 10:07:38 开始操作号码 【1990006】
2023-09-26 10:07:49 GSD getOne 第 1 次 等待 3 秒
2023-09-26 10:07:52 查询号码 【1990006】，返回信息 {"status":"ok","msg":"-","gid":"431315","time_insert":"2021-07-29 07:44"}
2023-09-26 10:07:52 查询号码 【1990006】，GSD为【"-"】
2023-09-26 10:07:52 ok && -
2023-09-26 10:07:55 CHB 1990006?1695694072 第 1 次 等待 3 秒
2023-09-26 10:07:58 CHB 1990006?1695694072 第 1 次 获取到号码【1990006】GSD
2023-09-26 10:07:58 未获取到号码【1990006】GSD，可能号码格式错误
2023-09-26 10:07:58 获取到号码【1990006】的GSD为【-】
2023-09-26 10:08:00 GSD insert 第 1 次 等待 3 秒
2023-09-26 10:08:03 {"status":"bad","gid":"431315","msg":"添加失败！号码【1990006(-|-)】已存在！"}
2023-09-26 10:08:03 随机等待 105 秒，约 1 分钟
2023-09-26 10:08:03 下次操作: 2023-09-26 10:09:48

2023-09-26 10:09:48 开始第 8 次操作

2023-09-26 10:09:48 开始操作号码 【1990007】
2023-09-26 10:09:49 GSD getOne 第 1 次 等待 3 秒
2023-09-26 10:09:52 查询号码 【1990007】，返回信息 {"status":"ok","msg":"-","gid":"431459","time_insert":"2021-07-29 07:52"}
2023-09-26 10:09:52 查询号码 【1990007】，GSD为【"-"】
2023-09-26 10:09:52 ok && -
2023-09-26 10:09:54 CHB 1990007?1695694192 第 1 次 等待 3 秒
2023-09-26 10:09:57 CHB 1990007?1695694192 第 1 次 获取到号码【1990007】GSD
2023-09-26 10:09:58 未获取到号码【1990007】GSD，可能号码格式错误
2023-09-26 10:09:58 获取到号码【1990007】的GSD为【-】
2023-09-26 10:10:00 GSD insert 第 1 次 等待 3 秒
2023-09-26 10:10:03 {"status":"bad","gid":"431459","msg":"添加失败！号码【1990007(-|-)】已存在！"}

2023-09-26 10:34:03 开始第 9 次操作

2023-09-26 10:34:03 开始操作号码 【1990008】
2023-09-26 10:34:08 GSD getOne 第 1 次 等待 3 秒
2023-09-26 10:34:11 查询号码 【1990008】，返回信息 {"status":"ok","msg":"-","gid":"431603","time_insert":"2021-07-29 08:01"}
2023-09-26 10:34:11 查询号码 【1990008】，GSD为【"-"】
2023-09-26 10:34:11 ok && -
2023-09-26 10:34:14 CHB 1990008?1695695651 第 1 次 等待 3 秒
2023-09-26 10:34:17 CHB 1990008?1695695651 第 1 次 获取到号码【1990008】GSD
2023-09-26 10:34:17 未获取到号码【1990008】GSD，可能号码格式错误
2023-09-26 10:34:17 获取到号码【1990008】的GSD为【-】
2023-09-26 10:34:19 GSD insert 第 1 次 等待 3 秒
2023-09-26 10:34:22 {"status":"bad","gid":"431603","msg":"添加失败！号码【1990008(-|-)】已存在！"}
2023-09-26 10:34:22 随机等待 225 秒，约 3 分钟
2023-09-26 10:34:22 下次操作: 2023-09-26 10:38:07

2023-09-26 10:38:07 开始第 10 次操作

2023-09-26 10:38:07 开始操作号码 【1990009】
2023-09-26 10:38:08 GSD getOne 第 1 次 等待 3 秒
2023-09-26 10:38:11 查询号码 【1990009】，返回信息 {"status":"ok","msg":"-","gid":"431663","time_insert":"2021-07-29 08:12"}
2023-09-26 10:38:11 查询号码 【1990009】，GSD为【"-"】
2023-09-26 10:38:11 ok && -
2023-09-26 10:38:14 CHB 1990009?1695695891 第 1 次 等待 3 秒
2023-09-26 10:38:17 CHB 1990009?1695695891 第 1 次 获取到号码【1990009】GSD
2023-09-26 10:38:17 未获取到号码【1990009】GSD，可能号码格式错误
2023-09-26 10:38:17 获取到号码【1990009】的GSD为【-】
2023-09-26 10:38:19 GSD insert 第 1 次 等待 3 秒
2023-09-26 10:38:22 {"status":"bad","gid":"431663","msg":"添加失败！号码【1990009(-|-)】已存在！"}
2023-09-26 10:38:22 随机等待 151 秒，约 2 分钟
2023-09-26 10:38:22 下次操作: 2023-09-26 10:40:53

2023-09-26 10:40:53 开始第 11 次操作

2023-09-26 10:40:53 开始操作号码 【1990010】
2023-09-26 10:40:54 GSD getOne 第 1 次 等待 3 秒
2023-09-26 10:40:57 查询号码 【1990010】，返回信息 {"status":"ok","msg":"-","gid":"431684","time_insert":"2021-07-29 08:21"}
2023-09-26 10:40:57 查询号码 【1990010】，GSD为【"-"】
2023-09-26 10:40:57 ok && -
2023-09-26 10:40:59 CHB 1990010?1695696057 第 1 次 等待 3 秒
2023-09-26 10:41:02 CHB 1990010?1695696057 第 1 次 获取到号码【1990010】GSD
2023-09-26 10:41:02 未获取到号码【1990010】GSD，可能号码格式错误
2023-09-26 10:41:02 获取到号码【1990010】的GSD为【-】
2023-09-26 10:41:04 GSD insert 第 1 次 等待 3 秒
2023-09-26 10:41:07 {"status":"bad","gid":"431684","msg":"添加失败！号码【1990010(-|-)】已存在！"}
2023-09-26 10:41:07 随机等待 138 秒，约 2 分钟
2023-09-26 10:41:07 下次操作: 2023-09-26 10:43:25

2023-09-26 10:43:25 开始第 12 次操作

2023-09-26 10:43:25 开始操作号码 【1990011】
2023-09-26 10:43:27 GSD getOne 第 1 次 等待 3 秒
2023-09-26 10:43:30 查询号码 【1990011】，返回信息 {"status":"ok","msg":"北京-北京","gid":"431698","time_insert":"2021-07-29 08:31"}
2023-09-26 10:43:30 查询号码 【1990011】，GSD为【"北京-北京"】

2023-09-26 11:08:17 开始第 13 次操作

2023-09-26 11:08:17 开始操作号码 【1990012】
2023-09-26 11:08:19 GSD getOne 第 1 次 等待 3 秒
2023-09-26 11:08:22 查询号码 【1990012】，返回信息 {"status":"ok","msg":"-","gid":"431709","time_insert":"2021-07-29 08:40"}
2023-09-26 11:08:22 查询号码 【1990012】，GSD为【"-"】
2023-09-26 11:08:22 ok && -
2023-09-26 11:08:24 CHB 1990012?1695697702 第 1 次 等待 3 秒
2023-09-26 11:08:27 CHB 1990012?1695697702 第 1 次 获取到号码【1990012】GSD
2023-09-26 11:08:27 未获取到号码【1990012】GSD，可能号码格式错误
2023-09-26 11:08:27 获取到号码【1990012】的GSD为【-】
2023-09-26 11:08:29 GSD insert 第 1 次 等待 3 秒
2023-09-26 11:08:32 {"status":"bad","gid":"431709","msg":"添加失败！号码【1990012(-|-)】已存在！"}
2023-09-26 11:08:32 随机等待 107 秒，约 1 分钟
2023-09-26 11:08:32 下次操作: 2023-09-26 11:10:19

2023-09-26 11:10:19 开始第 14 次操作

2023-09-26 11:10:19 开始操作号码 【1990013】
2023-09-26 11:10:21 GSD getOne 第 1 次 等待 3 秒
2023-09-26 11:10:24 查询号码 【1990013】，返回信息 {"status":"ok","msg":"-","gid":"431719","time_insert":"2021-07-29 08:49"}
2023-09-26 11:10:24 查询号码 【1990013】，GSD为【"-"】
2023-09-26 11:10:24 ok && -
2023-09-26 11:10:26 CHB 1990013?1695697824 第 1 次 等待 3 秒
2023-09-26 11:10:29 CHB 1990013?1695697824 第 1 次 获取到号码【1990013】GSD
2023-09-26 11:10:29 未获取到号码【1990013】GSD，可能号码格式错误
2023-09-26 11:10:29 获取到号码【1990013】的GSD为【-】
2023-09-26 11:10:30 GSD insert 第 1 次 等待 3 秒
2023-09-26 11:10:33 {"status":"bad","gid":"431719","msg":"添加失败！号码【1990013(-|-)】已存在！"}
2023-09-26 11:10:33 随机等待 100 秒，约 1 分钟
2023-09-26 11:10:33 下次操作: 2023-09-26 11:12:13

2023-09-26 11:12:13 开始第 15 次操作

2023-09-26 11:12:13 开始操作号码 【1990014】
2023-09-26 11:12:15 GSD getOne 第 1 次 等待 3 秒
2023-09-26 11:12:18 查询号码 【1990014】，返回信息 {"status":"ok","msg":"-","gid":"431731","time_insert":"2021-07-29 08:59"}
2023-09-26 11:12:18 查询号码 【1990014】，GSD为【"-"】
2023-09-26 11:12:18 ok && -
2023-09-26 11:12:19 CHB 1990014?1695697938 第 1 次 等待 3 秒
2023-09-26 11:12:22 CHB 1990014?1695697938 第 1 次 获取到号码【1990014】GSD
2023-09-26 11:12:22 未获取到号码【1990014】GSD，可能号码格式错误
2023-09-26 11:12:22 获取到号码【1990014】的GSD为【-】
2023-09-26 11:12:24 GSD insert 第 1 次 等待 3 秒
2023-09-26 11:12:27 {"status":"bad","gid":"431731","msg":"添加失败！号码【1990014(-|-)】已存在！"}
2023-09-26 11:12:27 随机等待 185 秒，约 3 分钟
2023-09-26 11:12:27 下次操作: 2023-09-26 11:15:32

2023-09-26 11:15:32 开始第 16 次操作

2023-09-26 11:15:32 开始操作号码 【1990015】
2023-09-26 11:15:43 GSD getOne 第 1 次 等待 3 秒
2023-09-26 11:15:46 查询号码 【1990015】，返回信息 {"status":"ok","msg":"-","gid":"431748","time_insert":"2021-07-29 09:09"}
2023-09-26 11:15:46 查询号码 【1990015】，GSD为【"-"】
2023-09-26 11:15:46 ok && -
2023-09-26 11:15:48 CHB 1990015?1695698146 第 1 次 等待 3 秒
2023-09-26 11:15:51 CHB 1990015?1695698146 第 1 次 获取到号码【1990015】GSD
2023-09-26 11:15:51 未获取到号码【1990015】GSD，可能号码格式错误
2023-09-26 11:15:51 获取到号码【1990015】的GSD为【-】
2023-09-26 11:15:52 GSD insert 第 1 次 等待 3 秒
2023-09-26 11:15:55 {"status":"bad","gid":"431748","msg":"添加失败！号码【1990015(-|-)】已存在！"}

2023-09-26 11:32:47 开始第 17 次操作

2023-09-26 11:32:47 开始操作号码 【1990016】
2023-09-26 11:32:49 GSD getOne 第 1 次 等待 3 秒
2023-09-26 11:32:52 查询号码 【1990016】，返回信息 {"status":"ok","msg":"-","gid":"431757","time_insert":"2021-07-29 09:18"}
2023-09-26 11:32:52 查询号码 【1990016】，GSD为【"-"】
2023-09-26 11:32:52 ok && -
2023-09-26 11:32:55 CHB 1990016?1695699172 第 1 次 等待 3 秒
2023-09-26 11:32:58 CHB 1990016?1695699172 第 1 次 获取到号码【1990016】GSD
2023-09-26 11:32:58 未获取到号码【1990016】GSD，可能号码格式错误
2023-09-26 11:32:58 获取到号码【1990016】的GSD为【-】
2023-09-26 11:33:00 GSD insert 第 1 次 等待 3 秒
2023-09-26 11:33:03 {"status":"bad","gid":"431757","msg":"添加失败！号码【1990016(-|-)】已存在！"}
2023-09-26 11:33:03 随机等待 156 秒，约 2 分钟
2023-09-26 11:33:03 下次操作: 2023-09-26 11:35:39

2023-09-26 11:35:39 开始第 18 次操作

2023-09-26 11:35:39 开始操作号码 【1990017】
2023-09-26 11:35:41 GSD getOne 第 1 次 等待 3 秒
2023-09-26 11:35:44 查询号码 【1990017】，返回信息 {"status":"ok","msg":"-","gid":"431768","time_insert":"2021-07-29 09:27"}
2023-09-26 11:35:44 查询号码 【1990017】，GSD为【"-"】
2023-09-26 11:35:44 ok && -
2023-09-26 11:35:46 CHB 1990017?1695699344 第 1 次 等待 3 秒
2023-09-26 11:35:49 CHB 1990017?1695699344 第 1 次 获取到号码【1990017】GSD
2023-09-26 11:35:49 未获取到号码【1990017】GSD，可能号码格式错误
2023-09-26 11:35:49 获取到号码【1990017】的GSD为【-】
2023-09-26 11:35:51 GSD insert 第 1 次 等待 3 秒
2023-09-26 11:35:54 {"status":"bad","gid":"431768","msg":"添加失败！号码【1990017(-|-)】已存在！"}
2023-09-26 11:35:54 随机等待 193 秒，约 3 分钟
2023-09-26 11:35:54 下次操作: 2023-09-26 11:39:07

2023-09-26 11:39:07 开始第 19 次操作

2023-09-26 11:39:07 开始操作号码 【1990018】
2023-09-26 11:39:09 GSD getOne 第 1 次 等待 3 秒
2023-09-26 11:39:12 查询号码 【1990018】，返回信息 {"status":"ok","msg":"北京-北京","gid":"431781","time_insert":"2021-07-29 09:35"}
2023-09-26 11:39:12 查询号码 【1990018】，GSD为【"北京-北京"】

2023-09-26 11:39:13 开始第 20 次操作

2023-09-26 11:39:13 开始操作号码 【1990019】
2023-09-26 11:39:15 GSD getOne 第 1 次 等待 3 秒
2023-09-26 11:39:18 查询号码 【1990019】，返回信息 {"status":"ok","msg":"-","gid":"431856","time_insert":"2021-07-29 09:44"}
2023-09-26 11:39:18 查询号码 【1990019】，GSD为【"-"】
2023-09-26 11:39:18 ok && -
2023-09-26 11:39:21 CHB 1990019?1695699558 第 1 次 等待 3 秒
2023-09-26 11:39:24 CHB 1990019?1695699558 第 1 次 获取到号码【1990019】GSD
2023-09-26 11:39:24 未获取到号码【1990019】GSD，可能号码格式错误
2023-09-26 11:39:24 获取到号码【1990019】的GSD为【-】
2023-09-26 11:39:25 GSD insert 第 1 次 等待 3 秒
2023-09-26 11:39:28 {"status":"bad","gid":"431856","msg":"添加失败！号码【1990019(-|-)】已存在！"}

2023-09-26 12:09:23 开始第 21 次操作

2023-09-26 12:09:23 开始操作号码 【1990020】
2023-09-26 12:09:25 GSD getOne 第 1 次 等待 3 秒
2023-09-26 12:09:28 查询号码 【1990020】，返回信息 {"status":"ok","msg":"-","gid":"431964","time_insert":"2021-07-29 09:53"}
2023-09-26 12:09:28 查询号码 【1990020】，GSD为【"-"】
2023-09-26 12:09:28 ok && -
2023-09-26 12:09:30 CHB 1990020?1695701368 第 1 次 等待 3 秒
2023-09-26 12:09:33 CHB 1990020?1695701368 第 1 次 获取到号码【1990020】GSD
2023-09-26 12:09:33 未获取到号码【1990020】GSD，可能号码格式错误
2023-09-26 12:09:33 获取到号码【1990020】的GSD为【-】
2023-09-26 12:09:35 GSD insert 第 1 次 等待 3 秒
2023-09-26 12:09:38 {"status":"bad","gid":"431964","msg":"添加失败！号码【1990020(-|-)】已存在！"}
2023-09-26 12:09:38 随机等待 79 秒，约 1 分钟
2023-09-26 12:09:38 下次操作: 2023-09-26 12:10:57

2023-09-26 12:10:57 开始第 22 次操作

2023-09-26 12:10:57 开始操作号码 【1990021】
2023-09-26 12:10:59 GSD getOne 第 1 次 等待 3 秒
2023-09-26 12:11:02 查询号码 【1990021】，返回信息 {"status":"ok","msg":"-","gid":"432091","time_insert":"2021-07-29 10:03"}
2023-09-26 12:11:02 查询号码 【1990021】，GSD为【"-"】
2023-09-26 12:11:02 ok && -
2023-09-26 12:11:05 CHB 1990021?1695701462 第 1 次 等待 3 秒
2023-09-26 12:11:08 CHB 1990021?1695701462 第 1 次 获取到号码【1990021】GSD
2023-09-26 12:11:08 未获取到号码【1990021】GSD，可能号码格式错误
2023-09-26 12:11:08 获取到号码【1990021】的GSD为【-】
2023-09-26 12:11:10 GSD insert 第 1 次 等待 3 秒
2023-09-26 12:11:13 {"status":"bad","gid":"432091","msg":"添加失败！号码【1990021(-|-)】已存在！"}
2023-09-26 12:11:13 随机等待 198 秒，约 3 分钟
2023-09-26 12:11:13 下次操作: 2023-09-26 12:14:31

2023-09-26 12:14:31 开始第 23 次操作

2023-09-26 12:14:31 开始操作号码 【1990022】
2023-09-26 12:14:35 GSD getOne 第 1 次 等待 3 秒
2023-09-26 12:14:38 查询号码 【1990022】，返回信息 {"status":"ok","msg":"-","gid":"432148","time_insert":"2021-07-29 10:13"}
2023-09-26 12:14:38 查询号码 【1990022】，GSD为【"-"】
2023-09-26 12:14:38 ok && -
2023-09-26 12:14:40 CHB 1990022?1695701678 第 1 次 等待 3 秒
2023-09-26 12:14:43 CHB 1990022?1695701678 第 1 次 获取到号码【1990022】GSD
2023-09-26 12:14:43 未获取到号码【1990022】GSD，可能号码格式错误
2023-09-26 12:14:43 获取到号码【1990022】的GSD为【-】
2023-09-26 12:14:45 GSD insert 第 1 次 等待 3 秒
2023-09-26 12:14:48 {"status":"bad","gid":"432148","msg":"添加失败！号码【1990022(-|-)】已存在！"}
2023-09-26 12:14:48 随机等待 188 秒，约 3 分钟
2023-09-26 12:14:48 下次操作: 2023-09-26 12:17:56

2023-09-26 12:17:56 开始第 24 次操作

2023-09-26 12:17:56 开始操作号码 【1990023】
2023-09-26 12:17:58 GSD getOne 第 1 次 等待 3 秒
2023-09-26 12:18:01 查询号码 【1990023】，返回信息 {"status":"ok","msg":"-","gid":"432181","time_insert":"2021-07-29 10:23"}
2023-09-26 12:18:01 查询号码 【1990023】，GSD为【"-"】
2023-09-26 12:18:01 ok && -
2023-09-26 12:18:03 CHB 1990023?1695701881 第 1 次 等待 3 秒
2023-09-26 12:18:06 CHB 1990023?1695701881 第 1 次 获取到号码【1990023】GSD
2023-09-26 12:18:06 未获取到号码【1990023】GSD，可能号码格式错误
2023-09-26 12:18:06 获取到号码【1990023】的GSD为【-】
2023-09-26 12:18:08 GSD insert 第 1 次 等待 3 秒
2023-09-26 12:18:11 {"status":"bad","gid":"432181","msg":"添加失败！号码【1990023(-|-)】已存在！"}

2023-09-26 12:32:29 开始第 25 次操作

2023-09-26 12:32:29 开始操作号码 【1990024】
2023-09-26 12:32:31 GSD getOne 第 1 次 等待 3 秒
2023-09-26 12:32:34 查询号码 【1990024】，返回信息 {"status":"ok","msg":"-","gid":"432221","time_insert":"2021-07-29 10:32"}
2023-09-26 12:32:34 查询号码 【1990024】，GSD为【"-"】
2023-09-26 12:32:34 ok && -
2023-09-26 12:32:37 CHB 1990024?1695702754 第 1 次 等待 3 秒
2023-09-26 12:32:40 CHB 1990024?1695702754 第 1 次 获取到号码【1990024】GSD
2023-09-26 12:32:40 未获取到号码【1990024】GSD，可能号码格式错误
2023-09-26 12:32:40 获取到号码【1990024】的GSD为【-】
2023-09-26 12:32:42 GSD insert 第 1 次 等待 3 秒
2023-09-26 12:32:45 {"status":"bad","gid":"432221","msg":"添加失败！号码【1990024(-|-)】已存在！"}
2023-09-26 12:32:45 随机等待 137 秒，约 2 分钟
2023-09-26 12:32:45 下次操作: 2023-09-26 12:35:02

2023-09-26 12:35:02 开始第 26 次操作

2023-09-26 12:35:02 开始操作号码 【1990025】
2023-09-26 12:35:03 GSD getOne 第 1 次 等待 3 秒
2023-09-26 12:35:06 查询号码 【1990025】，返回信息 {"status":"ok","msg":"-","gid":"432266","time_insert":"2021-07-29 10:43"}
2023-09-26 12:35:06 查询号码 【1990025】，GSD为【"-"】
2023-09-26 12:35:06 ok && -
2023-09-26 12:35:08 CHB 1990025?1695702906 第 1 次 等待 3 秒
2023-09-26 12:35:11 CHB 1990025?1695702906 第 1 次 获取到号码【1990025】GSD
2023-09-26 12:35:11 未获取到号码【1990025】GSD，可能号码格式错误
2023-09-26 12:35:11 获取到号码【1990025】的GSD为【-】
2023-09-26 12:35:12 GSD insert 第 1 次 等待 3 秒
2023-09-26 12:35:15 {"status":"bad","gid":"432266","msg":"添加失败！号码【1990025(-|-)】已存在！"}
2023-09-26 12:35:15 随机等待 168 秒，约 2 分钟
2023-09-26 12:35:15 下次操作: 2023-09-26 12:38:03

2023-09-26 12:38:03 开始第 27 次操作

2023-09-26 12:38:03 开始操作号码 【1990026】
2023-09-26 12:38:05 GSD getOne 第 1 次 等待 3 秒
2023-09-26 12:38:08 查询号码 【1990026】，返回信息 {"status":"ok","msg":"-","gid":"432341","time_insert":"2021-07-29 10:51"}
2023-09-26 12:38:08 查询号码 【1990026】，GSD为【"-"】
2023-09-26 12:38:08 ok && -
2023-09-26 12:38:14 CHB 1990026?1695703088 第 1 次 等待 3 秒
2023-09-26 12:38:17 CHB 1990026?1695703088 第 1 次 获取到号码【1990026】GSD
2023-09-26 12:38:17 未获取到号码【1990026】GSD，可能号码格式错误
2023-09-26 12:38:17 获取到号码【1990026】的GSD为【-】
2023-09-26 12:38:19 GSD insert 第 1 次 等待 3 秒
2023-09-26 12:38:22 {"status":"bad","gid":"432341","msg":"添加失败！号码【1990026(-|-)】已存在！"}
2023-09-26 12:38:22 随机等待 100 秒，约 1 分钟
2023-09-26 12:38:22 下次操作: 2023-09-26 12:40:02

2023-09-26 12:40:02 开始第 28 次操作

2023-09-26 12:40:02 开始操作号码 【1990027】
2023-09-26 12:40:03 GSD getOne 第 1 次 等待 3 秒
2023-09-26 12:40:06 查询号码 【1990027】，返回信息 {"status":"ok","msg":"-","gid":"432480","time_insert":"2021-07-29 11:00"}
2023-09-26 12:40:06 查询号码 【1990027】，GSD为【"-"】
2023-09-26 12:40:06 ok && -
2023-09-26 12:40:08 CHB 1990027?1695703206 第 1 次 等待 3 秒
2023-09-26 12:40:11 CHB 1990027?1695703206 第 1 次 获取到号码【1990027】GSD
2023-09-26 12:40:11 未获取到号码【1990027】GSD，可能号码格式错误
2023-09-26 12:40:11 获取到号码【1990027】的GSD为【-】
2023-09-26 12:40:13 GSD insert 第 1 次 等待 3 秒
2023-09-26 12:40:16 {"status":"bad","gid":"432480","msg":"添加失败！号码【1990027(-|-)】已存在！"}

2023-09-26 13:07:28 开始第 29 次操作

2023-09-26 13:07:28 开始操作号码 【1990028】
2023-09-26 13:07:30 GSD getOne 第 1 次 等待 3 秒
2023-09-26 13:07:33 查询号码 【1990028】，返回信息 {"status":"ok","msg":"-","gid":"432633","time_insert":"2021-07-29 11:10"}
2023-09-26 13:07:33 查询号码 【1990028】，GSD为【"-"】
2023-09-26 13:07:33 ok && -
2023-09-26 13:07:35 CHB 1990028?1695704853 第 1 次 等待 3 秒
2023-09-26 13:07:38 CHB 1990028?1695704853 第 1 次 获取到号码【1990028】GSD
2023-09-26 13:07:38 未获取到号码【1990028】GSD，可能号码格式错误
2023-09-26 13:07:38 获取到号码【1990028】的GSD为【-】
2023-09-26 13:07:40 GSD insert 第 1 次 等待 3 秒
2023-09-26 13:07:43 {"status":"bad","gid":"432633","msg":"添加失败！号码【1990028(-|-)】已存在！"}
2023-09-26 13:07:43 随机等待 216 秒，约 3 分钟
2023-09-26 13:07:43 下次操作: 2023-09-26 13:11:19

2023-09-26 13:11:19 开始第 30 次操作

2023-09-26 13:11:19 开始操作号码 【1990029】
2023-09-26 13:11:20 GSD getOne 第 1 次 等待 3 秒
2023-09-26 13:11:23 查询号码 【1990029】，返回信息 {"status":"ok","msg":"-","gid":"432699","time_insert":"2021-07-29 11:20"}
2023-09-26 13:11:23 查询号码 【1990029】，GSD为【"-"】
2023-09-26 13:11:23 ok && -
2023-09-26 13:11:25 CHB 1990029?1695705083 第 1 次 等待 3 秒
2023-09-26 13:11:28 CHB 1990029?1695705083 第 1 次 获取到号码【1990029】GSD
2023-09-26 13:11:28 未获取到号码【1990029】GSD，可能号码格式错误
2023-09-26 13:11:28 获取到号码【1990029】的GSD为【-】
2023-09-26 13:11:30 GSD insert 第 1 次 等待 3 秒
2023-09-26 13:11:33 {"status":"bad","gid":"432699","msg":"添加失败！号码【1990029(-|-)】已存在！"}
2023-09-26 13:11:33 随机等待 130 秒，约 2 分钟
2023-09-26 13:11:33 下次操作: 2023-09-26 13:13:43

2023-09-26 13:13:43 开始第 31 次操作

2023-09-26 13:13:43 开始操作号码 【1990030】
2023-09-26 13:13:45 GSD getOne 第 1 次 等待 3 秒
2023-09-26 13:13:48 查询号码 【1990030】，返回信息 {"status":"ok","msg":"-","gid":"432726","time_insert":"2021-07-29 11:29"}
2023-09-26 13:13:48 查询号码 【1990030】，GSD为【"-"】
2023-09-26 13:13:48 ok && -
2023-09-26 13:13:50 CHB 1990030?1695705228 第 1 次 等待 3 秒
2023-09-26 13:13:53 CHB 1990030?1695705228 第 1 次 获取到号码【1990030】GSD
2023-09-26 13:13:53 未获取到号码【1990030】GSD，可能号码格式错误
2023-09-26 13:13:53 获取到号码【1990030】的GSD为【-】
2023-09-26 13:13:56 GSD insert 第 1 次 等待 3 秒
2023-09-26 13:13:59 {"status":"bad","gid":"432726","msg":"添加失败！号码【1990030(-|-)】已存在！"}
2023-09-26 13:13:59 随机等待 97 秒，约 1 分钟
2023-09-26 13:13:59 下次操作: 2023-09-26 13:15:36

2023-09-26 13:15:36 开始第 32 次操作

2023-09-26 13:15:36 开始操作号码 【1990031】
2023-09-26 13:15:37 GSD getOne 第 1 次 等待 3 秒
2023-09-26 13:15:40 查询号码 【1990031】，返回信息 {"status":"ok","msg":"-","gid":"432737","time_insert":"2021-07-29 11:40"}
2023-09-26 13:15:41 查询号码 【1990031】，GSD为【"-"】
2023-09-26 13:15:41 ok && -
2023-09-26 13:15:44 CHB 1990031?1695705341 第 1 次 等待 3 秒
2023-09-26 13:15:47 CHB 1990031?1695705341 第 1 次 获取到号码【1990031】GSD
2023-09-26 13:15:47 未获取到号码【1990031】GSD，可能号码格式错误
2023-09-26 13:15:47 获取到号码【1990031】的GSD为【-】
2023-09-26 13:15:49 GSD insert 第 1 次 等待 3 秒
2023-09-26 13:15:52 {"status":"bad","gid":"432737","msg":"添加失败！号码【1990031(-|-)】已存在！"}

2023-09-26 13:32:23 开始第 33 次操作

2023-09-26 13:32:23 开始操作号码 【1990032】
2023-09-26 13:32:25 GSD getOne 第 1 次 等待 3 秒
2023-09-26 13:32:28 查询号码 【1990032】，返回信息 {"status":"ok","msg":"-","gid":"432836","time_insert":"2021-07-29 11:50"}
2023-09-26 13:32:28 查询号码 【1990032】，GSD为【"-"】
2023-09-26 13:32:28 ok && -
2023-09-26 13:32:30 CHB 1990032?1695706348 第 1 次 等待 3 秒
2023-09-26 13:32:33 CHB 1990032?1695706348 第 1 次 获取到号码【1990032】GSD
2023-09-26 13:32:33 未获取到号码【1990032】GSD，可能号码格式错误
2023-09-26 13:32:33 获取到号码【1990032】的GSD为【-】
2023-09-26 13:32:35 GSD insert 第 1 次 等待 3 秒
2023-09-26 13:32:38 {"status":"bad","gid":"432836","msg":"添加失败！号码【1990032(-|-)】已存在！"}
2023-09-26 13:32:38 随机等待 177 秒，约 2 分钟
2023-09-26 13:32:38 下次操作: 2023-09-26 13:35:35

2023-09-26 13:35:35 开始第 34 次操作

2023-09-26 13:35:35 开始操作号码 【1990033】
2023-09-26 13:35:37 GSD getOne 第 1 次 等待 3 秒
2023-09-26 13:35:40 查询号码 【1990033】，返回信息 {"status":"ok","msg":"-","gid":"432998","time_insert":"2021-07-29 12:00"}
2023-09-26 13:35:40 查询号码 【1990033】，GSD为【"-"】
2023-09-26 13:35:40 ok && -
2023-09-26 13:35:42 CHB 1990033?1695706540 第 1 次 等待 3 秒
2023-09-26 13:35:45 CHB 1990033?1695706540 第 1 次 获取到号码【1990033】GSD
2023-09-26 13:35:45 未获取到号码【1990033】GSD，可能号码格式错误
2023-09-26 13:35:45 获取到号码【1990033】的GSD为【-】
2023-09-26 13:35:50 GSD insert 第 1 次 等待 3 秒
2023-09-26 13:35:53 {"status":"bad","gid":"432998","msg":"添加失败！号码【1990033(-|-)】已存在！"}
2023-09-26 13:35:53 随机等待 213 秒，约 3 分钟
2023-09-26 13:35:53 下次操作: 2023-09-26 13:39:26

2023-09-26 13:39:26 开始第 35 次操作

2023-09-26 13:39:26 开始操作号码 【1990034】
2023-09-26 13:39:27 GSD getOne 第 1 次 等待 3 秒
2023-09-26 13:39:30 查询号码 【1990034】，返回信息 {"status":"ok","msg":"-","gid":"433126","time_insert":"2021-07-29 12:10"}
2023-09-26 13:39:30 查询号码 【1990034】，GSD为【"-"】
2023-09-26 13:39:30 ok && -
2023-09-26 13:39:32 CHB 1990034?1695706770 第 1 次 等待 3 秒
2023-09-26 13:39:35 CHB 1990034?1695706770 第 1 次 获取到号码【1990034】GSD
2023-09-26 13:39:35 未获取到号码【1990034】GSD，可能号码格式错误
2023-09-26 13:39:35 获取到号码【1990034】的GSD为【-】
2023-09-26 13:39:38 GSD insert 第 1 次 等待 3 秒
2023-09-26 13:39:41 {"status":"bad","gid":"433126","msg":"添加失败！号码【1990034(-|-)】已存在！"}
2023-09-26 13:39:41 随机等待 141 秒，约 2 分钟
2023-09-26 13:39:41 下次操作: 2023-09-26 13:42:02

2023-09-26 13:42:02 开始第 36 次操作

2023-09-26 13:42:02 开始操作号码 【1990035】
2023-09-26 13:42:05 GSD getOne 第 1 次 等待 3 秒
2023-09-26 13:42:08 查询号码 【1990035】，返回信息 {"status":"ok","msg":"-","gid":"433202","time_insert":"2021-07-29 12:28"}
2023-09-26 13:42:08 查询号码 【1990035】，GSD为【"-"】
2023-09-26 13:42:08 ok && -
2023-09-26 13:42:10 CHB 1990035?1695706928 第 1 次 等待 3 秒
2023-09-26 13:42:13 CHB 1990035?1695706928 第 1 次 获取到号码【1990035】GSD
2023-09-26 13:42:13 未获取到号码【1990035】GSD，可能号码格式错误
2023-09-26 13:42:13 获取到号码【1990035】的GSD为【-】
2023-09-26 13:42:17 GSD insert 第 1 次 等待 3 秒
2023-09-26 13:42:20 {"status":"bad","gid":"433202","msg":"添加失败！号码【1990035(-|-)】已存在！"}

2023-09-26 14:10:33 开始第 37 次操作

2023-09-26 14:10:33 开始操作号码 【1990036】
2023-09-26 14:10:36 GSD getOne 第 1 次 等待 3 秒
2023-09-26 14:10:39 查询号码 【1990036】，返回信息 {"status":"ok","msg":"-","gid":"433215","time_insert":"2021-07-29 12:38"}
2023-09-26 14:10:39 查询号码 【1990036】，GSD为【"-"】
2023-09-26 14:10:39 ok && -
2023-09-26 14:10:41 CHB 1990036?1695708639 第 1 次 等待 3 秒
2023-09-26 14:10:44 CHB 1990036?1695708639 第 1 次 获取到号码【1990036】GSD
2023-09-26 14:10:44 未获取到号码【1990036】GSD，可能号码格式错误
2023-09-26 14:10:44 获取到号码【1990036】的GSD为【-】
2023-09-26 14:10:48 GSD insert 第 1 次 等待 3 秒
2023-09-26 14:10:51 {"status":"bad","gid":"433215","msg":"添加失败！号码【1990036(-|-)】已存在！"}
2023-09-26 14:10:51 随机等待 86 秒，约 1 分钟
2023-09-26 14:10:51 下次操作: 2023-09-26 14:12:17

2023-09-26 14:12:17 开始第 38 次操作

2023-09-26 14:12:17 开始操作号码 【1990037】
2023-09-26 14:12:20 GSD getOne 第 1 次 等待 3 秒
2023-09-26 14:12:23 查询号码 【1990037】，返回信息 {"status":"ok","msg":"-","gid":"433359","time_insert":"2021-07-29 12:59"}
2023-09-26 14:12:24 查询号码 【1990037】，GSD为【"-"】
2023-09-26 14:12:24 ok && -
2023-09-26 14:12:26 CHB 1990037?1695708744 第 1 次 等待 3 秒
2023-09-26 14:12:29 CHB 1990037?1695708744 第 1 次 获取到号码【1990037】GSD
2023-09-26 14:12:29 未获取到号码【1990037】GSD，可能号码格式错误
2023-09-26 14:12:29 获取到号码【1990037】的GSD为【-】
2023-09-26 14:12:35 GSD insert 第 1 次 等待 3 秒
2023-09-26 14:12:38 {"status":"bad","gid":"433359","msg":"添加失败！号码【1990037(-|-)】已存在！"}
2023-09-26 14:12:38 随机等待 91 秒，约 1 分钟
2023-09-26 14:12:38 下次操作: 2023-09-26 14:14:09

2023-09-26 14:14:09 开始第 39 次操作

2023-09-26 14:14:09 开始操作号码 【1990038】
2023-09-26 14:14:12 GSD getOne 第 1 次 等待 3 秒
2023-09-26 14:14:15 查询号码 【1990038】，返回信息 {"status":"ok","msg":"-","gid":"433517","time_insert":"2021-07-29 13:09"}
2023-09-26 14:14:15 查询号码 【1990038】，GSD为【"-"】
2023-09-26 14:14:15 ok && -
2023-09-26 14:14:17 CHB 1990038?1695708855 第 1 次 等待 3 秒
2023-09-26 14:14:20 CHB 1990038?1695708855 第 1 次 获取到号码【1990038】GSD
2023-09-26 14:14:20 未获取到号码【1990038】GSD，可能号码格式错误
2023-09-26 14:14:20 获取到号码【1990038】的GSD为【-】
2023-09-26 14:14:26 GSD insert 第 1 次 等待 3 秒
2023-09-26 14:14:29 {"status":"bad","gid":"433517","msg":"添加失败！号码【1990038(-|-)】已存在！"}
2023-09-26 14:14:29 随机等待 159 秒，约 2 分钟
2023-09-26 14:14:29 下次操作: 2023-09-26 14:17:08

2023-09-26 14:17:08 开始第 40 次操作

2023-09-26 14:17:08 开始操作号码 【1990039】
2023-09-26 14:17:11 GSD getOne 第 1 次 等待 3 秒
2023-09-26 14:17:14 查询号码 【1990039】，返回信息 {"status":"ok","msg":"-","gid":"433617","time_insert":"2021-07-29 13:19"}
2023-09-26 14:17:14 查询号码 【1990039】，GSD为【"-"】
2023-09-26 14:17:14 ok && -
2023-09-26 14:17:17 CHB 1990039?1695709034 第 1 次 等待 3 秒
2023-09-26 14:17:20 CHB 1990039?1695709034 第 1 次 获取到号码【1990039】GSD
2023-09-26 14:17:20 未获取到号码【1990039】GSD，可能号码格式错误
2023-09-26 14:17:20 获取到号码【1990039】的GSD为【-】
2023-09-26 14:17:23 GSD insert 第 1 次 等待 3 秒
2023-09-26 14:17:26 {"status":"bad","gid":"433617","msg":"添加失败！号码【1990039(-|-)】已存在！"}

2023-09-26 14:34:14 开始第 41 次操作

2023-09-26 14:34:14 开始操作号码 【1990040】
2023-09-26 14:34:17 GSD getOne 第 1 次 等待 3 秒
2023-09-26 14:34:20 查询号码 【1990040】，返回信息 {"status":"ok","msg":"-","gid":"433861","time_insert":"2021-07-29 13:46"}
2023-09-26 14:34:20 查询号码 【1990040】，GSD为【"-"】
2023-09-26 14:34:20 ok && -
2023-09-26 14:34:22 CHB 1990040?1695710060 第 1 次 等待 3 秒
2023-09-26 14:34:25 CHB 1990040?1695710060 第 1 次 获取到号码【1990040】GSD
2023-09-26 14:34:25 未获取到号码【1990040】GSD，可能号码格式错误
2023-09-26 14:34:25 获取到号码【1990040】的GSD为【-】
2023-09-26 14:34:28 GSD insert 第 1 次 等待 3 秒
2023-09-26 14:34:31 {"status":"bad","gid":"433861","msg":"添加失败！号码【1990040(-|-)】已存在！"}
2023-09-26 14:34:31 随机等待 94 秒，约 1 分钟
2023-09-26 14:34:31 下次操作: 2023-09-26 14:36:05

2023-09-26 14:36:05 开始第 42 次操作

2023-09-26 14:36:05 开始操作号码 【1990041】
2023-09-26 14:36:08 GSD getOne 第 1 次 等待 3 秒
2023-09-26 14:36:11 查询号码 【1990041】，返回信息 {"status":"ok","msg":"-","gid":"433995","time_insert":"2021-07-29 13:55"}
2023-09-26 14:36:11 查询号码 【1990041】，GSD为【"-"】
2023-09-26 14:36:11 ok && -
2023-09-26 14:36:13 CHB 1990041?1695710171 第 1 次 等待 3 秒
2023-09-26 14:36:16 CHB 1990041?1695710171 第 1 次 获取到号码【1990041】GSD
2023-09-26 14:36:16 未获取到号码【1990041】GSD，可能号码格式错误
2023-09-26 14:36:16 获取到号码【1990041】的GSD为【-】
2023-09-26 14:36:18 GSD insert 第 1 次 等待 3 秒
2023-09-26 14:36:21 {"status":"bad","gid":"433995","msg":"添加失败！号码【1990041(-|-)】已存在！"}
2023-09-26 14:36:21 随机等待 88 秒，约 1 分钟
2023-09-26 14:36:21 下次操作: 2023-09-26 14:37:49

2023-09-26 14:37:49 开始第 43 次操作

2023-09-26 14:37:49 开始操作号码 【1990042】
2023-09-26 14:37:51 GSD getOne 第 1 次 等待 3 秒
2023-09-26 14:37:54 查询号码 【1990042】，返回信息 {"status":"ok","msg":"-","gid":"434104","time_insert":"2021-07-29 14:04"}
2023-09-26 14:37:54 查询号码 【1990042】，GSD为【"-"】
2023-09-26 14:37:54 ok && -
2023-09-26 14:37:56 CHB 1990042?1695710274 第 1 次 等待 3 秒
2023-09-26 14:37:59 CHB 1990042?1695710274 第 1 次 获取到号码【1990042】GSD
2023-09-26 14:37:59 未获取到号码【1990042】GSD，可能号码格式错误
2023-09-26 14:37:59 获取到号码【1990042】的GSD为【-】
2023-09-26 14:38:00 GSD insert 第 1 次 等待 3 秒
2023-09-26 14:38:03 {"status":"bad","gid":"434104","msg":"添加失败！号码【1990042(-|-)】已存在！"}
2023-09-26 14:38:03 随机等待 89 秒，约 1 分钟
2023-09-26 14:38:03 下次操作: 2023-09-26 14:39:32

2023-09-26 14:39:33 开始第 44 次操作

2023-09-26 14:39:33 开始操作号码 【1990043】
2023-09-26 14:39:34 GSD getOne 第 1 次 等待 3 秒
2023-09-26 14:39:37 查询号码 【1990043】，返回信息 {"status":"ok","msg":"-","gid":"434137","time_insert":"2021-07-29 14:13"}
2023-09-26 14:39:37 查询号码 【1990043】，GSD为【"-"】
2023-09-26 14:39:37 ok && -
2023-09-26 14:39:40 CHB 1990043?1695710377 第 1 次 等待 3 秒
2023-09-26 14:39:43 CHB 1990043?1695710377 第 1 次 获取到号码【1990043】GSD
2023-09-26 14:39:43 未获取到号码【1990043】GSD，可能号码格式错误
2023-09-26 14:39:43 获取到号码【1990043】的GSD为【-】
2023-09-26 14:39:44 GSD insert 第 1 次 等待 3 秒
2023-09-26 14:39:47 {"status":"bad","gid":"434137","msg":"添加失败！号码【1990043(-|-)】已存在！"}

2023-09-26 15:07:20 开始第 45 次操作

2023-09-26 15:07:20 开始操作号码 【1990044】
2023-09-26 15:07:23 GSD getOne 第 1 次 等待 3 秒
2023-09-26 15:07:26 查询号码 【1990044】，返回信息 {"status":"ok","msg":"-","gid":"434150","time_insert":"2021-07-29 14:24"}
2023-09-26 15:07:26 查询号码 【1990044】，GSD为【"-"】
2023-09-26 15:07:26 ok && -
2023-09-26 15:07:29 CHB 1990044?1695712046 第 1 次 等待 3 秒
2023-09-26 15:07:32 CHB 1990044?1695712046 第 1 次 获取到号码【1990044】GSD
2023-09-26 15:07:32 未获取到号码【1990044】GSD，可能号码格式错误
2023-09-26 15:07:32 获取到号码【1990044】的GSD为【-】
2023-09-26 15:07:34 GSD insert 第 1 次 等待 3 秒
2023-09-26 15:07:37 {"status":"bad","gid":"434150","msg":"添加失败！号码【1990044(-|-)】已存在！"}
2023-09-26 15:07:37 随机等待 174 秒，约 2 分钟
2023-09-26 15:07:37 下次操作: 2023-09-26 15:10:31

2023-09-26 15:10:31 开始第 46 次操作

2023-09-26 15:10:31 开始操作号码 【1990045】
2023-09-26 15:10:34 GSD getOne 第 1 次 等待 3 秒
2023-09-26 15:10:37 查询号码 【1990045】，返回信息 {"status":"ok","msg":"-","gid":"434161","time_insert":"2021-07-29 14:33"}
2023-09-26 15:10:37 查询号码 【1990045】，GSD为【"-"】
2023-09-26 15:10:37 ok && -
2023-09-26 15:10:39 CHB 1990045?1695712237 第 1 次 等待 3 秒
2023-09-26 15:10:42 CHB 1990045?1695712237 第 1 次 获取到号码【1990045】GSD
2023-09-26 15:10:42 未获取到号码【1990045】GSD，可能号码格式错误
2023-09-26 15:10:42 获取到号码【1990045】的GSD为【-】
2023-09-26 15:10:44 GSD insert 第 1 次 等待 3 秒
2023-09-26 15:10:47 {"status":"bad","gid":"434161","msg":"添加失败！号码【1990045(-|-)】已存在！"}
2023-09-26 15:10:47 随机等待 105 秒，约 1 分钟
2023-09-26 15:10:47 下次操作: 2023-09-26 15:12:32

2023-09-26 15:12:32 开始第 47 次操作

2023-09-26 15:12:32 开始操作号码 【1990046】
2023-09-26 15:12:37 GSD getOne 第 1 次 等待 3 秒
2023-09-26 15:12:40 查询号码 【1990046】，返回信息 {"status":"ok","msg":"-","gid":"434174","time_insert":"2021-07-29 14:44"}
2023-09-26 15:12:40 查询号码 【1990046】，GSD为【"-"】
2023-09-26 15:12:40 ok && -
2023-09-26 15:12:42 CHB 1990046?1695712360 第 1 次 等待 3 秒
2023-09-26 15:12:45 CHB 1990046?1695712360 第 1 次 获取到号码【1990046】GSD
2023-09-26 15:12:45 未获取到号码【1990046】GSD，可能号码格式错误
2023-09-26 15:12:45 获取到号码【1990046】的GSD为【-】
2023-09-26 15:12:48 GSD insert 第 1 次 等待 3 秒
2023-09-26 15:12:51 {"status":"bad","gid":"434174","msg":"添加失败！号码【1990046(-|-)】已存在！"}
2023-09-26 15:12:51 随机等待 113 秒，约 1 分钟
2023-09-26 15:12:51 下次操作: 2023-09-26 15:14:44

2023-09-26 15:14:44 开始第 48 次操作

2023-09-26 15:14:44 开始操作号码 【1990047】
2023-09-26 15:14:47 GSD getOne 第 1 次 等待 3 秒
2023-09-26 15:14:50 查询号码 【1990047】，返回信息 {"status":"ok","msg":"-","gid":"434223","time_insert":"2021-07-29 14:53"}
2023-09-26 15:14:51 查询号码 【1990047】，GSD为【"-"】
2023-09-26 15:14:51 ok && -
2023-09-26 15:14:53 CHB 1990047?1695712491 第 1 次 等待 3 秒
2023-09-26 15:14:56 CHB 1990047?1695712491 第 1 次 获取到号码【1990047】GSD
2023-09-26 15:14:56 未获取到号码【1990047】GSD，可能号码格式错误
2023-09-26 15:14:56 获取到号码【1990047】的GSD为【-】
2023-09-26 15:14:58 GSD insert 第 1 次 等待 3 秒
2023-09-26 15:15:01 {"status":"bad","gid":"434223","msg":"添加失败！号码【1990047(-|-)】已存在！"}

2023-09-26 15:32:28 开始第 49 次操作

2023-09-26 15:32:28 开始操作号码 【1990048】
2023-09-26 15:32:30 GSD getOne 第 1 次 等待 3 秒
2023-09-26 15:32:33 查询号码 【1990048】，返回信息 {"status":"ok","msg":"-","gid":"434330","time_insert":"2021-07-29 15:02"}
2023-09-26 15:32:33 查询号码 【1990048】，GSD为【"-"】
2023-09-26 15:32:33 ok && -
2023-09-26 15:32:35 CHB 1990048?1695713553 第 1 次 等待 3 秒
2023-09-26 15:32:38 CHB 1990048?1695713553 第 1 次 获取到号码【1990048】GSD
2023-09-26 15:32:38 未获取到号码【1990048】GSD，可能号码格式错误
2023-09-26 15:32:38 获取到号码【1990048】的GSD为【-】
2023-09-26 15:32:40 GSD insert 第 1 次 等待 3 秒
2023-09-26 15:32:43 {"status":"bad","gid":"434330","msg":"添加失败！号码【1990048(-|-)】已存在！"}
2023-09-26 15:32:43 随机等待 173 秒，约 2 分钟
2023-09-26 15:32:43 下次操作: 2023-09-26 15:35:36

2023-09-26 15:35:36 开始第 50 次操作

2023-09-26 15:35:36 开始操作号码 【1990049】
2023-09-26 15:35:38 GSD getOne 第 1 次 等待 3 秒
2023-09-26 15:35:41 查询号码 【1990049】，返回信息 {"status":"ok","msg":"-","gid":"434448","time_insert":"2021-07-29 15:12"}
2023-09-26 15:35:41 查询号码 【1990049】，GSD为【"-"】
2023-09-26 15:35:41 ok && -
2023-09-26 15:35:43 CHB 1990049?1695713741 第 1 次 等待 3 秒
2023-09-26 15:35:46 CHB 1990049?1695713741 第 1 次 获取到号码【1990049】GSD
2023-09-26 15:35:46 未获取到号码【1990049】GSD，可能号码格式错误
2023-09-26 15:35:46 获取到号码【1990049】的GSD为【-】
2023-09-26 15:35:47 GSD insert 第 1 次 等待 3 秒
2023-09-26 15:35:51 {"status":"bad","gid":"434448","msg":"添加失败！号码【1990049(-|-)】已存在！"}
2023-09-26 15:35:51 随机等待 86 秒，约 1 分钟
2023-09-26 15:35:51 下次操作: 2023-09-26 15:37:17

2023-09-26 15:37:17 开始第 51 次操作

2023-09-26 15:37:17 开始操作号码 【1990050】
2023-09-26 15:37:21 GSD getOne 第 1 次 等待 3 秒
2023-09-26 15:37:24 查询号码 【1990050】，返回信息 {"status":"ok","msg":"-","gid":"434526","time_insert":"2021-07-29 15:21"}
2023-09-26 15:37:24 查询号码 【1990050】，GSD为【"-"】
2023-09-26 15:37:24 ok && -
2023-09-26 15:37:26 CHB 1990050?1695713844 第 1 次 等待 3 秒
2023-09-26 15:37:29 CHB 1990050?1695713844 第 1 次 获取到号码【1990050】GSD
2023-09-26 15:37:29 未获取到号码【1990050】GSD，可能号码格式错误
2023-09-26 15:37:29 获取到号码【1990050】的GSD为【-】
2023-09-26 15:37:30 GSD insert 第 1 次 等待 3 秒
2023-09-26 15:37:33 {"status":"bad","gid":"434526","msg":"添加失败！号码【1990050(-|-)】已存在！"}
2023-09-26 15:37:33 随机等待 88 秒，约 1 分钟
2023-09-26 15:37:33 下次操作: 2023-09-26 15:39:01

2023-09-26 15:39:01 开始第 52 次操作

2023-09-26 15:39:01 开始操作号码 【1990051】
2023-09-26 15:39:03 GSD getOne 第 1 次 等待 3 秒
2023-09-26 15:39:06 查询号码 【1990051】，返回信息 {"status":"ok","msg":"-","gid":"434598","time_insert":"2021-07-29 15:30"}
2023-09-26 15:39:07 查询号码 【1990051】，GSD为【"-"】
2023-09-26 15:39:07 ok && -
2023-09-26 15:39:09 CHB 1990051?1695713947 第 1 次 等待 3 秒
2023-09-26 15:39:12 CHB 1990051?1695713947 第 1 次 获取到号码【1990051】GSD
2023-09-26 15:39:12 未获取到号码【1990051】GSD，可能号码格式错误
2023-09-26 15:39:12 获取到号码【1990051】的GSD为【-】
2023-09-26 15:39:13 GSD insert 第 1 次 等待 3 秒
2023-09-26 15:39:16 {"status":"bad","gid":"434598","msg":"添加失败！号码【1990051(-|-)】已存在！"}

2023-09-26 16:10:45 开始第 53 次操作

2023-09-26 16:10:45 开始操作号码 【1990052】
2023-09-26 16:10:47 GSD getOne 第 1 次 等待 3 秒
2023-09-26 16:10:50 查询号码 【1990052】，返回信息 {"status":"ok","msg":"-","gid":"434691","time_insert":"2021-07-29 15:40"}
2023-09-26 16:10:50 查询号码 【1990052】，GSD为【"-"】
2023-09-26 16:10:50 ok && -
2023-09-26 16:10:52 CHB 1990052?1695715850 第 1 次 等待 3 秒
2023-09-26 16:10:55 CHB 1990052?1695715850 第 1 次 获取到号码【1990052】GSD
2023-09-26 16:10:55 未获取到号码【1990052】GSD，可能号码格式错误
2023-09-26 16:10:55 获取到号码【1990052】的GSD为【-】
2023-09-26 16:10:57 GSD insert 第 1 次 等待 3 秒
2023-09-26 16:11:00 {"status":"bad","gid":"434691","msg":"添加失败！号码【1990052(-|-)】已存在！"}
2023-09-26 16:11:00 随机等待 208 秒，约 3 分钟
2023-09-26 16:11:00 下次操作: 2023-09-26 16:14:28

2023-09-26 16:14:28 开始第 54 次操作

2023-09-26 16:14:28 开始操作号码 【1990053】
2023-09-26 16:14:29 GSD getOne 第 1 次 等待 3 秒
2023-09-26 16:14:32 查询号码 【1990053】，返回信息 {"status":"ok","msg":"-","gid":"434797","time_insert":"2021-07-29 15:50"}
2023-09-26 16:14:32 查询号码 【1990053】，GSD为【"-"】
2023-09-26 16:14:33 ok && -
2023-09-26 16:14:34 CHB 1990053?1695716073 第 1 次 等待 3 秒
2023-09-26 16:14:37 CHB 1990053?1695716073 第 1 次 获取到号码【1990053】GSD
2023-09-26 16:14:37 未获取到号码【1990053】GSD，可能号码格式错误
2023-09-26 16:14:37 获取到号码【1990053】的GSD为【-】
2023-09-26 16:14:42 GSD insert 第 1 次 等待 3 秒
2023-09-26 16:14:45 {"status":"bad","gid":"434797","msg":"添加失败！号码【1990053(-|-)】已存在！"}
2023-09-26 16:14:45 随机等待 163 秒，约 2 分钟
2023-09-26 16:14:45 下次操作: 2023-09-26 16:17:28

2023-09-26 16:17:28 开始第 55 次操作

2023-09-26 16:17:28 开始操作号码 【1990054】
2023-09-26 16:17:34 GSD getOne 第 1 次 等待 3 秒
2023-09-26 16:17:37 查询号码 【1990054】，返回信息 {"status":"ok","msg":"-","gid":"434902","time_insert":"2021-07-29 15:59"}
2023-09-26 16:17:37 查询号码 【1990054】，GSD为【"-"】
2023-09-26 16:17:37 ok && -
2023-09-26 16:17:39 CHB 1990054?1695716257 第 1 次 等待 3 秒
2023-09-26 16:17:42 CHB 1990054?1695716257 第 1 次 获取到号码【1990054】GSD
2023-09-26 16:17:42 未获取到号码【1990054】GSD，可能号码格式错误
2023-09-26 16:17:42 获取到号码【1990054】的GSD为【-】
2023-09-26 16:17:44 GSD insert 第 1 次 等待 3 秒
2023-09-26 16:17:47 {"status":"bad","gid":"434902","msg":"添加失败！号码【1990054(-|-)】已存在！"}
2023-09-26 16:17:47 随机等待 203 秒，约 3 分钟
2023-09-26 16:17:47 下次操作: 2023-09-26 16:21:10

2023-09-26 16:21:10 开始第 56 次操作

2023-09-26 16:21:10 开始操作号码 【1990055】
2023-09-26 16:21:11 GSD getOne 第 1 次 等待 3 秒
2023-09-26 16:21:14 查询号码 【1990055】，返回信息 {"status":"ok","msg":"-","gid":"434982","time_insert":"2021-07-29 16:08"}
2023-09-26 16:21:14 查询号码 【1990055】，GSD为【"-"】
2023-09-26 16:21:14 ok && -
2023-09-26 16:21:17 CHB 1990055?1695716474 第 1 次 等待 3 秒
2023-09-26 16:21:20 CHB 1990055?1695716474 第 1 次 获取到号码【1990055】GSD
2023-09-26 16:21:20 未获取到号码【1990055】GSD，可能号码格式错误
2023-09-26 16:21:20 获取到号码【1990055】的GSD为【-】
2023-09-26 16:21:21 GSD insert 第 1 次 等待 3 秒
2023-09-26 16:21:24 {"status":"bad","gid":"434982","msg":"添加失败！号码【1990055(-|-)】已存在！"}

