2024-11-15 00:27:19 开始第 4813 次操作

2024-11-15 00:27:19 开始操作号码 【1344812】
2024-11-15 00:27:20 GSD getOne 第 1 次 等待 3 秒
2024-11-15 00:27:23 查询号码 【1344812】，返回信息 {"status":"ok","msg":"广东-中山","gid":"204146","time_insert":"2021-07-06 07:05"}
2024-11-15 00:27:23 查询号码 【1344812】，GSD为【"广东-中山"】

2024-11-15 00:27:24 开始第 4814 次操作

2024-11-15 00:27:24 开始操作号码 【1344813】
2024-11-15 00:27:25 GSD getOne 第 1 次 等待 3 秒
2024-11-15 00:27:28 查询号码 【1344813】，返回信息 {"status":"ok","msg":"广东-中山","gid":"204172","time_insert":"2021-07-06 07:20"}
2024-11-15 00:27:28 查询号码 【1344813】，GSD为【"广东-中山"】

2024-11-15 00:27:29 开始第 4815 次操作

2024-11-15 00:27:29 开始操作号码 【1344814】
2024-11-15 00:27:31 GSD getOne 第 1 次 等待 3 秒
2024-11-15 00:27:34 查询号码 【1344814】，返回信息 {"status":"ok","msg":"广东-中山","gid":"204197","time_insert":"2021-07-06 07:34"}
2024-11-15 00:27:34 查询号码 【1344814】，GSD为【"广东-中山"】

2024-11-15 00:27:35 开始第 4816 次操作

2024-11-15 00:27:35 开始操作号码 【1344815】
2024-11-15 00:27:36 GSD getOne 第 1 次 等待 3 秒
2024-11-15 00:27:39 查询号码 【1344815】，返回信息 {"status":"ok","msg":"湖北-鄂州","gid":"204357","time_insert":"2021-07-06 07:49"}
2024-11-15 00:27:39 查询号码 【1344815】，GSD为【"湖北-鄂州"】

