2023-12-27 00:09:24 开始第 5537 次操作

2023-12-27 00:09:24 开始操作号码 【1895446】
2023-12-27 00:09:29 GSD getOne 第 1 次 等待 3 秒
2023-12-27 00:09:32 查询号码 【1895446】，返回信息 {"status":"ok","msg":"山东-聊城","gid":"474119","time_insert":"2021-08-02 02:03"}
2023-12-27 00:09:32 查询号码 【1895446】，GSD为【"山东-聊城"】

2023-12-27 00:09:33 开始第 5538 次操作

2023-12-27 00:09:33 开始操作号码 【1895447】
2023-12-27 00:09:40 GSD getOne 第 1 次 等待 3 秒
2023-12-27 00:09:43 查询号码 【1895447】，返回信息 {"status":"ok","msg":"山东-聊城","gid":"474108","time_insert":"2021-08-02 02:02"}
2023-12-27 00:09:43 查询号码 【1895447】，GSD为【"山东-聊城"】

2023-12-27 00:09:44 开始第 5539 次操作

2023-12-27 00:09:44 开始操作号码 【1895448】
2023-12-27 00:09:48 GSD getOne 第 1 次 等待 3 秒
2023-12-27 00:09:51 查询号码 【1895448】，返回信息 {"status":"ok","msg":"山东-聊城","gid":"474100","time_insert":"2021-08-02 02:02"}
2023-12-27 00:09:51 查询号码 【1895448】，GSD为【"山东-聊城"】

2023-12-27 00:09:52 开始第 5540 次操作

2023-12-27 00:09:52 开始操作号码 【1895449】
2023-12-27 00:09:57 GSD getOne 第 1 次 等待 3 秒
2023-12-27 00:10:00 查询号码 【1895449】，返回信息 {"status":"ok","msg":"山东-聊城","gid":"474090","time_insert":"2021-08-02 02:01"}
2023-12-27 00:10:00 查询号码 【1895449】，GSD为【"山东-聊城"】

2023-12-27 00:36:33 开始第 5541 次操作

2023-12-27 00:36:33 开始操作号码 【1895450】
2023-12-27 00:36:39 GSD getOne 第 1 次 等待 3 秒
2023-12-27 00:36:42 查询号码 【1895450】，返回信息 {"status":"ok","msg":"山东-德州","gid":"474081","time_insert":"2021-08-02 02:00"}
2023-12-27 00:36:42 查询号码 【1895450】，GSD为【"山东-德州"】

2023-12-27 00:36:43 开始第 5542 次操作

2023-12-27 00:36:43 开始操作号码 【1895451】
2023-12-27 00:36:47 GSD getOne 第 1 次 等待 3 秒
2023-12-27 00:36:50 查询号码 【1895451】，返回信息 {"status":"ok","msg":"山东-济南","gid":"45207","time_insert":"2018-03-15 11:55","time_update":"2021-06-22 04:35"}
2023-12-27 00:36:50 查询号码 【1895451】，GSD为【"山东-济南"】

2023-12-27 00:36:51 开始第 5543 次操作

2023-12-27 00:36:51 开始操作号码 【1895452】
2023-12-27 00:36:55 GSD getOne 第 1 次 等待 3 秒
2023-12-27 00:36:58 查询号码 【1895452】，返回信息 {"status":"ok","msg":"山东-济南","gid":"474065","time_insert":"2021-08-02 02:00"}
2023-12-27 00:36:58 查询号码 【1895452】，GSD为【"山东-济南"】

2023-12-27 00:36:59 开始第 5544 次操作

2023-12-27 00:36:59 开始操作号码 【1895453】
2023-12-27 00:37:04 GSD getOne 第 1 次 等待 3 秒
2023-12-27 00:37:07 查询号码 【1895453】，返回信息 {"status":"ok","msg":"山东-济南","gid":"474055","time_insert":"2021-08-02 01:59"}
2023-12-27 00:37:07 查询号码 【1895453】，GSD为【"山东-济南"】

