2024-04-20 00:09:47 开始第 4609 次操作

2024-04-20 00:09:47 开始操作号码 【1674519】
2024-04-20 00:09:54 GSD getOne 第 1 次 等待 3 秒
2024-04-20 00:09:57 查询号码 【1674519】，返回信息 {"status":"ok","msg":"内蒙古-兴安","gid":"270978","time_insert":"2021-07-14 03:42","time_update":"2023-05-28 12:43"}
2024-04-20 00:09:57 查询号码 【1674519】，GSD为【"内蒙古-兴安"】

2024-04-20 00:09:58 开始第 4610 次操作

2024-04-20 00:09:58 开始操作号码 【1674520】
2024-04-20 00:10:07 GSD getOne 第 1 次 等待 3 秒
2024-04-20 00:10:10 查询号码 【1674520】，返回信息 {"status":"ok","msg":"内蒙古-兴安","gid":"270987","time_insert":"2021-07-14 03:42","time_update":"2023-05-28 13:13"}
2024-04-20 00:10:10 查询号码 【1674520】，GSD为【"内蒙古-兴安"】

2024-04-20 00:10:11 开始第 4611 次操作

2024-04-20 00:10:11 开始操作号码 【1674521】
2024-04-20 00:10:16 GSD getOne 第 1 次 等待 3 秒
2024-04-20 00:10:19 查询号码 【1674521】，返回信息 {"status":"ok","msg":"内蒙古-阿拉善","gid":"270992","time_insert":"2021-07-14 03:43","time_update":"2023-05-28 13:17"}
2024-04-20 00:10:19 查询号码 【1674521】，GSD为【"内蒙古-阿拉善"】

2024-04-20 00:10:20 开始第 4612 次操作

2024-04-20 00:10:20 开始操作号码 【1674522】
2024-04-20 00:10:25 GSD getOne 第 1 次 等待 3 秒
2024-04-20 00:10:28 查询号码 【1674522】，返回信息 {"status":"ok","msg":"内蒙古-阿拉善","gid":"270997","time_insert":"2021-07-14 03:43","time_update":"2023-05-28 13:19"}
2024-04-20 00:10:28 查询号码 【1674522】，GSD为【"内蒙古-阿拉善"】

2024-04-20 00:36:00 开始第 4613 次操作

2024-04-20 00:36:00 开始操作号码 【1674523】
2024-04-20 00:36:06 GSD getOne 第 1 次 等待 3 秒
2024-04-20 00:36:09 查询号码 【1674523】，返回信息 {"status":"ok","msg":"内蒙古-阿拉善","gid":"271005","time_insert":"2021-07-14 03:43","time_update":"2023-05-28 13:22"}
2024-04-20 00:36:09 查询号码 【1674523】，GSD为【"内蒙古-阿拉善"】

2024-04-20 00:36:10 开始第 4614 次操作

2024-04-20 00:36:10 开始操作号码 【1674524】
2024-04-20 00:36:16 GSD getOne 第 1 次 等待 3 秒
2024-04-20 00:36:19 查询号码 【1674524】，返回信息 {"status":"ok","msg":"内蒙古-阿拉善","gid":"271012","time_insert":"2021-07-14 03:44","time_update":"2023-05-28 13:36"}
2024-04-20 00:36:19 查询号码 【1674524】，GSD为【"内蒙古-阿拉善"】

2024-04-20 00:36:20 开始第 4615 次操作

2024-04-20 00:36:20 开始操作号码 【1674525】
2024-04-20 00:36:25 GSD getOne 第 1 次 等待 3 秒
2024-04-20 00:36:28 查询号码 【1674525】，返回信息 {"status":"ok","msg":"山东-淄博","gid":"271016","time_insert":"2021-07-14 03:44","time_update":"2023-05-28 13:39"}
2024-04-20 00:36:28 查询号码 【1674525】，GSD为【"山东-淄博"】

2024-04-20 00:36:29 开始第 4616 次操作

2024-04-20 00:36:29 开始操作号码 【1674526】
2024-04-20 00:36:33 GSD getOne 第 1 次 等待 3 秒
2024-04-20 00:36:36 查询号码 【1674526】，返回信息 {"status":"ok","msg":"山东-淄博","gid":"271021","time_insert":"2021-07-14 03:44","time_update":"2023-05-28 13:41"}
2024-04-20 00:36:36 查询号码 【1674526】，GSD为【"山东-淄博"】

2024-04-20 01:07:48 开始第 4617 次操作

2024-04-20 01:07:48 开始操作号码 【1674527】
2024-04-20 01:07:53 GSD getOne 第 1 次 等待 3 秒
2024-04-20 01:07:56 查询号码 【1674527】，返回信息 {"status":"ok","msg":"江苏-宿迁","gid":"271030","time_insert":"2021-07-14 03:45","time_update":"2023-05-28 13:45"}
2024-04-20 01:07:56 查询号码 【1674527】，GSD为【"江苏-宿迁"】

2024-04-20 01:07:57 开始第 4618 次操作

2024-04-20 01:07:57 开始操作号码 【1674528】
2024-04-20 01:08:02 GSD getOne 第 1 次 等待 3 秒
2024-04-20 01:08:05 查询号码 【1674528】，返回信息 {"status":"ok","msg":"山东-淄博","gid":"271240","time_insert":"2021-07-14 04:36","time_update":"2023-05-28 14:11"}
2024-04-20 01:08:05 查询号码 【1674528】，GSD为【"山东-淄博"】

2024-04-20 01:08:06 开始第 4619 次操作

2024-04-20 01:08:06 开始操作号码 【1674529】
2024-04-20 01:08:11 GSD getOne 第 1 次 等待 3 秒
2024-04-20 01:08:14 查询号码 【1674529】，返回信息 {"status":"ok","msg":"山东-滨州","gid":"271244","time_insert":"2021-07-14 04:37","time_update":"2023-05-28 14:13"}
2024-04-20 01:08:14 查询号码 【1674529】，GSD为【"山东-滨州"】

2024-04-20 01:08:15 开始第 4620 次操作

2024-04-20 01:08:15 开始操作号码 【1674530】
2024-04-20 01:08:21 GSD getOne 第 1 次 等待 3 秒
2024-04-20 01:08:24 查询号码 【1674530】，返回信息 {"status":"ok","msg":"山东-菏泽","gid":"271248","time_insert":"2021-07-14 04:37","time_update":"2023-05-28 14:15"}
2024-04-20 01:08:24 查询号码 【1674530】，GSD为【"山东-菏泽"】

2024-04-20 01:32:27 开始第 4621 次操作

2024-04-20 01:32:27 开始操作号码 【1674531】
2024-04-20 01:32:32 GSD getOne 第 1 次 等待 3 秒
2024-04-20 01:32:35 查询号码 【1674531】，返回信息 {"status":"ok","msg":"山东-滨州","gid":"271252","time_insert":"2021-07-14 04:37","time_update":"2023-05-28 14:18"}
2024-04-20 01:32:35 查询号码 【1674531】，GSD为【"山东-滨州"】

2024-04-20 01:32:36 开始第 4622 次操作

2024-04-20 01:32:36 开始操作号码 【1674532】
2024-04-20 01:32:41 GSD getOne 第 1 次 等待 3 秒
2024-04-20 01:32:44 查询号码 【1674532】，返回信息 {"status":"ok","msg":"山东-滨州","gid":"271256","time_insert":"2021-07-14 04:38","time_update":"2023-05-28 14:36"}
2024-04-20 01:32:44 查询号码 【1674532】，GSD为【"山东-滨州"】

2024-04-20 01:32:45 开始第 4623 次操作

2024-04-20 01:32:45 开始操作号码 【1674533】
2024-04-20 01:32:49 GSD getOne 第 1 次 等待 3 秒
2024-04-20 01:32:52 查询号码 【1674533】，返回信息 {"status":"ok","msg":"山东-淄博","gid":"271262","time_insert":"2021-07-14 04:38","time_update":"2023-05-28 14:38"}
2024-04-20 01:32:52 查询号码 【1674533】，GSD为【"山东-淄博"】

2024-04-20 01:32:53 开始第 4624 次操作

2024-04-20 01:32:53 开始操作号码 【1674534】
2024-04-20 01:32:59 GSD getOne 第 1 次 等待 3 秒
2024-04-20 01:33:02 查询号码 【1674534】，返回信息 {"status":"ok","msg":"山东-德州","gid":"271266","time_insert":"2021-07-14 04:38","time_update":"2023-05-28 14:41"}
2024-04-20 01:33:02 查询号码 【1674534】，GSD为【"山东-德州"】

2024-04-20 02:09:50 开始第 4625 次操作

2024-04-20 02:09:50 开始操作号码 【1674535】
2024-04-20 02:09:56 GSD getOne 第 1 次 等待 3 秒
2024-04-20 02:09:59 查询号码 【1674535】，返回信息 {"status":"ok","msg":"山东-威海","gid":"271274","time_insert":"2021-07-14 04:39","time_update":"2023-05-28 14:44"}
2024-04-20 02:09:59 查询号码 【1674535】，GSD为【"山东-威海"】

2024-04-20 02:10:00 开始第 4626 次操作

2024-04-20 02:10:00 开始操作号码 【1674536】
2024-04-20 02:10:01 GSD getOne 第 1 次 等待 3 秒
2024-04-20 02:10:10 GSD getOne 第 2 次 等待 3 秒
2024-04-20 02:10:13 查询号码 【1674536】，返回信息 {"status":"ok","msg":"山东-潍坊","gid":"271282","time_insert":"2021-07-14 04:39","time_update":"2023-05-28 15:13"}
2024-04-20 02:10:13 查询号码 【1674536】，GSD为【"山东-潍坊"】

2024-04-20 02:10:14 开始第 4627 次操作

2024-04-20 02:10:14 开始操作号码 【1674537】
2024-04-20 02:10:19 GSD getOne 第 1 次 等待 3 秒
2024-04-20 02:10:22 查询号码 【1674537】，返回信息 {"status":"ok","msg":"山东-威海","gid":"271292","time_insert":"2021-07-14 04:40","time_update":"2023-05-28 15:15"}
2024-04-20 02:10:22 查询号码 【1674537】，GSD为【"山东-威海"】

2024-04-20 02:10:23 开始第 4628 次操作

2024-04-20 02:10:23 开始操作号码 【1674538】
2024-04-20 02:10:28 GSD getOne 第 1 次 等待 3 秒
2024-04-20 02:10:31 查询号码 【1674538】，返回信息 {"status":"ok","msg":"山东-泰安","gid":"271303","time_insert":"2021-07-14 04:40","time_update":"2023-05-28 15:19"}
2024-04-20 02:10:31 查询号码 【1674538】，GSD为【"山东-泰安"】

2024-04-20 02:32:19 开始第 4629 次操作

2024-04-20 02:32:19 开始操作号码 【1674539】
2024-04-20 02:32:31 GSD getOne 第 1 次 等待 3 秒
2024-04-20 02:32:34 查询号码 【1674539】，返回信息 {"status":"ok","msg":"山东-临沂","gid":"271314","time_insert":"2021-07-14 04:40","time_update":"2023-05-28 15:23"}
2024-04-20 02:32:34 查询号码 【1674539】，GSD为【"山东-临沂"】

2024-04-20 02:32:35 开始第 4630 次操作

2024-04-20 02:32:35 开始操作号码 【1674540】
2024-04-20 02:32:40 GSD getOne 第 1 次 等待 3 秒
2024-04-20 02:32:43 查询号码 【1674540】，返回信息 {"status":"ok","msg":"山东-威海","gid":"271318","time_insert":"2021-07-14 04:41","time_update":"2023-05-28 15:36"}
2024-04-20 02:32:43 查询号码 【1674540】，GSD为【"山东-威海"】

2024-04-20 02:32:44 开始第 4631 次操作

2024-04-20 02:32:44 开始操作号码 【1674541】
2024-04-20 02:32:50 GSD getOne 第 1 次 等待 3 秒
2024-04-20 02:32:53 查询号码 【1674541】，返回信息 {"status":"ok","msg":"山东-临沂","gid":"271331","time_insert":"2021-07-14 04:41","time_update":"2023-05-28 15:38"}
2024-04-20 02:32:53 查询号码 【1674541】，GSD为【"山东-临沂"】

2024-04-20 02:32:54 开始第 4632 次操作

2024-04-20 02:32:54 开始操作号码 【1674542】
2024-04-20 02:32:59 GSD getOne 第 1 次 等待 3 秒
2024-04-20 02:33:02 查询号码 【1674542】，返回信息 {"status":"ok","msg":"山东-临沂","gid":"271340","time_insert":"2021-07-14 04:42","time_update":"2023-05-28 15:42"}
2024-04-20 02:33:02 查询号码 【1674542】，GSD为【"山东-临沂"】

2024-04-20 03:07:20 开始第 4633 次操作

2024-04-20 03:07:20 开始操作号码 【1674543】
2024-04-20 03:07:27 GSD getOne 第 1 次 等待 3 秒
2024-04-20 03:07:30 查询号码 【1674543】，返回信息 {"status":"ok","msg":"山东-滨州","gid":"271349","time_insert":"2021-07-14 04:42","time_update":"2023-05-28 15:45"}
2024-04-20 03:07:30 查询号码 【1674543】，GSD为【"山东-滨州"】

2024-04-20 03:07:31 开始第 4634 次操作

2024-04-20 03:07:31 开始操作号码 【1674544】
2024-04-20 03:07:36 GSD getOne 第 1 次 等待 3 秒
2024-04-20 03:07:39 查询号码 【1674544】，返回信息 {"status":"ok","msg":"山东-临沂","gid":"271357","time_insert":"2021-07-14 04:42","time_update":"2023-05-28 16:17"}
2024-04-20 03:07:39 查询号码 【1674544】，GSD为【"山东-临沂"】

2024-04-20 03:07:40 开始第 4635 次操作

2024-04-20 03:07:40 开始操作号码 【1674545】
2024-04-20 03:07:45 GSD getOne 第 1 次 等待 3 秒
2024-04-20 03:07:48 查询号码 【1674545】，返回信息 {"status":"ok","msg":"山东-日照","gid":"271368","time_insert":"2021-07-14 04:43","time_update":"2023-05-28 16:19"}
2024-04-20 03:07:48 查询号码 【1674545】，GSD为【"山东-日照"】

2024-04-20 03:07:49 开始第 4636 次操作

2024-04-20 03:07:49 开始操作号码 【1674546】
2024-04-20 03:07:54 GSD getOne 第 1 次 等待 3 秒
2024-04-20 03:07:57 查询号码 【1674546】，返回信息 {"status":"ok","msg":"山东-东营","gid":"271379","time_insert":"2021-07-14 04:43","time_update":"2023-05-28 16:21"}
2024-04-20 03:07:58 查询号码 【1674546】，GSD为【"山东-东营"】

2024-04-20 03:32:24 开始第 4637 次操作

2024-04-20 03:32:24 开始操作号码 【1674547】
2024-04-20 03:32:29 GSD getOne 第 1 次 等待 3 秒
2024-04-20 03:32:32 查询号码 【1674547】，返回信息 {"status":"ok","msg":"山东-日照","gid":"271388","time_insert":"2021-07-14 04:44","time_update":"2023-05-28 16:23"}
2024-04-20 03:32:32 查询号码 【1674547】，GSD为【"山东-日照"】

2024-04-20 03:32:33 开始第 4638 次操作

2024-04-20 03:32:33 开始操作号码 【1674548】
2024-04-20 03:32:43 GSD getOne 第 1 次 等待 3 秒
2024-04-20 03:32:46 查询号码 【1674548】，返回信息 {"status":"ok","msg":"山东-日照","gid":"271394","time_insert":"2021-07-14 04:44","time_update":"2023-05-28 16:36"}
2024-04-20 03:32:46 查询号码 【1674548】，GSD为【"山东-日照"】

2024-04-20 03:32:47 开始第 4639 次操作

2024-04-20 03:32:47 开始操作号码 【1674549】
2024-04-20 03:32:54 GSD getOne 第 1 次 等待 3 秒
2024-04-20 03:32:57 查询号码 【1674549】，返回信息 {"status":"ok","msg":"山东-潍坊","gid":"271403","time_insert":"2021-07-14 04:45","time_update":"2023-05-28 16:40"}
2024-04-20 03:32:57 查询号码 【1674549】，GSD为【"山东-潍坊"】

2024-04-20 03:32:58 开始第 4640 次操作

2024-04-20 03:32:58 开始操作号码 【1674550】
2024-04-20 03:33:06 GSD getOne 第 1 次 等待 3 秒
2024-04-20 03:33:09 查询号码 【1674550】，返回信息 {"status":"ok","msg":"安徽-滁州","gid":"271411","time_insert":"2021-07-14 04:45","time_update":"2023-05-28 16:42"}
2024-04-20 03:33:09 查询号码 【1674550】，GSD为【"安徽-滁州"】

