2024-10-11 00:23:14 开始第 9033 次操作

2024-10-11 00:23:14 开始操作号码 【1459032】
2024-10-11 00:23:16 GSD getOne 第 1 次 等待 3 秒
2024-10-11 00:23:19 查询号码 【1459032】，返回信息 {"status":"ok","msg":"广东-深圳","gid":"108508","time_insert":"2021-06-20 14:57"}
2024-10-11 00:23:19 查询号码 【1459032】，GSD为【"广东-深圳"】

2024-10-11 00:23:20 开始第 9034 次操作

2024-10-11 00:23:20 开始操作号码 【1459033】
2024-10-11 00:23:22 GSD getOne 第 1 次 等待 3 秒
2024-10-11 00:23:25 查询号码 【1459033】，返回信息 {"status":"ok","msg":"广东-深圳","gid":"108518","time_insert":"2021-06-20 15:01"}
2024-10-11 00:23:25 查询号码 【1459033】，GSD为【"广东-深圳"】

2024-10-11 00:23:26 开始第 9035 次操作

2024-10-11 00:23:26 开始操作号码 【1459034】
2024-10-11 00:23:28 GSD getOne 第 1 次 等待 3 秒
2024-10-11 00:23:31 查询号码 【1459034】，返回信息 {"status":"ok","msg":"广东-深圳","gid":"108523","time_insert":"2021-06-20 15:04"}
2024-10-11 00:23:31 查询号码 【1459034】，GSD为【"广东-深圳"】

2024-10-11 00:23:32 开始第 9036 次操作

2024-10-11 00:23:32 开始操作号码 【1459035】
2024-10-11 00:23:34 GSD getOne 第 1 次 等待 3 秒
2024-10-11 00:23:37 查询号码 【1459035】，返回信息 {"status":"ok","msg":"广东-深圳","gid":"108527","time_insert":"2021-06-20 15:08"}
2024-10-11 00:23:37 查询号码 【1459035】，GSD为【"广东-深圳"】

