2024-08-31 00:20:22 开始第 2033 次操作

2024-08-31 00:20:22 开始操作号码 【1452032】
2024-08-31 00:20:30 GSD getOne 第 1 次 等待 3 秒
2024-08-31 00:20:33 查询号码 【1452032】，返回信息 {"status":"ok","msg":"北京-北京","gid":"71345","time_insert":"2021-05-28 18:36"}
2024-08-31 00:20:33 查询号码 【1452032】，GSD为【"北京-北京"】

2024-08-31 00:20:34 开始第 2034 次操作

2024-08-31 00:20:34 开始操作号码 【1452033】
2024-08-31 00:20:42 GSD getOne 第 1 次 等待 3 秒
2024-08-31 00:20:45 查询号码 【1452033】，返回信息 {"status":"ok","msg":"北京-北京","gid":"71348","time_insert":"2021-05-28 18:41"}
2024-08-31 00:20:45 查询号码 【1452033】，GSD为【"北京-北京"】

2024-08-31 00:20:46 开始第 2035 次操作

2024-08-31 00:20:46 开始操作号码 【1452034】
2024-08-31 00:20:55 GSD getOne 第 1 次 等待 3 秒
2024-08-31 00:20:58 查询号码 【1452034】，返回信息 {"status":"ok","msg":"北京-北京","gid":"71352","time_insert":"2021-05-28 18:44"}
2024-08-31 00:20:58 查询号码 【1452034】，GSD为【"北京-北京"】

2024-08-31 00:20:59 开始第 2036 次操作

2024-08-31 00:20:59 开始操作号码 【1452035】
2024-08-31 00:21:07 GSD getOne 第 1 次 等待 3 秒
2024-08-31 00:21:10 查询号码 【1452035】，返回信息 {"status":"ok","msg":"北京-北京","gid":"71356","time_insert":"2021-05-28 18:47"}
2024-08-31 00:21:10 查询号码 【1452035】，GSD为【"北京-北京"】

