2024-11-21 00:28:02 开始第 5793 次操作

2024-11-21 00:28:02 开始操作号码 【1345792】
2024-11-21 00:28:03 GSD getOne 第 1 次 等待 3 秒
2024-11-21 00:28:06 查询号码 【1345792】，返回信息 {"status":"ok","msg":"广西-南宁","gid":"266784","time_insert":"2021-07-13 16:44"}
2024-11-21 00:28:06 查询号码 【1345792】，GSD为【"广西-南宁"】

2024-11-21 00:28:07 开始第 5794 次操作

2024-11-21 00:28:07 开始操作号码 【1345793】
2024-11-21 00:28:08 GSD getOne 第 1 次 等待 3 秒
2024-11-21 00:28:11 查询号码 【1345793】，返回信息 {"status":"ok","msg":"广西-崇左","gid":"266961","time_insert":"2021-07-13 16:55"}
2024-11-21 00:28:11 查询号码 【1345793】，GSD为【"广西-崇左"】

2024-11-21 00:28:12 开始第 5795 次操作

2024-11-21 00:28:12 开始操作号码 【1345794】
2024-11-21 00:28:13 GSD getOne 第 1 次 等待 3 秒
2024-11-21 00:28:16 查询号码 【1345794】，返回信息 {"status":"ok","msg":"广西-南宁","gid":"267013","time_insert":"2021-07-13 17:07"}
2024-11-21 00:28:16 查询号码 【1345794】，GSD为【"广西-南宁"】

2024-11-21 00:28:17 开始第 5796 次操作

2024-11-21 00:28:17 开始操作号码 【1345795】
2024-11-21 00:28:18 GSD getOne 第 1 次 等待 3 秒
2024-11-21 00:28:21 查询号码 【1345795】，返回信息 {"status":"ok","msg":"广西-崇左","gid":"4600","time_insert":"2016-05-15 15:37","time_update":"2020-12-18 15:47"}
2024-11-21 00:28:21 查询号码 【1345795】，GSD为【"广西-崇左"】

