2024-06-19 00:11:13 开始第 1965 次操作

2024-06-19 00:11:13 开始操作号码 【1561872】
2024-06-19 00:11:39 GSD getOne 第 1 次 等待 3 秒
2024-06-19 00:11:42 查询号码 【1561872】，返回信息 {"status":"ok","msg":"上海-上海","gid":"139622","time_insert":"2021-06-27 13:58"}
2024-06-19 00:11:42 查询号码 【1561872】，GSD为【"上海-上海"】

2024-06-19 00:11:43 开始第 1966 次操作

2024-06-19 00:11:43 开始操作号码 【1561873】
2024-06-19 00:11:49 GSD getOne 第 1 次 等待 3 秒
2024-06-19 00:11:52 查询号码 【1561873】，返回信息 {"status":"ok","msg":"上海-上海","gid":"22529","time_insert":"2017-04-20 15:33","time_update":"2020-12-29 22:57"}
2024-06-19 00:11:52 查询号码 【1561873】，GSD为【"上海-上海"】

2024-06-19 00:11:53 开始第 1967 次操作

2024-06-19 00:11:53 开始操作号码 【1561874】
2024-06-19 00:11:59 GSD getOne 第 1 次 等待 3 秒
2024-06-19 00:12:02 查询号码 【1561874】，返回信息 {"status":"ok","msg":"上海-上海","gid":"139655","time_insert":"2021-06-27 14:16"}
2024-06-19 00:12:02 查询号码 【1561874】，GSD为【"上海-上海"】

2024-06-19 00:12:03 开始第 1968 次操作

2024-06-19 00:12:03 开始操作号码 【1561875】
2024-06-19 00:12:09 GSD getOne 第 1 次 等待 3 秒
2024-06-19 00:12:12 查询号码 【1561875】，返回信息 {"status":"ok","msg":"上海-上海","gid":"139689","time_insert":"2021-06-27 14:35"}
2024-06-19 00:12:12 查询号码 【1561875】，GSD为【"上海-上海"】

2024-06-19 00:37:49 开始第 1969 次操作

2024-06-19 00:37:49 开始操作号码 【1561876】
2024-06-19 00:37:57 GSD getOne 第 1 次 等待 3 秒
2024-06-19 00:38:00 查询号码 【1561876】，返回信息 {"status":"ok","msg":"上海-上海","gid":"139716","time_insert":"2021-06-27 14:55"}
2024-06-19 00:38:00 查询号码 【1561876】，GSD为【"上海-上海"】

2024-06-19 00:38:01 开始第 1970 次操作

2024-06-19 00:38:01 开始操作号码 【1561877】
2024-06-19 00:38:23 GSD getOne 第 1 次 等待 3 秒
2024-06-19 00:38:26 查询号码 【1561877】，返回信息 {"status":"ok","msg":"上海-上海","gid":"139888","time_insert":"2021-06-27 15:11"}
2024-06-19 00:38:26 查询号码 【1561877】，GSD为【"上海-上海"】

2024-06-19 00:38:27 开始第 1971 次操作

2024-06-19 00:38:27 开始操作号码 【1561878】
2024-06-19 00:38:34 GSD getOne 第 1 次 等待 3 秒
2024-06-19 00:38:37 查询号码 【1561878】，返回信息 {"status":"ok","msg":"上海-上海","gid":"140008","time_insert":"2021-06-27 15:28"}
2024-06-19 00:38:37 查询号码 【1561878】，GSD为【"上海-上海"】

2024-06-19 00:38:38 开始第 1972 次操作

2024-06-19 00:38:38 开始操作号码 【1561879】
2024-06-19 00:38:44 GSD getOne 第 1 次 等待 3 秒
2024-06-19 00:38:47 查询号码 【1561879】，返回信息 {"status":"ok","msg":"上海-上海","gid":"140188","time_insert":"2021-06-27 15:49","time_update":"2021-06-29 16:34"}
2024-06-19 00:38:47 查询号码 【1561879】，GSD为【"上海-上海"】

