2024-07-16 00:10:59 开始第 6881 次操作

2024-07-16 00:10:59 开始操作号码 【1566787】
2024-07-16 00:11:07 GSD getOne 第 1 次 等待 3 秒
2024-07-16 00:11:10 查询号码 【1566787】，返回信息 {"status":"ok","msg":"陕西-安康","gid":"401116","time_insert":"2021-07-26 12:55"}
2024-07-16 00:11:10 查询号码 【1566787】，GSD为【"陕西-安康"】

2024-07-16 00:11:11 开始第 6882 次操作

2024-07-16 00:11:11 开始操作号码 【1566788】
2024-07-16 00:11:20 GSD getOne 第 1 次 等待 3 秒
2024-07-16 00:11:23 查询号码 【1566788】，返回信息 {"status":"ok","msg":"陕西-安康","gid":"401109","time_insert":"2021-07-26 12:54"}
2024-07-16 00:11:23 查询号码 【1566788】，GSD为【"陕西-安康"】

2024-07-16 00:11:24 开始第 6883 次操作

2024-07-16 00:11:24 开始操作号码 【1566789】
2024-07-16 00:11:32 GSD getOne 第 1 次 等待 3 秒
2024-07-16 00:11:35 查询号码 【1566789】，返回信息 {"status":"ok","msg":"陕西-安康","gid":"401098","time_insert":"2021-07-26 12:54"}
2024-07-16 00:11:35 查询号码 【1566789】，GSD为【"陕西-安康"】

2024-07-16 00:11:36 开始第 6884 次操作

2024-07-16 00:11:36 开始操作号码 【1566790】
2024-07-16 00:11:43 GSD getOne 第 1 次 等待 3 秒
2024-07-16 00:11:46 查询号码 【1566790】，返回信息 {"status":"ok","msg":"陕西-商洛","gid":"22681","time_insert":"2018-01-24 17:47","time_update":"2020-12-09 02:44"}
2024-07-16 00:11:46 查询号码 【1566790】，GSD为【"陕西-商洛"】

