2024-11-06 00:26:58 开始第 3269 次操作

2024-11-06 00:26:58 开始操作号码 【1343268】
2024-11-06 00:26:59 GSD getOne 第 1 次 等待 3 秒
2024-11-06 00:27:02 查询号码 【1343268】，返回信息 {"status":"ok","msg":"广东-佛山","gid":"103193","time_insert":"2021-06-18 12:53"}
2024-11-06 00:27:03 查询号码 【1343268】，GSD为【"广东-佛山"】

2024-11-06 00:27:04 开始第 3270 次操作

2024-11-06 00:27:04 开始操作号码 【1343269】
2024-11-06 00:27:04 GSD getOne 第 1 次 等待 3 秒
2024-11-06 00:27:07 查询号码 【1343269】，返回信息 {"status":"ok","msg":"广东-佛山","gid":"103215","time_insert":"2021-06-18 13:11"}
2024-11-06 00:27:07 查询号码 【1343269】，GSD为【"广东-佛山"】

2024-11-06 00:27:08 开始第 3271 次操作

2024-11-06 00:27:08 开始操作号码 【1343270】
2024-11-06 00:27:09 GSD getOne 第 1 次 等待 3 秒
2024-11-06 00:27:12 查询号码 【1343270】，返回信息 {"status":"ok","msg":"广东-清远","gid":"103239","time_insert":"2021-06-18 13:30"}
2024-11-06 00:27:12 查询号码 【1343270】，GSD为【"广东-清远"】

2024-11-06 00:27:13 开始第 3272 次操作

2024-11-06 00:27:13 开始操作号码 【1343271】
2024-11-06 00:27:14 GSD getOne 第 1 次 等待 3 秒
2024-11-06 00:27:17 查询号码 【1343271】，返回信息 {"status":"ok","msg":"广东-清远","gid":"103268","time_insert":"2021-06-18 13:53"}
2024-11-06 00:27:17 查询号码 【1343271】，GSD为【"广东-清远"】

2024-11-06 00:44:05 开始第 3273 次操作

2024-11-06 00:44:05 开始操作号码 【1343272】
2024-11-06 00:44:06 GSD getOne 第 1 次 等待 3 秒
2024-11-06 00:44:09 查询号码 【1343272】，返回信息 {"status":"ok","msg":"广东-汕尾","gid":"103299","time_insert":"2021-06-18 14:11"}
2024-11-06 00:44:09 查询号码 【1343272】，GSD为【"广东-汕尾"】

2024-11-06 00:44:10 开始第 3274 次操作

2024-11-06 00:44:10 开始操作号码 【1343273】
2024-11-06 00:44:11 GSD getOne 第 1 次 等待 3 秒
2024-11-06 00:44:14 查询号码 【1343273】，返回信息 {"status":"ok","msg":"广东-汕尾","gid":"103340","time_insert":"2021-06-18 14:38"}
2024-11-06 00:44:14 查询号码 【1343273】，GSD为【"广东-汕尾"】

2024-11-06 00:44:15 开始第 3275 次操作

2024-11-06 00:44:15 开始操作号码 【1343274】
2024-11-06 00:44:17 GSD getOne 第 1 次 等待 3 秒
2024-11-06 00:44:20 查询号码 【1343274】，返回信息 {"status":"ok","msg":"广东-汕尾","gid":"103373","time_insert":"2021-06-18 14:56"}
2024-11-06 00:44:20 查询号码 【1343274】，GSD为【"广东-汕尾"】

2024-11-06 00:44:21 开始第 3276 次操作

2024-11-06 00:44:21 开始操作号码 【1343275】
2024-11-06 00:44:23 GSD getOne 第 1 次 等待 3 秒
2024-11-06 00:44:26 查询号码 【1343275】，返回信息 {"status":"ok","msg":"广东-汕尾","gid":"103425","time_insert":"2021-06-18 15:21"}
2024-11-06 00:44:26 查询号码 【1343275】，GSD为【"广东-汕尾"】

2024-11-06 01:19:02 开始第 3277 次操作

2024-11-06 01:19:02 开始操作号码 【1343276】
2024-11-06 01:19:03 GSD getOne 第 1 次 等待 3 秒
2024-11-06 01:19:06 查询号码 【1343276】，返回信息 {"status":"ok","msg":"广东-汕尾","gid":"103494","time_insert":"2021-06-18 15:44"}
2024-11-06 01:19:06 查询号码 【1343276】，GSD为【"广东-汕尾"】

2024-11-06 01:19:07 开始第 3278 次操作

2024-11-06 01:19:07 开始操作号码 【1343277】
2024-11-06 01:19:08 GSD getOne 第 1 次 等待 3 秒
2024-11-06 01:19:11 查询号码 【1343277】，返回信息 {"status":"ok","msg":"广东-汕尾","gid":"103563","time_insert":"2021-06-18 16:08"}
2024-11-06 01:19:11 查询号码 【1343277】，GSD为【"广东-汕尾"】

2024-11-06 01:19:12 开始第 3279 次操作

2024-11-06 01:19:12 开始操作号码 【1343278】
2024-11-06 01:19:13 GSD getOne 第 1 次 等待 3 秒
2024-11-06 01:19:16 查询号码 【1343278】，返回信息 {"status":"ok","msg":"广东-汕尾","gid":"4264","time_insert":"2019-02-03 18:07","time_update":"2021-05-11 16:30"}
2024-11-06 01:19:16 查询号码 【1343278】，GSD为【"广东-汕尾"】

2024-11-06 01:19:17 开始第 3280 次操作

2024-11-06 01:19:17 开始操作号码 【1343279】
2024-11-06 01:19:18 GSD getOne 第 1 次 等待 3 秒
2024-11-06 01:19:21 查询号码 【1343279】，返回信息 {"status":"ok","msg":"广东-汕尾","gid":"103632","time_insert":"2021-06-18 16:35"}
2024-11-06 01:19:22 查询号码 【1343279】，GSD为【"广东-汕尾"】

