2024-10-03 00:24:17 开始第 7657 次操作

2024-10-03 00:24:17 开始操作号码 【1457656】
2024-10-03 00:24:19 GSD getOne 第 1 次 等待 3 秒
2024-10-03 00:24:22 查询号码 【1457656】，返回信息 {"status":"ok","msg":"江苏-南京","gid":"99141","time_insert":"2021-06-16 05:32"}
2024-10-03 00:24:22 查询号码 【1457656】，GSD为【"江苏-南京"】

2024-10-03 00:24:23 开始第 7658 次操作

2024-10-03 00:24:23 开始操作号码 【1457657】
2024-10-03 00:24:32 GSD getOne 第 1 次 等待 3 秒
2024-10-03 00:24:35 查询号码 【1457657】，返回信息 {"status":"ok","msg":"江苏-南京","gid":"99147","time_insert":"2021-06-16 05:38"}
2024-10-03 00:24:35 查询号码 【1457657】，GSD为【"江苏-南京"】

2024-10-03 00:24:36 开始第 7659 次操作

2024-10-03 00:24:36 开始操作号码 【1457658】
2024-10-03 00:24:40 GSD getOne 第 1 次 等待 3 秒
2024-10-03 00:24:43 查询号码 【1457658】，返回信息 {"status":"ok","msg":"江苏-南京","gid":"99149","time_insert":"2021-06-16 05:41"}
2024-10-03 00:24:43 查询号码 【1457658】，GSD为【"江苏-南京"】

2024-10-03 00:24:44 开始第 7660 次操作

2024-10-03 00:24:44 开始操作号码 【1457659】
2024-10-03 00:24:46 GSD getOne 第 1 次 等待 3 秒
2024-10-03 00:24:49 查询号码 【1457659】，返回信息 {"status":"ok","msg":"江苏-南京","gid":"99154","time_insert":"2021-06-16 05:44"}
2024-10-03 00:24:49 查询号码 【1457659】，GSD为【"江苏-南京"】

2024-10-03 00:45:12 开始第 7661 次操作

2024-10-03 00:45:12 开始操作号码 【1457660】
2024-10-03 00:45:14 GSD getOne 第 1 次 等待 3 秒
2024-10-03 00:45:17 查询号码 【1457660】，返回信息 {"status":"ok","msg":"江苏-南京","gid":"99159","time_insert":"2021-06-16 05:49"}
2024-10-03 00:45:17 查询号码 【1457660】，GSD为【"江苏-南京"】

2024-10-03 00:45:18 开始第 7662 次操作

2024-10-03 00:45:18 开始操作号码 【1457661】
2024-10-03 00:45:20 GSD getOne 第 1 次 等待 3 秒
2024-10-03 00:45:23 查询号码 【1457661】，返回信息 {"status":"ok","msg":"江苏-南京","gid":"99166","time_insert":"2021-06-16 05:53"}
2024-10-03 00:45:23 查询号码 【1457661】，GSD为【"江苏-南京"】

2024-10-03 00:45:25 开始第 7663 次操作

2024-10-03 00:45:25 开始操作号码 【1457662】
2024-10-03 00:45:26 GSD getOne 第 1 次 等待 3 秒
2024-10-03 00:45:29 查询号码 【1457662】，返回信息 {"status":"ok","msg":"江苏-南京","gid":"99170","time_insert":"2021-06-16 05:57"}
2024-10-03 00:45:29 查询号码 【1457662】，GSD为【"江苏-南京"】

2024-10-03 00:45:30 开始第 7664 次操作

2024-10-03 00:45:30 开始操作号码 【1457663】
2024-10-03 00:45:32 GSD getOne 第 1 次 等待 3 秒
2024-10-03 00:45:35 查询号码 【1457663】，返回信息 {"status":"ok","msg":"江苏-南京","gid":"99176","time_insert":"2021-06-16 06:00"}
2024-10-03 00:45:35 查询号码 【1457663】，GSD为【"江苏-南京"】

