2024-02-21 00:09:59 开始第 4933 次操作

2024-02-21 00:09:59 开始操作号码 【1784842】
2024-02-21 00:10:04 GSD getOne 第 1 次 等待 3 秒
2024-02-21 00:10:07 查询号码 【1784842】，返回信息 {"status":"ok","msg":"新疆-哈密","gid":"309342","time_insert":"2021-07-18 01:46"}
2024-02-21 00:10:07 查询号码 【1784842】，GSD为【"新疆-哈密"】

2024-02-21 00:10:08 开始第 4934 次操作

2024-02-21 00:10:08 开始操作号码 【1784843】
2024-02-21 00:10:13 GSD getOne 第 1 次 等待 3 秒
2024-02-21 00:10:16 查询号码 【1784843】，返回信息 {"status":"ok","msg":"新疆-吐鲁番","gid":"309331","time_insert":"2021-07-18 01:46"}
2024-02-21 00:10:16 查询号码 【1784843】，GSD为【"新疆-吐鲁番"】

2024-02-21 00:10:17 开始第 4935 次操作

2024-02-21 00:10:17 开始操作号码 【1784844】
2024-02-21 00:10:22 GSD getOne 第 1 次 等待 3 秒
2024-02-21 00:10:25 查询号码 【1784844】，返回信息 {"status":"ok","msg":"新疆-克拉玛依","gid":"309322","time_insert":"2021-07-18 01:45"}
2024-02-21 00:10:25 查询号码 【1784844】，GSD为【"新疆-克拉玛依"】

2024-02-21 00:10:26 开始第 4936 次操作

2024-02-21 00:10:26 开始操作号码 【1784845】
2024-02-21 00:10:30 GSD getOne 第 1 次 等待 3 秒
2024-02-21 00:10:33 查询号码 【1784845】，返回信息 {"status":"ok","msg":"新疆-克拉玛依","gid":"309313","time_insert":"2021-07-18 01:44"}
2024-02-21 00:10:34 查询号码 【1784845】，GSD为【"新疆-克拉玛依"】

