2021-07-02 00:00:24 开始第 8 次操作

2021-07-02 00:00:24 开始操作号码 【1733762】
2021-07-02 00:00:29 GSD getOne 第 1 次 等待 1 秒
2021-07-02 00:00:30 查询号码 【1733762】，返回信息 {"status":"bad","msg":""}
2021-07-02 00:00:30 查询号码 【1733762】，GSD为【""】
2021-07-02 00:00:30 bad
2021-07-02 00:00:32 CHB 1733762?1625155230 第 1 次 等待 1 秒
2021-07-02 00:00:33 CHB 1733762?1625155230 第 1 次 获取到号码【1733762】GSD
2021-07-02 00:00:33 获取到号码【1733762】的GSD为【河南-信阳】
2021-07-02 00:00:53 GSD insert 第 1 次 等待 1 秒
2021-07-02 00:00:54 {"status":"ok","msg":"添加成功！170100"}
2021-07-02 00:00:54 下次操作: 2021-07-02 00:01:01

2021-07-02 00:01:01 开始第 9 次操作

2021-07-02 00:01:01 开始操作号码 【1733763】
2021-07-02 00:01:22 GSD getOne 第 1 次 等待 1 秒
2021-07-02 00:01:23 查询号码 【1733763】，返回信息 {"status":"bad","msg":""}
2021-07-02 00:01:23 查询号码 【1733763】，GSD为【""】
2021-07-02 00:01:23 bad
2021-07-02 00:01:25 CHB 1733763?1625155283 第 1 次 等待 1 秒
2021-07-02 00:01:26 CHB 1733763?1625155283 第 1 次 获取到号码【1733763】GSD
2021-07-02 00:01:26 获取到号码【1733763】的GSD为【河南-信阳】
2021-07-02 00:01:46 GSD insert 第 1 次 等待 1 秒
2021-07-02 00:01:47 {"status":"ok","msg":"添加成功！170110"}
2021-07-02 00:01:47 下次操作: 2021-07-02 00:02:02

2021-07-02 00:02:02 开始第 10 次操作

2021-07-02 00:02:02 开始操作号码 【1733764】
2021-07-02 00:02:05 GSD getOne 第 1 次 等待 1 秒
2021-07-02 00:02:06 查询号码 【1733764】，返回信息 {"status":"bad","msg":""}
2021-07-02 00:02:07 查询号码 【1733764】，GSD为【""】
2021-07-02 00:02:07 bad
2021-07-02 00:02:09 CHB 1733764?1625155327 第 1 次 等待 1 秒
2021-07-02 00:02:10 CHB 1733764?1625155327 第 1 次 获取到号码【1733764】GSD
2021-07-02 00:02:10 获取到号码【1733764】的GSD为【河南-信阳】
2021-07-02 00:02:33 GSD insert 第 1 次 等待 1 秒
2021-07-02 00:02:34 {"status":"ok","msg":"添加成功！170118"}
2021-07-02 00:02:34 下次操作: 2021-07-02 00:02:43

2021-07-02 00:02:43 开始第 11 次操作

2021-07-02 00:02:43 开始操作号码 【1733765】
2021-07-02 00:02:58 GSD getOne 第 1 次 等待 1 秒
2021-07-02 00:02:59 查询号码 【1733765】，返回信息 {"status":"bad","msg":""}
2021-07-02 00:02:59 查询号码 【1733765】，GSD为【""】
2021-07-02 00:02:59 bad
2021-07-02 00:03:01 CHB 1733765?1625155379 第 1 次 等待 1 秒
2021-07-02 00:03:02 CHB 1733765?1625155379 第 1 次 获取到号码【1733765】GSD
2021-07-02 00:03:02 获取到号码【1733765】的GSD为【河南-信阳】
2021-07-02 00:03:24 GSD insert 第 1 次 等待 1 秒
2021-07-02 00:03:25 {"status":"ok","msg":"添加成功！170129"}
2021-07-02 00:03:25 下次操作: 2021-07-02 00:03:32

2021-07-02 00:03:32 开始第 12 次操作

2021-07-02 00:03:32 开始操作号码 【1733766】
2021-07-02 00:03:58 GSD getOne 第 1 次 等待 1 秒
2021-07-02 00:03:59 查询号码 【1733766】，返回信息 {"status":"bad","msg":""}
2021-07-02 00:03:59 查询号码 【1733766】，GSD为【""】
2021-07-02 00:03:59 bad
2021-07-02 00:04:01 CHB 1733766?1625155439 第 1 次 等待 1 秒
2021-07-02 00:04:02 CHB 1733766?1625155439 第 1 次 获取到号码【1733766】GSD
2021-07-02 00:04:02 获取到号码【1733766】的GSD为【河南-信阳】
2021-07-02 00:04:23 GSD insert 第 1 次 等待 1 秒
2021-07-02 00:04:24 {"status":"ok","msg":"添加成功！170138"}
2021-07-02 00:04:24 下次操作: 2021-07-02 00:04:31

2021-07-02 00:04:31 开始第 13 次操作

2021-07-02 00:04:31 开始操作号码 【1733767】
2021-07-02 00:04:50 GSD getOne 第 1 次 等待 1 秒
2021-07-02 00:04:51 查询号码 【1733767】，返回信息 {"status":"bad","msg":""}
2021-07-02 00:04:51 查询号码 【1733767】，GSD为【""】
2021-07-02 00:04:51 bad
2021-07-02 00:04:55 CHB 1733767?1625155491 第 1 次 等待 1 秒
2021-07-02 00:04:56 CHB 1733767?1625155491 第 1 次 获取到号码【1733767】GSD
2021-07-02 00:04:56 获取到号码【1733767】的GSD为【河南-信阳】
2021-07-02 00:05:18 GSD insert 第 1 次 等待 1 秒
2021-07-02 00:05:19 {"status":"ok","msg":"添加成功！170148"}
2021-07-02 00:05:19 下次操作: 2021-07-02 00:05:35

2021-07-02 00:05:35 开始第 14 次操作

2021-07-02 00:05:35 开始操作号码 【1733768】
2021-07-02 00:05:39 GSD getOne 第 1 次 等待 1 秒
2021-07-02 00:05:40 查询号码 【1733768】，返回信息 {"status":"bad","msg":""}
2021-07-02 00:05:40 查询号码 【1733768】，GSD为【""】
2021-07-02 00:05:40 bad
2021-07-02 00:05:43 CHB 1733768?1625155540 第 1 次 等待 1 秒
2021-07-02 00:05:44 CHB 1733768?1625155540 第 1 次 获取到号码【1733768】GSD
2021-07-02 00:05:44 获取到号码【1733768】的GSD为【河南-信阳】
2021-07-02 00:06:04 GSD insert 第 1 次 等待 1 秒
2021-07-02 00:06:05 {"status":"ok","msg":"添加成功！170155"}
2021-07-02 00:06:05 下次操作: 2021-07-02 00:06:17

2021-07-02 00:06:17 开始第 15 次操作

2021-07-02 00:06:17 开始操作号码 【1733769】
2021-07-02 00:06:24 GSD getOne 第 1 次 等待 1 秒
2021-07-02 00:06:25 查询号码 【1733769】，返回信息 {"status":"bad","msg":""}
2021-07-02 00:06:25 查询号码 【1733769】，GSD为【""】
2021-07-02 00:06:25 bad
2021-07-02 00:06:38 CHB 1733769?1625155585 第 1 次 等待 1 秒
2021-07-02 00:06:39 CHB 1733769?1625155585 第 1 次 获取到号码【1733769】GSD
2021-07-02 00:06:39 获取到号码【1733769】的GSD为【河南-信阳】
2021-07-02 00:06:45 GSD insert 第 1 次 等待 1 秒
2021-07-02 00:06:46 {"status":"ok","msg":"添加成功！170162"}
2021-07-02 00:06:46 下次操作: 2021-07-02 00:06:57

2021-07-02 00:06:57 开始第 16 次操作

2021-07-02 00:06:57 开始操作号码 【1733770】
2021-07-02 00:07:13 GSD getOne 第 1 次 等待 1 秒
2021-07-02 00:07:14 查询号码 【1733770】，返回信息 {"status":"bad","msg":""}
2021-07-02 00:07:14 查询号码 【1733770】，GSD为【""】
2021-07-02 00:07:14 bad
2021-07-02 00:07:17 CHB 1733770?1625155634 第 1 次 等待 1 秒
2021-07-02 00:07:18 CHB 1733770?1625155634 第 1 次 获取到号码【1733770】GSD
2021-07-02 00:07:18 获取到号码【1733770】的GSD为【河南-南阳】
2021-07-02 00:07:37 GSD insert 第 1 次 等待 1 秒
2021-07-02 00:07:38 {"status":"ok","msg":"添加成功！170169"}
2021-07-02 00:07:38 下次操作: 2021-07-02 00:07:54

2021-07-02 00:07:55 开始第 17 次操作

2021-07-02 00:07:55 开始操作号码 【1733771】
2021-07-02 00:07:58 GSD getOne 第 1 次 等待 1 秒
2021-07-02 00:07:59 查询号码 【1733771】，返回信息 {"status":"bad","msg":""}
2021-07-02 00:08:00 查询号码 【1733771】，GSD为【""】
2021-07-02 00:08:00 bad
2021-07-02 00:08:01 CHB 1733771?1625155680 第 1 次 等待 1 秒
2021-07-02 00:08:02 CHB 1733771?1625155680 第 1 次 获取到号码【1733771】GSD
2021-07-02 00:08:03 获取到号码【1733771】的GSD为【河南-南阳】
2021-07-02 00:08:22 GSD insert 第 1 次 等待 1 秒
2021-07-02 00:08:23 {"status":"ok","msg":"添加成功！170177"}
2021-07-02 00:08:23 下次操作: 2021-07-02 00:08:39

2021-07-02 00:08:39 开始第 18 次操作

2021-07-02 00:08:39 开始操作号码 【1733772】
2021-07-02 00:08:43 GSD getOne 第 1 次 等待 1 秒
2021-07-02 00:08:44 查询号码 【1733772】，返回信息 {"status":"ok","msg":"河南-南阳","time_insert":"2021-04-09 19:44"}
2021-07-02 00:08:45 查询号码 【1733772】，GSD为【"河南-南阳"】

2021-07-02 00:08:45 开始第 18 次操作

2021-07-02 00:08:45 开始操作号码 【1733773】
2021-07-02 00:09:07 GSD getOne 第 1 次 等待 1 秒
2021-07-02 00:09:08 查询号码 【1733773】，返回信息 {"status":"bad","msg":""}
2021-07-02 00:09:09 查询号码 【1733773】，GSD为【""】
2021-07-02 00:09:09 bad
2021-07-02 00:09:13 CHB 1733773?1625155749 第 1 次 等待 1 秒
2021-07-02 00:09:14 CHB 1733773?1625155749 第 1 次 获取到号码【1733773】GSD
2021-07-02 00:09:14 获取到号码【1733773】的GSD为【河南-南阳】
2021-07-02 00:09:33 GSD insert 第 1 次 等待 1 秒
2021-07-02 00:09:34 {"status":"ok","msg":"添加成功！170188"}
2021-07-02 00:09:34 下次操作: 2021-07-02 00:09:51

2021-07-02 00:09:51 开始第 19 次操作

2021-07-02 00:09:51 开始操作号码 【1733774】
2021-07-02 00:10:05 GSD getOne 第 1 次 等待 1 秒
2021-07-02 00:10:06 查询号码 【1733774】，返回信息 {"status":"bad","msg":""}
2021-07-02 00:10:06 查询号码 【1733774】，GSD为【""】
2021-07-02 00:10:06 bad
2021-07-02 00:10:08 CHB 1733774?1625155806 第 1 次 等待 1 秒
2021-07-02 00:10:09 CHB 1733774?1625155806 第 1 次 获取到号码【1733774】GSD
2021-07-02 00:10:09 获取到号码【1733774】的GSD为【河南-南阳】
2021-07-02 00:10:36 GSD insert 第 1 次 等待 1 秒
2021-07-02 00:10:37 {"status":"ok","msg":"添加成功！170195"}
2021-07-02 00:10:37 下次操作: 2021-07-02 00:10:43

2021-07-02 00:10:43 开始第 20 次操作

2021-07-02 00:10:43 开始操作号码 【1733775】
2021-07-02 00:11:02 GSD getOne 第 1 次 等待 1 秒
2021-07-02 00:11:03 查询号码 【1733775】，返回信息 {"status":"bad","msg":""}
2021-07-02 00:11:03 查询号码 【1733775】，GSD为【""】
2021-07-02 00:11:03 bad
2021-07-02 00:11:09 CHB 1733775?1625155863 第 1 次 等待 1 秒
2021-07-02 00:11:10 CHB 1733775?1625155863 第 1 次 获取到号码【1733775】GSD
2021-07-02 00:11:10 获取到号码【1733775】的GSD为【河南-南阳】
2021-07-02 00:11:29 GSD insert 第 1 次 等待 1 秒
2021-07-02 00:11:30 {"status":"ok","msg":"添加成功！170203"}
2021-07-02 00:11:30 下次操作: 2021-07-02 00:11:37

2021-07-02 00:11:37 开始第 21 次操作

2021-07-02 00:11:37 开始操作号码 【1733776】
2021-07-02 00:12:04 GSD getOne 第 1 次 等待 1 秒
2021-07-02 00:12:05 查询号码 【1733776】，返回信息 {"status":"bad","msg":""}
2021-07-02 00:12:05 查询号码 【1733776】，GSD为【""】
2021-07-02 00:12:05 bad
2021-07-02 00:12:08 CHB 1733776?1625155925 第 1 次 等待 1 秒
2021-07-02 00:12:09 CHB 1733776?1625155925 第 1 次 获取到号码【1733776】GSD
2021-07-02 00:12:09 获取到号码【1733776】的GSD为【河南-南阳】
2021-07-02 00:12:28 GSD insert 第 1 次 等待 1 秒
2021-07-02 00:12:29 {"status":"ok","msg":"添加成功！170213"}
2021-07-02 00:12:29 下次操作: 2021-07-02 00:12:39

2021-07-02 00:12:39 开始第 22 次操作

2021-07-02 00:12:39 开始操作号码 【1733777】
2021-07-02 00:12:50 GSD getOne 第 1 次 等待 1 秒
2021-07-02 00:12:51 查询号码 【1733777】，返回信息 {"status":"bad","msg":""}
2021-07-02 00:12:51 查询号码 【1733777】，GSD为【""】
2021-07-02 00:12:51 bad
2021-07-02 00:12:54 CHB 1733777?1625155971 第 1 次 等待 1 秒
2021-07-02 00:12:55 CHB 1733777?1625155971 第 1 次 获取到号码【1733777】GSD
2021-07-02 00:12:55 获取到号码【1733777】的GSD为【河南-郑州】
2021-07-02 00:13:15 GSD insert 第 1 次 等待 1 秒
2021-07-02 00:13:16 {"status":"ok","msg":"添加成功！170221"}
2021-07-02 00:13:16 下次操作: 2021-07-02 00:13:29

2021-07-02 00:13:29 开始第 23 次操作

2021-07-02 00:13:29 开始操作号码 【1733778】
2021-07-02 00:13:38 GSD getOne 第 1 次 等待 1 秒
2021-07-02 00:13:39 查询号码 【1733778】，返回信息 {"status":"bad","msg":""}
2021-07-02 00:13:39 查询号码 【1733778】，GSD为【""】
2021-07-02 00:13:39 bad
2021-07-02 00:13:41 CHB 1733778?1625156019 第 1 次 等待 1 秒
2021-07-02 00:13:42 CHB 1733778?1625156019 第 1 次 获取到号码【1733778】GSD
2021-07-02 00:13:42 获取到号码【1733778】的GSD为【河南-南阳】
2021-07-02 00:14:02 GSD insert 第 1 次 等待 1 秒
2021-07-02 00:14:03 {"status":"ok","msg":"添加成功！170227"}
2021-07-02 00:14:03 下次操作: 2021-07-02 00:14:14

2021-07-02 00:14:14 开始第 24 次操作

2021-07-02 00:14:14 开始操作号码 【1733779】
2021-07-02 00:14:25 GSD getOne 第 1 次 等待 1 秒
2021-07-02 00:14:26 查询号码 【1733779】，返回信息 {"status":"bad","msg":""}
2021-07-02 00:14:26 查询号码 【1733779】，GSD为【""】
2021-07-02 00:14:26 bad
2021-07-02 00:14:28 CHB 1733779?1625156066 第 1 次 等待 1 秒
2021-07-02 00:14:29 CHB 1733779?1625156066 第 1 次 获取到号码【1733779】GSD
2021-07-02 00:14:29 获取到号码【1733779】的GSD为【河南-南阳】
2021-07-02 00:14:48 GSD insert 第 1 次 等待 1 秒
2021-07-02 00:14:49 {"status":"ok","msg":"添加成功！170233"}
2021-07-02 00:14:49 下次操作: 2021-07-02 00:15:01

2021-07-02 00:15:01 开始第 25 次操作

2021-07-02 00:15:01 开始操作号码 【1733780】
2021-07-02 00:15:08 GSD getOne 第 1 次 等待 1 秒
2021-07-02 00:15:09 查询号码 【1733780】，返回信息 {"status":"bad","msg":""}
2021-07-02 00:15:09 查询号码 【1733780】，GSD为【""】
2021-07-02 00:15:09 bad
2021-07-02 00:15:11 CHB 1733780?1625156109 第 1 次 等待 1 秒
2021-07-02 00:15:12 CHB 1733780?1625156109 第 1 次 获取到号码【1733780】GSD
2021-07-02 00:15:12 获取到号码【1733780】的GSD为【河南-开封】
2021-07-02 00:15:37 GSD insert 第 1 次 等待 1 秒
2021-07-02 00:15:38 {"status":"ok","msg":"添加成功！170241"}
2021-07-02 00:15:38 下次操作: 2021-07-02 00:15:48

2021-07-02 00:15:48 开始第 26 次操作

2021-07-02 00:15:48 开始操作号码 【1733781】
2021-07-02 00:15:59 GSD getOne 第 1 次 等待 1 秒
2021-07-02 00:16:00 查询号码 【1733781】，返回信息 {"status":"bad","msg":""}
2021-07-02 00:16:00 查询号码 【1733781】，GSD为【""】
2021-07-02 00:16:00 bad
2021-07-02 00:16:06 CHB 1733781?1625156160 第 1 次 等待 1 秒
2021-07-02 00:16:07 CHB 1733781?1625156160 第 1 次 获取到号码【1733781】GSD
2021-07-02 00:16:07 获取到号码【1733781】的GSD为【河南-开封】
2021-07-02 00:16:27 GSD insert 第 1 次 等待 1 秒
2021-07-02 00:16:28 {"status":"ok","msg":"添加成功！170249"}
2021-07-02 00:16:28 下次操作: 2021-07-02 00:16:39

2021-07-02 00:16:39 开始第 27 次操作

2021-07-02 00:16:39 开始操作号码 【1733782】
2021-07-02 00:16:50 GSD getOne 第 1 次 等待 1 秒
2021-07-02 00:16:51 查询号码 【1733782】，返回信息 {"status":"bad","msg":""}
2021-07-02 00:16:51 查询号码 【1733782】，GSD为【""】
2021-07-02 00:16:51 bad
2021-07-02 00:16:57 CHB 1733782?1625156211 第 1 次 等待 1 秒
2021-07-02 00:16:58 CHB 1733782?1625156211 第 1 次 获取到号码【1733782】GSD
2021-07-02 00:16:58 获取到号码【1733782】的GSD为【河南-开封】
2021-07-02 00:17:17 GSD insert 第 1 次 等待 1 秒
2021-07-02 00:17:18 {"status":"ok","msg":"添加成功！170256"}
2021-07-02 00:17:18 下次操作: 2021-07-02 00:17:31

2021-07-02 00:17:31 开始第 28 次操作

2021-07-02 00:17:31 开始操作号码 【1733783】
2021-07-02 00:17:38 GSD getOne 第 1 次 等待 1 秒
2021-07-02 00:17:39 查询号码 【1733783】，返回信息 {"status":"bad","msg":""}
2021-07-02 00:17:39 查询号码 【1733783】，GSD为【""】
2021-07-02 00:17:39 bad
2021-07-02 00:17:41 CHB 1733783?1625156259 第 1 次 等待 1 秒
2021-07-02 00:17:42 CHB 1733783?1625156259 第 1 次 获取到号码【1733783】GSD
2021-07-02 00:17:42 获取到号码【1733783】的GSD为【河南-开封】
2021-07-02 00:18:01 GSD insert 第 1 次 等待 1 秒
2021-07-02 00:18:02 {"status":"ok","msg":"添加成功！170262"}
2021-07-02 00:18:02 下次操作: 2021-07-02 00:18:08

2021-07-02 00:18:08 开始第 29 次操作

2021-07-02 00:18:08 开始操作号码 【1733784】
2021-07-02 00:18:31 GSD getOne 第 1 次 等待 1 秒
2021-07-02 00:18:32 查询号码 【1733784】，返回信息 {"status":"bad","msg":""}
2021-07-02 00:18:32 查询号码 【1733784】，GSD为【""】
2021-07-02 00:18:32 bad
2021-07-02 00:18:35 CHB 1733784?1625156312 第 1 次 等待 1 秒
2021-07-02 00:18:36 CHB 1733784?1625156312 第 1 次 获取到号码【1733784】GSD
2021-07-02 00:18:36 获取到号码【1733784】的GSD为【河南-开封】
2021-07-02 00:19:00 GSD insert 第 1 次 等待 1 秒
2021-07-02 00:19:01 {"status":"ok","msg":"添加成功！170270"}
2021-07-02 00:19:01 下次操作: 2021-07-02 00:19:14

2021-07-02 00:19:14 开始第 30 次操作

2021-07-02 00:19:14 开始操作号码 【1733785】
2021-07-02 00:19:21 GSD getOne 第 1 次 等待 1 秒
2021-07-02 00:19:22 查询号码 【1733785】，返回信息 {"status":"bad","msg":""}
2021-07-02 00:19:22 查询号码 【1733785】，GSD为【""】
2021-07-02 00:19:22 bad
2021-07-02 00:19:25 CHB 1733785?1625156362 第 1 次 等待 1 秒
2021-07-02 00:19:26 CHB 1733785?1625156362 第 1 次 获取到号码【1733785】GSD
2021-07-02 00:19:26 获取到号码【1733785】的GSD为【河南-开封】
2021-07-02 00:19:51 GSD insert 第 1 次 等待 1 秒
2021-07-02 00:19:52 {"status":"ok","msg":"添加成功！170276"}

2021-07-02 01:39:34 开始第 1 次操作

2021-07-02 01:39:34 开始操作号码 【1733786】
2021-07-02 01:39:38 GSD getOne 第 1 次 等待 1 秒
2021-07-02 01:39:39 查询号码 【1733786】，返回信息 {"status":"bad","msg":""}
2021-07-02 01:39:39 查询号码 【1733786】，GSD为【""】
2021-07-02 01:39:39 bad
2021-07-02 01:39:42 CHB 1733786?1625161179 第 1 次 等待 1 秒
2021-07-02 01:39:43 CHB 1733786?1625161179 第 1 次 获取到号码【1733786】GSD
2021-07-02 01:39:43 获取到号码【1733786】的GSD为【河南-开封】
2021-07-02 01:39:49 GSD insert 第 1 次 等待 1 秒
2021-07-02 01:39:50 {"status":"ok","msg":"添加成功！170438"}
2021-07-02 01:39:50 下次操作: 2021-07-02 01:40:03

2021-07-02 01:40:03 开始第 2 次操作

2021-07-02 01:40:03 开始操作号码 【1733787】
2021-07-02 01:40:07 GSD getOne 第 1 次 等待 1 秒
2021-07-02 01:40:08 查询号码 【1733787】，返回信息 {"status":"bad","msg":""}
2021-07-02 01:40:08 查询号码 【1733787】，GSD为【""】
2021-07-02 01:40:08 bad
2021-07-02 01:40:11 CHB 1733787?1625161208 第 1 次 等待 1 秒
2021-07-02 01:40:12 CHB 1733787?1625161208 第 1 次 获取到号码【1733787】GSD
2021-07-02 01:40:12 获取到号码【1733787】的GSD为【河南-开封】
2021-07-02 01:40:17 GSD insert 第 1 次 等待 1 秒
2021-07-02 01:40:18 {"status":"ok","msg":"添加成功！170443"}
2021-07-02 01:40:18 下次操作: 2021-07-02 01:40:29

2021-07-02 01:40:29 开始第 3 次操作

2021-07-02 01:40:29 开始操作号码 【1733788】
2021-07-02 01:40:37 GSD getOne 第 1 次 等待 1 秒
2021-07-02 01:40:38 查询号码 【1733788】，返回信息 {"status":"bad","msg":""}
2021-07-02 01:40:38 查询号码 【1733788】，GSD为【""】
2021-07-02 01:40:38 bad
2021-07-02 01:40:40 CHB 1733788?1625161238 第 1 次 等待 1 秒
2021-07-02 01:40:41 CHB 1733788?1625161238 第 1 次 获取到号码【1733788】GSD
2021-07-02 01:40:41 获取到号码【1733788】的GSD为【河南-开封】
2021-07-02 01:40:45 GSD insert 第 1 次 等待 1 秒
2021-07-02 01:40:46 {"status":"ok","msg":"添加成功！170447"}
2021-07-02 01:40:46 下次操作: 2021-07-02 01:40:55

2021-07-02 01:40:55 开始第 4 次操作

2021-07-02 01:40:55 开始操作号码 【1733789】
2021-07-02 01:41:01 GSD getOne 第 1 次 等待 1 秒
2021-07-02 01:41:02 查询号码 【1733789】，返回信息 {"status":"bad","msg":""}
2021-07-02 01:41:02 查询号码 【1733789】，GSD为【""】
2021-07-02 01:41:02 bad
2021-07-02 01:41:04 CHB 1733789?1625161262 第 1 次 等待 1 秒
2021-07-02 01:41:05 CHB 1733789?1625161262 第 1 次 获取到号码【1733789】GSD
2021-07-02 01:41:05 获取到号码【1733789】的GSD为【河南-开封】
2021-07-02 01:41:10 GSD insert 第 1 次 等待 1 秒
2021-07-02 01:41:11 {"status":"ok","msg":"添加成功！170454"}
2021-07-02 01:41:12 下次操作: 2021-07-02 01:41:19

2021-07-02 01:41:19 开始第 5 次操作

2021-07-02 01:41:19 开始操作号码 【1733790】
2021-07-02 01:41:23 GSD getOne 第 1 次 等待 1 秒
2021-07-02 01:41:24 查询号码 【1733790】，返回信息 {"status":"bad","msg":""}
2021-07-02 01:41:24 查询号码 【1733790】，GSD为【""】
2021-07-02 01:41:24 bad
2021-07-02 01:41:26 CHB 1733790?1625161284 第 1 次 等待 1 秒
2021-07-02 01:41:27 CHB 1733790?1625161284 第 1 次 获取到号码【1733790】GSD
2021-07-02 01:41:27 获取到号码【1733790】的GSD为【河南-洛阳】
2021-07-02 01:41:31 GSD insert 第 1 次 等待 1 秒
2021-07-02 01:41:32 {"status":"ok","msg":"添加成功！170456"}
2021-07-02 01:41:32 下次操作: 2021-07-02 01:41:46

2021-07-02 01:41:46 开始第 6 次操作

2021-07-02 01:41:46 开始操作号码 【1733791】
2021-07-02 01:41:52 GSD getOne 第 1 次 等待 1 秒
2021-07-02 01:41:53 查询号码 【1733791】，返回信息 {"status":"bad","msg":""}
2021-07-02 01:41:53 查询号码 【1733791】，GSD为【""】
2021-07-02 01:41:53 bad
2021-07-02 01:41:55 CHB 1733791?1625161313 第 1 次 等待 1 秒
2021-07-02 01:41:56 CHB 1733791?1625161313 第 1 次 获取到号码【1733791】GSD
2021-07-02 01:41:56 获取到号码【1733791】的GSD为【河南-洛阳】
2021-07-02 01:42:01 GSD insert 第 1 次 等待 1 秒
2021-07-02 01:42:02 {"status":"ok","msg":"添加成功！170462"}
2021-07-02 01:42:02 下次操作: 2021-07-02 01:42:12

2021-07-02 01:42:12 开始第 7 次操作

2021-07-02 01:42:12 开始操作号码 【1733792】
2021-07-02 01:42:16 GSD getOne 第 1 次 等待 1 秒
2021-07-02 01:42:17 查询号码 【1733792】，返回信息 {"status":"ok","msg":"河南-洛阳","time_insert":"2017-12-18 09:37","time_update":"2020-09-11 22:34"}
2021-07-02 01:42:17 查询号码 【1733792】，GSD为【"河南-洛阳"】

2021-07-02 01:42:17 开始第 7 次操作

2021-07-02 01:42:17 开始操作号码 【1733793】
2021-07-02 01:42:21 GSD getOne 第 1 次 等待 1 秒
2021-07-02 01:42:22 查询号码 【1733793】，返回信息 {"status":"bad","msg":""}
2021-07-02 01:42:22 查询号码 【1733793】，GSD为【""】
2021-07-02 01:42:22 bad
2021-07-02 01:42:24 CHB 1733793?1625161342 第 1 次 等待 1 秒
2021-07-02 01:42:25 CHB 1733793?1625161342 第 1 次 获取到号码【1733793】GSD
2021-07-02 01:42:25 获取到号码【1733793】的GSD为【河南-洛阳】
2021-07-02 01:42:32 GSD insert 第 1 次 等待 1 秒
2021-07-02 01:42:33 {"status":"ok","msg":"添加成功！170465"}
2021-07-02 01:42:33 下次操作: 2021-07-02 01:42:40

2021-07-02 01:42:40 开始第 8 次操作

2021-07-02 01:42:40 开始操作号码 【1733794】
2021-07-02 01:42:45 GSD getOne 第 1 次 等待 1 秒
2021-07-02 01:42:46 查询号码 【1733794】，返回信息 {"status":"bad","msg":""}
2021-07-02 01:42:46 查询号码 【1733794】，GSD为【""】
2021-07-02 01:42:46 bad
2021-07-02 01:42:49 CHB 1733794?1625161366 第 1 次 等待 1 秒
2021-07-02 01:42:50 CHB 1733794?1625161366 第 1 次 获取到号码【1733794】GSD
2021-07-02 01:42:50 获取到号码【1733794】的GSD为【河南-洛阳】
2021-07-02 01:42:55 GSD insert 第 1 次 等待 1 秒
2021-07-02 01:42:56 {"status":"ok","msg":"添加成功！170473"}
2021-07-02 01:42:56 下次操作: 2021-07-02 01:43:13

2021-07-02 01:43:13 开始第 9 次操作

2021-07-02 01:43:13 开始操作号码 【1733795】
2021-07-02 01:43:17 GSD getOne 第 1 次 等待 1 秒
2021-07-02 01:43:18 查询号码 【1733795】，返回信息 {"status":"bad","msg":""}
2021-07-02 01:43:18 查询号码 【1733795】，GSD为【""】
2021-07-02 01:43:18 bad
2021-07-02 01:43:20 CHB 1733795?1625161398 第 1 次 等待 1 秒
2021-07-02 01:43:21 CHB 1733795?1625161398 第 1 次 获取到号码【1733795】GSD
2021-07-02 01:43:21 获取到号码【1733795】的GSD为【河南-洛阳】
2021-07-02 01:43:26 GSD insert 第 1 次 等待 1 秒
2021-07-02 01:43:27 {"status":"ok","msg":"添加成功！170479"}
2021-07-02 01:43:27 下次操作: 2021-07-02 01:43:41

2021-07-02 01:43:41 开始第 10 次操作

2021-07-02 01:43:41 开始操作号码 【1733796】
2021-07-02 01:43:46 GSD getOne 第 1 次 等待 1 秒
2021-07-02 01:43:47 查询号码 【1733796】，返回信息 {"status":"bad","msg":""}
2021-07-02 01:43:47 查询号码 【1733796】，GSD为【""】
2021-07-02 01:43:47 bad
2021-07-02 01:43:48 CHB 1733796?1625161427 第 1 次 等待 1 秒
2021-07-02 01:43:49 CHB 1733796?1625161427 第 1 次 获取到号码【1733796】GSD
2021-07-02 01:43:49 获取到号码【1733796】的GSD为【河南-洛阳】
2021-07-02 01:43:56 GSD insert 第 1 次 等待 1 秒
2021-07-02 01:43:57 {"status":"ok","msg":"添加成功！170485"}
2021-07-02 01:43:57 下次操作: 2021-07-02 01:44:10

2021-07-02 01:44:10 开始第 11 次操作

2021-07-02 01:44:10 开始操作号码 【1733797】
2021-07-02 01:44:15 GSD getOne 第 1 次 等待 1 秒
2021-07-02 01:44:16 查询号码 【1733797】，返回信息 {"status":"ok","msg":"河南-洛阳","time_insert":"2020-07-30 20:13"}
2021-07-02 01:44:16 查询号码 【1733797】，GSD为【"河南-洛阳"】

2021-07-02 01:44:16 开始第 11 次操作

2021-07-02 01:44:16 开始操作号码 【1733798】
2021-07-02 01:44:20 GSD getOne 第 1 次 等待 1 秒
2021-07-02 01:44:21 查询号码 【1733798】，返回信息 {"status":"bad","msg":""}
2021-07-02 01:44:21 查询号码 【1733798】，GSD为【""】
2021-07-02 01:44:21 bad
2021-07-02 01:44:24 CHB 1733798?1625161461 第 1 次 等待 1 秒
2021-07-02 01:44:25 CHB 1733798?1625161461 第 1 次 获取到号码【1733798】GSD
2021-07-02 01:44:25 获取到号码【1733798】的GSD为【河南-洛阳】
2021-07-02 01:44:28 GSD insert 第 1 次 等待 1 秒
2021-07-02 01:44:29 {"status":"ok","msg":"添加成功！170493"}
2021-07-02 01:44:29 下次操作: 2021-07-02 01:44:35

2021-07-02 01:44:35 开始第 12 次操作

2021-07-02 01:44:35 开始操作号码 【1733799】
2021-07-02 01:44:39 GSD getOne 第 1 次 等待 1 秒
2021-07-02 01:44:40 查询号码 【1733799】，返回信息 {"status":"bad","msg":""}
2021-07-02 01:44:40 查询号码 【1733799】，GSD为【""】
2021-07-02 01:44:40 bad
2021-07-02 01:44:42 CHB 1733799?1625161480 第 1 次 等待 1 秒
2021-07-02 01:44:43 CHB 1733799?1625161480 第 1 次 获取到号码【1733799】GSD
2021-07-02 01:44:43 获取到号码【1733799】的GSD为【河南-洛阳】
2021-07-02 01:44:49 GSD insert 第 1 次 等待 1 秒
2021-07-02 01:44:50 {"status":"ok","msg":"添加成功！170496"}
2021-07-02 01:44:50 下次操作: 2021-07-02 01:44:57

2021-07-02 01:44:57 开始第 13 次操作

2021-07-02 01:44:57 开始操作号码 【1733800】
2021-07-02 01:45:02 GSD getOne 第 1 次 等待 1 秒
2021-07-02 01:45:03 查询号码 【1733800】，返回信息 {"status":"bad","msg":""}
2021-07-02 01:45:03 查询号码 【1733800】，GSD为【""】
2021-07-02 01:45:03 bad
2021-07-02 01:45:05 CHB 1733800?1625161503 第 1 次 等待 1 秒
2021-07-02 01:45:06 CHB 1733800?1625161503 第 1 次 获取到号码【1733800】GSD
2021-07-02 01:45:06 获取到号码【1733800】的GSD为【福建-莆田】
2021-07-02 01:45:11 GSD insert 第 1 次 等待 1 秒
2021-07-02 01:45:12 {"status":"ok","msg":"添加成功！170501"}
2021-07-02 01:45:12 下次操作: 2021-07-02 01:45:26

2021-07-02 01:45:26 开始第 14 次操作

2021-07-02 01:45:26 开始操作号码 【1733801】
2021-07-02 01:45:31 GSD getOne 第 1 次 等待 1 秒
2021-07-02 01:45:32 查询号码 【1733801】，返回信息 {"status":"bad","msg":""}
2021-07-02 01:45:32 查询号码 【1733801】，GSD为【""】
2021-07-02 01:45:32 bad
2021-07-02 01:45:35 CHB 1733801?1625161533 第 1 次 等待 1 秒
2021-07-02 01:45:36 CHB 1733801?1625161533 第 1 次 获取到号码【1733801】GSD
2021-07-02 01:45:36 获取到号码【1733801】的GSD为【福建-莆田】
2021-07-02 01:45:40 GSD insert 第 1 次 等待 1 秒
2021-07-02 01:45:41 {"status":"ok","msg":"添加成功！170509"}
2021-07-02 01:45:41 下次操作: 2021-07-02 01:45:56

2021-07-02 01:45:56 开始第 15 次操作

2021-07-02 01:45:56 开始操作号码 【1733802】
2021-07-02 01:46:00 GSD getOne 第 1 次 等待 1 秒
2021-07-02 01:46:01 查询号码 【1733802】，返回信息 {"status":"bad","msg":""}
2021-07-02 01:46:01 查询号码 【1733802】，GSD为【""】
2021-07-02 01:46:01 bad
2021-07-02 01:46:03 CHB 1733802?1625161561 第 1 次 等待 1 秒
2021-07-02 01:46:04 CHB 1733802?1625161561 第 1 次 获取到号码【1733802】GSD
2021-07-02 01:46:04 获取到号码【1733802】的GSD为【福建-宁德】
2021-07-02 01:46:09 GSD insert 第 1 次 等待 1 秒
2021-07-02 01:46:10 {"status":"ok","msg":"添加成功！170515"}
2021-07-02 01:46:10 下次操作: 2021-07-02 01:46:22

2021-07-02 01:46:22 开始第 16 次操作

2021-07-02 01:46:22 开始操作号码 【1733803】
2021-07-02 01:46:26 GSD getOne 第 1 次 等待 1 秒
2021-07-02 01:46:27 查询号码 【1733803】，返回信息 {"status":"bad","msg":""}
2021-07-02 01:46:27 查询号码 【1733803】，GSD为【""】
2021-07-02 01:46:27 bad
2021-07-02 01:46:29 CHB 1733803?1625161587 第 1 次 等待 1 秒
2021-07-02 01:46:30 CHB 1733803?1625161587 第 1 次 获取到号码【1733803】GSD
2021-07-02 01:46:30 获取到号码【1733803】的GSD为【福建-宁德】
2021-07-02 01:46:34 GSD insert 第 1 次 等待 1 秒
2021-07-02 01:46:35 {"status":"ok","msg":"添加成功！170522"}
2021-07-02 01:46:35 下次操作: 2021-07-02 01:46:45

2021-07-02 01:46:45 开始第 17 次操作

2021-07-02 01:46:45 开始操作号码 【1733804】
2021-07-02 01:46:49 GSD getOne 第 1 次 等待 1 秒
2021-07-02 01:46:50 查询号码 【1733804】，返回信息 {"status":"bad","msg":""}
2021-07-02 01:46:50 查询号码 【1733804】，GSD为【""】
2021-07-02 01:46:50 bad
2021-07-02 01:46:52 CHB 1733804?1625161610 第 1 次 等待 1 秒
2021-07-02 01:46:53 CHB 1733804?1625161610 第 1 次 获取到号码【1733804】GSD
2021-07-02 01:46:53 获取到号码【1733804】的GSD为【福建-漳州】
2021-07-02 01:46:58 GSD insert 第 1 次 等待 1 秒
2021-07-02 01:46:59 {"status":"ok","msg":"添加成功！170525"}
2021-07-02 01:46:59 下次操作: 2021-07-02 01:47:05

2021-07-02 01:47:05 开始第 18 次操作

2021-07-02 01:47:05 开始操作号码 【1733805】
2021-07-02 01:47:09 GSD getOne 第 1 次 等待 1 秒
2021-07-02 01:47:10 查询号码 【1733805】，返回信息 {"status":"bad","msg":""}
2021-07-02 01:47:10 查询号码 【1733805】，GSD为【""】
2021-07-02 01:47:10 bad
2021-07-02 01:47:13 CHB 1733805?1625161630 第 1 次 等待 1 秒
2021-07-02 01:47:14 CHB 1733805?1625161630 第 1 次 获取到号码【1733805】GSD
2021-07-02 01:47:14 获取到号码【1733805】的GSD为【福建-漳州】
2021-07-02 01:47:19 GSD insert 第 1 次 等待 1 秒
2021-07-02 01:47:20 {"status":"ok","msg":"添加成功！170534"}
2021-07-02 01:47:20 下次操作: 2021-07-02 01:47:30

2021-07-02 01:47:30 开始第 19 次操作

2021-07-02 01:47:30 开始操作号码 【1733806】
2021-07-02 01:47:34 GSD getOne 第 1 次 等待 1 秒
2021-07-02 01:47:35 查询号码 【1733806】，返回信息 {"status":"bad","msg":""}
2021-07-02 01:47:35 查询号码 【1733806】，GSD为【""】
2021-07-02 01:47:35 bad
2021-07-02 01:47:38 CHB 1733806?1625161655 第 1 次 等待 1 秒
2021-07-02 01:47:39 CHB 1733806?1625161655 第 1 次 获取到号码【1733806】GSD
2021-07-02 01:47:39 获取到号码【1733806】的GSD为【福建-龙岩】
2021-07-02 01:47:43 GSD insert 第 1 次 等待 1 秒
2021-07-02 01:47:44 {"status":"ok","msg":"添加成功！170537"}
2021-07-02 01:47:44 下次操作: 2021-07-02 01:48:00

2021-07-02 01:48:00 开始第 20 次操作

2021-07-02 01:48:00 开始操作号码 【1733807】
2021-07-02 01:48:04 GSD getOne 第 1 次 等待 1 秒
2021-07-02 01:48:05 查询号码 【1733807】，返回信息 {"status":"bad","msg":""}
2021-07-02 01:48:05 查询号码 【1733807】，GSD为【""】
2021-07-02 01:48:05 bad
2021-07-02 01:48:06 CHB 1733807?1625161685 第 1 次 等待 1 秒
2021-07-02 01:48:07 CHB 1733807?1625161685 第 1 次 获取到号码【1733807】GSD
2021-07-02 01:48:07 获取到号码【1733807】的GSD为【福建-龙岩】
2021-07-02 01:48:12 GSD insert 第 1 次 等待 1 秒
2021-07-02 01:48:14 {"status":"ok","msg":"添加成功！170545"}
2021-07-02 01:48:14 下次操作: 2021-07-02 01:48:30

2021-07-02 01:48:30 开始第 21 次操作

2021-07-02 01:48:30 开始操作号码 【1733808】
2021-07-02 01:48:33 GSD getOne 第 1 次 等待 1 秒
2021-07-02 01:48:34 查询号码 【1733808】，返回信息 {"status":"bad","msg":""}
2021-07-02 01:48:35 查询号码 【1733808】，GSD为【""】
2021-07-02 01:48:35 bad
2021-07-02 01:48:36 CHB 1733808?1625161715 第 1 次 等待 1 秒
2021-07-02 01:48:37 CHB 1733808?1625161715 第 1 次 获取到号码【1733808】GSD
2021-07-02 01:48:37 获取到号码【1733808】的GSD为【福建-三明】
2021-07-02 01:48:41 GSD insert 第 1 次 等待 1 秒
2021-07-02 01:48:42 {"status":"ok","msg":"添加成功！170551"}
2021-07-02 01:48:42 下次操作: 2021-07-02 01:48:52

2021-07-02 01:48:52 开始第 22 次操作

2021-07-02 01:48:52 开始操作号码 【1733809】
2021-07-02 01:48:56 GSD getOne 第 1 次 等待 1 秒
2021-07-02 01:48:57 查询号码 【1733809】，返回信息 {"status":"bad","msg":""}
2021-07-02 01:48:57 查询号码 【1733809】，GSD为【""】
2021-07-02 01:48:57 bad
2021-07-02 01:48:59 CHB 1733809?1625161737 第 1 次 等待 1 秒
2021-07-02 01:49:00 CHB 1733809?1625161737 第 1 次 获取到号码【1733809】GSD
2021-07-02 01:49:00 获取到号码【1733809】的GSD为【福建-三明】
2021-07-02 01:49:04 GSD insert 第 1 次 等待 1 秒
2021-07-02 01:49:05 {"status":"ok","msg":"添加成功！170556"}
2021-07-02 01:49:05 下次操作: 2021-07-02 01:49:22

2021-07-02 01:49:22 开始第 23 次操作

2021-07-02 01:49:22 开始操作号码 【1733810】
2021-07-02 01:49:27 GSD getOne 第 1 次 等待 1 秒
2021-07-02 01:49:28 查询号码 【1733810】，返回信息 {"status":"bad","msg":""}
2021-07-02 01:49:28 查询号码 【1733810】，GSD为【""】
2021-07-02 01:49:28 bad
2021-07-02 01:49:31 CHB 1733810?1625161768 第 1 次 等待 1 秒
2021-07-02 01:49:32 CHB 1733810?1625161768 第 1 次 获取到号码【1733810】GSD
2021-07-02 01:49:32 获取到号码【1733810】的GSD为【北京-北京】
2021-07-02 01:49:36 GSD insert 第 1 次 等待 1 秒
2021-07-02 01:49:37 {"status":"ok","msg":"添加成功！170563"}
2021-07-02 01:49:37 下次操作: 2021-07-02 01:49:44

2021-07-02 01:49:44 开始第 24 次操作

2021-07-02 01:49:44 开始操作号码 【1733811】
2021-07-02 01:49:50 GSD getOne 第 1 次 等待 1 秒
2021-07-02 01:49:51 查询号码 【1733811】，返回信息 {"status":"ok","msg":"北京-北京","time_insert":"2018-09-17 11:20","time_update":"2020-12-25 11:34"}
2021-07-02 01:49:51 查询号码 【1733811】，GSD为【"北京-北京"】

2021-07-02 01:49:51 开始第 24 次操作

2021-07-02 01:49:51 开始操作号码 【1733812】
2021-07-02 01:49:55 GSD getOne 第 1 次 等待 1 秒
2021-07-02 01:49:56 查询号码 【1733812】，返回信息 {"status":"bad","msg":""}
2021-07-02 01:49:56 查询号码 【1733812】，GSD为【""】
2021-07-02 01:49:56 bad
2021-07-02 01:49:59 CHB 1733812?1625161796 第 1 次 等待 1 秒
2021-07-02 01:50:00 CHB 1733812?1625161796 第 1 次 获取到号码【1733812】GSD
2021-07-02 01:50:00 获取到号码【1733812】的GSD为【北京-北京】
2021-07-02 01:50:07 GSD insert 第 1 次 等待 1 秒
2021-07-02 01:50:08 {"status":"ok","msg":"添加成功！170569"}
2021-07-02 01:50:08 下次操作: 2021-07-02 01:50:16

2021-07-02 01:50:16 开始第 25 次操作

2021-07-02 01:50:16 开始操作号码 【1733813】
2021-07-02 01:50:22 GSD getOne 第 1 次 等待 1 秒
2021-07-02 01:50:23 查询号码 【1733813】，返回信息 {"status":"bad","msg":""}
2021-07-02 01:50:23 查询号码 【1733813】，GSD为【""】
2021-07-02 01:50:23 bad
2021-07-02 01:50:25 CHB 1733813?1625161823 第 1 次 等待 1 秒
2021-07-02 01:50:26 CHB 1733813?1625161823 第 1 次 获取到号码【1733813】GSD
2021-07-02 01:50:26 获取到号码【1733813】的GSD为【北京-北京】
2021-07-02 01:50:30 GSD insert 第 1 次 等待 1 秒
2021-07-02 01:50:31 {"status":"ok","msg":"添加成功！170576"}
2021-07-02 01:50:31 下次操作: 2021-07-02 01:50:47

2021-07-02 01:50:47 开始第 26 次操作

2021-07-02 01:50:47 开始操作号码 【1733814】
2021-07-02 01:50:51 GSD getOne 第 1 次 等待 1 秒
2021-07-02 01:50:52 查询号码 【1733814】，返回信息 {"status":"bad","msg":""}
2021-07-02 01:50:52 查询号码 【1733814】，GSD为【""】
2021-07-02 01:50:52 bad
2021-07-02 01:50:54 CHB 1733814?1625161852 第 1 次 等待 1 秒
2021-07-02 01:50:55 CHB 1733814?1625161852 第 1 次 获取到号码【1733814】GSD
2021-07-02 01:50:55 获取到号码【1733814】的GSD为【北京-北京】
2021-07-02 01:50:59 GSD insert 第 1 次 等待 1 秒
2021-07-02 01:51:00 {"status":"ok","msg":"添加成功！170584"}
2021-07-02 01:51:00 下次操作: 2021-07-02 01:51:16

2021-07-02 01:51:16 开始第 27 次操作

2021-07-02 01:51:16 开始操作号码 【1733815】
2021-07-02 01:51:21 GSD getOne 第 1 次 等待 1 秒
2021-07-02 01:51:22 查询号码 【1733815】，返回信息 {"status":"bad","msg":""}
2021-07-02 01:51:22 查询号码 【1733815】，GSD为【""】
2021-07-02 01:51:22 bad
2021-07-02 01:51:23 CHB 1733815?1625161882 第 1 次 等待 1 秒
2021-07-02 01:51:24 CHB 1733815?1625161882 第 1 次 获取到号码【1733815】GSD
2021-07-02 01:51:24 获取到号码【1733815】的GSD为【北京-北京】
2021-07-02 01:51:30 GSD insert 第 1 次 等待 1 秒
2021-07-02 01:51:31 {"status":"ok","msg":"添加成功！170592"}
2021-07-02 01:51:31 下次操作: 2021-07-02 01:51:38

2021-07-02 01:51:38 开始第 28 次操作

2021-07-02 01:51:38 开始操作号码 【1733816】
2021-07-02 01:51:42 GSD getOne 第 1 次 等待 1 秒
2021-07-02 01:51:43 查询号码 【1733816】，返回信息 {"status":"bad","msg":""}
2021-07-02 01:51:43 查询号码 【1733816】，GSD为【""】
2021-07-02 01:51:43 bad
2021-07-02 01:51:45 CHB 1733816?1625161903 第 1 次 等待 1 秒
2021-07-02 01:51:46 CHB 1733816?1625161903 第 1 次 获取到号码【1733816】GSD
2021-07-02 01:51:46 获取到号码【1733816】的GSD为【北京-北京】
2021-07-02 01:51:50 GSD insert 第 1 次 等待 1 秒
2021-07-02 01:51:51 {"status":"ok","msg":"添加成功！170595"}
2021-07-02 01:51:51 下次操作: 2021-07-02 01:52:03

2021-07-02 01:52:03 开始第 29 次操作

2021-07-02 01:52:03 开始操作号码 【1733817】
2021-07-02 01:52:07 GSD getOne 第 1 次 等待 1 秒
2021-07-02 01:52:08 查询号码 【1733817】，返回信息 {"status":"bad","msg":""}
2021-07-02 01:52:08 查询号码 【1733817】，GSD为【""】
2021-07-02 01:52:08 bad
2021-07-02 01:52:10 CHB 1733817?1625161928 第 1 次 等待 1 秒
2021-07-02 01:52:11 CHB 1733817?1625161928 第 1 次 获取到号码【1733817】GSD
2021-07-02 01:52:11 获取到号码【1733817】的GSD为【北京-北京】
2021-07-02 01:52:16 GSD insert 第 1 次 等待 1 秒
2021-07-02 01:52:17 {"status":"ok","msg":"添加成功！170603"}
2021-07-02 01:52:17 下次操作: 2021-07-02 01:52:29

2021-07-02 01:52:29 开始第 30 次操作

2021-07-02 01:52:29 开始操作号码 【1733818】
2021-07-02 01:52:33 GSD getOne 第 1 次 等待 1 秒
2021-07-02 01:52:34 查询号码 【1733818】，返回信息 {"status":"bad","msg":""}
2021-07-02 01:52:35 查询号码 【1733818】，GSD为【""】
2021-07-02 01:52:35 bad
2021-07-02 01:52:36 CHB 1733818?1625161955 第 1 次 等待 1 秒
2021-07-02 01:52:37 CHB 1733818?1625161955 第 1 次 获取到号码【1733818】GSD
2021-07-02 01:52:37 获取到号码【1733818】的GSD为【北京-北京】
2021-07-02 01:52:41 GSD insert 第 1 次 等待 1 秒
2021-07-02 01:52:42 {"status":"ok","msg":"添加成功！170607"}

