2023-11-02 00:09:45 开始第 6521 次操作

2023-11-02 00:09:45 开始操作号码 【1996430】
2023-11-02 00:09:49 GSD getOne 第 1 次 等待 3 秒
2023-11-02 00:09:52 查询号码 【1996430】，返回信息 {"status":"ok","msg":"-","gid":"519292","time_insert":"2021-08-20 09:42"}
2023-11-02 00:09:52 查询号码 【1996430】，GSD为【"-"】
2023-11-02 00:09:52 ok && -
2023-11-02 00:09:54 CHB 1996430?1698854992 第 1 次 等待 3 秒
2023-11-02 00:09:57 CHB 1996430?1698854992 第 1 次 获取到号码【1996430】GSD
2023-11-02 00:09:57 未获取到号码【1996430】GSD，可能号码格式错误
2023-11-02 00:09:57 获取到号码【1996430】的GSD为【-】
2023-11-02 00:10:03 GSD insert 第 1 次 等待 3 秒
2023-11-02 00:10:06 {"status":"bad","gid":"519292","msg":"添加失败！号码【1996430(-|-)】已存在！"}
2023-11-02 00:10:06 随机等待 214 秒，约 3 分钟
2023-11-02 00:10:06 下次操作: 2023-11-02 00:13:40

2023-11-02 00:13:40 开始第 6522 次操作

2023-11-02 00:13:40 开始操作号码 【1996431】
2023-11-02 00:13:44 GSD getOne 第 1 次 等待 3 秒
2023-11-02 00:13:47 查询号码 【1996431】，返回信息 {"status":"ok","msg":"-","gid":"519310","time_insert":"2021-08-20 09:55"}
2023-11-02 00:13:47 查询号码 【1996431】，GSD为【"-"】
2023-11-02 00:13:47 ok && -
2023-11-02 00:13:50 CHB 1996431?1698855227 第 1 次 等待 3 秒
2023-11-02 00:13:53 CHB 1996431?1698855227 第 1 次 获取到号码【1996431】GSD
2023-11-02 00:13:53 未获取到号码【1996431】GSD，可能号码格式错误
2023-11-02 00:13:53 获取到号码【1996431】的GSD为【-】
2023-11-02 00:13:59 GSD insert 第 1 次 等待 3 秒
2023-11-02 00:14:02 {"status":"bad","gid":"519310","msg":"添加失败！号码【1996431(-|-)】已存在！"}
2023-11-02 00:14:02 随机等待 119 秒，约 1 分钟
2023-11-02 00:14:02 下次操作: 2023-11-02 00:16:01

2023-11-02 00:16:01 开始第 6523 次操作

2023-11-02 00:16:01 开始操作号码 【1996432】
2023-11-02 00:16:04 GSD getOne 第 1 次 等待 3 秒
2023-11-02 00:16:07 查询号码 【1996432】，返回信息 {"status":"ok","msg":"-","gid":"519329","time_insert":"2021-08-20 10:07"}
2023-11-02 00:16:07 查询号码 【1996432】，GSD为【"-"】
2023-11-02 00:16:07 ok && -
2023-11-02 00:16:09 CHB 1996432?1698855367 第 1 次 等待 3 秒
2023-11-02 00:16:12 CHB 1996432?1698855367 第 1 次 获取到号码【1996432】GSD
2023-11-02 00:16:12 未获取到号码【1996432】GSD，可能号码格式错误
2023-11-02 00:16:12 获取到号码【1996432】的GSD为【-】
2023-11-02 00:16:15 GSD insert 第 1 次 等待 3 秒
2023-11-02 00:16:18 {"status":"bad","gid":"519329","msg":"添加失败！号码【1996432(-|-)】已存在！"}
2023-11-02 00:16:18 随机等待 74 秒，约 1 分钟
2023-11-02 00:16:18 下次操作: 2023-11-02 00:17:32

2023-11-02 00:17:32 开始第 6524 次操作

2023-11-02 00:17:32 开始操作号码 【1996433】
2023-11-02 00:17:35 GSD getOne 第 1 次 等待 3 秒
2023-11-02 00:17:38 查询号码 【1996433】，返回信息 {"status":"ok","msg":"-","gid":"519350","time_insert":"2021-08-20 10:21"}
2023-11-02 00:17:38 查询号码 【1996433】，GSD为【"-"】
2023-11-02 00:17:38 ok && -
2023-11-02 00:17:40 CHB 1996433?1698855458 第 1 次 等待 3 秒
2023-11-02 00:17:43 CHB 1996433?1698855458 第 1 次 获取到号码【1996433】GSD
2023-11-02 00:17:43 未获取到号码【1996433】GSD，可能号码格式错误
2023-11-02 00:17:43 获取到号码【1996433】的GSD为【-】
2023-11-02 00:17:46 GSD insert 第 1 次 等待 3 秒
2023-11-02 00:17:49 {"status":"bad","gid":"519350","msg":"添加失败！号码【1996433(-|-)】已存在！"}

2023-11-02 00:36:52 开始第 6525 次操作

2023-11-02 00:36:52 开始操作号码 【1996434】
2023-11-02 00:36:55 GSD getOne 第 1 次 等待 3 秒
2023-11-02 00:36:58 查询号码 【1996434】，返回信息 {"status":"ok","msg":"-","gid":"519367","time_insert":"2021-08-20 10:32"}
2023-11-02 00:36:58 查询号码 【1996434】，GSD为【"-"】
2023-11-02 00:36:58 ok && -
2023-11-02 00:37:00 CHB 1996434?1698856618 第 1 次 等待 3 秒
2023-11-02 00:37:03 CHB 1996434?1698856618 第 1 次 获取到号码【1996434】GSD
2023-11-02 00:37:03 未获取到号码【1996434】GSD，可能号码格式错误
2023-11-02 00:37:03 获取到号码【1996434】的GSD为【-】
2023-11-02 00:37:06 GSD insert 第 1 次 等待 3 秒
2023-11-02 00:37:09 {"status":"bad","gid":"519367","msg":"添加失败！号码【1996434(-|-)】已存在！"}
2023-11-02 00:37:09 随机等待 142 秒，约 2 分钟
2023-11-02 00:37:09 下次操作: 2023-11-02 00:39:31

2023-11-02 00:39:31 开始第 6526 次操作

2023-11-02 00:39:31 开始操作号码 【1996435】
2023-11-02 00:39:34 GSD getOne 第 1 次 等待 3 秒
2023-11-02 00:39:37 查询号码 【1996435】，返回信息 {"status":"ok","msg":"-","gid":"519385","time_insert":"2021-08-20 10:45"}
2023-11-02 00:39:37 查询号码 【1996435】，GSD为【"-"】
2023-11-02 00:39:37 ok && -
2023-11-02 00:39:40 CHB 1996435?1698856777 第 1 次 等待 3 秒
2023-11-02 00:39:43 CHB 1996435?1698856777 第 1 次 获取到号码【1996435】GSD
2023-11-02 00:39:43 未获取到号码【1996435】GSD，可能号码格式错误
2023-11-02 00:39:43 获取到号码【1996435】的GSD为【-】
2023-11-02 00:39:46 GSD insert 第 1 次 等待 3 秒
2023-11-02 00:39:49 {"status":"bad","gid":"519385","msg":"添加失败！号码【1996435(-|-)】已存在！"}
2023-11-02 00:39:49 随机等待 77 秒，约 1 分钟
2023-11-02 00:39:49 下次操作: 2023-11-02 00:41:06

2023-11-02 00:41:06 开始第 6527 次操作

2023-11-02 00:41:06 开始操作号码 【1996436】
2023-11-02 00:41:08 GSD getOne 第 1 次 等待 3 秒
2023-11-02 00:41:11 查询号码 【1996436】，返回信息 {"status":"ok","msg":"-","gid":"519406","time_insert":"2021-08-20 10:59"}
2023-11-02 00:41:12 查询号码 【1996436】，GSD为【"-"】
2023-11-02 00:41:12 ok && -
2023-11-02 00:41:14 CHB 1996436?1698856872 第 1 次 等待 3 秒
2023-11-02 00:41:17 CHB 1996436?1698856872 第 1 次 获取到号码【1996436】GSD
2023-11-02 00:41:17 未获取到号码【1996436】GSD，可能号码格式错误
2023-11-02 00:41:17 获取到号码【1996436】的GSD为【-】
2023-11-02 00:41:20 GSD insert 第 1 次 等待 3 秒
2023-11-02 00:41:23 {"status":"bad","gid":"519406","msg":"添加失败！号码【1996436(-|-)】已存在！"}
2023-11-02 00:41:23 随机等待 181 秒，约 3 分钟
2023-11-02 00:41:23 下次操作: 2023-11-02 00:44:24

2023-11-02 00:44:24 开始第 6528 次操作

2023-11-02 00:44:24 开始操作号码 【1996437】
2023-11-02 00:44:31 GSD getOne 第 1 次 等待 3 秒
2023-11-02 00:44:34 查询号码 【1996437】，返回信息 {"status":"ok","msg":"-","gid":"519427","time_insert":"2021-08-20 11:15"}
2023-11-02 00:44:34 查询号码 【1996437】，GSD为【"-"】
2023-11-02 00:44:34 ok && -
2023-11-02 00:44:36 CHB 1996437?1698857074 第 1 次 等待 3 秒
2023-11-02 00:44:39 CHB 1996437?1698857074 第 1 次 获取到号码【1996437】GSD
2023-11-02 00:44:39 未获取到号码【1996437】GSD，可能号码格式错误
2023-11-02 00:44:39 获取到号码【1996437】的GSD为【-】
2023-11-02 00:44:46 GSD insert 第 1 次 等待 3 秒
2023-11-02 00:44:49 {"status":"bad","gid":"519427","msg":"添加失败！号码【1996437(-|-)】已存在！"}

2023-11-02 01:06:57 开始第 6529 次操作

2023-11-02 01:06:57 开始操作号码 【1996438】
2023-11-02 01:07:00 GSD getOne 第 1 次 等待 3 秒
2023-11-02 01:07:03 查询号码 【1996438】，返回信息 {"status":"ok","msg":"-","gid":"519445","time_insert":"2021-08-20 11:28"}
2023-11-02 01:07:03 查询号码 【1996438】，GSD为【"-"】
2023-11-02 01:07:03 ok && -
2023-11-02 01:07:06 CHB 1996438?1698858423 第 1 次 等待 3 秒
2023-11-02 01:07:09 CHB 1996438?1698858423 第 1 次 获取到号码【1996438】GSD
2023-11-02 01:07:09 未获取到号码【1996438】GSD，可能号码格式错误
2023-11-02 01:07:09 获取到号码【1996438】的GSD为【-】
2023-11-02 01:07:14 GSD insert 第 1 次 等待 3 秒
2023-11-02 01:07:17 {"status":"bad","gid":"519445","msg":"添加失败！号码【1996438(-|-)】已存在！"}
2023-11-02 01:07:17 随机等待 184 秒，约 3 分钟
2023-11-02 01:07:17 下次操作: 2023-11-02 01:10:21

2023-11-02 01:10:21 开始第 6530 次操作

2023-11-02 01:10:21 开始操作号码 【1996439】
2023-11-02 01:10:24 GSD getOne 第 1 次 等待 3 秒
2023-11-02 01:10:27 查询号码 【1996439】，返回信息 {"status":"ok","msg":"-","gid":"519465","time_insert":"2021-08-20 11:42"}
2023-11-02 01:10:27 查询号码 【1996439】，GSD为【"-"】
2023-11-02 01:10:27 ok && -
2023-11-02 01:10:30 CHB 1996439?1698858627 第 1 次 等待 3 秒
2023-11-02 01:10:33 CHB 1996439?1698858627 第 1 次 获取到号码【1996439】GSD
2023-11-02 01:10:33 未获取到号码【1996439】GSD，可能号码格式错误
2023-11-02 01:10:33 获取到号码【1996439】的GSD为【-】
2023-11-02 01:10:36 GSD insert 第 1 次 等待 3 秒
2023-11-02 01:10:39 {"status":"bad","gid":"519465","msg":"添加失败！号码【1996439(-|-)】已存在！"}
2023-11-02 01:10:39 随机等待 109 秒，约 1 分钟
2023-11-02 01:10:39 下次操作: 2023-11-02 01:12:28

2023-11-02 01:12:28 开始第 6531 次操作

2023-11-02 01:12:28 开始操作号码 【1996440】
2023-11-02 01:12:30 GSD getOne 第 1 次 等待 3 秒
2023-11-02 01:12:33 查询号码 【1996440】，返回信息 {"status":"ok","msg":"-","gid":"519479","time_insert":"2021-08-20 11:52"}
2023-11-02 01:12:33 查询号码 【1996440】，GSD为【"-"】
2023-11-02 01:12:33 ok && -
2023-11-02 01:12:35 CHB 1996440?1698858753 第 1 次 等待 3 秒
2023-11-02 01:12:38 CHB 1996440?1698858753 第 1 次 获取到号码【1996440】GSD
2023-11-02 01:12:38 未获取到号码【1996440】GSD，可能号码格式错误
2023-11-02 01:12:38 获取到号码【1996440】的GSD为【-】
2023-11-02 01:12:41 GSD insert 第 1 次 等待 3 秒
2023-11-02 01:12:44 {"status":"bad","gid":"519479","msg":"添加失败！号码【1996440(-|-)】已存在！"}
2023-11-02 01:12:44 随机等待 209 秒，约 3 分钟
2023-11-02 01:12:44 下次操作: 2023-11-02 01:16:13

2023-11-02 01:16:13 开始第 6532 次操作

2023-11-02 01:16:13 开始操作号码 【1996441】
2023-11-02 01:16:16 GSD getOne 第 1 次 等待 3 秒
2023-11-02 01:16:19 查询号码 【1996441】，返回信息 {"status":"ok","msg":"-","gid":"519498","time_insert":"2021-08-20 12:05"}
2023-11-02 01:16:19 查询号码 【1996441】，GSD为【"-"】
2023-11-02 01:16:19 ok && -
2023-11-02 01:16:21 CHB 1996441?1698858979 第 1 次 等待 3 秒
2023-11-02 01:16:24 CHB 1996441?1698858979 第 1 次 获取到号码【1996441】GSD
2023-11-02 01:16:24 未获取到号码【1996441】GSD，可能号码格式错误
2023-11-02 01:16:24 获取到号码【1996441】的GSD为【-】
2023-11-02 01:16:30 GSD insert 第 1 次 等待 3 秒
2023-11-02 01:16:33 {"status":"bad","gid":"519498","msg":"添加失败！号码【1996441(-|-)】已存在！"}

