2024-10-25 00:25:14 开始第 1249 次操作

2024-10-25 00:25:14 开始操作号码 【1341248】
2024-10-25 00:25:15 GSD getOne 第 1 次 等待 3 秒
2024-10-25 00:25:18 查询号码 【1341248】，返回信息 {"status":"ok","msg":"广东-东莞","gid":"63971","time_insert":"2021-05-21 13:07"}
2024-10-25 00:25:18 查询号码 【1341248】，GSD为【"广东-东莞"】

2024-10-25 00:25:19 开始第 1250 次操作

2024-10-25 00:25:19 开始操作号码 【1341249】
2024-10-25 00:25:20 GSD getOne 第 1 次 等待 3 秒
2024-10-25 00:25:23 查询号码 【1341249】，返回信息 {"status":"ok","msg":"广东-东莞","gid":"4037","time_insert":"2020-05-06 14:52","time_update":"2020-09-25 09:41"}
2024-10-25 00:25:23 查询号码 【1341249】，GSD为【"广东-东莞"】

2024-10-25 00:25:24 开始第 1251 次操作

2024-10-25 00:25:24 开始操作号码 【1341250】
2024-10-25 00:25:25 GSD getOne 第 1 次 等待 3 秒
2024-10-25 00:25:28 查询号码 【1341250】，返回信息 {"status":"ok","msg":"广东-东莞","gid":"63981","time_insert":"2021-05-21 13:37"}
2024-10-25 00:25:28 查询号码 【1341250】，GSD为【"广东-东莞"】

2024-10-25 00:25:29 开始第 1252 次操作

2024-10-25 00:25:29 开始操作号码 【1341251】
2024-10-25 00:25:30 GSD getOne 第 1 次 等待 3 秒
2024-10-25 00:25:33 查询号码 【1341251】，返回信息 {"status":"ok","msg":"广东-东莞","gid":"64003","time_insert":"2021-05-21 14:02"}
2024-10-25 00:25:33 查询号码 【1341251】，GSD为【"广东-东莞"】

2024-10-25 00:46:12 开始第 1253 次操作

2024-10-25 00:46:12 开始操作号码 【1341252】
2024-10-25 00:46:15 GSD getOne 第 1 次 等待 3 秒
2024-10-25 00:46:18 查询号码 【1341252】，返回信息 {"status":"ok","msg":"广东-东莞","gid":"64027","time_insert":"2021-05-21 14:27"}
2024-10-25 00:46:18 查询号码 【1341252】，GSD为【"广东-东莞"】

2024-10-25 00:46:19 开始第 1254 次操作

2024-10-25 00:46:19 开始操作号码 【1341253】
2024-10-25 00:46:19 GSD getOne 第 1 次 等待 3 秒
2024-10-25 00:46:22 查询号码 【1341253】，返回信息 {"status":"ok","msg":"广东-东莞","gid":"64037","time_insert":"2021-05-21 14:55"}
2024-10-25 00:46:23 查询号码 【1341253】，GSD为【"广东-东莞"】

2024-10-25 00:46:24 开始第 1255 次操作

2024-10-25 00:46:24 开始操作号码 【1341254】
2024-10-25 00:46:24 GSD getOne 第 1 次 等待 3 秒
2024-10-25 00:46:27 查询号码 【1341254】，返回信息 {"status":"ok","msg":"广东-东莞","gid":"64044","time_insert":"2021-05-21 15:11"}
2024-10-25 00:46:28 查询号码 【1341254】，GSD为【"广东-东莞"】

2024-10-25 00:46:29 开始第 1256 次操作

2024-10-25 00:46:29 开始操作号码 【1341255】
2024-10-25 00:46:29 GSD getOne 第 1 次 等待 3 秒
2024-10-25 00:46:32 查询号码 【1341255】，返回信息 {"status":"ok","msg":"广东-东莞","gid":"64050","time_insert":"2021-05-21 15:33"}
2024-10-25 00:46:32 查询号码 【1341255】，GSD为【"广东-东莞"】

2024-10-25 01:18:10 开始第 1257 次操作

2024-10-25 01:18:10 开始操作号码 【1341256】
2024-10-25 01:18:11 GSD getOne 第 1 次 等待 3 秒
2024-10-25 01:18:14 查询号码 【1341256】，返回信息 {"status":"ok","msg":"广东-东莞","gid":"64059","time_insert":"2021-05-21 15:55"}
2024-10-25 01:18:14 查询号码 【1341256】，GSD为【"广东-东莞"】

2024-10-25 01:18:15 开始第 1258 次操作

2024-10-25 01:18:15 开始操作号码 【1341257】
2024-10-25 01:18:16 GSD getOne 第 1 次 等待 3 秒
2024-10-25 01:18:19 查询号码 【1341257】，返回信息 {"status":"ok","msg":"广东-东莞","gid":"64065","time_insert":"2021-05-21 16:10"}
2024-10-25 01:18:19 查询号码 【1341257】，GSD为【"广东-东莞"】

2024-10-25 01:18:20 开始第 1259 次操作

2024-10-25 01:18:20 开始操作号码 【1341258】
2024-10-25 01:18:21 GSD getOne 第 1 次 等待 3 秒
2024-10-25 01:18:24 查询号码 【1341258】，返回信息 {"status":"ok","msg":"广东-东莞","gid":"64089","time_insert":"2021-05-21 16:34"}
2024-10-25 01:18:24 查询号码 【1341258】，GSD为【"广东-东莞"】

2024-10-25 01:18:25 开始第 1260 次操作

2024-10-25 01:18:25 开始操作号码 【1341259】
2024-10-25 01:18:26 GSD getOne 第 1 次 等待 3 秒
2024-10-25 01:18:29 查询号码 【1341259】，返回信息 {"status":"ok","msg":"广东-东莞","gid":"64107","time_insert":"2021-05-21 16:53"}
2024-10-25 01:18:29 查询号码 【1341259】，GSD为【"广东-东莞"】

2024-10-25 01:39:46 开始第 1261 次操作

2024-10-25 01:39:46 开始操作号码 【1341260】
2024-10-25 01:39:47 GSD getOne 第 1 次 等待 3 秒
2024-10-25 01:39:50 查询号码 【1341260】，返回信息 {"status":"ok","msg":"广东-东莞","gid":"64115","time_insert":"2021-05-21 17:10"}
2024-10-25 01:39:50 查询号码 【1341260】，GSD为【"广东-东莞"】

2024-10-25 01:39:51 开始第 1262 次操作

2024-10-25 01:39:51 开始操作号码 【1341261】
2024-10-25 01:39:52 GSD getOne 第 1 次 等待 3 秒
2024-10-25 01:39:55 查询号码 【1341261】，返回信息 {"status":"ok","msg":"广东-东莞","gid":"64124","time_insert":"2021-05-21 17:37"}
2024-10-25 01:39:55 查询号码 【1341261】，GSD为【"广东-东莞"】

2024-10-25 01:39:56 开始第 1263 次操作

2024-10-25 01:39:56 开始操作号码 【1341262】
2024-10-25 01:39:58 GSD getOne 第 1 次 等待 3 秒
2024-10-25 01:40:01 查询号码 【1341262】，返回信息 {"status":"ok","msg":"广东-东莞","gid":"64133","time_insert":"2021-05-21 17:53"}
2024-10-25 01:40:01 查询号码 【1341262】，GSD为【"广东-东莞"】

2024-10-25 01:40:02 开始第 1264 次操作

2024-10-25 01:40:02 开始操作号码 【1341263】
2024-10-25 01:40:03 GSD getOne 第 1 次 等待 3 秒
2024-10-25 01:40:06 查询号码 【1341263】，返回信息 {"status":"ok","msg":"广东-东莞","gid":"64145","time_insert":"2021-05-21 18:14"}
2024-10-25 01:40:06 查询号码 【1341263】，GSD为【"广东-东莞"】

2024-10-25 02:28:41 开始第 1265 次操作

2024-10-25 02:28:41 开始操作号码 【1341264】
2024-10-25 02:28:42 GSD getOne 第 1 次 等待 3 秒
2024-10-25 02:28:45 查询号码 【1341264】，返回信息 {"status":"ok","msg":"广东-东莞","gid":"64156","time_insert":"2021-05-21 18:37"}
2024-10-25 02:28:45 查询号码 【1341264】，GSD为【"广东-东莞"】

2024-10-25 02:28:46 开始第 1266 次操作

2024-10-25 02:28:46 开始操作号码 【1341265】
2024-10-25 02:28:47 GSD getOne 第 1 次 等待 3 秒
2024-10-25 02:28:50 查询号码 【1341265】，返回信息 {"status":"ok","msg":"广东-东莞","gid":"64162","time_insert":"2021-05-21 18:55"}
2024-10-25 02:28:50 查询号码 【1341265】，GSD为【"广东-东莞"】

2024-10-25 02:28:51 开始第 1267 次操作

2024-10-25 02:28:51 开始操作号码 【1341266】
2024-10-25 02:28:52 GSD getOne 第 1 次 等待 3 秒
2024-10-25 02:28:55 查询号码 【1341266】，返回信息 {"status":"ok","msg":"广东-东莞","gid":"4038","time_insert":"2019-11-15 11:24","time_update":"2020-09-25 09:46"}
2024-10-25 02:28:55 查询号码 【1341266】，GSD为【"广东-东莞"】

2024-10-25 02:28:56 开始第 1268 次操作

2024-10-25 02:28:56 开始操作号码 【1341267】
2024-10-25 02:28:57 GSD getOne 第 1 次 等待 3 秒
2024-10-25 02:29:00 查询号码 【1341267】，返回信息 {"status":"ok","msg":"广东-东莞","gid":"64173","time_insert":"2021-05-21 19:24"}
2024-10-25 02:29:00 查询号码 【1341267】，GSD为【"广东-东莞"】

2024-10-25 02:46:22 开始第 1269 次操作

2024-10-25 02:46:22 开始操作号码 【1341268】
2024-10-25 02:46:23 GSD getOne 第 1 次 等待 3 秒
2024-10-25 02:46:26 查询号码 【1341268】，返回信息 {"status":"ok","msg":"广东-东莞","gid":"64183","time_insert":"2021-05-21 19:45"}
2024-10-25 02:46:26 查询号码 【1341268】，GSD为【"广东-东莞"】

2024-10-25 02:46:27 开始第 1270 次操作

2024-10-25 02:46:27 开始操作号码 【1341269】
2024-10-25 02:46:28 GSD getOne 第 1 次 等待 3 秒
2024-10-25 02:46:31 查询号码 【1341269】，返回信息 {"status":"ok","msg":"广东-东莞","gid":"4039","time_insert":"2019-01-02 18:44","time_update":"2020-09-25 09:50"}
2024-10-25 02:46:31 查询号码 【1341269】，GSD为【"广东-东莞"】

2024-10-25 02:46:32 开始第 1271 次操作

2024-10-25 02:46:32 开始操作号码 【1341270】
2024-10-25 02:46:33 GSD getOne 第 1 次 等待 3 秒
2024-10-25 02:46:36 查询号码 【1341270】，返回信息 {"status":"ok","msg":"广东-东莞","gid":"64191","time_insert":"2021-05-21 20:05"}
2024-10-25 02:46:36 查询号码 【1341270】，GSD为【"广东-东莞"】

2024-10-25 02:46:37 开始第 1272 次操作

2024-10-25 02:46:37 开始操作号码 【1341271】
2024-10-25 02:46:38 GSD getOne 第 1 次 等待 3 秒
2024-10-25 02:46:41 查询号码 【1341271】，返回信息 {"status":"ok","msg":"广东-东莞","gid":"64197","time_insert":"2021-05-21 20:20"}
2024-10-25 02:46:41 查询号码 【1341271】，GSD为【"广东-东莞"】

2024-10-25 03:17:28 开始第 1273 次操作

2024-10-25 03:17:28 开始操作号码 【1341272】
2024-10-25 03:17:30 GSD getOne 第 1 次 等待 3 秒
2024-10-25 03:17:33 查询号码 【1341272】，返回信息 {"status":"ok","msg":"广东-东莞","gid":"64209","time_insert":"2021-05-21 20:47"}
2024-10-25 03:17:33 查询号码 【1341272】，GSD为【"广东-东莞"】

2024-10-25 03:17:34 开始第 1274 次操作

2024-10-25 03:17:34 开始操作号码 【1341273】
2024-10-25 03:17:35 GSD getOne 第 1 次 等待 3 秒
2024-10-25 03:17:38 查询号码 【1341273】，返回信息 {"status":"ok","msg":"广东-东莞","gid":"64218","time_insert":"2021-05-21 21:08"}
2024-10-25 03:17:38 查询号码 【1341273】，GSD为【"广东-东莞"】

2024-10-25 03:17:39 开始第 1275 次操作

2024-10-25 03:17:39 开始操作号码 【1341274】
2024-10-25 03:17:40 GSD getOne 第 1 次 等待 3 秒
2024-10-25 03:17:43 查询号码 【1341274】，返回信息 {"status":"ok","msg":"广东-东莞","gid":"64229","time_insert":"2021-05-21 21:37"}
2024-10-25 03:17:43 查询号码 【1341274】，GSD为【"广东-东莞"】

2024-10-25 03:17:44 开始第 1276 次操作

2024-10-25 03:17:44 开始操作号码 【1341275】
2024-10-25 03:17:45 GSD getOne 第 1 次 等待 3 秒
2024-10-25 03:17:48 查询号码 【1341275】，返回信息 {"status":"ok","msg":"广东-东莞","gid":"64238","time_insert":"2021-05-21 21:57"}
2024-10-25 03:17:48 查询号码 【1341275】，GSD为【"广东-东莞"】

2024-10-25 03:38:25 开始第 1277 次操作

2024-10-25 03:38:25 开始操作号码 【1341276】
2024-10-25 03:38:26 GSD getOne 第 1 次 等待 3 秒
2024-10-25 03:38:29 查询号码 【1341276】，返回信息 {"status":"ok","msg":"广东-东莞","gid":"64247","time_insert":"2021-05-21 22:16"}
2024-10-25 03:38:29 查询号码 【1341276】，GSD为【"广东-东莞"】

2024-10-25 03:38:30 开始第 1278 次操作

2024-10-25 03:38:30 开始操作号码 【1341277】
2024-10-25 03:38:31 GSD getOne 第 1 次 等待 3 秒
2024-10-25 03:38:34 查询号码 【1341277】，返回信息 {"status":"ok","msg":"广东-东莞","gid":"64259","time_insert":"2021-05-21 22:42","time_update":"2021-05-21 22:59"}
2024-10-25 03:38:34 查询号码 【1341277】，GSD为【"广东-东莞"】

2024-10-25 03:38:35 开始第 1279 次操作

2024-10-25 03:38:35 开始操作号码 【1341278】
2024-10-25 03:38:36 GSD getOne 第 1 次 等待 3 秒
2024-10-25 03:38:39 查询号码 【1341278】，返回信息 {"status":"ok","msg":"广东-东莞","gid":"64276","time_insert":"2021-05-21 23:17"}
2024-10-25 03:38:39 查询号码 【1341278】，GSD为【"广东-东莞"】

2024-10-25 03:38:40 开始第 1280 次操作

2024-10-25 03:38:40 开始操作号码 【1341279】
2024-10-25 03:38:41 GSD getOne 第 1 次 等待 3 秒
2024-10-25 03:38:44 查询号码 【1341279】，返回信息 {"status":"ok","msg":"广东-东莞","gid":"64286","time_insert":"2021-05-21 23:41"}
2024-10-25 03:38:44 查询号码 【1341279】，GSD为【"广东-东莞"】

2024-10-25 04:22:55 开始第 1281 次操作

2024-10-25 04:22:55 开始操作号码 【1341280】
2024-10-25 04:22:56 GSD getOne 第 1 次 等待 3 秒
2024-10-25 04:22:59 查询号码 【1341280】，返回信息 {"status":"ok","msg":"广东-东莞","gid":"4040","time_insert":"2014-05-16 15:26","time_update":"2020-09-25 09:51"}
2024-10-25 04:22:59 查询号码 【1341280】，GSD为【"广东-东莞"】

2024-10-25 04:23:00 开始第 1282 次操作

2024-10-25 04:23:00 开始操作号码 【1341281】
2024-10-25 04:23:01 GSD getOne 第 1 次 等待 3 秒
2024-10-25 04:23:04 查询号码 【1341281】，返回信息 {"status":"ok","msg":"广东-东莞","gid":"64296","time_insert":"2021-05-22 00:03"}
2024-10-25 04:23:04 查询号码 【1341281】，GSD为【"广东-东莞"】

2024-10-25 04:23:05 开始第 1283 次操作

2024-10-25 04:23:05 开始操作号码 【1341282】
2024-10-25 04:23:06 GSD getOne 第 1 次 等待 3 秒
2024-10-25 04:23:09 查询号码 【1341282】，返回信息 {"status":"ok","msg":"广东-东莞","gid":"64306","time_insert":"2021-05-22 00:31"}
2024-10-25 04:23:09 查询号码 【1341282】，GSD为【"广东-东莞"】

2024-10-25 04:23:10 开始第 1284 次操作

2024-10-25 04:23:10 开始操作号码 【1341283】
2024-10-25 04:23:12 GSD getOne 第 1 次 等待 3 秒
2024-10-25 04:23:15 查询号码 【1341283】，返回信息 {"status":"ok","msg":"广东-东莞","gid":"64316","time_insert":"2021-05-22 00:53"}
2024-10-25 04:23:15 查询号码 【1341283】，GSD为【"广东-东莞"】

2024-10-25 04:40:23 开始第 1285 次操作

2024-10-25 04:40:23 开始操作号码 【1341284】
2024-10-25 04:40:24 GSD getOne 第 1 次 等待 3 秒
2024-10-25 04:40:27 查询号码 【1341284】，返回信息 {"status":"ok","msg":"广东-东莞","gid":"64329","time_insert":"2021-05-22 01:22"}
2024-10-25 04:40:27 查询号码 【1341284】，GSD为【"广东-东莞"】

2024-10-25 04:40:28 开始第 1286 次操作

2024-10-25 04:40:28 开始操作号码 【1341285】
2024-10-25 04:40:29 GSD getOne 第 1 次 等待 3 秒
2024-10-25 04:40:32 查询号码 【1341285】，返回信息 {"status":"ok","msg":"广东-东莞","gid":"64338","time_insert":"2021-05-22 01:43"}
2024-10-25 04:40:32 查询号码 【1341285】，GSD为【"广东-东莞"】

2024-10-25 04:40:33 开始第 1287 次操作

2024-10-25 04:40:33 开始操作号码 【1341286】
2024-10-25 04:40:34 GSD getOne 第 1 次 等待 3 秒
2024-10-25 04:40:37 查询号码 【1341286】，返回信息 {"status":"ok","msg":"广东-东莞","gid":"64348","time_insert":"2021-05-22 02:07"}
2024-10-25 04:40:37 查询号码 【1341286】，GSD为【"广东-东莞"】

2024-10-25 04:40:38 开始第 1288 次操作

2024-10-25 04:40:38 开始操作号码 【1341287】
2024-10-25 04:40:39 GSD getOne 第 1 次 等待 3 秒
2024-10-25 04:40:42 查询号码 【1341287】，返回信息 {"status":"ok","msg":"广东-东莞","gid":"64361","time_insert":"2021-05-22 02:36"}
2024-10-25 04:40:42 查询号码 【1341287】，GSD为【"广东-东莞"】

2024-10-25 05:19:59 开始第 1289 次操作

2024-10-25 05:19:59 开始操作号码 【1341288】
2024-10-25 05:20:01 GSD getOne 第 1 次 等待 3 秒
2024-10-25 05:20:04 查询号码 【1341288】，返回信息 {"status":"ok","msg":"广东-东莞","gid":"64371","time_insert":"2021-05-22 02:51"}
2024-10-25 05:20:04 查询号码 【1341288】，GSD为【"广东-东莞"】

2024-10-25 05:20:05 开始第 1290 次操作

2024-10-25 05:20:05 开始操作号码 【1341289】
2024-10-25 05:20:06 GSD getOne 第 1 次 等待 3 秒
2024-10-25 05:20:09 查询号码 【1341289】，返回信息 {"status":"ok","msg":"广东-东莞","gid":"64379","time_insert":"2021-05-22 03:08"}
2024-10-25 05:20:09 查询号码 【1341289】，GSD为【"广东-东莞"】

2024-10-25 05:20:10 开始第 1291 次操作

2024-10-25 05:20:10 开始操作号码 【1341290】
2024-10-25 05:20:11 GSD getOne 第 1 次 等待 3 秒
2024-10-25 05:20:14 查询号码 【1341290】，返回信息 {"status":"ok","msg":"广东-东莞","gid":"64394","time_insert":"2021-05-22 03:31"}
2024-10-25 05:20:14 查询号码 【1341290】，GSD为【"广东-东莞"】

2024-10-25 05:20:15 开始第 1292 次操作

2024-10-25 05:20:15 开始操作号码 【1341291】
2024-10-25 05:20:16 GSD getOne 第 1 次 等待 3 秒
2024-10-25 05:20:19 查询号码 【1341291】，返回信息 {"status":"ok","msg":"广东-东莞","gid":"64410","time_insert":"2021-05-22 04:00"}
2024-10-25 05:20:19 查询号码 【1341291】，GSD为【"广东-东莞"】

2024-10-25 05:40:08 开始第 1293 次操作

2024-10-25 05:40:08 开始操作号码 【1341292】
2024-10-25 05:40:10 GSD getOne 第 1 次 等待 3 秒
2024-10-25 05:40:13 查询号码 【1341292】，返回信息 {"status":"ok","msg":"广东-东莞","gid":"64423","time_insert":"2021-05-22 04:24"}
2024-10-25 05:40:13 查询号码 【1341292】，GSD为【"广东-东莞"】

2024-10-25 05:40:14 开始第 1294 次操作

2024-10-25 05:40:14 开始操作号码 【1341293】
2024-10-25 05:40:51 GSD getOne 第 1 次 等待 3 秒
2024-10-25 05:40:54 查询号码 【1341293】，返回信息 {"status":"ok","msg":"广东-东莞","gid":"64435","time_insert":"2021-05-22 04:43"}
2024-10-25 05:40:54 查询号码 【1341293】，GSD为【"广东-东莞"】

2024-10-25 05:40:55 开始第 1295 次操作

2024-10-25 05:40:55 开始操作号码 【1341294】
2024-10-25 05:41:32 GSD getOne 第 1 次 等待 3 秒
2024-10-25 05:41:35 查询号码 【1341294】，返回信息 {"status":"ok","msg":"广东-东莞","gid":"64446","time_insert":"2021-05-22 05:02"}
2024-10-25 05:41:35 查询号码 【1341294】，GSD为【"广东-东莞"】

2024-10-25 05:41:36 开始第 1296 次操作

2024-10-25 05:41:36 开始操作号码 【1341295】
2024-10-25 05:42:12 GSD getOne 第 1 次 等待 3 秒
2024-10-25 05:42:15 查询号码 【1341295】，返回信息 {"status":"ok","msg":"广东-东莞","gid":"64460","time_insert":"2021-05-22 05:25"}
2024-10-25 05:42:15 查询号码 【1341295】，GSD为【"广东-东莞"】

2024-10-25 06:19:18 开始第 1297 次操作

2024-10-25 06:19:18 开始操作号码 【1341296】
2024-10-25 06:19:19 GSD getOne 第 1 次 等待 3 秒
2024-10-25 06:19:22 查询号码 【1341296】，返回信息 {"status":"ok","msg":"广东-东莞","gid":"64470","time_insert":"2021-05-22 05:42"}
2024-10-25 06:19:22 查询号码 【1341296】，GSD为【"广东-东莞"】

2024-10-25 06:19:23 开始第 1298 次操作

2024-10-25 06:19:23 开始操作号码 【1341297】
2024-10-25 06:19:25 GSD getOne 第 1 次 等待 3 秒
2024-10-25 06:19:28 查询号码 【1341297】，返回信息 {"status":"ok","msg":"广东-东莞","gid":"64485","time_insert":"2021-05-22 06:10"}
2024-10-25 06:19:28 查询号码 【1341297】，GSD为【"广东-东莞"】

2024-10-25 06:19:29 开始第 1299 次操作

2024-10-25 06:19:29 开始操作号码 【1341298】
2024-10-25 06:19:30 GSD getOne 第 1 次 等待 3 秒
2024-10-25 06:19:33 查询号码 【1341298】，返回信息 {"status":"ok","msg":"广东-东莞","gid":"64503","time_insert":"2021-05-22 06:37"}
2024-10-25 06:19:33 查询号码 【1341298】，GSD为【"广东-东莞"】

2024-10-25 06:19:34 开始第 1300 次操作

2024-10-25 06:19:34 开始操作号码 【1341299】
2024-10-25 06:19:35 GSD getOne 第 1 次 等待 3 秒
2024-10-25 06:19:38 查询号码 【1341299】，返回信息 {"status":"ok","msg":"广东-东莞","gid":"64511","time_insert":"2021-05-22 06:53"}
2024-10-25 06:19:38 查询号码 【1341299】，GSD为【"广东-东莞"】

2024-10-25 06:40:46 开始第 1301 次操作

2024-10-25 06:40:46 开始操作号码 【1341300】
2024-10-25 06:40:48 GSD getOne 第 1 次 等待 3 秒
2024-10-25 06:40:51 查询号码 【1341300】，返回信息 {"status":"ok","msg":"广东-惠州","gid":"64530","time_insert":"2021-05-22 07:23"}
2024-10-25 06:40:51 查询号码 【1341300】，GSD为【"广东-惠州"】

2024-10-25 06:40:52 开始第 1302 次操作

2024-10-25 06:40:52 开始操作号码 【1341301】
2024-10-25 06:40:52 GSD getOne 第 1 次 等待 3 秒
2024-10-25 06:40:55 查询号码 【1341301】，返回信息 {"status":"ok","msg":"广东-惠州","gid":"64545","time_insert":"2021-05-22 07:48"}
2024-10-25 06:40:55 查询号码 【1341301】，GSD为【"广东-惠州"】

2024-10-25 06:40:56 开始第 1303 次操作

2024-10-25 06:40:56 开始操作号码 【1341302】
2024-10-25 06:40:57 GSD getOne 第 1 次 等待 3 秒
2024-10-25 06:41:00 查询号码 【1341302】，返回信息 {"status":"ok","msg":"广东-惠州","gid":"4041","time_insert":"2018-01-29 16:16","time_update":"2020-09-25 09:56"}
2024-10-25 06:41:00 查询号码 【1341302】，GSD为【"广东-惠州"】

2024-10-25 06:41:01 开始第 1304 次操作

2024-10-25 06:41:01 开始操作号码 【1341303】
2024-10-25 06:41:02 GSD getOne 第 1 次 等待 3 秒
2024-10-25 06:41:05 查询号码 【1341303】，返回信息 {"status":"ok","msg":"广东-惠州","gid":"4042","time_insert":"2017-11-27 13:26","time_update":"2020-09-25 10:00"}
2024-10-25 06:41:05 查询号码 【1341303】，GSD为【"广东-惠州"】

2024-10-25 07:20:31 开始第 1305 次操作

2024-10-25 07:20:31 开始操作号码 【1341304】
2024-10-25 07:20:32 GSD getOne 第 1 次 等待 3 秒
2024-10-25 07:20:35 查询号码 【1341304】，返回信息 {"status":"ok","msg":"广东-惠州","gid":"64564","time_insert":"2021-05-22 08:20"}
2024-10-25 07:20:35 查询号码 【1341304】，GSD为【"广东-惠州"】

2024-10-25 07:20:36 开始第 1306 次操作

2024-10-25 07:20:36 开始操作号码 【1341305】
2024-10-25 07:20:37 GSD getOne 第 1 次 等待 3 秒
2024-10-25 07:20:41 查询号码 【1341305】，返回信息 {"status":"ok","msg":"广东-惠州","gid":"4043","time_insert":"2019-07-18 22:03","time_update":"2020-09-25 10:03"}
2024-10-25 07:20:41 查询号码 【1341305】，GSD为【"广东-惠州"】

2024-10-25 07:20:42 开始第 1307 次操作

2024-10-25 07:20:42 开始操作号码 【1341306】
2024-10-25 07:20:43 GSD getOne 第 1 次 等待 3 秒
2024-10-25 07:20:46 查询号码 【1341306】，返回信息 {"status":"ok","msg":"广东-惠州","gid":"52526","time_insert":"2021-04-26 10:54","time_update":"2021-04-26 10:58"}
2024-10-25 07:20:46 查询号码 【1341306】，GSD为【"广东-惠州"】

2024-10-25 07:20:47 开始第 1308 次操作

2024-10-25 07:20:47 开始操作号码 【1341307】
2024-10-25 07:20:48 GSD getOne 第 1 次 等待 3 秒
2024-10-25 07:20:51 查询号码 【1341307】，返回信息 {"status":"ok","msg":"广东-惠州","gid":"64577","time_insert":"2021-05-22 08:40"}
2024-10-25 07:20:51 查询号码 【1341307】，GSD为【"广东-惠州"】

2024-10-25 07:39:00 开始第 1309 次操作

2024-10-25 07:39:00 开始操作号码 【1341308】
2024-10-25 07:39:01 GSD getOne 第 1 次 等待 3 秒
2024-10-25 07:39:04 查询号码 【1341308】，返回信息 {"status":"ok","msg":"广东-惠州","gid":"64590","time_insert":"2021-05-22 09:00"}
2024-10-25 07:39:04 查询号码 【1341308】，GSD为【"广东-惠州"】

2024-10-25 07:39:05 开始第 1310 次操作

2024-10-25 07:39:05 开始操作号码 【1341309】
2024-10-25 07:39:06 GSD getOne 第 1 次 等待 3 秒
2024-10-25 07:39:09 查询号码 【1341309】，返回信息 {"status":"ok","msg":"广东-惠州","gid":"64605","time_insert":"2021-05-22 09:23"}
2024-10-25 07:39:09 查询号码 【1341309】，GSD为【"广东-惠州"】

2024-10-25 07:39:10 开始第 1311 次操作

2024-10-25 07:39:10 开始操作号码 【1341310】
2024-10-25 07:39:11 GSD getOne 第 1 次 等待 3 秒
2024-10-25 07:39:14 查询号码 【1341310】，返回信息 {"status":"ok","msg":"广东-惠州","gid":"64617","time_insert":"2021-05-22 09:40"}
2024-10-25 07:39:14 查询号码 【1341310】，GSD为【"广东-惠州"】

2024-10-25 07:39:15 开始第 1312 次操作

2024-10-25 07:39:15 开始操作号码 【1341311】
2024-10-25 07:39:16 GSD getOne 第 1 次 等待 3 秒
2024-10-25 07:39:19 查询号码 【1341311】，返回信息 {"status":"ok","msg":"广东-惠州","gid":"64633","time_insert":"2021-05-22 10:07"}
2024-10-25 07:39:19 查询号码 【1341311】，GSD为【"广东-惠州"】

2024-10-25 09:41:55 开始第 1313 次操作

2024-10-25 09:41:55 开始操作号码 【1341312】
2024-10-25 09:41:56 GSD getOne 第 1 次 等待 3 秒
2024-10-25 09:41:59 查询号码 【1341312】，返回信息 {"status":"ok","msg":"广东-惠州","gid":"64649","time_insert":"2021-05-22 10:34"}
2024-10-25 09:41:59 查询号码 【1341312】，GSD为【"广东-惠州"】

2024-10-25 09:42:00 开始第 1314 次操作

2024-10-25 09:42:00 开始操作号码 【1341313】
2024-10-25 09:42:01 GSD getOne 第 1 次 等待 3 秒
2024-10-25 09:42:04 查询号码 【1341313】，返回信息 {"status":"ok","msg":"广东-惠州","gid":"64666","time_insert":"2021-05-22 11:01"}
2024-10-25 09:42:04 查询号码 【1341313】，GSD为【"广东-惠州"】

2024-10-25 09:42:05 开始第 1315 次操作

2024-10-25 09:42:05 开始操作号码 【1341314】
2024-10-25 09:42:06 GSD getOne 第 1 次 等待 3 秒
2024-10-25 09:42:09 查询号码 【1341314】，返回信息 {"status":"ok","msg":"广东-惠州","gid":"4044","time_insert":"2015-12-07 08:00","time_update":"2020-09-25 10:08"}
2024-10-25 09:42:09 查询号码 【1341314】，GSD为【"广东-惠州"】

2024-10-25 09:42:11 开始第 1316 次操作

2024-10-25 09:42:11 开始操作号码 【1341315】
2024-10-25 09:42:12 GSD getOne 第 1 次 等待 3 秒
2024-10-25 09:42:15 查询号码 【1341315】，返回信息 {"status":"ok","msg":"广东-惠州","gid":"64681","time_insert":"2021-05-22 11:25"}
2024-10-25 09:42:15 查询号码 【1341315】，GSD为【"广东-惠州"】

2024-10-25 10:54:38 开始第 1317 次操作

2024-10-25 10:54:38 开始操作号码 【1341316】
2024-10-25 10:54:39 GSD getOne 第 1 次 等待 3 秒
2024-10-25 10:54:42 查询号码 【1341316】，返回信息 {"status":"ok","msg":"广东-惠州","gid":"64695","time_insert":"2021-05-22 11:48"}
2024-10-25 10:54:42 查询号码 【1341316】，GSD为【"广东-惠州"】

2024-10-25 10:54:43 开始第 1318 次操作

2024-10-25 10:54:43 开始操作号码 【1341317】
2024-10-25 10:54:44 GSD getOne 第 1 次 等待 3 秒
2024-10-25 10:54:47 查询号码 【1341317】，返回信息 {"status":"ok","msg":"广东-惠州","gid":"64708","time_insert":"2021-05-22 12:10"}
2024-10-25 10:54:47 查询号码 【1341317】，GSD为【"广东-惠州"】

2024-10-25 10:54:48 开始第 1319 次操作

2024-10-25 10:54:48 开始操作号码 【1341318】
2024-10-25 10:54:49 GSD getOne 第 1 次 等待 3 秒
2024-10-25 10:54:52 查询号码 【1341318】，返回信息 {"status":"ok","msg":"广东-惠州","gid":"64719","time_insert":"2021-05-22 12:30"}
2024-10-25 10:54:52 查询号码 【1341318】，GSD为【"广东-惠州"】

2024-10-25 10:54:53 开始第 1320 次操作

2024-10-25 10:54:53 开始操作号码 【1341319】
2024-10-25 10:54:54 GSD getOne 第 1 次 等待 3 秒
2024-10-25 10:54:57 查询号码 【1341319】，返回信息 {"status":"ok","msg":"广东-惠州","gid":"64735","time_insert":"2021-05-22 12:59"}
2024-10-25 10:54:57 查询号码 【1341319】，GSD为【"广东-惠州"】

