2023-12-26 00:09:33 开始第 5353 次操作

2023-12-26 00:09:33 开始操作号码 【1895262】
2023-12-26 00:09:36 GSD getOne 第 1 次 等待 3 秒
2023-12-26 00:09:39 查询号码 【1895262】，返回信息 {"status":"ok","msg":"江苏-泰州","gid":"476448","time_insert":"2021-08-02 06:47"}
2023-12-26 00:09:39 查询号码 【1895262】，GSD为【"江苏-泰州"】

2023-12-26 00:09:40 开始第 5354 次操作

2023-12-26 00:09:40 开始操作号码 【1895263】
2023-12-26 00:09:45 GSD getOne 第 1 次 等待 3 秒
2023-12-26 00:09:48 查询号码 【1895263】，返回信息 {"status":"ok","msg":"江苏-泰州","gid":"476431","time_insert":"2021-08-02 06:46"}
2023-12-26 00:09:48 查询号码 【1895263】，GSD为【"江苏-泰州"】

2023-12-26 00:09:49 开始第 5355 次操作

2023-12-26 00:09:49 开始操作号码 【1895264】
2023-12-26 00:09:55 GSD getOne 第 1 次 等待 3 秒
2023-12-26 00:09:58 查询号码 【1895264】，返回信息 {"status":"ok","msg":"江苏-泰州","gid":"476413","time_insert":"2021-08-02 06:45"}
2023-12-26 00:09:58 查询号码 【1895264】，GSD为【"江苏-泰州"】

2023-12-26 00:09:59 开始第 5356 次操作

2023-12-26 00:09:59 开始操作号码 【1895265】
2023-12-26 00:10:03 GSD getOne 第 1 次 等待 3 秒
2023-12-26 00:10:06 查询号码 【1895265】，返回信息 {"status":"ok","msg":"江苏-泰州","gid":"476398","time_insert":"2021-08-02 06:44"}
2023-12-26 00:10:06 查询号码 【1895265】，GSD为【"江苏-泰州"】

