2023-12-23 00:09:37 开始第 4801 次操作

2023-12-23 00:09:37 开始操作号码 【1894710】
2023-12-23 00:09:41 GSD getOne 第 1 次 等待 3 秒
2023-12-23 00:09:44 查询号码 【1894710】，返回信息 {"status":"ok","msg":"内蒙古-呼和浩特","gid":"483244","time_insert":"2021-08-02 21:17"}
2023-12-23 00:09:44 查询号码 【1894710】，GSD为【"内蒙古-呼和浩特"】

2023-12-23 00:09:45 开始第 4802 次操作

2023-12-23 00:09:45 开始操作号码 【1894711】
2023-12-23 00:09:49 GSD getOne 第 1 次 等待 3 秒
2023-12-23 00:09:52 查询号码 【1894711】，返回信息 {"status":"ok","msg":"内蒙古-呼和浩特","gid":"483236","time_insert":"2021-08-02 21:16"}
2023-12-23 00:09:52 查询号码 【1894711】，GSD为【"内蒙古-呼和浩特"】

2023-12-23 00:09:53 开始第 4803 次操作

2023-12-23 00:09:53 开始操作号码 【1894712】
2023-12-23 00:09:56 GSD getOne 第 1 次 等待 3 秒
2023-12-23 00:09:59 查询号码 【1894712】，返回信息 {"status":"ok","msg":"内蒙古-呼和浩特","gid":"483231","time_insert":"2021-08-02 21:16"}
2023-12-23 00:09:59 查询号码 【1894712】，GSD为【"内蒙古-呼和浩特"】

2023-12-23 00:10:00 开始第 4804 次操作

2023-12-23 00:10:00 开始操作号码 【1894713】
2023-12-23 00:10:04 GSD getOne 第 1 次 等待 3 秒
2023-12-23 00:10:07 查询号码 【1894713】，返回信息 {"status":"ok","msg":"内蒙古-呼和浩特","gid":"483219","time_insert":"2021-08-02 21:15"}
2023-12-23 00:10:07 查询号码 【1894713】，GSD为【"内蒙古-呼和浩特"】

