2024-04-30 00:10:15 开始第 6445 次操作

2024-04-30 00:10:15 开始操作号码 【1676355】
2024-04-30 00:10:23 GSD getOne 第 1 次 等待 3 秒
2024-04-30 00:10:26 查询号码 【1676355】，返回信息 {"status":"ok","msg":"山西-长治","gid":"294391","time_insert":"2021-07-16 15:48"}
2024-04-30 00:10:26 查询号码 【1676355】，GSD为【"山西-长治"】

2024-04-30 00:10:27 开始第 6446 次操作

2024-04-30 00:10:27 开始操作号码 【1676356】
2024-04-30 00:10:34 GSD getOne 第 1 次 等待 3 秒
2024-04-30 00:10:37 查询号码 【1676356】，返回信息 {"status":"ok","msg":"山西-晋城","gid":"294402","time_insert":"2021-07-16 15:49","time_update":"2021-08-06 16:41"}
2024-04-30 00:10:37 查询号码 【1676356】，GSD为【"山西-晋城"】

2024-04-30 00:10:38 开始第 6447 次操作

2024-04-30 00:10:38 开始操作号码 【1676357】
2024-04-30 00:10:44 GSD getOne 第 1 次 等待 3 秒
2024-04-30 00:10:47 查询号码 【1676357】，返回信息 {"status":"ok","msg":"山西-临汾","gid":"294413","time_insert":"2021-07-16 15:49","time_update":"2021-08-06 16:47"}
2024-04-30 00:10:47 查询号码 【1676357】，GSD为【"山西-临汾"】

2024-04-30 00:10:48 开始第 6448 次操作

2024-04-30 00:10:48 开始操作号码 【1676358】
2024-04-30 00:10:57 GSD getOne 第 1 次 等待 3 秒
2024-04-30 00:11:00 查询号码 【1676358】，返回信息 {"status":"ok","msg":"山西-吕梁","gid":"294423","time_insert":"2021-07-16 15:50"}
2024-04-30 00:11:00 查询号码 【1676358】，GSD为【"山西-吕梁"】

2024-04-30 00:35:31 开始第 6449 次操作

2024-04-30 00:35:31 开始操作号码 【1676359】
2024-04-30 00:35:43 GSD getOne 第 1 次 等待 3 秒
2024-04-30 00:35:46 查询号码 【1676359】，返回信息 {"status":"ok","msg":"山西-运城","gid":"294432","time_insert":"2021-07-16 15:50"}
2024-04-30 00:35:46 查询号码 【1676359】，GSD为【"山西-运城"】

2024-04-30 00:35:47 开始第 6450 次操作

2024-04-30 00:35:47 开始操作号码 【1676360】
2024-04-30 00:52:45 GSD getOne 第 1 次 等待 3 秒
2024-04-30 00:52:53 GSD getOne 第 2 次 等待 3 秒
2024-04-30 00:52:56 查询号码 【1676360】，返回信息 {"status":"ok","msg":"广东-东莞","gid":"294442","time_insert":"2021-07-16 15:51"}
2024-04-30 00:52:56 查询号码 【1676360】，GSD为【"广东-东莞"】

2024-04-30 00:52:57 开始第 6451 次操作

2024-04-30 00:52:57 开始操作号码 【1676361】
2024-04-30 00:53:03 GSD getOne 第 1 次 等待 3 秒
2024-04-30 00:53:06 查询号码 【1676361】，返回信息 {"status":"ok","msg":"广东-东莞","gid":"294452","time_insert":"2021-07-16 15:52"}
2024-04-30 00:53:06 查询号码 【1676361】，GSD为【"广东-东莞"】

2024-04-30 00:53:07 开始第 6452 次操作

2024-04-30 00:53:07 开始操作号码 【1676362】
2024-04-30 00:53:13 GSD getOne 第 1 次 等待 3 秒
2024-04-30 00:53:16 查询号码 【1676362】，返回信息 {"status":"ok","msg":"湖北-宜昌","gid":"294463","time_insert":"2021-07-16 15:52"}
2024-04-30 00:53:16 查询号码 【1676362】，GSD为【"湖北-宜昌"】

