2024-09-12 00:22:38 开始第 4089 次操作

2024-09-12 00:22:38 开始操作号码 【1454088】
2024-09-12 00:22:47 GSD getOne 第 1 次 等待 3 秒
2024-09-12 00:22:50 查询号码 【1454088】，返回信息 {"status":"ok","msg":"上海-上海","gid":"79560","time_insert":"2021-06-04 10:49"}
2024-09-12 00:22:50 查询号码 【1454088】，GSD为【"上海-上海"】

2024-09-12 00:22:51 开始第 4090 次操作

2024-09-12 00:22:51 开始操作号码 【1454089】
2024-09-12 00:22:59 GSD getOne 第 1 次 等待 3 秒
2024-09-12 00:23:02 查询号码 【1454089】，返回信息 {"status":"ok","msg":"上海-上海","gid":"79563","time_insert":"2021-06-04 10:53"}
2024-09-12 00:23:02 查询号码 【1454089】，GSD为【"上海-上海"】

2024-09-12 00:23:03 开始第 4091 次操作

2024-09-12 00:23:03 开始操作号码 【1454090】
2024-09-12 00:23:14 GSD getOne 第 1 次 等待 3 秒
2024-09-12 00:23:17 查询号码 【1454090】，返回信息 {"status":"ok","msg":"上海-上海","gid":"79566","time_insert":"2021-06-04 10:58"}
2024-09-12 00:23:17 查询号码 【1454090】，GSD为【"上海-上海"】

2024-09-12 00:23:18 开始第 4092 次操作

2024-09-12 00:23:18 开始操作号码 【1454091】
2024-09-12 00:23:26 GSD getOne 第 1 次 等待 3 秒
2024-09-12 00:23:29 查询号码 【1454091】，返回信息 {"status":"ok","msg":"上海-上海","gid":"79569","time_insert":"2021-06-04 11:01"}
2024-09-12 00:23:29 查询号码 【1454091】，GSD为【"上海-上海"】

