2024-08-02 00:11:34 开始第 9953 次操作

2024-08-02 00:11:34 开始操作号码 【1569859】
2024-08-02 00:11:44 GSD getOne 第 1 次 等待 3 秒
2024-08-02 00:11:48 查询号码 【1569859】，返回信息 {"status":"ok","msg":"山西-太原","gid":"367894","time_insert":"2021-07-23 16:56"}
2024-08-02 00:11:48 查询号码 【1569859】，GSD为【"山西-太原"】

2024-08-02 00:11:49 开始第 9954 次操作

2024-08-02 00:11:49 开始操作号码 【1569860】
2024-08-02 00:11:58 GSD getOne 第 1 次 等待 3 秒
2024-08-02 00:12:01 查询号码 【1569860】，返回信息 {"status":"ok","msg":"山西-长治","gid":"367885","time_insert":"2021-07-23 16:55"}
2024-08-02 00:12:02 查询号码 【1569860】，GSD为【"山西-长治"】

2024-08-02 00:12:03 开始第 9955 次操作

2024-08-02 00:12:03 开始操作号码 【1569861】
2024-08-02 00:12:13 GSD getOne 第 1 次 等待 3 秒
2024-08-02 00:12:16 查询号码 【1569861】，返回信息 {"status":"ok","msg":"山西-长治","gid":"367878","time_insert":"2021-07-23 16:55"}
2024-08-02 00:12:16 查询号码 【1569861】，GSD为【"山西-长治"】

2024-08-02 00:12:17 开始第 9956 次操作

2024-08-02 00:12:17 开始操作号码 【1569862】
2024-08-02 00:12:24 GSD getOne 第 1 次 等待 3 秒
2024-08-02 00:12:27 查询号码 【1569862】，返回信息 {"status":"ok","msg":"山西-临汾","gid":"367866","time_insert":"2021-07-23 16:54"}
2024-08-02 00:12:28 查询号码 【1569862】，GSD为【"山西-临汾"】

2024-08-02 00:38:31 开始第 9957 次操作

2024-08-02 00:38:31 开始操作号码 【1569863】
2024-08-02 00:38:49 GSD getOne 第 1 次 等待 3 秒
2024-08-02 00:38:52 查询号码 【1569863】，返回信息 {"status":"ok","msg":"山西-忻州","gid":"367859","time_insert":"2021-07-23 16:54"}
2024-08-02 00:38:52 查询号码 【1569863】，GSD为【"山西-忻州"】

2024-08-02 00:38:53 开始第 9958 次操作

2024-08-02 00:38:53 开始操作号码 【1569864】
2024-08-02 00:39:02 GSD getOne 第 1 次 等待 3 秒
2024-08-02 00:39:05 查询号码 【1569864】，返回信息 {"status":"ok","msg":"山西-忻州","gid":"367851","time_insert":"2021-07-23 16:53"}
2024-08-02 00:39:05 查询号码 【1569864】，GSD为【"山西-忻州"】

2024-08-02 00:39:06 开始第 9959 次操作

2024-08-02 00:39:06 开始操作号码 【1569865】
2024-08-02 00:39:15 GSD getOne 第 1 次 等待 3 秒
2024-08-02 00:39:18 查询号码 【1569865】，返回信息 {"status":"ok","msg":"山西-朔州","gid":"367840","time_insert":"2021-07-23 16:52"}
2024-08-02 00:39:18 查询号码 【1569865】，GSD为【"山西-朔州"】

2024-08-02 00:39:19 开始第 9960 次操作

2024-08-02 00:39:19 开始操作号码 【1569866】
2024-08-02 00:39:26 GSD getOne 第 1 次 等待 3 秒
2024-08-02 00:39:29 查询号码 【1569866】，返回信息 {"status":"ok","msg":"山西-朔州","gid":"367831","time_insert":"2021-07-23 16:52"}
2024-08-02 00:39:29 查询号码 【1569866】，GSD为【"山西-朔州"】

