2024-07-02 00:10:33 开始第 4341 次操作

2024-07-02 00:10:33 开始操作号码 【1564247】
2024-07-02 00:10:50 GSD getOne 第 1 次 等待 3 秒
2024-07-02 00:10:53 查询号码 【1564247】，返回信息 {"status":"ok","msg":"辽宁-鞍山","gid":"352869","time_insert":"2021-07-22 06:29"}
2024-07-02 00:10:53 查询号码 【1564247】，GSD为【"辽宁-鞍山"】

2024-07-02 00:10:54 开始第 4342 次操作

2024-07-02 00:10:54 开始操作号码 【1564248】
2024-07-02 00:11:10 GSD getOne 第 1 次 等待 3 秒
2024-07-02 00:11:13 查询号码 【1564248】，返回信息 {"status":"ok","msg":"辽宁-鞍山","gid":"352896","time_insert":"2021-07-22 06:38"}
2024-07-02 00:11:13 查询号码 【1564248】，GSD为【"辽宁-鞍山"】

2024-07-02 00:11:14 开始第 4343 次操作

2024-07-02 00:11:14 开始操作号码 【1564249】
2024-07-02 00:11:31 GSD getOne 第 1 次 等待 3 秒
2024-07-02 00:11:34 查询号码 【1564249】，返回信息 {"status":"ok","msg":"辽宁-鞍山","gid":"352994","time_insert":"2021-07-22 06:48"}
2024-07-02 00:11:34 查询号码 【1564249】，GSD为【"辽宁-鞍山"】

2024-07-02 00:11:35 开始第 4344 次操作

2024-07-02 00:11:35 开始操作号码 【1564250】
2024-07-02 00:11:49 GSD getOne 第 1 次 等待 3 秒
2024-07-02 00:11:52 查询号码 【1564250】，返回信息 {"status":"ok","msg":"辽宁-大连","gid":"353112","time_insert":"2021-07-22 06:58"}
2024-07-02 00:11:52 查询号码 【1564250】，GSD为【"辽宁-大连"】

