2024-07-14 00:09:34 开始第 6529 次操作

2024-07-14 00:09:34 开始操作号码 【1566435】
2024-07-14 00:09:42 GSD getOne 第 1 次 等待 3 秒
2024-07-14 00:09:45 查询号码 【1566435】，返回信息 {"status":"ok","msg":"河南-漯河","gid":"405640","time_insert":"2021-07-26 21:20"}
2024-07-14 00:09:45 查询号码 【1566435】，GSD为【"河南-漯河"】

2024-07-14 00:09:46 开始第 6530 次操作

2024-07-14 00:09:46 开始操作号码 【1566436】
2024-07-14 00:09:57 GSD getOne 第 1 次 等待 3 秒
2024-07-14 00:10:00 查询号码 【1566436】，返回信息 {"status":"ok","msg":"河南-驻马店","gid":"405631","time_insert":"2021-07-26 21:19"}
2024-07-14 00:10:00 查询号码 【1566436】，GSD为【"河南-驻马店"】

2024-07-14 00:10:01 开始第 6531 次操作

2024-07-14 00:10:01 开始操作号码 【1566437】
2024-07-14 00:10:09 GSD getOne 第 1 次 等待 3 秒
2024-07-14 00:10:12 查询号码 【1566437】，返回信息 {"status":"ok","msg":"河南-驻马店","gid":"405619","time_insert":"2021-07-26 21:19"}
2024-07-14 00:10:12 查询号码 【1566437】，GSD为【"河南-驻马店"】

2024-07-14 00:10:13 开始第 6532 次操作

2024-07-14 00:10:13 开始操作号码 【1566438】
2024-07-14 00:10:21 GSD getOne 第 1 次 等待 3 秒
2024-07-14 00:10:24 查询号码 【1566438】，返回信息 {"status":"ok","msg":"河南-驻马店","gid":"405611","time_insert":"2021-07-26 21:18"}
2024-07-14 00:10:24 查询号码 【1566438】，GSD为【"河南-驻马店"】

