2024-02-07 00:09:15 开始第 2357 次操作

2024-02-07 00:09:15 开始操作号码 【1782266】
2024-02-07 00:09:20 GSD getOne 第 1 次 等待 3 秒
2024-02-07 00:09:23 查询号码 【1782266】，返回信息 {"status":"ok","msg":"天津-天津","gid":"338274","time_insert":"2021-07-20 16:01"}
2024-02-07 00:09:23 查询号码 【1782266】，GSD为【"天津-天津"】

2024-02-07 00:09:25 开始第 2358 次操作

2024-02-07 00:09:25 开始操作号码 【1782267】
2024-02-07 00:09:30 GSD getOne 第 1 次 等待 3 秒
2024-02-07 00:09:33 查询号码 【1782267】，返回信息 {"status":"ok","msg":"天津-天津","gid":"338264","time_insert":"2021-07-20 16:00"}
2024-02-07 00:09:34 查询号码 【1782267】，GSD为【"天津-天津"】

2024-02-07 00:09:35 开始第 2359 次操作

2024-02-07 00:09:35 开始操作号码 【1782268】
2024-02-07 00:09:39 GSD getOne 第 1 次 等待 3 秒
2024-02-07 00:09:42 查询号码 【1782268】，返回信息 {"status":"ok","msg":"天津-天津","gid":"338257","time_insert":"2021-07-20 15:59"}
2024-02-07 00:09:42 查询号码 【1782268】，GSD为【"天津-天津"】

2024-02-07 00:09:43 开始第 2360 次操作

2024-02-07 00:09:43 开始操作号码 【1782269】
2024-02-07 00:09:47 GSD getOne 第 1 次 等待 3 秒
2024-02-07 00:09:50 查询号码 【1782269】，返回信息 {"status":"ok","msg":"天津-天津","gid":"338248","time_insert":"2021-07-20 15:59"}
2024-02-07 00:09:50 查询号码 【1782269】，GSD为【"天津-天津"】

