2024-02-28 00:10:05 开始第 6221 次操作

2024-02-28 00:10:05 开始操作号码 【1786130】
2024-02-28 00:10:11 GSD getOne 第 1 次 等待 3 秒
2024-02-28 00:10:14 查询号码 【1786130】，返回信息 {"status":"ok","msg":"山东-济宁","gid":"295373","time_insert":"2021-07-16 17:58"}
2024-02-28 00:10:14 查询号码 【1786130】，GSD为【"山东-济宁"】

2024-02-28 00:10:15 开始第 6222 次操作

2024-02-28 00:10:15 开始操作号码 【1786131】
2024-02-28 00:10:21 GSD getOne 第 1 次 等待 3 秒
2024-02-28 00:10:24 查询号码 【1786131】，返回信息 {"status":"ok","msg":"山东-济宁","gid":"295366","time_insert":"2021-07-16 17:57"}
2024-02-28 00:10:24 查询号码 【1786131】，GSD为【"山东-济宁"】

2024-02-28 00:10:25 开始第 6223 次操作

2024-02-28 00:10:25 开始操作号码 【1786132】
2024-02-28 00:10:30 GSD getOne 第 1 次 等待 3 秒
2024-02-28 00:10:33 查询号码 【1786132】，返回信息 {"status":"ok","msg":"山东-济宁","gid":"295359","time_insert":"2021-07-16 17:57"}
2024-02-28 00:10:33 查询号码 【1786132】，GSD为【"山东-济宁"】

2024-02-28 00:10:34 开始第 6224 次操作

2024-02-28 00:10:34 开始操作号码 【1786133】
2024-02-28 00:10:38 GSD getOne 第 1 次 等待 3 秒
2024-02-28 00:10:41 查询号码 【1786133】，返回信息 {"status":"ok","msg":"山东-济宁","gid":"295350","time_insert":"2021-07-16 17:56"}
2024-02-28 00:10:42 查询号码 【1786133】，GSD为【"山东-济宁"】

