2024-02-15 00:09:49 开始第 3829 次操作

2024-02-15 00:09:49 开始操作号码 【1783738】
2024-02-15 00:09:55 GSD getOne 第 1 次 等待 3 秒
2024-02-15 00:09:58 查询号码 【1783738】，返回信息 {"status":"ok","msg":"河南-新乡","gid":"322682","time_insert":"2021-07-19 04:53"}
2024-02-15 00:09:58 查询号码 【1783738】，GSD为【"河南-新乡"】

2024-02-15 00:09:59 开始第 3830 次操作

2024-02-15 00:09:59 开始操作号码 【1783739】
2024-02-15 00:10:05 GSD getOne 第 1 次 等待 3 秒
2024-02-15 00:10:08 查询号码 【1783739】，返回信息 {"status":"ok","msg":"河南-新乡","gid":"322673","time_insert":"2021-07-19 04:52"}
2024-02-15 00:10:08 查询号码 【1783739】，GSD为【"河南-新乡"】

2024-02-15 00:10:09 开始第 3831 次操作

2024-02-15 00:10:09 开始操作号码 【1783740】
2024-02-15 00:10:15 GSD getOne 第 1 次 等待 3 秒
2024-02-15 00:10:18 查询号码 【1783740】，返回信息 {"status":"ok","msg":"河南-许昌","gid":"322665","time_insert":"2021-07-19 04:52"}
2024-02-15 00:10:19 查询号码 【1783740】，GSD为【"河南-许昌"】

2024-02-15 00:10:20 开始第 3832 次操作

2024-02-15 00:10:20 开始操作号码 【1783741】
2024-02-15 00:10:24 GSD getOne 第 1 次 等待 3 秒
2024-02-15 00:10:27 查询号码 【1783741】，返回信息 {"status":"ok","msg":"河南-许昌","gid":"322659","time_insert":"2021-07-19 04:51"}
2024-02-15 00:10:27 查询号码 【1783741】，GSD为【"河南-许昌"】

2024-02-15 00:34:52 开始第 3833 次操作

2024-02-15 00:34:52 开始操作号码 【1783742】
2024-02-15 00:34:56 GSD getOne 第 1 次 等待 3 秒
2024-02-15 00:34:59 查询号码 【1783742】，返回信息 {"status":"ok","msg":"河南-许昌","gid":"322653","time_insert":"2021-07-19 04:51"}
2024-02-15 00:34:59 查询号码 【1783742】，GSD为【"河南-许昌"】

2024-02-15 00:35:00 开始第 3834 次操作

2024-02-15 00:35:00 开始操作号码 【1783743】
2024-02-15 00:35:26 GSD getOne 第 1 次 等待 3 秒
2024-02-15 00:35:29 查询号码 【1783743】，返回信息 {"status":"ok","msg":"河南-许昌","gid":"322646","time_insert":"2021-07-19 04:50"}
2024-02-15 00:35:29 查询号码 【1783743】，GSD为【"河南-许昌"】

2024-02-15 00:35:30 开始第 3835 次操作

2024-02-15 00:35:30 开始操作号码 【1783744】
2024-02-15 00:35:38 GSD getOne 第 1 次 等待 3 秒
2024-02-15 00:35:41 查询号码 【1783744】，返回信息 {"status":"ok","msg":"河南-许昌","gid":"322639","time_insert":"2021-07-19 04:50"}
2024-02-15 00:35:41 查询号码 【1783744】，GSD为【"河南-许昌"】

2024-02-15 00:35:42 开始第 3836 次操作

2024-02-15 00:35:42 开始操作号码 【1783745】
2024-02-15 00:35:55 GSD getOne 第 1 次 等待 3 秒
2024-02-15 00:35:58 查询号码 【1783745】，返回信息 {"status":"ok","msg":"河南-许昌","gid":"322631","time_insert":"2021-07-19 04:49"}
2024-02-15 00:35:58 查询号码 【1783745】，GSD为【"河南-许昌"】

2024-02-15 01:07:05 开始第 3837 次操作

2024-02-15 01:07:05 开始操作号码 【1783746】
2024-02-15 01:07:09 GSD getOne 第 1 次 等待 3 秒
2024-02-15 01:07:12 查询号码 【1783746】，返回信息 {"status":"ok","msg":"河南-许昌","gid":"322625","time_insert":"2021-07-19 04:48"}
2024-02-15 01:07:12 查询号码 【1783746】，GSD为【"河南-许昌"】

2024-02-15 01:07:13 开始第 3838 次操作

2024-02-15 01:07:13 开始操作号码 【1783747】
2024-02-15 01:07:18 GSD getOne 第 1 次 等待 3 秒
2024-02-15 01:07:21 查询号码 【1783747】，返回信息 {"status":"ok","msg":"河南-许昌","gid":"322620","time_insert":"2021-07-19 04:48"}
2024-02-15 01:07:22 查询号码 【1783747】，GSD为【"河南-许昌"】

2024-02-15 01:07:23 开始第 3839 次操作

2024-02-15 01:07:23 开始操作号码 【1783748】
2024-02-15 01:07:27 GSD getOne 第 1 次 等待 3 秒
2024-02-15 01:07:30 查询号码 【1783748】，返回信息 {"status":"ok","msg":"河南-许昌","gid":"322613","time_insert":"2021-07-19 04:47"}
2024-02-15 01:07:30 查询号码 【1783748】，GSD为【"河南-许昌"】

2024-02-15 01:07:31 开始第 3840 次操作

2024-02-15 01:07:31 开始操作号码 【1783749】
2024-02-15 01:07:36 GSD getOne 第 1 次 等待 3 秒
2024-02-15 01:07:39 查询号码 【1783749】，返回信息 {"status":"ok","msg":"河南-许昌","gid":"322606","time_insert":"2021-07-19 04:46"}
2024-02-15 01:07:39 查询号码 【1783749】，GSD为【"河南-许昌"】

