2021-08-01 00:00:24 开始第 19 次操作

2021-08-01 00:00:24 开始操作号码 【1854486】
2021-08-01 00:00:27 GSD getOne 第 1 次 等待 3 秒
2021-08-01 00:00:30 查询号码 【1854486】，返回信息 {"status":"bad","msg":""}
2021-08-01 00:00:31 查询号码 【1854486】，GSD为【""】
2021-08-01 00:00:31 bad
2021-08-01 00:00:32 CHB 1854486?1627747231 第 1 次 等待 3 秒
2021-08-01 00:00:35 CHB 1854486?1627747231 第 1 次 获取到号码【1854486】GSD
2021-08-01 00:00:35 获取到号码【1854486】的GSD为【河北-邯郸】
2021-08-01 00:00:42 GSD insert 第 1 次 等待 3 秒
2021-08-01 00:00:45 {"status":"ok","gid":461565,"msg":"添加成功！"}
2021-08-01 00:00:45 下次操作: 2021-08-01 00:00:59

2021-08-01 00:00:59 开始第 20 次操作

2021-08-01 00:00:59 开始操作号码 【1854485】
2021-08-01 00:01:02 GSD getOne 第 1 次 等待 3 秒
2021-08-01 00:01:05 查询号码 【1854485】，返回信息 {"status":"bad","msg":""}
2021-08-01 00:01:05 查询号码 【1854485】，GSD为【""】
2021-08-01 00:01:05 bad
2021-08-01 00:01:07 CHB 1854485?1627747265 第 1 次 等待 3 秒
2021-08-01 00:01:10 CHB 1854485?1627747265 第 1 次 获取到号码【1854485】GSD
2021-08-01 00:01:10 获取到号码【1854485】的GSD为【河北-邯郸】
2021-08-01 00:01:13 GSD insert 第 1 次 等待 3 秒
2021-08-01 00:01:16 {"status":"ok","gid":461572,"msg":"添加成功！"}
2021-08-01 00:01:16 下次操作: 2021-08-01 00:01:36

2021-08-01 00:01:36 开始第 21 次操作

2021-08-01 00:01:36 开始操作号码 【1854484】
2021-08-01 00:01:41 GSD getOne 第 1 次 等待 3 秒
2021-08-01 00:01:44 查询号码 【1854484】，返回信息 {"status":"bad","msg":""}
2021-08-01 00:01:44 查询号码 【1854484】，GSD为【""】
2021-08-01 00:01:44 bad
2021-08-01 00:01:46 CHB 1854484?1627747304 第 1 次 等待 3 秒
2021-08-01 00:01:49 CHB 1854484?1627747304 第 1 次 获取到号码【1854484】GSD
2021-08-01 00:01:49 获取到号码【1854484】的GSD为【河北-邯郸】
2021-08-01 00:01:52 GSD insert 第 1 次 等待 3 秒
2021-08-01 00:01:55 {"status":"ok","gid":461580,"msg":"添加成功！"}
2021-08-01 00:01:55 下次操作: 2021-08-01 00:02:12

2021-08-01 00:02:13 开始第 22 次操作

2021-08-01 00:02:13 开始操作号码 【1854483】
2021-08-01 00:02:16 GSD getOne 第 1 次 等待 3 秒
2021-08-01 00:02:19 查询号码 【1854483】，返回信息 {"status":"bad","msg":""}
2021-08-01 00:02:19 查询号码 【1854483】，GSD为【""】
2021-08-01 00:02:19 bad
2021-08-01 00:02:21 CHB 1854483?1627747339 第 1 次 等待 3 秒
2021-08-01 00:02:24 CHB 1854483?1627747339 第 1 次 获取到号码【1854483】GSD
2021-08-01 00:02:24 获取到号码【1854483】的GSD为【河北-邯郸】
2021-08-01 00:02:28 GSD insert 第 1 次 等待 3 秒
2021-08-01 00:02:31 {"status":"ok","gid":461586,"msg":"添加成功！"}
2021-08-01 00:02:31 下次操作: 2021-08-01 00:02:52

2021-08-01 00:02:52 开始第 23 次操作

2021-08-01 00:02:52 开始操作号码 【1854482】
2021-08-01 00:02:55 GSD getOne 第 1 次 等待 3 秒
2021-08-01 00:02:58 查询号码 【1854482】，返回信息 {"status":"bad","msg":""}
2021-08-01 00:02:58 查询号码 【1854482】，GSD为【""】
2021-08-01 00:02:58 bad
2021-08-01 00:02:59 CHB 1854482?1627747378 第 1 次 等待 3 秒
2021-08-01 00:03:02 CHB 1854482?1627747378 第 1 次 获取到号码【1854482】GSD
2021-08-01 00:03:02 获取到号码【1854482】的GSD为【河北-邯郸】
2021-08-01 00:03:06 GSD insert 第 1 次 等待 3 秒
2021-08-01 00:03:09 {"status":"ok","gid":461593,"msg":"添加成功！"}
2021-08-01 00:03:09 下次操作: 2021-08-01 00:03:32

2021-08-01 00:03:32 开始第 24 次操作

2021-08-01 00:03:32 开始操作号码 【1854481】
2021-08-01 00:03:37 GSD getOne 第 1 次 等待 3 秒
2021-08-01 00:03:40 查询号码 【1854481】，返回信息 {"status":"bad","msg":""}
2021-08-01 00:03:40 查询号码 【1854481】，GSD为【""】
2021-08-01 00:03:40 bad
2021-08-01 00:03:42 CHB 1854481?1627747420 第 1 次 等待 3 秒
2021-08-01 00:03:45 CHB 1854481?1627747420 第 1 次 获取到号码【1854481】GSD
2021-08-01 00:03:45 获取到号码【1854481】的GSD为【河北-邯郸】
2021-08-01 00:03:51 GSD insert 第 1 次 等待 3 秒
2021-08-01 00:03:54 {"status":"ok","gid":461602,"msg":"添加成功！"}
2021-08-01 00:03:54 下次操作: 2021-08-01 00:04:18

2021-08-01 00:04:18 开始第 25 次操作

2021-08-01 00:04:18 开始操作号码 【1854480】
2021-08-01 00:04:22 GSD getOne 第 1 次 等待 3 秒
2021-08-01 00:04:25 查询号码 【1854480】，返回信息 {"status":"bad","msg":""}
2021-08-01 00:04:25 查询号码 【1854480】，GSD为【""】
2021-08-01 00:04:25 bad
2021-08-01 00:04:26 CHB 1854480?1627747465 第 1 次 等待 3 秒
2021-08-01 00:04:29 CHB 1854480?1627747465 第 1 次 获取到号码【1854480】GSD
2021-08-01 00:04:29 获取到号码【1854480】的GSD为【河北-邯郸】
2021-08-01 00:04:32 GSD insert 第 1 次 等待 3 秒
2021-08-01 00:04:35 {"status":"ok","gid":461610,"msg":"添加成功！"}
2021-08-01 00:04:35 下次操作: 2021-08-01 00:04:49

2021-08-01 00:04:49 开始第 26 次操作

2021-08-01 00:04:49 开始操作号码 【1854479】
2021-08-01 00:04:57 GSD getOne 第 1 次 等待 3 秒
2021-08-01 00:05:00 查询号码 【1854479】，返回信息 {"status":"bad","msg":""}
2021-08-01 00:05:00 查询号码 【1854479】，GSD为【""】
2021-08-01 00:05:00 bad
2021-08-01 00:05:01 CHB 1854479?1627747500 第 1 次 等待 3 秒
2021-08-01 00:05:04 CHB 1854479?1627747500 第 1 次 获取到号码【1854479】GSD
2021-08-01 00:05:04 获取到号码【1854479】的GSD为【河北-沧州】
2021-08-01 00:05:08 GSD insert 第 1 次 等待 3 秒
2021-08-01 00:05:11 {"status":"ok","gid":461618,"msg":"添加成功！"}
2021-08-01 00:05:11 下次操作: 2021-08-01 00:05:24

2021-08-01 00:05:24 开始第 27 次操作

2021-08-01 00:05:24 开始操作号码 【1854478】
2021-08-01 00:05:32 GSD getOne 第 1 次 等待 3 秒
2021-08-01 00:05:35 查询号码 【1854478】，返回信息 {"status":"bad","msg":""}
2021-08-01 00:05:35 查询号码 【1854478】，GSD为【""】
2021-08-01 00:05:35 bad
2021-08-01 00:05:36 CHB 1854478?1627747535 第 1 次 等待 3 秒
2021-08-01 00:05:39 CHB 1854478?1627747535 第 1 次 获取到号码【1854478】GSD
2021-08-01 00:05:39 获取到号码【1854478】的GSD为【河北-沧州】
2021-08-01 00:05:48 GSD insert 第 1 次 等待 3 秒
2021-08-01 00:05:52 {"status":"ok","gid":461628,"msg":"添加成功！"}
2021-08-01 00:05:52 下次操作: 2021-08-01 00:06:04

2021-08-01 00:06:04 开始第 28 次操作

2021-08-01 00:06:04 开始操作号码 【1854477】
2021-08-01 00:06:07 GSD getOne 第 1 次 等待 3 秒
2021-08-01 00:06:10 查询号码 【1854477】，返回信息 {"status":"bad","msg":""}
2021-08-01 00:06:11 查询号码 【1854477】，GSD为【""】
2021-08-01 00:06:11 bad
2021-08-01 00:06:12 CHB 1854477?1627747571 第 1 次 等待 3 秒
2021-08-01 00:06:15 CHB 1854477?1627747571 第 1 次 获取到号码【1854477】GSD
2021-08-01 00:06:15 获取到号码【1854477】的GSD为【河北-沧州】
2021-08-01 00:06:19 GSD insert 第 1 次 等待 3 秒
2021-08-01 00:06:22 {"status":"ok","gid":461634,"msg":"添加成功！"}
2021-08-01 00:06:22 下次操作: 2021-08-01 00:06:43

2021-08-01 00:06:43 开始第 29 次操作

2021-08-01 00:06:43 开始操作号码 【1854476】
2021-08-01 00:07:15 GSD getOne 第 1 次 等待 3 秒
2021-08-01 00:07:18 查询号码 【1854476】，返回信息 {"status":"bad","msg":""}
2021-08-01 00:07:18 查询号码 【1854476】，GSD为【""】
2021-08-01 00:07:18 bad
2021-08-01 00:07:21 CHB 1854476?1627747638 第 1 次 等待 3 秒
2021-08-01 00:07:24 CHB 1854476?1627747638 第 1 次 获取到号码【1854476】GSD
2021-08-01 00:07:24 获取到号码【1854476】的GSD为【河北-沧州】
2021-08-01 00:07:28 GSD insert 第 1 次 等待 3 秒
2021-08-01 00:07:31 {"status":"ok","gid":461646,"msg":"添加成功！"}
2021-08-01 00:07:31 下次操作: 2021-08-01 00:07:46

2021-08-01 00:07:46 开始第 30 次操作

2021-08-01 00:07:46 开始操作号码 【1854475】
2021-08-01 00:07:50 GSD getOne 第 1 次 等待 3 秒
2021-08-01 00:07:53 查询号码 【1854475】，返回信息 {"status":"bad","msg":""}
2021-08-01 00:07:53 查询号码 【1854475】，GSD为【""】
2021-08-01 00:07:53 bad
2021-08-01 00:07:54 CHB 1854475?1627747673 第 1 次 等待 3 秒
2021-08-01 00:07:57 CHB 1854475?1627747673 第 1 次 获取到号码【1854475】GSD
2021-08-01 00:07:57 获取到号码【1854475】的GSD为【河北-沧州】
2021-08-01 00:08:01 GSD insert 第 1 次 等待 3 秒
2021-08-01 00:08:04 {"status":"ok","gid":461654,"msg":"添加成功！"}
2021-08-01 00:08:04 下次操作: 2021-08-01 00:08:18

2021-08-01 00:08:18 开始第 31 次操作

2021-08-01 00:08:18 开始操作号码 【1854474】
2021-08-01 00:08:24 GSD getOne 第 1 次 等待 3 秒
2021-08-01 00:08:27 查询号码 【1854474】，返回信息 {"status":"bad","msg":""}
2021-08-01 00:08:27 查询号码 【1854474】，GSD为【""】
2021-08-01 00:08:27 bad
2021-08-01 00:08:28 CHB 1854474?1627747707 第 1 次 等待 3 秒
2021-08-01 00:08:31 CHB 1854474?1627747707 第 1 次 获取到号码【1854474】GSD
2021-08-01 00:08:31 获取到号码【1854474】的GSD为【河北-沧州】
2021-08-01 00:08:35 GSD insert 第 1 次 等待 3 秒
2021-08-01 00:08:38 {"status":"ok","gid":461663,"msg":"添加成功！"}
2021-08-01 00:08:38 下次操作: 2021-08-01 00:08:58

2021-08-01 00:08:58 开始第 32 次操作

2021-08-01 00:08:58 开始操作号码 【1854473】
2021-08-01 00:09:11 GSD getOne 第 1 次 等待 3 秒
2021-08-01 00:09:14 查询号码 【1854473】，返回信息 {"status":"bad","msg":""}
2021-08-01 00:09:14 查询号码 【1854473】，GSD为【""】
2021-08-01 00:09:14 bad
2021-08-01 00:09:16 CHB 1854473?1627747754 第 1 次 等待 3 秒
2021-08-01 00:09:19 CHB 1854473?1627747754 第 1 次 获取到号码【1854473】GSD
2021-08-01 00:09:19 获取到号码【1854473】的GSD为【河北-沧州】
2021-08-01 00:09:24 GSD insert 第 1 次 等待 3 秒
2021-08-01 00:09:27 {"status":"ok","gid":461674,"msg":"添加成功！"}
2021-08-01 00:09:27 下次操作: 2021-08-01 00:09:45

2021-08-01 00:09:45 开始第 33 次操作

2021-08-01 00:09:45 开始操作号码 【1854472】
2021-08-01 00:09:49 GSD getOne 第 1 次 等待 3 秒
2021-08-01 00:09:52 查询号码 【1854472】，返回信息 {"status":"bad","msg":""}
2021-08-01 00:09:52 查询号码 【1854472】，GSD为【""】
2021-08-01 00:09:52 bad
2021-08-01 00:09:53 CHB 1854472?1627747792 第 1 次 等待 3 秒
2021-08-01 00:09:56 CHB 1854472?1627747792 第 1 次 获取到号码【1854472】GSD
2021-08-01 00:09:56 获取到号码【1854472】的GSD为【河北-沧州】
2021-08-01 00:10:01 GSD insert 第 1 次 等待 3 秒
2021-08-01 00:10:04 {"status":"ok","gid":461682,"msg":"添加成功！"}
2021-08-01 00:10:04 下次操作: 2021-08-01 00:10:17

2021-08-01 00:10:17 开始第 34 次操作

2021-08-01 00:10:17 开始操作号码 【1854471】
2021-08-01 00:10:21 GSD getOne 第 1 次 等待 3 秒
2021-08-01 00:10:24 查询号码 【1854471】，返回信息 {"status":"bad","msg":""}
2021-08-01 00:10:24 查询号码 【1854471】，GSD为【""】
2021-08-01 00:10:24 bad
2021-08-01 00:10:25 CHB 1854471?1627747824 第 1 次 等待 3 秒
2021-08-01 00:10:28 CHB 1854471?1627747824 第 1 次 获取到号码【1854471】GSD
2021-08-01 00:10:28 获取到号码【1854471】的GSD为【河北-沧州】
2021-08-01 00:10:33 GSD insert 第 1 次 等待 3 秒
2021-08-01 00:10:36 {"status":"ok","gid":461690,"msg":"添加成功！"}
2021-08-01 00:10:36 下次操作: 2021-08-01 00:11:00

2021-08-01 00:11:00 开始第 35 次操作

2021-08-01 00:11:00 开始操作号码 【1854470】
2021-08-01 00:11:12 GSD getOne 第 1 次 等待 3 秒
2021-08-01 00:11:15 查询号码 【1854470】，返回信息 {"status":"bad","msg":""}
2021-08-01 00:11:15 查询号码 【1854470】，GSD为【""】
2021-08-01 00:11:15 bad
2021-08-01 00:11:20 CHB 1854470?1627747875 第 1 次 等待 3 秒
2021-08-01 00:11:23 CHB 1854470?1627747875 第 1 次 获取到号码【1854470】GSD
2021-08-01 00:11:23 获取到号码【1854470】的GSD为【河北-沧州】
2021-08-01 00:11:29 GSD insert 第 1 次 等待 3 秒
2021-08-01 00:11:32 {"status":"ok","gid":461699,"msg":"添加成功！"}
2021-08-01 00:11:32 下次操作: 2021-08-01 00:11:56

2021-08-01 00:11:56 开始第 36 次操作

2021-08-01 00:11:56 开始操作号码 【1854469】
2021-08-01 00:12:03 GSD getOne 第 1 次 等待 3 秒
2021-08-01 00:12:06 查询号码 【1854469】，返回信息 {"status":"bad","msg":""}
2021-08-01 00:12:06 查询号码 【1854469】，GSD为【""】
2021-08-01 00:12:06 bad
2021-08-01 00:12:08 CHB 1854469?1627747926 第 1 次 等待 3 秒
2021-08-01 00:12:11 CHB 1854469?1627747926 第 1 次 获取到号码【1854469】GSD
2021-08-01 00:12:11 获取到号码【1854469】的GSD为【河北-沧州】
2021-08-01 00:12:20 GSD insert 第 1 次 等待 3 秒
2021-08-01 00:12:23 {"status":"ok","gid":461714,"msg":"添加成功！"}
2021-08-01 00:12:23 下次操作: 2021-08-01 00:12:40

2021-08-01 00:12:40 开始第 37 次操作

2021-08-01 00:12:40 开始操作号码 【1854468】
2021-08-01 00:12:44 GSD getOne 第 1 次 等待 3 秒
2021-08-01 00:12:47 查询号码 【1854468】，返回信息 {"status":"bad","msg":""}
2021-08-01 00:12:47 查询号码 【1854468】，GSD为【""】
2021-08-01 00:12:47 bad
2021-08-01 00:12:48 CHB 1854468?1627747967 第 1 次 等待 3 秒
2021-08-01 00:12:51 CHB 1854468?1627747967 第 1 次 获取到号码【1854468】GSD
2021-08-01 00:12:51 未获取到号码【1854468】GSD，查号吧 400 错误
2021-08-01 00:12:51 获取到号码【1854468】的GSD为【-】
2021-08-01 00:12:58 GSD insert 第 1 次 等待 3 秒
2021-08-01 00:13:01 {"status":"ok","gid":461720,"msg":"添加成功！"}
2021-08-01 00:13:01 下次操作: 2021-08-01 00:13:20

2021-08-01 00:13:20 开始第 38 次操作

2021-08-01 00:13:20 开始操作号码 【1854467】
2021-08-01 00:13:24 GSD getOne 第 1 次 等待 3 秒
2021-08-01 00:13:27 查询号码 【1854467】，返回信息 {"status":"bad","msg":""}
2021-08-01 00:13:27 查询号码 【1854467】，GSD为【""】
2021-08-01 00:13:27 bad
2021-08-01 00:13:30 CHB 1854467?1627748007 第 1 次 等待 3 秒
2021-08-01 00:13:33 CHB 1854467?1627748007 第 1 次 获取到号码【1854467】GSD
2021-08-01 00:13:33 获取到号码【1854467】的GSD为【河北-沧州】
2021-08-01 00:13:37 GSD insert 第 1 次 等待 3 秒
2021-08-01 00:13:40 {"status":"ok","gid":461729,"msg":"添加成功！"}
2021-08-01 00:13:40 下次操作: 2021-08-01 00:13:55

2021-08-01 00:13:55 开始第 39 次操作

2021-08-01 00:13:55 开始操作号码 【1854466】
2021-08-01 00:14:01 GSD getOne 第 1 次 等待 3 秒
2021-08-01 00:14:04 查询号码 【1854466】，返回信息 {"status":"bad","msg":""}
2021-08-01 00:14:04 查询号码 【1854466】，GSD为【""】
2021-08-01 00:14:04 bad
2021-08-01 00:14:06 CHB 1854466?1627748044 第 1 次 等待 3 秒
2021-08-01 00:14:09 CHB 1854466?1627748044 第 1 次 获取到号码【1854466】GSD
2021-08-01 00:14:09 获取到号码【1854466】的GSD为【河北-沧州】
2021-08-01 00:14:12 GSD insert 第 1 次 等待 3 秒
2021-08-01 00:14:15 {"status":"ok","gid":461736,"msg":"添加成功！"}
2021-08-01 00:14:15 下次操作: 2021-08-01 00:14:30

2021-08-01 00:14:30 开始第 40 次操作

2021-08-01 00:14:30 开始操作号码 【1854465】
2021-08-01 00:14:34 GSD getOne 第 1 次 等待 3 秒
2021-08-01 00:14:37 查询号码 【1854465】，返回信息 {"status":"bad","msg":""}
2021-08-01 00:14:37 查询号码 【1854465】，GSD为【""】
2021-08-01 00:14:37 bad
2021-08-01 00:14:39 CHB 1854465?1627748077 第 1 次 等待 3 秒
2021-08-01 00:14:42 CHB 1854465?1627748077 第 1 次 获取到号码【1854465】GSD
2021-08-01 00:14:42 获取到号码【1854465】的GSD为【河北-沧州】
2021-08-01 00:16:43 GSD insert 第 1 次 等待 3 秒
2021-08-01 00:16:46 {"status":"ok","gid":461755,"msg":"添加成功！"}

