2024-11-30 00:27:47 开始第 7245 次操作

2024-11-30 00:27:47 开始操作号码 【1347244】
2024-11-30 00:27:48 GSD getOne 第 1 次 等待 3 秒
2024-11-30 00:27:51 查询号码 【1347244】，返回信息 {"status":"ok","msg":"上海-上海","gid":"332343","time_insert":"2021-07-20 02:58"}
2024-11-30 00:27:51 查询号码 【1347244】，GSD为【"上海-上海"】

2024-11-30 00:27:52 开始第 7246 次操作

2024-11-30 00:27:52 开始操作号码 【1347245】
2024-11-30 00:27:53 GSD getOne 第 1 次 等待 3 秒
2024-11-30 00:27:56 查询号码 【1347245】，返回信息 {"status":"ok","msg":"上海-上海","gid":"332335","time_insert":"2021-07-20 02:57"}
2024-11-30 00:27:56 查询号码 【1347245】，GSD为【"上海-上海"】

2024-11-30 00:27:57 开始第 7247 次操作

2024-11-30 00:27:57 开始操作号码 【1347246】
2024-11-30 00:27:58 GSD getOne 第 1 次 等待 3 秒
2024-11-30 00:28:01 查询号码 【1347246】，返回信息 {"status":"ok","msg":"上海-上海","gid":"332325","time_insert":"2021-07-20 02:56"}
2024-11-30 00:28:01 查询号码 【1347246】，GSD为【"上海-上海"】

2024-11-30 00:28:02 开始第 7248 次操作

2024-11-30 00:28:02 开始操作号码 【1347247】
2024-11-30 00:28:03 GSD getOne 第 1 次 等待 3 秒
2024-11-30 00:28:06 查询号码 【1347247】，返回信息 {"status":"ok","msg":"上海-上海","gid":"332316","time_insert":"2021-07-20 02:56"}
2024-11-30 00:28:06 查询号码 【1347247】，GSD为【"上海-上海"】

