2023-10-23 00:08:47 开始第 4681 次操作

2023-10-23 00:08:47 开始操作号码 【1994590】
2023-10-23 00:08:50 GSD getOne 第 1 次 等待 3 秒
2023-10-23 00:08:53 查询号码 【1994590】，返回信息 {"status":"ok","msg":"黑龙江-大庆","gid":"517389","time_insert":"2021-08-18 19:32"}
2023-10-23 00:08:53 查询号码 【1994590】，GSD为【"黑龙江-大庆"】

2023-10-23 00:08:54 开始第 4682 次操作

2023-10-23 00:08:54 开始操作号码 【1994591】
2023-10-23 00:08:57 GSD getOne 第 1 次 等待 3 秒
2023-10-23 00:09:00 查询号码 【1994591】，返回信息 {"status":"ok","msg":"黑龙江-大庆","gid":"517392","time_insert":"2021-08-18 19:36"}
2023-10-23 00:09:00 查询号码 【1994591】，GSD为【"黑龙江-大庆"】

2023-10-23 00:09:01 开始第 4683 次操作

2023-10-23 00:09:01 开始操作号码 【1994592】
2023-10-23 00:09:07 GSD getOne 第 1 次 等待 3 秒
2023-10-23 00:09:10 查询号码 【1994592】，返回信息 {"status":"ok","msg":"黑龙江-鹤岗","gid":"517396","time_insert":"2021-08-18 19:42"}
2023-10-23 00:09:10 查询号码 【1994592】，GSD为【"黑龙江-鹤岗"】

2023-10-23 00:09:11 开始第 4684 次操作

2023-10-23 00:09:11 开始操作号码 【1994593】
2023-10-23 00:09:14 GSD getOne 第 1 次 等待 3 秒
2023-10-23 00:09:17 查询号码 【1994593】，返回信息 {"status":"ok","msg":"黑龙江-伊春","gid":"517400","time_insert":"2021-08-18 19:45"}
2023-10-23 00:09:17 查询号码 【1994593】，GSD为【"黑龙江-伊春"】

2023-10-23 00:33:48 开始第 4685 次操作

2023-10-23 00:33:48 开始操作号码 【1994594】
2023-10-23 00:33:54 GSD getOne 第 1 次 等待 3 秒
2023-10-23 00:33:57 查询号码 【1994594】，返回信息 {"status":"ok","msg":"黑龙江-哈尔滨","gid":"517405","time_insert":"2021-08-18 19:53"}
2023-10-23 00:33:57 查询号码 【1994594】，GSD为【"黑龙江-哈尔滨"】

2023-10-23 00:33:58 开始第 4686 次操作

2023-10-23 00:33:58 开始操作号码 【1994595】
2023-10-23 00:34:04 GSD getOne 第 1 次 等待 3 秒
2023-10-23 00:34:07 查询号码 【1994595】，返回信息 {"status":"ok","msg":"黑龙江-七台河","gid":"517408","time_insert":"2021-08-18 19:56"}
2023-10-23 00:34:07 查询号码 【1994595】，GSD为【"黑龙江-七台河"】

2023-10-23 00:34:08 开始第 4687 次操作

2023-10-23 00:34:08 开始操作号码 【1994596】
2023-10-23 00:34:11 GSD getOne 第 1 次 等待 3 秒
2023-10-23 00:34:14 查询号码 【1994596】，返回信息 {"status":"ok","msg":"黑龙江-双鸭山","gid":"517411","time_insert":"2021-08-18 20:02"}
2023-10-23 00:34:14 查询号码 【1994596】，GSD为【"黑龙江-双鸭山"】

2023-10-23 00:34:15 开始第 4688 次操作

2023-10-23 00:34:15 开始操作号码 【1994597】
2023-10-23 00:34:18 GSD getOne 第 1 次 等待 3 秒
2023-10-23 00:34:21 查询号码 【1994597】，返回信息 {"status":"ok","msg":"黑龙江-大兴安岭","gid":"517415","time_insert":"2021-08-18 20:06"}
2023-10-23 00:34:21 查询号码 【1994597】，GSD为【"黑龙江-大兴安岭"】

2023-10-23 01:06:52 开始第 4689 次操作

2023-10-23 01:06:52 开始操作号码 【1994598】
2023-10-23 01:06:56 GSD getOne 第 1 次 等待 3 秒
2023-10-23 01:06:59 查询号码 【1994598】，返回信息 {"status":"ok","msg":"黑龙江-大庆","gid":"517418","time_insert":"2021-08-18 20:12"}
2023-10-23 01:06:59 查询号码 【1994598】，GSD为【"黑龙江-大庆"】

2023-10-23 01:07:00 开始第 4690 次操作

2023-10-23 01:07:00 开始操作号码 【1994599】
2023-10-23 01:07:04 GSD getOne 第 1 次 等待 3 秒
2023-10-23 01:07:07 查询号码 【1994599】，返回信息 {"status":"ok","msg":"黑龙江-大庆","gid":"517424","time_insert":"2021-08-18 20:22"}
2023-10-23 01:07:07 查询号码 【1994599】，GSD为【"黑龙江-大庆"】

2023-10-23 01:07:08 开始第 4691 次操作

2023-10-23 01:07:08 开始操作号码 【1994600】
2023-10-23 01:07:17 GSD getOne 第 1 次 等待 3 秒
2023-10-23 01:07:20 查询号码 【1994600】，返回信息 {"status":"ok","msg":"上海-上海","gid":"517426","time_insert":"2021-08-18 20:32"}
2023-10-23 01:07:20 查询号码 【1994600】，GSD为【"上海-上海"】

2023-10-23 01:07:21 开始第 4692 次操作

2023-10-23 01:07:21 开始操作号码 【1994601】
2023-10-23 01:07:27 GSD getOne 第 1 次 等待 3 秒
2023-10-23 01:07:30 查询号码 【1994601】，返回信息 {"status":"ok","msg":"上海-上海","gid":"517429","time_insert":"2021-08-18 20:37"}
2023-10-23 01:07:30 查询号码 【1994601】，GSD为【"上海-上海"】

2023-10-23 01:32:32 开始第 4693 次操作

2023-10-23 01:32:32 开始操作号码 【1994602】
2023-10-23 01:32:35 GSD getOne 第 1 次 等待 3 秒
2023-10-23 01:32:38 查询号码 【1994602】，返回信息 {"status":"ok","msg":"上海-上海","gid":"517434","time_insert":"2021-08-18 20:42"}
2023-10-23 01:32:38 查询号码 【1994602】，GSD为【"上海-上海"】

2023-10-23 01:32:39 开始第 4694 次操作

2023-10-23 01:32:39 开始操作号码 【1994603】
2023-10-23 01:32:44 GSD getOne 第 1 次 等待 3 秒
2023-10-23 01:32:47 查询号码 【1994603】，返回信息 {"status":"ok","msg":"上海-上海","gid":"517435","time_insert":"2021-08-18 20:46"}
2023-10-23 01:32:47 查询号码 【1994603】，GSD为【"上海-上海"】

2023-10-23 01:32:48 开始第 4695 次操作

2023-10-23 01:32:48 开始操作号码 【1994604】
2023-10-23 01:32:51 GSD getOne 第 1 次 等待 3 秒
2023-10-23 01:32:54 查询号码 【1994604】，返回信息 {"status":"ok","msg":"上海-上海","gid":"517437","time_insert":"2021-08-18 20:51"}
2023-10-23 01:32:54 查询号码 【1994604】，GSD为【"上海-上海"】

2023-10-23 01:32:55 开始第 4696 次操作

2023-10-23 01:32:55 开始操作号码 【1994605】
2023-10-23 01:32:59 GSD getOne 第 1 次 等待 3 秒
2023-10-23 01:33:02 查询号码 【1994605】，返回信息 {"status":"ok","msg":"上海-上海","gid":"517440","time_insert":"2021-08-18 20:59"}
2023-10-23 01:33:02 查询号码 【1994605】，GSD为【"上海-上海"】

2023-10-23 02:08:52 开始第 4697 次操作

2023-10-23 02:08:52 开始操作号码 【1994606】
2023-10-23 02:08:58 GSD getOne 第 1 次 等待 3 秒
2023-10-23 02:09:01 查询号码 【1994606】，返回信息 {"status":"ok","msg":"上海-上海","gid":"517444","time_insert":"2021-08-18 21:03"}
2023-10-23 02:09:01 查询号码 【1994606】，GSD为【"上海-上海"】

2023-10-23 02:09:02 开始第 4698 次操作

2023-10-23 02:09:02 开始操作号码 【1994607】
2023-10-23 02:09:05 GSD getOne 第 1 次 等待 3 秒
2023-10-23 02:09:08 查询号码 【1994607】，返回信息 {"status":"ok","msg":"上海-上海","gid":"517445","time_insert":"2021-08-18 21:11"}
2023-10-23 02:09:08 查询号码 【1994607】，GSD为【"上海-上海"】

2023-10-23 02:09:09 开始第 4699 次操作

2023-10-23 02:09:09 开始操作号码 【1994608】
2023-10-23 02:09:12 GSD getOne 第 1 次 等待 3 秒
2023-10-23 02:09:15 查询号码 【1994608】，返回信息 {"status":"ok","msg":"上海-上海","gid":"517446","time_insert":"2021-08-18 21:14"}
2023-10-23 02:09:15 查询号码 【1994608】，GSD为【"上海-上海"】

2023-10-23 02:09:16 开始第 4700 次操作

2023-10-23 02:09:16 开始操作号码 【1994609】
2023-10-23 02:09:19 GSD getOne 第 1 次 等待 3 秒
2023-10-23 02:09:22 查询号码 【1994609】，返回信息 {"status":"ok","msg":"上海-上海","gid":"517451","time_insert":"2021-08-18 21:20"}
2023-10-23 02:09:22 查询号码 【1994609】，GSD为【"上海-上海"】

2023-10-23 02:32:40 开始第 4701 次操作

2023-10-23 02:32:40 开始操作号码 【1994610】
2023-10-23 02:32:44 GSD getOne 第 1 次 等待 3 秒
2023-10-23 02:32:47 查询号码 【1994610】，返回信息 {"status":"ok","msg":"上海-上海","gid":"517452","time_insert":"2021-08-18 21:25"}
2023-10-23 02:32:48 查询号码 【1994610】，GSD为【"上海-上海"】

2023-10-23 02:32:49 开始第 4702 次操作

2023-10-23 02:32:49 开始操作号码 【1994611】
2023-10-23 02:32:53 GSD getOne 第 1 次 等待 3 秒
2023-10-23 02:32:56 查询号码 【1994611】，返回信息 {"status":"ok","msg":"上海-上海","gid":"517454","time_insert":"2021-08-18 21:38"}
2023-10-23 02:32:56 查询号码 【1994611】，GSD为【"上海-上海"】

2023-10-23 02:32:57 开始第 4703 次操作

2023-10-23 02:32:57 开始操作号码 【1994612】
2023-10-23 02:33:00 GSD getOne 第 1 次 等待 3 秒
2023-10-23 02:33:03 查询号码 【1994612】，返回信息 {"status":"ok","msg":"上海-上海","gid":"517458","time_insert":"2021-08-18 21:49"}
2023-10-23 02:33:03 查询号码 【1994612】，GSD为【"上海-上海"】

2023-10-23 02:33:04 开始第 4704 次操作

2023-10-23 02:33:04 开始操作号码 【1994613】
2023-10-23 02:33:07 GSD getOne 第 1 次 等待 3 秒
2023-10-23 02:33:10 查询号码 【1994613】，返回信息 {"status":"ok","msg":"上海-上海","gid":"517459","time_insert":"2021-08-18 21:53"}
2023-10-23 02:33:10 查询号码 【1994613】，GSD为【"上海-上海"】

