2023-10-01 00:08:13 开始第 853 次操作

2023-10-01 00:08:13 开始操作号码 【1990852】
2023-10-01 00:08:15 GSD getOne 第 1 次 等待 3 秒
2023-10-01 00:08:18 查询号码 【1990852】，返回信息 {"status":"ok","msg":"贵州-遵义","gid":"496192","time_insert":"2021-08-05 02:57"}
2023-10-01 00:08:18 查询号码 【1990852】，GSD为【"贵州-遵义"】

2023-10-01 00:08:19 开始第 854 次操作

2023-10-01 00:08:19 开始操作号码 【1990853】
2023-10-01 00:08:23 GSD getOne 第 1 次 等待 3 秒
2023-10-01 00:08:26 查询号码 【1990853】，返回信息 {"status":"ok","msg":"贵州-安顺","gid":"496196","time_insert":"2021-08-05 03:06"}
2023-10-01 00:08:26 查询号码 【1990853】，GSD为【"贵州-安顺"】

2023-10-01 00:08:27 开始第 855 次操作

2023-10-01 00:08:27 开始操作号码 【1990854】
2023-10-01 00:08:29 GSD getOne 第 1 次 等待 3 秒
2023-10-01 00:08:32 查询号码 【1990854】，返回信息 {"status":"ok","msg":"贵州-黔南","gid":"496203","time_insert":"2021-08-05 03:15"}
2023-10-01 00:08:32 查询号码 【1990854】，GSD为【"贵州-黔南"】

2023-10-01 00:08:33 开始第 856 次操作

2023-10-01 00:08:33 开始操作号码 【1990855】
2023-10-01 00:08:37 GSD getOne 第 1 次 等待 3 秒
2023-10-01 00:08:40 查询号码 【1990855】，返回信息 {"status":"ok","msg":"贵州-黔东南","gid":"496208","time_insert":"2021-08-05 03:24"}
2023-10-01 00:08:40 查询号码 【1990855】，GSD为【"贵州-黔东南"】

2023-10-01 00:33:42 开始第 857 次操作

2023-10-01 00:33:42 开始操作号码 【1990856】
2023-10-01 00:33:44 GSD getOne 第 1 次 等待 3 秒
2023-10-01 00:33:47 查询号码 【1990856】，返回信息 {"status":"ok","msg":"贵州-铜仁","gid":"496215","time_insert":"2021-08-05 03:35"}
2023-10-01 00:33:47 查询号码 【1990856】，GSD为【"贵州-铜仁"】

2023-10-01 00:33:48 开始第 858 次操作

2023-10-01 00:33:48 开始操作号码 【1990857】
2023-10-01 00:33:52 GSD getOne 第 1 次 等待 3 秒
2023-10-01 00:33:55 查询号码 【1990857】，返回信息 {"status":"ok","msg":"贵州-毕节","gid":"62993","time_insert":"2021-05-20 12:55","time_update":"2021-06-25 12:17"}
2023-10-01 00:33:55 查询号码 【1990857】，GSD为【"贵州-毕节"】

2023-10-01 00:33:56 开始第 859 次操作

2023-10-01 00:33:56 开始操作号码 【1990858】
2023-10-01 00:34:14 GSD getOne 第 1 次 等待 3 秒
2023-10-01 00:34:17 查询号码 【1990858】，返回信息 {"status":"ok","msg":"贵州-六盘水","gid":"496220","time_insert":"2021-08-05 03:44"}
2023-10-01 00:34:17 查询号码 【1990858】，GSD为【"贵州-六盘水"】

2023-10-01 00:34:18 开始第 860 次操作

2023-10-01 00:34:18 开始操作号码 【1990859】
2023-10-01 00:34:23 GSD getOne 第 1 次 等待 3 秒
2023-10-01 00:34:26 查询号码 【1990859】，返回信息 {"status":"ok","msg":"贵州-黔西南","gid":"496227","time_insert":"2021-08-05 03:53"}
2023-10-01 00:34:26 查询号码 【1990859】，GSD为【"贵州-黔西南"】

