2024-10-06 00:21:58 开始第 8173 次操作

2024-10-06 00:21:58 开始操作号码 【1458172】
2024-10-06 00:22:01 GSD getOne 第 1 次 等待 3 秒
2024-10-06 00:22:04 查询号码 【1458172】，返回信息 {"status":"ok","msg":"浙江-温州","gid":"102029","time_insert":"2021-06-17 20:33"}
2024-10-06 00:22:04 查询号码 【1458172】，GSD为【"浙江-温州"】

2024-10-06 00:22:05 开始第 8174 次操作

2024-10-06 00:22:05 开始操作号码 【1458173】
2024-10-06 00:22:07 GSD getOne 第 1 次 等待 3 秒
2024-10-06 00:22:10 查询号码 【1458173】，返回信息 {"status":"ok","msg":"浙江-温州","gid":"102031","time_insert":"2021-06-17 20:37"}
2024-10-06 00:22:10 查询号码 【1458173】，GSD为【"浙江-温州"】

2024-10-06 00:22:11 开始第 8175 次操作

2024-10-06 00:22:11 开始操作号码 【1458174】
2024-10-06 00:22:13 GSD getOne 第 1 次 等待 3 秒
2024-10-06 00:22:16 查询号码 【1458174】，返回信息 {"status":"ok","msg":"浙江-温州","gid":"102038","time_insert":"2021-06-17 20:41"}
2024-10-06 00:22:16 查询号码 【1458174】，GSD为【"浙江-温州"】

2024-10-06 00:22:17 开始第 8176 次操作

2024-10-06 00:22:17 开始操作号码 【1458175】
2024-10-06 00:22:19 GSD getOne 第 1 次 等待 3 秒
2024-10-06 00:22:22 查询号码 【1458175】，返回信息 {"status":"ok","msg":"浙江-温州","gid":"102043","time_insert":"2021-06-17 20:46"}
2024-10-06 00:22:22 查询号码 【1458175】，GSD为【"浙江-温州"】

2024-10-06 00:42:05 开始第 8177 次操作

2024-10-06 00:42:06 开始操作号码 【1458176】
2024-10-06 00:42:08 GSD getOne 第 1 次 等待 3 秒
2024-10-06 00:42:11 查询号码 【1458176】，返回信息 {"status":"ok","msg":"浙江-温州","gid":"102052","time_insert":"2021-06-17 20:52"}
2024-10-06 00:42:11 查询号码 【1458176】，GSD为【"浙江-温州"】

2024-10-06 00:42:12 开始第 8178 次操作

2024-10-06 00:42:12 开始操作号码 【1458177】
2024-10-06 00:42:13 GSD getOne 第 1 次 等待 3 秒
2024-10-06 00:42:16 查询号码 【1458177】，返回信息 {"status":"ok","msg":"浙江-温州","gid":"102056","time_insert":"2021-06-17 20:55"}
2024-10-06 00:42:17 查询号码 【1458177】，GSD为【"浙江-温州"】

2024-10-06 00:42:18 开始第 8179 次操作

2024-10-06 00:42:18 开始操作号码 【1458178】
2024-10-06 00:42:20 GSD getOne 第 1 次 等待 3 秒
2024-10-06 00:42:23 查询号码 【1458178】，返回信息 {"status":"ok","msg":"浙江-温州","gid":"102062","time_insert":"2021-06-17 21:01"}
2024-10-06 00:42:23 查询号码 【1458178】，GSD为【"浙江-温州"】

2024-10-06 00:42:24 开始第 8180 次操作

2024-10-06 00:42:24 开始操作号码 【1458179】
2024-10-06 00:42:27 GSD getOne 第 1 次 等待 3 秒
2024-10-06 00:42:30 查询号码 【1458179】，返回信息 {"status":"ok","msg":"浙江-温州","gid":"102066","time_insert":"2021-06-17 21:05"}
2024-10-06 00:42:30 查询号码 【1458179】，GSD为【"浙江-温州"】

2024-10-06 01:16:36 开始第 8181 次操作

2024-10-06 01:16:36 开始操作号码 【1458180】
2024-10-06 01:16:38 GSD getOne 第 1 次 等待 3 秒
2024-10-06 01:16:41 查询号码 【1458180】，返回信息 {"status":"ok","msg":"浙江-湖州","gid":"102073","time_insert":"2021-06-17 21:10"}
2024-10-06 01:16:41 查询号码 【1458180】，GSD为【"浙江-湖州"】

2024-10-06 01:16:42 开始第 8182 次操作

2024-10-06 01:16:42 开始操作号码 【1458181】
2024-10-06 01:16:44 GSD getOne 第 1 次 等待 3 秒
2024-10-06 01:16:47 查询号码 【1458181】，返回信息 {"status":"ok","msg":"浙江-湖州","gid":"102078","time_insert":"2021-06-17 21:14"}
2024-10-06 01:16:47 查询号码 【1458181】，GSD为【"浙江-湖州"】

2024-10-06 01:16:48 开始第 8183 次操作

2024-10-06 01:16:48 开始操作号码 【1458182】
2024-10-06 01:16:50 GSD getOne 第 1 次 等待 3 秒
2024-10-06 01:16:53 查询号码 【1458182】，返回信息 {"status":"ok","msg":"浙江-湖州","gid":"102084","time_insert":"2021-06-17 21:17"}
2024-10-06 01:16:53 查询号码 【1458182】，GSD为【"浙江-湖州"】

2024-10-06 01:16:54 开始第 8184 次操作

2024-10-06 01:16:54 开始操作号码 【1458183】
2024-10-06 01:16:56 GSD getOne 第 1 次 等待 3 秒
2024-10-06 01:16:59 查询号码 【1458183】，返回信息 {"status":"ok","msg":"浙江-湖州","gid":"102088","time_insert":"2021-06-17 21:22"}
2024-10-06 01:16:59 查询号码 【1458183】，GSD为【"浙江-湖州"】

2024-10-06 01:38:02 开始第 8185 次操作

2024-10-06 01:38:02 开始操作号码 【1458184】
2024-10-06 01:38:06 GSD getOne 第 1 次 等待 3 秒
2024-10-06 01:38:09 查询号码 【1458184】，返回信息 {"status":"ok","msg":"浙江-湖州","gid":"102091","time_insert":"2021-06-17 21:27"}
2024-10-06 01:38:09 查询号码 【1458184】，GSD为【"浙江-湖州"】

2024-10-06 01:38:10 开始第 8186 次操作

2024-10-06 01:38:10 开始操作号码 【1458185】
2024-10-06 01:38:12 GSD getOne 第 1 次 等待 3 秒
2024-10-06 01:38:15 查询号码 【1458185】，返回信息 {"status":"ok","msg":"浙江-丽水","gid":"102098","time_insert":"2021-06-17 21:30"}
2024-10-06 01:38:15 查询号码 【1458185】，GSD为【"浙江-丽水"】

2024-10-06 01:38:16 开始第 8187 次操作

2024-10-06 01:38:16 开始操作号码 【1458186】
2024-10-06 01:38:18 GSD getOne 第 1 次 等待 3 秒
2024-10-06 01:38:21 查询号码 【1458186】，返回信息 {"status":"ok","msg":"浙江-丽水","gid":"102102","time_insert":"2021-06-17 21:35"}
2024-10-06 01:38:21 查询号码 【1458186】，GSD为【"浙江-丽水"】

2024-10-06 01:38:22 开始第 8188 次操作

2024-10-06 01:38:22 开始操作号码 【1458187】
2024-10-06 01:38:24 GSD getOne 第 1 次 等待 3 秒
2024-10-06 01:38:27 查询号码 【1458187】，返回信息 {"status":"ok","msg":"浙江-丽水","gid":"102112","time_insert":"2021-06-17 21:41"}
2024-10-06 01:38:28 查询号码 【1458187】，GSD为【"浙江-丽水"】

2024-10-06 02:23:09 开始第 8189 次操作

2024-10-06 02:23:09 开始操作号码 【1458188】
2024-10-06 02:23:12 GSD getOne 第 1 次 等待 3 秒
2024-10-06 02:23:15 查询号码 【1458188】，返回信息 {"status":"ok","msg":"浙江-丽水","gid":"102117","time_insert":"2021-06-17 21:45"}
2024-10-06 02:23:15 查询号码 【1458188】，GSD为【"浙江-丽水"】

2024-10-06 02:23:16 开始第 8190 次操作

2024-10-06 02:23:16 开始操作号码 【1458189】
2024-10-06 02:23:18 GSD getOne 第 1 次 等待 3 秒
2024-10-06 02:23:21 查询号码 【1458189】，返回信息 {"status":"ok","msg":"浙江-丽水","gid":"102121","time_insert":"2021-06-17 21:49"}
2024-10-06 02:23:21 查询号码 【1458189】，GSD为【"浙江-丽水"】

2024-10-06 02:23:22 开始第 8191 次操作

2024-10-06 02:23:22 开始操作号码 【1458190】
2024-10-06 02:23:26 GSD getOne 第 1 次 等待 3 秒
2024-10-06 02:23:29 查询号码 【1458190】，返回信息 {"status":"ok","msg":"浙江-金华","gid":"102126","time_insert":"2021-06-17 21:54"}
2024-10-06 02:23:29 查询号码 【1458190】，GSD为【"浙江-金华"】

2024-10-06 02:23:30 开始第 8192 次操作

2024-10-06 02:23:30 开始操作号码 【1458191】
2024-10-06 02:23:32 GSD getOne 第 1 次 等待 3 秒
2024-10-06 02:23:35 查询号码 【1458191】，返回信息 {"status":"ok","msg":"浙江-金华","gid":"102134","time_insert":"2021-06-17 22:00"}
2024-10-06 02:23:35 查询号码 【1458191】，GSD为【"浙江-金华"】

2024-10-06 02:41:21 开始第 8193 次操作

2024-10-06 02:41:21 开始操作号码 【1458192】
2024-10-06 02:41:23 GSD getOne 第 1 次 等待 3 秒
2024-10-06 02:41:26 查询号码 【1458192】，返回信息 {"status":"ok","msg":"浙江-金华","gid":"102139","time_insert":"2021-06-17 22:04"}
2024-10-06 02:41:26 查询号码 【1458192】，GSD为【"浙江-金华"】

2024-10-06 02:41:27 开始第 8194 次操作

2024-10-06 02:41:27 开始操作号码 【1458193】
2024-10-06 02:41:29 GSD getOne 第 1 次 等待 3 秒
2024-10-06 02:41:32 查询号码 【1458193】，返回信息 {"status":"ok","msg":"浙江-金华","gid":"102146","time_insert":"2021-06-17 22:09"}
2024-10-06 02:41:32 查询号码 【1458193】，GSD为【"浙江-金华"】

2024-10-06 02:41:33 开始第 8195 次操作

2024-10-06 02:41:33 开始操作号码 【1458194】
2024-10-06 02:41:36 GSD getOne 第 1 次 等待 3 秒
2024-10-06 02:41:39 查询号码 【1458194】，返回信息 {"status":"ok","msg":"浙江-金华","gid":"102152","time_insert":"2021-06-17 22:15"}
2024-10-06 02:41:39 查询号码 【1458194】，GSD为【"浙江-金华"】

2024-10-06 02:41:40 开始第 8196 次操作

2024-10-06 02:41:40 开始操作号码 【1458195】
2024-10-06 02:41:41 GSD getOne 第 1 次 等待 3 秒
2024-10-06 02:41:44 查询号码 【1458195】，返回信息 {"status":"ok","msg":"浙江-金华","gid":"102155","time_insert":"2021-06-17 22:20"}
2024-10-06 02:41:44 查询号码 【1458195】，GSD为【"浙江-金华"】

2024-10-06 03:14:16 开始第 8197 次操作

2024-10-06 03:14:16 开始操作号码 【1458196】
2024-10-06 03:14:19 GSD getOne 第 1 次 等待 3 秒
2024-10-06 03:14:22 查询号码 【1458196】，返回信息 {"status":"ok","msg":"浙江-金华","gid":"102163","time_insert":"2021-06-17 22:25"}
2024-10-06 03:14:22 查询号码 【1458196】，GSD为【"浙江-金华"】

2024-10-06 03:14:23 开始第 8198 次操作

2024-10-06 03:14:23 开始操作号码 【1458197】
2024-10-06 03:14:25 GSD getOne 第 1 次 等待 3 秒
2024-10-06 03:14:28 查询号码 【1458197】，返回信息 {"status":"ok","msg":"浙江-金华","gid":"102168","time_insert":"2021-06-17 22:29"}
2024-10-06 03:14:28 查询号码 【1458197】，GSD为【"浙江-金华"】

2024-10-06 03:14:29 开始第 8199 次操作

2024-10-06 03:14:29 开始操作号码 【1458198】
2024-10-06 03:14:31 GSD getOne 第 1 次 等待 3 秒
2024-10-06 03:14:34 查询号码 【1458198】，返回信息 {"status":"ok","msg":"浙江-金华","gid":"102173","time_insert":"2021-06-17 22:33"}
2024-10-06 03:14:34 查询号码 【1458198】，GSD为【"浙江-金华"】

2024-10-06 03:14:35 开始第 8200 次操作

2024-10-06 03:14:35 开始操作号码 【1458199】
2024-10-06 03:14:37 GSD getOne 第 1 次 等待 3 秒
2024-10-06 03:14:40 查询号码 【1458199】，返回信息 {"status":"ok","msg":"浙江-金华","gid":"102179","time_insert":"2021-06-17 22:37"}
2024-10-06 03:14:40 查询号码 【1458199】，GSD为【"浙江-金华"】

2024-10-06 03:36:55 开始第 8201 次操作

2024-10-06 03:36:55 开始操作号码 【1458200】
2024-10-06 03:36:57 GSD getOne 第 1 次 等待 3 秒
2024-10-06 03:37:00 查询号码 【1458200】，返回信息 {"status":"ok","msg":"安徽-淮北","gid":"102183","time_insert":"2021-06-17 22:41"}
2024-10-06 03:37:00 查询号码 【1458200】，GSD为【"安徽-淮北"】

2024-10-06 03:37:01 开始第 8202 次操作

2024-10-06 03:37:01 开始操作号码 【1458201】
2024-10-06 03:37:03 GSD getOne 第 1 次 等待 3 秒
2024-10-06 03:37:06 查询号码 【1458201】，返回信息 {"status":"ok","msg":"安徽-淮北","gid":"102190","time_insert":"2021-06-17 22:47"}
2024-10-06 03:37:06 查询号码 【1458201】，GSD为【"安徽-淮北"】

2024-10-06 03:37:07 开始第 8203 次操作

2024-10-06 03:37:07 开始操作号码 【1458202】
2024-10-06 03:37:09 GSD getOne 第 1 次 等待 3 秒
2024-10-06 03:37:12 查询号码 【1458202】，返回信息 {"status":"ok","msg":"安徽-淮北","gid":"102197","time_insert":"2021-06-17 22:53"}
2024-10-06 03:37:12 查询号码 【1458202】，GSD为【"安徽-淮北"】

2024-10-06 03:37:13 开始第 8204 次操作

2024-10-06 03:37:13 开始操作号码 【1458203】
2024-10-06 03:37:15 GSD getOne 第 1 次 等待 3 秒
2024-10-06 03:37:18 查询号码 【1458203】，返回信息 {"status":"ok","msg":"安徽-淮北","gid":"102200","time_insert":"2021-06-17 22:56"}
2024-10-06 03:37:18 查询号码 【1458203】，GSD为【"安徽-淮北"】

2024-10-06 04:18:21 开始第 8205 次操作

2024-10-06 04:18:21 开始操作号码 【1458204】
2024-10-06 04:18:24 GSD getOne 第 1 次 等待 3 秒
2024-10-06 04:18:27 查询号码 【1458204】，返回信息 {"status":"ok","msg":"安徽-淮北","gid":"102206","time_insert":"2021-06-17 23:02"}
2024-10-06 04:18:27 查询号码 【1458204】，GSD为【"安徽-淮北"】

2024-10-06 04:18:28 开始第 8206 次操作

2024-10-06 04:18:28 开始操作号码 【1458205】
2024-10-06 04:18:30 GSD getOne 第 1 次 等待 3 秒
2024-10-06 04:18:33 查询号码 【1458205】，返回信息 {"status":"ok","msg":"安徽-黄山","gid":"102215","time_insert":"2021-06-17 23:05"}
2024-10-06 04:18:33 查询号码 【1458205】，GSD为【"安徽-黄山"】

2024-10-06 04:18:34 开始第 8207 次操作

2024-10-06 04:18:34 开始操作号码 【1458206】
2024-10-06 04:18:36 GSD getOne 第 1 次 等待 3 秒
2024-10-06 04:18:39 查询号码 【1458206】，返回信息 {"status":"ok","msg":"安徽-黄山","gid":"102219","time_insert":"2021-06-17 23:11"}
2024-10-06 04:18:39 查询号码 【1458206】，GSD为【"安徽-黄山"】

2024-10-06 04:18:40 开始第 8208 次操作

2024-10-06 04:18:40 开始操作号码 【1458207】
2024-10-06 04:18:42 GSD getOne 第 1 次 等待 3 秒
2024-10-06 04:18:45 查询号码 【1458207】，返回信息 {"status":"ok","msg":"安徽-黄山","gid":"102223","time_insert":"2021-06-17 23:14"}
2024-10-06 04:18:45 查询号码 【1458207】，GSD为【"安徽-黄山"】

2024-10-06 04:37:27 开始第 8209 次操作

2024-10-06 04:37:27 开始操作号码 【1458208】
2024-10-06 04:37:29 GSD getOne 第 1 次 等待 3 秒
2024-10-06 04:37:32 查询号码 【1458208】，返回信息 {"status":"ok","msg":"安徽-黄山","gid":"102227","time_insert":"2021-06-17 23:18"}
2024-10-06 04:37:32 查询号码 【1458208】，GSD为【"安徽-黄山"】

2024-10-06 04:37:33 开始第 8210 次操作

2024-10-06 04:37:33 开始操作号码 【1458209】
2024-10-06 04:37:35 GSD getOne 第 1 次 等待 3 秒
2024-10-06 04:37:38 查询号码 【1458209】，返回信息 {"status":"ok","msg":"安徽-黄山","gid":"102232","time_insert":"2021-06-17 23:22"}
2024-10-06 04:37:38 查询号码 【1458209】，GSD为【"安徽-黄山"】

2024-10-06 04:37:39 开始第 8211 次操作

2024-10-06 04:37:39 开始操作号码 【1458210】
2024-10-06 04:37:41 GSD getOne 第 1 次 等待 3 秒
2024-10-06 04:37:44 查询号码 【1458210】，返回信息 {"status":"ok","msg":"安徽-铜陵","gid":"102239","time_insert":"2021-06-17 23:27"}
2024-10-06 04:37:44 查询号码 【1458210】，GSD为【"安徽-铜陵"】

2024-10-06 04:37:45 开始第 8212 次操作

2024-10-06 04:37:45 开始操作号码 【1458211】
2024-10-06 04:37:47 GSD getOne 第 1 次 等待 3 秒
2024-10-06 04:37:50 查询号码 【1458211】，返回信息 {"status":"ok","msg":"安徽-铜陵","gid":"102245","time_insert":"2021-06-17 23:32"}
2024-10-06 04:37:50 查询号码 【1458211】，GSD为【"安徽-铜陵"】

2024-10-06 05:16:59 开始第 8213 次操作

2024-10-06 05:16:59 开始操作号码 【1458212】
2024-10-06 05:17:02 GSD getOne 第 1 次 等待 3 秒
2024-10-06 05:17:05 查询号码 【1458212】，返回信息 {"status":"ok","msg":"安徽-铜陵","gid":"102249","time_insert":"2021-06-17 23:37"}
2024-10-06 05:17:05 查询号码 【1458212】，GSD为【"安徽-铜陵"】

2024-10-06 05:17:06 开始第 8214 次操作

2024-10-06 05:17:06 开始操作号码 【1458213】
2024-10-06 05:17:08 GSD getOne 第 1 次 等待 3 秒
2024-10-06 05:17:11 查询号码 【1458213】，返回信息 {"status":"ok","msg":"安徽-铜陵","gid":"102255","time_insert":"2021-06-17 23:42"}
2024-10-06 05:17:11 查询号码 【1458213】，GSD为【"安徽-铜陵"】

2024-10-06 05:17:12 开始第 8215 次操作

2024-10-06 05:17:12 开始操作号码 【1458214】
2024-10-06 05:17:13 GSD getOne 第 1 次 等待 3 秒
2024-10-06 05:17:16 查询号码 【1458214】，返回信息 {"status":"ok","msg":"安徽-铜陵","gid":"102265","time_insert":"2021-06-17 23:48"}
2024-10-06 05:17:17 查询号码 【1458214】，GSD为【"安徽-铜陵"】

2024-10-06 05:17:18 开始第 8216 次操作

2024-10-06 05:17:18 开始操作号码 【1458215】
2024-10-06 05:17:19 GSD getOne 第 1 次 等待 3 秒
2024-10-06 05:17:22 查询号码 【1458215】，返回信息 {"status":"ok","msg":"安徽-池州","gid":"102270","time_insert":"2021-06-17 23:53"}
2024-10-06 05:17:23 查询号码 【1458215】，GSD为【"安徽-池州"】

2024-10-06 05:39:01 开始第 8217 次操作

2024-10-06 05:39:01 开始操作号码 【1458216】
2024-10-06 05:39:03 GSD getOne 第 1 次 等待 3 秒
2024-10-06 05:39:06 查询号码 【1458216】，返回信息 {"status":"ok","msg":"安徽-池州","gid":"102273","time_insert":"2021-06-17 23:56"}
2024-10-06 05:39:07 查询号码 【1458216】，GSD为【"安徽-池州"】

2024-10-06 05:39:08 开始第 8218 次操作

2024-10-06 05:39:08 开始操作号码 【1458217】
2024-10-06 05:39:09 GSD getOne 第 1 次 等待 3 秒
2024-10-06 05:39:12 查询号码 【1458217】，返回信息 {"status":"ok","msg":"安徽-池州","gid":"102280","time_insert":"2021-06-18 00:01"}
2024-10-06 05:39:12 查询号码 【1458217】，GSD为【"安徽-池州"】

2024-10-06 05:39:13 开始第 8219 次操作

2024-10-06 05:39:13 开始操作号码 【1458218】
2024-10-06 05:39:15 GSD getOne 第 1 次 等待 3 秒
2024-10-06 05:39:18 查询号码 【1458218】，返回信息 {"status":"ok","msg":"安徽-池州","gid":"102286","time_insert":"2021-06-18 00:05"}
2024-10-06 05:39:18 查询号码 【1458218】，GSD为【"安徽-池州"】

2024-10-06 05:39:19 开始第 8220 次操作

2024-10-06 05:39:19 开始操作号码 【1458219】
2024-10-06 05:39:21 GSD getOne 第 1 次 等待 3 秒
2024-10-06 05:39:24 查询号码 【1458219】，返回信息 {"status":"ok","msg":"安徽-池州","gid":"102292","time_insert":"2021-06-18 00:10"}
2024-10-06 05:39:24 查询号码 【1458219】，GSD为【"安徽-池州"】

2024-10-06 06:17:25 开始第 8221 次操作

2024-10-06 06:17:25 开始操作号码 【1458220】
2024-10-06 06:17:27 GSD getOne 第 1 次 等待 3 秒
2024-10-06 06:17:30 查询号码 【1458220】，返回信息 {"status":"ok","msg":"安徽-合肥","gid":"102296","time_insert":"2021-06-18 00:14"}
2024-10-06 06:17:30 查询号码 【1458220】，GSD为【"安徽-合肥"】

2024-10-06 06:17:31 开始第 8222 次操作

2024-10-06 06:17:31 开始操作号码 【1458221】
2024-10-06 06:17:32 GSD getOne 第 1 次 等待 3 秒
2024-10-06 06:17:35 查询号码 【1458221】，返回信息 {"status":"ok","msg":"安徽-合肥","gid":"102301","time_insert":"2021-06-18 00:19"}
2024-10-06 06:17:35 查询号码 【1458221】，GSD为【"安徽-合肥"】

2024-10-06 06:17:36 开始第 8223 次操作

2024-10-06 06:17:36 开始操作号码 【1458222】
2024-10-06 06:17:38 GSD getOne 第 1 次 等待 3 秒
2024-10-06 06:17:41 查询号码 【1458222】，返回信息 {"status":"ok","msg":"安徽-合肥","gid":"102308","time_insert":"2021-06-18 00:24"}
2024-10-06 06:17:41 查询号码 【1458222】，GSD为【"安徽-合肥"】

2024-10-06 06:17:42 开始第 8224 次操作

2024-10-06 06:17:42 开始操作号码 【1458223】
2024-10-06 06:17:44 GSD getOne 第 1 次 等待 3 秒
2024-10-06 06:17:47 查询号码 【1458223】，返回信息 {"status":"ok","msg":"安徽-合肥","gid":"102313","time_insert":"2021-06-18 00:29"}
2024-10-06 06:17:47 查询号码 【1458223】，GSD为【"安徽-合肥"】

2024-10-06 06:39:33 开始第 8225 次操作

2024-10-06 06:39:33 开始操作号码 【1458224】
2024-10-06 06:39:36 GSD getOne 第 1 次 等待 3 秒
2024-10-06 06:39:39 查询号码 【1458224】，返回信息 {"status":"ok","msg":"安徽-合肥","gid":"102317","time_insert":"2021-06-18 00:34"}
2024-10-06 06:39:39 查询号码 【1458224】，GSD为【"安徽-合肥"】

2024-10-06 06:39:40 开始第 8226 次操作

2024-10-06 06:39:40 开始操作号码 【1458225】
2024-10-06 06:39:42 GSD getOne 第 1 次 等待 3 秒
2024-10-06 06:39:45 查询号码 【1458225】，返回信息 {"status":"ok","msg":"安徽-合肥","gid":"102327","time_insert":"2021-06-18 00:40"}
2024-10-06 06:39:45 查询号码 【1458225】，GSD为【"安徽-合肥"】

2024-10-06 06:39:46 开始第 8227 次操作

2024-10-06 06:39:46 开始操作号码 【1458226】
2024-10-06 06:39:49 GSD getOne 第 1 次 等待 3 秒
2024-10-06 06:39:52 查询号码 【1458226】，返回信息 {"status":"ok","msg":"安徽-合肥","gid":"102331","time_insert":"2021-06-18 00:43"}
2024-10-06 06:39:52 查询号码 【1458226】，GSD为【"安徽-合肥"】

2024-10-06 06:39:53 开始第 8228 次操作

2024-10-06 06:39:53 开始操作号码 【1458227】
2024-10-06 06:39:54 GSD getOne 第 1 次 等待 3 秒
2024-10-06 06:39:57 查询号码 【1458227】，返回信息 {"status":"ok","msg":"安徽-合肥","gid":"102336","time_insert":"2021-06-18 00:47"}
2024-10-06 06:39:57 查询号码 【1458227】，GSD为【"安徽-合肥"】

2024-10-06 07:17:16 开始第 8229 次操作

2024-10-06 07:17:16 开始操作号码 【1458228】
2024-10-06 07:17:18 GSD getOne 第 1 次 等待 3 秒
2024-10-06 07:17:21 查询号码 【1458228】，返回信息 {"status":"ok","msg":"安徽-合肥","gid":"102339","time_insert":"2021-06-18 00:52"}
2024-10-06 07:17:21 查询号码 【1458228】，GSD为【"安徽-合肥"】

2024-10-06 07:17:22 开始第 8230 次操作

2024-10-06 07:17:22 开始操作号码 【1458229】
2024-10-06 07:17:23 GSD getOne 第 1 次 等待 3 秒
2024-10-06 07:17:26 查询号码 【1458229】，返回信息 {"status":"ok","msg":"安徽-合肥","gid":"102346","time_insert":"2021-06-18 00:56"}
2024-10-06 07:17:26 查询号码 【1458229】，GSD为【"安徽-合肥"】

2024-10-06 07:17:27 开始第 8231 次操作

2024-10-06 07:17:27 开始操作号码 【1458230】
2024-10-06 07:17:29 GSD getOne 第 1 次 等待 3 秒
2024-10-06 07:17:32 查询号码 【1458230】，返回信息 {"status":"ok","msg":"安徽-淮南","gid":"102351","time_insert":"2021-06-18 00:59"}
2024-10-06 07:17:32 查询号码 【1458230】，GSD为【"安徽-淮南"】

2024-10-06 07:17:33 开始第 8232 次操作

2024-10-06 07:17:33 开始操作号码 【1458231】
2024-10-06 07:17:35 GSD getOne 第 1 次 等待 3 秒
2024-10-06 07:17:38 查询号码 【1458231】，返回信息 {"status":"ok","msg":"安徽-淮南","gid":"102361","time_insert":"2021-06-18 01:05"}
2024-10-06 07:17:38 查询号码 【1458231】，GSD为【"安徽-淮南"】

2024-10-06 07:37:50 开始第 8233 次操作

2024-10-06 07:37:50 开始操作号码 【1458232】
2024-10-06 07:37:52 GSD getOne 第 1 次 等待 3 秒
2024-10-06 07:37:55 查询号码 【1458232】，返回信息 {"status":"ok","msg":"安徽-淮南","gid":"102363","time_insert":"2021-06-18 01:10"}
2024-10-06 07:37:55 查询号码 【1458232】，GSD为【"安徽-淮南"】

2024-10-06 07:37:56 开始第 8234 次操作

2024-10-06 07:37:56 开始操作号码 【1458233】
2024-10-06 07:37:58 GSD getOne 第 1 次 等待 3 秒
2024-10-06 07:38:01 查询号码 【1458233】，返回信息 {"status":"ok","msg":"安徽-淮南","gid":"102369","time_insert":"2021-06-18 01:15"}
2024-10-06 07:38:01 查询号码 【1458233】，GSD为【"安徽-淮南"】

2024-10-06 07:38:02 开始第 8235 次操作

2024-10-06 07:38:02 开始操作号码 【1458234】
2024-10-06 07:38:04 GSD getOne 第 1 次 等待 3 秒
2024-10-06 07:38:07 查询号码 【1458234】，返回信息 {"status":"ok","msg":"安徽-淮南","gid":"102373","time_insert":"2021-06-18 01:19"}
2024-10-06 07:38:07 查询号码 【1458234】，GSD为【"安徽-淮南"】

2024-10-06 07:38:08 开始第 8236 次操作

2024-10-06 07:38:08 开始操作号码 【1458235】
2024-10-06 07:38:09 GSD getOne 第 1 次 等待 3 秒
2024-10-06 07:38:12 查询号码 【1458235】，返回信息 {"status":"ok","msg":"安徽-滁州","gid":"102382","time_insert":"2021-06-18 01:24"}
2024-10-06 07:38:12 查询号码 【1458235】，GSD为【"安徽-滁州"】

2024-10-06 09:37:33 开始第 8237 次操作

2024-10-06 09:37:33 开始操作号码 【1458236】
2024-10-06 09:37:37 GSD getOne 第 1 次 等待 3 秒
2024-10-06 09:37:40 查询号码 【1458236】，返回信息 {"status":"ok","msg":"安徽-滁州","gid":"102389","time_insert":"2021-06-18 01:28"}
2024-10-06 09:37:40 查询号码 【1458236】，GSD为【"安徽-滁州"】

2024-10-06 09:37:41 开始第 8238 次操作

2024-10-06 09:37:41 开始操作号码 【1458237】
2024-10-06 09:37:44 GSD getOne 第 1 次 等待 3 秒
2024-10-06 09:37:47 查询号码 【1458237】，返回信息 {"status":"ok","msg":"安徽-滁州","gid":"102392","time_insert":"2021-06-18 01:32"}
2024-10-06 09:37:47 查询号码 【1458237】，GSD为【"安徽-滁州"】

2024-10-06 09:37:48 开始第 8239 次操作

2024-10-06 09:37:48 开始操作号码 【1458238】
2024-10-06 09:37:51 GSD getOne 第 1 次 等待 3 秒
2024-10-06 09:37:54 查询号码 【1458238】，返回信息 {"status":"ok","msg":"安徽-滁州","gid":"102396","time_insert":"2021-06-18 01:38"}
2024-10-06 09:37:54 查询号码 【1458238】，GSD为【"安徽-滁州"】

2024-10-06 09:37:55 开始第 8240 次操作

2024-10-06 09:37:55 开始操作号码 【1458239】
2024-10-06 09:38:00 GSD getOne 第 1 次 等待 3 秒
2024-10-06 09:38:03 查询号码 【1458239】，返回信息 {"status":"ok","msg":"安徽-滁州","gid":"102401","time_insert":"2021-06-18 01:41"}
2024-10-06 09:38:03 查询号码 【1458239】，GSD为【"安徽-滁州"】

2024-10-06 10:54:44 开始第 8241 次操作

2024-10-06 10:54:44 开始操作号码 【1458240】
2024-10-06 10:54:47 GSD getOne 第 1 次 等待 3 秒
2024-10-06 10:54:50 查询号码 【1458240】，返回信息 {"status":"ok","msg":"安徽-合肥","gid":"102406","time_insert":"2021-06-18 01:46"}
2024-10-06 10:54:50 查询号码 【1458240】，GSD为【"安徽-合肥"】

2024-10-06 10:54:51 开始第 8242 次操作

2024-10-06 10:54:51 开始操作号码 【1458241】
2024-10-06 10:54:53 GSD getOne 第 1 次 等待 3 秒
2024-10-06 10:54:56 查询号码 【1458241】，返回信息 {"status":"ok","msg":"安徽-合肥","gid":"102416","time_insert":"2021-06-18 01:51"}
2024-10-06 10:54:56 查询号码 【1458241】，GSD为【"安徽-合肥"】

2024-10-06 10:54:57 开始第 8243 次操作

2024-10-06 10:54:57 开始操作号码 【1458242】
2024-10-06 10:54:59 GSD getOne 第 1 次 等待 3 秒
2024-10-06 10:55:02 查询号码 【1458242】，返回信息 {"status":"ok","msg":"安徽-合肥","gid":"102419","time_insert":"2021-06-18 01:55"}
2024-10-06 10:55:02 查询号码 【1458242】，GSD为【"安徽-合肥"】

2024-10-06 10:55:03 开始第 8244 次操作

2024-10-06 10:55:03 开始操作号码 【1458243】
2024-10-06 10:55:06 GSD getOne 第 1 次 等待 3 秒
2024-10-06 10:55:09 查询号码 【1458243】，返回信息 {"status":"ok","msg":"安徽-合肥","gid":"102426","time_insert":"2021-06-18 02:00"}
2024-10-06 10:55:09 查询号码 【1458243】，GSD为【"安徽-合肥"】

2024-10-06 11:26:24 开始第 8245 次操作

2024-10-06 11:26:24 开始操作号码 【1458244】
2024-10-06 11:26:26 GSD getOne 第 1 次 等待 3 秒
2024-10-06 11:26:29 查询号码 【1458244】，返回信息 {"status":"ok","msg":"安徽-合肥","gid":"102432","time_insert":"2021-06-18 02:04"}
2024-10-06 11:26:29 查询号码 【1458244】，GSD为【"安徽-合肥"】

2024-10-06 11:26:30 开始第 8246 次操作

2024-10-06 11:26:30 开始操作号码 【1458245】
2024-10-06 11:26:32 GSD getOne 第 1 次 等待 3 秒
2024-10-06 11:26:35 查询号码 【1458245】，返回信息 {"status":"ok","msg":"安徽-合肥","gid":"102435","time_insert":"2021-06-18 02:09"}
2024-10-06 11:26:35 查询号码 【1458245】，GSD为【"安徽-合肥"】

2024-10-06 11:26:36 开始第 8247 次操作

2024-10-06 11:26:36 开始操作号码 【1458246】
2024-10-06 11:26:38 GSD getOne 第 1 次 等待 3 秒
2024-10-06 11:26:41 查询号码 【1458246】，返回信息 {"status":"ok","msg":"安徽-合肥","gid":"102444","time_insert":"2021-06-18 02:15"}
2024-10-06 11:26:41 查询号码 【1458246】，GSD为【"安徽-合肥"】

2024-10-06 11:26:42 开始第 8248 次操作

2024-10-06 11:26:42 开始操作号码 【1458247】
2024-10-06 11:26:44 GSD getOne 第 1 次 等待 3 秒
2024-10-06 11:26:47 查询号码 【1458247】，返回信息 {"status":"ok","msg":"安徽-合肥","gid":"102450","time_insert":"2021-06-18 02:20"}
2024-10-06 11:26:47 查询号码 【1458247】，GSD为【"安徽-合肥"】

2024-10-06 11:44:43 开始第 8249 次操作

2024-10-06 11:44:43 开始操作号码 【1458248】
2024-10-06 11:44:45 GSD getOne 第 1 次 等待 3 秒
2024-10-06 11:44:48 查询号码 【1458248】，返回信息 {"status":"ok","msg":"安徽-合肥","gid":"102456","time_insert":"2021-06-18 02:26"}
2024-10-06 11:44:48 查询号码 【1458248】，GSD为【"安徽-合肥"】

2024-10-06 11:44:49 开始第 8250 次操作

2024-10-06 11:44:49 开始操作号码 【1458249】
2024-10-06 11:44:51 GSD getOne 第 1 次 等待 3 秒
2024-10-06 11:44:54 查询号码 【1458249】，返回信息 {"status":"ok","msg":"安徽-合肥","gid":"102462","time_insert":"2021-06-18 02:31"}
2024-10-06 11:44:54 查询号码 【1458249】，GSD为【"安徽-合肥"】

2024-10-06 11:44:55 开始第 8251 次操作

2024-10-06 11:44:55 开始操作号码 【1458250】
2024-10-06 11:44:57 GSD getOne 第 1 次 等待 3 秒
2024-10-06 11:45:00 查询号码 【1458250】，返回信息 {"status":"ok","msg":"安徽-合肥","gid":"102467","time_insert":"2021-06-18 02:35"}
2024-10-06 11:45:00 查询号码 【1458250】，GSD为【"安徽-合肥"】

2024-10-06 11:45:01 开始第 8252 次操作

2024-10-06 11:45:01 开始操作号码 【1458251】
2024-10-06 11:45:03 GSD getOne 第 1 次 等待 3 秒
2024-10-06 11:45:06 查询号码 【1458251】，返回信息 {"status":"ok","msg":"安徽-合肥","gid":"102472","time_insert":"2021-06-18 02:39"}
2024-10-06 11:45:06 查询号码 【1458251】，GSD为【"安徽-合肥"】

2024-10-06 12:22:31 开始第 8253 次操作

2024-10-06 12:22:31 开始操作号码 【1458252】
2024-10-06 12:22:33 GSD getOne 第 1 次 等待 3 秒
2024-10-06 12:22:36 查询号码 【1458252】，返回信息 {"status":"ok","msg":"安徽-合肥","gid":"102477","time_insert":"2021-06-18 02:44"}
2024-10-06 12:22:36 查询号码 【1458252】，GSD为【"安徽-合肥"】

2024-10-06 12:22:37 开始第 8254 次操作

2024-10-06 12:22:37 开始操作号码 【1458253】
2024-10-06 12:22:40 GSD getOne 第 1 次 等待 3 秒
2024-10-06 12:22:43 查询号码 【1458253】，返回信息 {"status":"ok","msg":"安徽-合肥","gid":"102484","time_insert":"2021-06-18 02:49"}
2024-10-06 12:22:43 查询号码 【1458253】，GSD为【"安徽-合肥"】

2024-10-06 12:22:44 开始第 8255 次操作

2024-10-06 12:22:44 开始操作号码 【1458254】
2024-10-06 12:22:46 GSD getOne 第 1 次 等待 3 秒
2024-10-06 12:22:49 查询号码 【1458254】，返回信息 {"status":"ok","msg":"安徽-合肥","gid":"102489","time_insert":"2021-06-18 02:54"}
2024-10-06 12:22:49 查询号码 【1458254】，GSD为【"安徽-合肥"】

2024-10-06 12:22:50 开始第 8256 次操作

2024-10-06 12:22:50 开始操作号码 【1458255】
2024-10-06 12:22:53 GSD getOne 第 1 次 等待 3 秒
2024-10-06 12:22:56 查询号码 【1458255】，返回信息 {"status":"ok","msg":"安徽-蚌埠","gid":"102492","time_insert":"2021-06-18 02:58"}
2024-10-06 12:22:56 查询号码 【1458255】，GSD为【"安徽-蚌埠"】

2024-10-06 12:41:08 开始第 8257 次操作

2024-10-06 12:41:08 开始操作号码 【1458256】
2024-10-06 12:41:11 GSD getOne 第 1 次 等待 3 秒
2024-10-06 12:41:14 查询号码 【1458256】，返回信息 {"status":"ok","msg":"安徽-蚌埠","gid":"102498","time_insert":"2021-06-18 03:01"}
2024-10-06 12:41:14 查询号码 【1458256】，GSD为【"安徽-蚌埠"】

2024-10-06 12:41:15 开始第 8258 次操作

2024-10-06 12:41:15 开始操作号码 【1458257】
2024-10-06 12:41:17 GSD getOne 第 1 次 等待 3 秒
2024-10-06 12:41:20 查询号码 【1458257】，返回信息 {"status":"ok","msg":"安徽-蚌埠","gid":"102505","time_insert":"2021-06-18 03:07"}
2024-10-06 12:41:20 查询号码 【1458257】，GSD为【"安徽-蚌埠"】

2024-10-06 12:41:21 开始第 8259 次操作

2024-10-06 12:41:21 开始操作号码 【1458258】
2024-10-06 12:41:23 GSD getOne 第 1 次 等待 3 秒
2024-10-06 12:41:26 查询号码 【1458258】，返回信息 {"status":"ok","msg":"安徽-蚌埠","gid":"102509","time_insert":"2021-06-18 03:10"}
2024-10-06 12:41:26 查询号码 【1458258】，GSD为【"安徽-蚌埠"】

2024-10-06 12:41:27 开始第 8260 次操作

2024-10-06 12:41:27 开始操作号码 【1458259】
2024-10-06 12:41:30 GSD getOne 第 1 次 等待 3 秒
2024-10-06 12:41:33 查询号码 【1458259】，返回信息 {"status":"ok","msg":"安徽-蚌埠","gid":"102513","time_insert":"2021-06-18 03:14"}
2024-10-06 12:41:33 查询号码 【1458259】，GSD为【"安徽-蚌埠"】

2024-10-06 13:17:08 开始第 8261 次操作

2024-10-06 13:17:08 开始操作号码 【1458260】
2024-10-06 13:17:11 GSD getOne 第 1 次 等待 3 秒
2024-10-06 13:17:14 查询号码 【1458260】，返回信息 {"status":"ok","msg":"安徽-马鞍山","gid":"102519","time_insert":"2021-06-18 03:19"}
2024-10-06 13:17:14 查询号码 【1458260】，GSD为【"安徽-马鞍山"】

2024-10-06 13:17:15 开始第 8262 次操作

2024-10-06 13:17:15 开始操作号码 【1458261】
2024-10-06 13:17:17 GSD getOne 第 1 次 等待 3 秒
2024-10-06 13:17:20 查询号码 【1458261】，返回信息 {"status":"ok","msg":"安徽-马鞍山","gid":"102524","time_insert":"2021-06-18 03:25"}
2024-10-06 13:17:20 查询号码 【1458261】，GSD为【"安徽-马鞍山"】

2024-10-06 13:17:21 开始第 8263 次操作

2024-10-06 13:17:21 开始操作号码 【1458262】
2024-10-06 13:17:23 GSD getOne 第 1 次 等待 3 秒
2024-10-06 13:17:26 查询号码 【1458262】，返回信息 {"status":"ok","msg":"安徽-马鞍山","gid":"102533","time_insert":"2021-06-18 03:31"}
2024-10-06 13:17:26 查询号码 【1458262】，GSD为【"安徽-马鞍山"】

2024-10-06 13:17:27 开始第 8264 次操作

2024-10-06 13:17:27 开始操作号码 【1458263】
2024-10-06 13:17:29 GSD getOne 第 1 次 等待 3 秒
2024-10-06 13:17:32 查询号码 【1458263】，返回信息 {"status":"ok","msg":"安徽-马鞍山","gid":"102538","time_insert":"2021-06-18 03:36"}
2024-10-06 13:17:32 查询号码 【1458263】，GSD为【"安徽-马鞍山"】

2024-10-06 13:38:52 开始第 8265 次操作

2024-10-06 13:38:52 开始操作号码 【1458264】
2024-10-06 13:38:55 GSD getOne 第 1 次 等待 3 秒
2024-10-06 13:38:58 查询号码 【1458264】，返回信息 {"status":"ok","msg":"安徽-马鞍山","gid":"102545","time_insert":"2021-06-18 03:40"}
2024-10-06 13:38:58 查询号码 【1458264】，GSD为【"安徽-马鞍山"】

2024-10-06 13:38:59 开始第 8266 次操作

2024-10-06 13:38:59 开始操作号码 【1458265】
2024-10-06 13:39:08 GSD getOne 第 1 次 等待 3 秒
2024-10-06 13:39:11 查询号码 【1458265】，返回信息 {"status":"ok","msg":"安徽-芜湖","gid":"102549","time_insert":"2021-06-18 03:43"}
2024-10-06 13:39:11 查询号码 【1458265】，GSD为【"安徽-芜湖"】

2024-10-06 13:39:12 开始第 8267 次操作

2024-10-06 13:39:12 开始操作号码 【1458266】
2024-10-06 13:39:15 GSD getOne 第 1 次 等待 3 秒
2024-10-06 13:39:18 查询号码 【1458266】，返回信息 {"status":"ok","msg":"安徽-芜湖","gid":"102552","time_insert":"2021-06-18 03:47"}
2024-10-06 13:39:18 查询号码 【1458266】，GSD为【"安徽-芜湖"】

2024-10-06 13:39:19 开始第 8268 次操作

2024-10-06 13:39:19 开始操作号码 【1458267】
2024-10-06 13:39:24 GSD getOne 第 1 次 等待 3 秒
2024-10-06 13:39:27 查询号码 【1458267】，返回信息 {"status":"ok","msg":"安徽-芜湖","gid":"102555","time_insert":"2021-06-18 03:50"}
2024-10-06 13:39:27 查询号码 【1458267】，GSD为【"安徽-芜湖"】

