2024-12-03 00:29:02 开始第 7729 次操作

2024-12-03 00:29:02 开始操作号码 【1347728】
2024-12-03 00:29:03 GSD getOne 第 1 次 等待 3 秒
2024-12-03 00:29:06 查询号码 【1347728】，返回信息 {"status":"ok","msg":"湖北-恩施","gid":"327469","time_insert":"2021-07-19 15:49"}
2024-12-03 00:29:06 查询号码 【1347728】，GSD为【"湖北-恩施"】

2024-12-03 00:29:07 开始第 7730 次操作

2024-12-03 00:29:07 开始操作号码 【1347729】
2024-12-03 00:29:08 GSD getOne 第 1 次 等待 3 秒
2024-12-03 00:29:11 查询号码 【1347729】，返回信息 {"status":"ok","msg":"湖北-十堰","gid":"327459","time_insert":"2021-07-19 15:48"}
2024-12-03 00:29:11 查询号码 【1347729】，GSD为【"湖北-十堰"】

2024-12-03 00:29:12 开始第 7731 次操作

2024-12-03 00:29:12 开始操作号码 【1347730】
2024-12-03 00:29:13 GSD getOne 第 1 次 等待 3 秒
2024-12-03 00:29:16 查询号码 【1347730】，返回信息 {"status":"ok","msg":"湖北-十堰","gid":"327451","time_insert":"2021-07-19 15:47"}
2024-12-03 00:29:16 查询号码 【1347730】，GSD为【"湖北-十堰"】

2024-12-03 00:29:17 开始第 7732 次操作

2024-12-03 00:29:17 开始操作号码 【1347731】
2024-12-03 00:29:19 GSD getOne 第 1 次 等待 3 秒
2024-12-03 00:29:22 查询号码 【1347731】，返回信息 {"status":"ok","msg":"湖北-十堰","gid":"291816","time_insert":"2021-07-16 09:40","time_update":"2021-07-16 10:58"}
2024-12-03 00:29:22 查询号码 【1347731】，GSD为【"湖北-十堰"】

