2024-01-14 00:09:02 开始第 8841 次操作

2024-01-14 00:09:02 开始操作号码 【1898750】
2024-01-14 00:09:18 GSD getOne 第 1 次 等待 3 秒
2024-01-14 00:09:21 查询号码 【1898750】，返回信息 {"status":"ok","msg":"云南-保山","gid":"45810","time_insert":"2017-01-20 19:35","time_update":"2020-12-07 15:34"}
2024-01-14 00:09:21 查询号码 【1898750】，GSD为【"云南-保山"】

2024-01-14 00:09:22 开始第 8842 次操作

2024-01-14 00:09:22 开始操作号码 【1898751】
2024-01-14 00:09:28 GSD getOne 第 1 次 等待 3 秒
2024-01-14 00:09:31 查询号码 【1898751】，返回信息 {"status":"ok","msg":"云南-保山","gid":"440758","time_insert":"2021-07-30 04:48","time_update":"2021-08-10 13:36"}
2024-01-14 00:09:31 查询号码 【1898751】，GSD为【"云南-保山"】

2024-01-14 00:09:32 开始第 8843 次操作

2024-01-14 00:09:32 开始操作号码 【1898752】
2024-01-14 00:09:45 GSD getOne 第 1 次 等待 3 秒
2024-01-14 00:09:48 查询号码 【1898752】，返回信息 {"status":"ok","msg":"云南-保山","gid":"45811","time_insert":"2018-06-22 09:51","time_update":"2020-12-07 15:38"}
2024-01-14 00:09:48 查询号码 【1898752】，GSD为【"云南-保山"】

2024-01-14 00:09:49 开始第 8844 次操作

2024-01-14 00:09:49 开始操作号码 【1898753】
2024-01-14 00:10:05 GSD getOne 第 1 次 等待 3 秒
2024-01-14 00:10:08 查询号码 【1898753】，返回信息 {"status":"ok","msg":"云南-保山","gid":"45812","time_insert":"2016-11-09 15:42","time_update":"2021-01-22 13:35"}
2024-01-14 00:10:08 查询号码 【1898753】，GSD为【"云南-保山"】

2024-01-14 00:36:32 开始第 8845 次操作

2024-01-14 00:36:32 开始操作号码 【1898754】
2024-01-14 00:36:38 GSD getOne 第 1 次 等待 3 秒
2024-01-14 00:36:41 查询号码 【1898754】，返回信息 {"status":"ok","msg":"云南-保山","gid":"45813","time_insert":"2017-02-17 12:34","time_update":"2020-12-07 15:42"}
2024-01-14 00:36:41 查询号码 【1898754】，GSD为【"云南-保山"】

2024-01-14 00:36:42 开始第 8846 次操作

2024-01-14 00:36:42 开始操作号码 【1898755】
2024-01-14 00:36:48 GSD getOne 第 1 次 等待 3 秒
2024-01-14 00:36:51 查询号码 【1898755】，返回信息 {"status":"ok","msg":"云南-昆明","gid":"440746","time_insert":"2021-07-30 04:47"}
2024-01-14 00:36:51 查询号码 【1898755】，GSD为【"云南-昆明"】

2024-01-14 00:36:52 开始第 8847 次操作

2024-01-14 00:36:52 开始操作号码 【1898756】
2024-01-14 00:36:58 GSD getOne 第 1 次 等待 3 秒
2024-01-14 00:37:01 查询号码 【1898756】，返回信息 {"status":"ok","msg":"云南-昆明","gid":"440736","time_insert":"2021-07-30 04:47"}
2024-01-14 00:37:01 查询号码 【1898756】，GSD为【"云南-昆明"】

2024-01-14 00:37:02 开始第 8848 次操作

2024-01-14 00:37:02 开始操作号码 【1898757】
2024-01-14 00:37:10 GSD getOne 第 1 次 等待 3 秒
2024-01-14 00:37:13 查询号码 【1898757】，返回信息 {"status":"ok","msg":"云南-昆明","gid":"45814","time_insert":"2018-08-10 16:29","time_update":"2020-12-07 15:45"}
2024-01-14 00:37:13 查询号码 【1898757】，GSD为【"云南-昆明"】

2024-01-14 01:06:40 开始第 8849 次操作

2024-01-14 01:06:40 开始操作号码 【1898758】
2024-01-14 01:06:44 GSD getOne 第 1 次 等待 3 秒
2024-01-14 01:06:48 查询号码 【1898758】，返回信息 {"status":"ok","msg":"云南-昆明","gid":"45815","time_insert":"2018-01-09 19:43","time_update":"2020-12-07 15:49"}
2024-01-14 01:06:48 查询号码 【1898758】，GSD为【"云南-昆明"】

2024-01-14 01:06:49 开始第 8850 次操作

2024-01-14 01:06:49 开始操作号码 【1898759】
2024-01-14 01:06:52 GSD getOne 第 1 次 等待 3 秒
2024-01-14 01:06:55 查询号码 【1898759】，返回信息 {"status":"ok","msg":"云南-昆明","gid":"57316","time_insert":"2021-05-09 11:24","time_update":"2021-06-22 18:47"}
2024-01-14 01:06:55 查询号码 【1898759】，GSD为【"云南-昆明"】

2024-01-14 01:06:56 开始第 8851 次操作

2024-01-14 01:06:56 开始操作号码 【1898760】
2024-01-14 01:07:02 GSD getOne 第 1 次 等待 3 秒
2024-01-14 01:07:05 查询号码 【1898760】，返回信息 {"status":"ok","msg":"云南-文山","gid":"440726","time_insert":"2021-07-30 04:46"}
2024-01-14 01:07:05 查询号码 【1898760】，GSD为【"云南-文山"】

2024-01-14 01:07:06 开始第 8852 次操作

2024-01-14 01:07:06 开始操作号码 【1898761】
2024-01-14 01:07:09 GSD getOne 第 1 次 等待 3 秒
2024-01-14 01:07:12 查询号码 【1898761】，返回信息 {"status":"ok","msg":"云南-文山","gid":"440715","time_insert":"2021-07-30 04:45"}
2024-01-14 01:07:12 查询号码 【1898761】，GSD为【"云南-文山"】

2024-01-14 01:32:29 开始第 8853 次操作

2024-01-14 01:32:29 开始操作号码 【1898762】
2024-01-14 01:32:33 GSD getOne 第 1 次 等待 3 秒
2024-01-14 01:32:36 查询号码 【1898762】，返回信息 {"status":"ok","msg":"云南-文山","gid":"45816","time_insert":"2018-11-18 08:32","time_update":"2020-12-07 15:53"}
2024-01-14 01:32:36 查询号码 【1898762】，GSD为【"云南-文山"】

2024-01-14 01:32:37 开始第 8854 次操作

2024-01-14 01:32:37 开始操作号码 【1898763】
2024-01-14 01:32:51 GSD getOne 第 1 次 等待 3 秒
2024-01-14 01:32:54 查询号码 【1898763】，返回信息 {"status":"ok","msg":"云南-文山","gid":"45817","time_insert":"2016-12-02 12:11","time_update":"2020-12-07 15:54"}
2024-01-14 01:32:54 查询号码 【1898763】，GSD为【"云南-文山"】

2024-01-14 01:32:55 开始第 8855 次操作

2024-01-14 01:32:55 开始操作号码 【1898764】
2024-01-14 01:32:58 GSD getOne 第 1 次 等待 3 秒
2024-01-14 01:33:01 查询号码 【1898764】，返回信息 {"status":"ok","msg":"云南-文山","gid":"440704","time_insert":"2021-07-30 04:44"}
2024-01-14 01:33:01 查询号码 【1898764】，GSD为【"云南-文山"】

2024-01-14 01:33:02 开始第 8856 次操作

2024-01-14 01:33:02 开始操作号码 【1898765】
2024-01-14 01:33:06 GSD getOne 第 1 次 等待 3 秒
2024-01-14 01:33:09 查询号码 【1898765】，返回信息 {"status":"ok","msg":"云南-红河","gid":"45818","time_insert":"2017-06-15 15:28","time_update":"2020-12-07 15:58"}
2024-01-14 01:33:09 查询号码 【1898765】，GSD为【"云南-红河"】

2024-01-14 02:09:32 开始第 8857 次操作

2024-01-14 02:09:32 开始操作号码 【1898766】
2024-01-14 02:09:35 GSD getOne 第 1 次 等待 3 秒
2024-01-14 02:09:38 查询号码 【1898766】，返回信息 {"status":"ok","msg":"云南-红河","gid":"45819","time_insert":"2016-06-29 09:44","time_update":"2020-12-07 16:02"}
2024-01-14 02:09:39 查询号码 【1898766】，GSD为【"云南-红河"】

2024-01-14 02:09:40 开始第 8858 次操作

2024-01-14 02:09:40 开始操作号码 【1898767】
2024-01-14 02:09:43 GSD getOne 第 1 次 等待 3 秒
2024-01-14 02:09:46 查询号码 【1898767】，返回信息 {"status":"ok","msg":"云南-昆明","gid":"440695","time_insert":"2021-07-30 04:43"}
2024-01-14 02:09:46 查询号码 【1898767】，GSD为【"云南-昆明"】

2024-01-14 02:09:47 开始第 8859 次操作

2024-01-14 02:09:47 开始操作号码 【1898768】
2024-01-14 02:09:53 GSD getOne 第 1 次 等待 3 秒
2024-01-14 02:09:56 查询号码 【1898768】，返回信息 {"status":"ok","msg":"云南-昆明","gid":"50458","time_insert":"2021-04-21 16:35"}
2024-01-14 02:09:56 查询号码 【1898768】，GSD为【"云南-昆明"】

2024-01-14 02:09:57 开始第 8860 次操作

2024-01-14 02:09:57 开始操作号码 【1898769】
2024-01-14 02:10:00 GSD getOne 第 1 次 等待 3 秒
2024-01-14 02:10:03 查询号码 【1898769】，返回信息 {"status":"ok","msg":"云南-昆明","gid":"45820","time_insert":"2016-10-30 16:04","time_update":"2020-12-07 16:06"}
2024-01-14 02:10:04 查询号码 【1898769】，GSD为【"云南-昆明"】

2024-01-14 02:32:23 开始第 8861 次操作

2024-01-14 02:32:23 开始操作号码 【1898770】
2024-01-14 02:32:26 GSD getOne 第 1 次 等待 3 秒
2024-01-14 02:32:29 查询号码 【1898770】，返回信息 {"status":"ok","msg":"云南-玉溪","gid":"440684","time_insert":"2021-07-30 04:42","time_update":"2021-08-10 13:38"}
2024-01-14 02:32:29 查询号码 【1898770】，GSD为【"云南-玉溪"】

2024-01-14 02:32:30 开始第 8862 次操作

2024-01-14 02:32:30 开始操作号码 【1898771】
2024-01-14 02:32:35 GSD getOne 第 1 次 等待 3 秒
2024-01-14 02:32:38 查询号码 【1898771】，返回信息 {"status":"ok","msg":"云南-玉溪","gid":"45821","time_insert":"2018-10-18 18:24","time_update":"2020-12-07 16:09"}
2024-01-14 02:32:38 查询号码 【1898771】，GSD为【"云南-玉溪"】

2024-01-14 02:32:39 开始第 8863 次操作

2024-01-14 02:32:39 开始操作号码 【1898772】
2024-01-14 02:32:43 GSD getOne 第 1 次 等待 3 秒
2024-01-14 02:32:46 查询号码 【1898772】，返回信息 {"status":"ok","msg":"云南-玉溪","gid":"45822","time_insert":"2018-11-07 14:16","time_update":"2020-12-07 16:13"}
2024-01-14 02:32:46 查询号码 【1898772】，GSD为【"云南-玉溪"】

2024-01-14 02:32:47 开始第 8864 次操作

2024-01-14 02:32:47 开始操作号码 【1898773】
2024-01-14 02:32:50 GSD getOne 第 1 次 等待 3 秒
2024-01-14 02:32:53 查询号码 【1898773】，返回信息 {"status":"ok","msg":"云南-玉溪","gid":"45823","time_insert":"2017-06-15 13:06","time_update":"2020-12-07 16:17"}
2024-01-14 02:32:53 查询号码 【1898773】，GSD为【"云南-玉溪"】

2024-01-14 03:06:16 开始第 8865 次操作

2024-01-14 03:06:16 开始操作号码 【1898774】
2024-01-14 03:06:20 GSD getOne 第 1 次 等待 3 秒
2024-01-14 03:06:23 查询号码 【1898774】，返回信息 {"status":"ok","msg":"云南-玉溪","gid":"440677","time_insert":"2021-07-30 04:42"}
2024-01-14 03:06:23 查询号码 【1898774】，GSD为【"云南-玉溪"】

2024-01-14 03:06:24 开始第 8866 次操作

2024-01-14 03:06:24 开始操作号码 【1898775】
2024-01-14 03:06:28 GSD getOne 第 1 次 等待 3 秒
2024-01-14 03:06:31 查询号码 【1898775】，返回信息 {"status":"ok","msg":"云南-昆明","gid":"45824","time_insert":"2018-03-03 22:13","time_update":"2020-12-07 16:21"}
2024-01-14 03:06:31 查询号码 【1898775】，GSD为【"云南-昆明"】

2024-01-14 03:06:32 开始第 8867 次操作

2024-01-14 03:06:32 开始操作号码 【1898776】
2024-01-14 03:06:35 GSD getOne 第 1 次 等待 3 秒
2024-01-14 03:06:38 查询号码 【1898776】，返回信息 {"status":"ok","msg":"云南-昆明","gid":"45825","time_insert":"2016-12-22 22:53","time_update":"2020-12-07 16:25"}
2024-01-14 03:06:38 查询号码 【1898776】，GSD为【"云南-昆明"】

2024-01-14 03:06:39 开始第 8868 次操作

2024-01-14 03:06:39 开始操作号码 【1898777】
2024-01-14 03:06:42 GSD getOne 第 1 次 等待 3 秒
2024-01-14 03:06:45 查询号码 【1898777】，返回信息 {"status":"ok","msg":"云南-昆明","gid":"440669","time_insert":"2021-07-30 04:41","time_update":"2021-08-10 13:50"}
2024-01-14 03:06:45 查询号码 【1898777】，GSD为【"云南-昆明"】

2024-01-14 03:32:19 开始第 8869 次操作

2024-01-14 03:32:19 开始操作号码 【1898778】
2024-01-14 03:32:24 GSD getOne 第 1 次 等待 3 秒
2024-01-14 03:32:27 查询号码 【1898778】，返回信息 {"status":"ok","msg":"云南-昆明","gid":"440659","time_insert":"2021-07-30 04:40"}
2024-01-14 03:32:27 查询号码 【1898778】，GSD为【"云南-昆明"】

2024-01-14 03:32:28 开始第 8870 次操作

2024-01-14 03:32:28 开始操作号码 【1898779】
2024-01-14 03:32:32 GSD getOne 第 1 次 等待 3 秒
2024-01-14 03:32:35 查询号码 【1898779】，返回信息 {"status":"ok","msg":"云南-昆明","gid":"440654","time_insert":"2021-07-30 04:39"}
2024-01-14 03:32:35 查询号码 【1898779】，GSD为【"云南-昆明"】

2024-01-14 03:32:36 开始第 8871 次操作

2024-01-14 03:32:36 开始操作号码 【1898780】
2024-01-14 03:32:41 GSD getOne 第 1 次 等待 3 秒
2024-01-14 03:32:44 查询号码 【1898780】，返回信息 {"status":"ok","msg":"云南-楚雄","gid":"440647","time_insert":"2021-07-30 04:39"}
2024-01-14 03:32:44 查询号码 【1898780】，GSD为【"云南-楚雄"】

2024-01-14 03:32:45 开始第 8872 次操作

2024-01-14 03:32:45 开始操作号码 【1898781】
2024-01-14 03:32:48 GSD getOne 第 1 次 等待 3 秒
2024-01-14 03:32:51 查询号码 【1898781】，返回信息 {"status":"ok","msg":"云南-楚雄","gid":"440641","time_insert":"2021-07-30 04:38"}
2024-01-14 03:32:51 查询号码 【1898781】，GSD为【"云南-楚雄"】

2024-01-14 04:08:03 开始第 8873 次操作

2024-01-14 04:08:03 开始操作号码 【1898782】
2024-01-14 04:08:07 GSD getOne 第 1 次 等待 3 秒
2024-01-14 04:08:10 查询号码 【1898782】，返回信息 {"status":"ok","msg":"云南-楚雄","gid":"45826","time_insert":"2018-02-15 01:31","time_update":"2020-12-07 16:29"}
2024-01-14 04:08:10 查询号码 【1898782】，GSD为【"云南-楚雄"】

2024-01-14 04:08:11 开始第 8874 次操作

2024-01-14 04:08:11 开始操作号码 【1898783】
2024-01-14 04:08:14 GSD getOne 第 1 次 等待 3 秒
2024-01-14 04:08:17 查询号码 【1898783】，返回信息 {"status":"ok","msg":"云南-楚雄","gid":"45827","time_insert":"2019-10-28 10:43","time_update":"2020-12-07 16:33"}
2024-01-14 04:08:17 查询号码 【1898783】，GSD为【"云南-楚雄"】

2024-01-14 04:08:18 开始第 8875 次操作

2024-01-14 04:08:18 开始操作号码 【1898784】
2024-01-14 04:08:21 GSD getOne 第 1 次 等待 3 秒
2024-01-14 04:08:24 查询号码 【1898784】，返回信息 {"status":"ok","msg":"云南-楚雄","gid":"440517","time_insert":"2021-07-30 04:02"}
2024-01-14 04:08:24 查询号码 【1898784】，GSD为【"云南-楚雄"】

2024-01-14 04:08:25 开始第 8876 次操作

2024-01-14 04:08:25 开始操作号码 【1898785】
2024-01-14 04:08:29 GSD getOne 第 1 次 等待 3 秒
2024-01-14 04:08:32 查询号码 【1898785】，返回信息 {"status":"ok","msg":"云南-昭通","gid":"45828","time_insert":"2016-02-24 18:54","time_update":"2020-12-07 16:37"}
2024-01-14 04:08:32 查询号码 【1898785】，GSD为【"云南-昭通"】

2024-01-14 04:32:33 开始第 8877 次操作

2024-01-14 04:32:33 开始操作号码 【1898786】
2024-01-14 04:32:37 GSD getOne 第 1 次 等待 3 秒
2024-01-14 04:32:40 查询号码 【1898786】，返回信息 {"status":"ok","msg":"云南-昆明","gid":"440511","time_insert":"2021-07-30 04:01"}
2024-01-14 04:32:40 查询号码 【1898786】，GSD为【"云南-昆明"】

2024-01-14 04:32:41 开始第 8878 次操作

2024-01-14 04:32:41 开始操作号码 【1898787】
2024-01-14 04:32:44 GSD getOne 第 1 次 等待 3 秒
2024-01-14 04:32:47 查询号码 【1898787】，返回信息 {"status":"ok","msg":"云南-昆明","gid":"440499","time_insert":"2021-07-30 04:00"}
2024-01-14 04:32:47 查询号码 【1898787】，GSD为【"云南-昆明"】

2024-01-14 04:32:48 开始第 8879 次操作

2024-01-14 04:32:48 开始操作号码 【1898788】
2024-01-14 04:32:51 GSD getOne 第 1 次 等待 3 秒
2024-01-14 04:32:54 查询号码 【1898788】，返回信息 {"status":"ok","msg":"云南-昆明","gid":"45829","time_insert":"2019-11-15 11:24","time_update":"2020-12-07 16:41"}
2024-01-14 04:32:54 查询号码 【1898788】，GSD为【"云南-昆明"】

2024-01-14 04:32:55 开始第 8880 次操作

2024-01-14 04:32:55 开始操作号码 【1898789】
2024-01-14 04:32:59 GSD getOne 第 1 次 等待 3 秒
2024-01-14 04:33:02 查询号码 【1898789】，返回信息 {"status":"ok","msg":"云南-昆明","gid":"440492","time_insert":"2021-07-30 03:59"}
2024-01-14 04:33:02 查询号码 【1898789】，GSD为【"云南-昆明"】

2024-01-14 05:06:51 开始第 8881 次操作

2024-01-14 05:06:51 开始操作号码 【1898790】
2024-01-14 05:06:55 GSD getOne 第 1 次 等待 3 秒
2024-01-14 05:06:58 查询号码 【1898790】，返回信息 {"status":"ok","msg":"云南-普洱","gid":"440484","time_insert":"2021-07-30 03:59"}
2024-01-14 05:06:58 查询号码 【1898790】，GSD为【"云南-普洱"】

2024-01-14 05:06:59 开始第 8882 次操作

2024-01-14 05:06:59 开始操作号码 【1898791】
2024-01-14 05:07:03 GSD getOne 第 1 次 等待 3 秒
2024-01-14 05:07:06 查询号码 【1898791】，返回信息 {"status":"ok","msg":"云南-普洱","gid":"45830","time_insert":"2020-05-14 21:39","time_update":"2020-12-07 16:44"}
2024-01-14 05:07:06 查询号码 【1898791】，GSD为【"云南-普洱"】

2024-01-14 05:07:07 开始第 8883 次操作

2024-01-14 05:07:07 开始操作号码 【1898792】
2024-01-14 05:07:10 GSD getOne 第 1 次 等待 3 秒
2024-01-14 05:07:13 查询号码 【1898792】，返回信息 {"status":"ok","msg":"云南-普洱","gid":"45831","time_insert":"2018-03-05 11:42","time_update":"2020-12-07 16:48"}
2024-01-14 05:07:13 查询号码 【1898792】，GSD为【"云南-普洱"】

2024-01-14 05:07:14 开始第 8884 次操作

2024-01-14 05:07:14 开始操作号码 【1898793】
2024-01-14 05:07:18 GSD getOne 第 1 次 等待 3 秒
2024-01-14 05:07:21 查询号码 【1898793】，返回信息 {"status":"ok","msg":"云南-普洱","gid":"440475","time_insert":"2021-07-30 03:58"}
2024-01-14 05:07:21 查询号码 【1898793】，GSD为【"云南-普洱"】

2024-01-14 05:32:26 开始第 8885 次操作

2024-01-14 05:32:26 开始操作号码 【1898794】
2024-01-14 05:32:30 GSD getOne 第 1 次 等待 3 秒
2024-01-14 05:32:33 查询号码 【1898794】，返回信息 {"status":"ok","msg":"云南-普洱","gid":"45832","time_insert":"2017-11-15 13:33","time_update":"2020-12-07 16:48"}
2024-01-14 05:32:33 查询号码 【1898794】，GSD为【"云南-普洱"】

2024-01-14 05:32:34 开始第 8886 次操作

2024-01-14 05:32:34 开始操作号码 【1898795】
2024-01-14 05:32:37 GSD getOne 第 1 次 等待 3 秒
2024-01-14 05:32:40 查询号码 【1898795】，返回信息 {"status":"ok","msg":"云南-昆明","gid":"440466","time_insert":"2021-07-30 03:57"}
2024-01-14 05:32:40 查询号码 【1898795】，GSD为【"云南-昆明"】

2024-01-14 05:32:41 开始第 8887 次操作

2024-01-14 05:32:41 开始操作号码 【1898796】
2024-01-14 05:32:45 GSD getOne 第 1 次 等待 3 秒
2024-01-14 05:32:48 查询号码 【1898796】，返回信息 {"status":"ok","msg":"云南-迪庆","gid":"440454","time_insert":"2021-07-30 03:57"}
2024-01-14 05:32:48 查询号码 【1898796】，GSD为【"云南-迪庆"】

2024-01-14 05:32:49 开始第 8888 次操作

2024-01-14 05:32:49 开始操作号码 【1898797】
2024-01-14 05:32:53 GSD getOne 第 1 次 等待 3 秒
2024-01-14 05:32:56 查询号码 【1898797】，返回信息 {"status":"ok","msg":"云南-迪庆","gid":"440446","time_insert":"2021-07-30 03:56"}
2024-01-14 05:32:56 查询号码 【1898797】，GSD为【"云南-迪庆"】

2024-01-14 06:07:13 开始第 8889 次操作

2024-01-14 06:07:13 开始操作号码 【1898798】
2024-01-14 06:07:17 GSD getOne 第 1 次 等待 3 秒
2024-01-14 06:07:20 查询号码 【1898798】，返回信息 {"status":"ok","msg":"云南-迪庆","gid":"440436","time_insert":"2021-07-30 03:55"}
2024-01-14 06:07:20 查询号码 【1898798】，GSD为【"云南-迪庆"】

2024-01-14 06:07:21 开始第 8890 次操作

2024-01-14 06:07:21 开始操作号码 【1898799】
2024-01-14 06:07:24 GSD getOne 第 1 次 等待 3 秒
2024-01-14 06:07:27 查询号码 【1898799】，返回信息 {"status":"ok","msg":"云南-昆明","gid":"440425","time_insert":"2021-07-30 03:55"}
2024-01-14 06:07:27 查询号码 【1898799】，GSD为【"云南-昆明"】

2024-01-14 06:07:28 开始第 8891 次操作

2024-01-14 06:07:28 开始操作号码 【1898800】
2024-01-14 06:07:31 GSD getOne 第 1 次 等待 3 秒
2024-01-14 06:07:34 查询号码 【1898800】，返回信息 {"status":"ok","msg":"云南-丽江","gid":"45833","time_insert":"2014-07-29 15:06","time_update":"2020-12-07 16:51"}
2024-01-14 06:07:34 查询号码 【1898800】，GSD为【"云南-丽江"】

2024-01-14 06:07:35 开始第 8892 次操作

2024-01-14 06:07:35 开始操作号码 【1898801】
2024-01-14 06:07:38 GSD getOne 第 1 次 等待 3 秒
2024-01-14 06:07:41 查询号码 【1898801】，返回信息 {"status":"ok","msg":"云南-丽江","gid":"440415","time_insert":"2021-07-30 03:54"}
2024-01-14 06:07:41 查询号码 【1898801】，GSD为【"云南-丽江"】

2024-01-14 06:32:09 开始第 8893 次操作

2024-01-14 06:32:09 开始操作号码 【1898802】
2024-01-14 06:32:14 GSD getOne 第 1 次 等待 3 秒
2024-01-14 06:32:17 查询号码 【1898802】，返回信息 {"status":"ok","msg":"云南-丽江","gid":"440405","time_insert":"2021-07-30 03:53"}
2024-01-14 06:32:17 查询号码 【1898802】，GSD为【"云南-丽江"】

2024-01-14 06:32:18 开始第 8894 次操作

2024-01-14 06:32:18 开始操作号码 【1898803】
2024-01-14 06:32:22 GSD getOne 第 1 次 等待 3 秒
2024-01-14 06:32:25 查询号码 【1898803】，返回信息 {"status":"ok","msg":"云南-丽江","gid":"440396","time_insert":"2021-07-30 03:53"}
2024-01-14 06:32:25 查询号码 【1898803】，GSD为【"云南-丽江"】

2024-01-14 06:32:26 开始第 8895 次操作

2024-01-14 06:32:26 开始操作号码 【1898804】
2024-01-14 06:32:30 GSD getOne 第 1 次 等待 3 秒
2024-01-14 06:32:33 查询号码 【1898804】，返回信息 {"status":"ok","msg":"云南-丽江","gid":"301520","time_insert":"2021-07-17 09:03","time_update":"2021-07-30 03:52"}
2024-01-14 06:32:33 查询号码 【1898804】，GSD为【"云南-丽江"】

2024-01-14 06:32:34 开始第 8896 次操作

2024-01-14 06:32:34 开始操作号码 【1898805】
2024-01-14 06:32:38 GSD getOne 第 1 次 等待 3 秒
2024-01-14 06:32:41 查询号码 【1898805】，返回信息 {"status":"ok","msg":"云南-昭通","gid":"45834","time_insert":"2018-09-04 18:50","time_update":"2020-12-07 16:56"}
2024-01-14 06:32:41 查询号码 【1898805】，GSD为【"云南-昭通"】

2024-01-14 07:07:49 开始第 8897 次操作

2024-01-14 07:07:49 开始操作号码 【1898806】
2024-01-14 07:07:53 GSD getOne 第 1 次 等待 3 秒
2024-01-14 07:07:56 查询号码 【1898806】，返回信息 {"status":"ok","msg":"云南-昆明","gid":"440379","time_insert":"2021-07-30 03:51"}
2024-01-14 07:07:56 查询号码 【1898806】，GSD为【"云南-昆明"】

2024-01-14 07:07:57 开始第 8898 次操作

2024-01-14 07:07:57 开始操作号码 【1898807】
2024-01-14 07:08:00 GSD getOne 第 1 次 等待 3 秒
2024-01-14 07:08:03 查询号码 【1898807】，返回信息 {"status":"ok","msg":"云南-昆明","gid":"440367","time_insert":"2021-07-30 03:51"}
2024-01-14 07:08:03 查询号码 【1898807】，GSD为【"云南-昆明"】

2024-01-14 07:08:04 开始第 8899 次操作

2024-01-14 07:08:04 开始操作号码 【1898808】
2024-01-14 07:08:07 GSD getOne 第 1 次 等待 3 秒
2024-01-14 07:08:10 查询号码 【1898808】，返回信息 {"status":"ok","msg":"云南-昆明","gid":"440357","time_insert":"2021-07-30 03:50"}
2024-01-14 07:08:10 查询号码 【1898808】，GSD为【"云南-昆明"】

2024-01-14 07:08:11 开始第 8900 次操作

2024-01-14 07:08:11 开始操作号码 【1898809】
2024-01-14 07:08:14 GSD getOne 第 1 次 等待 3 秒
2024-01-14 07:08:17 查询号码 【1898809】，返回信息 {"status":"ok","msg":"云南-昆明","gid":"45835","time_insert":"2019-01-29 18:14","time_update":"2020-12-07 17:00"}
2024-01-14 07:08:17 查询号码 【1898809】，GSD为【"云南-昆明"】

2024-01-14 07:32:43 开始第 8901 次操作

2024-01-14 07:32:43 开始操作号码 【1898810】
2024-01-14 07:32:46 GSD getOne 第 1 次 等待 3 秒
2024-01-14 07:32:49 查询号码 【1898810】，返回信息 {"status":"ok","msg":"云南-西双版纳","gid":"440349","time_insert":"2021-07-30 03:49"}
2024-01-14 07:32:49 查询号码 【1898810】，GSD为【"云南-西双版纳"】

2024-01-14 07:32:50 开始第 8902 次操作

2024-01-14 07:32:50 开始操作号码 【1898811】
2024-01-14 07:32:53 GSD getOne 第 1 次 等待 3 秒
2024-01-14 07:32:56 查询号码 【1898811】，返回信息 {"status":"ok","msg":"云南-西双版纳","gid":"45836","time_insert":"2017-06-25 10:09","time_update":"2020-12-07 17:04"}
2024-01-14 07:32:56 查询号码 【1898811】，GSD为【"云南-西双版纳"】

2024-01-14 07:32:57 开始第 8903 次操作

2024-01-14 07:32:57 开始操作号码 【1898812】
2024-01-14 07:33:00 GSD getOne 第 1 次 等待 3 秒
2024-01-14 07:33:03 查询号码 【1898812】，返回信息 {"status":"ok","msg":"云南-西双版纳","gid":"440338","time_insert":"2021-07-30 03:49"}
2024-01-14 07:33:03 查询号码 【1898812】，GSD为【"云南-西双版纳"】

2024-01-14 07:33:04 开始第 8904 次操作

2024-01-14 07:33:04 开始操作号码 【1898813】
2024-01-14 07:33:07 GSD getOne 第 1 次 等待 3 秒
2024-01-14 07:33:10 查询号码 【1898813】，返回信息 {"status":"ok","msg":"云南-西双版纳","gid":"45837","time_insert":"2016-11-29 14:31","time_update":"2020-12-07 17:09"}
2024-01-14 07:33:10 查询号码 【1898813】，GSD为【"云南-西双版纳"】

2024-01-14 08:42:25 开始第 8905 次操作

2024-01-14 08:42:25 开始操作号码 【1898814】
2024-01-14 08:42:28 GSD getOne 第 1 次 等待 3 秒
2024-01-14 08:42:31 查询号码 【1898814】，返回信息 {"status":"ok","msg":"云南-西双版纳","gid":"440328","time_insert":"2021-07-30 03:48"}
2024-01-14 08:42:32 查询号码 【1898814】，GSD为【"云南-西双版纳"】

2024-01-14 08:42:33 开始第 8906 次操作

2024-01-14 08:42:33 开始操作号码 【1898815】
2024-01-14 08:42:36 GSD getOne 第 1 次 等待 3 秒
2024-01-14 08:42:39 查询号码 【1898815】，返回信息 {"status":"ok","msg":"云南-昆明","gid":"440319","time_insert":"2021-07-30 03:47"}
2024-01-14 08:42:39 查询号码 【1898815】，GSD为【"云南-昆明"】

2024-01-14 08:42:40 开始第 8907 次操作

2024-01-14 08:42:40 开始操作号码 【1898816】
2024-01-14 08:42:42 GSD getOne 第 1 次 等待 3 秒
2024-01-14 08:42:45 查询号码 【1898816】，返回信息 {"status":"ok","msg":"云南-昆明","gid":"440311","time_insert":"2021-07-30 03:47"}
2024-01-14 08:42:45 查询号码 【1898816】，GSD为【"云南-昆明"】

2024-01-14 08:42:46 开始第 8908 次操作

2024-01-14 08:42:46 开始操作号码 【1898817】
2024-01-14 08:42:49 GSD getOne 第 1 次 等待 3 秒
2024-01-14 08:42:52 查询号码 【1898817】，返回信息 {"status":"ok","msg":"云南-西双版纳","gid":"440302","time_insert":"2021-07-30 03:46"}
2024-01-14 08:42:52 查询号码 【1898817】，GSD为【"云南-西双版纳"】

2024-01-14 09:56:26 开始第 8909 次操作

2024-01-14 09:56:26 开始操作号码 【1898818】
2024-01-14 09:56:30 GSD getOne 第 1 次 等待 3 秒
2024-01-14 09:56:33 查询号码 【1898818】，返回信息 {"status":"ok","msg":"云南-西双版纳","gid":"440294","time_insert":"2021-07-30 03:46"}
2024-01-14 09:56:33 查询号码 【1898818】，GSD为【"云南-西双版纳"】

2024-01-14 09:56:34 开始第 8910 次操作

2024-01-14 09:56:34 开始操作号码 【1898819】
2024-01-14 09:56:37 GSD getOne 第 1 次 等待 3 秒
2024-01-14 09:56:40 查询号码 【1898819】，返回信息 {"status":"ok","msg":"云南-西双版纳","gid":"440287","time_insert":"2021-07-30 03:45"}
2024-01-14 09:56:40 查询号码 【1898819】，GSD为【"云南-西双版纳"】

2024-01-14 09:56:41 开始第 8911 次操作

2024-01-14 09:56:41 开始操作号码 【1898820】
2024-01-14 09:56:44 GSD getOne 第 1 次 等待 3 秒
2024-01-14 09:56:47 查询号码 【1898820】，返回信息 {"status":"ok","msg":"云南-德宏","gid":"45838","time_insert":"2018-07-15 22:00","time_update":"2020-12-07 17:13"}
2024-01-14 09:56:47 查询号码 【1898820】，GSD为【"云南-德宏"】

2024-01-14 09:56:48 开始第 8912 次操作

2024-01-14 09:56:48 开始操作号码 【1898821】
2024-01-14 09:56:51 GSD getOne 第 1 次 等待 3 秒
2024-01-14 09:56:54 查询号码 【1898821】，返回信息 {"status":"ok","msg":"云南-德宏","gid":"45839","time_insert":"2017-01-29 20:51","time_update":"2020-12-07 17:18"}
2024-01-14 09:56:55 查询号码 【1898821】，GSD为【"云南-德宏"】

2024-01-14 10:27:50 开始第 8913 次操作

2024-01-14 10:27:50 开始操作号码 【1898822】
2024-01-14 10:27:55 GSD getOne 第 1 次 等待 3 秒
2024-01-14 10:27:58 查询号码 【1898822】，返回信息 {"status":"ok","msg":"云南-德宏","gid":"440278","time_insert":"2021-07-30 03:44"}
2024-01-14 10:27:58 查询号码 【1898822】，GSD为【"云南-德宏"】

2024-01-14 10:27:59 开始第 8914 次操作

2024-01-14 10:27:59 开始操作号码 【1898823】
2024-01-14 10:28:02 GSD getOne 第 1 次 等待 3 秒
2024-01-14 10:28:05 查询号码 【1898823】，返回信息 {"status":"ok","msg":"云南-德宏","gid":"45840","time_insert":"2017-05-09 20:23","time_update":"2020-12-07 17:23"}
2024-01-14 10:28:05 查询号码 【1898823】，GSD为【"云南-德宏"】

2024-01-14 10:28:06 开始第 8915 次操作

2024-01-14 10:28:06 开始操作号码 【1898824】
2024-01-14 10:28:09 GSD getOne 第 1 次 等待 3 秒
2024-01-14 10:28:12 查询号码 【1898824】，返回信息 {"status":"ok","msg":"云南-德宏","gid":"440267","time_insert":"2021-07-30 03:44"}
2024-01-14 10:28:12 查询号码 【1898824】，GSD为【"云南-德宏"】

2024-01-14 10:28:13 开始第 8916 次操作

2024-01-14 10:28:13 开始操作号码 【1898825】
2024-01-14 10:28:17 GSD getOne 第 1 次 等待 3 秒
2024-01-14 10:28:20 查询号码 【1898825】，返回信息 {"status":"ok","msg":"云南-红河","gid":"440260","time_insert":"2021-07-30 03:43"}
2024-01-14 10:28:20 查询号码 【1898825】，GSD为【"云南-红河"】

2024-01-14 10:44:28 开始第 8917 次操作

2024-01-14 10:44:28 开始操作号码 【1898826】
2024-01-14 10:44:32 GSD getOne 第 1 次 等待 3 秒
2024-01-14 10:44:35 查询号码 【1898826】，返回信息 {"status":"ok","msg":"云南-红河","gid":"440251","time_insert":"2021-07-30 03:43"}
2024-01-14 10:44:35 查询号码 【1898826】，GSD为【"云南-红河"】

2024-01-14 10:44:36 开始第 8918 次操作

2024-01-14 10:44:36 开始操作号码 【1898827】
2024-01-14 10:44:39 GSD getOne 第 1 次 等待 3 秒
2024-01-14 10:44:42 查询号码 【1898827】，返回信息 {"status":"ok","msg":"云南-昆明","gid":"45841","time_insert":"2016-09-22 16:08","time_update":"2020-12-07 17:27"}
2024-01-14 10:44:42 查询号码 【1898827】，GSD为【"云南-昆明"】

2024-01-14 10:44:43 开始第 8919 次操作

2024-01-14 10:44:43 开始操作号码 【1898828】
2024-01-14 10:44:46 GSD getOne 第 1 次 等待 3 秒
2024-01-14 10:44:49 查询号码 【1898828】，返回信息 {"status":"ok","msg":"云南-昆明","gid":"440238","time_insert":"2021-07-30 03:42"}
2024-01-14 10:44:49 查询号码 【1898828】，GSD为【"云南-昆明"】

2024-01-14 10:44:50 开始第 8920 次操作

2024-01-14 10:44:50 开始操作号码 【1898829】
2024-01-14 10:44:53 GSD getOne 第 1 次 等待 3 秒
2024-01-14 10:44:56 查询号码 【1898829】，返回信息 {"status":"ok","msg":"云南-昆明","gid":"440228","time_insert":"2021-07-30 03:41"}
2024-01-14 10:44:56 查询号码 【1898829】，GSD为【"云南-昆明"】

2024-01-14 11:09:05 开始第 8921 次操作

2024-01-14 11:09:05 开始操作号码 【1898830】
2024-01-14 11:09:15 GSD getOne 第 1 次 等待 3 秒
2024-01-14 11:09:18 查询号码 【1898830】，返回信息 {"status":"ok","msg":"云南-临沧","gid":"440222","time_insert":"2021-07-30 03:41"}
2024-01-14 11:09:18 查询号码 【1898830】，GSD为【"云南-临沧"】

2024-01-14 11:09:19 开始第 8922 次操作

2024-01-14 11:09:19 开始操作号码 【1898831】
2024-01-14 11:09:22 GSD getOne 第 1 次 等待 3 秒
2024-01-14 11:09:25 查询号码 【1898831】，返回信息 {"status":"ok","msg":"云南-临沧","gid":"45842","time_insert":"2018-09-05 19:36","time_update":"2020-12-07 17:31"}
2024-01-14 11:09:25 查询号码 【1898831】，GSD为【"云南-临沧"】

2024-01-14 11:09:26 开始第 8923 次操作

2024-01-14 11:09:26 开始操作号码 【1898832】
2024-01-14 11:09:30 GSD getOne 第 1 次 等待 3 秒
2024-01-14 11:09:33 查询号码 【1898832】，返回信息 {"status":"ok","msg":"云南-临沧","gid":"45843","time_insert":"2016-10-14 17:01","time_update":"2020-12-07 17:35"}
2024-01-14 11:09:33 查询号码 【1898832】，GSD为【"云南-临沧"】

2024-01-14 11:09:34 开始第 8924 次操作

2024-01-14 11:09:34 开始操作号码 【1898833】
2024-01-14 11:09:37 GSD getOne 第 1 次 等待 3 秒
2024-01-14 11:09:40 查询号码 【1898833】，返回信息 {"status":"ok","msg":"云南-临沧","gid":"440212","time_insert":"2021-07-30 03:40"}
2024-01-14 11:09:40 查询号码 【1898833】，GSD为【"云南-临沧"】

2024-01-14 11:32:47 开始第 8925 次操作

2024-01-14 11:32:47 开始操作号码 【1898834】
2024-01-14 11:32:52 GSD getOne 第 1 次 等待 3 秒
2024-01-14 11:32:55 查询号码 【1898834】，返回信息 {"status":"ok","msg":"云南-临沧","gid":"440204","time_insert":"2021-07-30 03:39"}
2024-01-14 11:32:56 查询号码 【1898834】，GSD为【"云南-临沧"】

2024-01-14 11:32:57 开始第 8926 次操作

2024-01-14 11:32:57 开始操作号码 【1898835】
2024-01-14 11:33:00 GSD getOne 第 1 次 等待 3 秒
2024-01-14 11:33:03 查询号码 【1898835】，返回信息 {"status":"ok","msg":"云南-红河","gid":"440196","time_insert":"2021-07-30 03:39"}
2024-01-14 11:33:03 查询号码 【1898835】，GSD为【"云南-红河"】

2024-01-14 11:33:04 开始第 8927 次操作

2024-01-14 11:33:04 开始操作号码 【1898836】
2024-01-14 11:33:08 GSD getOne 第 1 次 等待 3 秒
2024-01-14 11:33:11 查询号码 【1898836】，返回信息 {"status":"ok","msg":"云南-怒江","gid":"440190","time_insert":"2021-07-30 03:38"}
2024-01-14 11:33:11 查询号码 【1898836】，GSD为【"云南-怒江"】

2024-01-14 11:33:12 开始第 8928 次操作

2024-01-14 11:33:12 开始操作号码 【1898837】
2024-01-14 11:33:15 GSD getOne 第 1 次 等待 3 秒
2024-01-14 11:33:18 查询号码 【1898837】，返回信息 {"status":"ok","msg":"云南-怒江","gid":"45844","time_insert":"2017-08-16 08:36","time_update":"2020-12-07 17:40"}
2024-01-14 11:33:18 查询号码 【1898837】，GSD为【"云南-怒江"】

2024-01-14 12:10:00 开始第 8929 次操作

2024-01-14 12:10:00 开始操作号码 【1898838】
2024-01-14 12:10:03 GSD getOne 第 1 次 等待 3 秒
2024-01-14 12:10:06 查询号码 【1898838】，返回信息 {"status":"ok","msg":"云南-怒江","gid":"45845","time_insert":"2017-02-18 03:29","time_update":"2020-12-07 17:43"}
2024-01-14 12:10:06 查询号码 【1898838】，GSD为【"云南-怒江"】

2024-01-14 12:10:07 开始第 8930 次操作

2024-01-14 12:10:07 开始操作号码 【1898839】
2024-01-14 12:10:10 GSD getOne 第 1 次 等待 3 秒
2024-01-14 12:10:13 查询号码 【1898839】，返回信息 {"status":"ok","msg":"云南-普洱","gid":"440179","time_insert":"2021-07-30 03:37"}
2024-01-14 12:10:13 查询号码 【1898839】，GSD为【"云南-普洱"】

2024-01-14 12:10:14 开始第 8931 次操作

2024-01-14 12:10:14 开始操作号码 【1898840】
2024-01-14 12:10:17 GSD getOne 第 1 次 等待 3 秒
2024-01-14 12:10:20 查询号码 【1898840】，返回信息 {"status":"ok","msg":"云南-昆明","gid":"45846","time_insert":"2017-05-19 11:02","time_update":"2020-12-07 17:48"}
2024-01-14 12:10:20 查询号码 【1898840】，GSD为【"云南-昆明"】

2024-01-14 12:10:21 开始第 8932 次操作

2024-01-14 12:10:21 开始操作号码 【1898841】
2024-01-14 12:10:25 GSD getOne 第 1 次 等待 3 秒
2024-01-14 12:10:28 查询号码 【1898841】，返回信息 {"status":"ok","msg":"云南-昆明","gid":"45847","time_insert":"2017-07-23 17:45","time_update":"2020-12-07 17:49"}
2024-01-14 12:10:28 查询号码 【1898841】，GSD为【"云南-昆明"】

2024-01-14 12:33:27 开始第 8933 次操作

2024-01-14 12:33:27 开始操作号码 【1898842】
2024-01-14 12:33:38 GSD getOne 第 1 次 等待 3 秒
2024-01-14 12:33:41 查询号码 【1898842】，返回信息 {"status":"ok","msg":"云南-昆明","gid":"45848","time_insert":"2018-05-14 21:23","time_update":"2020-12-07 17:52"}
2024-01-14 12:33:41 查询号码 【1898842】，GSD为【"云南-昆明"】

2024-01-14 12:33:42 开始第 8934 次操作

2024-01-14 12:33:42 开始操作号码 【1898843】
2024-01-14 12:33:46 GSD getOne 第 1 次 等待 3 秒
2024-01-14 12:33:49 查询号码 【1898843】，返回信息 {"status":"ok","msg":"云南-昆明","gid":"51766","time_insert":"2021-04-22 10:15"}
2024-01-14 12:33:49 查询号码 【1898843】，GSD为【"云南-昆明"】

2024-01-14 12:33:50 开始第 8935 次操作

2024-01-14 12:33:50 开始操作号码 【1898844】
2024-01-14 12:33:54 GSD getOne 第 1 次 等待 3 秒
2024-01-14 12:33:57 查询号码 【1898844】，返回信息 {"status":"ok","msg":"云南-昆明","gid":"440170","time_insert":"2021-07-30 03:36"}
2024-01-14 12:33:57 查询号码 【1898844】，GSD为【"云南-昆明"】

2024-01-14 12:33:58 开始第 8936 次操作

2024-01-14 12:33:58 开始操作号码 【1898845】
2024-01-14 12:34:02 GSD getOne 第 1 次 等待 3 秒
2024-01-14 12:34:05 查询号码 【1898845】，返回信息 {"status":"ok","msg":"云南-昆明","gid":"45849","time_insert":"2017-05-01 00:00","time_update":"2020-12-07 17:56"}
2024-01-14 12:34:05 查询号码 【1898845】，GSD为【"云南-昆明"】

2024-01-14 13:07:26 开始第 8937 次操作

2024-01-14 13:07:26 开始操作号码 【1898846】
2024-01-14 13:07:30 GSD getOne 第 1 次 等待 3 秒
2024-01-14 13:07:33 查询号码 【1898846】，返回信息 {"status":"ok","msg":"云南-昆明","gid":"45850","time_insert":"2018-08-11 22:45","time_update":"2020-12-07 17:59"}
2024-01-14 13:07:33 查询号码 【1898846】，GSD为【"云南-昆明"】

2024-01-14 13:07:34 开始第 8938 次操作

2024-01-14 13:07:34 开始操作号码 【1898847】
2024-01-14 13:07:37 GSD getOne 第 1 次 等待 3 秒
2024-01-14 13:07:40 查询号码 【1898847】，返回信息 {"status":"ok","msg":"云南-昆明","gid":"440163","time_insert":"2021-07-30 03:36"}
2024-01-14 13:07:40 查询号码 【1898847】，GSD为【"云南-昆明"】

2024-01-14 13:07:41 开始第 8939 次操作

2024-01-14 13:07:41 开始操作号码 【1898848】
2024-01-14 13:07:44 GSD getOne 第 1 次 等待 3 秒
2024-01-14 13:07:47 查询号码 【1898848】，返回信息 {"status":"ok","msg":"云南-昆明","gid":"440096","time_insert":"2021-07-30 03:20"}
2024-01-14 13:07:47 查询号码 【1898848】，GSD为【"云南-昆明"】

2024-01-14 13:07:48 开始第 8940 次操作

2024-01-14 13:07:48 开始操作号码 【1898849】
2024-01-14 13:07:52 GSD getOne 第 1 次 等待 3 秒
2024-01-14 13:07:55 查询号码 【1898849】，返回信息 {"status":"ok","msg":"云南-昆明","gid":"440089","time_insert":"2021-07-30 03:19"}
2024-01-14 13:07:55 查询号码 【1898849】，GSD为【"云南-昆明"】

2024-01-14 13:32:29 开始第 8941 次操作

2024-01-14 13:32:29 开始操作号码 【1898850】
2024-01-14 13:32:36 GSD getOne 第 1 次 等待 3 秒
2024-01-14 13:32:39 查询号码 【1898850】，返回信息 {"status":"ok","msg":"广东-佛山","gid":"440081","time_insert":"2021-07-30 03:18"}
2024-01-14 13:32:40 查询号码 【1898850】，GSD为【"广东-佛山"】

2024-01-14 13:32:41 开始第 8942 次操作

2024-01-14 13:32:41 开始操作号码 【1898851】
2024-01-14 13:32:44 GSD getOne 第 1 次 等待 3 秒
2024-01-14 13:32:47 查询号码 【1898851】，返回信息 {"status":"ok","msg":"广东-佛山","gid":"440075","time_insert":"2021-07-30 03:18"}
2024-01-14 13:32:47 查询号码 【1898851】，GSD为【"广东-佛山"】

2024-01-14 13:32:48 开始第 8943 次操作

2024-01-14 13:32:48 开始操作号码 【1898852】
2024-01-14 13:32:51 GSD getOne 第 1 次 等待 3 秒
2024-01-14 13:32:54 查询号码 【1898852】，返回信息 {"status":"ok","msg":"广东-佛山","gid":"440068","time_insert":"2021-07-30 03:17"}
2024-01-14 13:32:54 查询号码 【1898852】，GSD为【"广东-佛山"】

2024-01-14 13:32:55 开始第 8944 次操作

2024-01-14 13:32:55 开始操作号码 【1898853】
2024-01-14 13:33:01 GSD getOne 第 1 次 等待 3 秒
2024-01-14 13:33:04 查询号码 【1898853】，返回信息 {"status":"ok","msg":"广东-佛山","gid":"440060","time_insert":"2021-07-30 03:16"}
2024-01-14 13:33:04 查询号码 【1898853】，GSD为【"广东-佛山"】

2024-01-14 14:10:00 开始第 8945 次操作

2024-01-14 14:10:00 开始操作号码 【1898854】
2024-01-14 14:10:03 GSD getOne 第 1 次 等待 3 秒
2024-01-14 14:10:06 查询号码 【1898854】，返回信息 {"status":"ok","msg":"广东-佛山","gid":"440053","time_insert":"2021-07-30 03:16"}
2024-01-14 14:10:06 查询号码 【1898854】，GSD为【"广东-佛山"】

2024-01-14 14:10:07 开始第 8946 次操作

2024-01-14 14:10:07 开始操作号码 【1898855】
2024-01-14 14:10:10 GSD getOne 第 1 次 等待 3 秒
2024-01-14 14:10:13 查询号码 【1898855】，返回信息 {"status":"ok","msg":"广东-中山","gid":"45851","time_insert":"2017-10-09 19:26","time_update":"2020-10-02 19:58"}
2024-01-14 14:10:13 查询号码 【1898855】，GSD为【"广东-中山"】

2024-01-14 14:10:14 开始第 8947 次操作

2024-01-14 14:10:14 开始操作号码 【1898856】
2024-01-14 14:10:21 GSD getOne 第 1 次 等待 3 秒
2024-01-14 14:10:24 查询号码 【1898856】，返回信息 {"status":"ok","msg":"广东-中山","gid":"440044","time_insert":"2021-07-30 03:15"}
2024-01-14 14:10:24 查询号码 【1898856】，GSD为【"广东-中山"】

2024-01-14 14:10:25 开始第 8948 次操作

2024-01-14 14:10:25 开始操作号码 【1898857】
2024-01-14 14:10:28 GSD getOne 第 1 次 等待 3 秒
2024-01-14 14:10:31 查询号码 【1898857】，返回信息 {"status":"ok","msg":"广东-中山","gid":"440037","time_insert":"2021-07-30 03:15"}
2024-01-14 14:10:31 查询号码 【1898857】，GSD为【"广东-中山"】

2024-01-14 14:34:33 开始第 8949 次操作

2024-01-14 14:34:33 开始操作号码 【1898858】
2024-01-14 14:34:37 GSD getOne 第 1 次 等待 3 秒
2024-01-14 14:34:40 查询号码 【1898858】，返回信息 {"status":"ok","msg":"广东-中山","gid":"440031","time_insert":"2021-07-30 03:14"}
2024-01-14 14:34:40 查询号码 【1898858】，GSD为【"广东-中山"】

2024-01-14 14:34:41 开始第 8950 次操作

2024-01-14 14:34:41 开始操作号码 【1898859】
2024-01-14 14:34:44 GSD getOne 第 1 次 等待 3 秒
2024-01-14 14:34:47 查询号码 【1898859】，返回信息 {"status":"ok","msg":"广东-中山","gid":"45852","time_insert":"2020-08-02 10:43","time_update":"2021-01-22 11:55"}
2024-01-14 14:34:48 查询号码 【1898859】，GSD为【"广东-中山"】

2024-01-14 14:34:49 开始第 8951 次操作

2024-01-14 14:34:49 开始操作号码 【1898860】
2024-01-14 14:34:52 GSD getOne 第 1 次 等待 3 秒
2024-01-14 14:34:55 查询号码 【1898860】，返回信息 {"status":"ok","msg":"广东-佛山","gid":"440025","time_insert":"2021-07-30 03:13"}
2024-01-14 14:34:55 查询号码 【1898860】，GSD为【"广东-佛山"】

2024-01-14 14:34:56 开始第 8952 次操作

2024-01-14 14:34:56 开始操作号码 【1898861】
2024-01-14 14:35:00 GSD getOne 第 1 次 等待 3 秒
2024-01-14 14:35:03 查询号码 【1898861】，返回信息 {"status":"ok","msg":"广东-佛山","gid":"440017","time_insert":"2021-07-30 03:13"}
2024-01-14 14:35:03 查询号码 【1898861】，GSD为【"广东-佛山"】

2024-01-14 15:07:17 开始第 8953 次操作

2024-01-14 15:07:17 开始操作号码 【1898862】
2024-01-14 15:07:20 GSD getOne 第 1 次 等待 3 秒
2024-01-14 15:07:23 查询号码 【1898862】，返回信息 {"status":"ok","msg":"广东-佛山","gid":"440011","time_insert":"2021-07-30 03:12"}
2024-01-14 15:07:23 查询号码 【1898862】，GSD为【"广东-佛山"】

2024-01-14 15:07:24 开始第 8954 次操作

2024-01-14 15:07:24 开始操作号码 【1898863】
2024-01-14 15:07:27 GSD getOne 第 1 次 等待 3 秒
2024-01-14 15:07:30 查询号码 【1898863】，返回信息 {"status":"ok","msg":"广东-佛山","gid":"440004","time_insert":"2021-07-30 03:12"}
2024-01-14 15:07:30 查询号码 【1898863】，GSD为【"广东-佛山"】

2024-01-14 15:07:31 开始第 8955 次操作

2024-01-14 15:07:31 开始操作号码 【1898864】
2024-01-14 15:07:34 GSD getOne 第 1 次 等待 3 秒
2024-01-14 15:07:37 查询号码 【1898864】，返回信息 {"status":"ok","msg":"广东-佛山","gid":"439998","time_insert":"2021-07-30 03:11"}
2024-01-14 15:07:37 查询号码 【1898864】，GSD为【"广东-佛山"】

2024-01-14 15:07:38 开始第 8956 次操作

2024-01-14 15:07:38 开始操作号码 【1898865】
2024-01-14 15:07:41 GSD getOne 第 1 次 等待 3 秒
2024-01-14 15:07:44 查询号码 【1898865】，返回信息 {"status":"ok","msg":"广东-佛山","gid":"439992","time_insert":"2021-07-30 03:11"}
2024-01-14 15:07:44 查询号码 【1898865】，GSD为【"广东-佛山"】

2024-01-14 15:32:38 开始第 8957 次操作

2024-01-14 15:32:38 开始操作号码 【1898866】
2024-01-14 15:32:44 GSD getOne 第 1 次 等待 3 秒
2024-01-14 15:32:47 查询号码 【1898866】，返回信息 {"status":"ok","msg":"广东-佛山","gid":"439983","time_insert":"2021-07-30 03:10"}
2024-01-14 15:32:47 查询号码 【1898866】，GSD为【"广东-佛山"】

2024-01-14 15:32:48 开始第 8958 次操作

2024-01-14 15:32:48 开始操作号码 【1898867】
2024-01-14 15:32:52 GSD getOne 第 1 次 等待 3 秒
2024-01-14 15:32:55 查询号码 【1898867】，返回信息 {"status":"ok","msg":"广东-佛山","gid":"439975","time_insert":"2021-07-30 03:09"}
2024-01-14 15:32:55 查询号码 【1898867】，GSD为【"广东-佛山"】

2024-01-14 15:32:56 开始第 8959 次操作

2024-01-14 15:32:56 开始操作号码 【1898868】
2024-01-14 15:32:59 GSD getOne 第 1 次 等待 3 秒
2024-01-14 15:33:02 查询号码 【1898868】，返回信息 {"status":"ok","msg":"广东-佛山","gid":"439963","time_insert":"2021-07-30 03:09"}
2024-01-14 15:33:02 查询号码 【1898868】，GSD为【"广东-佛山"】

2024-01-14 15:33:03 开始第 8960 次操作

2024-01-14 15:33:03 开始操作号码 【1898869】
2024-01-14 15:33:06 GSD getOne 第 1 次 等待 3 秒
2024-01-14 15:33:09 查询号码 【1898869】，返回信息 {"status":"ok","msg":"广东-佛山","gid":"439954","time_insert":"2021-07-30 03:08"}
2024-01-14 15:33:09 查询号码 【1898869】，GSD为【"广东-佛山"】

2024-01-14 16:09:43 开始第 8961 次操作

2024-01-14 16:09:43 开始操作号码 【1898870】
2024-01-14 16:09:47 GSD getOne 第 1 次 等待 3 秒
2024-01-14 16:09:50 查询号码 【1898870】，返回信息 {"status":"ok","msg":"广东-东莞","gid":"439945","time_insert":"2021-07-30 03:08"}
2024-01-14 16:09:50 查询号码 【1898870】，GSD为【"广东-东莞"】

2024-01-14 16:09:51 开始第 8962 次操作

2024-01-14 16:09:51 开始操作号码 【1898871】
2024-01-14 16:09:54 GSD getOne 第 1 次 等待 3 秒
2024-01-14 16:09:57 查询号码 【1898871】，返回信息 {"status":"ok","msg":"广东-东莞","gid":"439934","time_insert":"2021-07-30 03:07"}
2024-01-14 16:09:57 查询号码 【1898871】，GSD为【"广东-东莞"】

2024-01-14 16:09:58 开始第 8963 次操作

2024-01-14 16:09:58 开始操作号码 【1898872】
2024-01-14 16:10:01 GSD getOne 第 1 次 等待 3 秒
2024-01-14 16:10:04 查询号码 【1898872】，返回信息 {"status":"ok","msg":"广东-东莞","gid":"439924","time_insert":"2021-07-30 03:06"}
2024-01-14 16:10:04 查询号码 【1898872】，GSD为【"广东-东莞"】

2024-01-14 16:10:05 开始第 8964 次操作

2024-01-14 16:10:05 开始操作号码 【1898873】
2024-01-14 16:10:08 GSD getOne 第 1 次 等待 3 秒
2024-01-14 16:10:11 查询号码 【1898873】，返回信息 {"status":"ok","msg":"广东-东莞","gid":"439913","time_insert":"2021-07-30 03:06"}
2024-01-14 16:10:11 查询号码 【1898873】，GSD为【"广东-东莞"】

2024-01-14 16:32:44 开始第 8965 次操作

2024-01-14 16:32:44 开始操作号码 【1898874】
2024-01-14 16:32:46 GSD getOne 第 1 次 等待 3 秒
2024-01-14 16:32:49 查询号码 【1898874】，返回信息 {"status":"ok","msg":"广东-东莞","gid":"439904","time_insert":"2021-07-30 03:05"}
2024-01-14 16:32:49 查询号码 【1898874】，GSD为【"广东-东莞"】

2024-01-14 16:32:50 开始第 8966 次操作

2024-01-14 16:32:50 开始操作号码 【1898875】
2024-01-14 16:32:53 GSD getOne 第 1 次 等待 3 秒
2024-01-14 16:32:56 查询号码 【1898875】，返回信息 {"status":"ok","msg":"广东-深圳","gid":"439894","time_insert":"2021-07-30 03:05"}
2024-01-14 16:32:56 查询号码 【1898875】，GSD为【"广东-深圳"】

2024-01-14 16:32:57 开始第 8967 次操作

2024-01-14 16:32:57 开始操作号码 【1898876】
2024-01-14 16:33:00 GSD getOne 第 1 次 等待 3 秒
2024-01-14 16:33:03 查询号码 【1898876】，返回信息 {"status":"ok","msg":"广东-深圳","gid":"45853","time_insert":"2016-01-18 20:18","time_update":"2020-10-02 20:02"}
2024-01-14 16:33:03 查询号码 【1898876】，GSD为【"广东-深圳"】

2024-01-14 16:33:04 开始第 8968 次操作

2024-01-14 16:33:04 开始操作号码 【1898877】
2024-01-14 16:33:07 GSD getOne 第 1 次 等待 3 秒
2024-01-14 16:33:10 查询号码 【1898877】，返回信息 {"status":"ok","msg":"广东-深圳","gid":"439880","time_insert":"2021-07-30 03:04"}
2024-01-14 16:33:10 查询号码 【1898877】，GSD为【"广东-深圳"】

2024-01-14 17:07:19 开始第 8969 次操作

2024-01-14 17:07:19 开始操作号码 【1898878】
2024-01-14 17:07:22 GSD getOne 第 1 次 等待 3 秒
2024-01-14 17:07:25 查询号码 【1898878】，返回信息 {"status":"ok","msg":"广东-深圳","gid":"439873","time_insert":"2021-07-30 03:03"}
2024-01-14 17:07:26 查询号码 【1898878】，GSD为【"广东-深圳"】

2024-01-14 17:07:27 开始第 8970 次操作

2024-01-14 17:07:27 开始操作号码 【1898879】
2024-01-14 17:07:30 GSD getOne 第 1 次 等待 3 秒
2024-01-14 17:07:33 查询号码 【1898879】，返回信息 {"status":"ok","msg":"广东-深圳","gid":"439862","time_insert":"2021-07-30 03:03"}
2024-01-14 17:07:33 查询号码 【1898879】，GSD为【"广东-深圳"】

2024-01-14 17:07:34 开始第 8971 次操作

2024-01-14 17:07:34 开始操作号码 【1898880】
2024-01-14 17:07:37 GSD getOne 第 1 次 等待 3 秒
2024-01-14 17:07:40 查询号码 【1898880】，返回信息 {"status":"ok","msg":"广东-广州","gid":"439850","time_insert":"2021-07-30 03:02"}
2024-01-14 17:07:40 查询号码 【1898880】，GSD为【"广东-广州"】

2024-01-14 17:07:41 开始第 8972 次操作

2024-01-14 17:07:41 开始操作号码 【1898881】
2024-01-14 17:07:45 GSD getOne 第 1 次 等待 3 秒
2024-01-14 17:07:48 查询号码 【1898881】，返回信息 {"status":"ok","msg":"广东-广州","gid":"439841","time_insert":"2021-07-30 03:01"}
2024-01-14 17:07:48 查询号码 【1898881】，GSD为【"广东-广州"】

2024-01-14 17:32:34 开始第 8973 次操作

2024-01-14 17:32:34 开始操作号码 【1898882】
2024-01-14 17:32:39 GSD getOne 第 1 次 等待 3 秒
2024-01-14 17:32:42 查询号码 【1898882】，返回信息 {"status":"ok","msg":"广东-广州","gid":"439831","time_insert":"2021-07-30 03:01"}
2024-01-14 17:32:42 查询号码 【1898882】，GSD为【"广东-广州"】

2024-01-14 17:32:43 开始第 8974 次操作

2024-01-14 17:32:43 开始操作号码 【1898883】
2024-01-14 17:32:48 GSD getOne 第 1 次 等待 3 秒
2024-01-14 17:32:51 查询号码 【1898883】，返回信息 {"status":"ok","msg":"广东-广州","gid":"439822","time_insert":"2021-07-30 03:00"}
2024-01-14 17:32:51 查询号码 【1898883】，GSD为【"广东-广州"】

2024-01-14 17:32:52 开始第 8975 次操作

2024-01-14 17:32:52 开始操作号码 【1898884】
2024-01-14 17:32:56 GSD getOne 第 1 次 等待 3 秒
2024-01-14 17:32:59 查询号码 【1898884】，返回信息 {"status":"ok","msg":"广东-广州","gid":"45854","time_insert":"2020-06-09 22:34","time_update":"2020-10-02 20:07"}
2024-01-14 17:32:59 查询号码 【1898884】，GSD为【"广东-广州"】

2024-01-14 17:33:00 开始第 8976 次操作

2024-01-14 17:33:00 开始操作号码 【1898885】
2024-01-14 17:33:07 GSD getOne 第 1 次 等待 3 秒
2024-01-14 17:33:10 查询号码 【1898885】，返回信息 {"status":"ok","msg":"广东-广州","gid":"439810","time_insert":"2021-07-30 03:00"}
2024-01-14 17:33:10 查询号码 【1898885】，GSD为【"广东-广州"】

2024-01-14 18:07:48 开始第 8977 次操作

2024-01-14 18:07:48 开始操作号码 【1898886】
2024-01-14 18:07:52 GSD getOne 第 1 次 等待 3 秒
2024-01-14 18:07:55 查询号码 【1898886】，返回信息 {"status":"ok","msg":"广东-广州","gid":"439801","time_insert":"2021-07-30 02:59"}
2024-01-14 18:07:55 查询号码 【1898886】，GSD为【"广东-广州"】

2024-01-14 18:07:56 开始第 8978 次操作

2024-01-14 18:07:56 开始操作号码 【1898887】
2024-01-14 18:08:00 GSD getOne 第 1 次 等待 3 秒
2024-01-14 18:08:03 查询号码 【1898887】，返回信息 {"status":"ok","msg":"广东-广州","gid":"439794","time_insert":"2021-07-30 02:59"}
2024-01-14 18:08:03 查询号码 【1898887】，GSD为【"广东-广州"】

2024-01-14 18:08:04 开始第 8979 次操作

2024-01-14 18:08:04 开始操作号码 【1898888】
2024-01-14 18:08:08 GSD getOne 第 1 次 等待 3 秒
2024-01-14 18:08:11 查询号码 【1898888】，返回信息 {"status":"ok","msg":"广东-广州","gid":"439787","time_insert":"2021-07-30 02:58"}
2024-01-14 18:08:11 查询号码 【1898888】，GSD为【"广东-广州"】

2024-01-14 18:08:12 开始第 8980 次操作

2024-01-14 18:08:12 开始操作号码 【1898889】
2024-01-14 18:08:15 GSD getOne 第 1 次 等待 3 秒
2024-01-14 18:08:18 查询号码 【1898889】，返回信息 {"status":"ok","msg":"广东-广州","gid":"439781","time_insert":"2021-07-30 02:57"}
2024-01-14 18:08:18 查询号码 【1898889】，GSD为【"广东-广州"】

2024-01-14 18:33:10 开始第 8981 次操作

2024-01-14 18:33:10 开始操作号码 【1898890】
2024-01-14 18:33:15 GSD getOne 第 1 次 等待 3 秒
2024-01-14 18:33:18 查询号码 【1898890】，返回信息 {"status":"ok","msg":"广东-广州","gid":"439774","time_insert":"2021-07-30 02:57"}
2024-01-14 18:33:18 查询号码 【1898890】，GSD为【"广东-广州"】

2024-01-14 18:33:19 开始第 8982 次操作

2024-01-14 18:33:19 开始操作号码 【1898891】
2024-01-14 18:33:23 GSD getOne 第 1 次 等待 3 秒
2024-01-14 18:33:26 查询号码 【1898891】，返回信息 {"status":"ok","msg":"广东-广州","gid":"439665","time_insert":"2021-07-30 02:27"}
2024-01-14 18:33:26 查询号码 【1898891】，GSD为【"广东-广州"】

2024-01-14 18:33:27 开始第 8983 次操作

2024-01-14 18:33:27 开始操作号码 【1898892】
2024-01-14 18:33:31 GSD getOne 第 1 次 等待 3 秒
2024-01-14 18:33:34 查询号码 【1898892】，返回信息 {"status":"ok","msg":"广东-广州","gid":"439661","time_insert":"2021-07-30 02:27"}
2024-01-14 18:33:34 查询号码 【1898892】，GSD为【"广东-广州"】

2024-01-14 18:33:35 开始第 8984 次操作

2024-01-14 18:33:35 开始操作号码 【1898893】
2024-01-14 18:33:44 GSD getOne 第 1 次 等待 3 秒
2024-01-14 18:33:47 查询号码 【1898893】，返回信息 {"status":"ok","msg":"广东-广州","gid":"45855","time_insert":"2015-09-21 17:35","time_update":"2020-10-02 20:11"}
2024-01-14 18:33:47 查询号码 【1898893】，GSD为【"广东-广州"】

2024-01-14 19:06:30 开始第 8985 次操作

2024-01-14 19:06:30 开始操作号码 【1898894】
2024-01-14 19:06:35 GSD getOne 第 1 次 等待 3 秒
2024-01-14 19:06:38 查询号码 【1898894】，返回信息 {"status":"ok","msg":"广东-广州","gid":"439656","time_insert":"2021-07-30 02:26"}
2024-01-14 19:06:38 查询号码 【1898894】，GSD为【"广东-广州"】

2024-01-14 19:06:39 开始第 8986 次操作

2024-01-14 19:06:39 开始操作号码 【1898895】
2024-01-14 19:06:44 GSD getOne 第 1 次 等待 3 秒
2024-01-14 19:06:47 查询号码 【1898895】，返回信息 {"status":"ok","msg":"广东-广州","gid":"439653","time_insert":"2021-07-30 02:25"}
2024-01-14 19:06:47 查询号码 【1898895】，GSD为【"广东-广州"】

2024-01-14 19:06:48 开始第 8987 次操作

2024-01-14 19:06:48 开始操作号码 【1898896】
2024-01-14 19:06:51 GSD getOne 第 1 次 等待 3 秒
2024-01-14 19:06:54 查询号码 【1898896】，返回信息 {"status":"ok","msg":"广东-广州","gid":"439650","time_insert":"2021-07-30 02:25"}
2024-01-14 19:06:54 查询号码 【1898896】，GSD为【"广东-广州"】

2024-01-14 19:06:55 开始第 8988 次操作

2024-01-14 19:06:55 开始操作号码 【1898897】
2024-01-14 19:07:00 GSD getOne 第 1 次 等待 3 秒
2024-01-14 19:07:03 查询号码 【1898897】，返回信息 {"status":"ok","msg":"广东-广州","gid":"439645","time_insert":"2021-07-30 02:24"}
2024-01-14 19:07:03 查询号码 【1898897】，GSD为【"广东-广州"】

2024-01-14 19:32:30 开始第 8989 次操作

2024-01-14 19:32:30 开始操作号码 【1898898】
2024-01-14 19:32:36 GSD getOne 第 1 次 等待 3 秒
2024-01-14 19:32:39 查询号码 【1898898】，返回信息 {"status":"ok","msg":"广东-广州","gid":"439642","time_insert":"2021-07-30 02:24"}
2024-01-14 19:32:39 查询号码 【1898898】，GSD为【"广东-广州"】

2024-01-14 19:32:40 开始第 8990 次操作

2024-01-14 19:32:40 开始操作号码 【1898899】
2024-01-14 19:32:47 GSD getOne 第 1 次 等待 3 秒
2024-01-14 19:32:50 查询号码 【1898899】，返回信息 {"status":"ok","msg":"广东-广州","gid":"439640","time_insert":"2021-07-30 02:23"}
2024-01-14 19:32:50 查询号码 【1898899】，GSD为【"广东-广州"】

2024-01-14 19:32:51 开始第 8991 次操作

2024-01-14 19:32:51 开始操作号码 【1898900】
2024-01-14 19:32:55 GSD getOne 第 1 次 等待 3 秒
2024-01-14 19:32:58 查询号码 【1898900】，返回信息 {"status":"ok","msg":"西藏-拉萨","gid":"45856","time_insert":"2016-04-19 10:48","time_update":"2020-12-19 23:01"}
2024-01-14 19:32:58 查询号码 【1898900】，GSD为【"西藏-拉萨"】

2024-01-14 19:32:59 开始第 8992 次操作

2024-01-14 19:32:59 开始操作号码 【1898901】
2024-01-14 19:33:03 GSD getOne 第 1 次 等待 3 秒
2024-01-14 19:33:06 查询号码 【1898901】，返回信息 {"status":"ok","msg":"西藏-拉萨","gid":"50877","time_insert":"2021-04-21 17:10"}
2024-01-14 19:33:06 查询号码 【1898901】，GSD为【"西藏-拉萨"】

2024-01-14 20:13:43 开始第 8993 次操作

2024-01-14 20:13:43 开始操作号码 【1898902】
2024-01-14 20:13:47 GSD getOne 第 1 次 等待 3 秒
2024-01-14 20:13:50 查询号码 【1898902】，返回信息 {"status":"ok","msg":"西藏-日喀则","gid":"45857","time_insert":"2019-02-27 08:32","time_update":"2020-12-19 22:45"}
2024-01-14 20:13:50 查询号码 【1898902】，GSD为【"西藏-日喀则"】

2024-01-14 20:13:51 开始第 8994 次操作

2024-01-14 20:13:51 开始操作号码 【1898903】
2024-01-14 20:13:55 GSD getOne 第 1 次 等待 3 秒
2024-01-14 20:13:58 查询号码 【1898903】，返回信息 {"status":"ok","msg":"西藏-山南","gid":"45858","time_insert":"2018-04-03 22:32","time_update":"2020-12-19 22:20"}
2024-01-14 20:13:58 查询号码 【1898903】，GSD为【"西藏-山南"】

2024-01-14 20:13:59 开始第 8995 次操作

2024-01-14 20:13:59 开始操作号码 【1898904】
2024-01-14 20:14:03 GSD getOne 第 1 次 等待 3 秒
2024-01-14 20:14:06 查询号码 【1898904】，返回信息 {"status":"ok","msg":"西藏-林芝","gid":"45859","time_insert":"2019-07-01 13:52","time_update":"2020-12-19 22:32"}
2024-01-14 20:14:06 查询号码 【1898904】，GSD为【"西藏-林芝"】

2024-01-14 20:14:07 开始第 8996 次操作

2024-01-14 20:14:07 开始操作号码 【1898905】
2024-01-14 20:14:11 GSD getOne 第 1 次 等待 3 秒
2024-01-14 20:14:14 查询号码 【1898905】，返回信息 {"status":"ok","msg":"西藏-昌都","gid":"45860","time_insert":"2019-02-12 11:31","time_update":"2020-12-19 23:15"}
2024-01-14 20:14:14 查询号码 【1898905】，GSD为【"西藏-昌都"】

2024-01-14 20:45:02 开始第 8997 次操作

2024-01-14 20:45:02 开始操作号码 【1898906】
2024-01-14 20:45:05 GSD getOne 第 1 次 等待 3 秒
2024-01-14 20:45:08 查询号码 【1898906】，返回信息 {"status":"ok","msg":"西藏-那曲","gid":"45861","time_insert":"2017-04-20 15:10","time_update":"2020-12-19 23:42"}
2024-01-14 20:45:08 查询号码 【1898906】，GSD为【"西藏-那曲"】

2024-01-14 20:45:10 开始第 8998 次操作

2024-01-14 20:45:10 开始操作号码 【1898907】
2024-01-14 20:45:16 GSD getOne 第 1 次 等待 3 秒
2024-01-14 20:45:19 查询号码 【1898907】，返回信息 {"status":"ok","msg":"西藏-阿里","gid":"439632","time_insert":"2021-07-30 02:22"}
2024-01-14 20:45:19 查询号码 【1898907】，GSD为【"西藏-阿里"】

2024-01-14 20:45:20 开始第 8999 次操作

2024-01-14 20:45:20 开始操作号码 【1898908】
2024-01-14 20:45:24 GSD getOne 第 1 次 等待 3 秒
2024-01-14 20:45:27 查询号码 【1898908】，返回信息 {"status":"ok","msg":"西藏-拉萨","gid":"45862","time_insert":"2013-12-17 11:03","time_update":"2020-12-20 05:20"}
2024-01-14 20:45:27 查询号码 【1898908】，GSD为【"西藏-拉萨"】

2024-01-14 20:45:28 开始第 9000 次操作

2024-01-14 20:45:28 开始操作号码 【1898909】
2024-01-14 20:45:32 GSD getOne 第 1 次 等待 3 秒
2024-01-14 20:45:35 查询号码 【1898909】，返回信息 {"status":"ok","msg":"西藏-拉萨","gid":"45863","time_insert":"2017-04-29 15:21","time_update":"2020-12-20 09:21"}
2024-01-14 20:45:35 查询号码 【1898909】，GSD为【"西藏-拉萨"】

2024-01-14 21:08:33 开始第 9001 次操作

2024-01-14 21:08:33 开始操作号码 【1898910】
2024-01-14 21:08:38 GSD getOne 第 1 次 等待 3 秒
2024-01-14 21:08:41 查询号码 【1898910】，返回信息 {"status":"ok","msg":"四川-内江","gid":"45864","time_insert":"2016-12-26 17:13","time_update":"2020-11-15 02:09"}
2024-01-14 21:08:42 查询号码 【1898910】，GSD为【"四川-内江"】

2024-01-14 21:08:43 开始第 9002 次操作

2024-01-14 21:08:43 开始操作号码 【1898911】
2024-01-14 21:08:46 GSD getOne 第 1 次 等待 3 秒
2024-01-14 21:08:50 查询号码 【1898911】，返回信息 {"status":"ok","msg":"四川-内江","gid":"45865","time_insert":"2016-05-20 17:31","time_update":"2020-11-15 02:14"}
2024-01-14 21:08:50 查询号码 【1898911】，GSD为【"四川-内江"】

2024-01-14 21:08:51 开始第 9003 次操作

2024-01-14 21:08:51 开始操作号码 【1898912】
2024-01-14 21:08:56 GSD getOne 第 1 次 等待 3 秒
2024-01-14 21:08:59 查询号码 【1898912】，返回信息 {"status":"ok","msg":"四川-泸州","gid":"45866","time_insert":"2018-10-30 22:30","time_update":"2020-11-15 02:18"}
2024-01-14 21:08:59 查询号码 【1898912】，GSD为【"四川-泸州"】

2024-01-14 21:09:00 开始第 9004 次操作

2024-01-14 21:09:00 开始操作号码 【1898913】
2024-01-14 21:09:04 GSD getOne 第 1 次 等待 3 秒
2024-01-14 21:09:07 查询号码 【1898913】，返回信息 {"status":"ok","msg":"四川-泸州","gid":"45867","time_insert":"2018-06-05 13:50","time_update":"2020-11-15 02:21"}
2024-01-14 21:09:07 查询号码 【1898913】，GSD为【"四川-泸州"】

2024-01-14 21:32:22 开始第 9005 次操作

2024-01-14 21:32:22 开始操作号码 【1898914】
2024-01-14 21:32:26 GSD getOne 第 1 次 等待 3 秒
2024-01-14 21:32:29 查询号码 【1898914】，返回信息 {"status":"ok","msg":"四川-巴中","gid":"45868","time_insert":"2018-06-13 11:02","time_update":"2020-11-15 02:26"}
2024-01-14 21:32:29 查询号码 【1898914】，GSD为【"四川-巴中"】

2024-01-14 21:32:30 开始第 9006 次操作

2024-01-14 21:32:30 开始操作号码 【1898915】
2024-01-14 21:32:35 GSD getOne 第 1 次 等待 3 秒
2024-01-14 21:32:38 查询号码 【1898915】，返回信息 {"status":"ok","msg":"四川-巴中","gid":"45869","time_insert":"2015-05-01 09:32","time_update":"2020-11-15 02:30"}
2024-01-14 21:32:38 查询号码 【1898915】，GSD为【"四川-巴中"】

2024-01-14 21:32:39 开始第 9007 次操作

2024-01-14 21:32:39 开始操作号码 【1898916】
2024-01-14 21:32:43 GSD getOne 第 1 次 等待 3 秒
2024-01-14 21:32:46 查询号码 【1898916】，返回信息 {"status":"ok","msg":"四川-达州","gid":"45870","time_insert":"2016-09-18 17:10","time_update":"2020-11-15 02:33"}
2024-01-14 21:32:46 查询号码 【1898916】，GSD为【"四川-达州"】

2024-01-14 21:32:47 开始第 9008 次操作

2024-01-14 21:32:47 开始操作号码 【1898917】
2024-01-14 21:32:51 GSD getOne 第 1 次 等待 3 秒
2024-01-14 21:32:54 查询号码 【1898917】，返回信息 {"status":"ok","msg":"四川-达州","gid":"45871","time_insert":"2018-08-07 15:28","time_update":"2020-11-15 02:38"}
2024-01-14 21:32:54 查询号码 【1898917】，GSD为【"四川-达州"】

2024-01-14 22:06:41 开始第 9009 次操作

2024-01-14 22:06:41 开始操作号码 【1898918】
2024-01-14 22:06:45 GSD getOne 第 1 次 等待 3 秒
2024-01-14 22:06:48 查询号码 【1898918】，返回信息 {"status":"ok","msg":"四川-南充","gid":"45872","time_insert":"2016-08-13 18:26","time_update":"2020-11-15 02:41"}
2024-01-14 22:06:48 查询号码 【1898918】，GSD为【"四川-南充"】

2024-01-14 22:06:49 开始第 9010 次操作

2024-01-14 22:06:49 开始操作号码 【1898919】
2024-01-14 22:06:52 GSD getOne 第 1 次 等待 3 秒
2024-01-14 22:06:55 查询号码 【1898919】，返回信息 {"status":"ok","msg":"四川-南充","gid":"45873","time_insert":"2017-02-27 01:04","time_update":"2020-11-15 02:46"}
2024-01-14 22:06:55 查询号码 【1898919】，GSD为【"四川-南充"】

2024-01-14 22:06:56 开始第 9011 次操作

2024-01-14 22:06:56 开始操作号码 【1898920】
2024-01-14 22:07:01 GSD getOne 第 1 次 等待 3 秒
2024-01-14 22:07:04 查询号码 【1898920】，返回信息 {"status":"ok","msg":"四川-宜宾","gid":"45874","time_insert":"2014-12-28 15:23","time_update":"2020-11-15 02:50"}
2024-01-14 22:07:04 查询号码 【1898920】，GSD为【"四川-宜宾"】

2024-01-14 22:07:05 开始第 9012 次操作

2024-01-14 22:07:05 开始操作号码 【1898921】
2024-01-14 22:07:09 GSD getOne 第 1 次 等待 3 秒
2024-01-14 22:07:12 查询号码 【1898921】，返回信息 {"status":"ok","msg":"四川-宜宾","gid":"45875","time_insert":"2018-07-01 11:01","time_update":"2020-11-15 02:54"}
2024-01-14 22:07:12 查询号码 【1898921】，GSD为【"四川-宜宾"】

