2024-12-13 00:29:01 开始第 9309 次操作

2024-12-13 00:29:01 开始操作号码 【1349308】
2024-12-13 00:29:02 GSD getOne 第 1 次 等待 3 秒
2024-12-13 00:29:05 查询号码 【1349308】，返回信息 {"status":"ok","msg":"北京-北京","gid":"309402","time_insert":"2021-07-18 01:51"}
2024-12-13 00:29:05 查询号码 【1349308】，GSD为【"北京-北京"】

2024-12-13 00:29:06 开始第 9310 次操作

2024-12-13 00:29:06 开始操作号码 【1349309】
2024-12-13 00:29:07 GSD getOne 第 1 次 等待 3 秒
2024-12-13 00:29:10 查询号码 【1349309】，返回信息 {"status":"ok","msg":"北京-北京","gid":"309391","time_insert":"2021-07-18 01:50"}
2024-12-13 00:29:10 查询号码 【1349309】，GSD为【"北京-北京"】

2024-12-13 00:29:11 开始第 9311 次操作

2024-12-13 00:29:11 开始操作号码 【1349310】
2024-12-13 00:29:12 GSD getOne 第 1 次 等待 3 秒
2024-12-13 00:29:15 查询号码 【1349310】，返回信息 {"status":"ok","msg":"北京-北京","gid":"309381","time_insert":"2021-07-18 01:49"}
2024-12-13 00:29:15 查询号码 【1349310】，GSD为【"北京-北京"】

2024-12-13 00:29:16 开始第 9312 次操作

2024-12-13 00:29:16 开始操作号码 【1349311】
2024-12-13 00:29:18 GSD getOne 第 1 次 等待 3 秒
2024-12-13 00:29:21 查询号码 【1349311】，返回信息 {"status":"ok","msg":"北京-北京","gid":"309366","time_insert":"2021-07-18 01:48"}
2024-12-13 00:29:21 查询号码 【1349311】，GSD为【"北京-北京"】

2024-12-13 00:51:01 开始第 9313 次操作

2024-12-13 00:51:01 开始操作号码 【1349312】
2024-12-13 00:51:02 GSD getOne 第 1 次 等待 3 秒
2024-12-13 00:51:05 查询号码 【1349312】，返回信息 {"status":"ok","msg":"北京-北京","gid":"309357","time_insert":"2021-07-18 01:47"}
2024-12-13 00:51:05 查询号码 【1349312】，GSD为【"北京-北京"】

2024-12-13 00:51:06 开始第 9314 次操作

2024-12-13 00:51:06 开始操作号码 【1349313】
2024-12-13 00:51:07 GSD getOne 第 1 次 等待 3 秒
2024-12-13 00:51:10 查询号码 【1349313】，返回信息 {"status":"ok","msg":"北京-北京","gid":"309344","time_insert":"2021-07-18 01:46"}
2024-12-13 00:51:10 查询号码 【1349313】，GSD为【"北京-北京"】

2024-12-13 00:51:11 开始第 9315 次操作

2024-12-13 00:51:11 开始操作号码 【1349314】
2024-12-13 00:51:12 GSD getOne 第 1 次 等待 3 秒
2024-12-13 00:51:15 查询号码 【1349314】，返回信息 {"status":"ok","msg":"北京-北京","gid":"309328","time_insert":"2021-07-18 01:46"}
2024-12-13 00:51:15 查询号码 【1349314】，GSD为【"北京-北京"】

2024-12-13 00:51:16 开始第 9316 次操作

2024-12-13 00:51:16 开始操作号码 【1349315】
2024-12-13 00:51:17 GSD getOne 第 1 次 等待 3 秒
2024-12-13 00:51:20 查询号码 【1349315】，返回信息 {"status":"ok","msg":"北京-北京","gid":"309315","time_insert":"2021-07-18 01:45"}
2024-12-13 00:51:20 查询号码 【1349315】，GSD为【"北京-北京"】

