2024-05-02 00:10:19 开始第 6805 次操作

2024-05-02 00:10:19 开始操作号码 【1676715】
2024-05-02 00:10:27 GSD getOne 第 1 次 等待 3 秒
2024-05-02 00:10:30 查询号码 【1676715】，返回信息 {"status":"ok","msg":"-","gid":"298651","time_insert":"2021-07-17 01:27"}
2024-05-02 00:10:30 查询号码 【1676715】，GSD为【"-"】
2024-05-02 00:10:30 ok && -
2024-05-02 00:10:33 CHB 1676715?1714579830 第 1 次 等待 3 秒
2024-05-02 00:10:36 CHB 1676715?1714579830 第 1 次 获取到号码【1676715】GSD
2024-05-02 00:10:36 未获取到号码【1676715】GSD，可能号码格式错误
2024-05-02 00:10:36 获取到号码【1676715】的GSD为【-】
2024-05-02 00:10:42 GSD insert 第 1 次 等待 3 秒
2024-05-02 00:10:45 {"status":"bad","gid":"298651","msg":"添加失败！号码【1676715(-|-)】已存在！"}
2024-05-02 00:10:45 随机等待 203 秒，约 3 分钟
2024-05-02 00:10:45 下次操作: 2024-05-02 00:14:08

2024-05-02 00:14:08 开始第 6806 次操作

2024-05-02 00:14:08 开始操作号码 【1676716】
2024-05-02 00:14:13 GSD getOne 第 1 次 等待 3 秒
2024-05-02 00:14:16 查询号码 【1676716】，返回信息 {"status":"ok","msg":"-","gid":"298666","time_insert":"2021-07-17 01:28"}
2024-05-02 00:14:16 查询号码 【1676716】，GSD为【"-"】
2024-05-02 00:14:16 ok && -
2024-05-02 00:14:19 CHB 1676716?1714580056 第 1 次 等待 3 秒
2024-05-02 00:14:22 CHB 1676716?1714580056 第 1 次 获取到号码【1676716】GSD
2024-05-02 00:14:22 未获取到号码【1676716】GSD，可能号码格式错误
2024-05-02 00:14:22 获取到号码【1676716】的GSD为【-】
2024-05-02 00:14:29 GSD insert 第 1 次 等待 3 秒
2024-05-02 00:14:32 {"status":"bad","gid":"298666","msg":"添加失败！号码【1676716(-|-)】已存在！"}
2024-05-02 00:14:32 随机等待 125 秒，约 2 分钟
2024-05-02 00:14:32 下次操作: 2024-05-02 00:16:37

2024-05-02 00:16:37 开始第 6807 次操作

2024-05-02 00:16:37 开始操作号码 【1676717】
2024-05-02 00:16:48 GSD getOne 第 1 次 等待 3 秒
2024-05-02 00:16:51 查询号码 【1676717】，返回信息 {"status":"ok","msg":"-","gid":"298676","time_insert":"2021-07-17 01:29"}
2024-05-02 00:16:51 查询号码 【1676717】，GSD为【"-"】
2024-05-02 00:16:51 ok && -
2024-05-02 00:16:53 CHB 1676717?1714580211 第 1 次 等待 3 秒
2024-05-02 00:16:56 CHB 1676717?1714580211 第 1 次 获取到号码【1676717】GSD
2024-05-02 00:16:56 未获取到号码【1676717】GSD，可能号码格式错误
2024-05-02 00:16:56 获取到号码【1676717】的GSD为【-】
2024-05-02 00:17:01 GSD insert 第 1 次 等待 3 秒
2024-05-02 00:17:04 {"status":"bad","gid":"298676","msg":"添加失败！号码【1676717(-|-)】已存在！"}
2024-05-02 00:17:04 随机等待 155 秒，约 2 分钟
2024-05-02 00:17:04 下次操作: 2024-05-02 00:19:39

2024-05-02 00:19:39 开始第 6808 次操作

2024-05-02 00:19:39 开始操作号码 【1676718】
2024-05-02 00:19:45 GSD getOne 第 1 次 等待 3 秒
2024-05-02 00:19:48 查询号码 【1676718】，返回信息 {"status":"ok","msg":"-","gid":"298689","time_insert":"2021-07-17 01:30"}
2024-05-02 00:19:48 查询号码 【1676718】，GSD为【"-"】
2024-05-02 00:19:48 ok && -
2024-05-02 00:19:50 CHB 1676718?1714580388 第 1 次 等待 3 秒
2024-05-02 00:19:53 CHB 1676718?1714580388 第 1 次 获取到号码【1676718】GSD
2024-05-02 00:19:53 未获取到号码【1676718】GSD，可能号码格式错误
2024-05-02 00:19:53 获取到号码【1676718】的GSD为【-】
2024-05-02 00:19:58 GSD insert 第 1 次 等待 3 秒
2024-05-02 00:20:01 {"status":"bad","gid":"298689","msg":"添加失败！号码【1676718(-|-)】已存在！"}

