2024-06-08 00:10:19 开始第 94 次操作
2024-06-08 00:10:19 号码【167（0000 ---> 9999）】处理完毕
2024-06-08 00:39:19 开始第 94 次操作
2024-06-08 00:39:19 号码【167（0000 ---> 9999）】处理完毕
2024-06-08 01:08:07 开始第 94 次操作
2024-06-08 01:08:07 号码【167（0000 ---> 9999）】处理完毕
2024-06-08 01:32:24 开始第 94 次操作
2024-06-08 01:32:24 号码【167（0000 ---> 9999）】处理完毕
2024-06-08 02:12:39 开始第 94 次操作
2024-06-08 02:12:39 号码【167（0000 ---> 9999）】处理完毕
2024-06-08 02:37:13 开始第 94 次操作
2024-06-08 02:37:13 号码【167（0000 ---> 9999）】处理完毕
2024-06-08 03:07:45 开始第 94 次操作
2024-06-08 03:07:45 号码【167（0000 ---> 9999）】处理完毕
2024-06-08 03:32:30 开始第 94 次操作
2024-06-08 03:32:30 号码【167（0000 ---> 9999）】处理完毕
2024-06-08 04:09:01 开始第 94 次操作
2024-06-08 04:09:01 号码【167（0000 ---> 9999）】处理完毕
2024-06-08 04:32:36 开始第 94 次操作
2024-06-08 04:32:36 号码【167（0000 ---> 9999）】处理完毕
2024-06-08 05:10:15 开始第 94 次操作
2024-06-08 05:10:16 号码【167（0000 ---> 9999）】处理完毕
2024-06-08 05:32:30 开始第 94 次操作
2024-06-08 05:32:30 号码【167（0000 ---> 9999）】处理完毕
2024-06-08 06:09:05 开始第 94 次操作
2024-06-08 06:09:05 号码【167（0000 ---> 9999）】处理完毕
2024-06-08 06:33:40 开始第 94 次操作
2024-06-08 06:33:40 号码【167（0000 ---> 9999）】处理完毕
2024-06-08 07:10:02 开始第 94 次操作
2024-06-08 07:10:02 号码【167（0000 ---> 9999）】处理完毕
2024-06-08 07:32:39 开始第 94 次操作
2024-06-08 07:32:39 号码【167（0000 ---> 9999）】处理完毕
2024-06-08 08:40:33 开始第 94 次操作
2024-06-08 08:40:33 号码【167（0000 ---> 9999）】处理完毕
2024-06-08 09:53:22 开始第 94 次操作
2024-06-08 09:53:22 号码【167（0000 ---> 9999）】处理完毕
2024-06-08 10:25:17 开始第 94 次操作
2024-06-08 10:25:17 号码【167（0000 ---> 9999）】处理完毕
2024-06-08 10:42:17 开始第 94 次操作
2024-06-08 10:42:17 号码【167（0000 ---> 9999）】处理完毕
2024-06-08 11:09:26 开始第 94 次操作
2024-06-08 11:09:26 号码【167（0000 ---> 9999）】处理完毕
2024-06-08 11:32:29 开始第 94 次操作
2024-06-08 11:32:29 号码【167（0000 ---> 9999）】处理完毕
2024-06-08 12:11:21 开始第 94 次操作
2024-06-08 12:11:21 号码【167（0000 ---> 9999）】处理完毕
2024-06-08 12:34:27 开始第 94 次操作
2024-06-08 12:34:27 号码【167（0000 ---> 9999）】处理完毕
2024-06-08 13:08:34 开始第 94 次操作
2024-06-08 13:08:34 号码【167（0000 ---> 9999）】处理完毕
2024-06-08 13:32:39 开始第 94 次操作
2024-06-08 13:32:39 号码【167（0000 ---> 9999）】处理完毕
2024-06-08 14:11:03 开始第 94 次操作
2024-06-08 14:11:03 号码【167（0000 ---> 9999）】处理完毕
2024-06-08 14:35:41 开始第 94 次操作
2024-06-08 14:35:41 号码【167（0000 ---> 9999）】处理完毕
2024-06-08 15:08:42 开始第 94 次操作
2024-06-08 15:08:42 号码【167（0000 ---> 9999）】处理完毕
2024-06-08 15:32:27 开始第 94 次操作
2024-06-08 15:32:27 号码【167（0000 ---> 9999）】处理完毕
2024-06-08 16:10:12 开始第 94 次操作
2024-06-08 16:10:12 号码【167（0000 ---> 9999）】处理完毕
2024-06-08 16:32:25 开始第 94 次操作
2024-06-08 16:32:25 号码【167（0000 ---> 9999）】处理完毕
2024-06-08 17:10:21 开始第 94 次操作
2024-06-08 17:10:21 号码【167（0000 ---> 9999）】处理完毕
2024-06-08 17:28:38 开始第 94 次操作

2024-06-08 17:28:38 开始操作号码 【1560001】
2024-06-08 17:28:44 GSD getOne 第 1 次 等待 3 秒
2024-06-08 17:28:47 查询号码 【1560001】，返回信息 {"status":"ok","msg":"北京-北京","gid":"80353","time_insert":"2021-06-04 23:33","time_update":"2021-06-05 00:18"}
2024-06-08 17:28:48 查询号码 【1560001】，GSD为【"北京-北京"】

2024-06-08 17:28:49 开始第 95 次操作

2024-06-08 17:28:49 开始操作号码 【1560002】
2024-06-08 17:28:54 GSD getOne 第 1 次 等待 3 秒
2024-06-08 17:28:57 查询号码 【1560002】，返回信息 {"status":"ok","msg":"北京-北京","gid":"80380","time_insert":"2021-06-04 23:59","time_update":"2021-06-05 02:32"}
2024-06-08 17:28:57 查询号码 【1560002】，GSD为【"北京-北京"】

2024-06-08 17:28:58 开始第 96 次操作

2024-06-08 17:28:58 开始操作号码 【1560003】
2024-06-08 17:29:03 GSD getOne 第 1 次 等待 3 秒
2024-06-08 17:29:06 查询号码 【1560003】，返回信息 {"status":"ok","msg":"北京-北京","gid":"80400","time_insert":"2021-06-05 00:16","time_update":"2021-06-05 04:16"}
2024-06-08 17:29:07 查询号码 【1560003】，GSD为【"北京-北京"】

2024-06-08 17:32:25 开始第 97 次操作

2024-06-08 17:32:25 开始操作号码 【1560004】
2024-06-08 17:32:50 GSD getOne 第 1 次 等待 3 秒
2024-06-08 17:32:53 查询号码 【1560004】，返回信息 {"status":"ok","msg":"北京-北京","gid":"80411","time_insert":"2021-06-05 00:32","time_update":"2021-06-05 10:02"}
2024-06-08 17:32:53 查询号码 【1560004】，GSD为【"北京-北京"】

2024-06-08 17:32:54 开始第 98 次操作

2024-06-08 17:32:54 开始操作号码 【1560005】
2024-06-08 17:33:01 GSD getOne 第 1 次 等待 3 秒
2024-06-08 17:33:04 查询号码 【1560005】，返回信息 {"status":"ok","msg":"北京-北京","gid":"80429","time_insert":"2021-06-05 00:48","time_update":"2021-06-05 10:17"}
2024-06-08 17:33:04 查询号码 【1560005】，GSD为【"北京-北京"】

2024-06-08 17:33:05 开始第 99 次操作

2024-06-08 17:33:05 开始操作号码 【1560006】
2024-06-08 17:33:13 GSD getOne 第 1 次 等待 3 秒
2024-06-08 17:33:16 查询号码 【1560006】，返回信息 {"status":"ok","msg":"北京-北京","gid":"80452","time_insert":"2021-06-05 01:06","time_update":"2021-06-05 10:31"}
2024-06-08 17:33:16 查询号码 【1560006】，GSD为【"北京-北京"】

2024-06-08 17:33:17 开始第 100 次操作

2024-06-08 17:33:17 开始操作号码 【1560007】
2024-06-08 17:33:22 GSD getOne 第 1 次 等待 3 秒
2024-06-08 17:33:25 查询号码 【1560007】，返回信息 {"status":"ok","msg":"北京-北京","gid":"80467","time_insert":"2021-06-05 01:22","time_update":"2021-06-05 10:49"}
2024-06-08 17:33:25 查询号码 【1560007】，GSD为【"北京-北京"】

2024-06-08 18:09:04 开始第 101 次操作

2024-06-08 18:09:05 开始操作号码 【1560008】
2024-06-08 18:09:09 GSD getOne 第 1 次 等待 3 秒
2024-06-08 18:09:12 查询号码 【1560008】，返回信息 {"status":"ok","msg":"北京-北京","gid":"80482","time_insert":"2021-06-05 01:40","time_update":"2021-06-05 11:16"}
2024-06-08 18:09:13 查询号码 【1560008】，GSD为【"北京-北京"】

2024-06-08 18:09:14 开始第 102 次操作

2024-06-08 18:09:14 开始操作号码 【1560009】
2024-06-08 18:09:20 GSD getOne 第 1 次 等待 3 秒
2024-06-08 18:09:23 查询号码 【1560009】，返回信息 {"status":"ok","msg":"北京-北京","gid":"80501","time_insert":"2021-06-05 01:59","time_update":"2021-06-05 11:35"}
2024-06-08 18:09:23 查询号码 【1560009】，GSD为【"北京-北京"】

2024-06-08 18:09:24 开始第 103 次操作

2024-06-08 18:09:24 开始操作号码 【1560010】
2024-06-08 18:09:31 GSD getOne 第 1 次 等待 3 秒
2024-06-08 18:09:34 查询号码 【1560010】，返回信息 {"status":"ok","msg":"北京-北京","gid":"80515","time_insert":"2021-06-05 02:15","time_update":"2021-06-05 12:03"}
2024-06-08 18:09:34 查询号码 【1560010】，GSD为【"北京-北京"】

2024-06-08 18:09:35 开始第 104 次操作

2024-06-08 18:09:35 开始操作号码 【1560011】
2024-06-08 18:09:40 GSD getOne 第 1 次 等待 3 秒
2024-06-08 18:09:43 查询号码 【1560011】，返回信息 {"status":"ok","msg":"北京-北京","gid":"80537","time_insert":"2021-06-05 02:35","time_update":"2021-06-05 12:17"}
2024-06-08 18:09:43 查询号码 【1560011】，GSD为【"北京-北京"】

