2024-11-09 00:31:24 开始第 3785 次操作

2024-11-09 00:31:24 开始操作号码 【1343784】
2024-11-09 00:31:25 GSD getOne 第 1 次 等待 3 秒
2024-11-09 00:31:28 查询号码 【1343784】，返回信息 {"status":"ok","msg":"广东-广州","gid":"125493","time_insert":"2021-06-25 04:43"}
2024-11-09 00:31:28 查询号码 【1343784】，GSD为【"广东-广州"】

2024-11-09 00:31:29 开始第 3786 次操作

2024-11-09 00:31:29 开始操作号码 【1343785】
2024-11-09 00:31:30 GSD getOne 第 1 次 等待 3 秒
2024-11-09 00:31:33 查询号码 【1343785】，返回信息 {"status":"ok","msg":"广东-湛江","gid":"125595","time_insert":"2021-06-25 04:59"}
2024-11-09 00:31:33 查询号码 【1343785】，GSD为【"广东-湛江"】

2024-11-09 00:31:34 开始第 3787 次操作

2024-11-09 00:31:34 开始操作号码 【1343786】
2024-11-09 00:31:35 GSD getOne 第 1 次 等待 3 秒
2024-11-09 00:31:38 查询号码 【1343786】，返回信息 {"status":"ok","msg":"广东-湛江","gid":"125648","time_insert":"2021-06-25 05:23"}
2024-11-09 00:31:38 查询号码 【1343786】，GSD为【"广东-湛江"】

2024-11-09 00:31:39 开始第 3788 次操作

2024-11-09 00:31:39 开始操作号码 【1343787】
2024-11-09 00:31:40 GSD getOne 第 1 次 等待 3 秒
2024-11-09 00:31:43 查询号码 【1343787】，返回信息 {"status":"ok","msg":"广东-湛江","gid":"125682","time_insert":"2021-06-25 05:46"}
2024-11-09 00:31:43 查询号码 【1343787】，GSD为【"广东-湛江"】

2024-11-09 00:44:46 开始第 3789 次操作

2024-11-09 00:44:46 开始操作号码 【1343788】
2024-11-09 00:44:47 GSD getOne 第 1 次 等待 3 秒
2024-11-09 00:44:50 查询号码 【1343788】，返回信息 {"status":"ok","msg":"广东-湛江","gid":"125765","time_insert":"2021-06-25 06:04"}
2024-11-09 00:44:50 查询号码 【1343788】，GSD为【"广东-湛江"】

2024-11-09 00:44:51 开始第 3790 次操作

2024-11-09 00:44:51 开始操作号码 【1343789】
2024-11-09 00:44:52 GSD getOne 第 1 次 等待 3 秒
2024-11-09 00:44:55 查询号码 【1343789】，返回信息 {"status":"ok","msg":"广东-湛江","gid":"125852","time_insert":"2021-06-25 06:22"}
2024-11-09 00:44:55 查询号码 【1343789】，GSD为【"广东-湛江"】

2024-11-09 00:44:57 开始第 3791 次操作

2024-11-09 00:44:57 开始操作号码 【1343790】
2024-11-09 00:44:58 GSD getOne 第 1 次 等待 3 秒
2024-11-09 00:45:01 查询号码 【1343790】，返回信息 {"status":"ok","msg":"江西-南昌","gid":"125903","time_insert":"2021-06-25 06:44"}
2024-11-09 00:45:01 查询号码 【1343790】，GSD为【"江西-南昌"】

2024-11-09 00:45:02 开始第 3792 次操作

2024-11-09 00:45:02 开始操作号码 【1343791】
2024-11-09 00:45:03 GSD getOne 第 1 次 等待 3 秒
2024-11-09 00:45:06 查询号码 【1343791】，返回信息 {"status":"ok","msg":"江西-南昌","gid":"126040","time_insert":"2021-06-25 07:09"}
2024-11-09 00:45:06 查询号码 【1343791】，GSD为【"江西-南昌"】

