2024-09-23 00:20:50 开始第 5965 次操作

2024-09-23 00:20:50 开始操作号码 【1455964】
2024-09-23 00:20:53 GSD getOne 第 1 次 等待 3 秒
2024-09-23 00:20:56 查询号码 【1455964】，返回信息 {"status":"ok","msg":"上海-上海","gid":"89414","time_insert":"2021-06-10 09:59"}
2024-09-23 00:20:56 查询号码 【1455964】，GSD为【"上海-上海"】

2024-09-23 00:20:57 开始第 5966 次操作

2024-09-23 00:20:57 开始操作号码 【1455965】
2024-09-23 00:20:59 GSD getOne 第 1 次 等待 3 秒
2024-09-23 00:21:02 查询号码 【1455965】，返回信息 {"status":"ok","msg":"上海-上海","gid":"89420","time_insert":"2021-06-10 10:03"}
2024-09-23 00:21:02 查询号码 【1455965】，GSD为【"上海-上海"】

2024-09-23 00:21:03 开始第 5967 次操作

2024-09-23 00:21:03 开始操作号码 【1455966】
2024-09-23 00:21:05 GSD getOne 第 1 次 等待 3 秒
2024-09-23 00:21:08 查询号码 【1455966】，返回信息 {"status":"ok","msg":"上海-上海","gid":"89428","time_insert":"2021-06-10 10:08"}
2024-09-23 00:21:08 查询号码 【1455966】，GSD为【"上海-上海"】

2024-09-23 00:21:09 开始第 5968 次操作

2024-09-23 00:21:09 开始操作号码 【1455967】
2024-09-23 00:21:11 GSD getOne 第 1 次 等待 3 秒
2024-09-23 00:21:14 查询号码 【1455967】，返回信息 {"status":"ok","msg":"上海-上海","gid":"89432","time_insert":"2021-06-10 10:12"}
2024-09-23 00:21:14 查询号码 【1455967】，GSD为【"上海-上海"】

2024-09-23 00:41:53 开始第 5969 次操作

2024-09-23 00:41:53 开始操作号码 【1455968】
2024-09-23 00:41:55 GSD getOne 第 1 次 等待 3 秒
2024-09-23 00:41:58 查询号码 【1455968】，返回信息 {"status":"ok","msg":"上海-上海","gid":"89434","time_insert":"2021-06-10 10:16"}
2024-09-23 00:41:58 查询号码 【1455968】，GSD为【"上海-上海"】

2024-09-23 00:41:59 开始第 5970 次操作

2024-09-23 00:41:59 开始操作号码 【1455969】
2024-09-23 00:42:02 GSD getOne 第 1 次 等待 3 秒
2024-09-23 00:42:05 查询号码 【1455969】，返回信息 {"status":"ok","msg":"上海-上海","gid":"89441","time_insert":"2021-06-10 10:22"}
2024-09-23 00:42:05 查询号码 【1455969】，GSD为【"上海-上海"】

2024-09-23 00:42:06 开始第 5971 次操作

2024-09-23 00:42:06 开始操作号码 【1455970】
2024-09-23 00:42:08 GSD getOne 第 1 次 等待 3 秒
2024-09-23 00:42:11 查询号码 【1455970】，返回信息 {"status":"ok","msg":"上海-上海","gid":"89451","time_insert":"2021-06-10 10:28"}
2024-09-23 00:42:11 查询号码 【1455970】，GSD为【"上海-上海"】

2024-09-23 00:42:12 开始第 5972 次操作

2024-09-23 00:42:12 开始操作号码 【1455971】
2024-09-23 00:42:14 GSD getOne 第 1 次 等待 3 秒
2024-09-23 00:42:17 查询号码 【1455971】，返回信息 {"status":"ok","msg":"上海-上海","gid":"89454","time_insert":"2021-06-10 10:33"}
2024-09-23 00:42:17 查询号码 【1455971】，GSD为【"上海-上海"】

2024-09-23 01:15:50 开始第 5973 次操作

2024-09-23 01:15:50 开始操作号码 【1455972】
2024-09-23 01:15:53 GSD getOne 第 1 次 等待 3 秒
2024-09-23 01:15:56 查询号码 【1455972】，返回信息 {"status":"ok","msg":"上海-上海","gid":"89459","time_insert":"2021-06-10 10:37"}
2024-09-23 01:15:56 查询号码 【1455972】，GSD为【"上海-上海"】

2024-09-23 01:15:57 开始第 5974 次操作

2024-09-23 01:15:57 开始操作号码 【1455973】
2024-09-23 01:15:59 GSD getOne 第 1 次 等待 3 秒
2024-09-23 01:16:02 查询号码 【1455973】，返回信息 {"status":"ok","msg":"上海-上海","gid":"89464","time_insert":"2021-06-10 10:42"}
2024-09-23 01:16:02 查询号码 【1455973】，GSD为【"上海-上海"】

2024-09-23 01:16:03 开始第 5975 次操作

2024-09-23 01:16:03 开始操作号码 【1455974】
2024-09-23 01:16:05 GSD getOne 第 1 次 等待 3 秒
2024-09-23 01:16:08 查询号码 【1455974】，返回信息 {"status":"ok","msg":"上海-上海","gid":"89471","time_insert":"2021-06-10 10:46"}
2024-09-23 01:16:08 查询号码 【1455974】，GSD为【"上海-上海"】

2024-09-23 01:16:09 开始第 5976 次操作

2024-09-23 01:16:09 开始操作号码 【1455975】
2024-09-23 01:16:14 GSD getOne 第 1 次 等待 3 秒
2024-09-23 01:16:17 查询号码 【1455975】，返回信息 {"status":"ok","msg":"上海-上海","gid":"89479","time_insert":"2021-06-10 10:52"}
2024-09-23 01:16:17 查询号码 【1455975】，GSD为【"上海-上海"】

