2023-10-19 00:09:48 开始第 3945 次操作

2023-10-19 00:09:48 开始操作号码 【1993854】
2023-10-19 00:09:54 GSD getOne 第 1 次 等待 3 秒
2023-10-19 00:09:57 查询号码 【1993854】，返回信息 {"status":"ok","msg":"四川-广元","gid":"512511","time_insert":"2021-08-16 05:12"}
2023-10-19 00:09:57 查询号码 【1993854】，GSD为【"四川-广元"】

2023-10-19 00:09:58 开始第 3946 次操作

2023-10-19 00:09:58 开始操作号码 【1993855】
2023-10-19 00:10:36 GSD getOne 第 1 次 等待 3 秒
2023-10-19 00:10:39 查询号码 【1993855】，返回信息 {"status":"ok","msg":"四川-达州","gid":"512512","time_insert":"2021-08-16 05:14"}
2023-10-19 00:10:39 查询号码 【1993855】，GSD为【"四川-达州"】

2023-10-19 00:10:40 开始第 3947 次操作

2023-10-19 00:10:40 开始操作号码 【1993856】
2023-10-19 00:10:50 GSD getOne 第 1 次 等待 3 秒
2023-10-19 00:10:53 查询号码 【1993856】，返回信息 {"status":"ok","msg":"四川-达州","gid":"46537","time_insert":"2018-10-31 20:25","time_update":"2020-11-15 22:01"}
2023-10-19 00:10:53 查询号码 【1993856】，GSD为【"四川-达州"】

2023-10-19 00:10:54 开始第 3948 次操作

2023-10-19 00:10:54 开始操作号码 【1993857】
2023-10-19 00:10:57 GSD getOne 第 1 次 等待 3 秒
2023-10-19 00:11:00 查询号码 【1993857】，返回信息 {"status":"ok","msg":"四川-达州","gid":"512523","time_insert":"2021-08-16 05:23"}
2023-10-19 00:11:00 查询号码 【1993857】，GSD为【"四川-达州"】

