2023-10-29 00:08:19 开始第 5785 次操作

2023-10-29 00:08:19 开始操作号码 【1995694】
2023-10-29 00:08:23 GSD getOne 第 1 次 等待 3 秒
2023-10-29 00:08:26 查询号码 【1995694】，返回信息 {"status":"ok","msg":"安徽-亳州","gid":"519150","time_insert":"2021-08-20 04:39"}
2023-10-29 00:08:26 查询号码 【1995694】，GSD为【"安徽-亳州"】

2023-10-29 00:08:27 开始第 5786 次操作

2023-10-29 00:08:27 开始操作号码 【1995695】
2023-10-29 00:08:39 GSD getOne 第 1 次 等待 3 秒
2023-10-29 00:08:42 查询号码 【1995695】，返回信息 {"status":"ok","msg":"安徽-亳州","gid":"519157","time_insert":"2021-08-20 04:53"}
2023-10-29 00:08:42 查询号码 【1995695】，GSD为【"安徽-亳州"】

2023-10-29 00:08:43 开始第 5787 次操作

2023-10-29 00:08:43 开始操作号码 【1995696】
2023-10-29 00:08:46 GSD getOne 第 1 次 等待 3 秒
2023-10-29 00:08:49 查询号码 【1995696】，返回信息 {"status":"ok","msg":"安徽-亳州","gid":"519165","time_insert":"2021-08-20 05:08"}
2023-10-29 00:08:49 查询号码 【1995696】，GSD为【"安徽-亳州"】

2023-10-29 00:08:50 开始第 5788 次操作

2023-10-29 00:08:50 开始操作号码 【1995697】
2023-10-29 00:08:58 GSD getOne 第 1 次 等待 3 秒
2023-10-29 00:09:01 查询号码 【1995697】，返回信息 {"status":"ok","msg":"安徽-亳州","gid":"519171","time_insert":"2021-08-20 05:19"}
2023-10-29 00:09:01 查询号码 【1995697】，GSD为【"安徽-亳州"】

