2021-07-19 00:00:05 开始第 16 次操作

2021-07-19 00:00:05 开始操作号码 【1726961】
2021-07-19 00:00:15 GSD getOne 第 1 次 等待 3 秒
2021-07-19 00:00:18 查询号码 【1726961】，返回信息 {"status":"bad","msg":""}
2021-07-19 00:00:18 查询号码 【1726961】，GSD为【""】
2021-07-19 00:00:18 bad
2021-07-19 00:00:20 CHB 1726961?1626624018 第 1 次 等待 3 秒
2021-07-19 00:00:23 CHB 1726961?1626624018 第 1 次 获取到号码【1726961】GSD
2021-07-19 00:00:23 获取到号码【1726961】的GSD为【上海-上海】
2021-07-19 00:00:52 GSD insert 第 1 次 等待 3 秒
2021-07-19 00:00:55 {"status":"ok","gid":320471,"msg":"添加成功！"}
2021-07-19 00:00:55 下次操作: 2021-07-19 00:01:18

2021-07-19 00:01:18 开始第 17 次操作

2021-07-19 00:01:18 开始操作号码 【1726962】
2021-07-19 00:01:21 GSD getOne 第 1 次 等待 3 秒
2021-07-19 00:01:24 查询号码 【1726962】，返回信息 {"status":"ok","msg":"上海-上海","gid":"52792","time_insert":"2021-04-28 10:40"}
2021-07-19 00:01:24 查询号码 【1726962】，GSD为【"上海-上海"】

2021-07-19 00:01:24 开始第 17 次操作

2021-07-19 00:01:24 开始操作号码 【1726963】
2021-07-19 00:01:56 GSD getOne 第 1 次 等待 3 秒
2021-07-19 00:01:59 查询号码 【1726963】，返回信息 {"status":"bad","msg":""}
2021-07-19 00:01:59 查询号码 【1726963】，GSD为【""】
2021-07-19 00:01:59 bad
2021-07-19 00:02:00 CHB 1726963?1626624119 第 1 次 等待 3 秒
2021-07-19 00:02:03 CHB 1726963?1626624119 第 1 次 获取到号码【1726963】GSD
2021-07-19 00:02:03 获取到号码【1726963】的GSD为【上海-上海】
2021-07-19 00:03:30 GSD insert 第 1 次 等待 3 秒
2021-07-19 00:03:33 {"status":"ok","gid":320499,"msg":"添加成功！"}
2021-07-19 00:03:33 下次操作: 2021-07-19 00:03:47

2021-07-19 00:03:47 开始第 18 次操作

2021-07-19 00:03:47 开始操作号码 【1726964】
2021-07-19 00:03:54 GSD getOne 第 1 次 等待 3 秒
2021-07-19 00:03:57 查询号码 【1726964】，返回信息 {"status":"bad","msg":""}
2021-07-19 00:03:57 查询号码 【1726964】，GSD为【""】
2021-07-19 00:03:57 bad
2021-07-19 00:03:59 CHB 1726964?1626624237 第 1 次 等待 3 秒
2021-07-19 00:04:02 CHB 1726964?1626624237 第 1 次 获取到号码【1726964】GSD
2021-07-19 00:04:02 获取到号码【1726964】的GSD为【上海-上海】
2021-07-19 00:04:21 GSD insert 第 1 次 等待 3 秒
2021-07-19 00:04:24 {"status":"ok","gid":320508,"msg":"添加成功！"}
2021-07-19 00:04:24 下次操作: 2021-07-19 00:04:42

2021-07-19 00:04:42 开始第 19 次操作

2021-07-19 00:04:42 开始操作号码 【1726965】
2021-07-19 00:04:44 GSD getOne 第 1 次 等待 3 秒
2021-07-19 00:04:47 查询号码 【1726965】，返回信息 {"status":"bad","msg":""}
2021-07-19 00:04:47 查询号码 【1726965】，GSD为【""】
2021-07-19 00:04:47 bad
2021-07-19 00:04:49 CHB 1726965?1626624287 第 1 次 等待 3 秒
2021-07-19 00:04:52 CHB 1726965?1626624287 第 1 次 获取到号码【1726965】GSD
2021-07-19 00:04:52 获取到号码【1726965】的GSD为【上海-上海】
2021-07-19 00:05:30 GSD insert 第 1 次 等待 3 秒
2021-07-19 00:05:33 {"status":"ok","gid":320519,"msg":"添加成功！"}
2021-07-19 00:05:33 下次操作: 2021-07-19 00:05:53

2021-07-19 00:05:53 开始第 20 次操作

2021-07-19 00:05:53 开始操作号码 【1726966】
2021-07-19 00:05:56 GSD getOne 第 1 次 等待 3 秒
2021-07-19 00:05:59 查询号码 【1726966】，返回信息 {"status":"bad","msg":""}
2021-07-19 00:05:59 查询号码 【1726966】，GSD为【""】
2021-07-19 00:05:59 bad
2021-07-19 00:06:01 CHB 1726966?1626624359 第 1 次 等待 3 秒
2021-07-19 00:06:04 CHB 1726966?1626624359 第 1 次 获取到号码【1726966】GSD
2021-07-19 00:06:04 获取到号码【1726966】的GSD为【上海-上海】
2021-07-19 00:06:29 GSD insert 第 1 次 等待 3 秒
2021-07-19 00:06:32 {"status":"ok","gid":320528,"msg":"添加成功！"}
2021-07-19 00:06:32 下次操作: 2021-07-19 00:06:46

2021-07-19 00:06:46 开始第 21 次操作

2021-07-19 00:06:46 开始操作号码 【1726967】
2021-07-19 00:06:55 GSD getOne 第 1 次 等待 3 秒
2021-07-19 00:06:58 查询号码 【1726967】，返回信息 {"status":"bad","msg":""}
2021-07-19 00:06:58 查询号码 【1726967】，GSD为【""】
2021-07-19 00:06:58 bad
2021-07-19 00:06:59 CHB 1726967?1626624418 第 1 次 等待 3 秒
2021-07-19 00:07:02 CHB 1726967?1626624418 第 1 次 获取到号码【1726967】GSD
2021-07-19 00:07:02 获取到号码【1726967】的GSD为【上海-上海】
2021-07-19 00:07:21 GSD insert 第 1 次 等待 3 秒
2021-07-19 00:07:24 {"status":"ok","gid":320538,"msg":"添加成功！"}
2021-07-19 00:07:24 下次操作: 2021-07-19 00:07:38

2021-07-19 00:07:38 开始第 22 次操作

2021-07-19 00:07:38 开始操作号码 【1726968】
2021-07-19 00:07:45 GSD getOne 第 1 次 等待 3 秒
2021-07-19 00:07:48 查询号码 【1726968】，返回信息 {"status":"bad","msg":""}
2021-07-19 00:07:48 查询号码 【1726968】，GSD为【""】
2021-07-19 00:07:48 bad
2021-07-19 00:07:49 CHB 1726968?1626624468 第 1 次 等待 3 秒
2021-07-19 00:07:52 CHB 1726968?1626624468 第 1 次 获取到号码【1726968】GSD
2021-07-19 00:07:52 获取到号码【1726968】的GSD为【上海-上海】
2021-07-19 00:08:19 GSD insert 第 1 次 等待 3 秒
2021-07-19 00:08:22 {"status":"ok","gid":320545,"msg":"添加成功！"}
2021-07-19 00:08:22 下次操作: 2021-07-19 00:08:42

2021-07-19 00:08:42 开始第 23 次操作

2021-07-19 00:08:42 开始操作号码 【1726969】
2021-07-19 00:08:46 GSD getOne 第 1 次 等待 3 秒
2021-07-19 00:08:49 查询号码 【1726969】，返回信息 {"status":"bad","msg":""}
2021-07-19 00:08:49 查询号码 【1726969】，GSD为【""】
2021-07-19 00:08:49 bad
2021-07-19 00:08:51 CHB 1726969?1626624529 第 1 次 等待 3 秒
2021-07-19 00:08:54 CHB 1726969?1626624529 第 1 次 获取到号码【1726969】GSD
2021-07-19 00:08:54 获取到号码【1726969】的GSD为【上海-上海】
2021-07-19 00:10:14 GSD insert 第 1 次 等待 3 秒
2021-07-19 00:10:17 {"status":"ok","gid":320571,"msg":"添加成功！"}
2021-07-19 00:10:17 下次操作: 2021-07-19 00:10:37

2021-07-19 00:10:37 开始第 24 次操作

2021-07-19 00:10:37 开始操作号码 【1726970】
2021-07-19 00:10:52 GSD getOne 第 1 次 等待 3 秒
2021-07-19 00:10:55 查询号码 【1726970】，返回信息 {"status":"bad","msg":""}
2021-07-19 00:10:56 查询号码 【1726970】，GSD为【""】
2021-07-19 00:10:56 bad
2021-07-19 00:10:57 CHB 1726970?1626624656 第 1 次 等待 3 秒
2021-07-19 00:11:00 CHB 1726970?1626624656 第 1 次 获取到号码【1726970】GSD
2021-07-19 00:11:00 获取到号码【1726970】的GSD为【上海-上海】
2021-07-19 00:11:20 GSD insert 第 1 次 等待 3 秒
2021-07-19 00:11:23 {"status":"ok","gid":320584,"msg":"添加成功！"}
2021-07-19 00:11:23 下次操作: 2021-07-19 00:11:39

2021-07-19 00:11:39 开始第 25 次操作

2021-07-19 00:11:39 开始操作号码 【1726971】
2021-07-19 00:11:42 GSD getOne 第 1 次 等待 3 秒
2021-07-19 00:11:45 查询号码 【1726971】，返回信息 {"status":"bad","msg":""}
2021-07-19 00:11:45 查询号码 【1726971】，GSD为【""】
2021-07-19 00:11:45 bad
2021-07-19 00:11:46 CHB 1726971?1626624705 第 1 次 等待 3 秒
2021-07-19 00:11:49 CHB 1726971?1626624705 第 1 次 获取到号码【1726971】GSD
2021-07-19 00:11:50 获取到号码【1726971】的GSD为【上海-上海】
2021-07-19 00:12:13 GSD insert 第 1 次 等待 3 秒
2021-07-19 00:12:16 {"status":"ok","gid":320591,"msg":"添加成功！"}
2021-07-19 00:12:16 下次操作: 2021-07-19 00:12:39

2021-07-19 00:12:39 开始第 26 次操作

2021-07-19 00:12:39 开始操作号码 【1726972】
2021-07-19 00:12:50 GSD getOne 第 1 次 等待 3 秒
2021-07-19 00:12:53 查询号码 【1726972】，返回信息 {"status":"bad","msg":""}
2021-07-19 00:12:53 查询号码 【1726972】，GSD为【""】
2021-07-19 00:12:53 bad
2021-07-19 00:12:55 CHB 1726972?1626624773 第 1 次 等待 3 秒
2021-07-19 00:12:58 CHB 1726972?1626624773 第 1 次 获取到号码【1726972】GSD
2021-07-19 00:12:58 获取到号码【1726972】的GSD为【上海-上海】
2021-07-19 00:13:37 GSD insert 第 1 次 等待 3 秒
2021-07-19 00:13:40 {"status":"ok","gid":320606,"msg":"添加成功！"}
2021-07-19 00:13:40 下次操作: 2021-07-19 00:14:01

2021-07-19 00:14:01 开始第 27 次操作

2021-07-19 00:14:01 开始操作号码 【1726973】
2021-07-19 00:14:15 GSD getOne 第 1 次 等待 3 秒
2021-07-19 00:14:18 查询号码 【1726973】，返回信息 {"status":"bad","msg":""}
2021-07-19 00:14:18 查询号码 【1726973】，GSD为【""】
2021-07-19 00:14:18 bad
2021-07-19 00:14:19 CHB 1726973?1626624858 第 1 次 等待 3 秒
2021-07-19 00:14:22 CHB 1726973?1626624858 第 1 次 获取到号码【1726973】GSD
2021-07-19 00:14:22 获取到号码【1726973】的GSD为【上海-上海】
2021-07-19 00:14:44 GSD insert 第 1 次 等待 3 秒
2021-07-19 00:14:47 {"status":"ok","gid":320618,"msg":"添加成功！"}
2021-07-19 00:14:47 下次操作: 2021-07-19 00:15:05

2021-07-19 00:15:05 开始第 28 次操作

2021-07-19 00:15:05 开始操作号码 【1726974】
2021-07-19 00:15:16 GSD getOne 第 1 次 等待 3 秒
2021-07-19 00:15:19 查询号码 【1726974】，返回信息 {"status":"bad","msg":""}
2021-07-19 00:15:19 查询号码 【1726974】，GSD为【""】
2021-07-19 00:15:19 bad
2021-07-19 00:15:20 CHB 1726974?1626624919 第 1 次 等待 3 秒
2021-07-19 00:15:23 CHB 1726974?1626624919 第 1 次 获取到号码【1726974】GSD
2021-07-19 00:15:23 获取到号码【1726974】的GSD为【上海-上海】
2021-07-19 00:15:58 GSD insert 第 1 次 等待 3 秒
2021-07-19 00:16:01 {"status":"ok","gid":320627,"msg":"添加成功！"}
2021-07-19 00:16:01 下次操作: 2021-07-19 00:16:22

2021-07-19 00:16:22 开始第 29 次操作

2021-07-19 00:16:22 开始操作号码 【1726975】
2021-07-19 00:16:26 GSD getOne 第 1 次 等待 3 秒
2021-07-19 00:16:29 查询号码 【1726975】，返回信息 {"status":"bad","msg":""}
2021-07-19 00:16:29 查询号码 【1726975】，GSD为【""】
2021-07-19 00:16:29 bad
2021-07-19 00:16:31 CHB 1726975?1626624989 第 1 次 等待 3 秒
2021-07-19 00:16:34 CHB 1726975?1626624989 第 1 次 获取到号码【1726975】GSD
2021-07-19 00:16:34 获取到号码【1726975】的GSD为【上海-上海】
2021-07-19 00:17:01 GSD insert 第 1 次 等待 3 秒
2021-07-19 00:17:04 {"status":"ok","gid":320637,"msg":"添加成功！"}
2021-07-19 00:17:04 下次操作: 2021-07-19 00:17:18

2021-07-19 00:17:18 开始第 30 次操作

2021-07-19 00:17:18 开始操作号码 【1726976】
2021-07-19 00:17:31 GSD getOne 第 1 次 等待 3 秒
2021-07-19 00:17:34 查询号码 【1726976】，返回信息 {"status":"bad","msg":""}
2021-07-19 00:17:34 查询号码 【1726976】，GSD为【""】
2021-07-19 00:17:34 bad
2021-07-19 00:17:35 CHB 1726976?1626625054 第 1 次 等待 3 秒
2021-07-19 00:17:38 CHB 1726976?1626625054 第 1 次 获取到号码【1726976】GSD
2021-07-19 00:17:38 获取到号码【1726976】的GSD为【上海-上海】
2021-07-19 00:17:56 GSD insert 第 1 次 等待 3 秒
2021-07-19 00:17:59 {"status":"ok","gid":320643,"msg":"添加成功！"}
2021-07-19 00:17:59 下次操作: 2021-07-19 00:18:21

2021-07-19 00:18:21 开始第 31 次操作

2021-07-19 00:18:21 开始操作号码 【1726977】
2021-07-19 00:18:24 GSD getOne 第 1 次 等待 3 秒
2021-07-19 00:18:27 查询号码 【1726977】，返回信息 {"status":"bad","msg":""}
2021-07-19 00:18:27 查询号码 【1726977】，GSD为【""】
2021-07-19 00:18:27 bad
2021-07-19 00:18:29 CHB 1726977?1626625107 第 1 次 等待 3 秒
2021-07-19 00:18:32 CHB 1726977?1626625107 第 1 次 获取到号码【1726977】GSD
2021-07-19 00:18:32 获取到号码【1726977】的GSD为【上海-上海】
2021-07-19 00:18:51 GSD insert 第 1 次 等待 3 秒
2021-07-19 00:18:54 {"status":"ok","gid":320654,"msg":"添加成功！"}
2021-07-19 00:18:54 下次操作: 2021-07-19 00:19:15

2021-07-19 00:19:15 开始第 32 次操作

2021-07-19 00:19:15 开始操作号码 【1726978】
2021-07-19 00:19:18 GSD getOne 第 1 次 等待 3 秒
2021-07-19 00:19:21 查询号码 【1726978】，返回信息 {"status":"bad","msg":""}
2021-07-19 00:19:21 查询号码 【1726978】，GSD为【""】
2021-07-19 00:19:21 bad
2021-07-19 00:19:22 CHB 1726978?1626625161 第 1 次 等待 3 秒
2021-07-19 00:19:25 CHB 1726978?1626625161 第 1 次 获取到号码【1726978】GSD
2021-07-19 00:19:25 获取到号码【1726978】的GSD为【上海-上海】
2021-07-19 00:19:46 GSD insert 第 1 次 等待 3 秒
2021-07-19 00:19:49 {"status":"ok","gid":320666,"msg":"添加成功！"}
2021-07-19 00:19:49 下次操作: 2021-07-19 00:20:09

2021-07-19 00:20:10 开始第 33 次操作

2021-07-19 00:20:10 开始操作号码 【1726979】
2021-07-19 00:21:00 GSD getOne 第 1 次 等待 3 秒
2021-07-19 00:21:03 查询号码 【1726979】，返回信息 {"status":"bad","msg":""}
2021-07-19 00:21:03 查询号码 【1726979】，GSD为【""】
2021-07-19 00:21:03 bad
2021-07-19 00:21:05 CHB 1726979?1626625263 第 1 次 等待 3 秒
2021-07-19 00:21:08 CHB 1726979?1626625263 第 1 次 获取到号码【1726979】GSD
2021-07-19 00:21:08 获取到号码【1726979】的GSD为【上海-上海】
2021-07-19 00:21:26 GSD insert 第 1 次 等待 3 秒
2021-07-19 00:21:29 {"status":"ok","gid":320681,"msg":"添加成功！"}
2021-07-19 00:21:29 下次操作: 2021-07-19 00:21:49

2021-07-19 00:21:49 开始第 34 次操作

2021-07-19 00:21:49 开始操作号码 【1726980】
2021-07-19 00:22:05 GSD getOne 第 1 次 等待 3 秒
2021-07-19 00:22:08 查询号码 【1726980】，返回信息 {"status":"bad","msg":""}
2021-07-19 00:22:08 查询号码 【1726980】，GSD为【""】
2021-07-19 00:22:08 bad
2021-07-19 00:22:10 CHB 1726980?1626625328 第 1 次 等待 3 秒
2021-07-19 00:22:13 CHB 1726980?1626625328 第 1 次 获取到号码【1726980】GSD
2021-07-19 00:22:13 获取到号码【1726980】的GSD为【上海-上海】
2021-07-19 00:22:33 GSD insert 第 1 次 等待 3 秒
2021-07-19 00:22:36 {"status":"ok","gid":320689,"msg":"添加成功！"}
2021-07-19 00:22:36 下次操作: 2021-07-19 00:22:55

2021-07-19 00:22:55 开始第 35 次操作

2021-07-19 00:22:55 开始操作号码 【1726981】
2021-07-19 00:23:32 GSD getOne 第 1 次 等待 3 秒
2021-07-19 00:23:35 查询号码 【1726981】，返回信息 {"status":"bad","msg":""}
2021-07-19 00:23:35 查询号码 【1726981】，GSD为【""】
2021-07-19 00:23:35 bad
2021-07-19 00:23:36 CHB 1726981?1626625415 第 1 次 等待 3 秒
2021-07-19 00:23:39 CHB 1726981?1626625415 第 1 次 获取到号码【1726981】GSD
2021-07-19 00:23:39 获取到号码【1726981】的GSD为【上海-上海】
2021-07-19 00:24:03 GSD insert 第 1 次 等待 3 秒
2021-07-19 00:24:06 {"status":"ok","gid":320704,"msg":"添加成功！"}
2021-07-19 00:24:06 下次操作: 2021-07-19 00:24:20

2021-07-19 00:24:20 开始第 36 次操作

2021-07-19 00:24:20 开始操作号码 【1726982】
2021-07-19 00:25:48 GSD getOne 第 1 次 等待 3 秒
2021-07-19 00:25:51 查询号码 【1726982】，返回信息 {"status":"bad","msg":""}
2021-07-19 00:25:51 查询号码 【1726982】，GSD为【""】
2021-07-19 00:25:51 bad
2021-07-19 00:25:52 CHB 1726982?1626625551 第 1 次 等待 3 秒
2021-07-19 00:25:55 CHB 1726982?1626625551 第 1 次 获取到号码【1726982】GSD
2021-07-19 00:25:55 获取到号码【1726982】的GSD为【上海-上海】
2021-07-19 00:26:13 GSD insert 第 1 次 等待 3 秒
2021-07-19 00:26:16 {"status":"ok","gid":320724,"msg":"添加成功！"}
2021-07-19 00:26:16 下次操作: 2021-07-19 00:26:34

2021-07-19 00:26:34 开始第 37 次操作

2021-07-19 00:26:34 开始操作号码 【1726983】
2021-07-19 00:26:37 GSD getOne 第 1 次 等待 3 秒
2021-07-19 00:26:40 查询号码 【1726983】，返回信息 {"status":"bad","msg":""}
2021-07-19 00:26:40 查询号码 【1726983】，GSD为【""】
2021-07-19 00:26:40 bad
2021-07-19 00:26:46 CHB 1726983?1626625600 第 1 次 等待 3 秒
2021-07-19 00:26:49 CHB 1726983?1626625600 第 1 次 获取到号码【1726983】GSD
2021-07-19 00:26:49 获取到号码【1726983】的GSD为【上海-上海】
2021-07-19 00:27:14 GSD insert 第 1 次 等待 3 秒
2021-07-19 00:27:17 {"status":"ok","gid":320731,"msg":"添加成功！"}
2021-07-19 00:27:17 下次操作: 2021-07-19 00:27:38

2021-07-19 00:27:38 开始第 38 次操作

2021-07-19 00:27:38 开始操作号码 【1726984】
2021-07-19 00:27:43 GSD getOne 第 1 次 等待 3 秒
2021-07-19 00:27:46 查询号码 【1726984】，返回信息 {"status":"bad","msg":""}
2021-07-19 00:27:46 查询号码 【1726984】，GSD为【""】
2021-07-19 00:27:46 bad
2021-07-19 00:27:47 CHB 1726984?1626625666 第 1 次 等待 3 秒
2021-07-19 00:27:50 CHB 1726984?1626625666 第 1 次 获取到号码【1726984】GSD
2021-07-19 00:27:50 获取到号码【1726984】的GSD为【上海-上海】
2021-07-19 00:28:24 GSD insert 第 1 次 等待 3 秒
2021-07-19 00:28:27 {"status":"ok","gid":320738,"msg":"添加成功！"}
2021-07-19 00:28:27 下次操作: 2021-07-19 00:28:51

2021-07-19 00:28:51 开始第 39 次操作

2021-07-19 00:28:51 开始操作号码 【1726985】
2021-07-19 00:28:55 GSD getOne 第 1 次 等待 3 秒
2021-07-19 00:28:58 查询号码 【1726985】，返回信息 {"status":"bad","msg":""}
2021-07-19 00:28:58 查询号码 【1726985】，GSD为【""】
2021-07-19 00:28:58 bad
2021-07-19 00:29:00 CHB 1726985?1626625738 第 1 次 等待 3 秒
2021-07-19 00:29:03 CHB 1726985?1626625738 第 1 次 获取到号码【1726985】GSD
2021-07-19 00:29:03 获取到号码【1726985】的GSD为【上海-上海】
2021-07-19 00:29:41 GSD insert 第 1 次 等待 3 秒
2021-07-19 00:29:44 {"status":"ok","gid":320746,"msg":"添加成功！"}
2021-07-19 00:29:44 下次操作: 2021-07-19 00:29:56

2021-07-19 00:29:56 开始第 40 次操作

2021-07-19 00:29:56 开始操作号码 【1726986】
2021-07-19 00:30:08 GSD getOne 第 1 次 等待 3 秒
2021-07-19 00:30:11 查询号码 【1726986】，返回信息 {"status":"bad","msg":""}
2021-07-19 00:30:11 查询号码 【1726986】，GSD为【""】
2021-07-19 00:30:11 bad
2021-07-19 00:30:12 CHB 1726986?1626625811 第 1 次 等待 3 秒
2021-07-19 00:30:15 CHB 1726986?1626625811 第 1 次 获取到号码【1726986】GSD
2021-07-19 00:30:15 获取到号码【1726986】的GSD为【上海-上海】
2021-07-19 00:30:33 GSD insert 第 1 次 等待 3 秒
2021-07-19 00:30:36 {"status":"ok","gid":320751,"msg":"添加成功！"}

2021-07-19 00:59:18 开始第 1 次操作

2021-07-19 00:59:18 开始操作号码 【1726987】
2021-07-19 00:59:23 GSD getOne 第 1 次 等待 3 秒
2021-07-19 00:59:26 查询号码 【1726987】，返回信息 {"status":"bad","msg":""}
2021-07-19 00:59:26 查询号码 【1726987】，GSD为【""】
2021-07-19 00:59:26 bad
2021-07-19 00:59:28 CHB 1726987?1626627566 第 1 次 等待 3 秒
2021-07-19 00:59:31 CHB 1726987?1626627566 第 1 次 获取到号码【1726987】GSD
2021-07-19 00:59:31 获取到号码【1726987】的GSD为【上海-上海】
2021-07-19 00:59:40 GSD insert 第 1 次 等待 3 秒
2021-07-19 00:59:43 {"status":"ok","gid":320833,"msg":"添加成功！"}
2021-07-19 00:59:43 下次操作: 2021-07-19 01:00:07

2021-07-19 01:00:07 开始第 2 次操作

2021-07-19 01:00:07 开始操作号码 【1726988】
2021-07-19 01:00:10 GSD getOne 第 1 次 等待 3 秒
2021-07-19 01:00:13 查询号码 【1726988】，返回信息 {"status":"bad","msg":""}
2021-07-19 01:00:13 查询号码 【1726988】，GSD为【""】
2021-07-19 01:00:13 bad
2021-07-19 01:00:15 CHB 1726988?1626627613 第 1 次 等待 3 秒
2021-07-19 01:00:18 CHB 1726988?1626627613 第 1 次 获取到号码【1726988】GSD
2021-07-19 01:00:18 获取到号码【1726988】的GSD为【上海-上海】
2021-07-19 01:00:26 GSD insert 第 1 次 等待 3 秒
2021-07-19 01:00:29 {"status":"ok","gid":320837,"msg":"添加成功！"}
2021-07-19 01:00:29 下次操作: 2021-07-19 01:00:45

2021-07-19 01:00:45 开始第 3 次操作

2021-07-19 01:00:45 开始操作号码 【1726989】
2021-07-19 01:00:48 GSD getOne 第 1 次 等待 3 秒
2021-07-19 01:00:51 查询号码 【1726989】，返回信息 {"status":"bad","msg":""}
2021-07-19 01:00:51 查询号码 【1726989】，GSD为【""】
2021-07-19 01:00:51 bad
2021-07-19 01:00:53 CHB 1726989?1626627651 第 1 次 等待 3 秒
2021-07-19 01:00:56 CHB 1726989?1626627651 第 1 次 获取到号码【1726989】GSD
2021-07-19 01:00:56 获取到号码【1726989】的GSD为【上海-上海】
2021-07-19 01:01:00 GSD insert 第 1 次 等待 3 秒
2021-07-19 01:01:03 {"status":"ok","gid":320843,"msg":"添加成功！"}
2021-07-19 01:01:03 下次操作: 2021-07-19 01:01:15

2021-07-19 01:01:15 开始第 4 次操作

2021-07-19 01:01:15 开始操作号码 【1726990】
2021-07-19 01:01:22 GSD getOne 第 1 次 等待 3 秒
2021-07-19 01:01:25 查询号码 【1726990】，返回信息 {"status":"bad","msg":""}
2021-07-19 01:01:25 查询号码 【1726990】，GSD为【""】
2021-07-19 01:01:25 bad
2021-07-19 01:01:28 CHB 1726990?1626627685 第 1 次 等待 3 秒
2021-07-19 01:01:31 CHB 1726990?1626627685 第 1 次 获取到号码【1726990】GSD
2021-07-19 01:01:31 未获取到号码【1726990】GSD，可能号码格式错误
2021-07-19 01:01:31 获取到号码【1726990】的GSD为【-】
2021-07-19 01:01:39 GSD insert 第 1 次 等待 3 秒
2021-07-19 01:01:42 {"status":"ok","gid":320846,"msg":"添加成功！"}
2021-07-19 01:01:42 下次操作: 2021-07-19 01:02:05

2021-07-19 01:02:05 开始第 5 次操作

2021-07-19 01:02:05 开始操作号码 【1726991】
2021-07-19 01:02:08 GSD getOne 第 1 次 等待 3 秒
2021-07-19 01:02:11 查询号码 【1726991】，返回信息 {"status":"bad","msg":""}
2021-07-19 01:02:11 查询号码 【1726991】，GSD为【""】
2021-07-19 01:02:11 bad
2021-07-19 01:02:17 CHB 1726991?1626627731 第 1 次 等待 3 秒
2021-07-19 01:02:20 CHB 1726991?1626627731 第 1 次 获取到号码【1726991】GSD
2021-07-19 01:02:20 未获取到号码【1726991】GSD，可能号码格式错误
2021-07-19 01:02:20 获取到号码【1726991】的GSD为【-】
2021-07-19 01:02:31 GSD insert 第 1 次 等待 3 秒
2021-07-19 01:02:34 {"status":"ok","gid":320854,"msg":"添加成功！"}
2021-07-19 01:02:34 下次操作: 2021-07-19 01:02:50

2021-07-19 01:02:50 开始第 6 次操作

2021-07-19 01:02:50 开始操作号码 【1726992】
2021-07-19 01:02:59 GSD getOne 第 1 次 等待 3 秒
2021-07-19 01:03:02 查询号码 【1726992】，返回信息 {"status":"bad","msg":""}
2021-07-19 01:03:02 查询号码 【1726992】，GSD为【""】
2021-07-19 01:03:02 bad
2021-07-19 01:03:04 CHB 1726992?1626627782 第 1 次 等待 3 秒
2021-07-19 01:03:07 CHB 1726992?1626627782 第 1 次 获取到号码【1726992】GSD
2021-07-19 01:03:07 未获取到号码【1726992】GSD，可能号码格式错误
2021-07-19 01:03:07 获取到号码【1726992】的GSD为【-】
2021-07-19 01:03:10 GSD insert 第 1 次 等待 3 秒
2021-07-19 01:03:13 {"status":"ok","gid":320865,"msg":"添加成功！"}
2021-07-19 01:03:13 下次操作: 2021-07-19 01:03:29

2021-07-19 01:03:29 开始第 7 次操作

2021-07-19 01:03:29 开始操作号码 【1726993】
2021-07-19 01:03:41 GSD getOne 第 1 次 等待 3 秒
2021-07-19 01:03:44 查询号码 【1726993】，返回信息 {"status":"bad","msg":""}
2021-07-19 01:03:44 查询号码 【1726993】，GSD为【""】
2021-07-19 01:03:44 bad
2021-07-19 01:03:46 CHB 1726993?1626627824 第 1 次 等待 3 秒
2021-07-19 01:03:49 CHB 1726993?1626627824 第 1 次 获取到号码【1726993】GSD
2021-07-19 01:03:49 未获取到号码【1726993】GSD，可能号码格式错误
2021-07-19 01:03:49 获取到号码【1726993】的GSD为【-】
2021-07-19 01:03:52 GSD insert 第 1 次 等待 3 秒
2021-07-19 01:03:55 {"status":"ok","gid":320874,"msg":"添加成功！"}
2021-07-19 01:03:55 下次操作: 2021-07-19 01:04:15

2021-07-19 01:04:15 开始第 8 次操作

2021-07-19 01:04:15 开始操作号码 【1726994】
2021-07-19 01:04:21 GSD getOne 第 1 次 等待 3 秒
2021-07-19 01:04:24 查询号码 【1726994】，返回信息 {"status":"bad","msg":""}
2021-07-19 01:04:24 查询号码 【1726994】，GSD为【""】
2021-07-19 01:04:24 bad
2021-07-19 01:04:26 CHB 1726994?1626627864 第 1 次 等待 3 秒
2021-07-19 01:04:29 CHB 1726994?1626627864 第 1 次 获取到号码【1726994】GSD
2021-07-19 01:04:29 未获取到号码【1726994】GSD，可能号码格式错误
2021-07-19 01:04:29 获取到号码【1726994】的GSD为【-】
2021-07-19 01:04:38 GSD insert 第 1 次 等待 3 秒
2021-07-19 01:04:41 {"status":"ok","gid":320882,"msg":"添加成功！"}
2021-07-19 01:04:41 下次操作: 2021-07-19 01:04:57

2021-07-19 01:04:57 开始第 9 次操作

2021-07-19 01:04:57 开始操作号码 【1726995】
2021-07-19 01:05:10 GSD getOne 第 1 次 等待 3 秒
2021-07-19 01:05:13 查询号码 【1726995】，返回信息 {"status":"bad","msg":""}
2021-07-19 01:05:13 查询号码 【1726995】，GSD为【""】
2021-07-19 01:05:13 bad
2021-07-19 01:05:17 CHB 1726995?1626627913 第 1 次 等待 3 秒
2021-07-19 01:05:20 CHB 1726995?1626627913 第 1 次 获取到号码【1726995】GSD
2021-07-19 01:05:20 未获取到号码【1726995】GSD，可能号码格式错误
2021-07-19 01:05:20 获取到号码【1726995】的GSD为【-】
2021-07-19 01:05:25 GSD insert 第 1 次 等待 3 秒
2021-07-19 01:05:28 {"status":"ok","gid":320892,"msg":"添加成功！"}
2021-07-19 01:05:28 下次操作: 2021-07-19 01:05:51

2021-07-19 01:05:51 开始第 10 次操作

2021-07-19 01:05:51 开始操作号码 【1726996】
2021-07-19 01:05:55 GSD getOne 第 1 次 等待 3 秒
2021-07-19 01:05:58 查询号码 【1726996】，返回信息 {"status":"bad","msg":""}
2021-07-19 01:05:58 查询号码 【1726996】，GSD为【""】
2021-07-19 01:05:58 bad
2021-07-19 01:06:04 CHB 1726996?1626627958 第 1 次 等待 3 秒
2021-07-19 01:06:07 CHB 1726996?1626627958 第 1 次 获取到号码【1726996】GSD
2021-07-19 01:06:07 未获取到号码【1726996】GSD，可能号码格式错误
2021-07-19 01:06:07 获取到号码【1726996】的GSD为【-】
2021-07-19 01:06:11 GSD insert 第 1 次 等待 3 秒
2021-07-19 01:06:14 {"status":"ok","gid":320897,"msg":"添加成功！"}
2021-07-19 01:06:14 下次操作: 2021-07-19 01:06:30

2021-07-19 01:06:30 开始第 11 次操作

2021-07-19 01:06:30 开始操作号码 【1726997】
2021-07-19 01:06:55 GSD getOne 第 1 次 等待 3 秒
2021-07-19 01:06:58 查询号码 【1726997】，返回信息 {"status":"bad","msg":""}
2021-07-19 01:06:58 查询号码 【1726997】，GSD为【""】
2021-07-19 01:06:58 bad
2021-07-19 01:06:59 CHB 1726997?1626628018 第 1 次 等待 3 秒
2021-07-19 01:07:02 CHB 1726997?1626628018 第 1 次 获取到号码【1726997】GSD
2021-07-19 01:07:02 未获取到号码【1726997】GSD，可能号码格式错误
2021-07-19 01:07:02 获取到号码【1726997】的GSD为【-】
2021-07-19 01:07:10 GSD insert 第 1 次 等待 3 秒
2021-07-19 01:07:13 {"status":"ok","gid":320903,"msg":"添加成功！"}
2021-07-19 01:07:13 下次操作: 2021-07-19 01:07:27

2021-07-19 01:07:27 开始第 12 次操作

2021-07-19 01:07:27 开始操作号码 【1726998】
2021-07-19 01:07:35 GSD getOne 第 1 次 等待 3 秒
2021-07-19 01:07:38 查询号码 【1726998】，返回信息 {"status":"bad","msg":""}
2021-07-19 01:07:38 查询号码 【1726998】，GSD为【""】
2021-07-19 01:07:38 bad
2021-07-19 01:07:40 CHB 1726998?1626628058 第 1 次 等待 3 秒
2021-07-19 01:07:43 CHB 1726998?1626628058 第 1 次 获取到号码【1726998】GSD
2021-07-19 01:07:43 未获取到号码【1726998】GSD，可能号码格式错误
2021-07-19 01:07:43 获取到号码【1726998】的GSD为【-】
2021-07-19 01:08:52 GSD insert 第 1 次 等待 3 秒
2021-07-19 01:08:55 {"status":"ok","gid":320921,"msg":"添加成功！"}
2021-07-19 01:08:55 下次操作: 2021-07-19 01:09:10

2021-07-19 01:09:10 开始第 13 次操作

2021-07-19 01:09:10 开始操作号码 【1726999】
2021-07-19 01:09:29 GSD getOne 第 1 次 等待 3 秒
2021-07-19 01:09:32 查询号码 【1726999】，返回信息 {"status":"bad","msg":""}
2021-07-19 01:09:32 查询号码 【1726999】，GSD为【""】
2021-07-19 01:09:32 bad
2021-07-19 01:09:34 CHB 1726999?1626628172 第 1 次 等待 3 秒
2021-07-19 01:09:37 CHB 1726999?1626628172 第 1 次 获取到号码【1726999】GSD
2021-07-19 01:09:37 未获取到号码【1726999】GSD，可能号码格式错误
2021-07-19 01:09:37 获取到号码【1726999】的GSD为【-】
2021-07-19 01:10:00 GSD insert 第 1 次 等待 3 秒
2021-07-19 01:10:03 {"status":"ok","gid":320931,"msg":"添加成功！"}
2021-07-19 01:10:03 下次操作: 2021-07-19 01:10:26

2021-07-19 01:10:26 开始第 14 次操作

2021-07-19 01:10:26 开始操作号码 【1727000】
2021-07-19 01:10:40 GSD getOne 第 1 次 等待 3 秒
2021-07-19 01:10:43 查询号码 【1727000】，返回信息 {"status":"bad","msg":""}
2021-07-19 01:10:43 查询号码 【1727000】，GSD为【""】
2021-07-19 01:10:43 bad
2021-07-19 01:10:45 CHB 1727000?1626628243 第 1 次 等待 3 秒
2021-07-19 01:10:48 CHB 1727000?1626628243 第 1 次 获取到号码【1727000】GSD
2021-07-19 01:10:48 获取到号码【1727000】的GSD为【福建-福州】
2021-07-19 01:10:52 GSD insert 第 1 次 等待 3 秒
2021-07-19 01:10:55 {"status":"ok","gid":320939,"msg":"添加成功！"}
2021-07-19 01:10:55 下次操作: 2021-07-19 01:11:09

2021-07-19 01:11:09 开始第 15 次操作

2021-07-19 01:11:09 开始操作号码 【1727001】
2021-07-19 01:11:39 GSD getOne 第 1 次 等待 3 秒
2021-07-19 01:11:42 查询号码 【1727001】，返回信息 {"status":"bad","msg":""}
2021-07-19 01:11:42 查询号码 【1727001】，GSD为【""】
2021-07-19 01:11:42 bad
2021-07-19 01:11:44 CHB 1727001?1626628302 第 1 次 等待 3 秒
2021-07-19 01:11:47 CHB 1727001?1626628302 第 1 次 获取到号码【1727001】GSD
2021-07-19 01:11:48 获取到号码【1727001】的GSD为【福建-福州】
2021-07-19 01:11:57 GSD insert 第 1 次 等待 3 秒
2021-07-19 01:12:00 {"status":"ok","gid":320950,"msg":"添加成功！"}
2021-07-19 01:12:00 下次操作: 2021-07-19 01:12:16

2021-07-19 01:12:16 开始第 16 次操作

2021-07-19 01:12:16 开始操作号码 【1727002】
2021-07-19 01:12:19 GSD getOne 第 1 次 等待 3 秒
2021-07-19 01:12:22 查询号码 【1727002】，返回信息 {"status":"bad","msg":""}
2021-07-19 01:12:22 查询号码 【1727002】，GSD为【""】
2021-07-19 01:12:22 bad
2021-07-19 01:12:24 CHB 1727002?1626628342 第 1 次 等待 3 秒
2021-07-19 01:12:27 CHB 1727002?1626628342 第 1 次 获取到号码【1727002】GSD
2021-07-19 01:12:27 获取到号码【1727002】的GSD为【福建-福州】
2021-07-19 01:12:33 GSD insert 第 1 次 等待 3 秒
2021-07-19 01:12:36 {"status":"ok","gid":320960,"msg":"添加成功！"}
2021-07-19 01:12:37 下次操作: 2021-07-19 01:13:01

2021-07-19 01:13:01 开始第 17 次操作

2021-07-19 01:13:01 开始操作号码 【1727003】
2021-07-19 01:13:22 GSD getOne 第 1 次 等待 3 秒
2021-07-19 01:13:25 查询号码 【1727003】，返回信息 {"status":"bad","msg":""}
2021-07-19 01:13:25 查询号码 【1727003】，GSD为【""】
2021-07-19 01:13:25 bad
2021-07-19 01:13:27 CHB 1727003?1626628405 第 1 次 等待 3 秒
2021-07-19 01:13:30 CHB 1727003?1626628405 第 1 次 获取到号码【1727003】GSD
2021-07-19 01:13:30 获取到号码【1727003】的GSD为【福建-福州】
2021-07-19 01:13:35 GSD insert 第 1 次 等待 3 秒
2021-07-19 01:13:38 {"status":"ok","gid":320971,"msg":"添加成功！"}
2021-07-19 01:13:38 下次操作: 2021-07-19 01:14:00

2021-07-19 01:14:00 开始第 18 次操作

2021-07-19 01:14:00 开始操作号码 【1727004】
2021-07-19 01:15:01 GSD getOne 第 1 次 等待 3 秒
2021-07-19 01:15:04 查询号码 【1727004】，返回信息 {"status":"bad","msg":""}
2021-07-19 01:15:04 查询号码 【1727004】，GSD为【""】
2021-07-19 01:15:04 bad
2021-07-19 01:15:06 CHB 1727004?1626628504 第 1 次 等待 3 秒
2021-07-19 01:15:09 CHB 1727004?1626628504 第 1 次 获取到号码【1727004】GSD
2021-07-19 01:15:09 获取到号码【1727004】的GSD为【福建-福州】
2021-07-19 01:15:15 GSD insert 第 1 次 等待 3 秒
2021-07-19 01:15:18 {"status":"ok","gid":320991,"msg":"添加成功！"}
2021-07-19 01:15:18 下次操作: 2021-07-19 01:15:42

2021-07-19 01:15:42 开始第 19 次操作

2021-07-19 01:15:42 开始操作号码 【1727005】
2021-07-19 01:16:45 GSD getOne 第 1 次 等待 3 秒
2021-07-19 01:16:48 查询号码 【1727005】，返回信息 {"status":"bad","msg":""}
2021-07-19 01:16:48 查询号码 【1727005】，GSD为【""】
2021-07-19 01:16:48 bad
2021-07-19 01:16:49 CHB 1727005?1626628608 第 1 次 等待 3 秒
2021-07-19 01:16:52 CHB 1727005?1626628608 第 1 次 获取到号码【1727005】GSD
2021-07-19 01:16:53 获取到号码【1727005】的GSD为【福建-福州】
2021-07-19 01:17:55 GSD insert 第 1 次 等待 3 秒
2021-07-19 01:17:58 {"status":"ok","gid":321015,"msg":"添加成功！"}
2021-07-19 01:17:58 下次操作: 2021-07-19 01:18:19

2021-07-19 01:18:19 开始第 20 次操作

2021-07-19 01:18:19 开始操作号码 【1727006】
2021-07-19 01:18:28 GSD getOne 第 1 次 等待 3 秒
2021-07-19 01:18:31 查询号码 【1727006】，返回信息 {"status":"bad","msg":""}
2021-07-19 01:18:31 查询号码 【1727006】，GSD为【""】
2021-07-19 01:18:31 bad
2021-07-19 01:23:31 CHB 1727006?1626628711 第 1 次 等待 3 秒
2021-07-19 01:23:34 CHB 1727006?1626628711 第 1 次 未获取到 等待 12 秒 下次操作: 2021-07-19 01:23:46
2021-07-19 01:23:48 CHB 1727006?1626629026 第 2 次 等待 3 秒
2021-07-19 01:23:51 CHB 1727006?1626629026 第 2 次 获取到号码【1727006】GSD
2021-07-19 01:23:51 获取到号码【1727006】的GSD为【福建-福州】
2021-07-19 01:23:54 GSD insert 第 1 次 等待 3 秒
2021-07-19 01:23:57 {"status":"ok","gid":321036,"msg":"添加成功！"}
2021-07-19 01:23:57 下次操作: 2021-07-19 01:24:11

2021-07-19 01:24:11 开始第 21 次操作

2021-07-19 01:24:11 开始操作号码 【1727007】
2021-07-19 01:24:23 GSD getOne 第 1 次 等待 3 秒
2021-07-19 01:24:26 查询号码 【1727007】，返回信息 {"status":"bad","msg":""}
2021-07-19 01:24:26 查询号码 【1727007】，GSD为【""】
2021-07-19 01:24:26 bad
2021-07-19 01:24:27 CHB 1727007?1626629066 第 1 次 等待 3 秒
2021-07-19 01:24:30 CHB 1727007?1626629066 第 1 次 获取到号码【1727007】GSD
2021-07-19 01:24:31 获取到号码【1727007】的GSD为【福建-福州】
2021-07-19 01:24:52 GSD insert 第 1 次 等待 3 秒
2021-07-19 01:24:55 {"status":"ok","gid":321047,"msg":"添加成功！"}
2021-07-19 01:24:55 下次操作: 2021-07-19 01:25:19

2021-07-19 01:25:19 开始第 22 次操作

2021-07-19 01:25:19 开始操作号码 【1727008】
2021-07-19 01:25:22 GSD getOne 第 1 次 等待 3 秒
2021-07-19 01:25:25 查询号码 【1727008】，返回信息 {"status":"bad","msg":""}
2021-07-19 01:25:25 查询号码 【1727008】，GSD为【""】
2021-07-19 01:25:25 bad
2021-07-19 01:25:26 CHB 1727008?1626629125 第 1 次 等待 3 秒
2021-07-19 01:25:29 CHB 1727008?1626629125 第 1 次 获取到号码【1727008】GSD
2021-07-19 01:25:29 获取到号码【1727008】的GSD为【福建-福州】
2021-07-19 01:26:34 GSD insert 第 1 次 等待 3 秒
2021-07-19 01:26:37 {"status":"ok","gid":321057,"msg":"添加成功！"}
2021-07-19 01:26:37 下次操作: 2021-07-19 01:26:52

2021-07-19 01:26:52 开始第 23 次操作

2021-07-19 01:26:52 开始操作号码 【1727009】
2021-07-19 01:26:55 GSD getOne 第 1 次 等待 3 秒
2021-07-19 01:26:58 查询号码 【1727009】，返回信息 {"status":"bad","msg":""}
2021-07-19 01:26:58 查询号码 【1727009】，GSD为【""】
2021-07-19 01:26:58 bad
2021-07-19 01:27:01 CHB 1727009?1626629218 第 1 次 等待 3 秒
2021-07-19 01:27:04 CHB 1727009?1626629218 第 1 次 获取到号码【1727009】GSD
2021-07-19 01:27:04 获取到号码【1727009】的GSD为【福建-福州】
2021-07-19 01:27:13 GSD insert 第 1 次 等待 3 秒
2021-07-19 01:27:16 {"status":"ok","gid":321062,"msg":"添加成功！"}
2021-07-19 01:27:16 下次操作: 2021-07-19 01:27:29

2021-07-19 01:27:29 开始第 24 次操作

2021-07-19 01:27:29 开始操作号码 【1727010】
2021-07-19 01:27:43 GSD getOne 第 1 次 等待 3 秒
2021-07-19 01:27:46 查询号码 【1727010】，返回信息 {"status":"bad","msg":""}
2021-07-19 01:27:46 查询号码 【1727010】，GSD为【""】
2021-07-19 01:27:46 bad
2021-07-19 01:27:48 CHB 1727010?1626629266 第 1 次 等待 3 秒
2021-07-19 01:27:51 CHB 1727010?1626629266 第 1 次 获取到号码【1727010】GSD
2021-07-19 01:27:51 获取到号码【1727010】的GSD为【福建-福州】
2021-07-19 01:29:04 GSD insert 第 1 次 等待 3 秒
2021-07-19 01:29:07 {"status":"ok","gid":321082,"msg":"添加成功！"}
2021-07-19 01:29:07 下次操作: 2021-07-19 01:29:28

2021-07-19 01:29:28 开始第 25 次操作

2021-07-19 01:29:28 开始操作号码 【1727011】
2021-07-19 01:29:53 GSD getOne 第 1 次 等待 3 秒
2021-07-19 01:29:56 查询号码 【1727011】，返回信息 {"status":"bad","msg":""}
2021-07-19 01:29:56 查询号码 【1727011】，GSD为【""】
2021-07-19 01:29:56 bad
2021-07-19 01:29:58 CHB 1727011?1626629396 第 1 次 等待 3 秒
2021-07-19 01:30:01 CHB 1727011?1626629396 第 1 次 获取到号码【1727011】GSD
2021-07-19 01:30:01 获取到号码【1727011】的GSD为【福建-福州】
2021-07-19 01:30:05 GSD insert 第 1 次 等待 3 秒
2021-07-19 01:30:08 {"status":"ok","gid":321093,"msg":"添加成功！"}
2021-07-19 01:30:08 下次操作: 2021-07-19 01:30:27

2021-07-19 01:30:27 开始第 26 次操作

2021-07-19 01:30:27 开始操作号码 【1727012】
2021-07-19 01:30:30 GSD getOne 第 1 次 等待 3 秒
2021-07-19 01:30:33 查询号码 【1727012】，返回信息 {"status":"bad","msg":""}
2021-07-19 01:30:33 查询号码 【1727012】，GSD为【""】
2021-07-19 01:30:33 bad
2021-07-19 01:30:36 CHB 1727012?1626629433 第 1 次 等待 3 秒
2021-07-19 01:30:39 CHB 1727012?1626629433 第 1 次 获取到号码【1727012】GSD
2021-07-19 01:30:39 获取到号码【1727012】的GSD为【福建-福州】
2021-07-19 01:30:42 GSD insert 第 1 次 等待 3 秒
2021-07-19 01:30:45 {"status":"ok","gid":321099,"msg":"添加成功！"}
2021-07-19 01:30:45 下次操作: 2021-07-19 01:31:04

2021-07-19 01:31:04 开始第 27 次操作

2021-07-19 01:31:04 开始操作号码 【1727013】
2021-07-19 01:31:53 GSD getOne 第 1 次 等待 3 秒
2021-07-19 01:31:56 查询号码 【1727013】，返回信息 {"status":"bad","msg":""}
2021-07-19 01:31:56 查询号码 【1727013】，GSD为【""】
2021-07-19 01:31:56 bad
2021-07-19 01:31:58 CHB 1727013?1626629516 第 1 次 等待 3 秒
2021-07-19 01:32:01 CHB 1727013?1626629516 第 1 次 获取到号码【1727013】GSD
2021-07-19 01:32:01 获取到号码【1727013】的GSD为【福建-福州】
2021-07-19 01:32:16 GSD insert 第 1 次 等待 3 秒
2021-07-19 01:32:19 {"status":"ok","gid":321112,"msg":"添加成功！"}
2021-07-19 01:32:19 下次操作: 2021-07-19 01:32:37

2021-07-19 01:32:37 开始第 28 次操作

2021-07-19 01:32:37 开始操作号码 【1727014】
2021-07-19 01:32:53 GSD getOne 第 1 次 等待 3 秒
2021-07-19 01:32:56 查询号码 【1727014】，返回信息 {"status":"bad","msg":""}
2021-07-19 01:32:56 查询号码 【1727014】，GSD为【""】
2021-07-19 01:32:56 bad
2021-07-19 01:32:58 CHB 1727014?1626629576 第 1 次 等待 3 秒
2021-07-19 01:33:01 CHB 1727014?1626629576 第 1 次 获取到号码【1727014】GSD
2021-07-19 01:33:01 获取到号码【1727014】的GSD为【福建-福州】
2021-07-19 01:33:05 GSD insert 第 1 次 等待 3 秒
2021-07-19 01:33:08 {"status":"ok","gid":321119,"msg":"添加成功！"}
2021-07-19 01:33:08 下次操作: 2021-07-19 01:33:24

2021-07-19 01:33:24 开始第 29 次操作

2021-07-19 01:33:24 开始操作号码 【1727015】
2021-07-19 01:33:58 GSD getOne 第 1 次 等待 3 秒
2021-07-19 01:34:01 查询号码 【1727015】，返回信息 {"status":"bad","msg":""}
2021-07-19 01:34:01 查询号码 【1727015】，GSD为【""】
2021-07-19 01:34:01 bad
2021-07-19 01:34:03 CHB 1727015?1626629641 第 1 次 等待 3 秒
2021-07-19 01:34:06 CHB 1727015?1626629641 第 1 次 获取到号码【1727015】GSD
2021-07-19 01:34:06 获取到号码【1727015】的GSD为【福建-福州】
2021-07-19 01:34:10 GSD insert 第 1 次 等待 3 秒
2021-07-19 01:34:13 {"status":"ok","gid":321129,"msg":"添加成功！"}
2021-07-19 01:34:13 下次操作: 2021-07-19 01:34:28

2021-07-19 01:34:28 开始第 30 次操作

2021-07-19 01:34:28 开始操作号码 【1727016】
2021-07-19 01:35:32 GSD getOne 第 1 次 等待 3 秒
2021-07-19 01:35:35 查询号码 【1727016】，返回信息 {"status":"bad","msg":""}
2021-07-19 01:35:35 查询号码 【1727016】，GSD为【""】
2021-07-19 01:35:35 bad
2021-07-19 01:35:37 CHB 1727016?1626629735 第 1 次 等待 3 秒
2021-07-19 01:35:40 CHB 1727016?1626629735 第 1 次 获取到号码【1727016】GSD
2021-07-19 01:35:40 获取到号码【1727016】的GSD为【福建-福州】
2021-07-19 01:35:47 GSD insert 第 1 次 等待 3 秒
2021-07-19 01:35:50 {"status":"ok","gid":321145,"msg":"添加成功！"}
2021-07-19 01:35:50 下次操作: 2021-07-19 01:36:10

2021-07-19 01:36:10 开始第 31 次操作

2021-07-19 01:36:10 开始操作号码 【1727017】
2021-07-19 01:36:13 GSD getOne 第 1 次 等待 3 秒
2021-07-19 01:36:16 查询号码 【1727017】，返回信息 {"status":"bad","msg":""}
2021-07-19 01:36:16 查询号码 【1727017】，GSD为【""】
2021-07-19 01:36:16 bad
2021-07-19 01:36:18 CHB 1727017?1626629776 第 1 次 等待 3 秒
2021-07-19 01:36:21 CHB 1727017?1626629776 第 1 次 获取到号码【1727017】GSD
2021-07-19 01:36:21 获取到号码【1727017】的GSD为【福建-福州】
2021-07-19 01:36:25 GSD insert 第 1 次 等待 3 秒
2021-07-19 01:36:28 {"status":"ok","gid":321149,"msg":"添加成功！"}
2021-07-19 01:36:28 下次操作: 2021-07-19 01:36:49

2021-07-19 01:36:49 开始第 32 次操作

2021-07-19 01:36:49 开始操作号码 【1727018】
2021-07-19 01:36:54 GSD getOne 第 1 次 等待 3 秒
2021-07-19 01:36:57 查询号码 【1727018】，返回信息 {"status":"bad","msg":""}
2021-07-19 01:36:57 查询号码 【1727018】，GSD为【""】
2021-07-19 01:36:57 bad
2021-07-19 01:36:59 CHB 1727018?1626629817 第 1 次 等待 3 秒
2021-07-19 01:37:02 CHB 1727018?1626629817 第 1 次 获取到号码【1727018】GSD
2021-07-19 01:37:02 获取到号码【1727018】的GSD为【福建-福州】
2021-07-19 01:37:15 GSD insert 第 1 次 等待 3 秒
2021-07-19 01:37:18 {"status":"ok","gid":321158,"msg":"添加成功！"}
2021-07-19 01:37:18 下次操作: 2021-07-19 01:37:35

2021-07-19 01:37:35 开始第 33 次操作

2021-07-19 01:37:35 开始操作号码 【1727019】
2021-07-19 01:38:39 GSD getOne 第 1 次 等待 3 秒
2021-07-19 01:38:42 查询号码 【1727019】，返回信息 {"status":"bad","msg":""}
2021-07-19 01:38:42 查询号码 【1727019】，GSD为【""】
2021-07-19 01:38:42 bad
2021-07-19 01:38:45 CHB 1727019?1626629922 第 1 次 等待 3 秒
2021-07-19 01:38:48 CHB 1727019?1626629922 第 1 次 获取到号码【1727019】GSD
2021-07-19 01:38:48 获取到号码【1727019】的GSD为【福建-福州】
2021-07-19 01:38:51 GSD insert 第 1 次 等待 3 秒
2021-07-19 01:38:54 {"status":"ok","gid":321176,"msg":"添加成功！"}
2021-07-19 01:38:54 下次操作: 2021-07-19 01:39:09

2021-07-19 01:39:09 开始第 34 次操作

2021-07-19 01:39:10 开始操作号码 【1727020】
2021-07-19 01:39:30 GSD getOne 第 1 次 等待 3 秒
2021-07-19 01:39:33 查询号码 【1727020】，返回信息 {"status":"bad","msg":""}
2021-07-19 01:39:33 查询号码 【1727020】，GSD为【""】
2021-07-19 01:39:33 bad
2021-07-19 01:39:35 CHB 1727020?1626629973 第 1 次 等待 3 秒
2021-07-19 01:39:38 CHB 1727020?1626629973 第 1 次 获取到号码【1727020】GSD
2021-07-19 01:39:38 获取到号码【1727020】的GSD为【福建-福州】
2021-07-19 01:40:10 GSD insert 第 1 次 等待 3 秒
2021-07-19 01:40:13 {"status":"ok","gid":321191,"msg":"添加成功！"}
2021-07-19 01:40:13 下次操作: 2021-07-19 01:40:37

2021-07-19 01:40:37 开始第 35 次操作

2021-07-19 01:40:37 开始操作号码 【1727021】
2021-07-19 01:40:41 GSD getOne 第 1 次 等待 3 秒
2021-07-19 01:40:44 查询号码 【1727021】，返回信息 {"status":"bad","msg":""}
2021-07-19 01:40:45 查询号码 【1727021】，GSD为【""】
2021-07-19 01:40:45 bad
2021-07-19 01:40:46 CHB 1727021?1626630045 第 1 次 等待 3 秒
2021-07-19 01:40:49 CHB 1727021?1626630045 第 1 次 获取到号码【1727021】GSD
2021-07-19 01:40:49 获取到号码【1727021】的GSD为【福建-福州】
2021-07-19 01:40:53 GSD insert 第 1 次 等待 3 秒
2021-07-19 01:40:56 {"status":"ok","gid":321197,"msg":"添加成功！"}
2021-07-19 01:40:56 下次操作: 2021-07-19 01:41:10

2021-07-19 01:41:10 开始第 36 次操作

2021-07-19 01:41:10 开始操作号码 【1727022】
2021-07-19 01:41:13 GSD getOne 第 1 次 等待 3 秒
2021-07-19 01:41:16 查询号码 【1727022】，返回信息 {"status":"bad","msg":""}
2021-07-19 01:41:16 查询号码 【1727022】，GSD为【""】
2021-07-19 01:41:16 bad
2021-07-19 01:41:18 CHB 1727022?1626630076 第 1 次 等待 3 秒
2021-07-19 01:41:21 CHB 1727022?1626630076 第 1 次 获取到号码【1727022】GSD
2021-07-19 01:41:21 获取到号码【1727022】的GSD为【福建-福州】
2021-07-19 01:41:37 GSD insert 第 1 次 等待 3 秒
2021-07-19 01:41:40 {"status":"ok","gid":321203,"msg":"添加成功！"}
2021-07-19 01:41:40 下次操作: 2021-07-19 01:41:58

2021-07-19 01:41:58 开始第 37 次操作

2021-07-19 01:41:58 开始操作号码 【1727023】
2021-07-19 01:42:01 GSD getOne 第 1 次 等待 3 秒
2021-07-19 01:42:04 查询号码 【1727023】，返回信息 {"status":"bad","msg":""}
2021-07-19 01:42:04 查询号码 【1727023】，GSD为【""】
2021-07-19 01:42:04 bad
2021-07-19 01:42:05 CHB 1727023?1626630124 第 1 次 等待 3 秒
2021-07-19 01:42:08 CHB 1727023?1626630124 第 1 次 获取到号码【1727023】GSD
2021-07-19 01:42:08 获取到号码【1727023】的GSD为【福建-福州】
2021-07-19 01:42:51 GSD insert 第 1 次 等待 3 秒
2021-07-19 01:42:54 {"status":"ok","gid":321221,"msg":"添加成功！"}
2021-07-19 01:42:54 下次操作: 2021-07-19 01:43:10

2021-07-19 01:43:10 开始第 38 次操作

2021-07-19 01:43:10 开始操作号码 【1727024】
2021-07-19 01:43:32 GSD getOne 第 1 次 等待 3 秒
2021-07-19 01:43:35 查询号码 【1727024】，返回信息 {"status":"bad","msg":""}
2021-07-19 01:43:35 查询号码 【1727024】，GSD为【""】
2021-07-19 01:43:35 bad
2021-07-19 01:43:37 CHB 1727024?1626630215 第 1 次 等待 3 秒
2021-07-19 01:43:40 CHB 1727024?1626630215 第 1 次 获取到号码【1727024】GSD
2021-07-19 01:43:40 获取到号码【1727024】的GSD为【福建-福州】
2021-07-19 01:43:54 GSD insert 第 1 次 等待 3 秒
2021-07-19 01:43:57 {"status":"ok","gid":321227,"msg":"添加成功！"}
2021-07-19 01:43:57 下次操作: 2021-07-19 01:44:16

2021-07-19 01:44:16 开始第 39 次操作

2021-07-19 01:44:16 开始操作号码 【1727025】
2021-07-19 01:44:20 GSD getOne 第 1 次 等待 3 秒
2021-07-19 01:44:23 查询号码 【1727025】，返回信息 {"status":"bad","msg":""}
2021-07-19 01:44:23 查询号码 【1727025】，GSD为【""】
2021-07-19 01:44:23 bad
2021-07-19 01:44:25 CHB 1727025?1626630263 第 1 次 等待 3 秒
2021-07-19 01:44:28 CHB 1727025?1626630263 第 1 次 获取到号码【1727025】GSD
2021-07-19 01:44:28 获取到号码【1727025】的GSD为【福建-福州】
2021-07-19 01:44:36 GSD insert 第 1 次 等待 3 秒
2021-07-19 01:44:39 {"status":"ok","gid":321234,"msg":"添加成功！"}
2021-07-19 01:44:39 下次操作: 2021-07-19 01:45:00

2021-07-19 01:45:00 开始第 40 次操作

2021-07-19 01:45:00 开始操作号码 【1727026】
2021-07-19 01:45:03 GSD getOne 第 1 次 等待 3 秒
2021-07-19 01:45:06 查询号码 【1727026】，返回信息 {"status":"bad","msg":""}
2021-07-19 01:45:06 查询号码 【1727026】，GSD为【""】
2021-07-19 01:45:06 bad
2021-07-19 01:45:08 CHB 1727026?1626630306 第 1 次 等待 3 秒
2021-07-19 01:45:11 CHB 1727026?1626630306 第 1 次 获取到号码【1727026】GSD
2021-07-19 01:45:11 获取到号码【1727026】的GSD为【福建-福州】
2021-07-19 01:45:26 GSD insert 第 1 次 等待 3 秒
2021-07-19 01:45:29 {"status":"ok","gid":321243,"msg":"添加成功！"}

