2021-07-01 00:00:46 开始第 7 次操作

2021-07-01 00:00:46 开始操作号码 【1733040】
2021-07-01 00:00:51 GSD getOne 第 1 次 等待 1 秒
2021-07-01 00:00:52 查询号码 【1733040】，返回信息 {"status":"bad","msg":""}
2021-07-01 00:00:52 查询号码 【1733040】，GSD为【""】
2021-07-01 00:00:52 bad
2021-07-01 00:00:55 CHB 1733040?1625068852 第 1 次 等待 1 秒
2021-07-01 00:00:56 CHB 1733040?1625068852 第 1 次 获取到号码【1733040】GSD
2021-07-01 00:00:56 获取到号码【1733040】的GSD为【河北-唐山】
2021-07-01 00:01:17 GSD insert 第 1 次 等待 1 秒
2021-07-01 00:01:18 {"status":"ok","msg":"添加成功！163010"}
2021-07-01 00:01:18 下次操作: 2021-07-01 00:01:31

2021-07-01 00:01:31 开始第 8 次操作

2021-07-01 00:01:31 开始操作号码 【1733041】
2021-07-01 00:01:38 GSD getOne 第 1 次 等待 1 秒
2021-07-01 00:01:39 查询号码 【1733041】，返回信息 {"status":"bad","msg":""}
2021-07-01 00:01:39 查询号码 【1733041】，GSD为【""】
2021-07-01 00:01:39 bad
2021-07-01 00:01:43 CHB 1733041?1625068899 第 1 次 等待 1 秒
2021-07-01 00:01:44 CHB 1733041?1625068899 第 1 次 获取到号码【1733041】GSD
2021-07-01 00:01:44 获取到号码【1733041】的GSD为【河北-唐山】
2021-07-01 00:02:19 GSD insert 第 1 次 等待 1 秒
2021-07-01 00:02:20 {"status":"ok","msg":"添加成功！163018"}
2021-07-01 00:02:20 下次操作: 2021-07-01 00:02:38

2021-07-01 00:02:38 开始第 9 次操作

2021-07-01 00:02:38 开始操作号码 【1733042】
2021-07-01 00:02:42 GSD getOne 第 1 次 等待 1 秒
2021-07-01 00:02:43 查询号码 【1733042】，返回信息 {"status":"bad","msg":""}
2021-07-01 00:02:43 查询号码 【1733042】，GSD为【""】
2021-07-01 00:02:43 bad
2021-07-01 00:02:45 CHB 1733042?1625068963 第 1 次 等待 1 秒
2021-07-01 00:02:46 CHB 1733042?1625068963 第 1 次 获取到号码【1733042】GSD
2021-07-01 00:02:47 获取到号码【1733042】的GSD为【河北-唐山】
2021-07-01 00:03:14 GSD insert 第 1 次 等待 1 秒
2021-07-01 00:03:15 {"status":"ok","msg":"添加成功！163024"}
2021-07-01 00:03:15 下次操作: 2021-07-01 00:03:33

2021-07-01 00:03:33 开始第 10 次操作

2021-07-01 00:03:33 开始操作号码 【1733043】
2021-07-01 00:03:38 GSD getOne 第 1 次 等待 1 秒
2021-07-01 00:03:39 查询号码 【1733043】，返回信息 {"status":"bad","msg":""}
2021-07-01 00:03:39 查询号码 【1733043】，GSD为【""】
2021-07-01 00:03:39 bad
2021-07-01 00:03:41 CHB 1733043?1625069019 第 1 次 等待 1 秒
2021-07-01 00:03:42 CHB 1733043?1625069019 第 1 次 获取到号码【1733043】GSD
2021-07-01 00:03:42 获取到号码【1733043】的GSD为【河北-唐山】
2021-07-01 00:04:03 GSD insert 第 1 次 等待 1 秒
2021-07-01 00:04:04 {"status":"ok","msg":"添加成功！163032"}
2021-07-01 00:04:04 下次操作: 2021-07-01 00:04:22

2021-07-01 00:04:22 开始第 11 次操作

2021-07-01 00:04:22 开始操作号码 【1733044】
2021-07-01 00:04:27 GSD getOne 第 1 次 等待 1 秒
2021-07-01 00:04:28 查询号码 【1733044】，返回信息 {"status":"bad","msg":""}
2021-07-01 00:04:28 查询号码 【1733044】，GSD为【""】
2021-07-01 00:04:28 bad
2021-07-01 00:04:37 CHB 1733044?1625069068 第 1 次 等待 1 秒
2021-07-01 00:04:38 CHB 1733044?1625069068 第 1 次 获取到号码【1733044】GSD
2021-07-01 00:04:38 获取到号码【1733044】的GSD为【河北-唐山】
2021-07-01 00:04:50 GSD insert 第 1 次 等待 1 秒
2021-07-01 00:04:51 {"status":"ok","msg":"添加成功！163039"}
2021-07-01 00:04:51 下次操作: 2021-07-01 00:04:59

2021-07-01 00:04:59 开始第 12 次操作

2021-07-01 00:04:59 开始操作号码 【1733045】
2021-07-01 00:05:10 GSD getOne 第 1 次 等待 1 秒
2021-07-01 00:05:11 查询号码 【1733045】，返回信息 {"status":"bad","msg":""}
2021-07-01 00:05:11 查询号码 【1733045】，GSD为【""】
2021-07-01 00:05:11 bad
2021-07-01 00:05:13 CHB 1733045?1625069111 第 1 次 等待 1 秒
2021-07-01 00:05:14 CHB 1733045?1625069111 第 1 次 获取到号码【1733045】GSD
2021-07-01 00:05:14 获取到号码【1733045】的GSD为【河北-唐山】
2021-07-01 00:05:34 GSD insert 第 1 次 等待 1 秒
2021-07-01 00:05:35 {"status":"ok","msg":"添加成功！163046"}
2021-07-01 00:05:35 下次操作: 2021-07-01 00:05:47

2021-07-01 00:05:47 开始第 13 次操作

2021-07-01 00:05:47 开始操作号码 【1733046】
2021-07-01 00:05:58 GSD getOne 第 1 次 等待 1 秒
2021-07-01 00:05:59 查询号码 【1733046】，返回信息 {"status":"bad","msg":""}
2021-07-01 00:05:59 查询号码 【1733046】，GSD为【""】
2021-07-01 00:05:59 bad
2021-07-01 00:06:01 CHB 1733046?1625069159 第 1 次 等待 1 秒
2021-07-01 00:06:02 CHB 1733046?1625069159 第 1 次 获取到号码【1733046】GSD
2021-07-01 00:06:02 获取到号码【1733046】的GSD为【河北-唐山】
2021-07-01 00:06:23 GSD insert 第 1 次 等待 1 秒
2021-07-01 00:06:24 {"status":"ok","msg":"添加成功！163054"}
2021-07-01 00:06:24 下次操作: 2021-07-01 00:06:35

2021-07-01 00:06:35 开始第 14 次操作

2021-07-01 00:06:35 开始操作号码 【1733047】
2021-07-01 00:06:46 GSD getOne 第 1 次 等待 1 秒
2021-07-01 00:06:47 查询号码 【1733047】，返回信息 {"status":"bad","msg":""}
2021-07-01 00:06:47 查询号码 【1733047】，GSD为【""】
2021-07-01 00:06:47 bad
2021-07-01 00:06:50 CHB 1733047?1625069207 第 1 次 等待 1 秒
2021-07-01 00:06:51 CHB 1733047?1625069207 第 1 次 获取到号码【1733047】GSD
2021-07-01 00:06:51 获取到号码【1733047】的GSD为【河北-唐山】
2021-07-01 00:08:03 GSD insert 第 1 次 等待 1 秒
2021-07-01 00:08:04 {"status":"ok","msg":"添加成功！163067"}
2021-07-01 00:08:04 下次操作: 2021-07-01 00:08:16

2021-07-01 00:08:16 开始第 15 次操作

2021-07-01 00:08:16 开始操作号码 【1733048】
2021-07-01 00:08:22 GSD getOne 第 1 次 等待 1 秒
2021-07-01 00:08:23 查询号码 【1733048】，返回信息 {"status":"bad","msg":""}
2021-07-01 00:08:24 查询号码 【1733048】，GSD为【""】
2021-07-01 00:08:24 bad
2021-07-01 00:08:26 CHB 1733048?1625069304 第 1 次 等待 1 秒
2021-07-01 00:08:27 CHB 1733048?1625069304 第 1 次 获取到号码【1733048】GSD
2021-07-01 00:08:27 获取到号码【1733048】的GSD为【河北-唐山】
2021-07-01 00:08:46 GSD insert 第 1 次 等待 1 秒
2021-07-01 00:08:47 {"status":"ok","msg":"添加成功！163073"}
2021-07-01 00:08:48 下次操作: 2021-07-01 00:09:03

2021-07-01 00:09:03 开始第 16 次操作

2021-07-01 00:09:03 开始操作号码 【1733049】
2021-07-01 00:09:08 GSD getOne 第 1 次 等待 1 秒
2021-07-01 00:09:09 查询号码 【1733049】，返回信息 {"status":"bad","msg":""}
2021-07-01 00:09:09 查询号码 【1733049】，GSD为【""】
2021-07-01 00:09:09 bad
2021-07-01 00:09:11 CHB 1733049?1625069349 第 1 次 等待 1 秒
2021-07-01 00:09:12 CHB 1733049?1625069349 第 1 次 获取到号码【1733049】GSD
2021-07-01 00:09:12 获取到号码【1733049】的GSD为【河北-唐山】
2021-07-01 00:09:48 GSD insert 第 1 次 等待 1 秒
2021-07-01 00:09:49 {"status":"ok","msg":"添加成功！163078"}
2021-07-01 00:09:50 下次操作: 2021-07-01 00:10:03

2021-07-01 00:10:03 开始第 17 次操作

2021-07-01 00:10:03 开始操作号码 【1733050】
2021-07-01 00:10:12 GSD getOne 第 1 次 等待 1 秒
2021-07-01 00:10:13 查询号码 【1733050】，返回信息 {"status":"bad","msg":""}
2021-07-01 00:10:13 查询号码 【1733050】，GSD为【""】
2021-07-01 00:10:13 bad
2021-07-01 00:10:16 CHB 1733050?1625069413 第 1 次 等待 1 秒
2021-07-01 00:10:17 CHB 1733050?1625069413 第 1 次 获取到号码【1733050】GSD
2021-07-01 00:10:17 获取到号码【1733050】的GSD为【河北-唐山】
2021-07-01 00:10:53 GSD insert 第 1 次 等待 1 秒
2021-07-01 00:10:54 {"status":"ok","msg":"添加成功！163082"}
2021-07-01 00:10:54 下次操作: 2021-07-01 00:11:10

2021-07-01 00:11:10 开始第 18 次操作

2021-07-01 00:11:10 开始操作号码 【1733051】
2021-07-01 00:11:15 GSD getOne 第 1 次 等待 1 秒
2021-07-01 00:11:16 查询号码 【1733051】，返回信息 {"status":"bad","msg":""}
2021-07-01 00:11:16 查询号码 【1733051】，GSD为【""】
2021-07-01 00:11:16 bad
2021-07-01 00:11:18 CHB 1733051?1625069476 第 1 次 等待 1 秒
2021-07-01 00:11:19 CHB 1733051?1625069476 第 1 次 获取到号码【1733051】GSD
2021-07-01 00:11:19 获取到号码【1733051】的GSD为【河北-唐山】
2021-07-01 00:11:39 GSD insert 第 1 次 等待 1 秒
2021-07-01 00:11:40 {"status":"ok","msg":"添加成功！163085"}
2021-07-01 00:11:40 下次操作: 2021-07-01 00:11:56

2021-07-01 00:11:56 开始第 19 次操作

2021-07-01 00:11:56 开始操作号码 【1733052】
2021-07-01 00:12:00 GSD getOne 第 1 次 等待 1 秒
2021-07-01 00:12:01 查询号码 【1733052】，返回信息 {"status":"bad","msg":""}
2021-07-01 00:12:01 查询号码 【1733052】，GSD为【""】
2021-07-01 00:12:01 bad
2021-07-01 00:12:03 CHB 1733052?1625069521 第 1 次 等待 1 秒
2021-07-01 00:12:04 CHB 1733052?1625069521 第 1 次 获取到号码【1733052】GSD
2021-07-01 00:12:04 获取到号码【1733052】的GSD为【河北-唐山】
2021-07-01 00:12:27 GSD insert 第 1 次 等待 1 秒
2021-07-01 00:12:28 {"status":"ok","msg":"添加成功！163088"}
2021-07-01 00:12:28 下次操作: 2021-07-01 00:12:44

2021-07-01 00:12:44 开始第 20 次操作

2021-07-01 00:12:44 开始操作号码 【1733053】
2021-07-01 00:12:48 GSD getOne 第 1 次 等待 1 秒
2021-07-01 00:12:49 查询号码 【1733053】，返回信息 {"status":"bad","msg":""}
2021-07-01 00:12:49 查询号码 【1733053】，GSD为【""】
2021-07-01 00:12:49 bad
2021-07-01 00:12:51 CHB 1733053?1625069569 第 1 次 等待 1 秒
2021-07-01 00:12:52 CHB 1733053?1625069569 第 1 次 获取到号码【1733053】GSD
2021-07-01 00:12:52 获取到号码【1733053】的GSD为【河北-唐山】
2021-07-01 00:13:12 GSD insert 第 1 次 等待 1 秒
2021-07-01 00:13:13 {"status":"ok","msg":"添加成功！163090"}
2021-07-01 00:13:13 下次操作: 2021-07-01 00:13:22

2021-07-01 00:13:22 开始第 21 次操作

2021-07-01 00:13:22 开始操作号码 【1733054】
2021-07-01 00:13:33 GSD getOne 第 1 次 等待 1 秒
2021-07-01 00:13:34 查询号码 【1733054】，返回信息 {"status":"bad","msg":""}
2021-07-01 00:13:34 查询号码 【1733054】，GSD为【""】
2021-07-01 00:13:34 bad
2021-07-01 00:13:37 CHB 1733054?1625069614 第 1 次 等待 1 秒
2021-07-01 00:13:38 CHB 1733054?1625069614 第 1 次 获取到号码【1733054】GSD
2021-07-01 00:13:38 获取到号码【1733054】的GSD为【河北-唐山】
2021-07-01 00:13:58 GSD insert 第 1 次 等待 1 秒
2021-07-01 00:13:59 {"status":"ok","msg":"添加成功！163092"}
2021-07-01 00:13:59 下次操作: 2021-07-01 00:14:11

2021-07-01 00:14:11 开始第 22 次操作

2021-07-01 00:14:11 开始操作号码 【1733055】
2021-07-01 00:14:19 GSD getOne 第 1 次 等待 1 秒
2021-07-01 00:14:20 查询号码 【1733055】，返回信息 {"status":"bad","msg":""}
2021-07-01 00:14:20 查询号码 【1733055】，GSD为【""】
2021-07-01 00:14:20 bad
2021-07-01 00:14:22 CHB 1733055?1625069660 第 1 次 等待 1 秒
2021-07-01 00:14:23 CHB 1733055?1625069660 第 1 次 获取到号码【1733055】GSD
2021-07-01 00:14:23 获取到号码【1733055】的GSD为【河北-唐山】
2021-07-01 00:14:47 GSD insert 第 1 次 等待 1 秒
2021-07-01 00:14:48 {"status":"ok","msg":"添加成功！163096"}
2021-07-01 00:14:48 下次操作: 2021-07-01 00:15:03

2021-07-01 00:15:03 开始第 23 次操作

2021-07-01 00:15:03 开始操作号码 【1733056】
2021-07-01 00:15:10 GSD getOne 第 1 次 等待 1 秒
2021-07-01 00:15:11 查询号码 【1733056】，返回信息 {"status":"bad","msg":""}
2021-07-01 00:15:11 查询号码 【1733056】，GSD为【""】
2021-07-01 00:15:11 bad
2021-07-01 00:15:13 CHB 1733056?1625069711 第 1 次 等待 1 秒
2021-07-01 00:15:14 CHB 1733056?1625069711 第 1 次 获取到号码【1733056】GSD
2021-07-01 00:15:14 获取到号码【1733056】的GSD为【河北-唐山】
2021-07-01 00:15:34 GSD insert 第 1 次 等待 1 秒
2021-07-01 00:15:35 {"status":"ok","msg":"添加成功！163098"}
2021-07-01 00:15:35 下次操作: 2021-07-01 00:15:43

2021-07-01 00:15:43 开始第 24 次操作

2021-07-01 00:15:43 开始操作号码 【1733057】
2021-07-01 00:16:03 GSD getOne 第 1 次 等待 1 秒
2021-07-01 00:16:04 查询号码 【1733057】，返回信息 {"status":"bad","msg":""}
2021-07-01 00:16:04 查询号码 【1733057】，GSD为【""】
2021-07-01 00:16:04 bad
2021-07-01 00:16:07 CHB 1733057?1625069764 第 1 次 等待 1 秒
2021-07-01 00:16:08 CHB 1733057?1625069764 第 1 次 获取到号码【1733057】GSD
2021-07-01 00:16:08 获取到号码【1733057】的GSD为【河北-唐山】
2021-07-01 00:16:29 GSD insert 第 1 次 等待 1 秒
2021-07-01 00:16:30 {"status":"ok","msg":"添加成功！163101"}
2021-07-01 00:16:30 下次操作: 2021-07-01 00:16:41

2021-07-01 00:16:41 开始第 25 次操作

2021-07-01 00:16:41 开始操作号码 【1733058】
2021-07-01 00:16:52 GSD getOne 第 1 次 等待 1 秒
2021-07-01 00:16:53 查询号码 【1733058】，返回信息 {"status":"bad","msg":""}
2021-07-01 00:16:54 查询号码 【1733058】，GSD为【""】
2021-07-01 00:16:54 bad
2021-07-01 00:16:56 CHB 1733058?1625069814 第 1 次 等待 1 秒
2021-07-01 00:16:57 CHB 1733058?1625069814 第 1 次 获取到号码【1733058】GSD
2021-07-01 00:16:57 获取到号码【1733058】的GSD为【河北-唐山】
2021-07-01 00:17:20 GSD insert 第 1 次 等待 1 秒
2021-07-01 00:17:21 {"status":"ok","msg":"添加成功！163106"}
2021-07-01 00:17:21 下次操作: 2021-07-01 00:17:27

2021-07-01 00:17:27 开始第 26 次操作

2021-07-01 00:17:27 开始操作号码 【1733059】
2021-07-01 00:18:03 GSD getOne 第 1 次 等待 1 秒
2021-07-01 00:18:04 查询号码 【1733059】，返回信息 {"status":"bad","msg":""}
2021-07-01 00:18:04 查询号码 【1733059】，GSD为【""】
2021-07-01 00:18:04 bad
2021-07-01 00:18:08 CHB 1733059?1625069884 第 1 次 等待 1 秒
2021-07-01 00:18:09 CHB 1733059?1625069884 第 1 次 获取到号码【1733059】GSD
2021-07-01 00:18:09 获取到号码【1733059】的GSD为【河北-唐山】
2021-07-01 00:18:30 GSD insert 第 1 次 等待 1 秒
2021-07-01 00:18:31 {"status":"ok","msg":"添加成功！163108"}
2021-07-01 00:18:31 下次操作: 2021-07-01 00:18:46

2021-07-01 00:18:46 开始第 27 次操作

2021-07-01 00:18:46 开始操作号码 【1733060】
2021-07-01 00:18:51 GSD getOne 第 1 次 等待 1 秒
2021-07-01 00:18:52 查询号码 【1733060】，返回信息 {"status":"bad","msg":""}
2021-07-01 00:18:52 查询号码 【1733060】，GSD为【""】
2021-07-01 00:18:52 bad
2021-07-01 00:18:55 CHB 1733060?1625069932 第 1 次 等待 1 秒
2021-07-01 00:18:56 CHB 1733060?1625069932 第 1 次 获取到号码【1733060】GSD
2021-07-01 00:18:56 获取到号码【1733060】的GSD为【安徽-蚌埠】
2021-07-01 00:19:15 GSD insert 第 1 次 等待 1 秒
2021-07-01 00:19:16 {"status":"ok","msg":"添加成功！163111"}
2021-07-01 00:19:16 下次操作: 2021-07-01 00:19:23

2021-07-01 00:19:23 开始第 28 次操作

2021-07-01 00:19:23 开始操作号码 【1733061】
2021-07-01 00:19:45 GSD getOne 第 1 次 等待 1 秒
2021-07-01 00:19:46 查询号码 【1733061】，返回信息 {"status":"bad","msg":""}
2021-07-01 00:19:46 查询号码 【1733061】，GSD为【""】
2021-07-01 00:19:46 bad
2021-07-01 00:19:49 CHB 1733061?1625069986 第 1 次 等待 1 秒
2021-07-01 00:19:50 CHB 1733061?1625069986 第 1 次 获取到号码【1733061】GSD
2021-07-01 00:19:51 获取到号码【1733061】的GSD为【安徽-蚌埠】
2021-07-01 00:20:11 GSD insert 第 1 次 等待 1 秒
2021-07-01 00:20:12 {"status":"ok","msg":"添加成功！163114"}
2021-07-01 00:20:12 下次操作: 2021-07-01 00:20:18

2021-07-01 00:20:18 开始第 29 次操作

2021-07-01 00:20:18 开始操作号码 【1733062】
2021-07-01 00:20:37 GSD getOne 第 1 次 等待 1 秒
2021-07-01 00:20:38 查询号码 【1733062】，返回信息 {"status":"bad","msg":""}
2021-07-01 00:20:38 查询号码 【1733062】，GSD为【""】
2021-07-01 00:20:38 bad
2021-07-01 00:20:42 CHB 1733062?1625070038 第 1 次 等待 1 秒
2021-07-01 00:20:43 CHB 1733062?1625070038 第 1 次 获取到号码【1733062】GSD
2021-07-01 00:20:43 获取到号码【1733062】的GSD为【安徽-芜湖】
2021-07-01 00:21:02 GSD insert 第 1 次 等待 1 秒
2021-07-01 00:21:03 {"status":"ok","msg":"添加成功！163117"}
2021-07-01 00:21:03 下次操作: 2021-07-01 00:21:14

2021-07-01 00:21:14 开始第 30 次操作

2021-07-01 00:21:14 开始操作号码 【1733063】
2021-07-01 00:21:53 GSD getOne 第 1 次 等待 1 秒
2021-07-01 00:21:54 查询号码 【1733063】，返回信息 {"status":"bad","msg":""}
2021-07-01 00:21:54 查询号码 【1733063】，GSD为【""】
2021-07-01 00:21:54 bad
2021-07-01 00:21:57 CHB 1733063?1625070114 第 1 次 等待 1 秒
2021-07-01 00:21:58 CHB 1733063?1625070114 第 1 次 获取到号码【1733063】GSD
2021-07-01 00:21:59 获取到号码【1733063】的GSD为【安徽-芜湖】
2021-07-01 00:22:18 GSD insert 第 1 次 等待 1 秒
2021-07-01 00:22:19 {"status":"ok","msg":"添加成功！163122"}

2021-07-01 01:40:35 开始第 1 次操作

2021-07-01 01:40:35 开始操作号码 【1733064】
2021-07-01 01:40:42 GSD getOne 第 1 次 等待 1 秒
2021-07-01 01:40:43 查询号码 【1733064】，返回信息 {"status":"ok","msg":"安徽-淮南","time_insert":"2021-07-01 01:24"}
2021-07-01 01:40:43 查询号码 【1733064】，GSD为【"安徽-淮南"】

2021-07-01 01:40:43 开始第 1 次操作

2021-07-01 01:40:43 开始操作号码 【1733065】
2021-07-01 01:41:02 GSD getOne 第 1 次 等待 1 秒
2021-07-01 01:41:03 查询号码 【1733065】，返回信息 {"status":"ok","msg":"安徽-淮南","time_insert":"2019-04-24 17:01","time_update":"2020-08-15 18:26"}
2021-07-01 01:41:03 查询号码 【1733065】，GSD为【"安徽-淮南"】

2021-07-01 01:41:03 开始第 1 次操作

2021-07-01 01:41:03 开始操作号码 【1733066】
2021-07-01 01:41:23 GSD getOne 第 1 次 等待 1 秒
2021-07-01 01:41:24 查询号码 【1733066】，返回信息 {"status":"ok","msg":"安徽-马鞍山","time_insert":"2021-07-01 01:25"}
2021-07-01 01:41:24 查询号码 【1733066】，GSD为【"安徽-马鞍山"】

2021-07-01 01:41:24 开始第 1 次操作

2021-07-01 01:41:24 开始操作号码 【1733067】
2021-07-01 01:41:43 GSD getOne 第 1 次 等待 1 秒
2021-07-01 01:41:44 查询号码 【1733067】，返回信息 {"status":"ok","msg":"安徽-马鞍山","time_insert":"2021-07-01 01:25"}
2021-07-01 01:41:44 查询号码 【1733067】，GSD为【"安徽-马鞍山"】

2021-07-01 01:41:44 开始第 1 次操作

2021-07-01 01:41:44 开始操作号码 【1733068】
2021-07-01 01:42:03 GSD getOne 第 1 次 等待 1 秒
2021-07-01 01:42:04 查询号码 【1733068】，返回信息 {"status":"ok","msg":"安徽-安庆","time_insert":"2021-07-01 01:26"}
2021-07-01 01:42:04 查询号码 【1733068】，GSD为【"安徽-安庆"】

2021-07-01 01:42:04 开始第 1 次操作

2021-07-01 01:42:04 开始操作号码 【1733069】
2021-07-01 01:42:29 GSD getOne 第 1 次 等待 1 秒
2021-07-01 01:42:30 查询号码 【1733069】，返回信息 {"status":"ok","msg":"安徽-安庆","time_insert":"2021-07-01 01:26"}
2021-07-01 01:42:30 查询号码 【1733069】，GSD为【"安徽-安庆"】

2021-07-01 01:42:30 开始第 1 次操作

2021-07-01 01:42:30 开始操作号码 【1733070】
2021-07-01 01:42:50 GSD getOne 第 1 次 等待 1 秒
2021-07-01 01:42:51 查询号码 【1733070】，返回信息 {"status":"ok","msg":"安徽-宿州","time_insert":"2021-07-01 01:27"}
2021-07-01 01:42:51 查询号码 【1733070】，GSD为【"安徽-宿州"】

2021-07-01 01:42:51 开始第 1 次操作

2021-07-01 01:42:51 开始操作号码 【1733071】
2021-07-01 01:43:10 GSD getOne 第 1 次 等待 1 秒
2021-07-01 01:43:11 查询号码 【1733071】，返回信息 {"status":"ok","msg":"安徽-宿州","time_insert":"2021-07-01 01:27"}
2021-07-01 01:43:11 查询号码 【1733071】，GSD为【"安徽-宿州"】

2021-07-01 01:43:11 开始第 1 次操作

2021-07-01 01:43:11 开始操作号码 【1733072】
2021-07-01 01:43:31 GSD getOne 第 1 次 等待 1 秒
2021-07-01 01:43:32 查询号码 【1733072】，返回信息 {"status":"ok","msg":"安徽-阜阳","time_insert":"2021-07-01 01:28"}
2021-07-01 01:43:32 查询号码 【1733072】，GSD为【"安徽-阜阳"】

2021-07-01 01:43:32 开始第 1 次操作

2021-07-01 01:43:32 开始操作号码 【1733073】
2021-07-01 01:43:52 GSD getOne 第 1 次 等待 1 秒
2021-07-01 01:43:53 查询号码 【1733073】，返回信息 {"status":"ok","msg":"安徽-阜阳","time_insert":"2021-07-01 01:28"}
2021-07-01 01:43:53 查询号码 【1733073】，GSD为【"安徽-阜阳"】

2021-07-01 01:43:53 开始第 1 次操作

2021-07-01 01:43:53 开始操作号码 【1733074】
2021-07-01 01:44:12 GSD getOne 第 1 次 等待 1 秒
2021-07-01 01:44:13 查询号码 【1733074】，返回信息 {"status":"ok","msg":"安徽-亳州","time_insert":"2021-07-01 01:29"}
2021-07-01 01:44:13 查询号码 【1733074】，GSD为【"安徽-亳州"】

2021-07-01 01:44:13 开始第 1 次操作

2021-07-01 01:44:13 开始操作号码 【1733075】
2021-07-01 01:44:33 GSD getOne 第 1 次 等待 1 秒
2021-07-01 01:44:34 查询号码 【1733075】，返回信息 {"status":"ok","msg":"安徽-亳州","time_insert":"2021-07-01 01:29"}
2021-07-01 01:44:34 查询号码 【1733075】，GSD为【"安徽-亳州"】

2021-07-01 01:44:34 开始第 1 次操作

2021-07-01 01:44:34 开始操作号码 【1733076】
2021-07-01 01:44:53 GSD getOne 第 1 次 等待 1 秒
2021-07-01 01:44:54 查询号码 【1733076】，返回信息 {"status":"ok","msg":"安徽-黄山","time_insert":"2021-07-01 01:29"}
2021-07-01 01:44:54 查询号码 【1733076】，GSD为【"安徽-黄山"】

2021-07-01 01:44:54 开始第 1 次操作

2021-07-01 01:44:54 开始操作号码 【1733077】
2021-07-01 01:45:13 GSD getOne 第 1 次 等待 1 秒
2021-07-01 01:45:14 查询号码 【1733077】，返回信息 {"status":"ok","msg":"安徽-黄山","time_insert":"2021-07-01 01:30"}
2021-07-01 01:45:14 查询号码 【1733077】，GSD为【"安徽-黄山"】

2021-07-01 01:45:14 开始第 1 次操作

2021-07-01 01:45:14 开始操作号码 【1733078】
2021-07-01 01:45:34 GSD getOne 第 1 次 等待 1 秒
2021-07-01 01:45:35 查询号码 【1733078】，返回信息 {"status":"ok","msg":"安徽-滁州","time_insert":"2021-07-01 01:30"}
2021-07-01 01:45:35 查询号码 【1733078】，GSD为【"安徽-滁州"】

2021-07-01 01:45:35 开始第 1 次操作

2021-07-01 01:45:35 开始操作号码 【1733079】
2021-07-01 01:45:54 GSD getOne 第 1 次 等待 1 秒
2021-07-01 01:45:55 查询号码 【1733079】，返回信息 {"status":"ok","msg":"安徽-滁州","time_insert":"2021-07-01 01:31"}
2021-07-01 01:45:55 查询号码 【1733079】，GSD为【"安徽-滁州"】

2021-07-01 01:45:55 开始第 1 次操作

2021-07-01 01:45:55 开始操作号码 【1733080】
2021-07-01 01:46:15 GSD getOne 第 1 次 等待 1 秒
2021-07-01 01:46:16 查询号码 【1733080】，返回信息 {"status":"ok","msg":"海南-海口","time_insert":"2021-07-01 01:31"}
2021-07-01 01:46:16 查询号码 【1733080】，GSD为【"海南-海口"】

2021-07-01 01:46:16 开始第 1 次操作

2021-07-01 01:46:16 开始操作号码 【1733081】
2021-07-01 01:46:35 GSD getOne 第 1 次 等待 1 秒
2021-07-01 01:46:36 查询号码 【1733081】，返回信息 {"status":"ok","msg":"海南-海口","time_insert":"2021-07-01 01:31"}
2021-07-01 01:46:36 查询号码 【1733081】，GSD为【"海南-海口"】

2021-07-01 01:46:36 开始第 1 次操作

2021-07-01 01:46:36 开始操作号码 【1733082】
2021-07-01 01:46:55 GSD getOne 第 1 次 等待 1 秒
2021-07-01 01:46:56 查询号码 【1733082】，返回信息 {"status":"ok","msg":"海南-海口","time_insert":"2021-07-01 01:32"}
2021-07-01 01:46:56 查询号码 【1733082】，GSD为【"海南-海口"】

2021-07-01 01:46:56 开始第 1 次操作

2021-07-01 01:46:56 开始操作号码 【1733083】
2021-07-01 01:47:15 GSD getOne 第 1 次 等待 1 秒
2021-07-01 01:47:16 查询号码 【1733083】，返回信息 {"status":"ok","msg":"海南-海口","time_insert":"2021-07-01 01:32"}
2021-07-01 01:47:17 查询号码 【1733083】，GSD为【"海南-海口"】

2021-07-01 01:47:17 开始第 1 次操作

2021-07-01 01:47:17 开始操作号码 【1733084】
2021-07-01 01:47:36 GSD getOne 第 1 次 等待 1 秒
2021-07-01 01:47:37 查询号码 【1733084】，返回信息 {"status":"ok","msg":"海南-海口","time_insert":"2021-07-01 01:33"}
2021-07-01 01:47:37 查询号码 【1733084】，GSD为【"海南-海口"】

2021-07-01 01:47:37 开始第 1 次操作

2021-07-01 01:47:37 开始操作号码 【1733085】
2021-07-01 01:47:59 GSD getOne 第 1 次 等待 1 秒
2021-07-01 01:48:00 查询号码 【1733085】，返回信息 {"status":"ok","msg":"海南-海口","time_insert":"2021-07-01 01:33"}
2021-07-01 01:48:00 查询号码 【1733085】，GSD为【"海南-海口"】

2021-07-01 01:48:00 开始第 1 次操作

2021-07-01 01:48:00 开始操作号码 【1733086】
2021-07-01 01:48:19 GSD getOne 第 1 次 等待 1 秒
2021-07-01 01:48:20 查询号码 【1733086】，返回信息 {"status":"ok","msg":"海南-海口","time_insert":"2021-07-01 01:34"}
2021-07-01 01:48:20 查询号码 【1733086】，GSD为【"海南-海口"】

2021-07-01 01:48:20 开始第 1 次操作

2021-07-01 01:48:20 开始操作号码 【1733087】
2021-07-01 01:48:39 GSD getOne 第 1 次 等待 1 秒
2021-07-01 01:48:40 查询号码 【1733087】，返回信息 {"status":"ok","msg":"海南-海口","time_insert":"2021-07-01 01:34"}
2021-07-01 01:48:41 查询号码 【1733087】，GSD为【"海南-海口"】

2021-07-01 01:48:41 开始第 1 次操作

2021-07-01 01:48:41 开始操作号码 【1733088】
2021-07-01 01:49:00 GSD getOne 第 1 次 等待 1 秒
2021-07-01 01:49:01 查询号码 【1733088】，返回信息 {"status":"ok","msg":"海南-海口","time_insert":"2021-07-01 01:35"}
2021-07-01 01:49:01 查询号码 【1733088】，GSD为【"海南-海口"】

2021-07-01 01:49:01 开始第 1 次操作

2021-07-01 01:49:01 开始操作号码 【1733089】
2021-07-01 01:49:23 GSD getOne 第 1 次 等待 1 秒
2021-07-01 01:49:24 查询号码 【1733089】，返回信息 {"status":"ok","msg":"海南-海口","time_insert":"2021-07-01 01:35"}
2021-07-01 01:49:24 查询号码 【1733089】，GSD为【"海南-海口"】

2021-07-01 01:49:24 开始第 1 次操作

2021-07-01 01:49:24 开始操作号码 【1733090】
2021-07-01 01:49:43 GSD getOne 第 1 次 等待 1 秒
2021-07-01 01:49:44 查询号码 【1733090】，返回信息 {"status":"ok","msg":"海南-海口","time_insert":"2021-07-01 01:36"}
2021-07-01 01:49:44 查询号码 【1733090】，GSD为【"海南-海口"】

2021-07-01 01:49:44 开始第 1 次操作

2021-07-01 01:49:44 开始操作号码 【1733091】
2021-07-01 01:50:04 GSD getOne 第 1 次 等待 1 秒
2021-07-01 01:50:05 查询号码 【1733091】，返回信息 {"status":"ok","msg":"海南-海口","time_insert":"2021-07-01 01:36"}
2021-07-01 01:50:05 查询号码 【1733091】，GSD为【"海南-海口"】

2021-07-01 01:50:05 开始第 1 次操作

2021-07-01 01:50:05 开始操作号码 【1733092】
2021-07-01 01:50:24 GSD getOne 第 1 次 等待 1 秒
2021-07-01 01:50:25 查询号码 【1733092】，返回信息 {"status":"ok","msg":"海南-海口","time_insert":"2021-07-01 01:37"}
2021-07-01 01:50:25 查询号码 【1733092】，GSD为【"海南-海口"】

2021-07-01 01:50:25 开始第 1 次操作

2021-07-01 01:50:25 开始操作号码 【1733093】
2021-07-01 01:50:44 GSD getOne 第 1 次 等待 1 秒
2021-07-01 01:50:45 查询号码 【1733093】，返回信息 {"status":"ok","msg":"海南-海口","time_insert":"2021-07-01 01:37"}
2021-07-01 01:50:45 查询号码 【1733093】，GSD为【"海南-海口"】

2021-07-01 01:50:45 开始第 1 次操作

2021-07-01 01:50:45 开始操作号码 【1733094】
2021-07-01 01:51:05 GSD getOne 第 1 次 等待 1 秒
2021-07-01 01:51:06 查询号码 【1733094】，返回信息 {"status":"ok","msg":"海南-海口","time_insert":"2021-07-01 01:37"}
2021-07-01 01:51:06 查询号码 【1733094】，GSD为【"海南-海口"】

2021-07-01 01:51:06 开始第 1 次操作

2021-07-01 01:51:06 开始操作号码 【1733095】
2021-07-01 01:51:25 GSD getOne 第 1 次 等待 1 秒
2021-07-01 01:51:26 查询号码 【1733095】，返回信息 {"status":"bad","msg":""}
2021-07-01 01:51:26 查询号码 【1733095】，GSD为【""】
2021-07-01 01:51:26 bad
2021-07-01 01:51:28 CHB 1733095?1625075486 第 1 次 等待 1 秒
2021-07-01 01:51:29 CHB 1733095?1625075486 第 1 次 获取到号码【1733095】GSD
2021-07-01 01:51:30 获取到号码【1733095】的GSD为【海南-海口】
2021-07-01 01:51:49 GSD insert 第 1 次 等待 1 秒
2021-07-01 01:51:50 {"status":"ok","msg":"添加成功！163465"}
2021-07-01 01:51:50 下次操作: 2021-07-01 01:52:05

2021-07-01 01:52:05 开始第 2 次操作

2021-07-01 01:52:05 开始操作号码 【1733096】
2021-07-01 01:52:09 GSD getOne 第 1 次 等待 1 秒
2021-07-01 01:52:10 查询号码 【1733096】，返回信息 {"status":"bad","msg":""}
2021-07-01 01:52:10 查询号码 【1733096】，GSD为【""】
2021-07-01 01:52:10 bad
2021-07-01 01:52:11 CHB 1733096?1625075530 第 1 次 等待 1 秒
2021-07-01 01:52:12 CHB 1733096?1625075530 第 1 次 获取到号码【1733096】GSD
2021-07-01 01:52:13 获取到号码【1733096】的GSD为【海南-海口】
2021-07-01 01:52:32 GSD insert 第 1 次 等待 1 秒
2021-07-01 01:52:33 {"status":"ok","msg":"添加成功！163472"}
2021-07-01 01:52:33 下次操作: 2021-07-01 01:52:43

2021-07-01 01:52:43 开始第 3 次操作

2021-07-01 01:52:43 开始操作号码 【1733097】
2021-07-01 01:52:56 GSD getOne 第 1 次 等待 1 秒
2021-07-01 01:52:57 查询号码 【1733097】，返回信息 {"status":"bad","msg":""}
2021-07-01 01:52:57 查询号码 【1733097】，GSD为【""】
2021-07-01 01:52:57 bad
2021-07-01 01:52:59 CHB 1733097?1625075577 第 1 次 等待 1 秒
2021-07-01 01:53:00 CHB 1733097?1625075577 第 1 次 获取到号码【1733097】GSD
2021-07-01 01:53:00 获取到号码【1733097】的GSD为【海南-海口】
2021-07-01 01:53:20 GSD insert 第 1 次 等待 1 秒
2021-07-01 01:53:21 {"status":"ok","msg":"添加成功！163479"}
2021-07-01 01:53:21 下次操作: 2021-07-01 01:53:35

2021-07-01 01:53:35 开始第 4 次操作

2021-07-01 01:53:35 开始操作号码 【1733098】
2021-07-01 01:53:40 GSD getOne 第 1 次 等待 1 秒
2021-07-01 01:53:41 查询号码 【1733098】，返回信息 {"status":"bad","msg":""}
2021-07-01 01:53:41 查询号码 【1733098】，GSD为【""】
2021-07-01 01:53:41 bad
2021-07-01 01:53:43 CHB 1733098?1625075621 第 1 次 等待 1 秒
2021-07-01 01:53:44 CHB 1733098?1625075621 第 1 次 获取到号码【1733098】GSD
2021-07-01 01:53:44 获取到号码【1733098】的GSD为【海南-海口】
2021-07-01 01:54:03 GSD insert 第 1 次 等待 1 秒
2021-07-01 01:54:05 {"status":"ok","msg":"添加成功！163485"}
2021-07-01 01:54:05 下次操作: 2021-07-01 01:54:18

2021-07-01 01:54:18 开始第 5 次操作

2021-07-01 01:54:18 开始操作号码 【1733099】
2021-07-01 01:54:24 GSD getOne 第 1 次 等待 1 秒
2021-07-01 01:54:25 查询号码 【1733099】，返回信息 {"status":"bad","msg":""}
2021-07-01 01:54:25 查询号码 【1733099】，GSD为【""】
2021-07-01 01:54:25 bad
2021-07-01 01:54:28 CHB 1733099?1625075665 第 1 次 等待 1 秒
2021-07-01 01:54:29 CHB 1733099?1625075665 第 1 次 获取到号码【1733099】GSD
2021-07-01 01:54:30 获取到号码【1733099】的GSD为【海南-海口】
2021-07-01 01:54:50 GSD insert 第 1 次 等待 1 秒
2021-07-01 01:54:51 {"status":"ok","msg":"添加成功！163491"}
2021-07-01 01:54:51 下次操作: 2021-07-01 01:54:59

2021-07-01 01:54:59 开始第 6 次操作

2021-07-01 01:54:59 开始操作号码 【1733100】
2021-07-01 01:55:10 GSD getOne 第 1 次 等待 1 秒
2021-07-01 01:55:11 查询号码 【1733100】，返回信息 {"status":"bad","msg":""}
2021-07-01 01:55:11 查询号码 【1733100】，GSD为【""】
2021-07-01 01:55:11 bad
2021-07-01 01:55:13 CHB 1733100?1625075711 第 1 次 等待 1 秒
2021-07-01 01:55:14 CHB 1733100?1625075711 第 1 次 获取到号码【1733100】GSD
2021-07-01 01:55:14 获取到号码【1733100】的GSD为【河北-邯郸】
2021-07-01 01:55:33 GSD insert 第 1 次 等待 1 秒
2021-07-01 01:55:34 {"status":"ok","msg":"添加成功！163498"}
2021-07-01 01:55:34 下次操作: 2021-07-01 01:55:40

2021-07-01 01:55:40 开始第 7 次操作

2021-07-01 01:55:40 开始操作号码 【1733101】
2021-07-01 01:56:00 GSD getOne 第 1 次 等待 1 秒
2021-07-01 01:56:01 查询号码 【1733101】，返回信息 {"status":"bad","msg":""}
2021-07-01 01:56:01 查询号码 【1733101】，GSD为【""】
2021-07-01 01:56:01 bad
2021-07-01 01:56:03 CHB 1733101?1625075761 第 1 次 等待 1 秒
2021-07-01 01:56:04 CHB 1733101?1625075761 第 1 次 获取到号码【1733101】GSD
2021-07-01 01:56:04 获取到号码【1733101】的GSD为【河北-邯郸】
2021-07-01 01:56:23 GSD insert 第 1 次 等待 1 秒
2021-07-01 01:56:24 {"status":"ok","msg":"添加成功！163505"}
2021-07-01 01:56:24 下次操作: 2021-07-01 01:56:33

2021-07-01 01:56:33 开始第 8 次操作

2021-07-01 01:56:33 开始操作号码 【1733102】
2021-07-01 01:56:44 GSD getOne 第 1 次 等待 1 秒
2021-07-01 01:56:45 查询号码 【1733102】，返回信息 {"status":"bad","msg":""}
2021-07-01 01:56:45 查询号码 【1733102】，GSD为【""】
2021-07-01 01:56:45 bad
2021-07-01 01:56:47 CHB 1733102?1625075805 第 1 次 等待 1 秒
2021-07-01 01:56:48 CHB 1733102?1625075805 第 1 次 获取到号码【1733102】GSD
2021-07-01 01:56:48 获取到号码【1733102】的GSD为【河北-邯郸】
2021-07-01 01:57:08 GSD insert 第 1 次 等待 1 秒
2021-07-01 01:57:09 {"status":"ok","msg":"添加成功！163510"}
2021-07-01 01:57:09 下次操作: 2021-07-01 01:57:17

2021-07-01 01:57:17 开始第 9 次操作

2021-07-01 01:57:17 开始操作号码 【1733103】
2021-07-01 01:57:28 GSD getOne 第 1 次 等待 1 秒
2021-07-01 01:57:29 查询号码 【1733103】，返回信息 {"status":"bad","msg":""}
2021-07-01 01:57:29 查询号码 【1733103】，GSD为【""】
2021-07-01 01:57:29 bad
2021-07-01 01:57:31 CHB 1733103?1625075849 第 1 次 等待 1 秒
2021-07-01 01:57:32 CHB 1733103?1625075849 第 1 次 获取到号码【1733103】GSD
2021-07-01 01:57:32 获取到号码【1733103】的GSD为【河北-邯郸】
2021-07-01 01:57:51 GSD insert 第 1 次 等待 1 秒
2021-07-01 01:57:52 {"status":"ok","msg":"添加成功！163514"}
2021-07-01 01:57:52 下次操作: 2021-07-01 01:58:10

2021-07-01 01:58:10 开始第 10 次操作

2021-07-01 01:58:10 开始操作号码 【1733104】
2021-07-01 01:58:14 GSD getOne 第 1 次 等待 1 秒
2021-07-01 01:58:15 查询号码 【1733104】，返回信息 {"status":"ok","msg":"河北-邯郸","time_insert":"2020-06-05 13:38","time_update":"2020-08-18 22:26"}
2021-07-01 01:58:15 查询号码 【1733104】，GSD为【"河北-邯郸"】

2021-07-01 01:58:15 开始第 10 次操作

2021-07-01 01:58:15 开始操作号码 【1733105】
2021-07-01 01:58:34 GSD getOne 第 1 次 等待 1 秒
2021-07-01 01:58:35 查询号码 【1733105】，返回信息 {"status":"bad","msg":""}
2021-07-01 01:58:35 查询号码 【1733105】，GSD为【""】
2021-07-01 01:58:35 bad
2021-07-01 01:58:37 CHB 1733105?1625075915 第 1 次 等待 1 秒
2021-07-01 01:58:38 CHB 1733105?1625075915 第 1 次 获取到号码【1733105】GSD
2021-07-01 01:58:38 获取到号码【1733105】的GSD为【河北-邯郸】
2021-07-01 01:58:57 GSD insert 第 1 次 等待 1 秒
2021-07-01 01:58:58 {"status":"ok","msg":"添加成功！163523"}
2021-07-01 01:58:58 下次操作: 2021-07-01 01:59:13

2021-07-01 01:59:13 开始第 11 次操作

2021-07-01 01:59:13 开始操作号码 【1733106】
2021-07-01 01:59:17 GSD getOne 第 1 次 等待 1 秒
2021-07-01 01:59:18 查询号码 【1733106】，返回信息 {"status":"bad","msg":""}
2021-07-01 01:59:18 查询号码 【1733106】，GSD为【""】
2021-07-01 01:59:18 bad
2021-07-01 01:59:20 CHB 1733106?1625075958 第 1 次 等待 1 秒
2021-07-01 01:59:21 CHB 1733106?1625075958 第 1 次 获取到号码【1733106】GSD
2021-07-01 01:59:21 获取到号码【1733106】的GSD为【河北-邯郸】
2021-07-01 01:59:41 GSD insert 第 1 次 等待 1 秒
2021-07-01 01:59:42 {"status":"ok","msg":"添加成功！163527"}
2021-07-01 01:59:42 下次操作: 2021-07-01 01:59:56

2021-07-01 01:59:56 开始第 12 次操作

2021-07-01 01:59:56 开始操作号码 【1733107】
2021-07-01 02:00:01 GSD getOne 第 1 次 等待 1 秒
2021-07-01 02:00:02 查询号码 【1733107】，返回信息 {"status":"bad","msg":""}
2021-07-01 02:00:02 查询号码 【1733107】，GSD为【""】
2021-07-01 02:00:02 bad
2021-07-01 02:00:03 CHB 1733107?1625076002 第 1 次 等待 1 秒
2021-07-01 02:00:04 CHB 1733107?1625076002 第 1 次 获取到号码【1733107】GSD
2021-07-01 02:00:05 获取到号码【1733107】的GSD为【河北-邯郸】
2021-07-01 02:00:24 GSD insert 第 1 次 等待 1 秒
2021-07-01 02:00:25 {"status":"ok","msg":"添加成功！163533"}
2021-07-01 02:00:25 下次操作: 2021-07-01 02:00:31

2021-07-01 02:00:31 开始第 13 次操作

2021-07-01 02:00:31 开始操作号码 【1733108】
2021-07-01 02:00:50 GSD getOne 第 1 次 等待 1 秒
2021-07-01 02:00:51 查询号码 【1733108】，返回信息 {"status":"ok","msg":"河北-邯郸","time_insert":"2018-09-09 18:43","time_update":"2020-08-18 22:31"}
2021-07-01 02:00:51 查询号码 【1733108】，GSD为【"河北-邯郸"】

2021-07-01 02:00:51 开始第 13 次操作

2021-07-01 02:00:51 开始操作号码 【1733109】
2021-07-01 02:01:11 GSD getOne 第 1 次 等待 1 秒
2021-07-01 02:01:12 查询号码 【1733109】，返回信息 {"status":"bad","msg":""}
2021-07-01 02:01:12 查询号码 【1733109】，GSD为【""】
2021-07-01 02:01:12 bad
2021-07-01 02:01:15 CHB 1733109?1625076072 第 1 次 等待 1 秒
2021-07-01 02:01:16 CHB 1733109?1625076072 第 1 次 获取到号码【1733109】GSD
2021-07-01 02:01:16 获取到号码【1733109】的GSD为【河北-邯郸】
2021-07-01 02:01:35 GSD insert 第 1 次 等待 1 秒
2021-07-01 02:01:36 {"status":"ok","msg":"添加成功！163541"}
2021-07-01 02:01:36 下次操作: 2021-07-01 02:01:48

2021-07-01 02:01:48 开始第 14 次操作

2021-07-01 02:01:48 开始操作号码 【1733110】
2021-07-01 02:01:57 GSD getOne 第 1 次 等待 1 秒
2021-07-01 02:01:58 查询号码 【1733110】，返回信息 {"status":"bad","msg":""}
2021-07-01 02:01:58 查询号码 【1733110】，GSD为【""】
2021-07-01 02:01:58 bad
2021-07-01 02:01:59 CHB 1733110?1625076118 第 1 次 等待 1 秒
2021-07-01 02:02:00 CHB 1733110?1625076118 第 1 次 获取到号码【1733110】GSD
2021-07-01 02:02:00 获取到号码【1733110】的GSD为【河北-石家庄】
2021-07-01 02:02:19 GSD insert 第 1 次 等待 1 秒
2021-07-01 02:02:20 {"status":"ok","msg":"添加成功！163545"}
2021-07-01 02:02:20 下次操作: 2021-07-01 02:02:33

2021-07-01 02:02:33 开始第 15 次操作

2021-07-01 02:02:33 开始操作号码 【1733111】
2021-07-01 02:02:41 GSD getOne 第 1 次 等待 1 秒
2021-07-01 02:02:42 查询号码 【1733111】，返回信息 {"status":"bad","msg":""}
2021-07-01 02:02:42 查询号码 【1733111】，GSD为【""】
2021-07-01 02:02:42 bad
2021-07-01 02:02:43 CHB 1733111?1625076162 第 1 次 等待 1 秒
2021-07-01 02:02:44 CHB 1733111?1625076162 第 1 次 获取到号码【1733111】GSD
2021-07-01 02:02:44 获取到号码【1733111】的GSD为【河北-石家庄】
2021-07-01 02:03:03 GSD insert 第 1 次 等待 1 秒
2021-07-01 02:03:04 {"status":"ok","msg":"添加成功！163550"}
2021-07-01 02:03:05 下次操作: 2021-07-01 02:03:19

2021-07-01 02:03:19 开始第 16 次操作

2021-07-01 02:03:19 开始操作号码 【1733112】
2021-07-01 02:03:23 GSD getOne 第 1 次 等待 1 秒
2021-07-01 02:03:24 查询号码 【1733112】，返回信息 {"status":"bad","msg":""}
2021-07-01 02:03:24 查询号码 【1733112】，GSD为【""】
2021-07-01 02:03:24 bad
2021-07-01 02:03:26 CHB 1733112?1625076204 第 1 次 等待 1 秒
2021-07-01 02:03:27 CHB 1733112?1625076204 第 1 次 获取到号码【1733112】GSD
2021-07-01 02:03:27 获取到号码【1733112】的GSD为【河北-石家庄】
2021-07-01 02:03:48 GSD insert 第 1 次 等待 1 秒
2021-07-01 02:03:49 {"status":"ok","msg":"添加成功！163553"}
2021-07-01 02:03:49 下次操作: 2021-07-01 02:04:03

2021-07-01 02:04:03 开始第 17 次操作

2021-07-01 02:04:03 开始操作号码 【1733113】
2021-07-01 02:04:08 GSD getOne 第 1 次 等待 1 秒
2021-07-01 02:04:09 查询号码 【1733113】，返回信息 {"status":"bad","msg":""}
2021-07-01 02:04:09 查询号码 【1733113】，GSD为【""】
2021-07-01 02:04:09 bad
2021-07-01 02:04:11 CHB 1733113?1625076249 第 1 次 等待 1 秒
2021-07-01 02:04:12 CHB 1733113?1625076249 第 1 次 获取到号码【1733113】GSD
2021-07-01 02:04:12 获取到号码【1733113】的GSD为【河北-石家庄】
2021-07-01 02:04:31 GSD insert 第 1 次 等待 1 秒
2021-07-01 02:04:32 {"status":"ok","msg":"添加成功！163558"}
2021-07-01 02:04:32 下次操作: 2021-07-01 02:04:41

2021-07-01 02:04:41 开始第 18 次操作

2021-07-01 02:04:41 开始操作号码 【1733114】
2021-07-01 02:04:53 GSD getOne 第 1 次 等待 1 秒
2021-07-01 02:04:54 查询号码 【1733114】，返回信息 {"status":"bad","msg":""}
2021-07-01 02:04:54 查询号码 【1733114】，GSD为【""】
2021-07-01 02:04:54 bad
2021-07-01 02:04:56 CHB 1733114?1625076294 第 1 次 等待 1 秒
2021-07-01 02:04:57 CHB 1733114?1625076294 第 1 次 获取到号码【1733114】GSD
2021-07-01 02:04:57 获取到号码【1733114】的GSD为【河北-石家庄】
2021-07-01 02:05:19 GSD insert 第 1 次 等待 1 秒
2021-07-01 02:05:20 {"status":"ok","msg":"添加成功！163562"}
2021-07-01 02:05:20 下次操作: 2021-07-01 02:05:34

2021-07-01 02:05:34 开始第 19 次操作

2021-07-01 02:05:34 开始操作号码 【1733115】
2021-07-01 02:05:39 GSD getOne 第 1 次 等待 1 秒
2021-07-01 02:05:40 查询号码 【1733115】，返回信息 {"status":"bad","msg":""}
2021-07-01 02:05:40 查询号码 【1733115】，GSD为【""】
2021-07-01 02:05:40 bad
2021-07-01 02:05:42 CHB 1733115?1625076340 第 1 次 等待 1 秒
2021-07-01 02:05:43 CHB 1733115?1625076340 第 1 次 获取到号码【1733115】GSD
2021-07-01 02:05:43 获取到号码【1733115】的GSD为【河北-石家庄】
2021-07-01 02:06:02 GSD insert 第 1 次 等待 1 秒
2021-07-01 02:06:03 {"status":"ok","msg":"添加成功！163567"}
2021-07-01 02:06:03 下次操作: 2021-07-01 02:06:11

2021-07-01 02:06:11 开始第 20 次操作

2021-07-01 02:06:11 开始操作号码 【1733116】
2021-07-01 02:06:22 GSD getOne 第 1 次 等待 1 秒
2021-07-01 02:06:23 查询号码 【1733116】，返回信息 {"status":"bad","msg":""}
2021-07-01 02:06:24 查询号码 【1733116】，GSD为【""】
2021-07-01 02:06:24 bad
2021-07-01 02:06:26 CHB 1733116?1625076384 第 1 次 等待 1 秒
2021-07-01 02:06:27 CHB 1733116?1625076384 第 1 次 获取到号码【1733116】GSD
2021-07-01 02:06:27 获取到号码【1733116】的GSD为【河北-石家庄】
2021-07-01 02:06:48 GSD insert 第 1 次 等待 1 秒
2021-07-01 02:06:49 {"status":"ok","msg":"添加成功！163570"}
2021-07-01 02:06:49 下次操作: 2021-07-01 02:07:07

2021-07-01 02:07:07 开始第 21 次操作

2021-07-01 02:07:07 开始操作号码 【1733117】
2021-07-01 02:07:14 GSD getOne 第 1 次 等待 1 秒
2021-07-01 02:07:15 查询号码 【1733117】，返回信息 {"status":"bad","msg":""}
2021-07-01 02:07:15 查询号码 【1733117】，GSD为【""】
2021-07-01 02:07:15 bad
2021-07-01 02:07:17 CHB 1733117?1625076435 第 1 次 等待 1 秒
2021-07-01 02:07:18 CHB 1733117?1625076435 第 1 次 获取到号码【1733117】GSD
2021-07-01 02:07:18 获取到号码【1733117】的GSD为【河北-石家庄】
2021-07-01 02:07:37 GSD insert 第 1 次 等待 1 秒
2021-07-01 02:07:38 {"status":"ok","msg":"添加成功！163574"}
2021-07-01 02:07:38 下次操作: 2021-07-01 02:07:56

2021-07-01 02:07:56 开始第 22 次操作

2021-07-01 02:07:56 开始操作号码 【1733118】
2021-07-01 02:08:00 GSD getOne 第 1 次 等待 1 秒
2021-07-01 02:08:01 查询号码 【1733118】，返回信息 {"status":"bad","msg":""}
2021-07-01 02:08:01 查询号码 【1733118】，GSD为【""】
2021-07-01 02:08:01 bad
2021-07-01 02:08:03 CHB 1733118?1625076481 第 1 次 等待 1 秒
2021-07-01 02:08:04 CHB 1733118?1625076481 第 1 次 获取到号码【1733118】GSD
2021-07-01 02:08:04 获取到号码【1733118】的GSD为【河北-石家庄】
2021-07-01 02:08:24 GSD insert 第 1 次 等待 1 秒
2021-07-01 02:08:25 {"status":"ok","msg":"添加成功！163577"}
2021-07-01 02:08:25 下次操作: 2021-07-01 02:08:35

2021-07-01 02:08:35 开始第 23 次操作

2021-07-01 02:08:35 开始操作号码 【1733119】
2021-07-01 02:08:48 GSD getOne 第 1 次 等待 1 秒
2021-07-01 02:08:49 查询号码 【1733119】，返回信息 {"status":"bad","msg":""}
2021-07-01 02:08:49 查询号码 【1733119】，GSD为【""】
2021-07-01 02:08:49 bad
2021-07-01 02:08:51 CHB 1733119?1625076529 第 1 次 等待 1 秒
2021-07-01 02:08:52 CHB 1733119?1625076529 第 1 次 获取到号码【1733119】GSD
2021-07-01 02:08:52 获取到号码【1733119】的GSD为【河北-石家庄】
2021-07-01 02:09:11 GSD insert 第 1 次 等待 1 秒
2021-07-01 02:09:12 {"status":"ok","msg":"添加成功！163579"}
2021-07-01 02:09:12 下次操作: 2021-07-01 02:09:18

2021-07-01 02:09:18 开始第 24 次操作

2021-07-01 02:09:18 开始操作号码 【1733120】
2021-07-01 02:09:38 GSD getOne 第 1 次 等待 1 秒
2021-07-01 02:09:39 查询号码 【1733120】，返回信息 {"status":"bad","msg":""}
2021-07-01 02:09:39 查询号码 【1733120】，GSD为【""】
2021-07-01 02:09:39 bad
2021-07-01 02:09:41 CHB 1733120?1625076579 第 1 次 等待 1 秒
2021-07-01 02:09:42 CHB 1733120?1625076579 第 1 次 获取到号码【1733120】GSD
2021-07-01 02:09:42 获取到号码【1733120】的GSD为【河北-保定】
2021-07-01 02:10:01 GSD insert 第 1 次 等待 1 秒
2021-07-01 02:10:02 {"status":"ok","msg":"添加成功！163583"}
2021-07-01 02:10:02 下次操作: 2021-07-01 02:10:09

2021-07-01 02:10:09 开始第 25 次操作

2021-07-01 02:10:09 开始操作号码 【1733121】
2021-07-01 02:10:29 GSD getOne 第 1 次 等待 1 秒
2021-07-01 02:10:30 查询号码 【1733121】，返回信息 {"status":"bad","msg":""}
2021-07-01 02:10:30 查询号码 【1733121】，GSD为【""】
2021-07-01 02:10:30 bad
2021-07-01 02:10:32 CHB 1733121?1625076630 第 1 次 等待 1 秒
2021-07-01 02:10:33 CHB 1733121?1625076630 第 1 次 获取到号码【1733121】GSD
2021-07-01 02:10:33 获取到号码【1733121】的GSD为【河北-保定】
2021-07-01 02:10:53 GSD insert 第 1 次 等待 1 秒
2021-07-01 02:10:54 {"status":"ok","msg":"添加成功！163584"}
2021-07-01 02:10:54 下次操作: 2021-07-01 02:11:06

2021-07-01 02:11:06 开始第 26 次操作

2021-07-01 02:11:06 开始操作号码 【1733122】
2021-07-01 02:11:13 GSD getOne 第 1 次 等待 1 秒
2021-07-01 02:11:14 查询号码 【1733122】，返回信息 {"status":"bad","msg":""}
2021-07-01 02:11:14 查询号码 【1733122】，GSD为【""】
2021-07-01 02:11:14 bad
2021-07-01 02:11:16 CHB 1733122?1625076674 第 1 次 等待 1 秒
2021-07-01 02:11:17 CHB 1733122?1625076674 第 1 次 获取到号码【1733122】GSD
2021-07-01 02:11:17 获取到号码【1733122】的GSD为【河北-保定】
2021-07-01 02:11:37 GSD insert 第 1 次 等待 1 秒
2021-07-01 02:11:38 {"status":"ok","msg":"添加成功！163588"}
2021-07-01 02:11:38 下次操作: 2021-07-01 02:11:52

2021-07-01 02:11:52 开始第 27 次操作

2021-07-01 02:11:52 开始操作号码 【1733123】
2021-07-01 02:11:56 GSD getOne 第 1 次 等待 1 秒
2021-07-01 02:11:58 查询号码 【1733123】，返回信息 {"status":"bad","msg":""}
2021-07-01 02:11:58 查询号码 【1733123】，GSD为【""】
2021-07-01 02:11:58 bad
2021-07-01 02:11:59 CHB 1733123?1625076718 第 1 次 等待 1 秒
2021-07-01 02:12:00 CHB 1733123?1625076718 第 1 次 获取到号码【1733123】GSD
2021-07-01 02:12:00 获取到号码【1733123】的GSD为【河北-保定】
2021-07-01 02:12:20 GSD insert 第 1 次 等待 1 秒
2021-07-01 02:12:21 {"status":"ok","msg":"添加成功！163590"}
2021-07-01 02:12:21 下次操作: 2021-07-01 02:12:35

2021-07-01 02:12:35 开始第 28 次操作

2021-07-01 02:12:35 开始操作号码 【1733124】
2021-07-01 02:12:40 GSD getOne 第 1 次 等待 1 秒
2021-07-01 02:12:41 查询号码 【1733124】，返回信息 {"status":"bad","msg":""}
2021-07-01 02:12:41 查询号码 【1733124】，GSD为【""】
2021-07-01 02:12:41 bad
2021-07-01 02:12:43 CHB 1733124?1625076761 第 1 次 等待 1 秒
2021-07-01 02:12:44 CHB 1733124?1625076761 第 1 次 获取到号码【1733124】GSD
2021-07-01 02:12:44 获取到号码【1733124】的GSD为【河北-保定】
2021-07-01 02:13:06 GSD insert 第 1 次 等待 1 秒
2021-07-01 02:13:07 {"status":"ok","msg":"添加成功！163593"}
2021-07-01 02:13:07 下次操作: 2021-07-01 02:13:20

2021-07-01 02:13:20 开始第 29 次操作

2021-07-01 02:13:20 开始操作号码 【1733125】
2021-07-01 02:13:27 GSD getOne 第 1 次 等待 1 秒
2021-07-01 02:13:28 查询号码 【1733125】，返回信息 {"status":"bad","msg":""}
2021-07-01 02:13:28 查询号码 【1733125】，GSD为【""】
2021-07-01 02:13:28 bad
2021-07-01 02:13:30 CHB 1733125?1625076808 第 1 次 等待 1 秒
2021-07-01 02:13:31 CHB 1733125?1625076808 第 1 次 获取到号码【1733125】GSD
2021-07-01 02:13:31 获取到号码【1733125】的GSD为【河北-保定】
2021-07-01 02:13:50 GSD insert 第 1 次 等待 1 秒
2021-07-01 02:13:51 {"status":"ok","msg":"添加成功！163595"}
2021-07-01 02:13:51 下次操作: 2021-07-01 02:13:57

2021-07-01 02:13:57 开始第 30 次操作

2021-07-01 02:13:57 开始操作号码 【1733126】
2021-07-01 02:14:17 GSD getOne 第 1 次 等待 1 秒
2021-07-01 02:14:18 查询号码 【1733126】，返回信息 {"status":"bad","msg":""}
2021-07-01 02:14:18 查询号码 【1733126】，GSD为【""】
2021-07-01 02:14:18 bad
2021-07-01 02:14:20 CHB 1733126?1625076858 第 1 次 等待 1 秒
2021-07-01 02:14:21 CHB 1733126?1625076858 第 1 次 获取到号码【1733126】GSD
2021-07-01 02:14:21 获取到号码【1733126】的GSD为【河北-保定】
2021-07-01 02:14:41 GSD insert 第 1 次 等待 1 秒
2021-07-01 02:14:42 {"status":"ok","msg":"添加成功！163599"}

