2024-02-14 00:10:05 开始第 3645 次操作

2024-02-14 00:10:05 开始操作号码 【1783554】
2024-02-14 00:10:11 GSD getOne 第 1 次 等待 3 秒
2024-02-14 00:10:14 查询号码 【1783554】，返回信息 {"status":"ok","msg":"山西-晋中","gid":"324894","time_insert":"2021-07-19 10:15"}
2024-02-14 00:10:14 查询号码 【1783554】，GSD为【"山西-晋中"】

2024-02-14 00:10:15 开始第 3646 次操作

2024-02-14 00:10:15 开始操作号码 【1783555】
2024-02-14 00:10:21 GSD getOne 第 1 次 等待 3 秒
2024-02-14 00:10:24 查询号码 【1783555】，返回信息 {"status":"ok","msg":"山西-晋中","gid":"324887","time_insert":"2021-07-19 10:14"}
2024-02-14 00:10:24 查询号码 【1783555】，GSD为【"山西-晋中"】

2024-02-14 00:10:25 开始第 3647 次操作

2024-02-14 00:10:25 开始操作号码 【1783556】
2024-02-14 00:10:30 GSD getOne 第 1 次 等待 3 秒
2024-02-14 00:10:33 查询号码 【1783556】，返回信息 {"status":"ok","msg":"山西-忻州","gid":"324883","time_insert":"2021-07-19 10:13"}
2024-02-14 00:10:33 查询号码 【1783556】，GSD为【"山西-忻州"】

2024-02-14 00:10:34 开始第 3648 次操作

2024-02-14 00:10:34 开始操作号码 【1783557】
2024-02-14 00:10:38 GSD getOne 第 1 次 等待 3 秒
2024-02-14 00:10:41 查询号码 【1783557】，返回信息 {"status":"ok","msg":"山西-长治","gid":"324878","time_insert":"2021-07-19 10:12"}
2024-02-14 00:10:41 查询号码 【1783557】，GSD为【"山西-长治"】

