2023-12-03 00:09:04 开始第 1121 次操作

2023-12-03 00:09:04 开始操作号码 【1891030】
2023-12-03 00:09:09 GSD getOne 第 1 次 等待 3 秒
2023-12-03 00:09:12 查询号码 【1891030】，返回信息 {"status":"ok","msg":"北京-北京","gid":"446587","time_insert":"2021-07-30 17:16"}
2023-12-03 00:09:12 查询号码 【1891030】，GSD为【"北京-北京"】

2023-12-03 00:09:13 开始第 1122 次操作

2023-12-03 00:09:13 开始操作号码 【1891031】
2023-12-03 00:09:17 GSD getOne 第 1 次 等待 3 秒
2023-12-03 00:09:20 查询号码 【1891031】，返回信息 {"status":"ok","msg":"北京-北京","gid":"446632","time_insert":"2021-07-30 17:27"}
2023-12-03 00:09:20 查询号码 【1891031】，GSD为【"北京-北京"】

2023-12-03 00:09:21 开始第 1123 次操作

2023-12-03 00:09:21 开始操作号码 【1891032】
2023-12-03 00:09:27 GSD getOne 第 1 次 等待 3 秒
2023-12-03 00:09:30 查询号码 【1891032】，返回信息 {"status":"ok","msg":"北京-北京","gid":"44987","time_insert":"2019-11-15 11:24","time_update":"2020-12-26 03:57"}
2023-12-03 00:09:30 查询号码 【1891032】，GSD为【"北京-北京"】

2023-12-03 00:09:31 开始第 1124 次操作

2023-12-03 00:09:31 开始操作号码 【1891033】
2023-12-03 00:09:35 GSD getOne 第 1 次 等待 3 秒
2023-12-03 00:09:38 查询号码 【1891033】，返回信息 {"status":"ok","msg":"北京-北京","gid":"446669","time_insert":"2021-07-30 17:41"}
2023-12-03 00:09:38 查询号码 【1891033】，GSD为【"北京-北京"】

2023-12-03 00:34:25 开始第 1125 次操作

2023-12-03 00:34:25 开始操作号码 【1891034】
2023-12-03 00:34:29 GSD getOne 第 1 次 等待 3 秒
2023-12-03 00:34:32 查询号码 【1891034】，返回信息 {"status":"ok","msg":"北京-北京","gid":"446844","time_insert":"2021-07-30 17:56"}
2023-12-03 00:34:32 查询号码 【1891034】，GSD为【"北京-北京"】

2023-12-03 00:34:33 开始第 1126 次操作

2023-12-03 00:34:33 开始操作号码 【1891035】
2023-12-03 00:34:37 GSD getOne 第 1 次 等待 3 秒
2023-12-03 00:34:40 查询号码 【1891035】，返回信息 {"status":"ok","msg":"北京-北京","gid":"447035","time_insert":"2021-07-30 18:10"}
2023-12-03 00:34:40 查询号码 【1891035】，GSD为【"北京-北京"】

2023-12-03 00:34:41 开始第 1127 次操作

2023-12-03 00:34:41 开始操作号码 【1891036】
2023-12-03 00:34:45 GSD getOne 第 1 次 等待 3 秒
2023-12-03 00:34:48 查询号码 【1891036】，返回信息 {"status":"ok","msg":"北京-北京","gid":"447137","time_insert":"2021-07-30 18:22"}
2023-12-03 00:34:48 查询号码 【1891036】，GSD为【"北京-北京"】

2023-12-03 00:34:49 开始第 1128 次操作

2023-12-03 00:34:49 开始操作号码 【1891037】
2023-12-03 00:34:52 GSD getOne 第 1 次 等待 3 秒
2023-12-03 00:34:55 查询号码 【1891037】，返回信息 {"status":"ok","msg":"北京-北京","gid":"447160","time_insert":"2021-07-30 18:34"}
2023-12-03 00:34:55 查询号码 【1891037】，GSD为【"北京-北京"】

2023-12-03 01:06:31 开始第 1129 次操作

2023-12-03 01:06:31 开始操作号码 【1891038】
2023-12-03 01:06:35 GSD getOne 第 1 次 等待 3 秒
2023-12-03 01:06:38 查询号码 【1891038】，返回信息 {"status":"ok","msg":"北京-北京","gid":"447237","time_insert":"2021-07-30 18:46"}
2023-12-03 01:06:38 查询号码 【1891038】，GSD为【"北京-北京"】

2023-12-03 01:06:39 开始第 1130 次操作

2023-12-03 01:06:39 开始操作号码 【1891039】
2023-12-03 01:06:44 GSD getOne 第 1 次 等待 3 秒
2023-12-03 01:06:47 查询号码 【1891039】，返回信息 {"status":"ok","msg":"北京-北京","gid":"44988","time_insert":"2019-03-22 23:37","time_update":"2020-12-26 03:51"}
2023-12-03 01:06:47 查询号码 【1891039】，GSD为【"北京-北京"】

2023-12-03 01:06:48 开始第 1131 次操作

2023-12-03 01:06:48 开始操作号码 【1891040】
2023-12-03 01:06:51 GSD getOne 第 1 次 等待 3 秒
2023-12-03 01:06:54 查询号码 【1891040】，返回信息 {"status":"ok","msg":"北京-北京","gid":"447447","time_insert":"2021-07-30 19:01"}
2023-12-03 01:06:54 查询号码 【1891040】，GSD为【"北京-北京"】

2023-12-03 01:06:55 开始第 1132 次操作

2023-12-03 01:06:55 开始操作号码 【1891041】
2023-12-03 01:06:59 GSD getOne 第 1 次 等待 3 秒
2023-12-03 01:07:02 查询号码 【1891041】，返回信息 {"status":"ok","msg":"北京-北京","gid":"447608","time_insert":"2021-07-30 19:14"}
2023-12-03 01:07:02 查询号码 【1891041】，GSD为【"北京-北京"】

2023-12-03 01:32:40 开始第 1133 次操作

2023-12-03 01:32:40 开始操作号码 【1891042】
2023-12-03 01:32:48 GSD getOne 第 1 次 等待 3 秒
2023-12-03 01:32:51 查询号码 【1891042】，返回信息 {"status":"ok","msg":"北京-北京","gid":"44989","time_insert":"2019-12-16 10:01","time_update":"2020-12-26 03:42"}
2023-12-03 01:32:51 查询号码 【1891042】，GSD为【"北京-北京"】

2023-12-03 01:32:52 开始第 1134 次操作

2023-12-03 01:32:52 开始操作号码 【1891043】
2023-12-03 01:32:55 GSD getOne 第 1 次 等待 3 秒
2023-12-03 01:32:58 查询号码 【1891043】，返回信息 {"status":"ok","msg":"北京-北京","gid":"447665","time_insert":"2021-07-30 19:27"}
2023-12-03 01:32:58 查询号码 【1891043】，GSD为【"北京-北京"】

2023-12-03 01:32:59 开始第 1135 次操作

2023-12-03 01:32:59 开始操作号码 【1891044】
2023-12-03 01:33:03 GSD getOne 第 1 次 等待 3 秒
2023-12-03 01:33:06 查询号码 【1891044】，返回信息 {"status":"ok","msg":"北京-北京","gid":"447702","time_insert":"2021-07-30 19:37"}
2023-12-03 01:33:06 查询号码 【1891044】，GSD为【"北京-北京"】

2023-12-03 01:33:07 开始第 1136 次操作

2023-12-03 01:33:07 开始操作号码 【1891045】
2023-12-03 01:33:10 GSD getOne 第 1 次 等待 3 秒
2023-12-03 01:33:13 查询号码 【1891045】，返回信息 {"status":"ok","msg":"北京-北京","gid":"447848","time_insert":"2021-07-30 19:49"}
2023-12-03 01:33:13 查询号码 【1891045】，GSD为【"北京-北京"】

2023-12-03 02:08:55 开始第 1137 次操作

2023-12-03 02:08:55 开始操作号码 【1891046】
2023-12-03 02:09:02 GSD getOne 第 1 次 等待 3 秒
2023-12-03 02:09:05 查询号码 【1891046】，返回信息 {"status":"ok","msg":"北京-北京","gid":"448025","time_insert":"2021-07-30 20:01"}
2023-12-03 02:09:05 查询号码 【1891046】，GSD为【"北京-北京"】

2023-12-03 02:09:06 开始第 1138 次操作

2023-12-03 02:09:06 开始操作号码 【1891047】
2023-12-03 02:09:10 GSD getOne 第 1 次 等待 3 秒
2023-12-03 02:09:13 查询号码 【1891047】，返回信息 {"status":"ok","msg":"北京-北京","gid":"44990","time_insert":"2018-08-17 07:43","time_update":"2020-12-26 04:06"}
2023-12-03 02:09:13 查询号码 【1891047】，GSD为【"北京-北京"】

2023-12-03 02:09:14 开始第 1139 次操作

2023-12-03 02:09:14 开始操作号码 【1891048】
2023-12-03 02:09:18 GSD getOne 第 1 次 等待 3 秒
2023-12-03 02:09:21 查询号码 【1891048】，返回信息 {"status":"ok","msg":"北京-北京","gid":"448117","time_insert":"2021-07-30 20:12"}
2023-12-03 02:09:21 查询号码 【1891048】，GSD为【"北京-北京"】

2023-12-03 02:09:22 开始第 1140 次操作

2023-12-03 02:09:22 开始操作号码 【1891049】
2023-12-03 02:09:26 GSD getOne 第 1 次 等待 3 秒
2023-12-03 02:09:29 查询号码 【1891049】，返回信息 {"status":"ok","msg":"北京-北京","gid":"448162","time_insert":"2021-07-30 20:24"}
2023-12-03 02:09:29 查询号码 【1891049】，GSD为【"北京-北京"】

2023-12-03 02:32:23 开始第 1141 次操作

2023-12-03 02:32:23 开始操作号码 【1891050】
2023-12-03 02:32:30 GSD getOne 第 1 次 等待 3 秒
2023-12-03 02:32:33 查询号码 【1891050】，返回信息 {"status":"ok","msg":"北京-北京","gid":"448193","time_insert":"2021-07-30 20:37"}
2023-12-03 02:32:33 查询号码 【1891050】，GSD为【"北京-北京"】

2023-12-03 02:32:34 开始第 1142 次操作

2023-12-03 02:32:34 开始操作号码 【1891051】
2023-12-03 02:32:37 GSD getOne 第 1 次 等待 3 秒
2023-12-03 02:32:40 查询号码 【1891051】，返回信息 {"status":"ok","msg":"北京-北京","gid":"448209","time_insert":"2021-07-30 20:47"}
2023-12-03 02:32:40 查询号码 【1891051】，GSD为【"北京-北京"】

2023-12-03 02:32:41 开始第 1143 次操作

2023-12-03 02:32:41 开始操作号码 【1891052】
2023-12-03 02:32:45 GSD getOne 第 1 次 等待 3 秒
2023-12-03 02:32:48 查询号码 【1891052】，返回信息 {"status":"ok","msg":"北京-北京","gid":"448264","time_insert":"2021-07-30 21:02"}
2023-12-03 02:32:48 查询号码 【1891052】，GSD为【"北京-北京"】

2023-12-03 02:32:49 开始第 1144 次操作

2023-12-03 02:32:49 开始操作号码 【1891053】
2023-12-03 02:32:52 GSD getOne 第 1 次 等待 3 秒
2023-12-03 02:32:55 查询号码 【1891053】，返回信息 {"status":"ok","msg":"北京-北京","gid":"448428","time_insert":"2021-07-30 21:16"}
2023-12-03 02:32:55 查询号码 【1891053】，GSD为【"北京-北京"】

2023-12-03 03:05:46 开始第 1145 次操作

2023-12-03 03:05:46 开始操作号码 【1891054】
2023-12-03 03:05:50 GSD getOne 第 1 次 等待 3 秒
2023-12-03 03:05:53 查询号码 【1891054】，返回信息 {"status":"ok","msg":"北京-北京","gid":"448547","time_insert":"2021-07-30 21:27"}
2023-12-03 03:05:53 查询号码 【1891054】，GSD为【"北京-北京"】

2023-12-03 03:05:54 开始第 1146 次操作

2023-12-03 03:05:54 开始操作号码 【1891055】
2023-12-03 03:05:58 GSD getOne 第 1 次 等待 3 秒
2023-12-03 03:06:01 查询号码 【1891055】，返回信息 {"status":"ok","msg":"北京-北京","gid":"448680","time_insert":"2021-07-30 21:40"}
2023-12-03 03:06:01 查询号码 【1891055】，GSD为【"北京-北京"】

2023-12-03 03:06:02 开始第 1147 次操作

2023-12-03 03:06:02 开始操作号码 【1891056】
2023-12-03 03:06:05 GSD getOne 第 1 次 等待 3 秒
2023-12-03 03:06:08 查询号码 【1891056】，返回信息 {"status":"ok","msg":"北京-北京","gid":"448864","time_insert":"2021-07-30 21:54"}
2023-12-03 03:06:08 查询号码 【1891056】，GSD为【"北京-北京"】

2023-12-03 03:06:09 开始第 1148 次操作

2023-12-03 03:06:09 开始操作号码 【1891057】
2023-12-03 03:06:13 GSD getOne 第 1 次 等待 3 秒
2023-12-03 03:06:16 查询号码 【1891057】，返回信息 {"status":"ok","msg":"北京-北京","gid":"448992","time_insert":"2021-07-30 22:04"}
2023-12-03 03:06:16 查询号码 【1891057】，GSD为【"北京-北京"】

2023-12-03 03:32:33 开始第 1149 次操作

2023-12-03 03:32:33 开始操作号码 【1891058】
2023-12-03 03:32:37 GSD getOne 第 1 次 等待 3 秒
2023-12-03 03:32:40 查询号码 【1891058】，返回信息 {"status":"ok","msg":"北京-北京","gid":"449093","time_insert":"2021-07-30 22:18"}
2023-12-03 03:32:40 查询号码 【1891058】，GSD为【"北京-北京"】

2023-12-03 03:32:41 开始第 1150 次操作

2023-12-03 03:32:41 开始操作号码 【1891059】
2023-12-03 03:32:45 GSD getOne 第 1 次 等待 3 秒
2023-12-03 03:32:48 查询号码 【1891059】，返回信息 {"status":"ok","msg":"北京-北京","gid":"449131","time_insert":"2021-07-30 22:29"}
2023-12-03 03:32:48 查询号码 【1891059】，GSD为【"北京-北京"】

2023-12-03 03:32:49 开始第 1151 次操作

2023-12-03 03:32:49 开始操作号码 【1891060】
2023-12-03 03:32:52 GSD getOne 第 1 次 等待 3 秒
2023-12-03 03:32:55 查询号码 【1891060】，返回信息 {"status":"ok","msg":"北京-北京","gid":"449223","time_insert":"2021-07-30 22:40"}
2023-12-03 03:32:55 查询号码 【1891060】，GSD为【"北京-北京"】

2023-12-03 03:32:56 开始第 1152 次操作

2023-12-03 03:32:56 开始操作号码 【1891061】
2023-12-03 03:33:00 GSD getOne 第 1 次 等待 3 秒
2023-12-03 03:33:03 查询号码 【1891061】，返回信息 {"status":"ok","msg":"北京-北京","gid":"449442","time_insert":"2021-07-30 22:54"}
2023-12-03 03:33:03 查询号码 【1891061】，GSD为【"北京-北京"】

2023-12-03 04:07:35 开始第 1153 次操作

2023-12-03 04:07:35 开始操作号码 【1891062】
2023-12-03 04:07:38 GSD getOne 第 1 次 等待 3 秒
2023-12-03 04:07:41 查询号码 【1891062】，返回信息 {"status":"ok","msg":"北京-北京","gid":"449606","time_insert":"2021-07-30 23:07"}
2023-12-03 04:07:41 查询号码 【1891062】，GSD为【"北京-北京"】

2023-12-03 04:07:42 开始第 1154 次操作

2023-12-03 04:07:42 开始操作号码 【1891063】
2023-12-03 04:07:46 GSD getOne 第 1 次 等待 3 秒
2023-12-03 04:07:49 查询号码 【1891063】，返回信息 {"status":"ok","msg":"北京-北京","gid":"449646","time_insert":"2021-07-30 23:18"}
2023-12-03 04:07:49 查询号码 【1891063】，GSD为【"北京-北京"】

2023-12-03 04:07:50 开始第 1155 次操作

2023-12-03 04:07:50 开始操作号码 【1891064】
2023-12-03 04:07:54 GSD getOne 第 1 次 等待 3 秒
2023-12-03 04:07:57 查询号码 【1891064】，返回信息 {"status":"ok","msg":"北京-北京","gid":"44991","time_insert":"2018-12-05 09:34","time_update":"2020-12-26 03:14"}
2023-12-03 04:07:57 查询号码 【1891064】，GSD为【"北京-北京"】

2023-12-03 04:07:58 开始第 1156 次操作

2023-12-03 04:07:58 开始操作号码 【1891065】
2023-12-03 04:08:02 GSD getOne 第 1 次 等待 3 秒
2023-12-03 04:08:05 查询号码 【1891065】，返回信息 {"status":"ok","msg":"北京-北京","gid":"449667","time_insert":"2021-07-30 23:32"}
2023-12-03 04:08:05 查询号码 【1891065】，GSD为【"北京-北京"】

2023-12-03 04:32:25 开始第 1157 次操作

2023-12-03 04:32:25 开始操作号码 【1891066】
2023-12-03 04:32:30 GSD getOne 第 1 次 等待 3 秒
2023-12-03 04:32:33 查询号码 【1891066】，返回信息 {"status":"ok","msg":"北京-北京","gid":"449688","time_insert":"2021-07-30 23:44"}
2023-12-03 04:32:33 查询号码 【1891066】，GSD为【"北京-北京"】

2023-12-03 04:32:34 开始第 1158 次操作

2023-12-03 04:32:34 开始操作号码 【1891067】
2023-12-03 04:32:38 GSD getOne 第 1 次 等待 3 秒
2023-12-03 04:32:41 查询号码 【1891067】，返回信息 {"status":"ok","msg":"北京-北京","gid":"50614","time_insert":"2021-04-21 16:45"}
2023-12-03 04:32:41 查询号码 【1891067】，GSD为【"北京-北京"】

2023-12-03 04:32:42 开始第 1159 次操作

2023-12-03 04:32:42 开始操作号码 【1891068】
2023-12-03 04:32:46 GSD getOne 第 1 次 等待 3 秒
2023-12-03 04:32:49 查询号码 【1891068】，返回信息 {"status":"ok","msg":"北京-北京","gid":"449801","time_insert":"2021-07-30 23:58"}
2023-12-03 04:32:49 查询号码 【1891068】，GSD为【"北京-北京"】

2023-12-03 04:32:50 开始第 1160 次操作

2023-12-03 04:32:50 开始操作号码 【1891069】
2023-12-03 04:32:53 GSD getOne 第 1 次 等待 3 秒
2023-12-03 04:32:56 查询号码 【1891069】，返回信息 {"status":"ok","msg":"北京-北京","gid":"450013","time_insert":"2021-07-31 00:11"}
2023-12-03 04:32:56 查询号码 【1891069】，GSD为【"北京-北京"】

