2024-04-07 00:09:04 开始第 2373 次操作

2024-04-07 00:09:04 开始操作号码 【1672283】
2024-04-07 00:09:11 GSD getOne 第 1 次 等待 3 秒
2024-04-07 00:09:14 查询号码 【1672283】，返回信息 {"status":"ok","msg":"吉林-长春","gid":"242747","time_insert":"2021-07-10 21:37"}
2024-04-07 00:09:14 查询号码 【1672283】，GSD为【"吉林-长春"】

2024-04-07 00:09:16 开始第 2374 次操作

2024-04-07 00:09:16 开始操作号码 【1672284】
2024-04-07 00:09:21 GSD getOne 第 1 次 等待 3 秒
2024-04-07 00:09:24 查询号码 【1672284】，返回信息 {"status":"ok","msg":"吉林-长春","gid":"242752","time_insert":"2021-07-10 21:37"}
2024-04-07 00:09:24 查询号码 【1672284】，GSD为【"吉林-长春"】

2024-04-07 00:09:25 开始第 2375 次操作

2024-04-07 00:09:25 开始操作号码 【1672285】
2024-04-07 00:09:30 GSD getOne 第 1 次 等待 3 秒
2024-04-07 00:09:33 查询号码 【1672285】，返回信息 {"status":"ok","msg":"吉林-长春","gid":"242758","time_insert":"2021-07-10 21:38"}
2024-04-07 00:09:33 查询号码 【1672285】，GSD为【"吉林-长春"】

2024-04-07 00:09:34 开始第 2376 次操作

2024-04-07 00:09:34 开始操作号码 【1672286】
2024-04-07 00:09:41 GSD getOne 第 1 次 等待 3 秒
2024-04-07 00:09:44 查询号码 【1672286】，返回信息 {"status":"ok","msg":"吉林-长春","gid":"242763","time_insert":"2021-07-10 21:38"}
2024-04-07 00:09:44 查询号码 【1672286】，GSD为【"吉林-长春"】

