2023-09-28 00:09:50 开始第 301 次操作

2023-09-28 00:09:50 开始操作号码 【1990300】
2023-09-28 00:09:56 GSD getOne 第 1 次 等待 3 秒
2023-09-28 00:09:59 查询号码 【1990300】，返回信息 {"status":"ok","msg":"广东-汕头","gid":"454253","time_insert":"2021-07-31 08:31"}
2023-09-28 00:10:00 查询号码 【1990300】，GSD为【"广东-汕头"】

2023-09-28 00:10:01 开始第 302 次操作

2023-09-28 00:10:01 开始操作号码 【1990301】
2023-09-28 00:10:05 GSD getOne 第 1 次 等待 3 秒
2023-09-28 00:10:08 查询号码 【1990301】，返回信息 {"status":"ok","msg":"广东-汕头","gid":"454263","time_insert":"2021-07-31 08:40"}
2023-09-28 00:10:08 查询号码 【1990301】，GSD为【"广东-汕头"】

2023-09-28 00:10:09 开始第 303 次操作

2023-09-28 00:10:09 开始操作号码 【1990302】
2023-09-28 00:10:11 GSD getOne 第 1 次 等待 3 秒
2023-09-28 00:10:14 查询号码 【1990302】，返回信息 {"status":"ok","msg":"广东-湛江","gid":"454276","time_insert":"2021-07-31 08:51"}
2023-09-28 00:10:14 查询号码 【1990302】，GSD为【"广东-湛江"】

2023-09-28 00:10:15 开始第 304 次操作

2023-09-28 00:10:15 开始操作号码 【1990303】
2023-09-28 00:10:18 GSD getOne 第 1 次 等待 3 秒
2023-09-28 00:10:21 查询号码 【1990303】，返回信息 {"status":"ok","msg":"广东-湛江","gid":"454289","time_insert":"2021-07-31 08:59"}
2023-09-28 00:10:21 查询号码 【1990303】，GSD为【"广东-湛江"】

