2024-07-06 00:10:50 开始第 5077 次操作

2024-07-06 00:10:50 开始操作号码 【1564983】
2024-07-06 00:10:59 GSD getOne 第 1 次 等待 3 秒
2024-07-06 00:11:02 查询号码 【1564983】，返回信息 {"status":"ok","msg":"河南-许昌","gid":"409313","time_insert":"2021-07-27 04:20"}
2024-07-06 00:11:03 查询号码 【1564983】，GSD为【"河南-许昌"】

2024-07-06 00:11:04 开始第 5078 次操作

2024-07-06 00:11:04 开始操作号码 【1564984】
2024-07-06 00:11:12 GSD getOne 第 1 次 等待 3 秒
2024-07-06 00:11:15 查询号码 【1564984】，返回信息 {"status":"ok","msg":"河南-许昌","gid":"409324","time_insert":"2021-07-27 04:29"}
2024-07-06 00:11:15 查询号码 【1564984】，GSD为【"河南-许昌"】

2024-07-06 00:11:16 开始第 5079 次操作

2024-07-06 00:11:16 开始操作号码 【1564985】
2024-07-06 00:11:30 GSD getOne 第 1 次 等待 3 秒
2024-07-06 00:11:33 查询号码 【1564985】，返回信息 {"status":"ok","msg":"河南-郑州","gid":"409358","time_insert":"2021-07-27 04:39"}
2024-07-06 00:11:33 查询号码 【1564985】，GSD为【"河南-郑州"】

2024-07-06 00:11:34 开始第 5080 次操作

2024-07-06 00:11:34 开始操作号码 【1564986】
2024-07-06 00:11:44 GSD getOne 第 1 次 等待 3 秒
2024-07-06 00:11:47 查询号码 【1564986】，返回信息 {"status":"ok","msg":"河南-郑州","gid":"409498","time_insert":"2021-07-27 04:48"}
2024-07-06 00:11:47 查询号码 【1564986】，GSD为【"河南-郑州"】

