2023-09-27 00:09:53 开始第 117 次操作

2023-09-27 00:09:53 开始操作号码 【1990116】
2023-09-27 00:09:55 GSD getOne 第 1 次 等待 3 秒
2023-09-27 00:09:58 查询号码 【1990116】，返回信息 {"status":"ok","msg":"北京-北京","gid":"439678","time_insert":"2021-07-30 02:33"}
2023-09-27 00:09:58 查询号码 【1990116】，GSD为【"北京-北京"】

2023-09-27 00:09:59 开始第 118 次操作

2023-09-27 00:09:59 开始操作号码 【1990117】
2023-09-27 00:10:03 GSD getOne 第 1 次 等待 3 秒
2023-09-27 00:10:06 查询号码 【1990117】，返回信息 {"status":"ok","msg":"北京-北京","gid":"439690","time_insert":"2021-07-30 02:42"}
2023-09-27 00:10:06 查询号码 【1990117】，GSD为【"北京-北京"】

2023-09-27 00:10:07 开始第 119 次操作

2023-09-27 00:10:07 开始操作号码 【1990118】
2023-09-27 00:10:09 GSD getOne 第 1 次 等待 3 秒
2023-09-27 00:10:12 查询号码 【1990118】，返回信息 {"status":"ok","msg":"北京-北京","gid":"439736","time_insert":"2021-07-30 02:52"}
2023-09-27 00:10:12 查询号码 【1990118】，GSD为【"北京-北京"】

2023-09-27 00:10:13 开始第 120 次操作

2023-09-27 00:10:13 开始操作号码 【1990119】
2023-09-27 00:10:31 GSD getOne 第 1 次 等待 3 秒
2023-09-27 00:10:34 查询号码 【1990119】，返回信息 {"status":"ok","msg":"北京-北京","gid":"439861","time_insert":"2021-07-30 03:03"}
2023-09-27 00:10:34 查询号码 【1990119】，GSD为【"北京-北京"】

