2024-01-09 00:10:10 开始第 7929 次操作

2024-01-09 00:10:10 开始操作号码 【1897838】
2024-01-09 00:10:15 GSD getOne 第 1 次 等待 3 秒
2024-01-09 00:10:18 查询号码 【1897838】，返回信息 {"status":"ok","msg":"广西-桂林","gid":"50246","time_insert":"2021-04-21 15:44"}
2024-01-09 00:10:18 查询号码 【1897838】，GSD为【"广西-桂林"】

2024-01-09 00:10:19 开始第 7930 次操作

2024-01-09 00:10:19 开始操作号码 【1897839】
2024-01-09 00:10:23 GSD getOne 第 1 次 等待 3 秒
2024-01-09 00:10:26 查询号码 【1897839】，返回信息 {"status":"ok","msg":"广西-桂林","gid":"445965","time_insert":"2021-07-30 16:04"}
2024-01-09 00:10:26 查询号码 【1897839】，GSD为【"广西-桂林"】

2024-01-09 00:10:27 开始第 7931 次操作

2024-01-09 00:10:27 开始操作号码 【1897840】
2024-01-09 00:10:31 GSD getOne 第 1 次 等待 3 秒
2024-01-09 00:10:34 查询号码 【1897840】，返回信息 {"status":"ok","msg":"广西-贺州","gid":"445958","time_insert":"2021-07-30 16:03"}
2024-01-09 00:10:34 查询号码 【1897840】，GSD为【"广西-贺州"】

2024-01-09 00:10:35 开始第 7932 次操作

2024-01-09 00:10:35 开始操作号码 【1897841】
2024-01-09 00:10:38 GSD getOne 第 1 次 等待 3 秒
2024-01-09 00:10:41 查询号码 【1897841】，返回信息 {"status":"ok","msg":"广西-贺州","gid":"445954","time_insert":"2021-07-30 16:03"}
2024-01-09 00:10:41 查询号码 【1897841】，GSD为【"广西-贺州"】

