2024-04-19 00:09:25 开始第 4425 次操作

2024-04-19 00:09:25 开始操作号码 【1674335】
2024-04-19 00:09:33 GSD getOne 第 1 次 等待 3 秒
2024-04-19 00:09:36 查询号码 【1674335】，返回信息 {"status":"ok","msg":"河北-秦皇岛","gid":"268842","time_insert":"2021-07-13 21:54"}
2024-04-19 00:09:36 查询号码 【1674335】，GSD为【"河北-秦皇岛"】

2024-04-19 00:09:37 开始第 4426 次操作

2024-04-19 00:09:37 开始操作号码 【1674336】
2024-04-19 00:09:42 GSD getOne 第 1 次 等待 3 秒
2024-04-19 00:09:45 查询号码 【1674336】，返回信息 {"status":"ok","msg":"河北-石家庄","gid":"268852","time_insert":"2021-07-13 21:55"}
2024-04-19 00:09:45 查询号码 【1674336】，GSD为【"河北-石家庄"】

2024-04-19 00:09:46 开始第 4427 次操作

2024-04-19 00:09:46 开始操作号码 【1674337】
2024-04-19 00:09:54 GSD getOne 第 1 次 等待 3 秒
2024-04-19 00:09:57 查询号码 【1674337】，返回信息 {"status":"ok","msg":"河北-石家庄","gid":"268862","time_insert":"2021-07-13 21:56"}
2024-04-19 00:09:57 查询号码 【1674337】，GSD为【"河北-石家庄"】

2024-04-19 00:09:58 开始第 4428 次操作

2024-04-19 00:09:58 开始操作号码 【1674338】
2024-04-19 00:10:03 GSD getOne 第 1 次 等待 3 秒
2024-04-19 00:10:06 查询号码 【1674338】，返回信息 {"status":"ok","msg":"河北-石家庄","gid":"268869","time_insert":"2021-07-13 21:56"}
2024-04-19 00:10:06 查询号码 【1674338】，GSD为【"河北-石家庄"】

2024-04-19 00:35:25 开始第 4429 次操作

2024-04-19 00:35:25 开始操作号码 【1674339】
2024-04-19 00:35:36 GSD getOne 第 1 次 等待 3 秒
2024-04-19 00:35:39 查询号码 【1674339】，返回信息 {"status":"ok","msg":"河北-石家庄","gid":"268872","time_insert":"2021-07-13 21:57"}
2024-04-19 00:35:39 查询号码 【1674339】，GSD为【"河北-石家庄"】

2024-04-19 00:35:40 开始第 4430 次操作

2024-04-19 00:35:40 开始操作号码 【1674340】
2024-04-19 00:35:47 GSD getOne 第 1 次 等待 3 秒
2024-04-19 00:35:50 查询号码 【1674340】，返回信息 {"status":"ok","msg":"山西-太原","gid":"268876","time_insert":"2021-07-13 21:58"}
2024-04-19 00:35:50 查询号码 【1674340】，GSD为【"山西-太原"】

2024-04-19 00:35:51 开始第 4431 次操作

2024-04-19 00:35:51 开始操作号码 【1674341】
2024-04-19 00:35:59 GSD getOne 第 1 次 等待 3 秒
2024-04-19 00:36:02 查询号码 【1674341】，返回信息 {"status":"ok","msg":"山西-大同","gid":"268880","time_insert":"2021-07-13 21:59"}
2024-04-19 00:36:02 查询号码 【1674341】，GSD为【"山西-大同"】

2024-04-19 00:36:03 开始第 4432 次操作

2024-04-19 00:36:03 开始操作号码 【1674342】
2024-04-19 00:36:11 GSD getOne 第 1 次 等待 3 秒
2024-04-19 00:36:14 查询号码 【1674342】，返回信息 {"status":"ok","msg":"山西-大同","gid":"268885","time_insert":"2021-07-13 21:59"}
2024-04-19 00:36:14 查询号码 【1674342】，GSD为【"山西-大同"】

2024-04-19 01:07:24 开始第 4433 次操作

2024-04-19 01:07:24 开始操作号码 【1674343】
2024-04-19 01:07:29 GSD getOne 第 1 次 等待 3 秒
2024-04-19 01:07:32 查询号码 【1674343】，返回信息 {"status":"ok","msg":"山西-大同","gid":"268888","time_insert":"2021-07-13 22:00"}
2024-04-19 01:07:32 查询号码 【1674343】，GSD为【"山西-大同"】

2024-04-19 01:07:33 开始第 4434 次操作

2024-04-19 01:07:33 开始操作号码 【1674344】
2024-04-19 01:07:41 GSD getOne 第 1 次 等待 3 秒
2024-04-19 01:07:44 查询号码 【1674344】，返回信息 {"status":"ok","msg":"山西-大同","gid":"268890","time_insert":"2021-07-13 22:01"}
2024-04-19 01:07:44 查询号码 【1674344】，GSD为【"山西-大同"】

2024-04-19 01:07:45 开始第 4435 次操作

2024-04-19 01:07:45 开始操作号码 【1674345】
2024-04-19 01:07:50 GSD getOne 第 1 次 等待 3 秒
2024-04-19 01:07:53 查询号码 【1674345】，返回信息 {"status":"ok","msg":"山西-大同","gid":"268893","time_insert":"2021-07-13 22:02"}
2024-04-19 01:07:53 查询号码 【1674345】，GSD为【"山西-大同"】

2024-04-19 01:07:54 开始第 4436 次操作

2024-04-19 01:07:54 开始操作号码 【1674346】
2024-04-19 01:07:59 GSD getOne 第 1 次 等待 3 秒
2024-04-19 01:08:02 查询号码 【1674346】，返回信息 {"status":"ok","msg":"山西-大同","gid":"268895","time_insert":"2021-07-13 22:02"}
2024-04-19 01:08:02 查询号码 【1674346】，GSD为【"山西-大同"】

