2024-06-11 00:11:27 开始第 509 次操作

2024-06-11 00:11:27 开始操作号码 【1560416】
2024-06-11 00:11:39 GSD getOne 第 1 次 等待 3 秒
2024-06-11 00:11:42 查询号码 【1560416】，返回信息 {"status":"ok","msg":"辽宁-锦州","gid":"89486","time_insert":"2021-06-10 11:01"}
2024-06-11 00:11:42 查询号码 【1560416】，GSD为【"辽宁-锦州"】

2024-06-11 00:11:43 开始第 510 次操作

2024-06-11 00:11:43 开始操作号码 【1560417】
2024-06-11 00:11:48 GSD getOne 第 1 次 等待 3 秒
2024-06-11 00:11:51 查询号码 【1560417】，返回信息 {"status":"ok","msg":"辽宁-营口","gid":"89510","time_insert":"2021-06-10 11:21"}
2024-06-11 00:11:51 查询号码 【1560417】，GSD为【"辽宁-营口"】

2024-06-11 00:11:52 开始第 511 次操作

2024-06-11 00:11:52 开始操作号码 【1560418】
2024-06-11 00:11:58 GSD getOne 第 1 次 等待 3 秒
2024-06-11 00:12:01 查询号码 【1560418】，返回信息 {"status":"ok","msg":"辽宁-阜新","gid":"89529","time_insert":"2021-06-10 11:38"}
2024-06-11 00:12:01 查询号码 【1560418】，GSD为【"辽宁-阜新"】

2024-06-11 00:12:02 开始第 512 次操作

2024-06-11 00:12:02 开始操作号码 【1560419】
2024-06-11 00:12:11 GSD getOne 第 1 次 等待 3 秒
2024-06-11 00:12:14 查询号码 【1560419】，返回信息 {"status":"ok","msg":"辽宁-辽阳","gid":"89546","time_insert":"2021-06-10 11:54"}
2024-06-11 00:12:14 查询号码 【1560419】，GSD为【"辽宁-辽阳"】

2024-06-11 00:38:06 开始第 513 次操作

2024-06-11 00:38:06 开始操作号码 【1560420】
2024-06-11 00:38:14 GSD getOne 第 1 次 等待 3 秒
2024-06-11 00:38:17 查询号码 【1560420】，返回信息 {"status":"ok","msg":"辽宁-鞍山","gid":"89570","time_insert":"2021-06-10 12:14"}
2024-06-11 00:38:17 查询号码 【1560420】，GSD为【"辽宁-鞍山"】

2024-06-11 00:38:18 开始第 514 次操作

2024-06-11 00:38:18 开始操作号码 【1560421】
2024-06-11 00:38:23 GSD getOne 第 1 次 等待 3 秒
2024-06-11 00:38:26 查询号码 【1560421】，返回信息 {"status":"ok","msg":"辽宁-朝阳","gid":"89593","time_insert":"2021-06-10 12:34"}
2024-06-11 00:38:26 查询号码 【1560421】，GSD为【"辽宁-朝阳"】

2024-06-11 00:38:27 开始第 515 次操作

2024-06-11 00:38:27 开始操作号码 【1560422】
2024-06-11 00:38:33 GSD getOne 第 1 次 等待 3 秒
2024-06-11 00:38:36 查询号码 【1560422】，返回信息 {"status":"ok","msg":"辽宁-鞍山","gid":"89610","time_insert":"2021-06-10 12:51"}
2024-06-11 00:38:36 查询号码 【1560422】，GSD为【"辽宁-鞍山"】

2024-06-11 00:38:37 开始第 516 次操作

2024-06-11 00:38:37 开始操作号码 【1560423】
2024-06-11 00:38:44 GSD getOne 第 1 次 等待 3 秒
2024-06-11 00:38:47 查询号码 【1560423】，返回信息 {"status":"ok","msg":"辽宁-抚顺","gid":"89630","time_insert":"2021-06-10 13:08"}
2024-06-11 00:38:47 查询号码 【1560423】，GSD为【"辽宁-抚顺"】

2024-06-11 01:07:34 开始第 517 次操作

2024-06-11 01:07:34 开始操作号码 【1560424】
2024-06-11 01:07:40 GSD getOne 第 1 次 等待 3 秒
2024-06-11 01:07:43 查询号码 【1560424】，返回信息 {"status":"ok","msg":"辽宁-本溪","gid":"89652","time_insert":"2021-06-10 13:24"}
2024-06-11 01:07:43 查询号码 【1560424】，GSD为【"辽宁-本溪"】

2024-06-11 01:07:44 开始第 518 次操作

2024-06-11 01:07:44 开始操作号码 【1560425】
2024-06-11 01:07:49 GSD getOne 第 1 次 等待 3 秒
2024-06-11 01:07:52 查询号码 【1560425】，返回信息 {"status":"ok","msg":"辽宁-丹东","gid":"89674","time_insert":"2021-06-10 13:44"}
2024-06-11 01:07:52 查询号码 【1560425】，GSD为【"辽宁-丹东"】

2024-06-11 01:07:53 开始第 519 次操作

2024-06-11 01:07:53 开始操作号码 【1560426】
2024-06-11 01:07:58 GSD getOne 第 1 次 等待 3 秒
2024-06-11 01:08:01 查询号码 【1560426】，返回信息 {"status":"ok","msg":"辽宁-大连","gid":"89696","time_insert":"2021-06-10 14:01"}
2024-06-11 01:08:01 查询号码 【1560426】，GSD为【"辽宁-大连"】

2024-06-11 01:08:02 开始第 520 次操作

2024-06-11 01:08:02 开始操作号码 【1560427】
2024-06-11 01:08:07 GSD getOne 第 1 次 等待 3 秒
2024-06-11 01:08:10 查询号码 【1560427】，返回信息 {"status":"ok","msg":"辽宁-盘锦","gid":"89714","time_insert":"2021-06-10 14:19"}
2024-06-11 01:08:10 查询号码 【1560427】，GSD为【"辽宁-盘锦"】

2024-06-11 01:32:32 开始第 521 次操作

2024-06-11 01:32:32 开始操作号码 【1560428】
2024-06-11 01:32:39 GSD getOne 第 1 次 等待 3 秒
2024-06-11 01:32:42 查询号码 【1560428】，返回信息 {"status":"ok","msg":"辽宁-大连","gid":"89736","time_insert":"2021-06-10 14:38"}
2024-06-11 01:32:42 查询号码 【1560428】，GSD为【"辽宁-大连"】

2024-06-11 01:32:44 开始第 522 次操作

2024-06-11 01:32:44 开始操作号码 【1560429】
2024-06-11 01:32:55 GSD getOne 第 1 次 等待 3 秒
2024-06-11 01:32:58 查询号码 【1560429】，返回信息 {"status":"ok","msg":"辽宁-葫芦岛","gid":"89758","time_insert":"2021-06-10 14:58"}
2024-06-11 01:32:58 查询号码 【1560429】，GSD为【"辽宁-葫芦岛"】

2024-06-11 01:32:59 开始第 523 次操作

2024-06-11 01:32:59 开始操作号码 【1560430】
2024-06-11 01:33:06 GSD getOne 第 1 次 等待 3 秒
2024-06-11 01:33:09 查询号码 【1560430】，返回信息 {"status":"ok","msg":"吉林-长春","gid":"89779","time_insert":"2021-06-10 15:17"}
2024-06-11 01:33:09 查询号码 【1560430】，GSD为【"吉林-长春"】

2024-06-11 01:33:10 开始第 524 次操作

2024-06-11 01:33:10 开始操作号码 【1560431】
2024-06-11 01:33:23 GSD getOne 第 1 次 等待 3 秒
2024-06-11 01:33:26 查询号码 【1560431】，返回信息 {"status":"ok","msg":"吉林-长春","gid":"89799","time_insert":"2021-06-10 15:35"}
2024-06-11 01:33:26 查询号码 【1560431】，GSD为【"吉林-长春"】

