2023-12-28 00:09:30 开始第 5721 次操作

2023-12-28 00:09:30 开始操作号码 【1895630】
2023-12-28 00:09:34 GSD getOne 第 1 次 等待 3 秒
2023-12-28 00:09:37 查询号码 【1895630】，返回信息 {"status":"ok","msg":"安徽-宣城","gid":"472023","time_insert":"2021-08-01 21:50"}
2023-12-28 00:09:37 查询号码 【1895630】，GSD为【"安徽-宣城"】

2023-12-28 00:09:38 开始第 5722 次操作

2023-12-28 00:09:38 开始操作号码 【1895631】
2023-12-28 00:09:42 GSD getOne 第 1 次 等待 3 秒
2023-12-28 00:09:45 查询号码 【1895631】，返回信息 {"status":"ok","msg":"安徽-宣城","gid":"472013","time_insert":"2021-08-01 21:49"}
2023-12-28 00:09:45 查询号码 【1895631】，GSD为【"安徽-宣城"】

2023-12-28 00:09:46 开始第 5723 次操作

2023-12-28 00:09:46 开始操作号码 【1895632】
2023-12-28 00:09:50 GSD getOne 第 1 次 等待 3 秒
2023-12-28 00:09:53 查询号码 【1895632】，返回信息 {"status":"ok","msg":"安徽-宣城","gid":"471995","time_insert":"2021-08-01 21:47"}
2023-12-28 00:09:53 查询号码 【1895632】，GSD为【"安徽-宣城"】

2023-12-28 00:09:54 开始第 5724 次操作

2023-12-28 00:09:54 开始操作号码 【1895633】
2023-12-28 00:09:58 GSD getOne 第 1 次 等待 3 秒
2023-12-28 00:10:01 查询号码 【1895633】，返回信息 {"status":"ok","msg":"安徽-宣城","gid":"471984","time_insert":"2021-08-01 21:46"}
2023-12-28 00:10:02 查询号码 【1895633】，GSD为【"安徽-宣城"】

2023-12-28 00:37:14 开始第 5725 次操作

2023-12-28 00:37:14 开始操作号码 【1895634】
2023-12-28 00:37:17 GSD getOne 第 1 次 等待 3 秒
2023-12-28 00:37:20 查询号码 【1895634】，返回信息 {"status":"ok","msg":"安徽-宣城","gid":"471973","time_insert":"2021-08-01 21:46"}
2023-12-28 00:37:20 查询号码 【1895634】，GSD为【"安徽-宣城"】

2023-12-28 00:37:21 开始第 5726 次操作

2023-12-28 00:37:21 开始操作号码 【1895635】
2023-12-28 00:37:25 GSD getOne 第 1 次 等待 3 秒
2023-12-28 00:37:28 查询号码 【1895635】，返回信息 {"status":"ok","msg":"安徽-宣城","gid":"471960","time_insert":"2021-08-01 21:45"}
2023-12-28 00:37:28 查询号码 【1895635】，GSD为【"安徽-宣城"】

2023-12-28 00:37:29 开始第 5727 次操作

2023-12-28 00:37:29 开始操作号码 【1895636】
2023-12-28 00:37:32 GSD getOne 第 1 次 等待 3 秒
2023-12-28 00:37:35 查询号码 【1895636】，返回信息 {"status":"ok","msg":"安徽-宣城","gid":"471947","time_insert":"2021-08-01 21:44"}
2023-12-28 00:37:35 查询号码 【1895636】，GSD为【"安徽-宣城"】

2023-12-28 00:37:36 开始第 5728 次操作

2023-12-28 00:37:36 开始操作号码 【1895637】
2023-12-28 00:37:40 GSD getOne 第 1 次 等待 3 秒
2023-12-28 00:37:43 查询号码 【1895637】，返回信息 {"status":"ok","msg":"安徽-宣城","gid":"471936","time_insert":"2021-08-01 21:44"}
2023-12-28 00:37:43 查询号码 【1895637】，GSD为【"安徽-宣城"】

