2024-03-31 00:09:55 开始第 1093 次操作

2024-03-31 00:09:55 开始操作号码 【1671003】
2024-03-31 00:10:02 GSD getOne 第 1 次 等待 3 秒
2024-03-31 00:10:05 查询号码 【1671003】，返回信息 {"status":"ok","msg":"北京-北京","gid":"227061","time_insert":"2021-07-09 01:52"}
2024-03-31 00:10:05 查询号码 【1671003】，GSD为【"北京-北京"】

2024-03-31 00:10:06 开始第 1094 次操作

2024-03-31 00:10:06 开始操作号码 【1671004】
2024-03-31 00:10:11 GSD getOne 第 1 次 等待 3 秒
2024-03-31 00:10:14 查询号码 【1671004】，返回信息 {"status":"ok","msg":"北京-北京","gid":"227068","time_insert":"2021-07-09 01:52"}
2024-03-31 00:10:14 查询号码 【1671004】，GSD为【"北京-北京"】

2024-03-31 00:10:15 开始第 1095 次操作

2024-03-31 00:10:15 开始操作号码 【1671005】
2024-03-31 00:10:24 GSD getOne 第 1 次 等待 3 秒
2024-03-31 00:10:27 查询号码 【1671005】，返回信息 {"status":"ok","msg":"北京-北京","gid":"227077","time_insert":"2021-07-09 01:53"}
2024-03-31 00:10:27 查询号码 【1671005】，GSD为【"北京-北京"】

2024-03-31 00:10:28 开始第 1096 次操作

2024-03-31 00:10:28 开始操作号码 【1671006】
2024-03-31 00:10:34 GSD getOne 第 1 次 等待 3 秒
2024-03-31 00:10:37 查询号码 【1671006】，返回信息 {"status":"ok","msg":"北京-北京","gid":"227081","time_insert":"2021-07-09 01:53"}
2024-03-31 00:10:37 查询号码 【1671006】，GSD为【"北京-北京"】

