2024-09-18 00:23:12 开始第 5121 次操作

2024-09-18 00:23:12 开始操作号码 【1455120】
2024-09-18 00:23:22 GSD getOne 第 1 次 等待 3 秒
2024-09-18 00:23:25 查询号码 【1455120】，返回信息 {"status":"ok","msg":"江苏-南京","gid":"84866","time_insert":"2021-06-07 18:26"}
2024-09-18 00:23:25 查询号码 【1455120】，GSD为【"江苏-南京"】

2024-09-18 00:23:26 开始第 5122 次操作

2024-09-18 00:23:26 开始操作号码 【1455121】
2024-09-18 00:23:35 GSD getOne 第 1 次 等待 3 秒
2024-09-18 00:23:38 查询号码 【1455121】，返回信息 {"status":"ok","msg":"江苏-南京","gid":"84872","time_insert":"2021-06-07 18:30"}
2024-09-18 00:23:38 查询号码 【1455121】，GSD为【"江苏-南京"】

2024-09-18 00:23:39 开始第 5123 次操作

2024-09-18 00:23:39 开始操作号码 【1455122】
2024-09-18 00:23:47 GSD getOne 第 1 次 等待 3 秒
2024-09-18 00:23:50 查询号码 【1455122】，返回信息 {"status":"ok","msg":"江苏-南京","gid":"84876","time_insert":"2021-06-07 18:34"}
2024-09-18 00:23:50 查询号码 【1455122】，GSD为【"江苏-南京"】

2024-09-18 00:23:51 开始第 5124 次操作

2024-09-18 00:23:51 开始操作号码 【1455123】
2024-09-18 00:24:00 GSD getOne 第 1 次 等待 3 秒
2024-09-18 00:24:03 查询号码 【1455123】，返回信息 {"status":"ok","msg":"江苏-南京","gid":"84878","time_insert":"2021-06-07 18:38"}
2024-09-18 00:24:03 查询号码 【1455123】，GSD为【"江苏-南京"】

