2024-02-11 00:09:25 开始第 3093 次操作

2024-02-11 00:09:25 开始操作号码 【1783002】
2024-02-11 00:09:30 GSD getOne 第 1 次 等待 3 秒
2024-02-11 00:09:34 查询号码 【1783002】，返回信息 {"status":"ok","msg":"重庆-重庆","gid":"330969","time_insert":"2021-07-19 23:50"}
2024-02-11 00:09:34 查询号码 【1783002】，GSD为【"重庆-重庆"】

2024-02-11 00:09:35 开始第 3094 次操作

2024-02-11 00:09:35 开始操作号码 【1783003】
2024-02-11 00:09:39 GSD getOne 第 1 次 等待 3 秒
2024-02-11 00:09:42 查询号码 【1783003】，返回信息 {"status":"ok","msg":"重庆-重庆","gid":"330958","time_insert":"2021-07-19 23:49"}
2024-02-11 00:09:42 查询号码 【1783003】，GSD为【"重庆-重庆"】

2024-02-11 00:09:43 开始第 3095 次操作

2024-02-11 00:09:43 开始操作号码 【1783004】
2024-02-11 00:09:47 GSD getOne 第 1 次 等待 3 秒
2024-02-11 00:09:50 查询号码 【1783004】，返回信息 {"status":"ok","msg":"重庆-重庆","gid":"31585","time_insert":"2020-03-01 20:38","time_update":"2021-01-15 12:16"}
2024-02-11 00:09:50 查询号码 【1783004】，GSD为【"重庆-重庆"】

2024-02-11 00:09:51 开始第 3096 次操作

2024-02-11 00:09:51 开始操作号码 【1783005】
2024-02-11 00:09:55 GSD getOne 第 1 次 等待 3 秒
2024-02-11 00:09:58 查询号码 【1783005】，返回信息 {"status":"ok","msg":"重庆-重庆","gid":"51740","time_insert":"2021-04-22 10:12"}
2024-02-11 00:09:58 查询号码 【1783005】，GSD为【"重庆-重庆"】

