2024-08-24 00:22:12 开始第 809 次操作

2024-08-24 00:22:12 开始操作号码 【1450808】
2024-08-24 00:22:21 GSD getOne 第 1 次 等待 3 秒
2024-08-24 00:22:24 查询号码 【1450808】，返回信息 {"status":"ok","msg":"江苏-南京","gid":"66356","time_insert":"2021-05-24 06:20"}
2024-08-24 00:22:24 查询号码 【1450808】，GSD为【"江苏-南京"】

2024-08-24 00:22:25 开始第 810 次操作

2024-08-24 00:22:25 开始操作号码 【1450809】
2024-08-24 00:22:34 GSD getOne 第 1 次 等待 3 秒
2024-08-24 00:22:37 查询号码 【1450809】，返回信息 {"status":"ok","msg":"江苏-南京","gid":"66357","time_insert":"2021-05-24 06:24"}
2024-08-24 00:22:37 查询号码 【1450809】，GSD为【"江苏-南京"】

2024-08-24 00:22:38 开始第 811 次操作

2024-08-24 00:22:38 开始操作号码 【1450810】
2024-08-24 00:22:47 GSD getOne 第 1 次 等待 3 秒
2024-08-24 00:22:50 查询号码 【1450810】，返回信息 {"status":"ok","msg":"江苏-南京","gid":"66359","time_insert":"2021-05-24 06:29"}
2024-08-24 00:22:50 查询号码 【1450810】，GSD为【"江苏-南京"】

2024-08-24 00:22:51 开始第 812 次操作

2024-08-24 00:22:51 开始操作号码 【1450811】
2024-08-24 00:22:58 GSD getOne 第 1 次 等待 3 秒
2024-08-24 00:23:01 查询号码 【1450811】，返回信息 {"status":"ok","msg":"江苏-南京","gid":"66364","time_insert":"2021-05-24 06:33"}
2024-08-24 00:23:01 查询号码 【1450811】，GSD为【"江苏-南京"】

