2023-10-08 00:08:20 开始第 2141 次操作

2023-10-08 00:08:20 开始操作号码 【1992140】
2023-10-08 00:08:23 GSD getOne 第 1 次 等待 3 秒
2023-10-08 00:08:26 查询号码 【1992140】，返回信息 {"status":"ok","msg":"上海-上海","gid":"501477","time_insert":"2021-08-10 05:06"}
2023-10-08 00:08:26 查询号码 【1992140】，GSD为【"上海-上海"】

2023-10-08 00:08:27 开始第 2142 次操作

2023-10-08 00:08:27 开始操作号码 【1992141】
2023-10-08 00:08:34 GSD getOne 第 1 次 等待 3 秒
2023-10-08 00:08:37 查询号码 【1992141】，返回信息 {"status":"ok","msg":"上海-上海","gid":"501479","time_insert":"2021-08-10 05:09"}
2023-10-08 00:08:37 查询号码 【1992141】，GSD为【"上海-上海"】

2023-10-08 00:08:38 开始第 2143 次操作

2023-10-08 00:08:38 开始操作号码 【1992142】
2023-10-08 00:08:53 GSD getOne 第 1 次 等待 3 秒
2023-10-08 00:08:56 查询号码 【1992142】，返回信息 {"status":"ok","msg":"上海-上海","gid":"501486","time_insert":"2021-08-10 05:17"}
2023-10-08 00:08:56 查询号码 【1992142】，GSD为【"上海-上海"】

2023-10-08 00:08:57 开始第 2144 次操作

2023-10-08 00:08:57 开始操作号码 【1992143】
2023-10-08 00:09:04 GSD getOne 第 1 次 等待 3 秒
2023-10-08 00:09:07 查询号码 【1992143】，返回信息 {"status":"ok","msg":"上海-上海","gid":"501488","time_insert":"2021-08-10 05:20"}
2023-10-08 00:09:07 查询号码 【1992143】，GSD为【"上海-上海"】

