2024-02-12 00:09:23 开始第 3277 次操作

2024-02-12 00:09:23 开始操作号码 【1783186】
2024-02-12 00:09:28 GSD getOne 第 1 次 等待 3 秒
2024-02-12 00:09:31 查询号码 【1783186】，返回信息 {"status":"ok","msg":"河北-衡水","gid":"329179","time_insert":"2021-07-19 19:37"}
2024-02-12 00:09:31 查询号码 【1783186】，GSD为【"河北-衡水"】

2024-02-12 00:09:32 开始第 3278 次操作

2024-02-12 00:09:32 开始操作号码 【1783187】
2024-02-12 00:09:36 GSD getOne 第 1 次 等待 3 秒
2024-02-12 00:09:39 查询号码 【1783187】，返回信息 {"status":"ok","msg":"河北-衡水","gid":"329171","time_insert":"2021-07-19 19:37"}
2024-02-12 00:09:39 查询号码 【1783187】，GSD为【"河北-衡水"】

2024-02-12 00:09:40 开始第 3279 次操作

2024-02-12 00:09:40 开始操作号码 【1783188】
2024-02-12 00:09:44 GSD getOne 第 1 次 等待 3 秒
2024-02-12 00:09:47 查询号码 【1783188】，返回信息 {"status":"ok","msg":"河北-衡水","gid":"329165","time_insert":"2021-07-19 19:36"}
2024-02-12 00:09:47 查询号码 【1783188】，GSD为【"河北-衡水"】

2024-02-12 00:09:48 开始第 3280 次操作

2024-02-12 00:09:48 开始操作号码 【1783189】
2024-02-12 00:09:53 GSD getOne 第 1 次 等待 3 秒
2024-02-12 00:09:56 查询号码 【1783189】，返回信息 {"status":"ok","msg":"河北-衡水","gid":"329021","time_insert":"2021-07-19 19:06"}
2024-02-12 00:09:56 查询号码 【1783189】，GSD为【"河北-衡水"】

2024-02-12 00:32:59 开始第 3281 次操作

2024-02-12 00:32:59 开始操作号码 【1783190】
2024-02-12 00:33:05 GSD getOne 第 1 次 等待 3 秒
2024-02-12 00:33:08 查询号码 【1783190】，返回信息 {"status":"ok","msg":"河北-邯郸","gid":"329013","time_insert":"2021-07-19 19:05"}
2024-02-12 00:33:08 查询号码 【1783190】，GSD为【"河北-邯郸"】

2024-02-12 00:33:09 开始第 3282 次操作

2024-02-12 00:33:09 开始操作号码 【1783191】
2024-02-12 00:33:13 GSD getOne 第 1 次 等待 3 秒
2024-02-12 00:33:16 查询号码 【1783191】，返回信息 {"status":"ok","msg":"河北-邯郸","gid":"329005","time_insert":"2021-07-19 19:04"}
2024-02-12 00:33:16 查询号码 【1783191】，GSD为【"河北-邯郸"】

2024-02-12 00:33:17 开始第 3283 次操作

2024-02-12 00:33:17 开始操作号码 【1783192】
2024-02-12 00:33:23 GSD getOne 第 1 次 等待 3 秒
2024-02-12 00:33:26 查询号码 【1783192】，返回信息 {"status":"ok","msg":"河北-邯郸","gid":"328994","time_insert":"2021-07-19 19:04"}
2024-02-12 00:33:26 查询号码 【1783192】，GSD为【"河北-邯郸"】

2024-02-12 00:33:27 开始第 3284 次操作

2024-02-12 00:33:27 开始操作号码 【1783193】
2024-02-12 00:33:32 GSD getOne 第 1 次 等待 3 秒
2024-02-12 00:33:35 查询号码 【1783193】，返回信息 {"status":"ok","msg":"河北-邯郸","gid":"31597","time_insert":"2019-06-27 11:48","time_update":"2020-08-18 23:18"}
2024-02-12 00:33:36 查询号码 【1783193】，GSD为【"河北-邯郸"】

