2023-11-27 00:08:49 开始第 92 次操作
2023-11-27 00:08:49 号码【199（0000 ---> 9999）】处理完毕
2023-11-27 00:34:38 开始第 92 次操作
2023-11-27 00:34:38 号码【199（0000 ---> 9999）】处理完毕
2023-11-27 01:06:41 开始第 92 次操作
2023-11-27 01:06:41 号码【199（0000 ---> 9999）】处理完毕
2023-11-27 01:32:26 开始第 92 次操作
2023-11-27 01:32:26 号码【199（0000 ---> 9999）】处理完毕
2023-11-27 02:09:20 开始第 92 次操作
2023-11-27 02:09:20 号码【199（0000 ---> 9999）】处理完毕
2023-11-27 02:32:45 开始第 92 次操作
2023-11-27 02:32:45 号码【199（0000 ---> 9999）】处理完毕
2023-11-27 03:05:52 开始第 92 次操作
2023-11-27 03:05:52 号码【199（0000 ---> 9999）】处理完毕
2023-11-27 03:32:15 开始第 92 次操作
2023-11-27 03:32:15 号码【199（0000 ---> 9999）】处理完毕
2023-11-27 04:07:49 开始第 92 次操作
2023-11-27 04:07:49 号码【199（0000 ---> 9999）】处理完毕
2023-11-27 04:32:23 开始第 92 次操作
2023-11-27 04:32:23 号码【199（0000 ---> 9999）】处理完毕
2023-11-27 05:07:01 开始第 92 次操作
2023-11-27 05:07:01 号码【199（0000 ---> 9999）】处理完毕
2023-11-27 05:32:44 开始第 92 次操作
2023-11-27 05:32:44 号码【199（0000 ---> 9999）】处理完毕
2023-11-27 06:06:46 开始第 92 次操作
2023-11-27 06:06:46 号码【199（0000 ---> 9999）】处理完毕
2023-11-27 06:32:15 开始第 92 次操作
2023-11-27 06:32:15 号码【199（0000 ---> 9999）】处理完毕
2023-11-27 07:07:20 开始第 92 次操作
2023-11-27 07:07:20 号码【199（0000 ---> 9999）】处理完毕
2023-11-27 07:32:33 开始第 92 次操作
2023-11-27 07:32:33 号码【199（0000 ---> 9999）】处理完毕
2023-11-27 08:38:25 开始第 92 次操作
2023-11-27 08:38:25 号码【199（0000 ---> 9999）】处理完毕
2023-11-27 09:50:20 开始第 92 次操作
2023-11-27 09:50:20 号码【199（0000 ---> 9999）】处理完毕
2023-11-27 09:54:49 开始第 92 次操作

2023-11-27 09:54:49 开始操作号码 【1890001】
2023-11-27 09:54:54 GSD getOne 第 1 次 等待 3 秒
2023-11-27 09:54:57 查询号码 【1890001】，返回信息 {"status":"ok","msg":"北京-北京","gid":"354228","time_insert":"2021-07-22 10:13"}
2023-11-27 09:54:57 查询号码 【1890001】，GSD为【"北京-北京"】

2023-11-27 10:21:54 开始第 93 次操作

2023-11-27 10:21:54 开始操作号码 【1890002】
2023-11-27 10:21:58 GSD getOne 第 1 次 等待 3 秒
2023-11-27 10:22:01 查询号码 【1890002】，返回信息 {"status":"ok","msg":"北京-北京","gid":"354284","time_insert":"2021-07-22 10:26"}
2023-11-27 10:22:01 查询号码 【1890002】，GSD为【"北京-北京"】

2023-11-27 10:22:02 开始第 94 次操作

2023-11-27 10:22:02 开始操作号码 【1890003】
2023-11-27 10:22:06 GSD getOne 第 1 次 等待 3 秒
2023-11-27 10:22:09 查询号码 【1890003】，返回信息 {"status":"ok","msg":"安徽-合肥","gid":"354313","time_insert":"2021-07-22 10:37"}
2023-11-27 10:22:09 查询号码 【1890003】，GSD为【"安徽-合肥"】

2023-11-27 10:22:10 开始第 95 次操作

2023-11-27 10:22:10 开始操作号码 【1890004】
2023-11-27 10:22:14 GSD getOne 第 1 次 等待 3 秒
2023-11-27 10:22:17 查询号码 【1890004】，返回信息 {"status":"ok","msg":"安徽-合肥","gid":"357281","time_insert":"2021-07-22 17:47"}
2023-11-27 10:22:17 查询号码 【1890004】，GSD为【"安徽-合肥"】

2023-11-27 10:22:18 开始第 96 次操作

2023-11-27 10:22:18 开始操作号码 【1890005】
2023-11-27 10:22:21 GSD getOne 第 1 次 等待 3 秒
2023-11-27 10:22:24 查询号码 【1890005】，返回信息 {"status":"ok","msg":"北京-北京","gid":"357409","time_insert":"2021-07-22 17:59"}
2023-11-27 10:22:24 查询号码 【1890005】，GSD为【"北京-北京"】

