2024-01-10 00:10:21 开始第 8105 次操作

2024-01-10 00:10:21 开始操作号码 【1898014】
2024-01-10 00:10:24 GSD getOne 第 1 次 等待 3 秒
2024-01-10 00:10:27 查询号码 【1898014】，返回信息 {"status":"ok","msg":"四川-绵阳","gid":"45354","time_insert":"2016-03-29 18:48","time_update":"2020-11-14 08:39"}
2024-01-10 00:10:27 查询号码 【1898014】，GSD为【"四川-绵阳"】

2024-01-10 00:10:28 开始第 8106 次操作

2024-01-10 00:10:28 开始操作号码 【1898015】
2024-01-10 00:10:31 GSD getOne 第 1 次 等待 3 秒
2024-01-10 00:10:34 查询号码 【1898015】，返回信息 {"status":"ok","msg":"四川-广元","gid":"45355","time_insert":"2018-12-02 23:20","time_update":"2020-11-14 08:43"}
2024-01-10 00:10:34 查询号码 【1898015】，GSD为【"四川-广元"】

2024-01-10 00:10:35 开始第 8107 次操作

2024-01-10 00:10:35 开始操作号码 【1898016】
2024-01-10 00:10:38 GSD getOne 第 1 次 等待 3 秒
2024-01-10 00:10:41 查询号码 【1898016】，返回信息 {"status":"ok","msg":"四川-广元","gid":"45356","time_insert":"2018-02-25 12:22","time_update":"2020-11-14 08:48"}
2024-01-10 00:10:41 查询号码 【1898016】，GSD为【"四川-广元"】

2024-01-10 00:10:42 开始第 8108 次操作

2024-01-10 00:10:42 开始操作号码 【1898017】
2024-01-10 00:10:45 GSD getOne 第 1 次 等待 3 秒
2024-01-10 00:10:48 查询号码 【1898017】，返回信息 {"status":"ok","msg":"四川-雅安","gid":"45357","time_insert":"2015-06-25 11:19","time_update":"2020-11-14 08:51"}
2024-01-10 00:10:48 查询号码 【1898017】，GSD为【"四川-雅安"】

2024-01-10 00:38:32 开始第 8109 次操作

2024-01-10 00:38:32 开始操作号码 【1898018】
2024-01-10 00:38:36 GSD getOne 第 1 次 等待 3 秒
2024-01-10 00:38:39 查询号码 【1898018】，返回信息 {"status":"ok","msg":"四川-遂宁","gid":"45358","time_insert":"2014-01-02 13:20","time_update":"2020-11-14 08:55"}
2024-01-10 00:38:39 查询号码 【1898018】，GSD为【"四川-遂宁"】

2024-01-10 00:38:40 开始第 8110 次操作

2024-01-10 00:38:40 开始操作号码 【1898019】
2024-01-10 00:38:44 GSD getOne 第 1 次 等待 3 秒
2024-01-10 00:38:47 查询号码 【1898019】，返回信息 {"status":"ok","msg":"四川-达州","gid":"45359","time_insert":"2017-10-26 11:29","time_update":"2020-11-14 09:00"}
2024-01-10 00:38:47 查询号码 【1898019】，GSD为【"四川-达州"】

2024-01-10 00:38:48 开始第 8111 次操作

2024-01-10 00:38:48 开始操作号码 【1898020】
2024-01-10 00:38:51 GSD getOne 第 1 次 等待 3 秒
2024-01-10 00:38:54 查询号码 【1898020】，返回信息 {"status":"ok","msg":"四川-内江","gid":"45360","time_insert":"2018-06-02 23:06","time_update":"2020-11-14 09:04"}
2024-01-10 00:38:54 查询号码 【1898020】，GSD为【"四川-内江"】

2024-01-10 00:38:55 开始第 8112 次操作

2024-01-10 00:38:55 开始操作号码 【1898021】
2024-01-10 00:38:59 GSD getOne 第 1 次 等待 3 秒
2024-01-10 00:39:02 查询号码 【1898021】，返回信息 {"status":"ok","msg":"四川-内江","gid":"45361","time_insert":"2017-06-19 15:14","time_update":"2020-11-14 09:08"}
2024-01-10 00:39:02 查询号码 【1898021】，GSD为【"四川-内江"】

