2023-11-28 00:10:23 开始第 205 次操作

2023-11-28 00:10:23 开始操作号码 【1890114】
2023-11-28 00:10:27 GSD getOne 第 1 次 等待 3 秒
2023-11-28 00:10:30 查询号码 【1890114】，返回信息 {"status":"ok","msg":"北京-北京","gid":"367171","time_insert":"2021-07-23 15:36"}
2023-11-28 00:10:30 查询号码 【1890114】，GSD为【"北京-北京"】

2023-11-28 00:10:31 开始第 206 次操作

2023-11-28 00:10:31 开始操作号码 【1890115】
2023-11-28 00:10:35 GSD getOne 第 1 次 等待 3 秒
2023-11-28 00:10:38 查询号码 【1890115】，返回信息 {"status":"ok","msg":"北京-北京","gid":"367351","time_insert":"2021-07-23 15:48"}
2023-11-28 00:10:38 查询号码 【1890115】，GSD为【"北京-北京"】

2023-11-28 00:10:39 开始第 207 次操作

2023-11-28 00:10:39 开始操作号码 【1890116】
2023-11-28 00:10:45 GSD getOne 第 1 次 等待 3 秒
2023-11-28 00:10:48 查询号码 【1890116】，返回信息 {"status":"ok","msg":"北京-北京","gid":"367535","time_insert":"2021-07-23 16:02"}
2023-11-28 00:10:48 查询号码 【1890116】，GSD为【"北京-北京"】

2023-11-28 00:10:49 开始第 208 次操作

2023-11-28 00:10:49 开始操作号码 【1890117】
2023-11-28 00:10:52 GSD getOne 第 1 次 等待 3 秒
2023-11-28 00:10:55 查询号码 【1890117】，返回信息 {"status":"ok","msg":"北京-北京","gid":"367626","time_insert":"2021-07-23 16:14"}
2023-11-28 00:10:55 查询号码 【1890117】，GSD为【"北京-北京"】

2023-11-28 00:38:30 开始第 209 次操作

2023-11-28 00:38:30 开始操作号码 【1890118】
2023-11-28 00:38:34 GSD getOne 第 1 次 等待 3 秒
2023-11-28 00:38:37 查询号码 【1890118】，返回信息 {"status":"ok","msg":"北京-北京","gid":"367653","time_insert":"2021-07-23 16:26","time_update":"2021-08-09 22:27"}
2023-11-28 00:38:37 查询号码 【1890118】，GSD为【"北京-北京"】

2023-11-28 00:38:38 开始第 210 次操作

2023-11-28 00:38:38 开始操作号码 【1890119】
2023-11-28 00:38:42 GSD getOne 第 1 次 等待 3 秒
2023-11-28 00:38:45 查询号码 【1890119】，返回信息 {"status":"ok","msg":"北京-北京","gid":"367677","time_insert":"2021-07-23 16:37"}
2023-11-28 00:38:45 查询号码 【1890119】，GSD为【"北京-北京"】

2023-11-28 00:38:46 开始第 211 次操作

2023-11-28 00:38:46 开始操作号码 【1890120】
2023-11-28 00:38:50 GSD getOne 第 1 次 等待 3 秒
2023-11-28 00:38:53 查询号码 【1890120】，返回信息 {"status":"ok","msg":"北京-北京","gid":"367841","time_insert":"2021-07-23 16:52"}
2023-11-28 00:38:54 查询号码 【1890120】，GSD为【"北京-北京"】

2023-11-28 00:38:55 开始第 212 次操作

2023-11-28 00:38:55 开始操作号码 【1890121】
2023-11-28 00:39:00 GSD getOne 第 1 次 等待 3 秒
2023-11-28 00:39:03 查询号码 【1890121】，返回信息 {"status":"ok","msg":"北京-北京","gid":"368038","time_insert":"2021-07-23 17:07"}
2023-11-28 00:39:03 查询号码 【1890121】，GSD为【"北京-北京"】

2023-11-28 01:07:29 开始第 213 次操作

2023-11-28 01:07:29 开始操作号码 【1890122】
2023-11-28 01:07:33 GSD getOne 第 1 次 等待 3 秒
2023-11-28 01:07:36 查询号码 【1890122】，返回信息 {"status":"ok","msg":"北京-北京","gid":"368107","time_insert":"2021-07-23 17:19"}
2023-11-28 01:07:36 查询号码 【1890122】，GSD为【"北京-北京"】

2023-11-28 01:07:37 开始第 214 次操作

2023-11-28 01:07:37 开始操作号码 【1890123】
2023-11-28 01:07:40 GSD getOne 第 1 次 等待 3 秒
2023-11-28 01:07:43 查询号码 【1890123】，返回信息 {"status":"ok","msg":"北京-北京","gid":"368145","time_insert":"2021-07-23 17:33"}
2023-11-28 01:07:43 查询号码 【1890123】，GSD为【"北京-北京"】

2023-11-28 01:07:44 开始第 215 次操作

2023-11-28 01:07:44 开始操作号码 【1890124】
2023-11-28 01:07:48 GSD getOne 第 1 次 等待 3 秒
2023-11-28 01:07:51 查询号码 【1890124】，返回信息 {"status":"ok","msg":"北京-北京","gid":"368217","time_insert":"2021-07-23 17:46"}
2023-11-28 01:07:51 查询号码 【1890124】，GSD为【"北京-北京"】

2023-11-28 01:07:52 开始第 216 次操作

2023-11-28 01:07:52 开始操作号码 【1890125】
2023-11-28 01:07:56 GSD getOne 第 1 次 等待 3 秒
2023-11-28 01:07:59 查询号码 【1890125】，返回信息 {"status":"ok","msg":"北京-北京","gid":"368382","time_insert":"2021-07-23 17:58"}
2023-11-28 01:07:59 查询号码 【1890125】，GSD为【"北京-北京"】

2023-11-28 01:32:42 开始第 217 次操作

2023-11-28 01:32:42 开始操作号码 【1890126】
2023-11-28 01:32:48 GSD getOne 第 1 次 等待 3 秒
2023-11-28 01:32:51 查询号码 【1890126】，返回信息 {"status":"ok","msg":"北京-北京","gid":"368535","time_insert":"2021-07-23 18:08"}
2023-11-28 01:32:51 查询号码 【1890126】，GSD为【"北京-北京"】

2023-11-28 01:32:52 开始第 218 次操作

2023-11-28 01:32:52 开始操作号码 【1890127】
2023-11-28 01:32:55 GSD getOne 第 1 次 等待 3 秒
2023-11-28 01:32:58 查询号码 【1890127】，返回信息 {"status":"ok","msg":"北京-北京","gid":"368618","time_insert":"2021-07-23 18:23"}
2023-11-28 01:32:58 查询号码 【1890127】，GSD为【"北京-北京"】

2023-11-28 01:33:00 开始第 219 次操作

2023-11-28 01:33:00 开始操作号码 【1890128】
2023-11-28 01:33:03 GSD getOne 第 1 次 等待 3 秒
2023-11-28 01:33:06 查询号码 【1890128】，返回信息 {"status":"ok","msg":"北京-北京","gid":"368668","time_insert":"2021-07-23 18:36"}
2023-11-28 01:33:06 查询号码 【1890128】，GSD为【"北京-北京"】

2023-11-28 01:33:07 开始第 220 次操作

2023-11-28 01:33:07 开始操作号码 【1890129】
2023-11-28 01:33:10 GSD getOne 第 1 次 等待 3 秒
2023-11-28 01:33:13 查询号码 【1890129】，返回信息 {"status":"ok","msg":"北京-北京","gid":"368831","time_insert":"2021-07-23 18:50"}
2023-11-28 01:33:13 查询号码 【1890129】，GSD为【"北京-北京"】

2023-11-28 02:10:18 开始第 221 次操作

2023-11-28 02:10:18 开始操作号码 【1890130】
2023-11-28 02:10:26 GSD getOne 第 1 次 等待 3 秒
2023-11-28 02:10:29 查询号码 【1890130】，返回信息 {"status":"ok","msg":"北京-北京","gid":"368992","time_insert":"2021-07-23 19:01"}
2023-11-28 02:10:29 查询号码 【1890130】，GSD为【"北京-北京"】

2023-11-28 02:10:30 开始第 222 次操作

2023-11-28 02:10:30 开始操作号码 【1890131】
2023-11-28 02:10:34 GSD getOne 第 1 次 等待 3 秒
2023-11-28 02:10:37 查询号码 【1890131】，返回信息 {"status":"ok","msg":"北京-北京","gid":"369095","time_insert":"2021-07-23 19:12"}
2023-11-28 02:10:37 查询号码 【1890131】，GSD为【"北京-北京"】

2023-11-28 02:10:38 开始第 223 次操作

2023-11-28 02:10:38 开始操作号码 【1890132】
2023-11-28 02:10:41 GSD getOne 第 1 次 等待 3 秒
2023-11-28 02:10:44 查询号码 【1890132】，返回信息 {"status":"ok","msg":"北京-北京","gid":"369140","time_insert":"2021-07-23 19:22"}
2023-11-28 02:10:45 查询号码 【1890132】，GSD为【"北京-北京"】

2023-11-28 02:10:46 开始第 224 次操作

2023-11-28 02:10:46 开始操作号码 【1890133】
2023-11-28 02:10:49 GSD getOne 第 1 次 等待 3 秒
2023-11-28 02:10:52 查询号码 【1890133】，返回信息 {"status":"ok","msg":"北京-北京","gid":"369171","time_insert":"2021-07-23 19:33"}
2023-11-28 02:10:52 查询号码 【1890133】，GSD为【"北京-北京"】

