2023-10-30 00:09:13 开始第 5969 次操作

2023-10-30 00:09:13 开始操作号码 【1995878】
2023-10-30 00:09:16 GSD getOne 第 1 次 等待 3 秒
2023-10-30 00:09:19 查询号码 【1995878】，返回信息 {"status":"ok","msg":"湖南-衡阳","gid":"518989","time_insert":"2021-08-20 01:18"}
2023-10-30 00:09:19 查询号码 【1995878】，GSD为【"湖南-衡阳"】

2023-10-30 00:09:20 开始第 5970 次操作

2023-10-30 00:09:20 开始操作号码 【1995879】
2023-10-30 00:09:26 GSD getOne 第 1 次 等待 3 秒
2023-10-30 00:09:29 查询号码 【1995879】，返回信息 {"status":"ok","msg":"湖南-衡阳","gid":"518999","time_insert":"2021-08-20 01:33"}
2023-10-30 00:09:29 查询号码 【1995879】，GSD为【"湖南-衡阳"】

2023-10-30 00:09:30 开始第 5971 次操作

2023-10-30 00:09:30 开始操作号码 【1995880】
2023-10-30 00:09:36 GSD getOne 第 1 次 等待 3 秒
2023-10-30 00:09:39 查询号码 【1995880】，返回信息 {"status":"ok","msg":"湖南-益阳","gid":"519009","time_insert":"2021-08-20 01:46"}
2023-10-30 00:09:39 查询号码 【1995880】，GSD为【"湖南-益阳"】

2023-10-30 00:09:40 开始第 5972 次操作

2023-10-30 00:09:40 开始操作号码 【1995881】
2023-10-30 00:09:44 GSD getOne 第 1 次 等待 3 秒
2023-10-30 00:09:47 查询号码 【1995881】，返回信息 {"status":"ok","msg":"湖南-益阳","gid":"519018","time_insert":"2021-08-20 01:57"}
2023-10-30 00:09:47 查询号码 【1995881】，GSD为【"湖南-益阳"】

