2023-12-29 00:09:50 开始第 5905 次操作

2023-12-29 00:09:50 开始操作号码 【1895814】
2023-12-29 00:09:54 GSD getOne 第 1 次 等待 3 秒
2023-12-29 00:09:57 查询号码 【1895814】，返回信息 {"status":"ok","msg":"浙江-杭州","gid":"469823","time_insert":"2021-08-01 17:41"}
2023-12-29 00:09:57 查询号码 【1895814】，GSD为【"浙江-杭州"】

2023-12-29 00:09:58 开始第 5906 次操作

2023-12-29 00:09:58 开始操作号码 【1895815】
2023-12-29 00:10:02 GSD getOne 第 1 次 等待 3 秒
2023-12-29 00:10:05 查询号码 【1895815】，返回信息 {"status":"ok","msg":"浙江-杭州","gid":"469676","time_insert":"2021-08-01 17:06"}
2023-12-29 00:10:05 查询号码 【1895815】，GSD为【"浙江-杭州"】

2023-12-29 00:10:06 开始第 5907 次操作

2023-12-29 00:10:06 开始操作号码 【1895816】
2023-12-29 00:10:09 GSD getOne 第 1 次 等待 3 秒
2023-12-29 00:10:12 查询号码 【1895816】，返回信息 {"status":"ok","msg":"浙江-杭州","gid":"469668","time_insert":"2021-08-01 17:06"}
2023-12-29 00:10:12 查询号码 【1895816】，GSD为【"浙江-杭州"】

2023-12-29 00:10:13 开始第 5908 次操作

2023-12-29 00:10:13 开始操作号码 【1895817】
2023-12-29 00:10:17 GSD getOne 第 1 次 等待 3 秒
2023-12-29 00:10:20 查询号码 【1895817】，返回信息 {"status":"ok","msg":"浙江-杭州","gid":"469659","time_insert":"2021-08-01 17:05"}
2023-12-29 00:10:20 查询号码 【1895817】，GSD为【"浙江-杭州"】

2023-12-29 00:37:14 开始第 5909 次操作

2023-12-29 00:37:14 开始操作号码 【1895818】
2023-12-29 00:37:21 GSD getOne 第 1 次 等待 3 秒
2023-12-29 00:37:24 查询号码 【1895818】，返回信息 {"status":"ok","msg":"浙江-杭州","gid":"469650","time_insert":"2021-08-01 17:04"}
2023-12-29 00:37:24 查询号码 【1895818】，GSD为【"浙江-杭州"】

2023-12-29 00:37:25 开始第 5910 次操作

2023-12-29 00:37:25 开始操作号码 【1895819】
2023-12-29 00:37:30 GSD getOne 第 1 次 等待 3 秒
2023-12-29 00:37:33 查询号码 【1895819】，返回信息 {"status":"ok","msg":"浙江-杭州","gid":"45218","time_insert":"2018-06-26 13:48","time_update":"2020-09-03 13:14"}
2023-12-29 00:37:33 查询号码 【1895819】，GSD为【"浙江-杭州"】

2023-12-29 00:37:34 开始第 5911 次操作

2023-12-29 00:37:34 开始操作号码 【1895820】
2023-12-29 00:37:39 GSD getOne 第 1 次 等待 3 秒
2023-12-29 00:37:42 查询号码 【1895820】，返回信息 {"status":"ok","msg":"浙江-宁波","gid":"469637","time_insert":"2021-08-01 17:04"}
2023-12-29 00:37:42 查询号码 【1895820】，GSD为【"浙江-宁波"】

2023-12-29 00:37:43 开始第 5912 次操作

2023-12-29 00:37:43 开始操作号码 【1895821】
2023-12-29 00:37:46 GSD getOne 第 1 次 等待 3 秒
2023-12-29 00:37:49 查询号码 【1895821】，返回信息 {"status":"ok","msg":"浙江-宁波","gid":"469628","time_insert":"2021-08-01 17:03"}
2023-12-29 00:37:49 查询号码 【1895821】，GSD为【"浙江-宁波"】

