2024-12-05 00:29:49 开始第 8041 次操作

2024-12-05 00:29:49 开始操作号码 【1348040】
2024-12-05 00:29:50 GSD getOne 第 1 次 等待 3 秒
2024-12-05 00:29:53 查询号码 【1348040】，返回信息 {"status":"ok","msg":"广东-东莞","gid":"324254","time_insert":"2021-07-19 08:04"}
2024-12-05 00:29:53 查询号码 【1348040】，GSD为【"广东-东莞"】

2024-12-05 00:29:54 开始第 8042 次操作

2024-12-05 00:29:54 开始操作号码 【1348041】
2024-12-05 00:29:55 GSD getOne 第 1 次 等待 3 秒
2024-12-05 00:29:58 查询号码 【1348041】，返回信息 {"status":"ok","msg":"广东-东莞","gid":"324243","time_insert":"2021-07-19 08:03"}
2024-12-05 00:29:58 查询号码 【1348041】，GSD为【"广东-东莞"】

2024-12-05 00:29:59 开始第 8043 次操作

2024-12-05 00:29:59 开始操作号码 【1348042】
2024-12-05 00:30:00 GSD getOne 第 1 次 等待 3 秒
2024-12-05 00:30:03 查询号码 【1348042】，返回信息 {"status":"ok","msg":"广东-东莞","gid":"324233","time_insert":"2021-07-19 08:02"}
2024-12-05 00:30:03 查询号码 【1348042】，GSD为【"广东-东莞"】

2024-12-05 00:30:04 开始第 8044 次操作

2024-12-05 00:30:04 开始操作号码 【1348043】
2024-12-05 00:30:05 GSD getOne 第 1 次 等待 3 秒
2024-12-05 00:30:08 查询号码 【1348043】，返回信息 {"status":"ok","msg":"广东-东莞","gid":"324218","time_insert":"2021-07-19 08:01"}
2024-12-05 00:30:08 查询号码 【1348043】，GSD为【"广东-东莞"】

2024-12-05 00:52:07 开始第 8045 次操作

2024-12-05 00:52:07 开始操作号码 【1348044】
2024-12-05 00:52:09 GSD getOne 第 1 次 等待 3 秒
2024-12-05 00:52:12 查询号码 【1348044】，返回信息 {"status":"ok","msg":"广东-东莞","gid":"324210","time_insert":"2021-07-19 08:00"}
2024-12-05 00:52:12 查询号码 【1348044】，GSD为【"广东-东莞"】

2024-12-05 00:52:13 开始第 8046 次操作

2024-12-05 00:52:13 开始操作号码 【1348045】
2024-12-05 00:52:14 GSD getOne 第 1 次 等待 3 秒
2024-12-05 00:52:17 查询号码 【1348045】，返回信息 {"status":"ok","msg":"广东-东莞","gid":"324200","time_insert":"2021-07-19 07:59"}
2024-12-05 00:52:17 查询号码 【1348045】，GSD为【"广东-东莞"】

2024-12-05 00:52:18 开始第 8047 次操作

2024-12-05 00:52:18 开始操作号码 【1348046】
2024-12-05 00:52:20 GSD getOne 第 1 次 等待 3 秒
2024-12-05 00:52:23 查询号码 【1348046】，返回信息 {"status":"ok","msg":"广东-东莞","gid":"324191","time_insert":"2021-07-19 07:59"}
2024-12-05 00:52:23 查询号码 【1348046】，GSD为【"广东-东莞"】

2024-12-05 00:52:24 开始第 8048 次操作

2024-12-05 00:52:24 开始操作号码 【1348047】
2024-12-05 00:52:25 GSD getOne 第 1 次 等待 3 秒
2024-12-05 00:52:28 查询号码 【1348047】，返回信息 {"status":"ok","msg":"广东-东莞","gid":"324179","time_insert":"2021-07-19 07:58"}
2024-12-05 00:52:28 查询号码 【1348047】，GSD为【"广东-东莞"】

2024-12-05 01:20:01 开始第 8049 次操作

2024-12-05 01:20:01 开始操作号码 【1348048】
2024-12-05 01:20:02 GSD getOne 第 1 次 等待 3 秒
2024-12-05 01:20:05 查询号码 【1348048】，返回信息 {"status":"ok","msg":"广东-东莞","gid":"324163","time_insert":"2021-07-19 07:57"}
2024-12-05 01:20:05 查询号码 【1348048】，GSD为【"广东-东莞"】

2024-12-05 01:20:06 开始第 8050 次操作

2024-12-05 01:20:06 开始操作号码 【1348049】
2024-12-05 01:20:07 GSD getOne 第 1 次 等待 3 秒
2024-12-05 01:20:10 查询号码 【1348049】，返回信息 {"status":"ok","msg":"广东-东莞","gid":"324153","time_insert":"2021-07-19 07:56"}
2024-12-05 01:20:10 查询号码 【1348049】，GSD为【"广东-东莞"】

2024-12-05 01:20:11 开始第 8051 次操作

2024-12-05 01:20:11 开始操作号码 【1348050】
2024-12-05 01:20:12 GSD getOne 第 1 次 等待 3 秒
2024-12-05 01:20:15 查询号码 【1348050】，返回信息 {"status":"ok","msg":"广东-惠州","gid":"324141","time_insert":"2021-07-19 07:55"}
2024-12-05 01:20:15 查询号码 【1348050】，GSD为【"广东-惠州"】

2024-12-05 01:20:16 开始第 8052 次操作

2024-12-05 01:20:16 开始操作号码 【1348051】
2024-12-05 01:20:17 GSD getOne 第 1 次 等待 3 秒
2024-12-05 01:20:20 查询号码 【1348051】，返回信息 {"status":"ok","msg":"广东-惠州","gid":"324128","time_insert":"2021-07-19 07:54"}
2024-12-05 01:20:20 查询号码 【1348051】，GSD为【"广东-惠州"】

2024-12-05 01:41:57 开始第 8053 次操作

2024-12-05 01:41:57 开始操作号码 【1348052】
2024-12-05 01:41:59 GSD getOne 第 1 次 等待 3 秒
2024-12-05 01:42:02 查询号码 【1348052】，返回信息 {"status":"ok","msg":"广东-惠州","gid":"324114","time_insert":"2021-07-19 07:53"}
2024-12-05 01:42:02 查询号码 【1348052】，GSD为【"广东-惠州"】

2024-12-05 01:42:03 开始第 8054 次操作

2024-12-05 01:42:03 开始操作号码 【1348053】
2024-12-05 01:42:04 GSD getOne 第 1 次 等待 3 秒
2024-12-05 01:42:07 查询号码 【1348053】，返回信息 {"status":"ok","msg":"广东-惠州","gid":"324099","time_insert":"2021-07-19 07:52"}
2024-12-05 01:42:07 查询号码 【1348053】，GSD为【"广东-惠州"】

2024-12-05 01:42:08 开始第 8055 次操作

2024-12-05 01:42:08 开始操作号码 【1348054】
2024-12-05 01:42:09 GSD getOne 第 1 次 等待 3 秒
2024-12-05 01:42:12 查询号码 【1348054】，返回信息 {"status":"ok","msg":"广东-惠州","gid":"4903","time_insert":"2018-01-15 20:37","time_update":"2020-09-25 22:17"}
2024-12-05 01:42:12 查询号码 【1348054】，GSD为【"广东-惠州"】

2024-12-05 01:42:13 开始第 8056 次操作

2024-12-05 01:42:13 开始操作号码 【1348055】
2024-12-05 01:42:14 GSD getOne 第 1 次 等待 3 秒
2024-12-05 01:42:17 查询号码 【1348055】，返回信息 {"status":"ok","msg":"广东-惠州","gid":"324082","time_insert":"2021-07-19 07:51"}
2024-12-05 01:42:17 查询号码 【1348055】，GSD为【"广东-惠州"】

2024-12-05 02:32:06 开始第 8057 次操作

2024-12-05 02:32:06 开始操作号码 【1348056】
2024-12-05 02:32:07 GSD getOne 第 1 次 等待 3 秒
2024-12-05 02:32:10 查询号码 【1348056】，返回信息 {"status":"ok","msg":"广东-惠州","gid":"4904","time_insert":"2016-03-04 09:39","time_update":"2020-09-25 22:17"}
2024-12-05 02:32:10 查询号码 【1348056】，GSD为【"广东-惠州"】

2024-12-05 02:32:11 开始第 8058 次操作

2024-12-05 02:32:11 开始操作号码 【1348057】
2024-12-05 02:32:12 GSD getOne 第 1 次 等待 3 秒
2024-12-05 02:32:15 查询号码 【1348057】，返回信息 {"status":"ok","msg":"广东-惠州","gid":"324065","time_insert":"2021-07-19 07:50"}
2024-12-05 02:32:15 查询号码 【1348057】，GSD为【"广东-惠州"】

2024-12-05 02:32:16 开始第 8059 次操作

2024-12-05 02:32:16 开始操作号码 【1348058】
2024-12-05 02:32:17 GSD getOne 第 1 次 等待 3 秒
2024-12-05 02:32:20 查询号码 【1348058】，返回信息 {"status":"ok","msg":"广东-惠州","gid":"324053","time_insert":"2021-07-19 07:49"}
2024-12-05 02:32:20 查询号码 【1348058】，GSD为【"广东-惠州"】

2024-12-05 02:32:21 开始第 8060 次操作

2024-12-05 02:32:21 开始操作号码 【1348059】
2024-12-05 02:32:22 GSD getOne 第 1 次 等待 3 秒
2024-12-05 02:32:25 查询号码 【1348059】，返回信息 {"status":"ok","msg":"广东-惠州","gid":"324038","time_insert":"2021-07-19 07:48"}
2024-12-05 02:32:25 查询号码 【1348059】，GSD为【"广东-惠州"】

2024-12-05 03:19:58 开始第 8061 次操作

2024-12-05 03:19:58 开始操作号码 【1348060】
2024-12-05 03:19:59 GSD getOne 第 1 次 等待 3 秒
2024-12-05 03:20:02 查询号码 【1348060】，返回信息 {"status":"ok","msg":"广东-深圳","gid":"324028","time_insert":"2021-07-19 07:47"}
2024-12-05 03:20:02 查询号码 【1348060】，GSD为【"广东-深圳"】

2024-12-05 03:20:03 开始第 8062 次操作

2024-12-05 03:20:03 开始操作号码 【1348061】
2024-12-05 03:20:04 GSD getOne 第 1 次 等待 3 秒
2024-12-05 03:20:07 查询号码 【1348061】，返回信息 {"status":"ok","msg":"广东-深圳","gid":"4905","time_insert":"2019-01-03 14:43","time_update":"2020-09-25 22:20"}
2024-12-05 03:20:07 查询号码 【1348061】，GSD为【"广东-深圳"】

2024-12-05 03:20:08 开始第 8063 次操作

2024-12-05 03:20:08 开始操作号码 【1348062】
2024-12-05 03:20:09 GSD getOne 第 1 次 等待 3 秒
2024-12-05 03:20:12 查询号码 【1348062】，返回信息 {"status":"ok","msg":"广东-深圳","gid":"324012","time_insert":"2021-07-19 07:46"}
2024-12-05 03:20:12 查询号码 【1348062】，GSD为【"广东-深圳"】

2024-12-05 03:20:13 开始第 8064 次操作

2024-12-05 03:20:13 开始操作号码 【1348063】
2024-12-05 03:20:14 GSD getOne 第 1 次 等待 3 秒
2024-12-05 03:20:17 查询号码 【1348063】，返回信息 {"status":"ok","msg":"广东-深圳","gid":"324002","time_insert":"2021-07-19 07:44","time_update":"2021-07-19 08:30"}
2024-12-05 03:20:17 查询号码 【1348063】，GSD为【"广东-深圳"】

2024-12-05 03:38:56 开始第 8065 次操作

2024-12-05 03:38:56 开始操作号码 【1348064】
2024-12-05 03:38:57 GSD getOne 第 1 次 等待 3 秒
2024-12-05 03:39:00 查询号码 【1348064】，返回信息 {"status":"ok","msg":"广东-深圳","gid":"323992","time_insert":"2021-07-19 07:44"}
2024-12-05 03:39:00 查询号码 【1348064】，GSD为【"广东-深圳"】

2024-12-05 03:39:01 开始第 8066 次操作

2024-12-05 03:39:01 开始操作号码 【1348065】
2024-12-05 03:39:02 GSD getOne 第 1 次 等待 3 秒
2024-12-05 03:39:05 查询号码 【1348065】，返回信息 {"status":"ok","msg":"广东-深圳","gid":"323977","time_insert":"2021-07-19 07:43"}
2024-12-05 03:39:05 查询号码 【1348065】，GSD为【"广东-深圳"】

2024-12-05 03:39:06 开始第 8067 次操作

2024-12-05 03:39:06 开始操作号码 【1348066】
2024-12-05 03:39:07 GSD getOne 第 1 次 等待 3 秒
2024-12-05 03:39:10 查询号码 【1348066】，返回信息 {"status":"ok","msg":"广东-深圳","gid":"323964","time_insert":"2021-07-19 07:42"}
2024-12-05 03:39:10 查询号码 【1348066】，GSD为【"广东-深圳"】

2024-12-05 03:39:11 开始第 8068 次操作

2024-12-05 03:39:11 开始操作号码 【1348067】
2024-12-05 03:39:12 GSD getOne 第 1 次 等待 3 秒
2024-12-05 03:39:15 查询号码 【1348067】，返回信息 {"status":"ok","msg":"广东-深圳","gid":"323951","time_insert":"2021-07-19 07:41"}
2024-12-05 03:39:15 查询号码 【1348067】，GSD为【"广东-深圳"】

2024-12-05 04:25:05 开始第 8069 次操作

2024-12-05 04:25:05 开始操作号码 【1348068】
2024-12-05 04:25:06 GSD getOne 第 1 次 等待 3 秒
2024-12-05 04:25:09 查询号码 【1348068】，返回信息 {"status":"ok","msg":"广东-深圳","gid":"4906","time_insert":"2016-05-21 15:50","time_update":"2020-09-25 22:24"}
2024-12-05 04:25:09 查询号码 【1348068】，GSD为【"广东-深圳"】

2024-12-05 04:25:10 开始第 8070 次操作

2024-12-05 04:25:10 开始操作号码 【1348069】
2024-12-05 04:25:11 GSD getOne 第 1 次 等待 3 秒
2024-12-05 04:25:14 查询号码 【1348069】，返回信息 {"status":"ok","msg":"广东-深圳","gid":"323934","time_insert":"2021-07-19 07:40"}
2024-12-05 04:25:14 查询号码 【1348069】，GSD为【"广东-深圳"】

2024-12-05 04:25:15 开始第 8071 次操作

2024-12-05 04:25:15 开始操作号码 【1348070】
2024-12-05 04:25:16 GSD getOne 第 1 次 等待 3 秒
2024-12-05 04:25:19 查询号码 【1348070】，返回信息 {"status":"ok","msg":"广东-深圳","gid":"323923","time_insert":"2021-07-19 07:39"}
2024-12-05 04:25:19 查询号码 【1348070】，GSD为【"广东-深圳"】

2024-12-05 04:25:20 开始第 8072 次操作

2024-12-05 04:25:20 开始操作号码 【1348071】
2024-12-05 04:25:22 GSD getOne 第 1 次 等待 3 秒
2024-12-05 04:25:25 查询号码 【1348071】，返回信息 {"status":"ok","msg":"广东-深圳","gid":"323912","time_insert":"2021-07-19 07:38"}
2024-12-05 04:25:25 查询号码 【1348071】，GSD为【"广东-深圳"】

