2024-08-01 00:11:09 开始第 9773 次操作

2024-08-01 00:11:09 开始操作号码 【1569679】
2024-08-01 00:11:20 GSD getOne 第 1 次 等待 3 秒
2024-08-01 00:11:23 查询号码 【1569679】，返回信息 {"status":"ok","msg":"重庆-重庆","gid":"370020","time_insert":"2021-07-23 21:29"}
2024-08-01 00:11:23 查询号码 【1569679】，GSD为【"重庆-重庆"】

2024-08-01 00:11:24 开始第 9774 次操作

2024-08-01 00:11:24 开始操作号码 【1569680】
2024-08-01 00:11:35 GSD getOne 第 1 次 等待 3 秒
2024-08-01 00:11:38 查询号码 【1569680】，返回信息 {"status":"ok","msg":"重庆-重庆","gid":"23098","time_insert":"2017-05-10 16:05","time_update":"2021-01-11 17:00"}
2024-08-01 00:11:38 查询号码 【1569680】，GSD为【"重庆-重庆"】

2024-08-01 00:11:39 开始第 9775 次操作

2024-08-01 00:11:39 开始操作号码 【1569681】
2024-08-01 00:11:48 GSD getOne 第 1 次 等待 3 秒
2024-08-01 00:11:51 查询号码 【1569681】，返回信息 {"status":"ok","msg":"重庆-重庆","gid":"370012","time_insert":"2021-07-23 21:29"}
2024-08-01 00:11:51 查询号码 【1569681】，GSD为【"重庆-重庆"】

2024-08-01 00:11:52 开始第 9776 次操作

2024-08-01 00:11:52 开始操作号码 【1569682】
2024-08-01 00:12:00 GSD getOne 第 1 次 等待 3 秒
2024-08-01 00:12:03 查询号码 【1569682】，返回信息 {"status":"ok","msg":"重庆-重庆","gid":"370003","time_insert":"2021-07-23 21:28"}
2024-08-01 00:12:03 查询号码 【1569682】，GSD为【"重庆-重庆"】

2024-08-01 00:38:17 开始第 9777 次操作

2024-08-01 00:38:17 开始操作号码 【1569683】
2024-08-01 00:38:29 GSD getOne 第 1 次 等待 3 秒
2024-08-01 00:38:32 查询号码 【1569683】，返回信息 {"status":"ok","msg":"重庆-重庆","gid":"369986","time_insert":"2021-07-23 21:25"}
2024-08-01 00:38:32 查询号码 【1569683】，GSD为【"重庆-重庆"】

2024-08-01 00:38:33 开始第 9778 次操作

2024-08-01 00:38:33 开始操作号码 【1569684】
2024-08-01 00:38:43 GSD getOne 第 1 次 等待 3 秒
2024-08-01 00:38:46 查询号码 【1569684】，返回信息 {"status":"ok","msg":"重庆-重庆","gid":"369978","time_insert":"2021-07-23 21:25"}
2024-08-01 00:38:46 查询号码 【1569684】，GSD为【"重庆-重庆"】

2024-08-01 00:38:47 开始第 9779 次操作

2024-08-01 00:38:47 开始操作号码 【1569685】
2024-08-01 00:38:56 GSD getOne 第 1 次 等待 3 秒
2024-08-01 00:38:59 查询号码 【1569685】，返回信息 {"status":"ok","msg":"重庆-重庆","gid":"369971","time_insert":"2021-07-23 21:24"}
2024-08-01 00:38:59 查询号码 【1569685】，GSD为【"重庆-重庆"】

2024-08-01 00:39:00 开始第 9780 次操作

2024-08-01 00:39:00 开始操作号码 【1569686】
2024-08-01 00:39:09 GSD getOne 第 1 次 等待 3 秒
2024-08-01 00:39:12 查询号码 【1569686】，返回信息 {"status":"ok","msg":"重庆-重庆","gid":"369964","time_insert":"2021-07-23 21:24"}
2024-08-01 00:39:12 查询号码 【1569686】，GSD为【"重庆-重庆"】

2024-08-01 01:08:17 开始第 9781 次操作

2024-08-01 01:08:17 开始操作号码 【1569687】
2024-08-01 01:08:25 GSD getOne 第 1 次 等待 3 秒
2024-08-01 01:08:28 查询号码 【1569687】，返回信息 {"status":"ok","msg":"重庆-重庆","gid":"369958","time_insert":"2021-07-23 21:23"}
2024-08-01 01:08:28 查询号码 【1569687】，GSD为【"重庆-重庆"】

2024-08-01 01:08:29 开始第 9782 次操作

2024-08-01 01:08:29 开始操作号码 【1569688】
2024-08-01 01:08:37 GSD getOne 第 1 次 等待 3 秒
2024-08-01 01:08:40 查询号码 【1569688】，返回信息 {"status":"ok","msg":"重庆-重庆","gid":"369951","time_insert":"2021-07-23 21:22"}
2024-08-01 01:08:40 查询号码 【1569688】，GSD为【"重庆-重庆"】

2024-08-01 01:08:41 开始第 9783 次操作

2024-08-01 01:08:41 开始操作号码 【1569689】
2024-08-01 01:08:51 GSD getOne 第 1 次 等待 3 秒
2024-08-01 01:08:54 查询号码 【1569689】，返回信息 {"status":"ok","msg":"重庆-重庆","gid":"369945","time_insert":"2021-07-23 21:22"}
2024-08-01 01:08:54 查询号码 【1569689】，GSD为【"重庆-重庆"】

2024-08-01 01:08:55 开始第 9784 次操作

2024-08-01 01:08:55 开始操作号码 【1569690】
2024-08-01 01:09:03 GSD getOne 第 1 次 等待 3 秒
2024-08-01 01:09:06 查询号码 【1569690】，返回信息 {"status":"ok","msg":"重庆-重庆","gid":"369938","time_insert":"2021-07-23 21:21"}
2024-08-01 01:09:06 查询号码 【1569690】，GSD为【"重庆-重庆"】

