2023-10-28 00:09:14 开始第 5601 次操作

2023-10-28 00:09:14 开始操作号码 【1995510】
2023-10-28 00:09:24 GSD getOne 第 1 次 等待 3 秒
2023-10-28 00:09:27 查询号码 【1995510】，返回信息 {"status":"ok","msg":"安徽-合肥","gid":"517845","time_insert":"2021-08-19 10:54"}
2023-10-28 00:09:27 查询号码 【1995510】，GSD为【"安徽-合肥"】

2023-10-28 00:09:28 开始第 5602 次操作

2023-10-28 00:09:28 开始操作号码 【1995511】
2023-10-28 00:09:40 GSD getOne 第 1 次 等待 3 秒
2023-10-28 00:09:43 查询号码 【1995511】，返回信息 {"status":"ok","msg":"安徽-合肥","gid":"517863","time_insert":"2021-08-19 11:08"}
2023-10-28 00:09:43 查询号码 【1995511】，GSD为【"安徽-合肥"】

2023-10-28 00:09:44 开始第 5603 次操作

2023-10-28 00:09:44 开始操作号码 【1995512】
2023-10-28 00:09:52 GSD getOne 第 1 次 等待 3 秒
2023-10-28 00:09:55 查询号码 【1995512】，返回信息 {"status":"ok","msg":"安徽-合肥","gid":"517885","time_insert":"2021-08-19 11:23"}
2023-10-28 00:09:55 查询号码 【1995512】，GSD为【"安徽-合肥"】

2023-10-28 00:09:56 开始第 5604 次操作

2023-10-28 00:09:56 开始操作号码 【1995513】
2023-10-28 00:10:02 GSD getOne 第 1 次 等待 3 秒
2023-10-28 00:10:05 查询号码 【1995513】，返回信息 {"status":"ok","msg":"安徽-合肥","gid":"517897","time_insert":"2021-08-19 11:34"}
2023-10-28 00:10:05 查询号码 【1995513】，GSD为【"安徽-合肥"】

