2021-07-27 00:00:11 开始第 24 次操作

2021-07-27 00:00:11 开始操作号码 【1859612】
2021-07-27 00:00:14 GSD getOne 第 1 次 等待 3 秒
2021-07-27 00:00:17 查询号码 【1859612】，返回信息 {"status":"bad","msg":""}
2021-07-27 00:00:17 查询号码 【1859612】，GSD为【""】
2021-07-27 00:00:17 bad
2021-07-27 00:00:19 CHB 1859612?1627315217 第 1 次 等待 3 秒
2021-07-27 00:00:22 CHB 1859612?1627315217 第 1 次 获取到号码【1859612】GSD
2021-07-27 00:00:22 获取到号码【1859612】的GSD为【山东-烟台】
2021-07-27 00:00:25 GSD insert 第 1 次 等待 3 秒
2021-07-27 00:00:28 {"status":"ok","gid":407047,"msg":"添加成功！"}
2021-07-27 00:00:28 下次操作: 2021-07-27 00:00:45

2021-07-27 00:00:45 开始第 25 次操作

2021-07-27 00:00:45 开始操作号码 【1859611】
2021-07-27 00:00:47 GSD getOne 第 1 次 等待 3 秒
2021-07-27 00:00:50 查询号码 【1859611】，返回信息 {"status":"bad","msg":""}
2021-07-27 00:00:50 查询号码 【1859611】，GSD为【""】
2021-07-27 00:00:50 bad
2021-07-27 00:00:52 CHB 1859611?1627315250 第 1 次 等待 3 秒
2021-07-27 00:00:55 CHB 1859611?1627315250 第 1 次 获取到号码【1859611】GSD
2021-07-27 00:00:55 获取到号码【1859611】的GSD为【山东-烟台】
2021-07-27 00:00:59 GSD insert 第 1 次 等待 3 秒
2021-07-27 00:01:02 {"status":"ok","gid":407057,"msg":"添加成功！"}
2021-07-27 00:01:02 下次操作: 2021-07-27 00:01:26

2021-07-27 00:01:26 开始第 26 次操作

2021-07-27 00:01:26 开始操作号码 【1859610】
2021-07-27 00:01:31 GSD getOne 第 1 次 等待 3 秒
2021-07-27 00:01:34 查询号码 【1859610】，返回信息 {"status":"bad","msg":""}
2021-07-27 00:01:34 查询号码 【1859610】，GSD为【""】
2021-07-27 00:01:34 bad
2021-07-27 00:01:35 CHB 1859610?1627315294 第 1 次 等待 3 秒
2021-07-27 00:01:38 CHB 1859610?1627315294 第 1 次 获取到号码【1859610】GSD
2021-07-27 00:01:38 获取到号码【1859610】的GSD为【山东-烟台】
2021-07-27 00:01:42 GSD insert 第 1 次 等待 3 秒
2021-07-27 00:01:45 {"status":"ok","gid":407069,"msg":"添加成功！"}
2021-07-27 00:01:45 下次操作: 2021-07-27 00:02:09

2021-07-27 00:02:09 开始第 27 次操作

2021-07-27 00:02:09 开始操作号码 【1859609】
2021-07-27 00:02:15 GSD getOne 第 1 次 等待 3 秒
2021-07-27 00:02:18 查询号码 【1859609】，返回信息 {"status":"bad","msg":""}
2021-07-27 00:02:18 查询号码 【1859609】，GSD为【""】
2021-07-27 00:02:18 bad
2021-07-27 00:02:20 CHB 1859609?1627315338 第 1 次 等待 3 秒
2021-07-27 00:02:23 CHB 1859609?1627315338 第 1 次 获取到号码【1859609】GSD
2021-07-27 00:02:23 获取到号码【1859609】的GSD为【山东-济南】
2021-07-27 00:02:26 GSD insert 第 1 次 等待 3 秒
2021-07-27 00:02:29 {"status":"ok","gid":407082,"msg":"添加成功！"}
2021-07-27 00:02:29 下次操作: 2021-07-27 00:02:48

2021-07-27 00:02:48 开始第 28 次操作

2021-07-27 00:02:48 开始操作号码 【1859608】
2021-07-27 00:02:52 GSD getOne 第 1 次 等待 3 秒
2021-07-27 00:02:55 查询号码 【1859608】，返回信息 {"status":"bad","msg":""}
2021-07-27 00:02:55 查询号码 【1859608】，GSD为【""】
2021-07-27 00:02:55 bad
2021-07-27 00:02:56 CHB 1859608?1627315375 第 1 次 等待 3 秒
2021-07-27 00:02:59 CHB 1859608?1627315375 第 1 次 获取到号码【1859608】GSD
2021-07-27 00:02:59 获取到号码【1859608】的GSD为【山东-济南】
2021-07-27 00:03:02 GSD insert 第 1 次 等待 3 秒
2021-07-27 00:03:05 {"status":"ok","gid":407092,"msg":"添加成功！"}
2021-07-27 00:03:05 下次操作: 2021-07-27 00:03:26

2021-07-27 00:03:26 开始第 29 次操作

2021-07-27 00:03:26 开始操作号码 【1859607】
2021-07-27 00:03:28 GSD getOne 第 1 次 等待 3 秒
2021-07-27 00:03:31 查询号码 【1859607】，返回信息 {"status":"bad","msg":""}
2021-07-27 00:03:31 查询号码 【1859607】，GSD为【""】
2021-07-27 00:03:31 bad
2021-07-27 00:03:33 CHB 1859607?1627315411 第 1 次 等待 3 秒
2021-07-27 00:03:36 CHB 1859607?1627315411 第 1 次 获取到号码【1859607】GSD
2021-07-27 00:03:36 获取到号码【1859607】的GSD为【山东-济南】
2021-07-27 00:03:38 GSD insert 第 1 次 等待 3 秒
2021-07-27 00:03:41 {"status":"ok","gid":407103,"msg":"添加成功！"}
2021-07-27 00:03:41 下次操作: 2021-07-27 00:03:53

2021-07-27 00:03:53 开始第 30 次操作

2021-07-27 00:03:53 开始操作号码 【1859606】
2021-07-27 00:03:57 GSD getOne 第 1 次 等待 3 秒
2021-07-27 00:04:00 查询号码 【1859606】，返回信息 {"status":"bad","msg":""}
2021-07-27 00:04:00 查询号码 【1859606】，GSD为【""】
2021-07-27 00:04:00 bad
2021-07-27 00:04:02 CHB 1859606?1627315440 第 1 次 等待 3 秒
2021-07-27 00:04:05 CHB 1859606?1627315440 第 1 次 获取到号码【1859606】GSD
2021-07-27 00:04:05 获取到号码【1859606】的GSD为【山东-威海】
2021-07-27 00:04:07 GSD insert 第 1 次 等待 3 秒
2021-07-27 00:04:10 {"status":"ok","gid":407114,"msg":"添加成功！"}
2021-07-27 00:04:10 下次操作: 2021-07-27 00:04:26

2021-07-27 00:04:26 开始第 31 次操作

2021-07-27 00:04:26 开始操作号码 【1859605】
2021-07-27 00:04:29 GSD getOne 第 1 次 等待 3 秒
2021-07-27 00:04:32 查询号码 【1859605】，返回信息 {"status":"bad","msg":""}
2021-07-27 00:04:33 查询号码 【1859605】，GSD为【""】
2021-07-27 00:04:33 bad
2021-07-27 00:04:34 CHB 1859605?1627315473 第 1 次 等待 3 秒
2021-07-27 00:04:37 CHB 1859605?1627315473 第 1 次 获取到号码【1859605】GSD
2021-07-27 00:04:37 获取到号码【1859605】的GSD为【山东-威海】
2021-07-27 00:04:40 GSD insert 第 1 次 等待 3 秒
2021-07-27 00:04:43 {"status":"ok","gid":407123,"msg":"添加成功！"}
2021-07-27 00:04:43 下次操作: 2021-07-27 00:04:57

2021-07-27 00:04:57 开始第 32 次操作

2021-07-27 00:04:57 开始操作号码 【1859604】
2021-07-27 00:04:59 GSD getOne 第 1 次 等待 3 秒
2021-07-27 00:05:02 查询号码 【1859604】，返回信息 {"status":"bad","msg":""}
2021-07-27 00:05:02 查询号码 【1859604】，GSD为【""】
2021-07-27 00:05:02 bad
2021-07-27 00:05:04 CHB 1859604?1627315502 第 1 次 等待 3 秒
2021-07-27 00:05:07 CHB 1859604?1627315502 第 1 次 获取到号码【1859604】GSD
2021-07-27 00:05:07 获取到号码【1859604】的GSD为【山东-威海】
2021-07-27 00:05:09 GSD insert 第 1 次 等待 3 秒
2021-07-27 00:05:12 {"status":"ok","gid":407133,"msg":"添加成功！"}
2021-07-27 00:05:12 下次操作: 2021-07-27 00:05:32

2021-07-27 00:05:32 开始第 33 次操作

2021-07-27 00:05:32 开始操作号码 【1859603】
2021-07-27 00:05:35 GSD getOne 第 1 次 等待 3 秒
2021-07-27 00:05:38 查询号码 【1859603】，返回信息 {"status":"bad","msg":""}
2021-07-27 00:05:38 查询号码 【1859603】，GSD为【""】
2021-07-27 00:05:38 bad
2021-07-27 00:05:40 CHB 1859603?1627315538 第 1 次 等待 3 秒
2021-07-27 00:05:43 CHB 1859603?1627315538 第 1 次 获取到号码【1859603】GSD
2021-07-27 00:05:43 获取到号码【1859603】的GSD为【山东-威海】
2021-07-27 00:05:47 GSD insert 第 1 次 等待 3 秒
2021-07-27 00:05:50 {"status":"ok","gid":407142,"msg":"添加成功！"}
2021-07-27 00:05:50 下次操作: 2021-07-27 00:06:08

2021-07-27 00:06:08 开始第 34 次操作

2021-07-27 00:06:08 开始操作号码 【1859602】
2021-07-27 00:06:11 GSD getOne 第 1 次 等待 3 秒
2021-07-27 00:06:14 查询号码 【1859602】，返回信息 {"status":"bad","msg":""}
2021-07-27 00:06:14 查询号码 【1859602】，GSD为【""】
2021-07-27 00:06:14 bad
2021-07-27 00:06:19 CHB 1859602?1627315574 第 1 次 等待 3 秒
2021-07-27 00:06:22 CHB 1859602?1627315574 第 1 次 获取到号码【1859602】GSD
2021-07-27 00:06:22 获取到号码【1859602】的GSD为【山东-威海】
2021-07-27 00:06:25 GSD insert 第 1 次 等待 3 秒
2021-07-27 00:06:28 {"status":"ok","gid":407152,"msg":"添加成功！"}
2021-07-27 00:06:28 下次操作: 2021-07-27 00:06:50

2021-07-27 00:06:50 开始第 35 次操作

2021-07-27 00:06:50 开始操作号码 【1859601】
2021-07-27 00:06:58 GSD getOne 第 1 次 等待 3 秒
2021-07-27 00:07:01 查询号码 【1859601】，返回信息 {"status":"bad","msg":""}
2021-07-27 00:07:01 查询号码 【1859601】，GSD为【""】
2021-07-27 00:07:01 bad
2021-07-27 00:07:02 CHB 1859601?1627315621 第 1 次 等待 3 秒
2021-07-27 00:07:05 CHB 1859601?1627315621 第 1 次 获取到号码【1859601】GSD
2021-07-27 00:07:05 获取到号码【1859601】的GSD为【山东-威海】
2021-07-27 00:07:08 GSD insert 第 1 次 等待 3 秒
2021-07-27 00:07:11 {"status":"ok","gid":407163,"msg":"添加成功！"}
2021-07-27 00:07:11 下次操作: 2021-07-27 00:07:27

2021-07-27 00:07:27 开始第 36 次操作

2021-07-27 00:07:27 开始操作号码 【1859600】
2021-07-27 00:07:35 GSD getOne 第 1 次 等待 3 秒
2021-07-27 00:07:38 查询号码 【1859600】，返回信息 {"status":"bad","msg":""}
2021-07-27 00:07:38 查询号码 【1859600】，GSD为【""】
2021-07-27 00:07:38 bad
2021-07-27 00:07:39 CHB 1859600?1627315658 第 1 次 等待 3 秒
2021-07-27 00:07:42 CHB 1859600?1627315658 第 1 次 获取到号码【1859600】GSD
2021-07-27 00:07:42 获取到号码【1859600】的GSD为【山东-威海】
2021-07-27 00:07:45 GSD insert 第 1 次 等待 3 秒
2021-07-27 00:07:48 {"status":"ok","gid":407172,"msg":"添加成功！"}
2021-07-27 00:07:48 下次操作: 2021-07-27 00:08:00

2021-07-27 00:08:00 开始第 37 次操作

2021-07-27 00:08:00 开始操作号码 【1859599】
2021-07-27 00:08:05 GSD getOne 第 1 次 等待 3 秒
2021-07-27 00:08:08 查询号码 【1859599】，返回信息 {"status":"bad","msg":""}
2021-07-27 00:08:08 查询号码 【1859599】，GSD为【""】
2021-07-27 00:08:08 bad
2021-07-27 00:08:09 CHB 1859599?1627315688 第 1 次 等待 3 秒
2021-07-27 00:08:12 CHB 1859599?1627315688 第 1 次 获取到号码【1859599】GSD
2021-07-27 00:08:12 获取到号码【1859599】的GSD为【河南-南阳】
2021-07-27 00:08:21 GSD insert 第 1 次 等待 3 秒
2021-07-27 00:08:24 {"status":"ok","gid":407182,"msg":"添加成功！"}
2021-07-27 00:08:24 下次操作: 2021-07-27 00:08:45

2021-07-27 00:08:45 开始第 38 次操作

2021-07-27 00:08:45 开始操作号码 【1859598】
2021-07-27 00:08:48 GSD getOne 第 1 次 等待 3 秒
2021-07-27 00:08:51 查询号码 【1859598】，返回信息 {"status":"bad","msg":""}
2021-07-27 00:08:51 查询号码 【1859598】，GSD为【""】
2021-07-27 00:08:51 bad
2021-07-27 00:08:53 CHB 1859598?1627315731 第 1 次 等待 3 秒
2021-07-27 00:08:56 CHB 1859598?1627315731 第 1 次 获取到号码【1859598】GSD
2021-07-27 00:08:56 获取到号码【1859598】的GSD为【河南-南阳】
2021-07-27 00:09:04 GSD insert 第 1 次 等待 3 秒
2021-07-27 00:09:07 {"status":"ok","gid":407193,"msg":"添加成功！"}
2021-07-27 00:09:07 下次操作: 2021-07-27 00:09:21

2021-07-27 00:09:21 开始第 39 次操作

2021-07-27 00:09:21 开始操作号码 【1859597】
2021-07-27 00:09:25 GSD getOne 第 1 次 等待 3 秒
2021-07-27 00:09:28 查询号码 【1859597】，返回信息 {"status":"bad","msg":""}
2021-07-27 00:09:29 查询号码 【1859597】，GSD为【""】
2021-07-27 00:09:29 bad
2021-07-27 00:09:30 CHB 1859597?1627315769 第 1 次 等待 3 秒
2021-07-27 00:09:33 CHB 1859597?1627315769 第 1 次 获取到号码【1859597】GSD
2021-07-27 00:09:33 获取到号码【1859597】的GSD为【河南-南阳】
2021-07-27 00:09:36 GSD insert 第 1 次 等待 3 秒
2021-07-27 00:09:39 {"status":"ok","gid":407200,"msg":"添加成功！"}
2021-07-27 00:09:39 下次操作: 2021-07-27 00:09:59

2021-07-27 00:09:59 开始第 40 次操作

2021-07-27 00:09:59 开始操作号码 【1859596】
2021-07-27 00:10:02 GSD getOne 第 1 次 等待 3 秒
2021-07-27 00:10:05 查询号码 【1859596】，返回信息 {"status":"bad","msg":""}
2021-07-27 00:10:05 查询号码 【1859596】，GSD为【""】
2021-07-27 00:10:05 bad
2021-07-27 00:10:06 CHB 1859596?1627315805 第 1 次 等待 3 秒
2021-07-27 00:10:09 CHB 1859596?1627315805 第 1 次 获取到号码【1859596】GSD
2021-07-27 00:10:09 获取到号码【1859596】的GSD为【河南-南阳】
2021-07-27 00:10:16 GSD insert 第 1 次 等待 3 秒
2021-07-27 00:10:19 {"status":"ok","gid":407212,"msg":"添加成功！"}

