2024-09-27 00:23:43 开始第 6645 次操作

2024-09-27 00:23:43 开始操作号码 【1456644】
2024-09-27 00:23:46 GSD getOne 第 1 次 等待 3 秒
2024-09-27 00:23:49 查询号码 【1456644】，返回信息 {"status":"ok","msg":"上海-上海","gid":"93747","time_insert":"2021-06-12 23:10","time_update":"2021-08-03 10:46"}
2024-09-27 00:23:49 查询号码 【1456644】，GSD为【"上海-上海"】

2024-09-27 00:23:50 开始第 6646 次操作

2024-09-27 00:23:50 开始操作号码 【1456645】
2024-09-27 00:23:52 GSD getOne 第 1 次 等待 3 秒
2024-09-27 00:23:55 查询号码 【1456645】，返回信息 {"status":"ok","msg":"上海-上海","gid":"93750","time_insert":"2021-06-12 23:13","time_update":"2021-08-03 10:40"}
2024-09-27 00:23:55 查询号码 【1456645】，GSD为【"上海-上海"】

2024-09-27 00:23:56 开始第 6647 次操作

2024-09-27 00:23:56 开始操作号码 【1456646】
2024-09-27 00:23:58 GSD getOne 第 1 次 等待 3 秒
2024-09-27 00:24:01 查询号码 【1456646】，返回信息 {"status":"ok","msg":"上海-上海","gid":"93755","time_insert":"2021-06-12 23:18","time_update":"2021-08-03 10:34"}
2024-09-27 00:24:01 查询号码 【1456646】，GSD为【"上海-上海"】

2024-09-27 00:24:02 开始第 6648 次操作

2024-09-27 00:24:02 开始操作号码 【1456647】
2024-09-27 00:24:04 GSD getOne 第 1 次 等待 3 秒
2024-09-27 00:24:07 查询号码 【1456647】，返回信息 {"status":"ok","msg":"上海-上海","gid":"93760","time_insert":"2021-06-12 23:22","time_update":"2021-08-03 10:25"}
2024-09-27 00:24:07 查询号码 【1456647】，GSD为【"上海-上海"】

2024-09-27 00:44:43 开始第 6649 次操作

2024-09-27 00:44:43 开始操作号码 【1456648】
2024-09-27 00:44:46 GSD getOne 第 1 次 等待 3 秒
2024-09-27 00:44:49 查询号码 【1456648】，返回信息 {"status":"ok","msg":"上海-上海","gid":"93766","time_insert":"2021-06-12 23:27","time_update":"2021-08-03 10:22"}
2024-09-27 00:44:49 查询号码 【1456648】，GSD为【"上海-上海"】

2024-09-27 00:44:50 开始第 6650 次操作

2024-09-27 00:44:50 开始操作号码 【1456649】
2024-09-27 00:44:52 GSD getOne 第 1 次 等待 3 秒
2024-09-27 00:44:55 查询号码 【1456649】，返回信息 {"status":"ok","msg":"上海-上海","gid":"93773","time_insert":"2021-06-12 23:31","time_update":"2021-08-03 10:13"}
2024-09-27 00:44:55 查询号码 【1456649】，GSD为【"上海-上海"】

2024-09-27 00:44:56 开始第 6651 次操作

2024-09-27 00:44:56 开始操作号码 【1456650】
2024-09-27 00:45:09 GSD getOne 第 1 次 等待 3 秒
2024-09-27 00:45:12 查询号码 【1456650】，返回信息 {"status":"ok","msg":"上海-上海","gid":"93776","time_insert":"2021-06-12 23:36","time_update":"2021-08-03 10:09"}
2024-09-27 00:45:12 查询号码 【1456650】，GSD为【"上海-上海"】

2024-09-27 00:45:13 开始第 6652 次操作

2024-09-27 00:45:13 开始操作号码 【1456651】
2024-09-27 00:45:15 GSD getOne 第 1 次 等待 3 秒
2024-09-27 00:45:18 查询号码 【1456651】，返回信息 {"status":"ok","msg":"上海-上海","gid":"93781","time_insert":"2021-06-12 23:42","time_update":"2021-08-03 09:58"}
2024-09-27 00:45:18 查询号码 【1456651】，GSD为【"上海-上海"】

