2024-04-11 00:12:26 开始第 3109 次操作

2024-04-11 00:12:26 开始操作号码 【1673019】
2024-04-11 00:12:33 GSD getOne 第 1 次 等待 3 秒
2024-04-11 00:12:36 查询号码 【1673019】，返回信息 {"status":"ok","msg":"上海-上海","gid":"252381","time_insert":"2021-07-12 01:21"}
2024-04-11 00:12:36 查询号码 【1673019】，GSD为【"上海-上海"】

2024-04-11 00:12:37 开始第 3110 次操作

2024-04-11 00:12:37 开始操作号码 【1673020】
2024-04-11 00:12:45 GSD getOne 第 1 次 等待 3 秒
2024-04-11 00:12:48 查询号码 【1673020】，返回信息 {"status":"ok","msg":"上海-上海","gid":"252390","time_insert":"2021-07-12 01:22"}
2024-04-11 00:12:48 查询号码 【1673020】，GSD为【"上海-上海"】

2024-04-11 00:12:49 开始第 3111 次操作

2024-04-11 00:12:49 开始操作号码 【1673021】
2024-04-11 00:12:55 GSD getOne 第 1 次 等待 3 秒
2024-04-11 00:12:58 查询号码 【1673021】，返回信息 {"status":"ok","msg":"上海-上海","gid":"252395","time_insert":"2021-07-12 01:23"}
2024-04-11 00:12:58 查询号码 【1673021】，GSD为【"上海-上海"】

2024-04-11 00:12:59 开始第 3112 次操作

2024-04-11 00:12:59 开始操作号码 【1673022】
2024-04-11 00:13:06 GSD getOne 第 1 次 等待 3 秒
2024-04-11 00:13:09 查询号码 【1673022】，返回信息 {"status":"ok","msg":"上海-上海","gid":"252403","time_insert":"2021-07-12 01:25","time_update":"2021-08-04 03:44"}
2024-04-11 00:13:09 查询号码 【1673022】，GSD为【"上海-上海"】

2024-04-11 00:38:14 开始第 3113 次操作

2024-04-11 00:38:14 开始操作号码 【1673023】
2024-04-11 00:38:22 GSD getOne 第 1 次 等待 3 秒
2024-04-11 00:38:25 查询号码 【1673023】，返回信息 {"status":"ok","msg":"上海-上海","gid":"252408","time_insert":"2021-07-12 01:25"}
2024-04-11 00:38:25 查询号码 【1673023】，GSD为【"上海-上海"】

2024-04-11 00:38:26 开始第 3114 次操作

2024-04-11 00:38:26 开始操作号码 【1673024】
2024-04-11 00:38:33 GSD getOne 第 1 次 等待 3 秒
2024-04-11 00:38:36 查询号码 【1673024】，返回信息 {"status":"ok","msg":"上海-上海","gid":"252415","time_insert":"2021-07-12 01:26"}
2024-04-11 00:38:37 查询号码 【1673024】，GSD为【"上海-上海"】

2024-04-11 00:38:38 开始第 3115 次操作

2024-04-11 00:38:38 开始操作号码 【1673025】
2024-04-11 00:38:43 GSD getOne 第 1 次 等待 3 秒
2024-04-11 00:38:46 查询号码 【1673025】，返回信息 {"status":"ok","msg":"上海-上海","gid":"252420","time_insert":"2021-07-12 01:27"}
2024-04-11 00:38:46 查询号码 【1673025】，GSD为【"上海-上海"】

2024-04-11 00:38:47 开始第 3116 次操作

2024-04-11 00:38:47 开始操作号码 【1673026】
2024-04-11 00:38:58 GSD getOne 第 1 次 等待 3 秒
2024-04-11 00:39:01 查询号码 【1673026】，返回信息 {"status":"ok","msg":"上海-上海","gid":"252424","time_insert":"2021-07-12 01:28"}
2024-04-11 00:39:01 查询号码 【1673026】，GSD为【"上海-上海"】

2024-04-11 01:07:11 开始第 3117 次操作

2024-04-11 01:07:11 开始操作号码 【1673027】
2024-04-11 01:07:16 GSD getOne 第 1 次 等待 3 秒
2024-04-11 01:07:19 查询号码 【1673027】，返回信息 {"status":"ok","msg":"上海-上海","gid":"252426","time_insert":"2021-07-12 01:28"}
2024-04-11 01:07:19 查询号码 【1673027】，GSD为【"上海-上海"】

2024-04-11 01:07:20 开始第 3118 次操作

2024-04-11 01:07:20 开始操作号码 【1673028】
2024-04-11 01:07:24 GSD getOne 第 1 次 等待 3 秒
2024-04-11 01:07:27 查询号码 【1673028】，返回信息 {"status":"ok","msg":"上海-上海","gid":"252430","time_insert":"2021-07-12 01:29"}
2024-04-11 01:07:27 查询号码 【1673028】，GSD为【"上海-上海"】

2024-04-11 01:07:28 开始第 3119 次操作

2024-04-11 01:07:28 开始操作号码 【1673029】
2024-04-11 01:07:34 GSD getOne 第 1 次 等待 3 秒
2024-04-11 01:07:37 查询号码 【1673029】，返回信息 {"status":"ok","msg":"上海-上海","gid":"252432","time_insert":"2021-07-12 01:30"}
2024-04-11 01:07:37 查询号码 【1673029】，GSD为【"上海-上海"】

2024-04-11 01:07:38 开始第 3120 次操作

2024-04-11 01:07:38 开始操作号码 【1673030】
2024-04-11 01:07:42 GSD getOne 第 1 次 等待 3 秒
2024-04-11 01:07:45 查询号码 【1673030】，返回信息 {"status":"ok","msg":"浙江-宁波","gid":"252462","time_insert":"2021-07-12 01:40"}
2024-04-11 01:07:45 查询号码 【1673030】，GSD为【"浙江-宁波"】

