2024-01-08 00:08:43 开始第 7745 次操作

2024-01-08 00:08:43 开始操作号码 【1897654】
2024-01-08 00:08:46 GSD getOne 第 1 次 等待 3 秒
2024-01-08 00:08:49 查询号码 【1897654】，返回信息 {"status":"ok","msg":"海南-海口","gid":"448243","time_insert":"2021-07-30 21:00"}
2024-01-08 00:08:49 查询号码 【1897654】，GSD为【"海南-海口"】

2024-01-08 00:08:50 开始第 7746 次操作

2024-01-08 00:08:50 开始操作号码 【1897655】
2024-01-08 00:08:53 GSD getOne 第 1 次 等待 3 秒
2024-01-08 00:08:56 查询号码 【1897655】，返回信息 {"status":"ok","msg":"海南-海口","gid":"448035","time_insert":"2021-07-30 20:02"}
2024-01-08 00:08:56 查询号码 【1897655】，GSD为【"海南-海口"】

2024-01-08 00:08:57 开始第 7747 次操作

2024-01-08 00:08:57 开始操作号码 【1897656】
2024-01-08 00:09:00 GSD getOne 第 1 次 等待 3 秒
2024-01-08 00:09:03 查询号码 【1897656】，返回信息 {"status":"ok","msg":"海南-海口","gid":"448026","time_insert":"2021-07-30 20:01"}
2024-01-08 00:09:04 查询号码 【1897656】，GSD为【"海南-海口"】

2024-01-08 00:09:05 开始第 7748 次操作

2024-01-08 00:09:05 开始操作号码 【1897657】
2024-01-08 00:09:08 GSD getOne 第 1 次 等待 3 秒
2024-01-08 00:09:11 查询号码 【1897657】，返回信息 {"status":"ok","msg":"海南-海口","gid":"448016","time_insert":"2021-07-30 20:01"}
2024-01-08 00:09:11 查询号码 【1897657】，GSD为【"海南-海口"】

