2023-11-09 00:09:54 开始第 7805 次操作

2023-11-09 00:09:54 开始操作号码 【1997713】
2023-11-09 00:09:57 GSD getOne 第 1 次 等待 3 秒
2023-11-09 00:10:00 查询号码 【1997713】，返回信息 {"status":"ok","msg":"广西-南宁","gid":"492004","time_insert":"2021-08-03 19:02"}
2023-11-09 00:10:00 查询号码 【1997713】，GSD为【"广西-南宁"】

2023-11-09 00:10:01 开始第 7806 次操作

2023-11-09 00:10:01 开始操作号码 【1997714】
2023-11-09 00:10:11 GSD getOne 第 1 次 等待 3 秒
2023-11-09 00:10:14 查询号码 【1997714】，返回信息 {"status":"ok","msg":"广西-南宁","gid":"491997","time_insert":"2021-08-03 19:01"}
2023-11-09 00:10:14 查询号码 【1997714】，GSD为【"广西-南宁"】

2023-11-09 00:10:15 开始第 7807 次操作

2023-11-09 00:10:15 开始操作号码 【1997715】
2023-11-09 00:10:18 GSD getOne 第 1 次 等待 3 秒
2023-11-09 00:10:21 查询号码 【1997715】，返回信息 {"status":"ok","msg":"广西-南宁","gid":"491989","time_insert":"2021-08-03 19:00"}
2023-11-09 00:10:21 查询号码 【1997715】，GSD为【"广西-南宁"】

2023-11-09 00:10:22 开始第 7808 次操作

2023-11-09 00:10:22 开始操作号码 【1997716】
2023-11-09 00:10:25 GSD getOne 第 1 次 等待 3 秒
2023-11-09 00:10:28 查询号码 【1997716】，返回信息 {"status":"ok","msg":"广西-南宁","gid":"491982","time_insert":"2021-08-03 19:00"}
2023-11-09 00:10:28 查询号码 【1997716】，GSD为【"广西-南宁"】

2023-11-09 00:37:37 开始第 7809 次操作

2023-11-09 00:37:37 开始操作号码 【1997717】
2023-11-09 00:37:41 GSD getOne 第 1 次 等待 3 秒
2023-11-09 00:37:44 查询号码 【1997717】，返回信息 {"status":"ok","msg":"广西-南宁","gid":"491973","time_insert":"2021-08-03 18:58"}
2023-11-09 00:37:44 查询号码 【1997717】，GSD为【"广西-南宁"】

2023-11-09 00:37:45 开始第 7810 次操作

2023-11-09 00:37:45 开始操作号码 【1997718】
2023-11-09 00:37:51 GSD getOne 第 1 次 等待 3 秒
2023-11-09 00:37:54 查询号码 【1997718】，返回信息 {"status":"ok","msg":"广西-南宁","gid":"491966","time_insert":"2021-08-03 18:57"}
2023-11-09 00:37:54 查询号码 【1997718】，GSD为【"广西-南宁"】

2023-11-09 00:37:55 开始第 7811 次操作

2023-11-09 00:37:55 开始操作号码 【1997719】
2023-11-09 00:38:04 GSD getOne 第 1 次 等待 3 秒
2023-11-09 00:38:07 查询号码 【1997719】，返回信息 {"status":"ok","msg":"广西-南宁","gid":"491962","time_insert":"2021-08-03 18:57"}
2023-11-09 00:38:07 查询号码 【1997719】，GSD为【"广西-南宁"】

2023-11-09 00:38:08 开始第 7812 次操作

2023-11-09 00:38:08 开始操作号码 【1997720】
2023-11-09 00:38:13 GSD getOne 第 1 次 等待 3 秒
2023-11-09 00:38:16 查询号码 【1997720】，返回信息 {"status":"ok","msg":"广西-柳州","gid":"491956","time_insert":"2021-08-03 18:56"}
2023-11-09 00:38:16 查询号码 【1997720】，GSD为【"广西-柳州"】

2023-11-09 01:07:16 开始第 7813 次操作

2023-11-09 01:07:16 开始操作号码 【1997721】
2023-11-09 01:07:17 GSD getOne 第 1 次 等待 3 秒
2023-11-09 01:07:21 GSD getOne 第 2 次 等待 3 秒
2023-11-09 01:07:31 GSD getOne 第 3 次 等待 3 秒
2023-11-09 01:07:34 查询号码 【1997721】，返回信息 {"status":"ok","msg":"广西-柳州","gid":"491948","time_insert":"2021-08-03 18:55"}
2023-11-09 01:07:34 查询号码 【1997721】，GSD为【"广西-柳州"】

2023-11-09 01:07:35 开始第 7814 次操作

2023-11-09 01:07:35 开始操作号码 【1997722】
2023-11-09 01:07:42 GSD getOne 第 1 次 等待 3 秒
2023-11-09 01:07:45 查询号码 【1997722】，返回信息 {"status":"ok","msg":"广西-柳州","gid":"491942","time_insert":"2021-08-03 18:55"}
2023-11-09 01:07:45 查询号码 【1997722】，GSD为【"广西-柳州"】

2023-11-09 01:07:46 开始第 7815 次操作

2023-11-09 01:07:46 开始操作号码 【1997723】
2023-11-09 01:07:50 GSD getOne 第 1 次 等待 3 秒
2023-11-09 01:07:53 查询号码 【1997723】，返回信息 {"status":"ok","msg":"广西-柳州","gid":"491934","time_insert":"2021-08-03 18:54"}
2023-11-09 01:07:53 查询号码 【1997723】，GSD为【"广西-柳州"】

2023-11-09 01:07:54 开始第 7816 次操作

2023-11-09 01:07:54 开始操作号码 【1997724】
2023-11-09 01:07:57 GSD getOne 第 1 次 等待 3 秒
2023-11-09 01:08:00 查询号码 【1997724】，返回信息 {"status":"ok","msg":"广西-柳州","gid":"491922","time_insert":"2021-08-03 18:53"}
2023-11-09 01:08:00 查询号码 【1997724】，GSD为【"广西-柳州"】

2023-11-09 01:32:19 开始第 7817 次操作

2023-11-09 01:32:19 开始操作号码 【1997725】
2023-11-09 01:32:22 GSD getOne 第 1 次 等待 3 秒
2023-11-09 01:32:25 查询号码 【1997725】，返回信息 {"status":"ok","msg":"广西-柳州","gid":"491918","time_insert":"2021-08-03 18:52"}
2023-11-09 01:32:25 查询号码 【1997725】，GSD为【"广西-柳州"】

2023-11-09 01:32:26 开始第 7818 次操作

2023-11-09 01:32:26 开始操作号码 【1997726】
2023-11-09 01:32:29 GSD getOne 第 1 次 等待 3 秒
2023-11-09 01:32:32 查询号码 【1997726】，返回信息 {"status":"ok","msg":"广西-来宾","gid":"491910","time_insert":"2021-08-03 18:51"}
2023-11-09 01:32:32 查询号码 【1997726】，GSD为【"广西-来宾"】

2023-11-09 01:32:33 开始第 7819 次操作

2023-11-09 01:32:33 开始操作号码 【1997727】
2023-11-09 01:32:36 GSD getOne 第 1 次 等待 3 秒
2023-11-09 01:32:39 查询号码 【1997727】，返回信息 {"status":"ok","msg":"广西-来宾","gid":"491901","time_insert":"2021-08-03 18:51"}
2023-11-09 01:32:39 查询号码 【1997727】，GSD为【"广西-来宾"】

2023-11-09 01:32:40 开始第 7820 次操作

2023-11-09 01:32:40 开始操作号码 【1997728】
2023-11-09 01:32:45 GSD getOne 第 1 次 等待 3 秒
2023-11-09 01:32:49 查询号码 【1997728】，返回信息 {"status":"ok","msg":"广西-来宾","gid":"491894","time_insert":"2021-08-03 18:50"}
2023-11-09 01:32:49 查询号码 【1997728】，GSD为【"广西-来宾"】

2023-11-09 02:09:56 开始第 7821 次操作

2023-11-09 02:09:56 开始操作号码 【1997729】
2023-11-09 02:09:59 GSD getOne 第 1 次 等待 3 秒
2023-11-09 02:10:02 查询号码 【1997729】，返回信息 {"status":"ok","msg":"广西-来宾","gid":"491887","time_insert":"2021-08-03 18:49"}
2023-11-09 02:10:02 查询号码 【1997729】，GSD为【"广西-来宾"】

2023-11-09 02:10:03 开始第 7822 次操作

2023-11-09 02:10:03 开始操作号码 【1997730】
2023-11-09 02:10:06 GSD getOne 第 1 次 等待 3 秒
2023-11-09 02:10:09 查询号码 【1997730】，返回信息 {"status":"ok","msg":"湖南-岳阳","gid":"491870","time_insert":"2021-08-03 18:47"}
2023-11-09 02:10:09 查询号码 【1997730】，GSD为【"湖南-岳阳"】

2023-11-09 02:10:10 开始第 7823 次操作

2023-11-09 02:10:10 开始操作号码 【1997731】
2023-11-09 02:10:13 GSD getOne 第 1 次 等待 3 秒
2023-11-09 02:10:16 查询号码 【1997731】，返回信息 {"status":"ok","msg":"北京-北京","gid":"491864","time_insert":"2021-08-03 18:46"}
2023-11-09 02:10:16 查询号码 【1997731】，GSD为【"北京-北京"】

2023-11-09 02:10:17 开始第 7824 次操作

2023-11-09 02:10:17 开始操作号码 【1997732】
2023-11-09 02:10:20 GSD getOne 第 1 次 等待 3 秒
2023-11-09 02:10:24 查询号码 【1997732】，返回信息 {"status":"ok","msg":"湖南-湘潭","gid":"491857","time_insert":"2021-08-03 18:45"}
2023-11-09 02:10:24 查询号码 【1997732】，GSD为【"湖南-湘潭"】

2023-11-09 02:33:31 开始第 7825 次操作

2023-11-09 02:33:31 开始操作号码 【1997733】
2023-11-09 02:33:34 GSD getOne 第 1 次 等待 3 秒
2023-11-09 02:33:37 查询号码 【1997733】，返回信息 {"status":"ok","msg":"湖南-株洲","gid":"491805","time_insert":"2021-08-03 18:20"}
2023-11-09 02:33:37 查询号码 【1997733】，GSD为【"湖南-株洲"】

2023-11-09 02:33:38 开始第 7826 次操作

2023-11-09 02:33:38 开始操作号码 【1997734】
2023-11-09 02:33:41 GSD getOne 第 1 次 等待 3 秒
2023-11-09 02:33:44 查询号码 【1997734】，返回信息 {"status":"ok","msg":"湖南-衡阳","gid":"491800","time_insert":"2021-08-03 18:19"}
2023-11-09 02:33:44 查询号码 【1997734】，GSD为【"湖南-衡阳"】

2023-11-09 02:33:45 开始第 7827 次操作

2023-11-09 02:33:45 开始操作号码 【1997735】
2023-11-09 02:33:48 GSD getOne 第 1 次 等待 3 秒
2023-11-09 02:33:51 查询号码 【1997735】，返回信息 {"status":"ok","msg":"湖南-郴州","gid":"491793","time_insert":"2021-08-03 18:18"}
2023-11-09 02:33:51 查询号码 【1997735】，GSD为【"湖南-郴州"】

2023-11-09 02:33:52 开始第 7828 次操作

2023-11-09 02:33:52 开始操作号码 【1997736】
2023-11-09 02:33:54 GSD getOne 第 1 次 等待 3 秒
2023-11-09 02:33:57 查询号码 【1997736】，返回信息 {"status":"ok","msg":"湖南-常德","gid":"491787","time_insert":"2021-08-03 18:18"}
2023-11-09 02:33:57 查询号码 【1997736】，GSD为【"湖南-常德"】

2023-11-09 03:06:13 开始第 7829 次操作

2023-11-09 03:06:13 开始操作号码 【1997737】
2023-11-09 03:06:16 GSD getOne 第 1 次 等待 3 秒
2023-11-09 03:06:19 查询号码 【1997737】，返回信息 {"status":"ok","msg":"湖南-益阳","gid":"491781","time_insert":"2021-08-03 18:17"}
2023-11-09 03:06:19 查询号码 【1997737】，GSD为【"湖南-益阳"】

2023-11-09 03:06:20 开始第 7830 次操作

2023-11-09 03:06:20 开始操作号码 【1997738】
2023-11-09 03:06:23 GSD getOne 第 1 次 等待 3 秒
2023-11-09 03:06:26 查询号码 【1997738】，返回信息 {"status":"ok","msg":"湖南-娄底","gid":"491773","time_insert":"2021-08-03 18:16"}
2023-11-09 03:06:26 查询号码 【1997738】，GSD为【"湖南-娄底"】

2023-11-09 03:06:27 开始第 7831 次操作

2023-11-09 03:06:27 开始操作号码 【1997739】
2023-11-09 03:06:32 GSD getOne 第 1 次 等待 3 秒
2023-11-09 03:06:35 查询号码 【1997739】，返回信息 {"status":"ok","msg":"湖南-邵阳","gid":"491767","time_insert":"2021-08-03 18:15"}
2023-11-09 03:06:35 查询号码 【1997739】，GSD为【"湖南-邵阳"】

2023-11-09 03:06:36 开始第 7832 次操作

2023-11-09 03:06:36 开始操作号码 【1997740】
2023-11-09 03:06:38 GSD getOne 第 1 次 等待 3 秒
2023-11-09 03:06:41 查询号码 【1997740】，返回信息 {"status":"ok","msg":"广西-梧州","gid":"491761","time_insert":"2021-08-03 18:15"}
2023-11-09 03:06:42 查询号码 【1997740】，GSD为【"广西-梧州"】

