2024-02-20 00:11:21 开始第 4749 次操作

2024-02-20 00:11:21 开始操作号码 【1784658】
2024-02-20 00:11:26 GSD getOne 第 1 次 等待 3 秒
2024-02-20 00:11:29 查询号码 【1784658】，返回信息 {"status":"ok","msg":"江西-赣州","gid":"311480","time_insert":"2021-07-18 05:57"}
2024-02-20 00:11:29 查询号码 【1784658】，GSD为【"江西-赣州"】

2024-02-20 00:11:30 开始第 4750 次操作

2024-02-20 00:11:30 开始操作号码 【1784659】
2024-02-20 00:11:35 GSD getOne 第 1 次 等待 3 秒
2024-02-20 00:11:38 查询号码 【1784659】，返回信息 {"status":"ok","msg":"江西-赣州","gid":"311472","time_insert":"2021-07-18 05:56"}
2024-02-20 00:11:38 查询号码 【1784659】，GSD为【"江西-赣州"】

2024-02-20 00:11:39 开始第 4751 次操作

2024-02-20 00:11:39 开始操作号码 【1784660】
2024-02-20 00:11:45 GSD getOne 第 1 次 等待 3 秒
2024-02-20 00:11:48 查询号码 【1784660】，返回信息 {"status":"ok","msg":"广东-东莞","gid":"311462","time_insert":"2021-07-18 05:56"}
2024-02-20 00:11:48 查询号码 【1784660】，GSD为【"广东-东莞"】

2024-02-20 00:11:49 开始第 4752 次操作

2024-02-20 00:11:49 开始操作号码 【1784661】
2024-02-20 00:11:53 GSD getOne 第 1 次 等待 3 秒
2024-02-20 00:11:56 查询号码 【1784661】，返回信息 {"status":"ok","msg":"广东-东莞","gid":"311452","time_insert":"2021-07-18 05:55"}
2024-02-20 00:11:56 查询号码 【1784661】，GSD为【"广东-东莞"】

2024-02-20 00:37:04 开始第 4753 次操作

2024-02-20 00:37:04 开始操作号码 【1784662】
2024-02-20 00:37:09 GSD getOne 第 1 次 等待 3 秒
2024-02-20 00:37:12 查询号码 【1784662】，返回信息 {"status":"ok","msg":"广东-东莞","gid":"311440","time_insert":"2021-07-18 05:54"}
2024-02-20 00:37:12 查询号码 【1784662】，GSD为【"广东-东莞"】

2024-02-20 00:37:13 开始第 4754 次操作

2024-02-20 00:37:13 开始操作号码 【1784663】
2024-02-20 00:37:17 GSD getOne 第 1 次 等待 3 秒
2024-02-20 00:37:20 查询号码 【1784663】，返回信息 {"status":"ok","msg":"广东-东莞","gid":"311431","time_insert":"2021-07-18 05:54"}
2024-02-20 00:37:20 查询号码 【1784663】，GSD为【"广东-东莞"】

2024-02-20 00:37:21 开始第 4755 次操作

2024-02-20 00:37:21 开始操作号码 【1784664】
2024-02-20 00:37:29 GSD getOne 第 1 次 等待 3 秒
2024-02-20 00:37:32 查询号码 【1784664】，返回信息 {"status":"ok","msg":"广东-东莞","gid":"311421","time_insert":"2021-07-18 05:53"}
2024-02-20 00:37:32 查询号码 【1784664】，GSD为【"广东-东莞"】

2024-02-20 00:37:33 开始第 4756 次操作

2024-02-20 00:37:33 开始操作号码 【1784665】
2024-02-20 00:37:44 GSD getOne 第 1 次 等待 3 秒
2024-02-20 00:37:47 查询号码 【1784665】，返回信息 {"status":"ok","msg":"广东-东莞","gid":"311411","time_insert":"2021-07-18 05:53"}
2024-02-20 00:37:47 查询号码 【1784665】，GSD为【"广东-东莞"】

