2024-11-17 00:26:39 开始第 5145 次操作

2024-11-17 00:26:39 开始操作号码 【1345144】
2024-11-17 00:26:40 GSD getOne 第 1 次 等待 3 秒
2024-11-17 00:26:43 查询号码 【1345144】，返回信息 {"status":"ok","msg":"河北-邯郸","gid":"226910","time_insert":"2021-07-09 01:35"}
2024-11-17 00:26:43 查询号码 【1345144】，GSD为【"河北-邯郸"】

2024-11-17 00:26:44 开始第 5146 次操作

2024-11-17 00:26:44 开始操作号码 【1345145】
2024-11-17 00:26:45 GSD getOne 第 1 次 等待 3 秒
2024-11-17 00:26:48 查询号码 【1345145】，返回信息 {"status":"ok","msg":"河北-邯郸","gid":"226965","time_insert":"2021-07-09 01:47"}
2024-11-17 00:26:48 查询号码 【1345145】，GSD为【"河北-邯郸"】

2024-11-17 00:26:49 开始第 5147 次操作

2024-11-17 00:26:49 开始操作号码 【1345146】
2024-11-17 00:26:50 GSD getOne 第 1 次 等待 3 秒
2024-11-17 00:26:53 查询号码 【1345146】，返回信息 {"status":"ok","msg":"河北-邯郸","gid":"227144","time_insert":"2021-07-09 01:57"}
2024-11-17 00:26:53 查询号码 【1345146】，GSD为【"河北-邯郸"】

2024-11-17 00:26:54 开始第 5148 次操作

2024-11-17 00:26:54 开始操作号码 【1345147】
2024-11-17 00:26:55 GSD getOne 第 1 次 等待 3 秒
2024-11-17 00:26:58 查询号码 【1345147】，返回信息 {"status":"ok","msg":"河北-石家庄","gid":"227245","time_insert":"2021-07-09 02:11"}
2024-11-17 00:26:58 查询号码 【1345147】，GSD为【"河北-石家庄"】

2024-11-17 00:46:29 开始第 5149 次操作

2024-11-17 00:46:29 开始操作号码 【1345148】
2024-11-17 00:46:30 GSD getOne 第 1 次 等待 3 秒
2024-11-17 00:46:33 查询号码 【1345148】，返回信息 {"status":"ok","msg":"河北-石家庄","gid":"227262","time_insert":"2021-07-09 02:21"}
2024-11-17 00:46:33 查询号码 【1345148】，GSD为【"河北-石家庄"】

2024-11-17 00:46:34 开始第 5150 次操作

2024-11-17 00:46:34 开始操作号码 【1345149】
2024-11-17 00:46:35 GSD getOne 第 1 次 等待 3 秒
2024-11-17 00:46:38 查询号码 【1345149】，返回信息 {"status":"ok","msg":"河北-石家庄","gid":"4471","time_insert":"2017-08-02 17:58","time_update":"2020-08-17 11:44"}
2024-11-17 00:46:38 查询号码 【1345149】，GSD为【"河北-石家庄"】

2024-11-17 00:46:39 开始第 5151 次操作

2024-11-17 00:46:39 开始操作号码 【1345150】
2024-11-17 00:46:40 GSD getOne 第 1 次 等待 3 秒
2024-11-17 00:46:43 查询号码 【1345150】，返回信息 {"status":"ok","msg":"江苏-苏州","gid":"227280","time_insert":"2021-07-09 02:33"}
2024-11-17 00:46:43 查询号码 【1345150】，GSD为【"江苏-苏州"】

2024-11-17 00:46:44 开始第 5152 次操作

2024-11-17 00:46:44 开始操作号码 【1345151】
2024-11-17 00:46:45 GSD getOne 第 1 次 等待 3 秒
2024-11-17 00:46:48 查询号码 【1345151】，返回信息 {"status":"ok","msg":"江苏-苏州","gid":"227311","time_insert":"2021-07-09 02:46"}
2024-11-17 00:46:48 查询号码 【1345151】，GSD为【"江苏-苏州"】

