2023-11-16 00:10:13 开始第 9085 次操作

2023-11-16 00:10:13 开始操作号码 【1998993】
2023-11-16 00:10:17 GSD getOne 第 1 次 等待 3 秒
2023-11-16 00:10:20 查询号码 【1998993】，返回信息 {"status":"ok","msg":"云南-红河","gid":"478575","time_insert":"2021-08-02 11:56"}
2023-11-16 00:10:20 查询号码 【1998993】，GSD为【"云南-红河"】

2023-11-16 00:10:21 开始第 9086 次操作

2023-11-16 00:10:21 开始操作号码 【1998994】
2023-11-16 00:10:29 GSD getOne 第 1 次 等待 3 秒
2023-11-16 00:10:32 查询号码 【1998994】，返回信息 {"status":"ok","msg":"云南-普洱","gid":"50434","time_insert":"2021-04-21 16:35"}
2023-11-16 00:10:32 查询号码 【1998994】，GSD为【"云南-普洱"】

2023-11-16 00:10:33 开始第 9087 次操作

2023-11-16 00:10:33 开始操作号码 【1998995】
2023-11-16 00:10:39 GSD getOne 第 1 次 等待 3 秒
2023-11-16 00:10:42 查询号码 【1998995】，返回信息 {"status":"ok","msg":"云南-保山","gid":"478564","time_insert":"2021-08-02 11:56"}
2023-11-16 00:10:42 查询号码 【1998995】，GSD为【"云南-保山"】

2023-11-16 00:10:43 开始第 9088 次操作

2023-11-16 00:10:43 开始操作号码 【1998996】
2023-11-16 00:10:50 GSD getOne 第 1 次 等待 3 秒
2023-11-16 00:10:53 查询号码 【1998996】，返回信息 {"status":"ok","msg":"云南-文山","gid":"478555","time_insert":"2021-08-02 11:55"}
2023-11-16 00:10:53 查询号码 【1998996】，GSD为【"云南-文山"】

