2024-06-22 00:10:25 开始第 2517 次操作

2024-06-22 00:10:25 开始操作号码 【1562424】
2024-06-22 00:10:40 GSD getOne 第 1 次 等待 3 秒
2024-06-22 00:10:43 查询号码 【1562424】，返回信息 {"status":"ok","msg":"山东-潍坊","gid":"188239","time_insert":"2021-07-04 07:14"}
2024-06-22 00:10:43 查询号码 【1562424】，GSD为【"山东-潍坊"】

2024-06-22 00:10:44 开始第 2518 次操作

2024-06-22 00:10:44 开始操作号码 【1562425】
2024-06-22 00:11:12 GSD getOne 第 1 次 等待 3 秒
2024-06-22 00:11:15 查询号码 【1562425】，返回信息 {"status":"ok","msg":"山东-德州","gid":"188272","time_insert":"2021-07-04 07:34"}
2024-06-22 00:11:15 查询号码 【1562425】，GSD为【"山东-德州"】

2024-06-22 00:11:16 开始第 2519 次操作

2024-06-22 00:11:16 开始操作号码 【1562426】
2024-06-22 00:11:31 GSD getOne 第 1 次 等待 3 秒
2024-06-22 00:11:34 查询号码 【1562426】，返回信息 {"status":"ok","msg":"山东-德州","gid":"188500","time_insert":"2021-07-04 07:54"}
2024-06-22 00:11:34 查询号码 【1562426】，GSD为【"山东-德州"】

2024-06-22 00:11:35 开始第 2520 次操作

2024-06-22 00:11:35 开始操作号码 【1562427】
2024-06-22 00:11:51 GSD getOne 第 1 次 等待 3 秒
2024-06-22 00:11:54 查询号码 【1562427】，返回信息 {"status":"ok","msg":"山东-德州","gid":"188611","time_insert":"2021-07-04 08:13"}
2024-06-22 00:11:54 查询号码 【1562427】，GSD为【"山东-德州"】

2024-06-22 00:36:36 开始第 2521 次操作

2024-06-22 00:36:36 开始操作号码 【1562428】
2024-06-22 00:36:55 GSD getOne 第 1 次 等待 3 秒
2024-06-22 00:36:58 查询号码 【1562428】，返回信息 {"status":"ok","msg":"山东-德州","gid":"188639","time_insert":"2021-07-04 08:29"}
2024-06-22 00:36:58 查询号码 【1562428】，GSD为【"山东-德州"】

2024-06-22 00:36:59 开始第 2522 次操作

2024-06-22 00:36:59 开始操作号码 【1562429】
2024-06-22 00:37:20 GSD getOne 第 1 次 等待 3 秒
2024-06-22 00:37:23 查询号码 【1562429】，返回信息 {"status":"ok","msg":"山东-枣庄","gid":"188669","time_insert":"2021-07-04 08:45"}
2024-06-22 00:37:23 查询号码 【1562429】，GSD为【"山东-枣庄"】

2024-06-22 00:37:24 开始第 2523 次操作

2024-06-22 00:37:24 开始操作号码 【1562430】
2024-06-22 00:37:42 GSD getOne 第 1 次 等待 3 秒
2024-06-22 00:37:45 查询号码 【1562430】，返回信息 {"status":"ok","msg":"山东-日照","gid":"188697","time_insert":"2021-07-04 09:02"}
2024-06-22 00:37:45 查询号码 【1562430】，GSD为【"山东-日照"】

2024-06-22 00:37:46 开始第 2524 次操作

2024-06-22 00:37:46 开始操作号码 【1562431】
2024-06-22 00:38:03 GSD getOne 第 1 次 等待 3 秒
2024-06-22 00:38:06 查询号码 【1562431】，返回信息 {"status":"ok","msg":"山东-德州","gid":"188725","time_insert":"2021-07-04 09:21"}
2024-06-22 00:38:06 查询号码 【1562431】，GSD为【"山东-德州"】

2024-06-22 01:09:56 开始第 2525 次操作

2024-06-22 01:09:56 开始操作号码 【1562432】
2024-06-22 01:10:13 GSD getOne 第 1 次 等待 3 秒
2024-06-22 01:10:16 查询号码 【1562432】，返回信息 {"status":"ok","msg":"山东-德州","gid":"188762","time_insert":"2021-07-04 09:40"}
2024-06-22 01:10:16 查询号码 【1562432】，GSD为【"山东-德州"】

2024-06-22 01:10:17 开始第 2526 次操作

2024-06-22 01:10:17 开始操作号码 【1562433】
2024-06-22 01:10:31 GSD getOne 第 1 次 等待 3 秒
2024-06-22 01:10:34 查询号码 【1562433】，返回信息 {"status":"ok","msg":"山东-德州","gid":"188810","time_insert":"2021-07-04 09:57"}
2024-06-22 01:10:34 查询号码 【1562433】，GSD为【"山东-德州"】

2024-06-22 01:10:35 开始第 2527 次操作

2024-06-22 01:10:35 开始操作号码 【1562434】
2024-06-22 01:10:49 GSD getOne 第 1 次 等待 3 秒
2024-06-22 01:10:52 查询号码 【1562434】，返回信息 {"status":"ok","msg":"山东-德州","gid":"188865","time_insert":"2021-07-04 10:14"}
2024-06-22 01:10:52 查询号码 【1562434】，GSD为【"山东-德州"】

2024-06-22 01:10:53 开始第 2528 次操作

2024-06-22 01:10:53 开始操作号码 【1562435】
2024-06-22 01:11:11 GSD getOne 第 1 次 等待 3 秒
2024-06-22 01:11:14 查询号码 【1562435】，返回信息 {"status":"ok","msg":"山东-潍坊","gid":"189084","time_insert":"2021-07-04 10:31"}
2024-06-22 01:11:14 查询号码 【1562435】，GSD为【"山东-潍坊"】

2024-06-22 01:33:21 开始第 2529 次操作

2024-06-22 01:33:21 开始操作号码 【1562436】
2024-06-22 01:33:38 GSD getOne 第 1 次 等待 3 秒
2024-06-22 01:33:41 查询号码 【1562436】，返回信息 {"status":"ok","msg":"山东-潍坊","gid":"189213","time_insert":"2021-07-04 10:52"}
2024-06-22 01:33:41 查询号码 【1562436】，GSD为【"山东-潍坊"】

2024-06-22 01:33:42 开始第 2530 次操作

2024-06-22 01:33:42 开始操作号码 【1562437】
2024-06-22 01:33:56 GSD getOne 第 1 次 等待 3 秒
2024-06-22 01:33:59 查询号码 【1562437】，返回信息 {"status":"ok","msg":"山东-济南","gid":"189451","time_insert":"2021-07-04 11:12"}
2024-06-22 01:33:59 查询号码 【1562437】，GSD为【"山东-济南"】

2024-06-22 01:34:00 开始第 2531 次操作

2024-06-22 01:34:00 开始操作号码 【1562438】
2024-06-22 01:34:14 GSD getOne 第 1 次 等待 3 秒
2024-06-22 01:34:17 查询号码 【1562438】，返回信息 {"status":"ok","msg":"山东-济南","gid":"22551","time_insert":"2020-03-03 22:25","time_update":"2020-09-09 16:42"}
2024-06-22 01:34:17 查询号码 【1562438】，GSD为【"山东-济南"】

2024-06-22 01:34:18 开始第 2532 次操作

2024-06-22 01:34:18 开始操作号码 【1562439】
2024-06-22 01:34:32 GSD getOne 第 1 次 等待 3 秒
2024-06-22 01:34:35 查询号码 【1562439】，返回信息 {"status":"ok","msg":"山东-济南","gid":"189482","time_insert":"2021-07-04 11:30"}
2024-06-22 01:34:35 查询号码 【1562439】，GSD为【"山东-济南"】

2024-06-22 02:12:27 开始第 2533 次操作

2024-06-22 02:12:27 开始操作号码 【1562440】
2024-06-22 02:12:43 GSD getOne 第 1 次 等待 3 秒
2024-06-22 02:12:46 查询号码 【1562440】，返回信息 {"status":"ok","msg":"山东-枣庄","gid":"189516","time_insert":"2021-07-04 11:46"}
2024-06-22 02:12:47 查询号码 【1562440】，GSD为【"山东-枣庄"】

2024-06-22 02:12:48 开始第 2534 次操作

2024-06-22 02:12:48 开始操作号码 【1562441】
2024-06-22 02:13:03 GSD getOne 第 1 次 等待 3 秒
2024-06-22 02:13:06 查询号码 【1562441】，返回信息 {"status":"ok","msg":"山东-枣庄","gid":"189712","time_insert":"2021-07-04 12:02"}
2024-06-22 02:13:06 查询号码 【1562441】，GSD为【"山东-枣庄"】

2024-06-22 02:13:07 开始第 2535 次操作

2024-06-22 02:13:07 开始操作号码 【1562442】
2024-06-22 02:13:21 GSD getOne 第 1 次 等待 3 秒
2024-06-22 02:13:24 查询号码 【1562442】，返回信息 {"status":"ok","msg":"山东-德州","gid":"189840","time_insert":"2021-07-04 12:21"}
2024-06-22 02:13:24 查询号码 【1562442】，GSD为【"山东-德州"】

2024-06-22 02:13:25 开始第 2536 次操作

2024-06-22 02:13:25 开始操作号码 【1562443】
2024-06-22 02:13:38 GSD getOne 第 1 次 等待 3 秒
2024-06-22 02:13:41 查询号码 【1562443】，返回信息 {"status":"ok","msg":"山东-德州","gid":"189871","time_insert":"2021-07-04 12:40"}
2024-06-22 02:13:41 查询号码 【1562443】，GSD为【"山东-德州"】

2024-06-22 02:36:32 开始第 2537 次操作

2024-06-22 02:36:32 开始操作号码 【1562444】
2024-06-22 02:36:48 GSD getOne 第 1 次 等待 3 秒
2024-06-22 02:36:51 查询号码 【1562444】，返回信息 {"status":"ok","msg":"山东-德州","gid":"189959","time_insert":"2021-07-04 12:59"}
2024-06-22 02:36:51 查询号码 【1562444】，GSD为【"山东-德州"】

2024-06-22 02:36:53 开始第 2538 次操作

2024-06-22 02:36:53 开始操作号码 【1562445】
2024-06-22 02:37:09 GSD getOne 第 1 次 等待 3 秒
2024-06-22 02:37:12 查询号码 【1562445】，返回信息 {"status":"ok","msg":"山东-日照","gid":"190198","time_insert":"2021-07-04 13:19"}
2024-06-22 02:37:12 查询号码 【1562445】，GSD为【"山东-日照"】

2024-06-22 02:37:13 开始第 2539 次操作

2024-06-22 02:37:13 开始操作号码 【1562446】
2024-06-22 02:37:27 GSD getOne 第 1 次 等待 3 秒
2024-06-22 02:37:30 查询号码 【1562446】，返回信息 {"status":"ok","msg":"山东-日照","gid":"190233","time_insert":"2021-07-04 13:35"}
2024-06-22 02:37:30 查询号码 【1562446】，GSD为【"山东-日照"】

2024-06-22 02:37:31 开始第 2540 次操作

2024-06-22 02:37:31 开始操作号码 【1562447】
2024-06-22 02:37:53 GSD getOne 第 1 次 等待 3 秒
2024-06-22 02:37:56 查询号码 【1562447】，返回信息 {"status":"ok","msg":"山东-日照","gid":"190477","time_insert":"2021-07-04 13:52"}
2024-06-22 02:37:56 查询号码 【1562447】，GSD为【"山东-日照"】

2024-06-22 03:06:57 开始第 2541 次操作

2024-06-22 03:06:57 开始操作号码 【1562448】
2024-06-22 03:07:15 GSD getOne 第 1 次 等待 3 秒
2024-06-22 03:07:18 查询号码 【1562448】，返回信息 {"status":"ok","msg":"山东-淄博","gid":"190558","time_insert":"2021-07-04 14:08"}
2024-06-22 03:07:18 查询号码 【1562448】，GSD为【"山东-淄博"】

2024-06-22 03:07:19 开始第 2542 次操作

2024-06-22 03:07:19 开始操作号码 【1562449】
2024-06-22 03:07:32 GSD getOne 第 1 次 等待 3 秒
2024-06-22 03:07:36 查询号码 【1562449】，返回信息 {"status":"ok","msg":"山东-淄博","gid":"190587","time_insert":"2021-07-04 14:26"}
2024-06-22 03:07:36 查询号码 【1562449】，GSD为【"山东-淄博"】

2024-06-22 03:07:37 开始第 2543 次操作

2024-06-22 03:07:37 开始操作号码 【1562450】
2024-06-22 03:07:53 GSD getOne 第 1 次 等待 3 秒
2024-06-22 03:07:56 查询号码 【1562450】，返回信息 {"status":"ok","msg":"山东-济南","gid":"190620","time_insert":"2021-07-04 14:44"}
2024-06-22 03:07:56 查询号码 【1562450】，GSD为【"山东-济南"】

2024-06-22 03:07:57 开始第 2544 次操作

2024-06-22 03:07:57 开始操作号码 【1562451】
2024-06-22 03:08:18 GSD getOne 第 1 次 等待 3 秒
2024-06-22 03:08:21 查询号码 【1562451】，返回信息 {"status":"ok","msg":"山东-济南","gid":"190731","time_insert":"2021-07-04 15:02"}
2024-06-22 03:08:21 查询号码 【1562451】，GSD为【"山东-济南"】

