2024-06-20 00:10:56 开始第 2149 次操作

2024-06-20 00:10:56 开始操作号码 【1562056】
2024-06-20 00:11:07 GSD getOne 第 1 次 等待 3 秒
2024-06-20 00:11:10 查询号码 【1562056】，返回信息 {"status":"ok","msg":"天津-天津","gid":"155620","time_insert":"2021-06-29 19:14"}
2024-06-20 00:11:10 查询号码 【1562056】，GSD为【"天津-天津"】

2024-06-20 00:11:11 开始第 2150 次操作

2024-06-20 00:11:11 开始操作号码 【1562057】
2024-06-20 00:11:19 GSD getOne 第 1 次 等待 3 秒
2024-06-20 00:11:22 查询号码 【1562057】，返回信息 {"status":"ok","msg":"天津-天津","gid":"155649","time_insert":"2021-06-29 19:31"}
2024-06-20 00:11:22 查询号码 【1562057】，GSD为【"天津-天津"】

2024-06-20 00:11:23 开始第 2151 次操作

2024-06-20 00:11:23 开始操作号码 【1562058】
2024-06-20 00:11:30 GSD getOne 第 1 次 等待 3 秒
2024-06-20 00:11:33 查询号码 【1562058】，返回信息 {"status":"ok","msg":"天津-天津","gid":"155845","time_insert":"2021-06-29 19:50"}
2024-06-20 00:11:33 查询号码 【1562058】，GSD为【"天津-天津"】

2024-06-20 00:11:34 开始第 2152 次操作

2024-06-20 00:11:34 开始操作号码 【1562059】
2024-06-20 00:11:44 GSD getOne 第 1 次 等待 3 秒
2024-06-20 00:11:47 查询号码 【1562059】，返回信息 {"status":"ok","msg":"天津-天津","gid":"155936","time_insert":"2021-06-29 20:07"}
2024-06-20 00:11:47 查询号码 【1562059】，GSD为【"天津-天津"】

2024-06-20 00:37:40 开始第 2153 次操作

2024-06-20 00:37:40 开始操作号码 【1562060】
2024-06-20 00:37:49 GSD getOne 第 1 次 等待 3 秒
2024-06-20 00:37:52 查询号码 【1562060】，返回信息 {"status":"ok","msg":"天津-天津","gid":"155960","time_insert":"2021-06-29 20:24"}
2024-06-20 00:37:53 查询号码 【1562060】，GSD为【"天津-天津"】

2024-06-20 00:37:54 开始第 2154 次操作

2024-06-20 00:37:54 开始操作号码 【1562061】
2024-06-20 00:38:03 GSD getOne 第 1 次 等待 3 秒
2024-06-20 00:38:06 查询号码 【1562061】，返回信息 {"status":"ok","msg":"天津-天津","gid":"155986","time_insert":"2021-06-29 20:42"}
2024-06-20 00:38:06 查询号码 【1562061】，GSD为【"天津-天津"】

2024-06-20 00:38:07 开始第 2155 次操作

2024-06-20 00:38:07 开始操作号码 【1562062】
2024-06-20 00:38:15 GSD getOne 第 1 次 等待 3 秒
2024-06-20 00:38:18 查询号码 【1562062】，返回信息 {"status":"ok","msg":"天津-天津","gid":"156012","time_insert":"2021-06-29 21:00"}
2024-06-20 00:38:18 查询号码 【1562062】，GSD为【"天津-天津"】

2024-06-20 00:38:19 开始第 2156 次操作

2024-06-20 00:38:19 开始操作号码 【1562063】
2024-06-20 00:38:25 GSD getOne 第 1 次 等待 3 秒
2024-06-20 00:38:28 查询号码 【1562063】，返回信息 {"status":"ok","msg":"天津-天津","gid":"156037","time_insert":"2021-06-29 21:16"}
2024-06-20 00:38:29 查询号码 【1562063】，GSD为【"天津-天津"】

2024-06-20 01:08:59 开始第 2157 次操作

2024-06-20 01:08:59 开始操作号码 【1562064】
2024-06-20 01:09:05 GSD getOne 第 1 次 等待 3 秒
2024-06-20 01:09:08 查询号码 【1562064】，返回信息 {"status":"ok","msg":"天津-天津","gid":"156102","time_insert":"2021-06-29 21:33"}
2024-06-20 01:09:08 查询号码 【1562064】，GSD为【"天津-天津"】

2024-06-20 01:09:09 开始第 2158 次操作

2024-06-20 01:09:09 开始操作号码 【1562065】
2024-06-20 01:09:19 GSD getOne 第 1 次 等待 3 秒
2024-06-20 01:09:22 查询号码 【1562065】，返回信息 {"status":"ok","msg":"天津-天津","gid":"156370","time_insert":"2021-06-29 21:52"}
2024-06-20 01:09:22 查询号码 【1562065】，GSD为【"天津-天津"】

2024-06-20 01:09:23 开始第 2159 次操作

2024-06-20 01:09:23 开始操作号码 【1562066】
2024-06-20 01:09:31 GSD getOne 第 1 次 等待 3 秒
2024-06-20 01:09:34 查询号码 【1562066】，返回信息 {"status":"ok","msg":"天津-天津","gid":"156478","time_insert":"2021-06-29 22:12"}
2024-06-20 01:09:34 查询号码 【1562066】，GSD为【"天津-天津"】

2024-06-20 01:09:35 开始第 2160 次操作

2024-06-20 01:09:35 开始操作号码 【1562067】
2024-06-20 01:09:43 GSD getOne 第 1 次 等待 3 秒
2024-06-20 01:09:46 查询号码 【1562067】，返回信息 {"status":"ok","msg":"天津-天津","gid":"156504","time_insert":"2021-06-29 22:31"}
2024-06-20 01:09:46 查询号码 【1562067】，GSD为【"天津-天津"】

2024-06-20 01:33:38 开始第 2161 次操作

2024-06-20 01:33:38 开始操作号码 【1562068】
2024-06-20 01:33:46 GSD getOne 第 1 次 等待 3 秒
2024-06-20 01:33:49 查询号码 【1562068】，返回信息 {"status":"ok","msg":"天津-天津","gid":"156673","time_insert":"2021-06-29 22:50"}
2024-06-20 01:33:49 查询号码 【1562068】，GSD为【"天津-天津"】

2024-06-20 01:33:50 开始第 2162 次操作

2024-06-20 01:33:50 开始操作号码 【1562069】
2024-06-20 01:33:55 GSD getOne 第 1 次 等待 3 秒
2024-06-20 01:33:58 查询号码 【1562069】，返回信息 {"status":"ok","msg":"天津-天津","gid":"156783","time_insert":"2021-06-29 23:09"}
2024-06-20 01:33:58 查询号码 【1562069】，GSD为【"天津-天津"】

2024-06-20 01:33:59 开始第 2163 次操作

2024-06-20 01:33:59 开始操作号码 【1562070】
2024-06-20 01:34:12 GSD getOne 第 1 次 等待 3 秒
2024-06-20 01:34:15 查询号码 【1562070】，返回信息 {"status":"ok","msg":"天津-天津","gid":"156816","time_insert":"2021-06-29 23:26"}
2024-06-20 01:34:15 查询号码 【1562070】，GSD为【"天津-天津"】

2024-06-20 01:34:16 开始第 2164 次操作

2024-06-20 01:34:16 开始操作号码 【1562071】
2024-06-20 01:34:22 GSD getOne 第 1 次 等待 3 秒
2024-06-20 01:34:25 查询号码 【1562071】，返回信息 {"status":"ok","msg":"天津-天津","gid":"156844","time_insert":"2021-06-29 23:45"}
2024-06-20 01:34:25 查询号码 【1562071】，GSD为【"天津-天津"】

2024-06-20 02:10:23 开始第 2165 次操作

2024-06-20 02:10:23 开始操作号码 【1562072】
2024-06-20 02:10:32 GSD getOne 第 1 次 等待 3 秒
2024-06-20 02:10:35 查询号码 【1562072】，返回信息 {"status":"ok","msg":"天津-天津","gid":"157030","time_insert":"2021-06-30 00:07"}
2024-06-20 02:10:35 查询号码 【1562072】，GSD为【"天津-天津"】

2024-06-20 02:10:36 开始第 2166 次操作

2024-06-20 02:10:36 开始操作号码 【1562073】
2024-06-20 02:10:43 GSD getOne 第 1 次 等待 3 秒
2024-06-20 02:10:46 查询号码 【1562073】，返回信息 {"status":"ok","msg":"天津-天津","gid":"157134","time_insert":"2021-06-30 00:24"}
2024-06-20 02:10:46 查询号码 【1562073】，GSD为【"天津-天津"】

2024-06-20 02:10:47 开始第 2167 次操作

2024-06-20 02:10:47 开始操作号码 【1562074】
2024-06-20 02:10:55 GSD getOne 第 1 次 等待 3 秒
2024-06-20 02:10:58 查询号码 【1562074】，返回信息 {"status":"ok","msg":"天津-天津","gid":"157168","time_insert":"2021-06-30 00:44"}
2024-06-20 02:10:58 查询号码 【1562074】，GSD为【"天津-天津"】

2024-06-20 02:10:59 开始第 2168 次操作

2024-06-20 02:10:59 开始操作号码 【1562075】
2024-06-20 02:11:04 GSD getOne 第 1 次 等待 3 秒
2024-06-20 02:11:07 查询号码 【1562075】，返回信息 {"status":"ok","msg":"天津-天津","gid":"157191","time_insert":"2021-06-30 01:03"}
2024-06-20 02:11:08 查询号码 【1562075】，GSD为【"天津-天津"】

