2024-06-18 00:10:38 开始第 1781 次操作

2024-06-18 00:10:38 开始操作号码 【1561688】
2024-06-18 00:10:52 GSD getOne 第 1 次 等待 3 秒
2024-06-18 00:10:55 查询号码 【1561688】，返回信息 {"status":"ok","msg":"湖南-长沙","gid":"127642","time_insert":"2021-06-25 14:52"}
2024-06-18 00:10:55 查询号码 【1561688】，GSD为【"湖南-长沙"】

2024-06-18 00:10:56 开始第 1782 次操作

2024-06-18 00:10:56 开始操作号码 【1561689】
2024-06-18 00:11:06 GSD getOne 第 1 次 等待 3 秒
2024-06-18 00:11:09 查询号码 【1561689】，返回信息 {"status":"ok","msg":"湖南-湘西","gid":"127722","time_insert":"2021-06-25 15:12"}
2024-06-18 00:11:09 查询号码 【1561689】，GSD为【"湖南-湘西"】

2024-06-18 00:11:10 开始第 1783 次操作

2024-06-18 00:11:10 开始操作号码 【1561690】
2024-06-18 00:11:16 GSD getOne 第 1 次 等待 3 秒
2024-06-18 00:11:19 查询号码 【1561690】，返回信息 {"status":"ok","msg":"湖南-永州","gid":"127808","time_insert":"2021-06-25 15:31"}
2024-06-18 00:11:19 查询号码 【1561690】，GSD为【"湖南-永州"】

2024-06-18 00:11:20 开始第 1784 次操作

2024-06-18 00:11:20 开始操作号码 【1561691】
2024-06-18 00:11:28 GSD getOne 第 1 次 等待 3 秒
2024-06-18 00:11:31 查询号码 【1561691】，返回信息 {"status":"ok","msg":"湖南-郴州","gid":"127899","time_insert":"2021-06-25 15:49"}
2024-06-18 00:11:31 查询号码 【1561691】，GSD为【"湖南-郴州"】

