2024-09-10 00:23:10 开始第 3753 次操作

2024-09-10 00:23:10 开始操作号码 【1453752】
2024-09-10 00:23:17 GSD getOne 第 1 次 等待 3 秒
2024-09-10 00:23:20 查询号码 【1453752】，返回信息 {"status":"ok","msg":"湖南-长沙","gid":"78167","time_insert":"2021-06-03 08:46"}
2024-09-10 00:23:20 查询号码 【1453752】，GSD为【"湖南-长沙"】

2024-09-10 00:23:22 开始第 3754 次操作

2024-09-10 00:23:22 开始操作号码 【1453753】
2024-09-10 00:23:29 GSD getOne 第 1 次 等待 3 秒
2024-09-10 00:23:32 查询号码 【1453753】，返回信息 {"status":"ok","msg":"湖南-长沙","gid":"78174","time_insert":"2021-06-03 08:51"}
2024-09-10 00:23:32 查询号码 【1453753】，GSD为【"湖南-长沙"】

2024-09-10 00:23:33 开始第 3755 次操作

2024-09-10 00:23:33 开始操作号码 【1453754】
2024-09-10 00:23:42 GSD getOne 第 1 次 等待 3 秒
2024-09-10 00:23:45 查询号码 【1453754】，返回信息 {"status":"ok","msg":"湖南-长沙","gid":"78177","time_insert":"2021-06-03 08:56"}
2024-09-10 00:23:45 查询号码 【1453754】，GSD为【"湖南-长沙"】

2024-09-10 00:23:46 开始第 3756 次操作

2024-09-10 00:23:46 开始操作号码 【1453755】
2024-09-10 00:23:54 GSD getOne 第 1 次 等待 3 秒
2024-09-10 00:23:57 查询号码 【1453755】，返回信息 {"status":"ok","msg":"湖南-长沙","gid":"78180","time_insert":"2021-06-03 09:01"}
2024-09-10 00:23:57 查询号码 【1453755】，GSD为【"湖南-长沙"】

