2024-11-23 00:27:29 开始第 6113 次操作

2024-11-23 00:27:29 开始操作号码 【1346112】
2024-11-23 00:27:31 GSD getOne 第 1 次 等待 3 秒
2024-11-23 00:27:34 查询号码 【1346112】，返回信息 {"status":"ok","msg":"河南-平顶山","gid":"282585","time_insert":"2021-07-15 11:02"}
2024-11-23 00:27:34 查询号码 【1346112】，GSD为【"河南-平顶山"】

2024-11-23 00:27:35 开始第 6114 次操作

2024-11-23 00:27:35 开始操作号码 【1346113】
2024-11-23 00:27:36 GSD getOne 第 1 次 等待 3 秒
2024-11-23 00:27:39 查询号码 【1346113】，返回信息 {"status":"ok","msg":"河南-平顶山","gid":"282859","time_insert":"2021-07-15 11:15"}
2024-11-23 00:27:39 查询号码 【1346113】，GSD为【"河南-平顶山"】

2024-11-23 00:27:40 开始第 6115 次操作

2024-11-23 00:27:40 开始操作号码 【1346114】
2024-11-23 00:27:41 GSD getOne 第 1 次 等待 3 秒
2024-11-23 00:27:44 查询号码 【1346114】，返回信息 {"status":"ok","msg":"河南-平顶山","gid":"283058","time_insert":"2021-07-15 11:26"}
2024-11-23 00:27:44 查询号码 【1346114】，GSD为【"河南-平顶山"】

2024-11-23 00:27:45 开始第 6116 次操作

2024-11-23 00:27:45 开始操作号码 【1346115】
2024-11-23 00:27:46 GSD getOne 第 1 次 等待 3 秒
2024-11-23 00:27:49 查询号码 【1346115】，返回信息 {"status":"ok","msg":"河南-平顶山","gid":"283160","time_insert":"2021-07-15 11:37"}
2024-11-23 00:27:50 查询号码 【1346115】，GSD为【"河南-平顶山"】

2024-11-23 00:48:39 开始第 6117 次操作

2024-11-23 00:48:39 开始操作号码 【1346116】
2024-11-23 00:48:41 GSD getOne 第 1 次 等待 3 秒
2024-11-23 00:48:44 查询号码 【1346116】，返回信息 {"status":"ok","msg":"河南-平顶山","gid":"283331","time_insert":"2021-07-15 11:50"}
2024-11-23 00:48:44 查询号码 【1346116】，GSD为【"河南-平顶山"】

2024-11-23 00:48:45 开始第 6118 次操作

2024-11-23 00:48:45 开始操作号码 【1346117】
2024-11-23 00:48:46 GSD getOne 第 1 次 等待 3 秒
2024-11-23 00:48:49 查询号码 【1346117】，返回信息 {"status":"ok","msg":"河南-平顶山","gid":"283508","time_insert":"2021-07-15 12:02"}
2024-11-23 00:48:49 查询号码 【1346117】，GSD为【"河南-平顶山"】

2024-11-23 00:48:50 开始第 6119 次操作

2024-11-23 00:48:50 开始操作号码 【1346118】
2024-11-23 00:48:51 GSD getOne 第 1 次 等待 3 秒
2024-11-23 00:48:54 查询号码 【1346118】，返回信息 {"status":"ok","msg":"河南-平顶山","gid":"283601","time_insert":"2021-07-15 12:16"}
2024-11-23 00:48:54 查询号码 【1346118】，GSD为【"河南-平顶山"】

2024-11-23 00:48:55 开始第 6120 次操作

2024-11-23 00:48:55 开始操作号码 【1346119】
2024-11-23 00:48:56 GSD getOne 第 1 次 等待 3 秒
2024-11-23 00:48:59 查询号码 【1346119】，返回信息 {"status":"ok","msg":"河南-平顶山","gid":"283635","time_insert":"2021-07-15 12:30"}
2024-11-23 00:48:59 查询号码 【1346119】，GSD为【"河南-平顶山"】

