2024-09-15 00:20:58 开始第 4605 次操作

2024-09-15 00:20:58 开始操作号码 【1454604】
2024-09-15 00:21:06 GSD getOne 第 1 次 等待 3 秒
2024-09-15 00:21:09 查询号码 【1454604】，返回信息 {"status":"ok","msg":"青海-海南","gid":"82135","time_insert":"2021-06-06 03:03"}
2024-09-15 00:21:09 查询号码 【1454604】，GSD为【"青海-海南"】

2024-09-15 00:21:10 开始第 4606 次操作

2024-09-15 00:21:10 开始操作号码 【1454605】
2024-09-15 00:21:18 GSD getOne 第 1 次 等待 3 秒
2024-09-15 00:21:21 查询号码 【1454605】，返回信息 {"status":"ok","msg":"青海-果洛","gid":"82138","time_insert":"2021-06-06 03:07"}
2024-09-15 00:21:21 查询号码 【1454605】，GSD为【"青海-果洛"】

2024-09-15 00:21:22 开始第 4607 次操作

2024-09-15 00:21:22 开始操作号码 【1454606】
2024-09-15 00:21:30 GSD getOne 第 1 次 等待 3 秒
2024-09-15 00:21:33 查询号码 【1454606】，返回信息 {"status":"ok","msg":"青海-玉树","gid":"82140","time_insert":"2021-06-06 03:10"}
2024-09-15 00:21:33 查询号码 【1454606】，GSD为【"青海-玉树"】

2024-09-15 00:21:34 开始第 4608 次操作

2024-09-15 00:21:34 开始操作号码 【1454607】
2024-09-15 00:21:42 GSD getOne 第 1 次 等待 3 秒
2024-09-15 00:21:45 查询号码 【1454607】，返回信息 {"status":"ok","msg":"青海-海西","gid":"82146","time_insert":"2021-06-06 03:14"}
2024-09-15 00:21:45 查询号码 【1454607】，GSD为【"青海-海西"】

