2024-04-05 00:10:05 开始第 2013 次操作

2024-04-05 00:10:05 开始操作号码 【1671923】
2024-04-05 00:10:10 GSD getOne 第 1 次 等待 3 秒
2024-04-05 00:10:13 查询号码 【1671923】，返回信息 {"status":"ok","msg":"黑龙江-哈尔滨","gid":"238188","time_insert":"2021-07-10 09:36"}
2024-04-05 00:10:13 查询号码 【1671923】，GSD为【"黑龙江-哈尔滨"】

2024-04-05 00:10:14 开始第 2014 次操作

2024-04-05 00:10:14 开始操作号码 【1671924】
2024-04-05 00:10:19 GSD getOne 第 1 次 等待 3 秒
2024-04-05 00:10:22 查询号码 【1671924】，返回信息 {"status":"ok","msg":"黑龙江-哈尔滨","gid":"238195","time_insert":"2021-07-10 09:36"}
2024-04-05 00:10:22 查询号码 【1671924】，GSD为【"黑龙江-哈尔滨"】

2024-04-05 00:10:23 开始第 2015 次操作

2024-04-05 00:10:23 开始操作号码 【1671925】
2024-04-05 00:10:29 GSD getOne 第 1 次 等待 3 秒
2024-04-05 00:10:32 查询号码 【1671925】，返回信息 {"status":"ok","msg":"黑龙江-哈尔滨","gid":"238200","time_insert":"2021-07-10 09:37"}
2024-04-05 00:10:32 查询号码 【1671925】，GSD为【"黑龙江-哈尔滨"】

2024-04-05 00:10:34 开始第 2016 次操作

2024-04-05 00:10:34 开始操作号码 【1671926】
2024-04-05 00:10:42 GSD getOne 第 1 次 等待 3 秒
2024-04-05 00:10:45 查询号码 【1671926】，返回信息 {"status":"ok","msg":"黑龙江-哈尔滨","gid":"238208","time_insert":"2021-07-10 09:37"}
2024-04-05 00:10:45 查询号码 【1671926】，GSD为【"黑龙江-哈尔滨"】

