2021-07-13 00:00:07 开始第 20 次操作

2021-07-13 00:00:07 开始操作号码 【1722117】
2021-07-13 00:00:33 GSD getOne 第 1 次 等待 1 秒
2021-07-13 00:00:34 查询号码 【1722117】，返回信息 {"status":"bad","msg":""}
2021-07-13 00:00:34 查询号码 【1722117】，GSD为【""】
2021-07-13 00:00:34 bad
2021-07-13 00:00:36 CHB 1722117?1626105634 第 1 次 等待 1 秒
2021-07-13 00:00:37 CHB 1722117?1626105634 第 1 次 获取到号码【1722117】GSD
2021-07-13 00:00:37 获取到号码【1722117】的GSD为【吉林-长春】
2021-07-13 00:01:03 GSD insert 第 1 次 等待 1 秒
2021-07-13 00:01:04 {"status":"ok","id":260620,"msg":"添加成功！260620"}
2021-07-13 00:01:04 下次操作: 2021-07-13 00:01:20

2021-07-13 00:01:20 开始第 21 次操作

2021-07-13 00:01:20 开始操作号码 【1722118】
2021-07-13 00:01:34 GSD getOne 第 1 次 等待 1 秒
2021-07-13 00:01:35 查询号码 【1722118】，返回信息 {"status":"bad","msg":""}
2021-07-13 00:01:35 查询号码 【1722118】，GSD为【""】
2021-07-13 00:01:35 bad
2021-07-13 00:01:40 CHB 1722118?1626105695 第 1 次 等待 1 秒
2021-07-13 00:01:41 CHB 1722118?1626105695 第 1 次 获取到号码【1722118】GSD
2021-07-13 00:01:41 获取到号码【1722118】的GSD为【吉林-长春】
2021-07-13 00:01:59 GSD insert 第 1 次 等待 1 秒
2021-07-13 00:02:00 {"status":"ok","id":260633,"msg":"添加成功！260633"}
2021-07-13 00:02:00 下次操作: 2021-07-13 00:02:16

2021-07-13 00:02:16 开始第 22 次操作

2021-07-13 00:02:16 开始操作号码 【1722119】
2021-07-13 00:02:19 GSD getOne 第 1 次 等待 1 秒
2021-07-13 00:02:20 查询号码 【1722119】，返回信息 {"status":"bad","msg":""}
2021-07-13 00:02:20 查询号码 【1722119】，GSD为【""】
2021-07-13 00:02:20 bad
2021-07-13 00:02:22 CHB 1722119?1626105740 第 1 次 等待 1 秒
2021-07-13 00:02:23 CHB 1722119?1626105740 第 1 次 获取到号码【1722119】GSD
2021-07-13 00:02:23 获取到号码【1722119】的GSD为【吉林-长春】
2021-07-13 00:02:41 GSD insert 第 1 次 等待 1 秒
2021-07-13 00:02:42 {"status":"ok","id":260642,"msg":"添加成功！260642"}
2021-07-13 00:02:42 下次操作: 2021-07-13 00:02:52

2021-07-13 00:02:52 开始第 23 次操作

2021-07-13 00:02:52 开始操作号码 【1722120】
2021-07-13 00:03:02 GSD getOne 第 1 次 等待 1 秒
2021-07-13 00:03:03 查询号码 【1722120】，返回信息 {"status":"bad","msg":""}
2021-07-13 00:03:03 查询号码 【1722120】，GSD为【""】
2021-07-13 00:03:03 bad
2021-07-13 00:03:07 CHB 1722120?1626105783 第 1 次 等待 1 秒
2021-07-13 00:03:08 CHB 1722120?1626105783 第 1 次 获取到号码【1722120】GSD
2021-07-13 00:03:08 获取到号码【1722120】的GSD为【吉林-长春】
2021-07-13 00:03:26 GSD insert 第 1 次 等待 1 秒
2021-07-13 00:03:27 {"status":"ok","id":260647,"msg":"添加成功！260647"}
2021-07-13 00:03:27 下次操作: 2021-07-13 00:03:35

2021-07-13 00:03:35 开始第 24 次操作

2021-07-13 00:03:35 开始操作号码 【1722121】
2021-07-13 00:03:48 GSD getOne 第 1 次 等待 1 秒
2021-07-13 00:03:49 查询号码 【1722121】，返回信息 {"status":"bad","msg":""}
2021-07-13 00:03:50 查询号码 【1722121】，GSD为【""】
2021-07-13 00:03:50 bad
2021-07-13 00:03:52 CHB 1722121?1626105830 第 1 次 等待 1 秒
2021-07-13 00:03:53 CHB 1722121?1626105830 第 1 次 获取到号码【1722121】GSD
2021-07-13 00:03:53 获取到号码【1722121】的GSD为【吉林-长春】
2021-07-13 00:04:20 GSD insert 第 1 次 等待 1 秒
2021-07-13 00:04:21 {"status":"ok","id":260653,"msg":"添加成功！260653"}
2021-07-13 00:04:21 下次操作: 2021-07-13 00:04:35

2021-07-13 00:04:35 开始第 25 次操作

2021-07-13 00:04:35 开始操作号码 【1722122】
2021-07-13 00:04:39 GSD getOne 第 1 次 等待 1 秒
2021-07-13 00:04:40 查询号码 【1722122】，返回信息 {"status":"bad","msg":""}
2021-07-13 00:04:40 查询号码 【1722122】，GSD为【""】
2021-07-13 00:04:40 bad
2021-07-13 00:04:44 CHB 1722122?1626105880 第 1 次 等待 1 秒
2021-07-13 00:04:45 CHB 1722122?1626105880 第 1 次 获取到号码【1722122】GSD
2021-07-13 00:04:45 获取到号码【1722122】的GSD为【吉林-长春】
2021-07-13 00:05:04 GSD insert 第 1 次 等待 1 秒
2021-07-13 00:05:05 {"status":"ok","id":260660,"msg":"添加成功！260660"}
2021-07-13 00:05:05 下次操作: 2021-07-13 00:05:15

2021-07-13 00:05:15 开始第 26 次操作

2021-07-13 00:05:15 开始操作号码 【1722123】
2021-07-13 00:05:25 GSD getOne 第 1 次 等待 1 秒
2021-07-13 00:05:26 查询号码 【1722123】，返回信息 {"status":"bad","msg":""}
2021-07-13 00:05:26 查询号码 【1722123】，GSD为【""】
2021-07-13 00:05:26 bad
2021-07-13 00:05:27 CHB 1722123?1626105926 第 1 次 等待 1 秒
2021-07-13 00:05:28 CHB 1722123?1626105926 第 1 次 获取到号码【1722123】GSD
2021-07-13 00:05:28 获取到号码【1722123】的GSD为【吉林-长春】
2021-07-13 00:05:46 GSD insert 第 1 次 等待 1 秒
2021-07-13 00:05:47 {"status":"ok","id":260662,"msg":"添加成功！260662"}
2021-07-13 00:05:47 下次操作: 2021-07-13 00:05:56

2021-07-13 00:05:56 开始第 27 次操作

2021-07-13 00:05:56 开始操作号码 【1722124】
2021-07-13 00:06:07 GSD getOne 第 1 次 等待 1 秒
2021-07-13 00:06:08 查询号码 【1722124】，返回信息 {"status":"bad","msg":""}
2021-07-13 00:06:09 查询号码 【1722124】，GSD为【""】
2021-07-13 00:06:09 bad
2021-07-13 00:06:11 CHB 1722124?1626105969 第 1 次 等待 1 秒
2021-07-13 00:06:12 CHB 1722124?1626105969 第 1 次 获取到号码【1722124】GSD
2021-07-13 00:06:12 获取到号码【1722124】的GSD为【吉林-长春】
2021-07-13 00:06:32 GSD insert 第 1 次 等待 1 秒
2021-07-13 00:06:33 {"status":"ok","id":260669,"msg":"添加成功！260669"}
2021-07-13 00:06:33 下次操作: 2021-07-13 00:06:51

2021-07-13 00:06:51 开始第 28 次操作

2021-07-13 00:06:51 开始操作号码 【1722125】
2021-07-13 00:07:10 GSD getOne 第 1 次 等待 1 秒
2021-07-13 00:07:11 查询号码 【1722125】，返回信息 {"status":"bad","msg":""}
2021-07-13 00:07:11 查询号码 【1722125】，GSD为【""】
2021-07-13 00:07:11 bad
2021-07-13 00:07:14 CHB 1722125?1626106031 第 1 次 等待 1 秒
2021-07-13 00:07:15 CHB 1722125?1626106031 第 1 次 获取到号码【1722125】GSD
2021-07-13 00:07:15 获取到号码【1722125】的GSD为【吉林-长春】
2021-07-13 00:07:33 GSD insert 第 1 次 等待 1 秒
2021-07-13 00:07:34 {"status":"ok","id":260675,"msg":"添加成功！260675"}
2021-07-13 00:07:34 下次操作: 2021-07-13 00:07:43

2021-07-13 00:07:43 开始第 29 次操作

2021-07-13 00:07:43 开始操作号码 【1722126】
2021-07-13 00:07:52 GSD getOne 第 1 次 等待 1 秒
2021-07-13 00:07:53 查询号码 【1722126】，返回信息 {"status":"bad","msg":""}
2021-07-13 00:07:54 查询号码 【1722126】，GSD为【""】
2021-07-13 00:07:54 bad
2021-07-13 00:07:58 CHB 1722126?1626106074 第 1 次 等待 1 秒
2021-07-13 00:07:59 CHB 1722126?1626106074 第 1 次 获取到号码【1722126】GSD
2021-07-13 00:07:59 获取到号码【1722126】的GSD为【吉林-长春】
2021-07-13 00:08:17 GSD insert 第 1 次 等待 1 秒
2021-07-13 00:08:18 {"status":"ok","id":260679,"msg":"添加成功！260679"}
2021-07-13 00:08:18 下次操作: 2021-07-13 00:08:32

2021-07-13 00:08:32 开始第 30 次操作

2021-07-13 00:08:32 开始操作号码 【1722127】
2021-07-13 00:08:39 GSD getOne 第 1 次 等待 1 秒
2021-07-13 00:08:40 查询号码 【1722127】，返回信息 {"status":"bad","msg":""}
2021-07-13 00:08:40 查询号码 【1722127】，GSD为【""】
2021-07-13 00:08:40 bad
2021-07-13 00:08:43 CHB 1722127?1626106120 第 1 次 等待 1 秒
2021-07-13 00:08:44 CHB 1722127?1626106120 第 1 次 获取到号码【1722127】GSD
2021-07-13 00:08:44 获取到号码【1722127】的GSD为【吉林-长春】
2021-07-13 00:09:03 GSD insert 第 1 次 等待 1 秒
2021-07-13 00:09:04 {"status":"ok","id":260686,"msg":"添加成功！260686"}

