2024-07-01 00:10:39 开始第 4161 次操作

2024-07-01 00:10:39 开始操作号码 【1564067】
2024-07-01 00:10:54 GSD getOne 第 1 次 等待 3 秒
2024-07-01 00:10:57 查询号码 【1564067】，返回信息 {"status":"ok","msg":"辽宁-锦州","gid":"341796","time_insert":"2021-07-21 01:22"}
2024-07-01 00:10:57 查询号码 【1564067】，GSD为【"辽宁-锦州"】

2024-07-01 00:10:58 开始第 4162 次操作

2024-07-01 00:10:58 开始操作号码 【1564068】
2024-07-01 00:11:12 GSD getOne 第 1 次 等待 3 秒
2024-07-01 00:11:15 查询号码 【1564068】，返回信息 {"status":"ok","msg":"辽宁-锦州","gid":"341864","time_insert":"2021-07-21 01:31"}
2024-07-01 00:11:15 查询号码 【1564068】，GSD为【"辽宁-锦州"】

2024-07-01 00:11:16 开始第 4163 次操作

2024-07-01 00:11:16 开始操作号码 【1564069】
2024-07-01 00:11:30 GSD getOne 第 1 次 等待 3 秒
2024-07-01 00:11:33 查询号码 【1564069】，返回信息 {"status":"ok","msg":"辽宁-锦州","gid":"341906","time_insert":"2021-07-21 01:39"}
2024-07-01 00:11:33 查询号码 【1564069】，GSD为【"辽宁-锦州"】

2024-07-01 00:11:34 开始第 4164 次操作

2024-07-01 00:11:34 开始操作号码 【1564070】
2024-07-01 00:11:48 GSD getOne 第 1 次 等待 3 秒
2024-07-01 00:11:51 查询号码 【1564070】，返回信息 {"status":"ok","msg":"辽宁-营口","gid":"341984","time_insert":"2021-07-21 01:49"}
2024-07-01 00:11:51 查询号码 【1564070】，GSD为【"辽宁-营口"】

