2024-09-29 00:21:42 开始第 6981 次操作

2024-09-29 00:21:42 开始操作号码 【1456980】
2024-09-29 00:21:44 GSD getOne 第 1 次 等待 3 秒
2024-09-29 00:21:47 查询号码 【1456980】，返回信息 {"status":"ok","msg":"上海-上海","gid":"95578","time_insert":"2021-06-14 01:35","time_update":"2021-08-01 19:03"}
2024-09-29 00:21:47 查询号码 【1456980】，GSD为【"上海-上海"】

2024-09-29 00:21:48 开始第 6982 次操作

2024-09-29 00:21:48 开始操作号码 【1456981】
2024-09-29 00:21:51 GSD getOne 第 1 次 等待 3 秒
2024-09-29 00:21:54 查询号码 【1456981】，返回信息 {"status":"ok","msg":"上海-上海","gid":"95582","time_insert":"2021-06-14 01:38","time_update":"2021-08-01 18:56"}
2024-09-29 00:21:54 查询号码 【1456981】，GSD为【"上海-上海"】

2024-09-29 00:21:55 开始第 6983 次操作

2024-09-29 00:21:55 开始操作号码 【1456982】
2024-09-29 00:21:58 GSD getOne 第 1 次 等待 3 秒
2024-09-29 00:22:01 查询号码 【1456982】，返回信息 {"status":"ok","msg":"上海-上海","gid":"95588","time_insert":"2021-06-14 01:44","time_update":"2021-08-01 18:47"}
2024-09-29 00:22:01 查询号码 【1456982】，GSD为【"上海-上海"】

2024-09-29 00:22:02 开始第 6984 次操作

2024-09-29 00:22:02 开始操作号码 【1456983】
2024-09-29 00:22:04 GSD getOne 第 1 次 等待 3 秒
2024-09-29 00:22:07 查询号码 【1456983】，返回信息 {"status":"ok","msg":"上海-上海","gid":"95593","time_insert":"2021-06-14 01:50","time_update":"2021-08-01 18:35"}
2024-09-29 00:22:07 查询号码 【1456983】，GSD为【"上海-上海"】

2024-09-29 00:42:00 开始第 6985 次操作

2024-09-29 00:42:00 开始操作号码 【1456984】
2024-09-29 00:42:03 GSD getOne 第 1 次 等待 3 秒
2024-09-29 00:42:06 查询号码 【1456984】，返回信息 {"status":"ok","msg":"上海-上海","gid":"95599","time_insert":"2021-06-14 01:55","time_update":"2021-08-01 18:31"}
2024-09-29 00:42:06 查询号码 【1456984】，GSD为【"上海-上海"】

2024-09-29 00:42:07 开始第 6986 次操作

2024-09-29 00:42:07 开始操作号码 【1456985】
2024-09-29 00:42:09 GSD getOne 第 1 次 等待 3 秒
2024-09-29 00:42:12 查询号码 【1456985】，返回信息 {"status":"ok","msg":"上海-上海","gid":"95605","time_insert":"2021-06-14 01:59","time_update":"2021-08-01 18:22"}
2024-09-29 00:42:12 查询号码 【1456985】，GSD为【"上海-上海"】

2024-09-29 00:42:13 开始第 6987 次操作

2024-09-29 00:42:13 开始操作号码 【1456986】
2024-09-29 00:42:17 GSD getOne 第 1 次 等待 3 秒
2024-09-29 00:42:20 查询号码 【1456986】，返回信息 {"status":"ok","msg":"上海-上海","gid":"95614","time_insert":"2021-06-14 02:04","time_update":"2021-08-01 18:16"}
2024-09-29 00:42:20 查询号码 【1456986】，GSD为【"上海-上海"】

2024-09-29 00:42:21 开始第 6988 次操作

2024-09-29 00:42:21 开始操作号码 【1456987】
2024-09-29 00:42:24 GSD getOne 第 1 次 等待 3 秒
2024-09-29 00:42:27 查询号码 【1456987】，返回信息 {"status":"ok","msg":"上海-上海","gid":"95616","time_insert":"2021-06-14 02:08"}
2024-09-29 00:42:27 查询号码 【1456987】，GSD为【"上海-上海"】

2024-09-29 01:14:56 开始第 6989 次操作

2024-09-29 01:14:56 开始操作号码 【1456988】
2024-09-29 01:14:59 GSD getOne 第 1 次 等待 3 秒
2024-09-29 01:15:02 查询号码 【1456988】，返回信息 {"status":"ok","msg":"上海-上海","gid":"95621","time_insert":"2021-06-14 02:13"}
2024-09-29 01:15:02 查询号码 【1456988】，GSD为【"上海-上海"】

2024-09-29 01:15:03 开始第 6990 次操作

2024-09-29 01:15:03 开始操作号码 【1456989】
2024-09-29 01:15:20 GSD getOne 第 1 次 等待 3 秒
2024-09-29 01:15:23 查询号码 【1456989】，返回信息 {"status":"ok","msg":"上海-上海","gid":"95626","time_insert":"2021-06-14 02:17","time_update":"2021-08-01 18:06"}
2024-09-29 01:15:23 查询号码 【1456989】，GSD为【"上海-上海"】

2024-09-29 01:15:24 开始第 6991 次操作

2024-09-29 01:15:24 开始操作号码 【1456990】
2024-09-29 01:15:26 GSD getOne 第 1 次 等待 3 秒
2024-09-29 01:15:29 查询号码 【1456990】，返回信息 {"status":"ok","msg":"上海-上海","gid":"95631","time_insert":"2021-06-14 02:23","time_update":"2021-08-01 14:52"}
2024-09-29 01:15:29 查询号码 【1456990】，GSD为【"上海-上海"】

2024-09-29 01:15:30 开始第 6992 次操作

2024-09-29 01:15:30 开始操作号码 【1456991】
2024-09-29 01:15:32 GSD getOne 第 1 次 等待 3 秒
2024-09-29 01:15:35 查询号码 【1456991】，返回信息 {"status":"ok","msg":"上海-上海","gid":"95639","time_insert":"2021-06-14 02:27","time_update":"2021-08-01 17:59"}
2024-09-29 01:15:35 查询号码 【1456991】，GSD为【"上海-上海"】

2024-09-29 01:36:52 开始第 6993 次操作

2024-09-29 01:36:52 开始操作号码 【1456992】
2024-09-29 01:36:53 GSD getOne 第 1 次 等待 3 秒
2024-09-29 01:36:56 查询号码 【1456992】，返回信息 {"status":"ok","msg":"上海-上海","gid":"95643","time_insert":"2021-06-14 02:31","time_update":"2021-08-01 17:50"}
2024-09-29 01:36:56 查询号码 【1456992】，GSD为【"上海-上海"】

2024-09-29 01:36:57 开始第 6994 次操作

2024-09-29 01:36:57 开始操作号码 【1456993】
2024-09-29 01:37:00 GSD getOne 第 1 次 等待 3 秒
2024-09-29 01:37:03 查询号码 【1456993】，返回信息 {"status":"ok","msg":"上海-上海","gid":"95651","time_insert":"2021-06-14 02:37","time_update":"2021-08-01 17:47"}
2024-09-29 01:37:03 查询号码 【1456993】，GSD为【"上海-上海"】

2024-09-29 01:37:04 开始第 6995 次操作

2024-09-29 01:37:04 开始操作号码 【1456994】
2024-09-29 01:37:07 GSD getOne 第 1 次 等待 3 秒
2024-09-29 01:37:10 查询号码 【1456994】，返回信息 {"status":"ok","msg":"上海-上海","gid":"95653","time_insert":"2021-06-14 02:42","time_update":"2021-08-01 17:37"}
2024-09-29 01:37:10 查询号码 【1456994】，GSD为【"上海-上海"】

2024-09-29 01:37:11 开始第 6996 次操作

2024-09-29 01:37:11 开始操作号码 【1456995】
2024-09-29 01:37:14 GSD getOne 第 1 次 等待 3 秒
2024-09-29 01:37:17 查询号码 【1456995】，返回信息 {"status":"ok","msg":"上海-上海","gid":"95659","time_insert":"2021-06-14 02:48","time_update":"2021-08-01 17:35"}
2024-09-29 01:37:17 查询号码 【1456995】，GSD为【"上海-上海"】

2024-09-29 02:23:23 开始第 6997 次操作

2024-09-29 02:23:23 开始操作号码 【1456996】
2024-09-29 02:23:25 GSD getOne 第 1 次 等待 3 秒
2024-09-29 02:23:28 查询号码 【1456996】，返回信息 {"status":"ok","msg":"上海-上海","gid":"95665","time_insert":"2021-06-14 02:52","time_update":"2021-08-01 17:22"}
2024-09-29 02:23:28 查询号码 【1456996】，GSD为【"上海-上海"】

2024-09-29 02:23:29 开始第 6998 次操作

2024-09-29 02:23:29 开始操作号码 【1456997】
2024-09-29 02:23:31 GSD getOne 第 1 次 等待 3 秒
2024-09-29 02:23:34 查询号码 【1456997】，返回信息 {"status":"ok","msg":"上海-上海","gid":"95672","time_insert":"2021-06-14 02:56","time_update":"2021-08-01 17:20"}
2024-09-29 02:23:34 查询号码 【1456997】，GSD为【"上海-上海"】

2024-09-29 02:23:35 开始第 6999 次操作

2024-09-29 02:23:35 开始操作号码 【1456998】
2024-09-29 02:23:37 GSD getOne 第 1 次 等待 3 秒
2024-09-29 02:23:40 查询号码 【1456998】，返回信息 {"status":"ok","msg":"上海-上海","gid":"95678","time_insert":"2021-06-14 03:02","time_update":"2021-08-01 17:07"}
2024-09-29 02:23:40 查询号码 【1456998】，GSD为【"上海-上海"】

2024-09-29 02:23:41 开始第 7000 次操作

2024-09-29 02:23:41 开始操作号码 【1456999】
2024-09-29 02:23:43 GSD getOne 第 1 次 等待 3 秒
2024-09-29 02:23:46 查询号码 【1456999】，返回信息 {"status":"ok","msg":"上海-上海","gid":"95680","time_insert":"2021-06-14 03:05","time_update":"2021-08-01 17:06"}
2024-09-29 02:23:46 查询号码 【1456999】，GSD为【"上海-上海"】

2024-09-29 02:41:37 开始第 7001 次操作

2024-09-29 02:41:37 开始操作号码 【1457000】
2024-09-29 02:41:40 GSD getOne 第 1 次 等待 3 秒
2024-09-29 02:41:43 查询号码 【1457000】，返回信息 {"status":"ok","msg":"山东-菏泽","gid":"95686","time_insert":"2021-06-14 03:10"}
2024-09-29 02:41:43 查询号码 【1457000】，GSD为【"山东-菏泽"】

2024-09-29 02:41:44 开始第 7002 次操作

2024-09-29 02:41:44 开始操作号码 【1457001】
2024-09-29 02:41:46 GSD getOne 第 1 次 等待 3 秒
2024-09-29 02:41:49 查询号码 【1457001】，返回信息 {"status":"ok","msg":"山东-青岛","gid":"95691","time_insert":"2021-06-14 03:14"}
2024-09-29 02:41:49 查询号码 【1457001】，GSD为【"山东-青岛"】

2024-09-29 02:41:50 开始第 7003 次操作

2024-09-29 02:41:50 开始操作号码 【1457002】
2024-09-29 02:41:52 GSD getOne 第 1 次 等待 3 秒
2024-09-29 02:41:55 查询号码 【1457002】，返回信息 {"status":"ok","msg":"山东-淄博","gid":"95699","time_insert":"2021-06-14 03:19"}
2024-09-29 02:41:55 查询号码 【1457002】，GSD为【"山东-淄博"】

2024-09-29 02:41:56 开始第 7004 次操作

2024-09-29 02:41:56 开始操作号码 【1457003】
2024-09-29 02:41:58 GSD getOne 第 1 次 等待 3 秒
2024-09-29 02:42:01 查询号码 【1457003】，返回信息 {"status":"ok","msg":"山东-德州","gid":"95703","time_insert":"2021-06-14 03:25"}
2024-09-29 02:42:01 查询号码 【1457003】，GSD为【"山东-德州"】

2024-09-29 03:14:26 开始第 7005 次操作

2024-09-29 03:14:26 开始操作号码 【1457004】
2024-09-29 03:14:28 GSD getOne 第 1 次 等待 3 秒
2024-09-29 03:14:31 查询号码 【1457004】，返回信息 {"status":"ok","msg":"山东-德州","gid":"95706","time_insert":"2021-06-14 03:30"}
2024-09-29 03:14:31 查询号码 【1457004】，GSD为【"山东-德州"】

2024-09-29 03:14:32 开始第 7006 次操作

2024-09-29 03:14:32 开始操作号码 【1457005】
2024-09-29 03:14:35 GSD getOne 第 1 次 等待 3 秒
2024-09-29 03:14:38 查询号码 【1457005】，返回信息 {"status":"ok","msg":"山东-烟台","gid":"95712","time_insert":"2021-06-14 03:35"}
2024-09-29 03:14:38 查询号码 【1457005】，GSD为【"山东-烟台"】

2024-09-29 03:14:39 开始第 7007 次操作

2024-09-29 03:14:39 开始操作号码 【1457006】
2024-09-29 03:14:41 GSD getOne 第 1 次 等待 3 秒
2024-09-29 03:14:44 查询号码 【1457006】，返回信息 {"status":"ok","msg":"山东-烟台","gid":"95722","time_insert":"2021-06-14 03:41"}
2024-09-29 03:14:44 查询号码 【1457006】，GSD为【"山东-烟台"】

2024-09-29 03:14:45 开始第 7008 次操作

2024-09-29 03:14:45 开始操作号码 【1457007】
2024-09-29 03:14:47 GSD getOne 第 1 次 等待 3 秒
2024-09-29 03:14:50 查询号码 【1457007】，返回信息 {"status":"ok","msg":"山东-烟台","gid":"95726","time_insert":"2021-06-14 03:44"}
2024-09-29 03:14:50 查询号码 【1457007】，GSD为【"山东-烟台"】

2024-09-29 03:37:17 开始第 7009 次操作

2024-09-29 03:37:17 开始操作号码 【1457008】
2024-09-29 03:37:20 GSD getOne 第 1 次 等待 3 秒
2024-09-29 03:37:23 查询号码 【1457008】，返回信息 {"status":"ok","msg":"山东-泰安","gid":"95728","time_insert":"2021-06-14 03:49"}
2024-09-29 03:37:23 查询号码 【1457008】，GSD为【"山东-泰安"】

2024-09-29 03:37:24 开始第 7010 次操作

2024-09-29 03:37:24 开始操作号码 【1457009】
2024-09-29 03:37:26 GSD getOne 第 1 次 等待 3 秒
2024-09-29 03:37:29 查询号码 【1457009】，返回信息 {"status":"ok","msg":"山东-滨州","gid":"95733","time_insert":"2021-06-14 03:53"}
2024-09-29 03:37:29 查询号码 【1457009】，GSD为【"山东-滨州"】

2024-09-29 03:37:30 开始第 7011 次操作

2024-09-29 03:37:30 开始操作号码 【1457010】
2024-09-29 03:37:32 GSD getOne 第 1 次 等待 3 秒
2024-09-29 03:37:35 查询号码 【1457010】，返回信息 {"status":"ok","msg":"山东-莱芜","gid":"95742","time_insert":"2021-06-14 03:57"}
2024-09-29 03:37:35 查询号码 【1457010】，GSD为【"山东-莱芜"】

2024-09-29 03:37:36 开始第 7012 次操作

2024-09-29 03:37:36 开始操作号码 【1457011】
2024-09-29 03:37:38 GSD getOne 第 1 次 等待 3 秒
2024-09-29 03:37:41 查询号码 【1457011】，返回信息 {"status":"ok","msg":"山东-临沂","gid":"95748","time_insert":"2021-06-14 04:03"}
2024-09-29 03:37:41 查询号码 【1457011】，GSD为【"山东-临沂"】

2024-09-29 04:18:50 开始第 7013 次操作

2024-09-29 04:18:50 开始操作号码 【1457012】
2024-09-29 04:18:52 GSD getOne 第 1 次 等待 3 秒
2024-09-29 04:18:55 查询号码 【1457012】，返回信息 {"status":"ok","msg":"山东-临沂","gid":"95752","time_insert":"2021-06-14 04:07"}
2024-09-29 04:18:55 查询号码 【1457012】，GSD为【"山东-临沂"】

2024-09-29 04:18:56 开始第 7014 次操作

2024-09-29 04:18:56 开始操作号码 【1457013】
2024-09-29 04:18:58 GSD getOne 第 1 次 等待 3 秒
2024-09-29 04:19:01 查询号码 【1457013】，返回信息 {"status":"ok","msg":"山东-临沂","gid":"95755","time_insert":"2021-06-14 04:11"}
2024-09-29 04:19:01 查询号码 【1457013】，GSD为【"山东-临沂"】

2024-09-29 04:19:02 开始第 7015 次操作

2024-09-29 04:19:02 开始操作号码 【1457014】
2024-09-29 04:19:04 GSD getOne 第 1 次 等待 3 秒
2024-09-29 04:19:07 查询号码 【1457014】，返回信息 {"status":"ok","msg":"山东-临沂","gid":"95761","time_insert":"2021-06-14 04:15"}
2024-09-29 04:19:07 查询号码 【1457014】，GSD为【"山东-临沂"】

2024-09-29 04:19:08 开始第 7016 次操作

2024-09-29 04:19:08 开始操作号码 【1457015】
2024-09-29 04:19:10 GSD getOne 第 1 次 等待 3 秒
2024-09-29 04:19:13 查询号码 【1457015】，返回信息 {"status":"ok","msg":"山东-威海","gid":"95768","time_insert":"2021-06-14 04:20"}
2024-09-29 04:19:13 查询号码 【1457015】，GSD为【"山东-威海"】

2024-09-29 04:37:46 开始第 7017 次操作

2024-09-29 04:37:46 开始操作号码 【1457016】
2024-09-29 04:37:48 GSD getOne 第 1 次 等待 3 秒
2024-09-29 04:37:51 查询号码 【1457016】，返回信息 {"status":"ok","msg":"山东-威海","gid":"95774","time_insert":"2021-06-14 04:24"}
2024-09-29 04:37:51 查询号码 【1457016】，GSD为【"山东-威海"】

2024-09-29 04:37:52 开始第 7018 次操作

2024-09-29 04:37:52 开始操作号码 【1457017】
2024-09-29 04:37:54 GSD getOne 第 1 次 等待 3 秒
2024-09-29 04:37:57 查询号码 【1457017】，返回信息 {"status":"ok","msg":"山东-日照","gid":"95778","time_insert":"2021-06-14 04:29"}
2024-09-29 04:37:57 查询号码 【1457017】，GSD为【"山东-日照"】

2024-09-29 04:37:58 开始第 7019 次操作

2024-09-29 04:37:58 开始操作号码 【1457018】
2024-09-29 04:38:00 GSD getOne 第 1 次 等待 3 秒
2024-09-29 04:38:03 查询号码 【1457018】，返回信息 {"status":"ok","msg":"山东-东营","gid":"95783","time_insert":"2021-06-14 04:33"}
2024-09-29 04:38:03 查询号码 【1457018】，GSD为【"山东-东营"】

2024-09-29 04:38:04 开始第 7020 次操作

2024-09-29 04:38:04 开始操作号码 【1457019】
2024-09-29 04:38:06 GSD getOne 第 1 次 等待 3 秒
2024-09-29 04:38:09 查询号码 【1457019】，返回信息 {"status":"ok","msg":"山东-聊城","gid":"95786","time_insert":"2021-06-14 04:36"}
2024-09-29 04:38:09 查询号码 【1457019】，GSD为【"山东-聊城"】

2024-09-29 05:17:00 开始第 7021 次操作

2024-09-29 05:17:00 开始操作号码 【1457020】
2024-09-29 05:17:02 GSD getOne 第 1 次 等待 3 秒
2024-09-29 05:17:05 查询号码 【1457020】，返回信息 {"status":"ok","msg":"江西-南昌","gid":"95791","time_insert":"2021-06-14 04:41"}
2024-09-29 05:17:05 查询号码 【1457020】，GSD为【"江西-南昌"】

2024-09-29 05:17:06 开始第 7022 次操作

2024-09-29 05:17:06 开始操作号码 【1457021】
2024-09-29 05:17:08 GSD getOne 第 1 次 等待 3 秒
2024-09-29 05:17:11 查询号码 【1457021】，返回信息 {"status":"ok","msg":"江西-南昌","gid":"95799","time_insert":"2021-06-14 04:45"}
2024-09-29 05:17:11 查询号码 【1457021】，GSD为【"江西-南昌"】

2024-09-29 05:17:12 开始第 7023 次操作

2024-09-29 05:17:12 开始操作号码 【1457022】
2024-09-29 05:17:14 GSD getOne 第 1 次 等待 3 秒
2024-09-29 05:17:17 查询号码 【1457022】，返回信息 {"status":"ok","msg":"江西-九江","gid":"95805","time_insert":"2021-06-14 04:49"}
2024-09-29 05:17:17 查询号码 【1457022】，GSD为【"江西-九江"】

2024-09-29 05:17:18 开始第 7024 次操作

2024-09-29 05:17:18 开始操作号码 【1457023】
2024-09-29 05:17:20 GSD getOne 第 1 次 等待 3 秒
2024-09-29 05:17:23 查询号码 【1457023】，返回信息 {"status":"ok","msg":"江西-上饶","gid":"95807","time_insert":"2021-06-14 04:52"}
2024-09-29 05:17:23 查询号码 【1457023】，GSD为【"江西-上饶"】

2024-09-29 05:36:54 开始第 7025 次操作

2024-09-29 05:36:54 开始操作号码 【1457024】
2024-09-29 05:36:56 GSD getOne 第 1 次 等待 3 秒
2024-09-29 05:36:59 查询号码 【1457024】，返回信息 {"status":"ok","msg":"江西-抚州","gid":"95813","time_insert":"2021-06-14 04:58"}
2024-09-29 05:36:59 查询号码 【1457024】，GSD为【"江西-抚州"】

2024-09-29 05:37:00 开始第 7026 次操作

2024-09-29 05:37:00 开始操作号码 【1457025】
2024-09-29 05:37:02 GSD getOne 第 1 次 等待 3 秒
2024-09-29 05:37:05 查询号码 【1457025】，返回信息 {"status":"ok","msg":"江西-宜春","gid":"95816","time_insert":"2021-06-14 05:02"}
2024-09-29 05:37:06 查询号码 【1457025】，GSD为【"江西-宜春"】

2024-09-29 05:37:07 开始第 7027 次操作

2024-09-29 05:37:07 开始操作号码 【1457026】
2024-09-29 05:37:08 GSD getOne 第 1 次 等待 3 秒
2024-09-29 05:37:11 查询号码 【1457026】，返回信息 {"status":"ok","msg":"江西-吉安","gid":"95823","time_insert":"2021-06-14 05:06"}
2024-09-29 05:37:11 查询号码 【1457026】，GSD为【"江西-吉安"】

2024-09-29 05:37:12 开始第 7028 次操作

2024-09-29 05:37:12 开始操作号码 【1457027】
2024-09-29 05:37:14 GSD getOne 第 1 次 等待 3 秒
2024-09-29 05:37:17 查询号码 【1457027】，返回信息 {"status":"ok","msg":"江西-赣州","gid":"95829","time_insert":"2021-06-14 05:11"}
2024-09-29 05:37:17 查询号码 【1457027】，GSD为【"江西-赣州"】

2024-09-29 06:16:39 开始第 7029 次操作

2024-09-29 06:16:39 开始操作号码 【1457028】
2024-09-29 06:16:41 GSD getOne 第 1 次 等待 3 秒
2024-09-29 06:16:44 查询号码 【1457028】，返回信息 {"status":"ok","msg":"江西-景德镇","gid":"95834","time_insert":"2021-06-14 05:15"}
2024-09-29 06:16:44 查询号码 【1457028】，GSD为【"江西-景德镇"】

2024-09-29 06:16:45 开始第 7030 次操作

2024-09-29 06:16:45 开始操作号码 【1457029】
2024-09-29 06:16:48 GSD getOne 第 1 次 等待 3 秒
2024-09-29 06:16:51 查询号码 【1457029】，返回信息 {"status":"ok","msg":"江西-萍乡","gid":"95839","time_insert":"2021-06-14 05:20"}
2024-09-29 06:16:51 查询号码 【1457029】，GSD为【"江西-萍乡"】

2024-09-29 06:16:52 开始第 7031 次操作

2024-09-29 06:16:52 开始操作号码 【1457030】
2024-09-29 06:16:54 GSD getOne 第 1 次 等待 3 秒
2024-09-29 06:16:57 查询号码 【1457030】，返回信息 {"status":"ok","msg":"广东-广州","gid":"95845","time_insert":"2021-06-14 05:26"}
2024-09-29 06:16:57 查询号码 【1457030】，GSD为【"广东-广州"】

2024-09-29 06:16:58 开始第 7032 次操作

2024-09-29 06:16:58 开始操作号码 【1457031】
2024-09-29 06:17:00 GSD getOne 第 1 次 等待 3 秒
2024-09-29 06:17:03 查询号码 【1457031】，返回信息 {"status":"ok","msg":"广东-广州","gid":"95849","time_insert":"2021-06-14 05:29"}
2024-09-29 06:17:03 查询号码 【1457031】，GSD为【"广东-广州"】

2024-09-29 06:39:06 开始第 7033 次操作

2024-09-29 06:39:06 开始操作号码 【1457032】
2024-09-29 06:39:08 GSD getOne 第 1 次 等待 3 秒
2024-09-29 06:39:11 查询号码 【1457032】，返回信息 {"status":"ok","msg":"广东-广州","gid":"95854","time_insert":"2021-06-14 05:34"}
2024-09-29 06:39:11 查询号码 【1457032】，GSD为【"广东-广州"】

2024-09-29 06:39:12 开始第 7034 次操作

2024-09-29 06:39:12 开始操作号码 【1457033】
2024-09-29 06:39:14 GSD getOne 第 1 次 等待 3 秒
2024-09-29 06:39:17 查询号码 【1457033】，返回信息 {"status":"ok","msg":"广东-广州","gid":"95861","time_insert":"2021-06-14 05:39"}
2024-09-29 06:39:17 查询号码 【1457033】，GSD为【"广东-广州"】

2024-09-29 06:39:18 开始第 7035 次操作

2024-09-29 06:39:18 开始操作号码 【1457034】
2024-09-29 06:39:20 GSD getOne 第 1 次 等待 3 秒
2024-09-29 06:39:23 查询号码 【1457034】，返回信息 {"status":"ok","msg":"广东-广州","gid":"95865","time_insert":"2021-06-14 05:42"}
2024-09-29 06:39:23 查询号码 【1457034】，GSD为【"广东-广州"】

2024-09-29 06:39:24 开始第 7036 次操作

2024-09-29 06:39:24 开始操作号码 【1457035】
2024-09-29 06:39:26 GSD getOne 第 1 次 等待 3 秒
2024-09-29 06:39:29 查询号码 【1457035】，返回信息 {"status":"ok","msg":"广东-江门","gid":"95871","time_insert":"2021-06-14 05:47"}
2024-09-29 06:39:29 查询号码 【1457035】，GSD为【"广东-江门"】

2024-09-29 07:17:58 开始第 7037 次操作

2024-09-29 07:17:58 开始操作号码 【1457036】
2024-09-29 07:18:01 GSD getOne 第 1 次 等待 3 秒
2024-09-29 07:18:04 查询号码 【1457036】，返回信息 {"status":"ok","msg":"广东-江门","gid":"95874","time_insert":"2021-06-14 05:51"}
2024-09-29 07:18:04 查询号码 【1457036】，GSD为【"广东-江门"】

2024-09-29 07:18:05 开始第 7038 次操作

2024-09-29 07:18:05 开始操作号码 【1457037】
2024-09-29 07:18:07 GSD getOne 第 1 次 等待 3 秒
2024-09-29 07:18:10 查询号码 【1457037】，返回信息 {"status":"ok","msg":"广东-江门","gid":"95881","time_insert":"2021-06-14 05:56"}
2024-09-29 07:18:10 查询号码 【1457037】，GSD为【"广东-江门"】

2024-09-29 07:18:11 开始第 7039 次操作

2024-09-29 07:18:11 开始操作号码 【1457038】
2024-09-29 07:18:13 GSD getOne 第 1 次 等待 3 秒
2024-09-29 07:18:16 查询号码 【1457038】，返回信息 {"status":"ok","msg":"广东-汕头","gid":"95889","time_insert":"2021-06-14 06:01"}
2024-09-29 07:18:16 查询号码 【1457038】，GSD为【"广东-汕头"】

2024-09-29 07:18:17 开始第 7040 次操作

2024-09-29 07:18:17 开始操作号码 【1457039】
2024-09-29 07:18:19 GSD getOne 第 1 次 等待 3 秒
2024-09-29 07:18:22 查询号码 【1457039】，返回信息 {"status":"ok","msg":"广东-茂名","gid":"95895","time_insert":"2021-06-14 06:06"}
2024-09-29 07:18:22 查询号码 【1457039】，GSD为【"广东-茂名"】

2024-09-29 07:38:30 开始第 7041 次操作

2024-09-29 07:38:30 开始操作号码 【1457040】
2024-09-29 07:38:33 GSD getOne 第 1 次 等待 3 秒
2024-09-29 07:38:36 查询号码 【1457040】，返回信息 {"status":"ok","msg":"广东-深圳","gid":"95899","time_insert":"2021-06-14 06:09"}
2024-09-29 07:38:36 查询号码 【1457040】，GSD为【"广东-深圳"】

2024-09-29 07:38:37 开始第 7042 次操作

2024-09-29 07:38:37 开始操作号码 【1457041】
2024-09-29 07:38:39 GSD getOne 第 1 次 等待 3 秒
2024-09-29 07:38:42 查询号码 【1457041】，返回信息 {"status":"ok","msg":"广东-深圳","gid":"95903","time_insert":"2021-06-14 06:15"}
2024-09-29 07:38:42 查询号码 【1457041】，GSD为【"广东-深圳"】

2024-09-29 07:38:43 开始第 7043 次操作

2024-09-29 07:38:43 开始操作号码 【1457042】
2024-09-29 07:38:45 GSD getOne 第 1 次 等待 3 秒
2024-09-29 07:38:48 查询号码 【1457042】，返回信息 {"status":"ok","msg":"广东-深圳","gid":"95907","time_insert":"2021-06-14 06:19"}
2024-09-29 07:38:48 查询号码 【1457042】，GSD为【"广东-深圳"】

2024-09-29 07:38:49 开始第 7044 次操作

2024-09-29 07:38:49 开始操作号码 【1457043】
2024-09-29 07:38:51 GSD getOne 第 1 次 等待 3 秒
2024-09-29 07:38:54 查询号码 【1457043】，返回信息 {"status":"ok","msg":"广东-深圳","gid":"95913","time_insert":"2021-06-14 06:23"}
2024-09-29 07:38:54 查询号码 【1457043】，GSD为【"广东-深圳"】

