2024-11-12 00:27:08 开始第 4297 次操作

2024-11-12 00:27:08 开始操作号码 【1344296】
2024-11-12 00:27:09 GSD getOne 第 1 次 等待 3 秒
2024-11-12 00:27:12 查询号码 【1344296】，返回信息 {"status":"ok","msg":"湖北-荆门","gid":"162710","time_insert":"2021-06-30 21:52"}
2024-11-12 00:27:12 查询号码 【1344296】，GSD为【"湖北-荆门"】

2024-11-12 00:27:13 开始第 4298 次操作

2024-11-12 00:27:13 开始操作号码 【1344297】
2024-11-12 00:27:14 GSD getOne 第 1 次 等待 3 秒
2024-11-12 00:27:17 查询号码 【1344297】，返回信息 {"status":"ok","msg":"湖北-荆门","gid":"162732","time_insert":"2021-06-30 22:10"}
2024-11-12 00:27:17 查询号码 【1344297】，GSD为【"湖北-荆门"】

2024-11-12 00:27:18 开始第 4299 次操作

2024-11-12 00:27:18 开始操作号码 【1344298】
2024-11-12 00:27:19 GSD getOne 第 1 次 等待 3 秒
2024-11-12 00:27:22 查询号码 【1344298】，返回信息 {"status":"ok","msg":"湖北-荆门","gid":"162765","time_insert":"2021-06-30 22:32"}
2024-11-12 00:27:22 查询号码 【1344298】，GSD为【"湖北-荆门"】

2024-11-12 00:27:23 开始第 4300 次操作

2024-11-12 00:27:23 开始操作号码 【1344299】
2024-11-12 00:27:24 GSD getOne 第 1 次 等待 3 秒
2024-11-12 00:27:28 查询号码 【1344299】，返回信息 {"status":"ok","msg":"新疆-塔城","gid":"162840","time_insert":"2021-06-30 22:48"}
2024-11-12 00:27:28 查询号码 【1344299】，GSD为【"新疆-塔城"】

