2024-11-18 00:24:20 开始第 5313 次操作

2024-11-18 00:24:20 开始操作号码 【1345312】
2024-11-18 00:24:21 GSD getOne 第 1 次 等待 3 秒
2024-11-18 00:24:24 查询号码 【1345312】，返回信息 {"status":"ok","msg":"山西-太原","gid":"234191","time_insert":"2021-07-09 21:48"}
2024-11-18 00:24:24 查询号码 【1345312】，GSD为【"山西-太原"】

2024-11-18 00:24:25 开始第 5314 次操作

2024-11-18 00:24:25 开始操作号码 【1345313】
2024-11-18 00:24:26 GSD getOne 第 1 次 等待 3 秒
2024-11-18 00:24:29 查询号码 【1345313】，返回信息 {"status":"ok","msg":"山西-太原","gid":"234328","time_insert":"2021-07-09 22:02"}
2024-11-18 00:24:29 查询号码 【1345313】，GSD为【"山西-太原"】

2024-11-18 00:24:30 开始第 5315 次操作

2024-11-18 00:24:30 开始操作号码 【1345314】
2024-11-18 00:24:33 GSD getOne 第 1 次 等待 3 秒
2024-11-18 00:24:36 查询号码 【1345314】，返回信息 {"status":"ok","msg":"山西-太原","gid":"234374","time_insert":"2021-07-09 22:13"}
2024-11-18 00:24:36 查询号码 【1345314】，GSD为【"山西-太原"】

2024-11-18 00:24:37 开始第 5316 次操作

2024-11-18 00:24:37 开始操作号码 【1345315】
2024-11-18 00:24:38 GSD getOne 第 1 次 等待 3 秒
2024-11-18 00:24:41 查询号码 【1345315】，返回信息 {"status":"ok","msg":"山西-太原","gid":"234407","time_insert":"2021-07-09 22:24"}
2024-11-18 00:24:41 查询号码 【1345315】，GSD为【"山西-太原"】

