2024-10-23 00:26:53 开始第 917 次操作

2024-10-23 00:26:53 开始操作号码 【1340916】
2024-10-23 00:26:54 GSD getOne 第 1 次 等待 3 秒
2024-10-23 00:26:57 查询号码 【1340916】，返回信息 {"status":"ok","msg":"陕西-榆林","gid":"3992","time_insert":"2018-03-30 20:54","time_update":"2020-12-10 19:26"}
2024-10-23 00:26:57 查询号码 【1340916】，GSD为【"陕西-榆林"】

2024-10-23 00:26:58 开始第 918 次操作

2024-10-23 00:26:58 开始操作号码 【1340917】
2024-10-23 00:27:00 GSD getOne 第 1 次 等待 3 秒
2024-10-23 00:27:03 查询号码 【1340917】，返回信息 {"status":"ok","msg":"陕西-榆林","gid":"60239","time_insert":"2021-05-17 01:22"}
2024-10-23 00:27:03 查询号码 【1340917】，GSD为【"陕西-榆林"】

2024-10-23 00:27:04 开始第 919 次操作

2024-10-23 00:27:04 开始操作号码 【1340918】
2024-10-23 00:27:05 GSD getOne 第 1 次 等待 3 秒
2024-10-23 00:27:08 查询号码 【1340918】，返回信息 {"status":"ok","msg":"陕西-榆林","gid":"60250","time_insert":"2021-05-17 01:44"}
2024-10-23 00:27:08 查询号码 【1340918】，GSD为【"陕西-榆林"】

2024-10-23 00:27:09 开始第 920 次操作

2024-10-23 00:27:09 开始操作号码 【1340919】
2024-10-23 00:27:10 GSD getOne 第 1 次 等待 3 秒
2024-10-23 00:27:13 查询号码 【1340919】，返回信息 {"status":"ok","msg":"陕西-榆林","gid":"60261","time_insert":"2021-05-17 02:08"}
2024-10-23 00:27:13 查询号码 【1340919】，GSD为【"陕西-榆林"】

2024-10-23 00:47:02 开始第 921 次操作

2024-10-23 00:47:02 开始操作号码 【1340920】
2024-10-23 00:47:03 GSD getOne 第 1 次 等待 3 秒
2024-10-23 00:47:06 查询号码 【1340920】，返回信息 {"status":"ok","msg":"河南-新乡","gid":"53223","time_insert":"2020-03-21 21:46"}
2024-10-23 00:47:06 查询号码 【1340920】，GSD为【"河南-新乡"】

2024-10-23 00:47:07 开始第 922 次操作

2024-10-23 00:47:07 开始操作号码 【1340921】
2024-10-23 00:47:08 GSD getOne 第 1 次 等待 3 秒
2024-10-23 00:47:11 查询号码 【1340921】，返回信息 {"status":"ok","msg":"河南-新乡","gid":"60268","time_insert":"2021-05-17 02:26"}
2024-10-23 00:47:11 查询号码 【1340921】，GSD为【"河南-新乡"】

2024-10-23 00:47:12 开始第 923 次操作

2024-10-23 00:47:12 开始操作号码 【1340922】
2024-10-23 00:47:13 GSD getOne 第 1 次 等待 3 秒
2024-10-23 00:47:16 查询号码 【1340922】，返回信息 {"status":"ok","msg":"河南-新乡","gid":"60276","time_insert":"2021-05-17 02:46"}
2024-10-23 00:47:16 查询号码 【1340922】，GSD为【"河南-新乡"】

2024-10-23 00:47:17 开始第 924 次操作

2024-10-23 00:47:17 开始操作号码 【1340923】
2024-10-23 00:47:19 GSD getOne 第 1 次 等待 3 秒
2024-10-23 00:47:22 查询号码 【1340923】，返回信息 {"status":"ok","msg":"河南-新乡","gid":"60288","time_insert":"2021-05-17 03:10"}
2024-10-23 00:47:22 查询号码 【1340923】，GSD为【"河南-新乡"】

