2024-03-18 00:08:37 开始第 9657 次操作

2024-03-18 00:08:37 开始操作号码 【1789566】
2024-03-18 00:08:42 GSD getOne 第 1 次 等待 3 秒
2024-03-18 00:08:45 查询号码 【1789566】，返回信息 {"status":"ok","msg":"浙江-温州","gid":"256375","time_insert":"2021-07-12 12:53"}
2024-03-18 00:08:45 查询号码 【1789566】，GSD为【"浙江-温州"】

2024-03-18 00:08:46 开始第 9658 次操作

2024-03-18 00:08:46 开始操作号码 【1789567】
2024-03-18 00:08:50 GSD getOne 第 1 次 等待 3 秒
2024-03-18 00:08:53 查询号码 【1789567】，返回信息 {"status":"ok","msg":"浙江-温州","gid":"256357","time_insert":"2021-07-12 12:52"}
2024-03-18 00:08:54 查询号码 【1789567】，GSD为【"浙江-温州"】

2024-03-18 00:08:55 开始第 9659 次操作

2024-03-18 00:08:55 开始操作号码 【1789568】
2024-03-18 00:08:59 GSD getOne 第 1 次 等待 3 秒
2024-03-18 00:09:02 查询号码 【1789568】，返回信息 {"status":"ok","msg":"浙江-温州","gid":"256339","time_insert":"2021-07-12 12:51"}
2024-03-18 00:09:02 查询号码 【1789568】，GSD为【"浙江-温州"】

2024-03-18 00:09:03 开始第 9660 次操作

2024-03-18 00:09:03 开始操作号码 【1789569】
2024-03-18 00:09:07 GSD getOne 第 1 次 等待 3 秒
2024-03-18 00:09:10 查询号码 【1789569】，返回信息 {"status":"ok","msg":"浙江-温州","gid":"256327","time_insert":"2021-07-12 12:50"}
2024-03-18 00:09:10 查询号码 【1789569】，GSD为【"浙江-温州"】

