2021-07-21 00:00:36 开始第 12 次操作

2021-07-21 00:00:36 开始操作号码 【1728652】
2021-07-21 00:00:39 GSD getOne 第 1 次 等待 3 秒
2021-07-21 00:00:42 查询号码 【1728652】，返回信息 {"status":"bad","msg":""}
2021-07-21 00:00:42 查询号码 【1728652】，GSD为【""】
2021-07-21 00:00:42 bad
2021-07-21 00:00:43 CHB 1728652?1626796842 第 1 次 等待 3 秒
2021-07-21 00:00:46 CHB 1728652?1626796842 第 1 次 未获取到 等待 16 秒 下次操作: 2021-07-21 00:01:02
2021-07-21 00:01:02 CHB 1728652?1626796862 第 2 次 等待 3 秒
2021-07-21 00:01:05 CHB 1728652?1626796862 第 2 次 未获取到 等待 17 秒 下次操作: 2021-07-21 00:01:22
2021-07-21 00:01:23 CHB 1728652?1626796882 第 3 次 等待 3 秒
2021-07-21 00:01:26 CHB 1728652?1626796882 第 3 次 跳过号码【1728652】
2021-07-21 00:01:26 未获取到号码【1728652】源码
2021-07-21 00:01:26 获取到号码【1728652】的GSD为【-】
2021-07-21 00:01:28 GSD insert 第 1 次 等待 3 秒
2021-07-21 00:01:31 {"status":"ok","gid":341265,"msg":"添加成功！"}
2021-07-21 00:01:31 下次操作: 2021-07-21 00:01:47

2021-07-21 00:01:47 开始第 13 次操作

2021-07-21 00:01:47 开始操作号码 【1728653】
2021-07-21 00:01:50 GSD getOne 第 1 次 等待 3 秒
2021-07-21 00:01:53 查询号码 【1728653】，返回信息 {"status":"bad","msg":""}
2021-07-21 00:01:53 查询号码 【1728653】，GSD为【""】
2021-07-21 00:01:53 bad
2021-07-21 00:01:54 CHB 1728653?1626796913 第 1 次 等待 3 秒
2021-07-21 00:01:57 CHB 1728653?1626796913 第 1 次 未获取到 等待 20 秒 下次操作: 2021-07-21 00:02:17
2021-07-21 00:02:18 CHB 1728653?1626796937 第 2 次 等待 3 秒
2021-07-21 00:02:21 CHB 1728653?1626796937 第 2 次 未获取到 等待 20 秒 下次操作: 2021-07-21 00:02:41
2021-07-21 00:02:42 CHB 1728653?1626796961 第 3 次 等待 3 秒
2021-07-21 00:02:45 CHB 1728653?1626796961 第 3 次 跳过号码【1728653】
2021-07-21 00:02:45 未获取到号码【1728653】源码
2021-07-21 00:02:45 获取到号码【1728653】的GSD为【-】
2021-07-21 00:02:47 GSD insert 第 1 次 等待 3 秒
2021-07-21 00:02:50 {"status":"ok","gid":341276,"msg":"添加成功！"}
2021-07-21 00:02:50 下次操作: 2021-07-21 00:03:14

2021-07-21 00:03:14 开始第 14 次操作

2021-07-21 00:03:14 开始操作号码 【1728654】
2021-07-21 00:03:19 GSD getOne 第 1 次 等待 3 秒
2021-07-21 00:03:22 查询号码 【1728654】，返回信息 {"status":"bad","msg":""}
2021-07-21 00:03:22 查询号码 【1728654】，GSD为【""】
2021-07-21 00:03:22 bad
2021-07-21 00:03:23 CHB 1728654?1626797002 第 1 次 等待 3 秒
2021-07-21 00:03:26 CHB 1728654?1626797002 第 1 次 未获取到 等待 15 秒 下次操作: 2021-07-21 00:03:41
2021-07-21 00:03:41 CHB 1728654?1626797021 第 2 次 等待 3 秒
2021-07-21 00:03:44 CHB 1728654?1626797021 第 2 次 未获取到 等待 17 秒 下次操作: 2021-07-21 00:04:01
2021-07-21 00:04:02 CHB 1728654?1626797041 第 3 次 等待 3 秒
2021-07-21 00:04:05 CHB 1728654?1626797041 第 3 次 跳过号码【1728654】
2021-07-21 00:04:05 未获取到号码【1728654】源码
2021-07-21 00:04:05 获取到号码【1728654】的GSD为【-】
2021-07-21 00:04:07 GSD insert 第 1 次 等待 3 秒
2021-07-21 00:04:10 {"status":"ok","gid":341287,"msg":"添加成功！"}
2021-07-21 00:04:10 下次操作: 2021-07-21 00:04:31

2021-07-21 00:04:31 开始第 15 次操作

2021-07-21 00:04:31 开始操作号码 【1728655】
2021-07-21 00:04:34 GSD getOne 第 1 次 等待 3 秒
2021-07-21 00:04:37 查询号码 【1728655】，返回信息 {"status":"bad","msg":""}
2021-07-21 00:04:37 查询号码 【1728655】，GSD为【""】
2021-07-21 00:04:37 bad
2021-07-21 00:04:37 CHB 1728655?1626797077 第 1 次 等待 3 秒
2021-07-21 00:04:40 CHB 1728655?1626797077 第 1 次 未获取到 等待 23 秒 下次操作: 2021-07-21 00:05:03
2021-07-21 00:05:04 CHB 1728655?1626797103 第 2 次 等待 3 秒
2021-07-21 00:05:07 CHB 1728655?1626797103 第 2 次 未获取到 等待 12 秒 下次操作: 2021-07-21 00:05:19
2021-07-21 00:05:19 CHB 1728655?1626797119 第 3 次 等待 3 秒
2021-07-21 00:05:22 CHB 1728655?1626797119 第 3 次 跳过号码【1728655】
2021-07-21 00:05:22 未获取到号码【1728655】源码
2021-07-21 00:05:22 获取到号码【1728655】的GSD为【-】
2021-07-21 00:05:25 GSD insert 第 1 次 等待 3 秒
2021-07-21 00:05:28 {"status":"ok","gid":341301,"msg":"添加成功！"}
2021-07-21 00:05:28 下次操作: 2021-07-21 00:05:51

2021-07-21 00:05:51 开始第 16 次操作

2021-07-21 00:05:51 开始操作号码 【1728656】
2021-07-21 00:05:54 GSD getOne 第 1 次 等待 3 秒
2021-07-21 00:05:57 查询号码 【1728656】，返回信息 {"status":"bad","msg":""}
2021-07-21 00:05:57 查询号码 【1728656】，GSD为【""】
2021-07-21 00:05:57 bad
2021-07-21 00:05:57 CHB 1728656?1626797157 第 1 次 等待 3 秒
2021-07-21 00:06:00 CHB 1728656?1626797157 第 1 次 未获取到 等待 22 秒 下次操作: 2021-07-21 00:06:22
2021-07-21 00:06:23 CHB 1728656?1626797182 第 2 次 等待 3 秒
2021-07-21 00:06:26 CHB 1728656?1626797182 第 2 次 未获取到 等待 17 秒 下次操作: 2021-07-21 00:06:43
2021-07-21 00:06:43 CHB 1728656?1626797203 第 3 次 等待 3 秒
2021-07-21 00:06:46 CHB 1728656?1626797203 第 3 次 跳过号码【1728656】
2021-07-21 00:06:46 未获取到号码【1728656】源码
2021-07-21 00:06:46 获取到号码【1728656】的GSD为【-】
2021-07-21 00:06:53 GSD insert 第 1 次 等待 3 秒
2021-07-21 00:06:56 {"status":"ok","gid":341317,"msg":"添加成功！"}
2021-07-21 00:06:56 下次操作: 2021-07-21 00:07:13

2021-07-21 00:07:13 开始第 17 次操作

2021-07-21 00:07:13 开始操作号码 【1728657】
2021-07-21 00:07:17 GSD getOne 第 1 次 等待 3 秒
2021-07-21 00:07:20 查询号码 【1728657】，返回信息 {"status":"bad","msg":""}
2021-07-21 00:07:20 查询号码 【1728657】，GSD为【""】
2021-07-21 00:07:20 bad
2021-07-21 00:07:20 CHB 1728657?1626797240 第 1 次 等待 3 秒
2021-07-21 00:07:23 CHB 1728657?1626797240 第 1 次 未获取到 等待 12 秒 下次操作: 2021-07-21 00:07:35
2021-07-21 00:07:36 CHB 1728657?1626797255 第 2 次 等待 3 秒
2021-07-21 00:07:39 CHB 1728657?1626797255 第 2 次 未获取到 等待 13 秒 下次操作: 2021-07-21 00:07:52
2021-07-21 00:07:53 CHB 1728657?1626797272 第 3 次 等待 3 秒
2021-07-21 00:07:56 CHB 1728657?1626797272 第 3 次 跳过号码【1728657】
2021-07-21 00:07:56 未获取到号码【1728657】源码
2021-07-21 00:07:56 获取到号码【1728657】的GSD为【-】
2021-07-21 00:08:01 GSD insert 第 1 次 等待 3 秒
2021-07-21 00:08:04 {"status":"ok","gid":341328,"msg":"添加成功！"}
2021-07-21 00:08:04 下次操作: 2021-07-21 00:08:28

2021-07-21 00:08:28 开始第 18 次操作

2021-07-21 00:08:28 开始操作号码 【1728658】
2021-07-21 00:08:31 GSD getOne 第 1 次 等待 3 秒
2021-07-21 00:08:34 查询号码 【1728658】，返回信息 {"status":"bad","msg":""}
2021-07-21 00:08:34 查询号码 【1728658】，GSD为【""】
2021-07-21 00:08:34 bad
2021-07-21 00:08:34 CHB 1728658?1626797314 第 1 次 等待 3 秒
2021-07-21 00:08:37 CHB 1728658?1626797314 第 1 次 未获取到 等待 18 秒 下次操作: 2021-07-21 00:08:55
2021-07-21 00:08:56 CHB 1728658?1626797335 第 2 次 等待 3 秒
2021-07-21 00:08:59 CHB 1728658?1626797335 第 2 次 未获取到 等待 18 秒 下次操作: 2021-07-21 00:09:17
2021-07-21 00:09:17 CHB 1728658?1626797357 第 3 次 等待 3 秒
2021-07-21 00:09:20 CHB 1728658?1626797357 第 3 次 跳过号码【1728658】
2021-07-21 00:09:20 未获取到号码【1728658】源码
2021-07-21 00:09:20 获取到号码【1728658】的GSD为【-】
2021-07-21 00:09:23 GSD insert 第 1 次 等待 3 秒
2021-07-21 00:09:26 {"status":"ok","gid":341344,"msg":"添加成功！"}
2021-07-21 00:09:26 下次操作: 2021-07-21 00:09:47

2021-07-21 00:09:47 开始第 19 次操作

2021-07-21 00:09:47 开始操作号码 【1728659】
2021-07-21 00:09:52 GSD getOne 第 1 次 等待 3 秒
2021-07-21 00:09:55 查询号码 【1728659】，返回信息 {"status":"bad","msg":""}
2021-07-21 00:09:56 查询号码 【1728659】，GSD为【""】
2021-07-21 00:09:56 bad
2021-07-21 00:09:56 CHB 1728659?1626797396 第 1 次 等待 3 秒
2021-07-21 00:09:59 CHB 1728659?1626797396 第 1 次 未获取到 等待 19 秒 下次操作: 2021-07-21 00:10:18
2021-07-21 00:10:18 CHB 1728659?1626797418 第 2 次 等待 3 秒
2021-07-21 00:10:21 CHB 1728659?1626797418 第 2 次 未获取到 等待 16 秒 下次操作: 2021-07-21 00:10:37
2021-07-21 00:10:38 CHB 1728659?1626797437 第 3 次 等待 3 秒
2021-07-21 00:10:41 CHB 1728659?1626797437 第 3 次 跳过号码【1728659】
2021-07-21 00:10:41 未获取到号码【1728659】源码
2021-07-21 00:10:41 获取到号码【1728659】的GSD为【-】
2021-07-21 00:10:44 GSD insert 第 1 次 等待 3 秒
2021-07-21 00:10:47 {"status":"ok","gid":341355,"msg":"添加成功！"}
2021-07-21 00:10:47 下次操作: 2021-07-21 00:11:04

2021-07-21 00:11:04 开始第 20 次操作

2021-07-21 00:11:04 开始操作号码 【1728660】
2021-07-21 00:11:08 GSD getOne 第 1 次 等待 3 秒
2021-07-21 00:11:11 查询号码 【1728660】，返回信息 {"status":"bad","msg":""}
2021-07-21 00:11:12 查询号码 【1728660】，GSD为【""】
2021-07-21 00:11:12 bad
2021-07-21 00:11:12 CHB 1728660?1626797472 第 1 次 等待 3 秒
2021-07-21 00:11:15 CHB 1728660?1626797472 第 1 次 未获取到 等待 21 秒 下次操作: 2021-07-21 00:11:36
2021-07-21 00:11:36 CHB 1728660?1626797496 第 2 次 等待 3 秒
2021-07-21 00:11:39 CHB 1728660?1626797496 第 2 次 未获取到 等待 16 秒 下次操作: 2021-07-21 00:11:55
2021-07-21 00:11:56 CHB 1728660?1626797515 第 3 次 等待 3 秒
2021-07-21 00:11:59 CHB 1728660?1626797515 第 3 次 跳过号码【1728660】
2021-07-21 00:11:59 未获取到号码【1728660】源码
2021-07-21 00:11:59 获取到号码【1728660】的GSD为【-】
2021-07-21 00:12:02 GSD insert 第 1 次 等待 3 秒
2021-07-21 00:12:05 {"status":"ok","gid":341366,"msg":"添加成功！"}
2021-07-21 00:12:05 下次操作: 2021-07-21 00:12:28

2021-07-21 00:12:28 开始第 21 次操作

2021-07-21 00:12:28 开始操作号码 【1728661】
2021-07-21 00:12:30 GSD getOne 第 1 次 等待 3 秒
2021-07-21 00:12:33 查询号码 【1728661】，返回信息 {"status":"bad","msg":""}
2021-07-21 00:12:33 查询号码 【1728661】，GSD为【""】
2021-07-21 00:12:33 bad
2021-07-21 00:12:34 CHB 1728661?1626797553 第 1 次 等待 3 秒
2021-07-21 00:12:37 CHB 1728661?1626797553 第 1 次 未获取到 等待 16 秒 下次操作: 2021-07-21 00:12:53
2021-07-21 00:12:53 CHB 1728661?1626797573 第 2 次 等待 3 秒
2021-07-21 00:12:56 CHB 1728661?1626797573 第 2 次 未获取到 等待 18 秒 下次操作: 2021-07-21 00:13:14
2021-07-21 00:13:15 CHB 1728661?1626797594 第 3 次 等待 3 秒
2021-07-21 00:13:18 CHB 1728661?1626797594 第 3 次 跳过号码【1728661】
2021-07-21 00:13:18 未获取到号码【1728661】源码
2021-07-21 00:13:18 获取到号码【1728661】的GSD为【-】
2021-07-21 00:13:21 GSD insert 第 1 次 等待 3 秒
2021-07-21 00:13:24 {"status":"ok","gid":341382,"msg":"添加成功！"}
2021-07-21 00:13:24 下次操作: 2021-07-21 00:13:37

2021-07-21 00:13:37 开始第 22 次操作

2021-07-21 00:13:37 开始操作号码 【1728662】
2021-07-21 00:13:41 GSD getOne 第 1 次 等待 3 秒
2021-07-21 00:13:44 查询号码 【1728662】，返回信息 {"status":"bad","msg":""}
2021-07-21 00:13:44 查询号码 【1728662】，GSD为【""】
2021-07-21 00:13:44 bad
2021-07-21 00:13:44 CHB 1728662?1626797624 第 1 次 等待 3 秒
2021-07-21 00:13:47 CHB 1728662?1626797624 第 1 次 未获取到 等待 18 秒 下次操作: 2021-07-21 00:14:05
2021-07-21 00:14:06 CHB 1728662?1626797645 第 2 次 等待 3 秒
2021-07-21 00:14:09 CHB 1728662?1626797645 第 2 次 未获取到 等待 16 秒 下次操作: 2021-07-21 00:14:25
2021-07-21 00:14:25 CHB 1728662?1626797665 第 3 次 等待 3 秒
2021-07-21 00:14:28 CHB 1728662?1626797665 第 3 次 跳过号码【1728662】
2021-07-21 00:14:28 未获取到号码【1728662】源码
2021-07-21 00:14:28 获取到号码【1728662】的GSD为【-】
2021-07-21 00:14:31 GSD insert 第 1 次 等待 3 秒
2021-07-21 00:14:34 {"status":"ok","gid":341394,"msg":"添加成功！"}
2021-07-21 00:14:34 下次操作: 2021-07-21 00:14:53

2021-07-21 00:14:53 开始第 23 次操作

2021-07-21 00:14:53 开始操作号码 【1728663】
2021-07-21 00:14:56 GSD getOne 第 1 次 等待 3 秒
2021-07-21 00:14:59 查询号码 【1728663】，返回信息 {"status":"bad","msg":""}
2021-07-21 00:14:59 查询号码 【1728663】，GSD为【""】
2021-07-21 00:14:59 bad
2021-07-21 00:15:00 CHB 1728663?1626797699 第 1 次 等待 3 秒
2021-07-21 00:15:03 CHB 1728663?1626797699 第 1 次 未获取到 等待 13 秒 下次操作: 2021-07-21 00:15:16
2021-07-21 00:15:16 CHB 1728663?1626797716 第 2 次 等待 3 秒
2021-07-21 00:15:19 CHB 1728663?1626797716 第 2 次 未获取到 等待 16 秒 下次操作: 2021-07-21 00:15:35
2021-07-21 00:15:40 CHB 1728663?1626797735 第 3 次 等待 3 秒
2021-07-21 00:15:43 CHB 1728663?1626797735 第 3 次 跳过号码【1728663】
2021-07-21 00:15:43 未获取到号码【1728663】源码
2021-07-21 00:15:43 获取到号码【1728663】的GSD为【-】
2021-07-21 00:15:46 GSD insert 第 1 次 等待 3 秒
2021-07-21 00:15:49 {"status":"ok","gid":341402,"msg":"添加成功！"}
2021-07-21 00:15:49 下次操作: 2021-07-21 00:16:08

2021-07-21 00:16:08 开始第 24 次操作

2021-07-21 00:16:08 开始操作号码 【1728664】
2021-07-21 00:16:11 GSD getOne 第 1 次 等待 3 秒
2021-07-21 00:16:14 查询号码 【1728664】，返回信息 {"status":"bad","msg":""}
2021-07-21 00:16:14 查询号码 【1728664】，GSD为【""】
2021-07-21 00:16:14 bad
2021-07-21 00:16:14 CHB 1728664?1626797774 第 1 次 等待 3 秒
2021-07-21 00:16:17 CHB 1728664?1626797774 第 1 次 未获取到 等待 16 秒 下次操作: 2021-07-21 00:16:33
2021-07-21 00:16:34 CHB 1728664?1626797793 第 2 次 等待 3 秒
2021-07-21 00:16:37 CHB 1728664?1626797793 第 2 次 未获取到 等待 13 秒 下次操作: 2021-07-21 00:16:50
2021-07-21 00:16:50 CHB 1728664?1626797810 第 3 次 等待 3 秒
2021-07-21 00:16:53 CHB 1728664?1626797810 第 3 次 跳过号码【1728664】
2021-07-21 00:16:53 未获取到号码【1728664】源码
2021-07-21 00:16:53 获取到号码【1728664】的GSD为【-】
2021-07-21 00:16:56 GSD insert 第 1 次 等待 3 秒
2021-07-21 00:16:59 {"status":"ok","gid":341416,"msg":"添加成功！"}
2021-07-21 00:16:59 下次操作: 2021-07-21 00:17:17

2021-07-21 00:17:17 开始第 25 次操作

2021-07-21 00:17:17 开始操作号码 【1728665】
2021-07-21 00:17:19 GSD getOne 第 1 次 等待 3 秒
2021-07-21 00:17:22 查询号码 【1728665】，返回信息 {"status":"bad","msg":""}
2021-07-21 00:17:22 查询号码 【1728665】，GSD为【""】
2021-07-21 00:17:22 bad
2021-07-21 00:17:23 CHB 1728665?1626797842 第 1 次 等待 3 秒
2021-07-21 00:17:26 CHB 1728665?1626797842 第 1 次 未获取到 等待 21 秒 下次操作: 2021-07-21 00:17:47
2021-07-21 00:17:48 CHB 1728665?1626797867 第 2 次 等待 3 秒
2021-07-21 00:17:51 CHB 1728665?1626797867 第 2 次 未获取到 等待 12 秒 下次操作: 2021-07-21 00:18:03
2021-07-21 00:18:03 CHB 1728665?1626797883 第 3 次 等待 3 秒
2021-07-21 00:18:06 CHB 1728665?1626797883 第 3 次 跳过号码【1728665】
2021-07-21 00:18:06 未获取到号码【1728665】源码
2021-07-21 00:18:06 获取到号码【1728665】的GSD为【-】
2021-07-21 00:18:09 GSD insert 第 1 次 等待 3 秒
2021-07-21 00:18:12 {"status":"ok","gid":341427,"msg":"添加成功！"}
2021-07-21 00:18:12 下次操作: 2021-07-21 00:18:24

2021-07-21 00:18:24 开始第 26 次操作

2021-07-21 00:18:24 开始操作号码 【1728666】
2021-07-21 00:18:28 GSD getOne 第 1 次 等待 3 秒
2021-07-21 00:18:31 查询号码 【1728666】，返回信息 {"status":"bad","msg":""}
2021-07-21 00:18:31 查询号码 【1728666】，GSD为【""】
2021-07-21 00:18:31 bad
2021-07-21 00:18:32 CHB 1728666?1626797911 第 1 次 等待 3 秒
2021-07-21 00:18:35 CHB 1728666?1626797911 第 1 次 未获取到 等待 23 秒 下次操作: 2021-07-21 00:18:58
2021-07-21 00:18:58 CHB 1728666?1626797938 第 2 次 等待 3 秒
2021-07-21 00:19:01 CHB 1728666?1626797938 第 2 次 未获取到 等待 18 秒 下次操作: 2021-07-21 00:19:19
2021-07-21 00:19:20 CHB 1728666?1626797959 第 3 次 等待 3 秒
2021-07-21 00:19:23 CHB 1728666?1626797959 第 3 次 跳过号码【1728666】
2021-07-21 00:19:23 未获取到号码【1728666】源码
2021-07-21 00:19:23 获取到号码【1728666】的GSD为【-】
2021-07-21 00:19:25 GSD insert 第 1 次 等待 3 秒
2021-07-21 00:19:28 {"status":"ok","gid":341437,"msg":"添加成功！"}
2021-07-21 00:19:28 下次操作: 2021-07-21 00:19:42

2021-07-21 00:19:42 开始第 27 次操作

2021-07-21 00:19:42 开始操作号码 【1728667】
2021-07-21 00:19:45 GSD getOne 第 1 次 等待 3 秒
2021-07-21 00:19:48 查询号码 【1728667】，返回信息 {"status":"bad","msg":""}
2021-07-21 00:19:48 查询号码 【1728667】，GSD为【""】
2021-07-21 00:19:48 bad
2021-07-21 00:19:48 CHB 1728667?1626797988 第 1 次 等待 3 秒
2021-07-21 00:19:51 CHB 1728667?1626797988 第 1 次 未获取到 等待 17 秒 下次操作: 2021-07-21 00:20:08
2021-07-21 00:20:09 CHB 1728667?1626798008 第 2 次 等待 3 秒
2021-07-21 00:20:12 CHB 1728667?1626798008 第 2 次 未获取到 等待 22 秒 下次操作: 2021-07-21 00:20:34
2021-07-21 00:20:36 CHB 1728667?1626798034 第 3 次 等待 3 秒
2021-07-21 00:20:39 CHB 1728667?1626798034 第 3 次 跳过号码【1728667】
2021-07-21 00:20:39 未获取到号码【1728667】源码
2021-07-21 00:20:39 获取到号码【1728667】的GSD为【-】
2021-07-21 00:20:43 GSD insert 第 1 次 等待 3 秒
2021-07-21 00:20:46 {"status":"ok","gid":341448,"msg":"添加成功！"}
2021-07-21 00:20:46 下次操作: 2021-07-21 00:21:07

2021-07-21 00:21:07 开始第 28 次操作

2021-07-21 00:21:07 开始操作号码 【1728668】
2021-07-21 00:21:10 GSD getOne 第 1 次 等待 3 秒
2021-07-21 00:21:13 查询号码 【1728668】，返回信息 {"status":"bad","msg":""}
2021-07-21 00:21:13 查询号码 【1728668】，GSD为【""】
2021-07-21 00:21:13 bad
2021-07-21 00:21:13 CHB 1728668?1626798073 第 1 次 等待 3 秒
2021-07-21 00:21:16 CHB 1728668?1626798073 第 1 次 未获取到 等待 12 秒 下次操作: 2021-07-21 00:21:28
2021-07-21 00:21:29 CHB 1728668?1626798088 第 2 次 等待 3 秒
2021-07-21 00:21:32 CHB 1728668?1626798088 第 2 次 未获取到 等待 18 秒 下次操作: 2021-07-21 00:21:50
2021-07-21 00:21:50 CHB 1728668?1626798110 第 3 次 等待 3 秒
2021-07-21 00:21:53 CHB 1728668?1626798110 第 3 次 跳过号码【1728668】
2021-07-21 00:21:53 未获取到号码【1728668】源码
2021-07-21 00:21:53 获取到号码【1728668】的GSD为【-】
2021-07-21 00:21:56 GSD insert 第 1 次 等待 3 秒
2021-07-21 00:21:59 {"status":"ok","gid":341456,"msg":"添加成功！"}
2021-07-21 00:21:59 下次操作: 2021-07-21 00:22:14

2021-07-21 00:22:14 开始第 29 次操作

2021-07-21 00:22:14 开始操作号码 【1728669】
2021-07-21 00:22:20 GSD getOne 第 1 次 等待 3 秒
2021-07-21 00:22:23 查询号码 【1728669】，返回信息 {"status":"bad","msg":""}
2021-07-21 00:22:23 查询号码 【1728669】，GSD为【""】
2021-07-21 00:22:23 bad
2021-07-21 00:22:24 CHB 1728669?1626798143 第 1 次 等待 3 秒
2021-07-21 00:22:27 CHB 1728669?1626798143 第 1 次 未获取到 等待 14 秒 下次操作: 2021-07-21 00:22:41
2021-07-21 00:22:41 CHB 1728669?1626798161 第 2 次 等待 3 秒
2021-07-21 00:22:44 CHB 1728669?1626798161 第 2 次 未获取到 等待 20 秒 下次操作: 2021-07-21 00:23:04
2021-07-21 00:23:05 CHB 1728669?1626798184 第 3 次 等待 3 秒
2021-07-21 00:23:08 CHB 1728669?1626798184 第 3 次 跳过号码【1728669】
2021-07-21 00:23:08 未获取到号码【1728669】源码
2021-07-21 00:23:08 获取到号码【1728669】的GSD为【-】
2021-07-21 00:23:10 GSD insert 第 1 次 等待 3 秒
2021-07-21 00:23:13 {"status":"ok","gid":341466,"msg":"添加成功！"}
2021-07-21 00:23:13 下次操作: 2021-07-21 00:23:32

2021-07-21 00:23:32 开始第 30 次操作

2021-07-21 00:23:32 开始操作号码 【1728670】
2021-07-21 00:23:35 GSD getOne 第 1 次 等待 3 秒
2021-07-21 00:23:38 查询号码 【1728670】，返回信息 {"status":"bad","msg":""}
2021-07-21 00:23:38 查询号码 【1728670】，GSD为【""】
2021-07-21 00:23:38 bad
2021-07-21 00:23:38 CHB 1728670?1626798218 第 1 次 等待 3 秒
2021-07-21 00:23:41 CHB 1728670?1626798218 第 1 次 未获取到 等待 13 秒 下次操作: 2021-07-21 00:23:54
2021-07-21 00:23:55 CHB 1728670?1626798234 第 2 次 等待 3 秒
2021-07-21 00:23:58 CHB 1728670?1626798234 第 2 次 未获取到 等待 16 秒 下次操作: 2021-07-21 00:24:14
2021-07-21 00:24:14 CHB 1728670?1626798254 第 3 次 等待 3 秒
2021-07-21 00:24:17 CHB 1728670?1626798254 第 3 次 跳过号码【1728670】
2021-07-21 00:24:17 未获取到号码【1728670】源码
2021-07-21 00:24:17 获取到号码【1728670】的GSD为【-】
2021-07-21 00:24:20 GSD insert 第 1 次 等待 3 秒
2021-07-21 00:24:23 {"status":"ok","gid":341472,"msg":"添加成功！"}
2021-07-21 00:24:23 下次操作: 2021-07-21 00:24:38

2021-07-21 00:24:38 开始第 31 次操作

2021-07-21 00:24:38 开始操作号码 【1728671】
2021-07-21 00:24:41 GSD getOne 第 1 次 等待 3 秒
2021-07-21 00:24:44 查询号码 【1728671】，返回信息 {"status":"bad","msg":""}
2021-07-21 00:24:44 查询号码 【1728671】，GSD为【""】
2021-07-21 00:24:44 bad
2021-07-21 00:24:45 CHB 1728671?1626798284 第 1 次 等待 3 秒
2021-07-21 00:24:48 CHB 1728671?1626798284 第 1 次 未获取到 等待 19 秒 下次操作: 2021-07-21 00:25:07
2021-07-21 00:25:07 CHB 1728671?1626798307 第 2 次 等待 3 秒
2021-07-21 00:25:10 CHB 1728671?1626798307 第 2 次 未获取到 等待 17 秒 下次操作: 2021-07-21 00:25:27
2021-07-21 00:25:27 CHB 1728671?1626798327 第 3 次 等待 3 秒
2021-07-21 00:25:30 CHB 1728671?1626798327 第 3 次 跳过号码【1728671】
2021-07-21 00:25:30 未获取到号码【1728671】源码
2021-07-21 00:25:30 获取到号码【1728671】的GSD为【-】
2021-07-21 00:25:33 GSD insert 第 1 次 等待 3 秒
2021-07-21 00:25:36 {"status":"ok","gid":341477,"msg":"添加成功！"}
2021-07-21 00:25:36 下次操作: 2021-07-21 00:25:58

2021-07-21 00:25:58 开始第 32 次操作

2021-07-21 00:25:58 开始操作号码 【1728672】
2021-07-21 00:26:01 GSD getOne 第 1 次 等待 3 秒
2021-07-21 00:26:04 查询号码 【1728672】，返回信息 {"status":"bad","msg":""}
2021-07-21 00:26:04 查询号码 【1728672】，GSD为【""】
2021-07-21 00:26:04 bad
2021-07-21 00:26:05 CHB 1728672?1626798364 第 1 次 等待 3 秒
2021-07-21 00:26:08 CHB 1728672?1626798364 第 1 次 未获取到 等待 22 秒 下次操作: 2021-07-21 00:26:30
2021-07-21 00:26:30 CHB 1728672?1626798390 第 2 次 等待 3 秒
2021-07-21 00:26:33 CHB 1728672?1626798390 第 2 次 未获取到 等待 16 秒 下次操作: 2021-07-21 00:26:49
2021-07-21 00:26:50 CHB 1728672?1626798409 第 3 次 等待 3 秒
2021-07-21 00:26:53 CHB 1728672?1626798409 第 3 次 跳过号码【1728672】
2021-07-21 00:26:53 未获取到号码【1728672】源码
2021-07-21 00:26:53 获取到号码【1728672】的GSD为【-】
2021-07-21 00:26:55 GSD insert 第 1 次 等待 3 秒
2021-07-21 00:26:58 {"status":"ok","gid":341483,"msg":"添加成功！"}
2021-07-21 00:26:58 下次操作: 2021-07-21 00:27:12

2021-07-21 00:27:12 开始第 33 次操作

2021-07-21 00:27:12 开始操作号码 【1728673】
2021-07-21 00:27:15 GSD getOne 第 1 次 等待 3 秒
2021-07-21 00:27:18 查询号码 【1728673】，返回信息 {"status":"bad","msg":""}
2021-07-21 00:27:18 查询号码 【1728673】，GSD为【""】
2021-07-21 00:27:18 bad
2021-07-21 00:27:18 CHB 1728673?1626798438 第 1 次 等待 3 秒
2021-07-21 00:27:21 CHB 1728673?1626798438 第 1 次 未获取到 等待 17 秒 下次操作: 2021-07-21 00:27:38
2021-07-21 00:27:39 CHB 1728673?1626798458 第 2 次 等待 3 秒
2021-07-21 00:27:42 CHB 1728673?1626798458 第 2 次 未获取到 等待 16 秒 下次操作: 2021-07-21 00:27:58
2021-07-21 00:27:59 CHB 1728673?1626798478 第 3 次 等待 3 秒
2021-07-21 00:28:02 CHB 1728673?1626798478 第 3 次 跳过号码【1728673】
2021-07-21 00:28:02 未获取到号码【1728673】源码
2021-07-21 00:28:02 获取到号码【1728673】的GSD为【-】
2021-07-21 00:28:06 GSD insert 第 1 次 等待 3 秒
2021-07-21 00:28:09 {"status":"ok","gid":341489,"msg":"添加成功！"}
2021-07-21 00:28:09 下次操作: 2021-07-21 00:28:29

2021-07-21 00:28:29 开始第 34 次操作

2021-07-21 00:28:29 开始操作号码 【1728674】
2021-07-21 00:28:31 GSD getOne 第 1 次 等待 3 秒
2021-07-21 00:28:34 查询号码 【1728674】，返回信息 {"status":"bad","msg":""}
2021-07-21 00:28:35 查询号码 【1728674】，GSD为【""】
2021-07-21 00:28:35 bad
2021-07-21 00:28:35 CHB 1728674?1626798515 第 1 次 等待 3 秒
2021-07-21 00:28:38 CHB 1728674?1626798515 第 1 次 未获取到 等待 18 秒 下次操作: 2021-07-21 00:28:56
2021-07-21 00:28:56 CHB 1728674?1626798536 第 2 次 等待 3 秒
2021-07-21 00:28:59 CHB 1728674?1626798536 第 2 次 未获取到 等待 16 秒 下次操作: 2021-07-21 00:29:15
2021-07-21 00:29:16 CHB 1728674?1626798555 第 3 次 等待 3 秒
2021-07-21 00:29:19 CHB 1728674?1626798555 第 3 次 跳过号码【1728674】
2021-07-21 00:29:19 未获取到号码【1728674】源码
2021-07-21 00:29:19 获取到号码【1728674】的GSD为【-】
2021-07-21 00:29:22 GSD insert 第 1 次 等待 3 秒
2021-07-21 00:29:25 {"status":"ok","gid":341495,"msg":"添加成功！"}
2021-07-21 00:29:25 下次操作: 2021-07-21 00:29:49

2021-07-21 00:29:49 开始第 35 次操作

2021-07-21 00:29:49 开始操作号码 【1728675】
2021-07-21 00:29:51 GSD getOne 第 1 次 等待 3 秒
2021-07-21 00:29:54 查询号码 【1728675】，返回信息 {"status":"bad","msg":""}
2021-07-21 00:29:54 查询号码 【1728675】，GSD为【""】
2021-07-21 00:29:54 bad
2021-07-21 00:29:55 CHB 1728675?1626798594 第 1 次 等待 3 秒
2021-07-21 00:29:58 CHB 1728675?1626798594 第 1 次 未获取到 等待 17 秒 下次操作: 2021-07-21 00:30:15
2021-07-21 00:30:15 CHB 1728675?1626798615 第 2 次 等待 3 秒
2021-07-21 00:30:18 CHB 1728675?1626798615 第 2 次 未获取到 等待 16 秒 下次操作: 2021-07-21 00:30:34
2021-07-21 00:30:35 CHB 1728675?1626798634 第 3 次 等待 3 秒
2021-07-21 00:30:38 CHB 1728675?1626798634 第 3 次 跳过号码【1728675】
2021-07-21 00:30:38 未获取到号码【1728675】源码
2021-07-21 00:30:38 获取到号码【1728675】的GSD为【-】
2021-07-21 00:30:45 GSD insert 第 1 次 等待 3 秒
2021-07-21 00:30:48 {"status":"ok","gid":341500,"msg":"添加成功！"}
2021-07-21 00:30:48 下次操作: 2021-07-21 00:31:10

2021-07-21 00:31:10 开始第 36 次操作

2021-07-21 00:31:10 开始操作号码 【1728676】
2021-07-21 00:31:12 GSD getOne 第 1 次 等待 3 秒
2021-07-21 00:31:15 查询号码 【1728676】，返回信息 {"status":"bad","msg":""}
2021-07-21 00:31:15 查询号码 【1728676】，GSD为【""】
2021-07-21 00:31:15 bad
2021-07-21 00:31:16 CHB 1728676?1626798675 第 1 次 等待 3 秒
2021-07-21 00:31:19 CHB 1728676?1626798675 第 1 次 未获取到 等待 18 秒 下次操作: 2021-07-21 00:31:37
2021-07-21 00:31:37 CHB 1728676?1626798697 第 2 次 等待 3 秒
2021-07-21 00:31:40 CHB 1728676?1626798697 第 2 次 未获取到 等待 20 秒 下次操作: 2021-07-21 00:32:00
2021-07-21 00:32:01 CHB 1728676?1626798720 第 3 次 等待 3 秒
2021-07-21 00:32:04 CHB 1728676?1626798720 第 3 次 跳过号码【1728676】
2021-07-21 00:32:04 未获取到号码【1728676】源码
2021-07-21 00:32:04 获取到号码【1728676】的GSD为【-】
2021-07-21 00:32:06 GSD insert 第 1 次 等待 3 秒
2021-07-21 00:32:09 {"status":"ok","gid":341504,"msg":"添加成功！"}
2021-07-21 00:32:09 下次操作: 2021-07-21 00:32:24

2021-07-21 00:32:24 开始第 37 次操作

2021-07-21 00:32:24 开始操作号码 【1728677】
2021-07-21 00:32:27 GSD getOne 第 1 次 等待 3 秒
2021-07-21 00:32:30 查询号码 【1728677】，返回信息 {"status":"bad","msg":""}
2021-07-21 00:32:30 查询号码 【1728677】，GSD为【""】
2021-07-21 00:32:30 bad
2021-07-21 00:32:31 CHB 1728677?1626798750 第 1 次 等待 3 秒
2021-07-21 00:32:34 CHB 1728677?1626798750 第 1 次 未获取到 等待 17 秒 下次操作: 2021-07-21 00:32:51
2021-07-21 00:32:51 CHB 1728677?1626798771 第 2 次 等待 3 秒
2021-07-21 00:32:54 CHB 1728677?1626798771 第 2 次 未获取到 等待 15 秒 下次操作: 2021-07-21 00:33:09
2021-07-21 00:33:10 CHB 1728677?1626798789 第 3 次 等待 3 秒
2021-07-21 00:33:13 CHB 1728677?1626798789 第 3 次 跳过号码【1728677】
2021-07-21 00:33:13 未获取到号码【1728677】源码
2021-07-21 00:33:13 获取到号码【1728677】的GSD为【-】
2021-07-21 00:33:20 GSD insert 第 1 次 等待 3 秒
2021-07-21 00:33:23 {"status":"ok","gid":341509,"msg":"添加成功！"}
2021-07-21 00:33:23 下次操作: 2021-07-21 00:33:36

2021-07-21 00:33:36 开始第 38 次操作

2021-07-21 00:33:36 开始操作号码 【1728678】
2021-07-21 00:33:39 GSD getOne 第 1 次 等待 3 秒
2021-07-21 00:33:42 查询号码 【1728678】，返回信息 {"status":"bad","msg":""}
2021-07-21 00:33:42 查询号码 【1728678】，GSD为【""】
2021-07-21 00:33:42 bad
2021-07-21 00:33:43 CHB 1728678?1626798822 第 1 次 等待 3 秒
2021-07-21 00:33:46 CHB 1728678?1626798822 第 1 次 未获取到 等待 15 秒 下次操作: 2021-07-21 00:34:01
2021-07-21 00:34:01 CHB 1728678?1626798841 第 2 次 等待 3 秒
2021-07-21 00:34:04 CHB 1728678?1626798841 第 2 次 未获取到 等待 13 秒 下次操作: 2021-07-21 00:34:17
2021-07-21 00:34:18 CHB 1728678?1626798857 第 3 次 等待 3 秒
2021-07-21 00:34:21 CHB 1728678?1626798857 第 3 次 跳过号码【1728678】
2021-07-21 00:34:21 未获取到号码【1728678】源码
2021-07-21 00:34:21 获取到号码【1728678】的GSD为【-】
2021-07-21 00:34:27 GSD insert 第 1 次 等待 3 秒
2021-07-21 00:34:30 {"status":"ok","gid":341515,"msg":"添加成功！"}
2021-07-21 00:34:30 下次操作: 2021-07-21 00:34:46

2021-07-21 00:34:46 开始第 39 次操作

2021-07-21 00:34:46 开始操作号码 【1728679】
2021-07-21 00:34:52 GSD getOne 第 1 次 等待 3 秒
2021-07-21 00:34:55 查询号码 【1728679】，返回信息 {"status":"bad","msg":""}
2021-07-21 00:34:55 查询号码 【1728679】，GSD为【""】
2021-07-21 00:34:55 bad
2021-07-21 00:34:56 CHB 1728679?1626798895 第 1 次 等待 3 秒
2021-07-21 00:34:59 CHB 1728679?1626798895 第 1 次 未获取到 等待 23 秒 下次操作: 2021-07-21 00:35:22
2021-07-21 00:35:22 CHB 1728679?1626798922 第 2 次 等待 3 秒
2021-07-21 00:35:25 CHB 1728679?1626798922 第 2 次 未获取到 等待 16 秒 下次操作: 2021-07-21 00:35:41
2021-07-21 00:35:42 CHB 1728679?1626798941 第 3 次 等待 3 秒
2021-07-21 00:35:45 CHB 1728679?1626798941 第 3 次 跳过号码【1728679】
2021-07-21 00:35:45 未获取到号码【1728679】源码
2021-07-21 00:35:45 获取到号码【1728679】的GSD为【-】
2021-07-21 00:35:53 GSD insert 第 1 次 等待 3 秒
2021-07-21 00:35:56 {"status":"ok","gid":341520,"msg":"添加成功！"}
2021-07-21 00:35:56 下次操作: 2021-07-21 00:36:13

2021-07-21 00:36:13 开始第 40 次操作

2021-07-21 00:36:13 开始操作号码 【1728680】
2021-07-21 00:36:27 GSD getOne 第 1 次 等待 3 秒
2021-07-21 00:36:30 查询号码 【1728680】，返回信息 {"status":"bad","msg":""}
2021-07-21 00:36:30 查询号码 【1728680】，GSD为【""】
2021-07-21 00:36:30 bad
2021-07-21 00:36:31 CHB 1728680?1626798990 第 1 次 等待 3 秒
2021-07-21 00:36:34 CHB 1728680?1626798990 第 1 次 未获取到 等待 15 秒 下次操作: 2021-07-21 00:36:49
2021-07-21 00:36:49 CHB 1728680?1626799009 第 2 次 等待 3 秒
2021-07-21 00:36:52 CHB 1728680?1626799009 第 2 次 未获取到 等待 19 秒 下次操作: 2021-07-21 00:37:11
2021-07-21 00:37:12 CHB 1728680?1626799031 第 3 次 等待 3 秒
2021-07-21 00:37:15 CHB 1728680?1626799031 第 3 次 跳过号码【1728680】
2021-07-21 00:37:15 未获取到号码【1728680】源码
2021-07-21 00:37:15 获取到号码【1728680】的GSD为【-】
2021-07-21 00:37:18 GSD insert 第 1 次 等待 3 秒
2021-07-21 00:37:21 {"status":"ok","gid":341524,"msg":"添加成功！"}

2021-07-21 01:01:13 开始第 1 次操作

2021-07-21 01:01:13 开始操作号码 【1728681】
2021-07-21 01:01:14 GSD getOne 第 1 次 等待 3 秒
2021-07-21 01:01:17 GSD getOne 第 2 次 等待 3 秒
2021-07-21 01:01:25 GSD getOne 第 3 次 等待 3 秒
2021-07-21 01:01:28 查询号码 【1728681】，返回信息 {"status":"bad","msg":""}
2021-07-21 01:01:28 查询号码 【1728681】，GSD为【""】
2021-07-21 01:01:28 bad
2021-07-21 01:01:29 CHB 1728681?1626800488 第 1 次 等待 3 秒
2021-07-21 01:01:32 CHB 1728681?1626800488 第 1 次 获取到号码【1728681】GSD
2021-07-21 01:01:32 获取到号码【1728681】的GSD为【贵州-六盘水】
2021-07-21 01:01:33 GSD insert 第 1 次 等待 3 秒
2021-07-21 01:01:36 GSD insert 第 2 次 等待 3 秒
2021-07-21 01:01:41 GSD insert 第 3 次 等待 3 秒
2021-07-21 01:01:44 {"status":"ok","gid":341585,"msg":"添加成功！"}
2021-07-21 01:01:45 下次操作: 2021-07-21 01:02:05

2021-07-21 01:02:05 开始第 2 次操作

2021-07-21 01:02:05 开始操作号码 【1728682】
2021-07-21 01:02:05 GSD getOne 第 1 次 等待 3 秒
2021-07-21 01:02:13 GSD getOne 第 2 次 等待 3 秒
2021-07-21 01:02:16 查询号码 【1728682】，返回信息 {"status":"bad","msg":""}
2021-07-21 01:02:16 查询号码 【1728682】，GSD为【""】
2021-07-21 01:02:16 bad
2021-07-21 01:02:18 CHB 1728682?1626800536 第 1 次 等待 3 秒
2021-07-21 01:02:21 CHB 1728682?1626800536 第 1 次 获取到号码【1728682】GSD
2021-07-21 01:02:21 获取到号码【1728682】的GSD为【贵州-六盘水】
2021-07-21 01:02:21 GSD insert 第 1 次 等待 3 秒
2021-07-21 01:02:27 GSD insert 第 2 次 等待 3 秒
2021-07-21 01:02:30 {"status":"ok","gid":341588,"msg":"添加成功！"}
2021-07-21 01:02:30 下次操作: 2021-07-21 01:02:51

2021-07-21 01:02:51 开始第 3 次操作

2021-07-21 01:02:51 开始操作号码 【1728683】
2021-07-21 01:02:51 GSD getOne 第 1 次 等待 3 秒
2021-07-21 01:02:57 GSD getOne 第 2 次 等待 3 秒
2021-07-21 01:03:00 查询号码 【1728683】，返回信息 {"status":"bad","msg":""}
2021-07-21 01:03:00 查询号码 【1728683】，GSD为【""】
2021-07-21 01:03:00 bad
2021-07-21 01:03:05 CHB 1728683?1626800580 第 1 次 等待 3 秒
2021-07-21 01:03:08 CHB 1728683?1626800580 第 1 次 获取到号码【1728683】GSD
2021-07-21 01:03:08 获取到号码【1728683】的GSD为【贵州-六盘水】
2021-07-21 01:03:08 GSD insert 第 1 次 等待 3 秒
2021-07-21 01:03:14 GSD insert 第 2 次 等待 3 秒
2021-07-21 01:03:17 {"status":"ok","gid":341593,"msg":"添加成功！"}
2021-07-21 01:03:17 下次操作: 2021-07-21 01:03:32

2021-07-21 01:03:32 开始第 4 次操作

2021-07-21 01:03:32 开始操作号码 【1728684】
2021-07-21 01:03:32 GSD getOne 第 1 次 等待 3 秒
2021-07-21 01:03:38 GSD getOne 第 2 次 等待 3 秒
2021-07-21 01:03:41 查询号码 【1728684】，返回信息 {"status":"bad","msg":""}
2021-07-21 01:03:41 查询号码 【1728684】，GSD为【""】
2021-07-21 01:03:41 bad
2021-07-21 01:03:43 CHB 1728684?1626800621 第 1 次 等待 3 秒
2021-07-21 01:03:46 CHB 1728684?1626800621 第 1 次 获取到号码【1728684】GSD
2021-07-21 01:03:46 获取到号码【1728684】的GSD为【贵州-六盘水】
2021-07-21 01:03:55 GSD insert 第 1 次 等待 3 秒
2021-07-21 01:03:58 {"status":"ok","gid":341600,"msg":"添加成功！"}
2021-07-21 01:03:58 下次操作: 2021-07-21 01:04:16

2021-07-21 01:04:16 开始第 5 次操作

2021-07-21 01:04:16 开始操作号码 【1728685】
2021-07-21 01:04:17 GSD getOne 第 1 次 等待 3 秒
2021-07-21 01:04:22 GSD getOne 第 2 次 等待 3 秒
2021-07-21 01:04:25 查询号码 【1728685】，返回信息 {"status":"bad","msg":""}
2021-07-21 01:04:25 查询号码 【1728685】，GSD为【""】
2021-07-21 01:04:25 bad
2021-07-21 01:04:27 CHB 1728685?1626800665 第 1 次 等待 3 秒
2021-07-21 01:04:30 CHB 1728685?1626800665 第 1 次 获取到号码【1728685】GSD
2021-07-21 01:04:30 获取到号码【1728685】的GSD为【贵州-黔东南】
2021-07-21 01:04:32 GSD insert 第 1 次 等待 3 秒
2021-07-21 01:04:35 {"status":"ok","gid":341606,"msg":"添加成功！"}
2021-07-21 01:04:35 下次操作: 2021-07-21 01:04:53

2021-07-21 01:04:53 开始第 6 次操作

2021-07-21 01:04:53 开始操作号码 【1728686】
2021-07-21 01:04:54 GSD getOne 第 1 次 等待 3 秒
2021-07-21 01:05:04 GSD getOne 第 2 次 等待 3 秒
2021-07-21 01:05:07 查询号码 【1728686】，返回信息 {"status":"bad","msg":""}
2021-07-21 01:05:07 查询号码 【1728686】，GSD为【""】
2021-07-21 01:05:07 bad
2021-07-21 01:05:09 CHB 1728686?1626800707 第 1 次 等待 3 秒
2021-07-21 01:05:12 CHB 1728686?1626800707 第 1 次 获取到号码【1728686】GSD
2021-07-21 01:05:12 获取到号码【1728686】的GSD为【贵州-黔东南】
2021-07-21 01:05:12 GSD insert 第 1 次 等待 3 秒
2021-07-21 01:05:18 GSD insert 第 2 次 等待 3 秒
2021-07-21 01:05:21 {"status":"ok","gid":341615,"msg":"添加成功！"}
2021-07-21 01:05:21 下次操作: 2021-07-21 01:05:37

2021-07-21 01:05:37 开始第 7 次操作

2021-07-21 01:05:37 开始操作号码 【1728687】
2021-07-21 01:05:37 GSD getOne 第 1 次 等待 3 秒
2021-07-21 01:05:43 GSD getOne 第 2 次 等待 3 秒
2021-07-21 01:05:46 查询号码 【1728687】，返回信息 {"status":"bad","msg":""}
2021-07-21 01:05:46 查询号码 【1728687】，GSD为【""】
2021-07-21 01:05:46 bad
2021-07-21 01:05:47 CHB 1728687?1626800746 第 1 次 等待 3 秒
2021-07-21 01:05:50 CHB 1728687?1626800746 第 1 次 获取到号码【1728687】GSD
2021-07-21 01:05:50 获取到号码【1728687】的GSD为【贵州-黔东南】
2021-07-21 01:05:53 GSD insert 第 1 次 等待 3 秒
2021-07-21 01:05:56 {"status":"ok","gid":341621,"msg":"添加成功！"}
2021-07-21 01:05:56 下次操作: 2021-07-21 01:06:15

2021-07-21 01:06:15 开始第 8 次操作

2021-07-21 01:06:15 开始操作号码 【1728688】
2021-07-21 01:06:15 GSD getOne 第 1 次 等待 3 秒
2021-07-21 01:06:21 GSD getOne 第 2 次 等待 3 秒
2021-07-21 01:06:24 查询号码 【1728688】，返回信息 {"status":"bad","msg":""}
2021-07-21 01:06:24 查询号码 【1728688】，GSD为【""】
2021-07-21 01:06:24 bad
2021-07-21 01:06:25 CHB 1728688?1626800784 第 1 次 等待 3 秒
2021-07-21 01:06:28 CHB 1728688?1626800784 第 1 次 获取到号码【1728688】GSD
2021-07-21 01:06:28 获取到号码【1728688】的GSD为【贵州-黔东南】
2021-07-21 01:06:32 GSD insert 第 1 次 等待 3 秒
2021-07-21 01:06:35 {"status":"ok","gid":341628,"msg":"添加成功！"}
2021-07-21 01:06:35 下次操作: 2021-07-21 01:06:59

2021-07-21 01:06:59 开始第 9 次操作

2021-07-21 01:06:59 开始操作号码 【1728689】
2021-07-21 01:06:59 GSD getOne 第 1 次 等待 3 秒
2021-07-21 01:07:05 GSD getOne 第 2 次 等待 3 秒
2021-07-21 01:07:08 查询号码 【1728689】，返回信息 {"status":"bad","msg":""}
2021-07-21 01:07:09 查询号码 【1728689】，GSD为【""】
2021-07-21 01:07:09 bad
2021-07-21 01:07:10 CHB 1728689?1626800829 第 1 次 等待 3 秒
2021-07-21 01:07:13 CHB 1728689?1626800829 第 1 次 获取到号码【1728689】GSD
2021-07-21 01:07:13 获取到号码【1728689】的GSD为【贵州-黔东南】
2021-07-21 01:07:18 GSD insert 第 1 次 等待 3 秒
2021-07-21 01:07:21 {"status":"ok","gid":341634,"msg":"添加成功！"}
2021-07-21 01:07:21 下次操作: 2021-07-21 01:07:35

2021-07-21 01:07:35 开始第 10 次操作

2021-07-21 01:07:35 开始操作号码 【1728690】
2021-07-21 01:07:35 GSD getOne 第 1 次 等待 3 秒
2021-07-21 01:07:41 GSD getOne 第 2 次 等待 3 秒
2021-07-21 01:07:44 查询号码 【1728690】，返回信息 {"status":"bad","msg":""}
2021-07-21 01:07:44 查询号码 【1728690】，GSD为【""】
2021-07-21 01:07:44 bad
2021-07-21 01:07:45 CHB 1728690?1626800864 第 1 次 等待 3 秒
2021-07-21 01:07:48 CHB 1728690?1626800864 第 1 次 获取到号码【1728690】GSD
2021-07-21 01:07:48 获取到号码【1728690】的GSD为【贵州-黔东南】
2021-07-21 01:07:51 GSD insert 第 1 次 等待 3 秒
2021-07-21 01:07:54 {"status":"ok","gid":341640,"msg":"添加成功！"}
2021-07-21 01:07:54 下次操作: 2021-07-21 01:08:10

2021-07-21 01:08:10 开始第 11 次操作

2021-07-21 01:08:10 开始操作号码 【1728691】
2021-07-21 01:08:11 GSD getOne 第 1 次 等待 3 秒
2021-07-21 01:08:16 GSD getOne 第 2 次 等待 3 秒
2021-07-21 01:08:19 查询号码 【1728691】，返回信息 {"status":"bad","msg":""}
2021-07-21 01:08:19 查询号码 【1728691】，GSD为【""】
2021-07-21 01:08:19 bad
2021-07-21 01:08:21 CHB 1728691?1626800899 第 1 次 等待 3 秒
2021-07-21 01:08:24 CHB 1728691?1626800899 第 1 次 获取到号码【1728691】GSD
2021-07-21 01:08:24 获取到号码【1728691】的GSD为【贵州-黔东南】
2021-07-21 01:08:26 GSD insert 第 1 次 等待 3 秒
2021-07-21 01:08:29 {"status":"ok","gid":341648,"msg":"添加成功！"}
2021-07-21 01:08:29 下次操作: 2021-07-21 01:08:49

2021-07-21 01:08:49 开始第 12 次操作

2021-07-21 01:08:50 开始操作号码 【1728692】
2021-07-21 01:08:50 GSD getOne 第 1 次 等待 3 秒
2021-07-21 01:08:56 GSD getOne 第 2 次 等待 3 秒
2021-07-21 01:08:59 查询号码 【1728692】，返回信息 {"status":"bad","msg":""}
2021-07-21 01:08:59 查询号码 【1728692】，GSD为【""】
2021-07-21 01:08:59 bad
2021-07-21 01:09:01 CHB 1728692?1626800939 第 1 次 等待 3 秒
2021-07-21 01:09:04 CHB 1728692?1626800939 第 1 次 获取到号码【1728692】GSD
2021-07-21 01:09:04 获取到号码【1728692】的GSD为【贵州-黔东南】
2021-07-21 01:09:06 GSD insert 第 1 次 等待 3 秒
2021-07-21 01:09:09 {"status":"ok","gid":341654,"msg":"添加成功！"}
2021-07-21 01:09:09 下次操作: 2021-07-21 01:09:27

2021-07-21 01:09:27 开始第 13 次操作

2021-07-21 01:09:27 开始操作号码 【1728693】
2021-07-21 01:09:28 GSD getOne 第 1 次 等待 3 秒
2021-07-21 01:09:33 GSD getOne 第 2 次 等待 3 秒
2021-07-21 01:09:36 查询号码 【1728693】，返回信息 {"status":"bad","msg":""}
2021-07-21 01:09:36 查询号码 【1728693】，GSD为【""】
2021-07-21 01:09:36 bad
2021-07-21 01:09:38 CHB 1728693?1626800976 第 1 次 等待 3 秒
2021-07-21 01:09:41 CHB 1728693?1626800976 第 1 次 获取到号码【1728693】GSD
2021-07-21 01:09:41 获取到号码【1728693】的GSD为【贵州-黔东南】
2021-07-21 01:09:43 GSD insert 第 1 次 等待 3 秒
2021-07-21 01:09:46 {"status":"ok","gid":341660,"msg":"添加成功！"}
2021-07-21 01:09:46 下次操作: 2021-07-21 01:10:00

2021-07-21 01:10:00 开始第 14 次操作

2021-07-21 01:10:00 开始操作号码 【1728694】
2021-07-21 01:10:01 GSD getOne 第 1 次 等待 3 秒
2021-07-21 01:10:09 GSD getOne 第 2 次 等待 3 秒
2021-07-21 01:10:12 查询号码 【1728694】，返回信息 {"status":"bad","msg":""}
2021-07-21 01:10:12 查询号码 【1728694】，GSD为【""】
2021-07-21 01:10:12 bad
2021-07-21 01:10:14 CHB 1728694?1626801012 第 1 次 等待 3 秒
2021-07-21 01:10:17 CHB 1728694?1626801012 第 1 次 获取到号码【1728694】GSD
2021-07-21 01:10:17 获取到号码【1728694】的GSD为【贵州-黔东南】
2021-07-21 01:10:17 GSD insert 第 1 次 等待 3 秒
2021-07-21 01:10:23 GSD insert 第 2 次 等待 3 秒
2021-07-21 01:10:26 {"status":"ok","gid":341668,"msg":"添加成功！"}
2021-07-21 01:10:26 下次操作: 2021-07-21 01:10:50

2021-07-21 01:10:50 开始第 15 次操作

2021-07-21 01:10:50 开始操作号码 【1728695】
2021-07-21 01:10:50 GSD getOne 第 1 次 等待 3 秒
2021-07-21 01:10:56 GSD getOne 第 2 次 等待 3 秒
2021-07-21 01:10:59 查询号码 【1728695】，返回信息 {"status":"bad","msg":""}
2021-07-21 01:10:59 查询号码 【1728695】，GSD为【""】
2021-07-21 01:10:59 bad
2021-07-21 01:11:00 CHB 1728695?1626801059 第 1 次 等待 3 秒
2021-07-21 01:11:03 CHB 1728695?1626801059 第 1 次 获取到号码【1728695】GSD
2021-07-21 01:11:03 获取到号码【1728695】的GSD为【贵州-黔东南】
2021-07-21 01:11:06 GSD insert 第 1 次 等待 3 秒
2021-07-21 01:11:09 {"status":"ok","gid":341675,"msg":"添加成功！"}
2021-07-21 01:11:09 下次操作: 2021-07-21 01:11:29

2021-07-21 01:11:29 开始第 16 次操作

2021-07-21 01:11:29 开始操作号码 【1728696】
2021-07-21 01:11:29 GSD getOne 第 1 次 等待 3 秒
2021-07-21 01:11:35 GSD getOne 第 2 次 等待 3 秒
2021-07-21 01:11:38 查询号码 【1728696】，返回信息 {"status":"bad","msg":""}
2021-07-21 01:11:38 查询号码 【1728696】，GSD为【""】
2021-07-21 01:11:38 bad
2021-07-21 01:11:39 CHB 1728696?1626801098 第 1 次 等待 3 秒
2021-07-21 01:11:42 CHB 1728696?1626801098 第 1 次 获取到号码【1728696】GSD
2021-07-21 01:11:42 获取到号码【1728696】的GSD为【贵州-黔东南】
2021-07-21 01:11:45 GSD insert 第 1 次 等待 3 秒
2021-07-21 01:11:48 {"status":"ok","gid":341681,"msg":"添加成功！"}
2021-07-21 01:11:48 下次操作: 2021-07-21 01:12:00

2021-07-21 01:12:00 开始第 17 次操作

2021-07-21 01:12:00 开始操作号码 【1728697】
2021-07-21 01:12:00 GSD getOne 第 1 次 等待 3 秒
2021-07-21 01:12:06 GSD getOne 第 2 次 等待 3 秒
2021-07-21 01:12:09 查询号码 【1728697】，返回信息 {"status":"bad","msg":""}
2021-07-21 01:12:09 查询号码 【1728697】，GSD为【""】
2021-07-21 01:12:09 bad
2021-07-21 01:12:10 CHB 1728697?1626801129 第 1 次 等待 3 秒
2021-07-21 01:12:13 CHB 1728697?1626801129 第 1 次 获取到号码【1728697】GSD
2021-07-21 01:12:13 获取到号码【1728697】的GSD为【贵州-黔东南】
2021-07-21 01:12:16 GSD insert 第 1 次 等待 3 秒
2021-07-21 01:12:19 {"status":"ok","gid":341686,"msg":"添加成功！"}
2021-07-21 01:12:19 下次操作: 2021-07-21 01:12:36

2021-07-21 01:12:36 开始第 18 次操作

2021-07-21 01:12:36 开始操作号码 【1728698】
2021-07-21 01:12:36 GSD getOne 第 1 次 等待 3 秒
2021-07-21 01:12:43 GSD getOne 第 2 次 等待 3 秒
2021-07-21 01:12:46 查询号码 【1728698】，返回信息 {"status":"bad","msg":""}
2021-07-21 01:12:46 查询号码 【1728698】，GSD为【""】
2021-07-21 01:12:46 bad
2021-07-21 01:12:47 CHB 1728698?1626801166 第 1 次 等待 3 秒
2021-07-21 01:12:50 CHB 1728698?1626801166 第 1 次 获取到号码【1728698】GSD
2021-07-21 01:12:50 获取到号码【1728698】的GSD为【贵州-黔东南】
2021-07-21 01:12:53 GSD insert 第 1 次 等待 3 秒
2021-07-21 01:12:56 {"status":"ok","gid":341698,"msg":"添加成功！"}
2021-07-21 01:12:56 下次操作: 2021-07-21 01:13:08

2021-07-21 01:13:08 开始第 19 次操作

2021-07-21 01:13:08 开始操作号码 【1728699】
2021-07-21 01:13:08 GSD getOne 第 1 次 等待 3 秒
2021-07-21 01:13:14 GSD getOne 第 2 次 等待 3 秒
2021-07-21 01:13:17 查询号码 【1728699】，返回信息 {"status":"bad","msg":""}
2021-07-21 01:13:17 查询号码 【1728699】，GSD为【""】
2021-07-21 01:13:17 bad
2021-07-21 01:13:18 CHB 1728699?1626801197 第 1 次 等待 3 秒
2021-07-21 01:13:21 CHB 1728699?1626801197 第 1 次 获取到号码【1728699】GSD
2021-07-21 01:13:21 获取到号码【1728699】的GSD为【贵州-黔东南】
2021-07-21 01:13:25 GSD insert 第 1 次 等待 3 秒
2021-07-21 01:13:28 {"status":"ok","gid":341704,"msg":"添加成功！"}
2021-07-21 01:13:28 下次操作: 2021-07-21 01:13:51

2021-07-21 01:13:51 开始第 20 次操作

2021-07-21 01:13:51 开始操作号码 【1728700】
2021-07-21 01:13:51 GSD getOne 第 1 次 等待 3 秒
2021-07-21 01:13:57 GSD getOne 第 2 次 等待 3 秒
2021-07-21 01:14:00 查询号码 【1728700】，返回信息 {"status":"bad","msg":""}
2021-07-21 01:14:00 查询号码 【1728700】，GSD为【""】
2021-07-21 01:14:00 bad
2021-07-21 01:14:05 CHB 1728700?1626801240 第 1 次 等待 3 秒
2021-07-21 01:14:08 CHB 1728700?1626801240 第 1 次 获取到号码【1728700】GSD
2021-07-21 01:14:09 获取到号码【1728700】的GSD为【云南-昭通】
2021-07-21 01:14:09 GSD insert 第 1 次 等待 3 秒
2021-07-21 01:14:15 GSD insert 第 2 次 等待 3 秒
2021-07-21 01:14:18 {"status":"ok","gid":341712,"msg":"添加成功！"}
2021-07-21 01:14:18 下次操作: 2021-07-21 01:14:42

2021-07-21 01:14:42 开始第 21 次操作

2021-07-21 01:14:42 开始操作号码 【1728701】
2021-07-21 01:14:42 GSD getOne 第 1 次 等待 3 秒
2021-07-21 01:14:48 GSD getOne 第 2 次 等待 3 秒
2021-07-21 01:14:51 查询号码 【1728701】，返回信息 {"status":"bad","msg":""}
2021-07-21 01:14:51 查询号码 【1728701】，GSD为【""】
2021-07-21 01:14:51 bad
2021-07-21 01:14:53 CHB 1728701?1626801291 第 1 次 等待 3 秒
2021-07-21 01:14:56 CHB 1728701?1626801291 第 1 次 获取到号码【1728701】GSD
2021-07-21 01:14:56 获取到号码【1728701】的GSD为【云南-昭通】
2021-07-21 01:14:59 GSD insert 第 1 次 等待 3 秒
2021-07-21 01:15:02 {"status":"ok","gid":341720,"msg":"添加成功！"}
2021-07-21 01:15:02 下次操作: 2021-07-21 01:15:17

2021-07-21 01:15:17 开始第 22 次操作

2021-07-21 01:15:17 开始操作号码 【1728702】
2021-07-21 01:15:18 GSD getOne 第 1 次 等待 3 秒
2021-07-21 01:15:24 GSD getOne 第 2 次 等待 3 秒
2021-07-21 01:15:27 查询号码 【1728702】，返回信息 {"status":"bad","msg":""}
2021-07-21 01:15:27 查询号码 【1728702】，GSD为【""】
2021-07-21 01:15:27 bad
2021-07-21 01:15:29 CHB 1728702?1626801327 第 1 次 等待 3 秒
2021-07-21 01:15:32 CHB 1728702?1626801327 第 1 次 获取到号码【1728702】GSD
2021-07-21 01:15:32 获取到号码【1728702】的GSD为【云南-昭通】
2021-07-21 01:15:34 GSD insert 第 1 次 等待 3 秒
2021-07-21 01:15:37 {"status":"ok","gid":341726,"msg":"添加成功！"}
2021-07-21 01:15:37 下次操作: 2021-07-21 01:15:50

2021-07-21 01:15:50 开始第 23 次操作

2021-07-21 01:15:50 开始操作号码 【1728703】
2021-07-21 01:15:51 GSD getOne 第 1 次 等待 3 秒
2021-07-21 01:15:59 GSD getOne 第 2 次 等待 3 秒
2021-07-21 01:16:02 查询号码 【1728703】，返回信息 {"status":"bad","msg":""}
2021-07-21 01:16:02 查询号码 【1728703】，GSD为【""】
2021-07-21 01:16:02 bad
2021-07-21 01:16:03 CHB 1728703?1626801362 第 1 次 等待 3 秒
2021-07-21 01:16:06 CHB 1728703?1626801362 第 1 次 获取到号码【1728703】GSD
2021-07-21 01:16:07 获取到号码【1728703】的GSD为【云南-曲靖】
2021-07-21 01:16:07 GSD insert 第 1 次 等待 3 秒
2021-07-21 01:16:13 GSD insert 第 2 次 等待 3 秒
2021-07-21 01:16:16 {"status":"ok","gid":341733,"msg":"添加成功！"}
2021-07-21 01:16:16 下次操作: 2021-07-21 01:16:39

2021-07-21 01:16:39 开始第 24 次操作

2021-07-21 01:16:39 开始操作号码 【1728704】
2021-07-21 01:16:39 GSD getOne 第 1 次 等待 3 秒
2021-07-21 01:16:45 GSD getOne 第 2 次 等待 3 秒
2021-07-21 01:16:48 查询号码 【1728704】，返回信息 {"status":"bad","msg":""}
2021-07-21 01:16:48 查询号码 【1728704】，GSD为【""】
2021-07-21 01:16:48 bad
2021-07-21 01:16:50 CHB 1728704?1626801408 第 1 次 等待 3 秒
2021-07-21 01:16:53 CHB 1728704?1626801408 第 1 次 获取到号码【1728704】GSD
2021-07-21 01:16:53 获取到号码【1728704】的GSD为【云南-曲靖】
2021-07-21 01:16:55 GSD insert 第 1 次 等待 3 秒
2021-07-21 01:16:58 {"status":"ok","gid":341740,"msg":"添加成功！"}
2021-07-21 01:16:58 下次操作: 2021-07-21 01:17:12

2021-07-21 01:17:12 开始第 25 次操作

2021-07-21 01:17:12 开始操作号码 【1728705】
2021-07-21 01:17:12 GSD getOne 第 1 次 等待 3 秒
2021-07-21 01:17:18 GSD getOne 第 2 次 等待 3 秒
2021-07-21 01:17:21 查询号码 【1728705】，返回信息 {"status":"bad","msg":""}
2021-07-21 01:17:21 查询号码 【1728705】，GSD为【""】
2021-07-21 01:17:21 bad
2021-07-21 01:17:23 CHB 1728705?1626801441 第 1 次 等待 3 秒
2021-07-21 01:17:26 CHB 1728705?1626801441 第 1 次 获取到号码【1728705】GSD
2021-07-21 01:17:26 获取到号码【1728705】的GSD为【云南-保山】
2021-07-21 01:17:28 GSD insert 第 1 次 等待 3 秒
2021-07-21 01:17:31 {"status":"ok","gid":341746,"msg":"添加成功！"}
2021-07-21 01:17:31 下次操作: 2021-07-21 01:17:48

2021-07-21 01:17:48 开始第 26 次操作

2021-07-21 01:17:48 开始操作号码 【1728706】
2021-07-21 01:17:49 GSD getOne 第 1 次 等待 3 秒
2021-07-21 01:17:54 GSD getOne 第 2 次 等待 3 秒
2021-07-21 01:17:57 查询号码 【1728706】，返回信息 {"status":"bad","msg":""}
2021-07-21 01:17:57 查询号码 【1728706】，GSD为【""】
2021-07-21 01:17:57 bad
2021-07-21 01:17:59 CHB 1728706?1626801477 第 1 次 等待 3 秒
2021-07-21 01:18:02 CHB 1728706?1626801477 第 1 次 获取到号码【1728706】GSD
2021-07-21 01:18:02 获取到号码【1728706】的GSD为【云南-保山】
2021-07-21 01:18:04 GSD insert 第 1 次 等待 3 秒
2021-07-21 01:18:07 {"status":"ok","gid":341751,"msg":"添加成功！"}
2021-07-21 01:18:07 下次操作: 2021-07-21 01:18:24

2021-07-21 01:18:24 开始第 27 次操作

2021-07-21 01:18:25 开始操作号码 【1728707】
2021-07-21 01:18:25 GSD getOne 第 1 次 等待 3 秒
2021-07-21 01:18:30 GSD getOne 第 2 次 等待 3 秒
2021-07-21 01:18:33 查询号码 【1728707】，返回信息 {"status":"bad","msg":""}
2021-07-21 01:18:34 查询号码 【1728707】，GSD为【""】
2021-07-21 01:18:34 bad
2021-07-21 01:18:35 CHB 1728707?1626801514 第 1 次 等待 3 秒
2021-07-21 01:18:38 CHB 1728707?1626801514 第 1 次 获取到号码【1728707】GSD
2021-07-21 01:18:38 获取到号码【1728707】的GSD为【云南-玉溪】
2021-07-21 01:18:41 GSD insert 第 1 次 等待 3 秒
2021-07-21 01:18:44 {"status":"ok","gid":341759,"msg":"添加成功！"}
2021-07-21 01:18:44 下次操作: 2021-07-21 01:19:06

2021-07-21 01:19:06 开始第 28 次操作

2021-07-21 01:19:06 开始操作号码 【1728708】
2021-07-21 01:19:06 GSD getOne 第 1 次 等待 3 秒
2021-07-21 01:19:12 GSD getOne 第 2 次 等待 3 秒
2021-07-21 01:19:15 查询号码 【1728708】，返回信息 {"status":"bad","msg":""}
2021-07-21 01:19:15 查询号码 【1728708】，GSD为【""】
2021-07-21 01:19:15 bad
2021-07-21 01:19:16 CHB 1728708?1626801555 第 1 次 等待 3 秒
2021-07-21 01:19:19 CHB 1728708?1626801555 第 1 次 获取到号码【1728708】GSD
2021-07-21 01:19:19 获取到号码【1728708】的GSD为【云南-玉溪】
2021-07-21 01:19:22 GSD insert 第 1 次 等待 3 秒
2021-07-21 01:19:25 {"status":"ok","gid":341765,"msg":"添加成功！"}
2021-07-21 01:19:25 下次操作: 2021-07-21 01:19:44

2021-07-21 01:19:44 开始第 29 次操作

2021-07-21 01:19:44 开始操作号码 【1728709】
2021-07-21 01:19:44 GSD getOne 第 1 次 等待 3 秒
2021-07-21 01:19:50 GSD getOne 第 2 次 等待 3 秒
2021-07-21 01:19:53 查询号码 【1728709】，返回信息 {"status":"bad","msg":""}
2021-07-21 01:19:53 查询号码 【1728709】，GSD为【""】
2021-07-21 01:19:53 bad
2021-07-21 01:19:54 CHB 1728709?1626801593 第 1 次 等待 3 秒
2021-07-21 01:19:57 CHB 1728709?1626801593 第 1 次 获取到号码【1728709】GSD
2021-07-21 01:19:57 获取到号码【1728709】的GSD为【云南-普洱】
2021-07-21 01:20:02 GSD insert 第 1 次 等待 3 秒
2021-07-21 01:20:05 {"status":"ok","gid":341774,"msg":"添加成功！"}
2021-07-21 01:20:05 下次操作: 2021-07-21 01:20:28

2021-07-21 01:20:28 开始第 30 次操作

2021-07-21 01:20:28 开始操作号码 【1728710】
2021-07-21 01:20:28 GSD getOne 第 1 次 等待 3 秒
2021-07-21 01:20:34 GSD getOne 第 2 次 等待 3 秒
2021-07-21 01:20:37 查询号码 【1728710】，返回信息 {"status":"bad","msg":""}
2021-07-21 01:20:37 查询号码 【1728710】，GSD为【""】
2021-07-21 01:20:37 bad
2021-07-21 01:20:39 CHB 1728710?1626801637 第 1 次 等待 3 秒
2021-07-21 01:20:42 CHB 1728710?1626801637 第 1 次 获取到号码【1728710】GSD
2021-07-21 01:20:42 获取到号码【1728710】的GSD为【云南-昆明】
2021-07-21 01:20:44 GSD insert 第 1 次 等待 3 秒
2021-07-21 01:20:47 {"status":"ok","gid":341779,"msg":"添加成功！"}
2021-07-21 01:20:47 下次操作: 2021-07-21 01:21:09

2021-07-21 01:21:09 开始第 31 次操作

2021-07-21 01:21:09 开始操作号码 【1728711】
2021-07-21 01:21:10 GSD getOne 第 1 次 等待 3 秒
2021-07-21 01:21:15 GSD getOne 第 2 次 等待 3 秒
2021-07-21 01:21:18 查询号码 【1728711】，返回信息 {"status":"bad","msg":""}
2021-07-21 01:21:18 查询号码 【1728711】，GSD为【""】
2021-07-21 01:21:18 bad
2021-07-21 01:21:20 CHB 1728711?1626801678 第 1 次 等待 3 秒
2021-07-21 01:21:23 CHB 1728711?1626801678 第 1 次 获取到号码【1728711】GSD
2021-07-21 01:21:23 获取到号码【1728711】的GSD为【云南-昆明】
2021-07-21 01:21:26 GSD insert 第 1 次 等待 3 秒
2021-07-21 01:21:29 {"status":"ok","gid":341787,"msg":"添加成功！"}
2021-07-21 01:21:29 下次操作: 2021-07-21 01:21:44

2021-07-21 01:21:44 开始第 32 次操作

2021-07-21 01:21:44 开始操作号码 【1728712】
2021-07-21 01:21:45 GSD getOne 第 1 次 等待 3 秒
2021-07-21 01:21:51 GSD getOne 第 2 次 等待 3 秒
2021-07-21 01:21:54 查询号码 【1728712】，返回信息 {"status":"bad","msg":""}
2021-07-21 01:21:54 查询号码 【1728712】，GSD为【""】
2021-07-21 01:21:54 bad
2021-07-21 01:21:55 CHB 1728712?1626801714 第 1 次 等待 3 秒
2021-07-21 01:21:58 CHB 1728712?1626801714 第 1 次 获取到号码【1728712】GSD
2021-07-21 01:21:58 获取到号码【1728712】的GSD为【云南-昆明】
2021-07-21 01:22:01 GSD insert 第 1 次 等待 3 秒
2021-07-21 01:22:04 {"status":"ok","gid":341791,"msg":"添加成功！"}
2021-07-21 01:22:04 下次操作: 2021-07-21 01:22:18

2021-07-21 01:22:18 开始第 33 次操作

2021-07-21 01:22:18 开始操作号码 【1728713】
2021-07-21 01:22:19 GSD getOne 第 1 次 等待 3 秒
2021-07-21 01:22:24 GSD getOne 第 2 次 等待 3 秒
2021-07-21 01:22:27 查询号码 【1728713】，返回信息 {"status":"bad","msg":""}
2021-07-21 01:22:27 查询号码 【1728713】，GSD为【""】
2021-07-21 01:22:27 bad
2021-07-21 01:22:29 CHB 1728713?1626801747 第 1 次 等待 3 秒
2021-07-21 01:22:32 CHB 1728713?1626801747 第 1 次 获取到号码【1728713】GSD
2021-07-21 01:22:32 获取到号码【1728713】的GSD为【云南-昆明】
2021-07-21 01:22:34 GSD insert 第 1 次 等待 3 秒
2021-07-21 01:22:37 {"status":"ok","gid":341799,"msg":"添加成功！"}
2021-07-21 01:22:37 下次操作: 2021-07-21 01:22:58

2021-07-21 01:22:58 开始第 34 次操作

2021-07-21 01:22:58 开始操作号码 【1728714】
2021-07-21 01:22:59 GSD getOne 第 1 次 等待 3 秒
2021-07-21 01:23:04 GSD getOne 第 2 次 等待 3 秒
2021-07-21 01:23:07 查询号码 【1728714】，返回信息 {"status":"bad","msg":""}
2021-07-21 01:23:07 查询号码 【1728714】，GSD为【""】
2021-07-21 01:23:07 bad
2021-07-21 01:23:09 CHB 1728714?1626801787 第 1 次 等待 3 秒
2021-07-21 01:23:12 CHB 1728714?1626801787 第 1 次 获取到号码【1728714】GSD
2021-07-21 01:23:12 获取到号码【1728714】的GSD为【云南-昆明】
2021-07-21 01:23:15 GSD insert 第 1 次 等待 3 秒
2021-07-21 01:23:18 {"status":"ok","gid":341807,"msg":"添加成功！"}
2021-07-21 01:23:18 下次操作: 2021-07-21 01:23:39

2021-07-21 01:23:39 开始第 35 次操作

2021-07-21 01:23:39 开始操作号码 【1728715】
2021-07-21 01:23:39 GSD getOne 第 1 次 等待 3 秒
2021-07-21 01:23:45 GSD getOne 第 2 次 等待 3 秒
2021-07-21 01:23:48 查询号码 【1728715】，返回信息 {"status":"bad","msg":""}
2021-07-21 01:23:48 查询号码 【1728715】，GSD为【""】
2021-07-21 01:23:48 bad
2021-07-21 01:23:49 CHB 1728715?1626801828 第 1 次 等待 3 秒
2021-07-21 01:23:52 CHB 1728715?1626801828 第 1 次 获取到号码【1728715】GSD
2021-07-21 01:23:52 获取到号码【1728715】的GSD为【云南-文山】
2021-07-21 01:23:55 GSD insert 第 1 次 等待 3 秒
2021-07-21 01:23:58 {"status":"ok","gid":341815,"msg":"添加成功！"}
2021-07-21 01:23:58 下次操作: 2021-07-21 01:24:19

2021-07-21 01:24:19 开始第 36 次操作

2021-07-21 01:24:19 开始操作号码 【1728716】
2021-07-21 01:24:19 GSD getOne 第 1 次 等待 3 秒
2021-07-21 01:24:25 GSD getOne 第 2 次 等待 3 秒
2021-07-21 01:24:28 查询号码 【1728716】，返回信息 {"status":"bad","msg":""}
2021-07-21 01:24:28 查询号码 【1728716】，GSD为【""】
2021-07-21 01:24:28 bad
2021-07-21 01:24:29 CHB 1728716?1626801868 第 1 次 等待 3 秒
2021-07-21 01:24:32 CHB 1728716?1626801868 第 1 次 获取到号码【1728716】GSD
2021-07-21 01:24:32 获取到号码【1728716】的GSD为【云南-文山】
2021-07-21 01:24:35 GSD insert 第 1 次 等待 3 秒
2021-07-21 01:24:38 {"status":"ok","gid":341821,"msg":"添加成功！"}
2021-07-21 01:24:38 下次操作: 2021-07-21 01:24:57

2021-07-21 01:24:57 开始第 37 次操作

2021-07-21 01:24:57 开始操作号码 【1728717】
2021-07-21 01:24:57 GSD getOne 第 1 次 等待 3 秒
2021-07-21 01:25:03 GSD getOne 第 2 次 等待 3 秒
2021-07-21 01:25:06 查询号码 【1728717】，返回信息 {"status":"bad","msg":""}
2021-07-21 01:25:06 查询号码 【1728717】，GSD为【""】
2021-07-21 01:25:06 bad
2021-07-21 01:25:07 CHB 1728717?1626801906 第 1 次 等待 3 秒
2021-07-21 01:25:10 CHB 1728717?1626801906 第 1 次 获取到号码【1728717】GSD
2021-07-21 01:25:10 获取到号码【1728717】的GSD为【云南-楚雄】
2021-07-21 01:25:13 GSD insert 第 1 次 等待 3 秒
2021-07-21 01:25:16 {"status":"ok","gid":341829,"msg":"添加成功！"}
2021-07-21 01:25:16 下次操作: 2021-07-21 01:25:34

2021-07-21 01:25:34 开始第 38 次操作

2021-07-21 01:25:34 开始操作号码 【1728718】
2021-07-21 01:25:34 GSD getOne 第 1 次 等待 3 秒
2021-07-21 01:25:40 GSD getOne 第 2 次 等待 3 秒
2021-07-21 01:25:43 查询号码 【1728718】，返回信息 {"status":"bad","msg":""}
2021-07-21 01:25:43 查询号码 【1728718】，GSD为【""】
2021-07-21 01:25:43 bad
2021-07-21 01:25:44 CHB 1728718?1626801943 第 1 次 等待 3 秒
2021-07-21 01:25:47 CHB 1728718?1626801943 第 1 次 获取到号码【1728718】GSD
2021-07-21 01:25:47 获取到号码【1728718】的GSD为【云南-楚雄】
2021-07-21 01:25:50 GSD insert 第 1 次 等待 3 秒
2021-07-21 01:25:53 {"status":"ok","gid":341833,"msg":"添加成功！"}
2021-07-21 01:25:53 下次操作: 2021-07-21 01:26:16

2021-07-21 01:26:16 开始第 39 次操作

2021-07-21 01:26:16 开始操作号码 【1728719】
2021-07-21 01:26:16 GSD getOne 第 1 次 等待 3 秒
2021-07-21 01:26:22 GSD getOne 第 2 次 等待 3 秒
2021-07-21 01:26:25 查询号码 【1728719】，返回信息 {"status":"bad","msg":""}
2021-07-21 01:26:25 查询号码 【1728719】，GSD为【""】
2021-07-21 01:26:25 bad
2021-07-21 01:26:26 CHB 1728719?1626801985 第 1 次 等待 3 秒
2021-07-21 01:26:29 CHB 1728719?1626801985 第 1 次 获取到号码【1728719】GSD
2021-07-21 01:26:29 获取到号码【1728719】的GSD为【云南-迪庆】
2021-07-21 01:26:32 GSD insert 第 1 次 等待 3 秒
2021-07-21 01:26:35 {"status":"ok","gid":341839,"msg":"添加成功！"}
2021-07-21 01:26:35 下次操作: 2021-07-21 01:26:55

2021-07-21 01:26:55 开始第 40 次操作

2021-07-21 01:26:55 开始操作号码 【1728720】
2021-07-21 01:26:55 GSD getOne 第 1 次 等待 3 秒
2021-07-21 01:27:01 GSD getOne 第 2 次 等待 3 秒
2021-07-21 01:27:04 查询号码 【1728720】，返回信息 {"status":"bad","msg":""}
2021-07-21 01:27:04 查询号码 【1728720】，GSD为【""】
2021-07-21 01:27:04 bad
2021-07-21 01:27:05 CHB 1728720?1626802024 第 1 次 等待 3 秒
2021-07-21 01:27:08 CHB 1728720?1626802024 第 1 次 获取到号码【1728720】GSD
2021-07-21 01:27:09 获取到号码【1728720】的GSD为【云南-大理】
2021-07-21 01:27:11 GSD insert 第 1 次 等待 3 秒
2021-07-21 01:27:14 {"status":"ok","gid":341843,"msg":"添加成功！"}

2021-07-21 02:46:30 开始第 1 次操作

2021-07-21 02:46:30 开始操作号码 【1728721】
2021-07-21 02:46:33 GSD getOne 第 1 次 等待 3 秒
2021-07-21 02:46:36 查询号码 【1728721】，返回信息 {"status":"bad","msg":""}
2021-07-21 02:46:36 查询号码 【1728721】，GSD为【""】
2021-07-21 02:46:36 bad
2021-07-21 02:46:38 CHB 1728721?1626806796 第 1 次 等待 3 秒
2021-07-21 02:46:41 CHB 1728721?1626806796 第 1 次 获取到号码【1728721】GSD
2021-07-21 02:46:41 获取到号码【1728721】的GSD为【云南-大理】
2021-07-21 02:46:44 GSD insert 第 1 次 等待 3 秒
2021-07-21 02:46:47 {"status":"ok","gid":342249,"msg":"添加成功！"}
2021-07-21 02:46:47 下次操作: 2021-07-21 02:47:00

2021-07-21 02:47:00 开始第 2 次操作

2021-07-21 02:47:00 开始操作号码 【1728722】
2021-07-21 02:47:02 GSD getOne 第 1 次 等待 3 秒
2021-07-21 02:47:05 查询号码 【1728722】，返回信息 {"status":"bad","msg":""}
2021-07-21 02:47:06 查询号码 【1728722】，GSD为【""】
2021-07-21 02:47:06 bad
2021-07-21 02:47:07 CHB 1728722?1626806826 第 1 次 等待 3 秒
2021-07-21 02:47:10 CHB 1728722?1626806826 第 1 次 获取到号码【1728722】GSD
2021-07-21 02:47:10 获取到号码【1728722】的GSD为【云南-普洱】
2021-07-21 02:47:13 GSD insert 第 1 次 等待 3 秒
2021-07-21 02:47:16 {"status":"ok","gid":342255,"msg":"添加成功！"}
2021-07-21 02:47:16 下次操作: 2021-07-21 02:47:29

2021-07-21 02:47:29 开始第 3 次操作

2021-07-21 02:47:29 开始操作号码 【1728723】
2021-07-21 02:47:32 GSD getOne 第 1 次 等待 3 秒
2021-07-21 02:47:35 查询号码 【1728723】，返回信息 {"status":"bad","msg":""}
2021-07-21 02:47:35 查询号码 【1728723】，GSD为【""】
2021-07-21 02:47:35 bad
2021-07-21 02:47:37 CHB 1728723?1626806855 第 1 次 等待 3 秒
2021-07-21 02:47:40 CHB 1728723?1626806855 第 1 次 获取到号码【1728723】GSD
2021-07-21 02:47:40 获取到号码【1728723】的GSD为【云南-普洱】
2021-07-21 02:47:43 GSD insert 第 1 次 等待 3 秒
2021-07-21 02:47:46 {"status":"ok","gid":342258,"msg":"添加成功！"}
2021-07-21 02:47:46 下次操作: 2021-07-21 02:48:00

2021-07-21 02:48:00 开始第 4 次操作

2021-07-21 02:48:00 开始操作号码 【1728724】
2021-07-21 02:48:03 GSD getOne 第 1 次 等待 3 秒
2021-07-21 02:48:06 查询号码 【1728724】，返回信息 {"status":"bad","msg":""}
2021-07-21 02:48:06 查询号码 【1728724】，GSD为【""】
2021-07-21 02:48:06 bad
2021-07-21 02:48:07 CHB 1728724?1626806886 第 1 次 等待 3 秒
2021-07-21 02:48:10 CHB 1728724?1626806886 第 1 次 获取到号码【1728724】GSD
2021-07-21 02:48:10 获取到号码【1728724】的GSD为【云南-西双版纳】
2021-07-21 02:48:13 GSD insert 第 1 次 等待 3 秒
2021-07-21 02:48:16 {"status":"ok","gid":342259,"msg":"添加成功！"}
2021-07-21 02:48:16 下次操作: 2021-07-21 02:48:38

2021-07-21 02:48:38 开始第 5 次操作

2021-07-21 02:48:38 开始操作号码 【1728725】
2021-07-21 02:48:41 GSD getOne 第 1 次 等待 3 秒
2021-07-21 02:48:44 查询号码 【1728725】，返回信息 {"status":"bad","msg":""}
2021-07-21 02:48:44 查询号码 【1728725】，GSD为【""】
2021-07-21 02:48:44 bad
2021-07-21 02:48:46 CHB 1728725?1626806924 第 1 次 等待 3 秒
2021-07-21 02:48:49 CHB 1728725?1626806924 第 1 次 获取到号码【1728725】GSD
2021-07-21 02:48:49 获取到号码【1728725】的GSD为【云南-西双版纳】
2021-07-21 02:48:52 GSD insert 第 1 次 等待 3 秒
2021-07-21 02:48:55 {"status":"ok","gid":342264,"msg":"添加成功！"}
2021-07-21 02:48:55 下次操作: 2021-07-21 02:49:11

2021-07-21 02:49:11 开始第 6 次操作

2021-07-21 02:49:11 开始操作号码 【1728726】
2021-07-21 02:49:14 GSD getOne 第 1 次 等待 3 秒
2021-07-21 02:49:17 查询号码 【1728726】，返回信息 {"status":"bad","msg":""}
2021-07-21 02:49:17 查询号码 【1728726】，GSD为【""】
2021-07-21 02:49:17 bad
2021-07-21 02:49:19 CHB 1728726?1626806957 第 1 次 等待 3 秒
2021-07-21 02:49:22 CHB 1728726?1626806957 第 1 次 获取到号码【1728726】GSD
2021-07-21 02:49:22 获取到号码【1728726】的GSD为【云南-西双版纳】
2021-07-21 02:49:24 GSD insert 第 1 次 等待 3 秒
2021-07-21 02:49:27 {"status":"ok","gid":342269,"msg":"添加成功！"}
2021-07-21 02:49:27 下次操作: 2021-07-21 02:49:45

2021-07-21 02:49:45 开始第 7 次操作

2021-07-21 02:49:45 开始操作号码 【1728727】
2021-07-21 02:49:48 GSD getOne 第 1 次 等待 3 秒
2021-07-21 02:49:51 查询号码 【1728727】，返回信息 {"status":"bad","msg":""}
2021-07-21 02:49:51 查询号码 【1728727】，GSD为【""】
2021-07-21 02:49:51 bad
2021-07-21 02:49:53 CHB 1728727?1626806991 第 1 次 等待 3 秒
2021-07-21 02:49:56 CHB 1728727?1626806991 第 1 次 获取到号码【1728727】GSD
2021-07-21 02:49:56 获取到号码【1728727】的GSD为【云南-丽江】
2021-07-21 02:49:59 GSD insert 第 1 次 等待 3 秒
2021-07-21 02:50:02 {"status":"ok","gid":342274,"msg":"添加成功！"}
2021-07-21 02:50:02 下次操作: 2021-07-21 02:50:26

2021-07-21 02:50:26 开始第 8 次操作

2021-07-21 02:50:26 开始操作号码 【1728728】
2021-07-21 02:50:29 GSD getOne 第 1 次 等待 3 秒
2021-07-21 02:50:32 查询号码 【1728728】，返回信息 {"status":"bad","msg":""}
2021-07-21 02:50:32 查询号码 【1728728】，GSD为【""】
2021-07-21 02:50:32 bad
2021-07-21 02:50:33 CHB 1728728?1626807032 第 1 次 等待 3 秒
2021-07-21 02:50:36 CHB 1728728?1626807032 第 1 次 获取到号码【1728728】GSD
2021-07-21 02:50:37 获取到号码【1728728】的GSD为【云南-丽江】
2021-07-21 02:50:39 GSD insert 第 1 次 等待 3 秒
2021-07-21 02:50:42 {"status":"ok","gid":342281,"msg":"添加成功！"}
2021-07-21 02:50:42 下次操作: 2021-07-21 02:51:03

2021-07-21 02:51:03 开始第 9 次操作

2021-07-21 02:51:03 开始操作号码 【1728729】
2021-07-21 02:51:06 GSD getOne 第 1 次 等待 3 秒
2021-07-21 02:51:09 查询号码 【1728729】，返回信息 {"status":"bad","msg":""}
2021-07-21 02:51:09 查询号码 【1728729】，GSD为【""】
2021-07-21 02:51:09 bad
2021-07-21 02:51:11 CHB 1728729?1626807069 第 1 次 等待 3 秒
2021-07-21 02:51:14 CHB 1728729?1626807069 第 1 次 获取到号码【1728729】GSD
2021-07-21 02:51:14 获取到号码【1728729】的GSD为【云南-怒江】
2021-07-21 02:51:17 GSD insert 第 1 次 等待 3 秒
2021-07-21 02:51:20 {"status":"ok","gid":342287,"msg":"添加成功！"}
2021-07-21 02:51:20 下次操作: 2021-07-21 02:51:42

2021-07-21 02:51:42 开始第 10 次操作

2021-07-21 02:51:42 开始操作号码 【1728730】
2021-07-21 02:51:45 GSD getOne 第 1 次 等待 3 秒
2021-07-21 02:51:48 查询号码 【1728730】，返回信息 {"status":"bad","msg":""}
2021-07-21 02:51:48 查询号码 【1728730】，GSD为【""】
2021-07-21 02:51:48 bad
2021-07-21 02:51:50 CHB 1728730?1626807108 第 1 次 等待 3 秒
2021-07-21 02:51:53 CHB 1728730?1626807108 第 1 次 获取到号码【1728730】GSD
2021-07-21 02:51:53 获取到号码【1728730】的GSD为【云南-红河】
2021-07-21 02:51:56 GSD insert 第 1 次 等待 3 秒
2021-07-21 02:51:59 {"status":"ok","gid":342294,"msg":"添加成功！"}
2021-07-21 02:51:59 下次操作: 2021-07-21 02:52:23

2021-07-21 02:52:23 开始第 11 次操作

2021-07-21 02:52:23 开始操作号码 【1728731】
2021-07-21 02:52:26 GSD getOne 第 1 次 等待 3 秒
2021-07-21 02:52:29 查询号码 【1728731】，返回信息 {"status":"bad","msg":""}
2021-07-21 02:52:29 查询号码 【1728731】，GSD为【""】
2021-07-21 02:52:29 bad
2021-07-21 02:52:30 CHB 1728731?1626807149 第 1 次 等待 3 秒
2021-07-21 02:52:33 CHB 1728731?1626807149 第 1 次 获取到号码【1728731】GSD
2021-07-21 02:52:34 获取到号码【1728731】的GSD为【云南-红河】
2021-07-21 02:52:36 GSD insert 第 1 次 等待 3 秒
2021-07-21 02:52:39 {"status":"ok","gid":342302,"msg":"添加成功！"}
2021-07-21 02:52:39 下次操作: 2021-07-21 02:52:52

2021-07-21 02:52:52 开始第 12 次操作

2021-07-21 02:52:52 开始操作号码 【1728732】
2021-07-21 02:52:55 GSD getOne 第 1 次 等待 3 秒
2021-07-21 02:52:58 查询号码 【1728732】，返回信息 {"status":"bad","msg":""}
2021-07-21 02:52:58 查询号码 【1728732】，GSD为【""】
2021-07-21 02:52:58 bad
2021-07-21 02:53:00 CHB 1728732?1626807178 第 1 次 等待 3 秒
2021-07-21 02:53:03 CHB 1728732?1626807178 第 1 次 获取到号码【1728732】GSD
2021-07-21 02:53:03 获取到号码【1728732】的GSD为【云南-德宏】
2021-07-21 02:53:06 GSD insert 第 1 次 等待 3 秒
2021-07-21 02:53:09 {"status":"ok","gid":342308,"msg":"添加成功！"}
2021-07-21 02:53:09 下次操作: 2021-07-21 02:53:22

2021-07-21 02:53:22 开始第 13 次操作

2021-07-21 02:53:22 开始操作号码 【1728733】
2021-07-21 02:53:24 GSD getOne 第 1 次 等待 3 秒
2021-07-21 02:53:27 查询号码 【1728733】，返回信息 {"status":"bad","msg":""}
2021-07-21 02:53:28 查询号码 【1728733】，GSD为【""】
2021-07-21 02:53:28 bad
2021-07-21 02:53:34 CHB 1728733?1626807208 第 1 次 等待 3 秒
2021-07-21 02:53:37 CHB 1728733?1626807208 第 1 次 获取到号码【1728733】GSD
2021-07-21 02:53:37 未获取到号码【1728733】GSD，查号吧 400 错误
2021-07-21 02:53:37 获取到号码【1728733】的GSD为【-】
2021-07-21 02:53:40 GSD insert 第 1 次 等待 3 秒
2021-07-21 02:53:43 {"status":"ok","gid":342315,"msg":"添加成功！"}
2021-07-21 02:53:43 下次操作: 2021-07-21 02:54:05

2021-07-21 02:54:05 开始第 14 次操作

2021-07-21 02:54:05 开始操作号码 【1728734】
2021-07-21 02:54:07 GSD getOne 第 1 次 等待 3 秒
2021-07-21 02:54:10 查询号码 【1728734】，返回信息 {"status":"bad","msg":""}
2021-07-21 02:54:10 查询号码 【1728734】，GSD为【""】
2021-07-21 02:54:11 bad
2021-07-21 02:54:12 CHB 1728734?1626807251 第 1 次 等待 3 秒
2021-07-21 02:54:15 CHB 1728734?1626807251 第 1 次 获取到号码【1728734】GSD
2021-07-21 02:54:15 获取到号码【1728734】的GSD为【云南-临沧】
2021-07-21 02:54:18 GSD insert 第 1 次 等待 3 秒
2021-07-21 02:54:21 {"status":"ok","gid":342320,"msg":"添加成功！"}
2021-07-21 02:54:21 下次操作: 2021-07-21 02:54:37

2021-07-21 02:54:37 开始第 15 次操作

2021-07-21 02:54:37 开始操作号码 【1728735】
2021-07-21 02:54:40 GSD getOne 第 1 次 等待 3 秒
2021-07-21 02:54:43 查询号码 【1728735】，返回信息 {"status":"bad","msg":""}
2021-07-21 02:54:43 查询号码 【1728735】，GSD为【""】
2021-07-21 02:54:43 bad
2021-07-21 02:54:45 CHB 1728735?1626807283 第 1 次 等待 3 秒
2021-07-21 02:54:48 CHB 1728735?1626807283 第 1 次 获取到号码【1728735】GSD
2021-07-21 02:54:48 获取到号码【1728735】的GSD为【云南-临沧】
2021-07-21 02:54:51 GSD insert 第 1 次 等待 3 秒
2021-07-21 02:54:54 {"status":"ok","gid":342326,"msg":"添加成功！"}
2021-07-21 02:54:54 下次操作: 2021-07-21 02:55:12

2021-07-21 02:55:12 开始第 16 次操作

2021-07-21 02:55:12 开始操作号码 【1728736】
2021-07-21 02:55:15 GSD getOne 第 1 次 等待 3 秒
2021-07-21 02:55:18 查询号码 【1728736】，返回信息 {"status":"bad","msg":""}
2021-07-21 02:55:18 查询号码 【1728736】，GSD为【""】
2021-07-21 02:55:18 bad
2021-07-21 02:55:19 CHB 1728736?1626807318 第 1 次 等待 3 秒
2021-07-21 02:55:22 CHB 1728736?1626807318 第 1 次 获取到号码【1728736】GSD
2021-07-21 02:55:22 获取到号码【1728736】的GSD为【云南-临沧】
2021-07-21 02:55:25 GSD insert 第 1 次 等待 3 秒
2021-07-21 02:55:28 {"status":"ok","gid":342333,"msg":"添加成功！"}
2021-07-21 02:55:28 下次操作: 2021-07-21 02:55:44

2021-07-21 02:55:44 开始第 17 次操作

2021-07-21 02:55:44 开始操作号码 【1728737】
2021-07-21 02:55:47 GSD getOne 第 1 次 等待 3 秒
2021-07-21 02:55:50 查询号码 【1728737】，返回信息 {"status":"bad","msg":""}
2021-07-21 02:55:50 查询号码 【1728737】，GSD为【""】
2021-07-21 02:55:50 bad
2021-07-21 02:55:52 CHB 1728737?1626807350 第 1 次 等待 3 秒
2021-07-21 02:55:55 CHB 1728737?1626807350 第 1 次 获取到号码【1728737】GSD
2021-07-21 02:55:55 获取到号码【1728737】的GSD为【云南-临沧】
2021-07-21 02:55:58 GSD insert 第 1 次 等待 3 秒
2021-07-21 02:56:01 {"status":"ok","gid":342340,"msg":"添加成功！"}
2021-07-21 02:56:01 下次操作: 2021-07-21 02:56:13

2021-07-21 02:56:13 开始第 18 次操作

2021-07-21 02:56:13 开始操作号码 【1728738】
2021-07-21 02:56:16 GSD getOne 第 1 次 等待 3 秒
2021-07-21 02:56:19 查询号码 【1728738】，返回信息 {"status":"bad","msg":""}
2021-07-21 02:56:19 查询号码 【1728738】，GSD为【""】
2021-07-21 02:56:19 bad
2021-07-21 02:56:20 CHB 1728738?1626807379 第 1 次 等待 3 秒
2021-07-21 02:56:23 CHB 1728738?1626807379 第 1 次 获取到号码【1728738】GSD
2021-07-21 02:56:23 获取到号码【1728738】的GSD为【云南-临沧】
2021-07-21 02:56:26 GSD insert 第 1 次 等待 3 秒
2021-07-21 02:56:29 {"status":"ok","gid":342344,"msg":"添加成功！"}
2021-07-21 02:56:29 下次操作: 2021-07-21 02:56:52

2021-07-21 02:56:52 开始第 19 次操作

2021-07-21 02:56:52 开始操作号码 【1728739】
2021-07-21 02:56:55 GSD getOne 第 1 次 等待 3 秒
2021-07-21 02:56:58 查询号码 【1728739】，返回信息 {"status":"bad","msg":""}
2021-07-21 02:56:58 查询号码 【1728739】，GSD为【""】
2021-07-21 02:56:58 bad
2021-07-21 02:57:00 CHB 1728739?1626807418 第 1 次 等待 3 秒
2021-07-21 02:57:03 CHB 1728739?1626807418 第 1 次 获取到号码【1728739】GSD
2021-07-21 02:57:03 获取到号码【1728739】的GSD为【云南-临沧】
2021-07-21 02:57:06 GSD insert 第 1 次 等待 3 秒
2021-07-21 02:57:09 {"status":"ok","gid":342350,"msg":"添加成功！"}
2021-07-21 02:57:09 下次操作: 2021-07-21 02:57:22

2021-07-21 02:57:22 开始第 20 次操作

2021-07-21 02:57:22 开始操作号码 【1728740】
2021-07-21 02:57:25 GSD getOne 第 1 次 等待 3 秒
2021-07-21 02:57:28 查询号码 【1728740】，返回信息 {"status":"bad","msg":""}
2021-07-21 02:57:28 查询号码 【1728740】，GSD为【""】
2021-07-21 02:57:28 bad
2021-07-21 02:57:29 CHB 1728740?1626807448 第 1 次 等待 3 秒
2021-07-21 02:57:32 CHB 1728740?1626807448 第 1 次 获取到号码【1728740】GSD
2021-07-21 02:57:32 获取到号码【1728740】的GSD为【云南-曲靖】
2021-07-21 02:57:35 GSD insert 第 1 次 等待 3 秒
2021-07-21 02:57:38 {"status":"ok","gid":342356,"msg":"添加成功！"}
2021-07-21 02:57:38 下次操作: 2021-07-21 02:58:01

2021-07-21 02:58:01 开始第 21 次操作

2021-07-21 02:58:01 开始操作号码 【1728741】
2021-07-21 02:58:04 GSD getOne 第 1 次 等待 3 秒
2021-07-21 02:58:07 查询号码 【1728741】，返回信息 {"status":"bad","msg":""}
2021-07-21 02:58:07 查询号码 【1728741】，GSD为【""】
2021-07-21 02:58:07 bad
2021-07-21 02:58:09 CHB 1728741?1626807487 第 1 次 等待 3 秒
2021-07-21 02:58:12 CHB 1728741?1626807487 第 1 次 获取到号码【1728741】GSD
2021-07-21 02:58:12 获取到号码【1728741】的GSD为【云南-楚雄】
2021-07-21 02:58:15 GSD insert 第 1 次 等待 3 秒
2021-07-21 02:58:18 {"status":"ok","gid":342362,"msg":"添加成功！"}
2021-07-21 02:58:18 下次操作: 2021-07-21 02:58:42

2021-07-21 02:58:42 开始第 22 次操作

2021-07-21 02:58:42 开始操作号码 【1728742】
2021-07-21 02:58:47 GSD getOne 第 1 次 等待 3 秒
2021-07-21 02:58:50 查询号码 【1728742】，返回信息 {"status":"bad","msg":""}
2021-07-21 02:58:50 查询号码 【1728742】，GSD为【""】
2021-07-21 02:58:50 bad
2021-07-21 02:58:51 CHB 1728742?1626807530 第 1 次 等待 3 秒
2021-07-21 02:58:54 CHB 1728742?1626807530 第 1 次 获取到号码【1728742】GSD
2021-07-21 02:58:54 获取到号码【1728742】的GSD为【云南-玉溪】
2021-07-21 02:58:57 GSD insert 第 1 次 等待 3 秒
2021-07-21 02:59:00 {"status":"ok","gid":342371,"msg":"添加成功！"}
2021-07-21 02:59:00 下次操作: 2021-07-21 02:59:13

2021-07-21 02:59:13 开始第 23 次操作

2021-07-21 02:59:13 开始操作号码 【1728743】
2021-07-21 02:59:16 GSD getOne 第 1 次 等待 3 秒
2021-07-21 02:59:19 查询号码 【1728743】，返回信息 {"status":"bad","msg":""}
2021-07-21 02:59:19 查询号码 【1728743】，GSD为【""】
2021-07-21 02:59:19 bad
2021-07-21 02:59:21 CHB 1728743?1626807559 第 1 次 等待 3 秒
2021-07-21 02:59:24 CHB 1728743?1626807559 第 1 次 获取到号码【1728743】GSD
2021-07-21 02:59:24 获取到号码【1728743】的GSD为【云南-玉溪】
2021-07-21 02:59:27 GSD insert 第 1 次 等待 3 秒
2021-07-21 02:59:30 {"status":"ok","gid":342375,"msg":"添加成功！"}
2021-07-21 02:59:30 下次操作: 2021-07-21 02:59:54

2021-07-21 02:59:54 开始第 24 次操作

2021-07-21 02:59:54 开始操作号码 【1728744】
2021-07-21 02:59:57 GSD getOne 第 1 次 等待 3 秒
2021-07-21 03:00:00 查询号码 【1728744】，返回信息 {"status":"bad","msg":""}
2021-07-21 03:00:00 查询号码 【1728744】，GSD为【""】
2021-07-21 03:00:00 bad
2021-07-21 03:00:01 CHB 1728744?1626807600 第 1 次 等待 3 秒
2021-07-21 03:00:04 CHB 1728744?1626807600 第 1 次 获取到号码【1728744】GSD
2021-07-21 03:00:04 获取到号码【1728744】的GSD为【云南-西双版纳】
2021-07-21 03:00:07 GSD insert 第 1 次 等待 3 秒
2021-07-21 03:00:10 {"status":"ok","gid":342381,"msg":"添加成功！"}
2021-07-21 03:00:10 下次操作: 2021-07-21 03:00:26

2021-07-21 03:00:26 开始第 25 次操作

2021-07-21 03:00:26 开始操作号码 【1728745】
2021-07-21 03:00:29 GSD getOne 第 1 次 等待 3 秒
2021-07-21 03:00:32 查询号码 【1728745】，返回信息 {"status":"bad","msg":""}
2021-07-21 03:00:32 查询号码 【1728745】，GSD为【""】
2021-07-21 03:00:32 bad
2021-07-21 03:00:34 CHB 1728745?1626807632 第 1 次 等待 3 秒
2021-07-21 03:00:37 CHB 1728745?1626807632 第 1 次 获取到号码【1728745】GSD
2021-07-21 03:00:37 获取到号码【1728745】的GSD为【云南-怒江】
2021-07-21 03:00:40 GSD insert 第 1 次 等待 3 秒
2021-07-21 03:00:43 {"status":"ok","gid":342387,"msg":"添加成功！"}
2021-07-21 03:00:43 下次操作: 2021-07-21 03:00:59

2021-07-21 03:00:59 开始第 26 次操作

2021-07-21 03:00:59 开始操作号码 【1728746】
2021-07-21 03:01:02 GSD getOne 第 1 次 等待 3 秒
2021-07-21 03:01:05 查询号码 【1728746】，返回信息 {"status":"bad","msg":""}
2021-07-21 03:01:05 查询号码 【1728746】，GSD为【""】
2021-07-21 03:01:05 bad
2021-07-21 03:01:07 CHB 1728746?1626807665 第 1 次 等待 3 秒
2021-07-21 03:01:10 CHB 1728746?1626807665 第 1 次 获取到号码【1728746】GSD
2021-07-21 03:01:10 获取到号码【1728746】的GSD为【云南-临沧】
2021-07-21 03:01:13 GSD insert 第 1 次 等待 3 秒
2021-07-21 03:01:16 {"status":"ok","gid":342392,"msg":"添加成功！"}
2021-07-21 03:01:16 下次操作: 2021-07-21 03:01:32

2021-07-21 03:01:32 开始第 27 次操作

2021-07-21 03:01:32 开始操作号码 【1728747】
2021-07-21 03:01:34 GSD getOne 第 1 次 等待 3 秒
2021-07-21 03:01:37 查询号码 【1728747】，返回信息 {"status":"bad","msg":""}
2021-07-21 03:01:37 查询号码 【1728747】，GSD为【""】
2021-07-21 03:01:37 bad
2021-07-21 03:01:39 CHB 1728747?1626807697 第 1 次 等待 3 秒
2021-07-21 03:01:42 CHB 1728747?1626807697 第 1 次 获取到号码【1728747】GSD
2021-07-21 03:01:42 获取到号码【1728747】的GSD为【云南-丽江】
2021-07-21 03:01:45 GSD insert 第 1 次 等待 3 秒
2021-07-21 03:01:48 {"status":"ok","gid":342398,"msg":"添加成功！"}
2021-07-21 03:01:48 下次操作: 2021-07-21 03:02:01

2021-07-21 03:02:01 开始第 28 次操作

2021-07-21 03:02:01 开始操作号码 【1728748】
2021-07-21 03:02:04 GSD getOne 第 1 次 等待 3 秒
2021-07-21 03:02:07 查询号码 【1728748】，返回信息 {"status":"bad","msg":""}
2021-07-21 03:02:07 查询号码 【1728748】，GSD为【""】
2021-07-21 03:02:07 bad
2021-07-21 03:02:09 CHB 1728748?1626807727 第 1 次 等待 3 秒
2021-07-21 03:02:12 CHB 1728748?1626807727 第 1 次 获取到号码【1728748】GSD
2021-07-21 03:02:12 获取到号码【1728748】的GSD为【云南-迪庆】
2021-07-21 03:02:14 GSD insert 第 1 次 等待 3 秒
2021-07-21 03:02:18 {"status":"ok","gid":342400,"msg":"添加成功！"}
2021-07-21 03:02:18 下次操作: 2021-07-21 03:02:41

2021-07-21 03:02:41 开始第 29 次操作

2021-07-21 03:02:41 开始操作号码 【1728749】
2021-07-21 03:02:43 GSD getOne 第 1 次 等待 3 秒
2021-07-21 03:02:46 查询号码 【1728749】，返回信息 {"status":"bad","msg":""}
2021-07-21 03:02:47 查询号码 【1728749】，GSD为【""】
2021-07-21 03:02:47 bad
2021-07-21 03:02:48 CHB 1728749?1626807767 第 1 次 等待 3 秒
2021-07-21 03:02:51 CHB 1728749?1626807767 第 1 次 获取到号码【1728749】GSD
2021-07-21 03:02:51 获取到号码【1728749】的GSD为【云南-德宏】
2021-07-21 03:02:54 GSD insert 第 1 次 等待 3 秒
2021-07-21 03:02:57 {"status":"ok","gid":342410,"msg":"添加成功！"}
2021-07-21 03:02:57 下次操作: 2021-07-21 03:03:14

2021-07-21 03:03:14 开始第 30 次操作

2021-07-21 03:03:14 开始操作号码 【1728750】
2021-07-21 03:03:17 GSD getOne 第 1 次 等待 3 秒
2021-07-21 03:03:20 查询号码 【1728750】，返回信息 {"status":"bad","msg":""}
2021-07-21 03:03:20 查询号码 【1728750】，GSD为【""】
2021-07-21 03:03:20 bad
2021-07-21 03:03:22 CHB 1728750?1626807800 第 1 次 等待 3 秒
2021-07-21 03:03:25 CHB 1728750?1626807800 第 1 次 获取到号码【1728750】GSD
2021-07-21 03:03:25 获取到号码【1728750】的GSD为【云南-保山】
2021-07-21 03:03:28 GSD insert 第 1 次 等待 3 秒
2021-07-21 03:03:31 {"status":"ok","gid":342415,"msg":"添加成功！"}
2021-07-21 03:03:31 下次操作: 2021-07-21 03:03:47

2021-07-21 03:03:47 开始第 31 次操作

2021-07-21 03:03:47 开始操作号码 【1728751】
2021-07-21 03:03:50 GSD getOne 第 1 次 等待 3 秒
2021-07-21 03:03:53 查询号码 【1728751】，返回信息 {"status":"bad","msg":""}
2021-07-21 03:03:53 查询号码 【1728751】，GSD为【""】
2021-07-21 03:03:53 bad
2021-07-21 03:03:55 CHB 1728751?1626807833 第 1 次 等待 3 秒
2021-07-21 03:03:58 CHB 1728751?1626807833 第 1 次 获取到号码【1728751】GSD
2021-07-21 03:03:58 获取到号码【1728751】的GSD为【云南-昆明】
2021-07-21 03:04:01 GSD insert 第 1 次 等待 3 秒
2021-07-21 03:04:04 {"status":"ok","gid":342422,"msg":"添加成功！"}
2021-07-21 03:04:04 下次操作: 2021-07-21 03:04:22

2021-07-21 03:04:22 开始第 32 次操作

2021-07-21 03:04:22 开始操作号码 【1728752】
2021-07-21 03:04:25 GSD getOne 第 1 次 等待 3 秒
2021-07-21 03:04:28 查询号码 【1728752】，返回信息 {"status":"bad","msg":""}
2021-07-21 03:04:28 查询号码 【1728752】，GSD为【""】
2021-07-21 03:04:28 bad
2021-07-21 03:04:30 CHB 1728752?1626807868 第 1 次 等待 3 秒
2021-07-21 03:04:33 CHB 1728752?1626807868 第 1 次 获取到号码【1728752】GSD
2021-07-21 03:04:33 获取到号码【1728752】的GSD为【云南-昆明】
2021-07-21 03:04:36 GSD insert 第 1 次 等待 3 秒
2021-07-21 03:04:39 {"status":"ok","gid":342429,"msg":"添加成功！"}
2021-07-21 03:04:39 下次操作: 2021-07-21 03:05:02

2021-07-21 03:05:02 开始第 33 次操作

2021-07-21 03:05:02 开始操作号码 【1728753】
2021-07-21 03:05:05 GSD getOne 第 1 次 等待 3 秒
2021-07-21 03:05:08 查询号码 【1728753】，返回信息 {"status":"bad","msg":""}
2021-07-21 03:05:08 查询号码 【1728753】，GSD为【""】
2021-07-21 03:05:08 bad
2021-07-21 03:05:09 CHB 1728753?1626807908 第 1 次 等待 3 秒
2021-07-21 03:05:12 CHB 1728753?1626807908 第 1 次 获取到号码【1728753】GSD
2021-07-21 03:05:12 获取到号码【1728753】的GSD为【云南-红河】
2021-07-21 03:05:15 GSD insert 第 1 次 等待 3 秒
2021-07-21 03:05:18 {"status":"ok","gid":342435,"msg":"添加成功！"}
2021-07-21 03:05:18 下次操作: 2021-07-21 03:05:42

2021-07-21 03:05:42 开始第 34 次操作

2021-07-21 03:05:42 开始操作号码 【1728754】
2021-07-21 03:05:45 GSD getOne 第 1 次 等待 3 秒
2021-07-21 03:05:48 查询号码 【1728754】，返回信息 {"status":"bad","msg":""}
2021-07-21 03:05:48 查询号码 【1728754】，GSD为【""】
2021-07-21 03:05:48 bad
2021-07-21 03:05:50 CHB 1728754?1626807948 第 1 次 等待 3 秒
2021-07-21 03:05:53 CHB 1728754?1626807948 第 1 次 获取到号码【1728754】GSD
2021-07-21 03:05:53 获取到号码【1728754】的GSD为【云南-红河】
2021-07-21 03:05:56 GSD insert 第 1 次 等待 3 秒
2021-07-21 03:05:59 {"status":"ok","gid":342445,"msg":"添加成功！"}
2021-07-21 03:05:59 下次操作: 2021-07-21 03:06:18

2021-07-21 03:06:18 开始第 35 次操作

2021-07-21 03:06:18 开始操作号码 【1728755】
2021-07-21 03:06:21 GSD getOne 第 1 次 等待 3 秒
2021-07-21 03:06:24 查询号码 【1728755】，返回信息 {"status":"bad","msg":""}
2021-07-21 03:06:24 查询号码 【1728755】，GSD为【""】
2021-07-21 03:06:24 bad
2021-07-21 03:06:25 CHB 1728755?1626807984 第 1 次 等待 3 秒
2021-07-21 03:06:28 CHB 1728755?1626807984 第 1 次 获取到号码【1728755】GSD
2021-07-21 03:06:28 获取到号码【1728755】的GSD为【云南-大理】
2021-07-21 03:06:31 GSD insert 第 1 次 等待 3 秒
2021-07-21 03:06:34 {"status":"ok","gid":342450,"msg":"添加成功！"}
2021-07-21 03:06:34 下次操作: 2021-07-21 03:06:50

2021-07-21 03:06:50 开始第 36 次操作

2021-07-21 03:06:50 开始操作号码 【1728756】
2021-07-21 03:06:53 GSD getOne 第 1 次 等待 3 秒
2021-07-21 03:06:56 查询号码 【1728756】，返回信息 {"status":"bad","msg":""}
2021-07-21 03:06:56 查询号码 【1728756】，GSD为【""】
2021-07-21 03:06:56 bad
2021-07-21 03:06:58 CHB 1728756?1626808016 第 1 次 等待 3 秒
2021-07-21 03:07:01 CHB 1728756?1626808016 第 1 次 获取到号码【1728756】GSD
2021-07-21 03:07:01 获取到号码【1728756】的GSD为【云南-大理】
2021-07-21 03:07:04 GSD insert 第 1 次 等待 3 秒
2021-07-21 03:07:07 {"status":"ok","gid":342458,"msg":"添加成功！"}
2021-07-21 03:07:07 下次操作: 2021-07-21 03:07:25

2021-07-21 03:07:25 开始第 37 次操作

2021-07-21 03:07:25 开始操作号码 【1728757】
2021-07-21 03:07:28 GSD getOne 第 1 次 等待 3 秒
2021-07-21 03:07:31 查询号码 【1728757】，返回信息 {"status":"bad","msg":""}
2021-07-21 03:07:31 查询号码 【1728757】，GSD为【""】
2021-07-21 03:07:31 bad
2021-07-21 03:07:32 CHB 1728757?1626808051 第 1 次 等待 3 秒
2021-07-21 03:07:36 CHB 1728757?1626808051 第 1 次 获取到号码【1728757】GSD
2021-07-21 03:07:36 获取到号码【1728757】的GSD为【云南-昭通】
2021-07-21 03:07:38 GSD insert 第 1 次 等待 3 秒
2021-07-21 03:07:41 {"status":"ok","gid":342464,"msg":"添加成功！"}
2021-07-21 03:07:41 下次操作: 2021-07-21 03:07:53

2021-07-21 03:07:53 开始第 38 次操作

2021-07-21 03:07:53 开始操作号码 【1728758】
2021-07-21 03:07:56 GSD getOne 第 1 次 等待 3 秒
2021-07-21 03:07:59 查询号码 【1728758】，返回信息 {"status":"bad","msg":""}
2021-07-21 03:07:59 查询号码 【1728758】，GSD为【""】
2021-07-21 03:07:59 bad
2021-07-21 03:08:01 CHB 1728758?1626808079 第 1 次 等待 3 秒
2021-07-21 03:08:04 CHB 1728758?1626808079 第 1 次 获取到号码【1728758】GSD
2021-07-21 03:08:04 获取到号码【1728758】的GSD为【云南-文山】
2021-07-21 03:08:07 GSD insert 第 1 次 等待 3 秒
2021-07-21 03:08:10 {"status":"ok","gid":342469,"msg":"添加成功！"}
2021-07-21 03:08:10 下次操作: 2021-07-21 03:08:27

2021-07-21 03:08:27 开始第 39 次操作

2021-07-21 03:08:27 开始操作号码 【1728759】
2021-07-21 03:08:30 GSD getOne 第 1 次 等待 3 秒
2021-07-21 03:08:33 查询号码 【1728759】，返回信息 {"status":"bad","msg":""}
2021-07-21 03:08:33 查询号码 【1728759】，GSD为【""】
2021-07-21 03:08:33 bad
2021-07-21 03:08:35 CHB 1728759?1626808113 第 1 次 等待 3 秒
2021-07-21 03:08:38 CHB 1728759?1626808113 第 1 次 获取到号码【1728759】GSD
2021-07-21 03:08:38 获取到号码【1728759】的GSD为【云南-普洱】
2021-07-21 03:08:41 GSD insert 第 1 次 等待 3 秒
2021-07-21 03:08:44 {"status":"ok","gid":342474,"msg":"添加成功！"}
2021-07-21 03:08:44 下次操作: 2021-07-21 03:09:03

2021-07-21 03:09:03 开始第 40 次操作

2021-07-21 03:09:03 开始操作号码 【1728760】
2021-07-21 03:09:06 GSD getOne 第 1 次 等待 3 秒
2021-07-21 03:09:09 查询号码 【1728760】，返回信息 {"status":"bad","msg":""}
2021-07-21 03:09:09 查询号码 【1728760】，GSD为【""】
2021-07-21 03:09:09 bad
2021-07-21 03:09:11 CHB 1728760?1626808149 第 1 次 等待 3 秒
2021-07-21 03:09:14 CHB 1728760?1626808149 第 1 次 获取到号码【1728760】GSD
2021-07-21 03:09:14 未获取到号码【1728760】GSD，可能号码格式错误
2021-07-21 03:09:14 获取到号码【1728760】的GSD为【-】
2021-07-21 03:09:17 GSD insert 第 1 次 等待 3 秒
2021-07-21 03:09:20 {"status":"ok","gid":342479,"msg":"添加成功！"}

