2024-08-25 00:19:27 开始第 985 次操作

2024-08-25 00:19:27 开始操作号码 【1450984】
2024-08-25 00:19:35 GSD getOne 第 1 次 等待 3 秒
2024-08-25 00:19:38 查询号码 【1450984】，返回信息 {"status":"ok","msg":"新疆-塔城","gid":"66982","time_insert":"2021-05-24 20:54"}
2024-08-25 00:19:38 查询号码 【1450984】，GSD为【"新疆-塔城"】

2024-08-25 00:19:39 开始第 986 次操作

2024-08-25 00:19:39 开始操作号码 【1450985】
2024-08-25 00:19:46 GSD getOne 第 1 次 等待 3 秒
2024-08-25 00:19:49 查询号码 【1450985】，返回信息 {"status":"ok","msg":"新疆-阿勒泰","gid":"66988","time_insert":"2021-05-24 20:59"}
2024-08-25 00:19:49 查询号码 【1450985】，GSD为【"新疆-阿勒泰"】

2024-08-25 00:19:50 开始第 987 次操作

2024-08-25 00:19:50 开始操作号码 【1450986】
2024-08-25 00:19:58 GSD getOne 第 1 次 等待 3 秒
2024-08-25 00:20:01 查询号码 【1450986】，返回信息 {"status":"ok","msg":"新疆-阿勒泰","gid":"66991","time_insert":"2021-05-24 21:04"}
2024-08-25 00:20:01 查询号码 【1450986】，GSD为【"新疆-阿勒泰"】

2024-08-25 00:20:02 开始第 988 次操作

2024-08-25 00:20:02 开始操作号码 【1450987】
2024-08-25 00:20:10 GSD getOne 第 1 次 等待 3 秒
2024-08-25 00:20:13 查询号码 【1450987】，返回信息 {"status":"ok","msg":"新疆-阿勒泰","gid":"66993","time_insert":"2021-05-24 21:08"}
2024-08-25 00:20:13 查询号码 【1450987】，GSD为【"新疆-阿勒泰"】

