2023-11-10 00:09:43 开始第 7989 次操作

2023-11-10 00:09:43 开始操作号码 【1997897】
2023-11-10 00:09:47 GSD getOne 第 1 次 等待 3 秒
2023-11-10 00:09:50 查询号码 【1997897】，返回信息 {"status":"ok","msg":"广西-玉林","gid":"490604","time_insert":"2021-08-03 14:09"}
2023-11-10 00:09:50 查询号码 【1997897】，GSD为【"广西-玉林"】

2023-11-10 00:09:51 开始第 7990 次操作

2023-11-10 00:09:51 开始操作号码 【1997898】
2023-11-10 00:09:56 GSD getOne 第 1 次 等待 3 秒
2023-11-10 00:09:59 查询号码 【1997898】，返回信息 {"status":"ok","msg":"广西-玉林","gid":"490600","time_insert":"2021-08-03 14:08"}
2023-11-10 00:09:59 查询号码 【1997898】，GSD为【"广西-玉林"】

2023-11-10 00:10:00 开始第 7991 次操作

2023-11-10 00:10:00 开始操作号码 【1997899】
2023-11-10 00:10:04 GSD getOne 第 1 次 等待 3 秒
2023-11-10 00:10:07 查询号码 【1997899】，返回信息 {"status":"ok","msg":"广西-玉林","gid":"490595","time_insert":"2021-08-03 14:07"}
2023-11-10 00:10:07 查询号码 【1997899】，GSD为【"广西-玉林"】

2023-11-10 00:10:08 开始第 7992 次操作

2023-11-10 00:10:08 开始操作号码 【1997900】
2023-11-10 00:10:21 GSD getOne 第 1 次 等待 3 秒
2023-11-10 00:10:24 查询号码 【1997900】，返回信息 {"status":"ok","msg":"江西-抚州","gid":"490588","time_insert":"2021-08-03 14:06"}
2023-11-10 00:10:24 查询号码 【1997900】，GSD为【"江西-抚州"】

