2024-01-01 00:08:56 开始第 6457 次操作

2024-01-01 00:08:56 开始操作号码 【1896366】
2024-01-01 00:09:00 GSD getOne 第 1 次 等待 3 秒
2024-01-01 00:09:03 查询号码 【1896366】，返回信息 {"status":"ok","msg":"江苏-苏州","gid":"463266","time_insert":"2021-08-01 03:36"}
2024-01-01 00:09:03 查询号码 【1896366】，GSD为【"江苏-苏州"】

2024-01-01 00:09:04 开始第 6458 次操作

2024-01-01 00:09:04 开始操作号码 【1896367】
2024-01-01 00:09:07 GSD getOne 第 1 次 等待 3 秒
2024-01-01 00:09:10 查询号码 【1896367】，返回信息 {"status":"ok","msg":"江苏-苏州","gid":"463163","time_insert":"2021-08-01 03:14"}
2024-01-01 00:09:10 查询号码 【1896367】，GSD为【"江苏-苏州"】

2024-01-01 00:09:11 开始第 6459 次操作

2024-01-01 00:09:11 开始操作号码 【1896368】
2024-01-01 00:09:14 GSD getOne 第 1 次 等待 3 秒
2024-01-01 00:09:17 查询号码 【1896368】，返回信息 {"status":"ok","msg":"江苏-苏州","gid":"463151","time_insert":"2021-08-01 03:12"}
2024-01-01 00:09:17 查询号码 【1896368】，GSD为【"江苏-苏州"】

2024-01-01 00:09:18 开始第 6460 次操作

2024-01-01 00:09:18 开始操作号码 【1896369】
2024-01-01 00:09:21 GSD getOne 第 1 次 等待 3 秒
2024-01-01 00:09:24 查询号码 【1896369】，返回信息 {"status":"ok","msg":"江苏-苏州","gid":"463145","time_insert":"2021-08-01 03:12"}
2024-01-01 00:09:24 查询号码 【1896369】，GSD为【"江苏-苏州"】

