2024-05-17 00:10:06 开始第 9569 次操作

2024-05-17 00:10:06 开始操作号码 【1679475】
2024-05-17 00:10:11 GSD getOne 第 1 次 等待 3 秒
2024-05-17 00:10:14 查询号码 【1679475】，返回信息 {"status":"ok","msg":"内蒙古-通辽","gid":"332489","time_insert":"2021-07-20 03:08"}
2024-05-17 00:10:14 查询号码 【1679475】，GSD为【"内蒙古-通辽"】

2024-05-17 00:10:16 开始第 9570 次操作

2024-05-17 00:10:16 开始操作号码 【1679476】
2024-05-17 00:10:21 GSD getOne 第 1 次 等待 3 秒
2024-05-17 00:10:24 查询号码 【1679476】，返回信息 {"status":"ok","msg":"内蒙古-赤峰","gid":"332502","time_insert":"2021-07-20 03:08"}
2024-05-17 00:10:24 查询号码 【1679476】，GSD为【"内蒙古-赤峰"】

2024-05-17 00:10:25 开始第 9571 次操作

2024-05-17 00:10:25 开始操作号码 【1679477】
2024-05-17 00:10:31 GSD getOne 第 1 次 等待 3 秒
2024-05-17 00:10:34 查询号码 【1679477】，返回信息 {"status":"ok","msg":"内蒙古-鄂尔多斯","gid":"332515","time_insert":"2021-07-20 03:09"}
2024-05-17 00:10:34 查询号码 【1679477】，GSD为【"内蒙古-鄂尔多斯"】

2024-05-17 00:10:35 开始第 9572 次操作

2024-05-17 00:10:35 开始操作号码 【1679478】
2024-05-17 00:10:40 GSD getOne 第 1 次 等待 3 秒
2024-05-17 00:10:43 查询号码 【1679478】，返回信息 {"status":"ok","msg":"内蒙古-巴彦淖尔","gid":"332529","time_insert":"2021-07-20 03:10"}
2024-05-17 00:10:43 查询号码 【1679478】，GSD为【"内蒙古-巴彦淖尔"】

