2024-01-19 00:10:05 开始第 9761 次操作

2024-01-19 00:10:05 开始操作号码 【1899670】
2024-01-19 00:10:10 GSD getOne 第 1 次 等待 3 秒
2024-01-19 00:10:13 查询号码 【1899670】，返回信息 {"status":"ok","msg":"重庆-重庆","gid":"433602","time_insert":"2021-07-29 13:16"}
2024-01-19 00:10:13 查询号码 【1899670】，GSD为【"重庆-重庆"】

2024-01-19 00:10:14 开始第 9762 次操作

2024-01-19 00:10:14 开始操作号码 【1899671】
2024-01-19 00:10:21 GSD getOne 第 1 次 等待 3 秒
2024-01-19 00:10:24 查询号码 【1899671】，返回信息 {"status":"ok","msg":"重庆-重庆","gid":"433598","time_insert":"2021-07-29 13:16"}
2024-01-19 00:10:24 查询号码 【1899671】，GSD为【"重庆-重庆"】

2024-01-19 00:10:25 开始第 9763 次操作

2024-01-19 00:10:25 开始操作号码 【1899672】
2024-01-19 00:10:29 GSD getOne 第 1 次 等待 3 秒
2024-01-19 00:10:32 查询号码 【1899672】，返回信息 {"status":"ok","msg":"重庆-重庆","gid":"433593","time_insert":"2021-07-29 13:15"}
2024-01-19 00:10:32 查询号码 【1899672】，GSD为【"重庆-重庆"】

2024-01-19 00:10:33 开始第 9764 次操作

2024-01-19 00:10:33 开始操作号码 【1899673】
2024-01-19 00:10:37 GSD getOne 第 1 次 等待 3 秒
2024-01-19 00:10:40 查询号码 【1899673】，返回信息 {"status":"ok","msg":"重庆-重庆","gid":"52151","time_insert":"2021-04-22 19:48","time_update":"2021-04-26 10:12"}
2024-01-19 00:10:40 查询号码 【1899673】，GSD为【"重庆-重庆"】

