2024-01-31 00:09:44 开始第 1069 次操作

2024-01-31 00:09:44 开始操作号码 【1780978】
2024-01-31 00:09:49 GSD getOne 第 1 次 等待 3 秒
2024-01-31 00:09:52 查询号码 【1780978】，返回信息 {"status":"ok","msg":"青海-西宁","gid":"331723","time_insert":"2021-07-20 01:31"}
2024-01-31 00:09:52 查询号码 【1780978】，GSD为【"青海-西宁"】

2024-01-31 00:09:53 开始第 1070 次操作

2024-01-31 00:09:53 开始操作号码 【1780979】
2024-01-31 00:09:57 GSD getOne 第 1 次 等待 3 秒
2024-01-31 00:10:00 查询号码 【1780979】，返回信息 {"status":"ok","msg":"青海-格尔木","gid":"331801","time_insert":"2021-07-20 01:46"}
2024-01-31 00:10:00 查询号码 【1780979】，GSD为【"青海-格尔木"】

2024-01-31 00:10:01 开始第 1071 次操作

2024-01-31 00:10:01 开始操作号码 【1780980】
2024-01-31 00:10:06 GSD getOne 第 1 次 等待 3 秒
2024-01-31 00:10:09 查询号码 【1780980】，返回信息 {"status":"ok","msg":"青海-海北","gid":"331983","time_insert":"2021-07-20 01:59"}
2024-01-31 00:10:09 查询号码 【1780980】，GSD为【"青海-海北"】

2024-01-31 00:10:10 开始第 1072 次操作

2024-01-31 00:10:10 开始操作号码 【1780981】
2024-01-31 00:10:14 GSD getOne 第 1 次 等待 3 秒
2024-01-31 00:10:17 查询号码 【1780981】，返回信息 {"status":"ok","msg":"青海-海北","gid":"332123","time_insert":"2021-07-20 02:11"}
2024-01-31 00:10:17 查询号码 【1780981】，GSD为【"青海-海北"】

2024-01-31 00:36:34 开始第 1073 次操作

2024-01-31 00:36:34 开始操作号码 【1780982】
2024-01-31 00:36:39 GSD getOne 第 1 次 等待 3 秒
2024-01-31 00:36:42 查询号码 【1780982】，返回信息 {"status":"ok","msg":"青海-西宁","gid":"332171","time_insert":"2021-07-20 02:24","time_update":"2021-07-22 02:14"}
2024-01-31 00:36:42 查询号码 【1780982】，GSD为【"青海-西宁"】

2024-01-31 00:36:43 开始第 1074 次操作

2024-01-31 00:36:43 开始操作号码 【1780983】
2024-01-31 00:36:47 GSD getOne 第 1 次 等待 3 秒
2024-01-31 00:36:50 查询号码 【1780983】，返回信息 {"status":"ok","msg":"青海-西宁","gid":"332195","time_insert":"2021-07-20 02:36"}
2024-01-31 00:36:50 查询号码 【1780983】，GSD为【"青海-西宁"】

2024-01-31 00:36:51 开始第 1075 次操作

2024-01-31 00:36:51 开始操作号码 【1780984】
2024-01-31 00:36:54 GSD getOne 第 1 次 等待 3 秒
2024-01-31 00:36:57 查询号码 【1780984】，返回信息 {"status":"ok","msg":"青海-西宁","gid":"332216","time_insert":"2021-07-20 02:47"}
2024-01-31 00:36:58 查询号码 【1780984】，GSD为【"青海-西宁"】

2024-01-31 00:36:59 开始第 1076 次操作

2024-01-31 00:36:59 开始操作号码 【1780985】
2024-01-31 00:37:03 GSD getOne 第 1 次 等待 3 秒
2024-01-31 00:37:06 查询号码 【1780985】，返回信息 {"status":"ok","msg":"青海-海西","gid":"332392","time_insert":"2021-07-20 03:01"}
2024-01-31 00:37:06 查询号码 【1780985】，GSD为【"青海-海西"】

