2024-06-10 00:09:31 开始第 329 次操作

2024-06-10 00:09:31 开始操作号码 【1560236】
2024-06-10 00:09:39 GSD getOne 第 1 次 等待 3 秒
2024-06-10 00:09:42 查询号码 【1560236】，返回信息 {"status":"ok","msg":"广东-肇庆","gid":"85724","time_insert":"2021-06-08 06:53"}
2024-06-10 00:09:42 查询号码 【1560236】，GSD为【"广东-肇庆"】

2024-06-10 00:09:43 开始第 330 次操作

2024-06-10 00:09:43 开始操作号码 【1560237】
2024-06-10 00:09:51 GSD getOne 第 1 次 等待 3 秒
2024-06-10 00:09:54 查询号码 【1560237】，返回信息 {"status":"ok","msg":"广东-云浮","gid":"85742","time_insert":"2021-06-08 07:10"}
2024-06-10 00:09:54 查询号码 【1560237】，GSD为【"广东-云浮"】

2024-06-10 00:09:55 开始第 331 次操作

2024-06-10 00:09:55 开始操作号码 【1560238】
2024-06-10 00:10:00 GSD getOne 第 1 次 等待 3 秒
2024-06-10 00:10:03 查询号码 【1560238】，返回信息 {"status":"ok","msg":"广东-广州","gid":"85768","time_insert":"2021-06-08 07:31"}
2024-06-10 00:10:03 查询号码 【1560238】，GSD为【"广东-广州"】

2024-06-10 00:10:04 开始第 332 次操作

2024-06-10 00:10:04 开始操作号码 【1560239】
2024-06-10 00:10:10 GSD getOne 第 1 次 等待 3 秒
2024-06-10 00:10:13 查询号码 【1560239】，返回信息 {"status":"ok","msg":"广东-广州","gid":"85791","time_insert":"2021-06-08 07:51"}
2024-06-10 00:10:13 查询号码 【1560239】，GSD为【"广东-广州"】

