2024-01-25 00:10:47 开始第 91 次操作
2024-01-25 00:10:47 号码【189（0000 ---> 9999）】处理完毕
2024-01-25 00:38:24 开始第 91 次操作
2024-01-25 00:38:24 号码【189（0000 ---> 9999）】处理完毕
2024-01-25 01:07:38 开始第 91 次操作
2024-01-25 01:07:39 号码【189（0000 ---> 9999）】处理完毕
2024-01-25 01:32:34 开始第 91 次操作
2024-01-25 01:32:34 号码【189（0000 ---> 9999）】处理完毕
2024-01-25 02:10:39 开始第 91 次操作
2024-01-25 02:10:39 号码【189（0000 ---> 9999）】处理完毕
2024-01-25 02:34:18 开始第 91 次操作
2024-01-25 02:34:18 号码【189（0000 ---> 9999）】处理完毕
2024-01-25 03:07:15 开始第 91 次操作
2024-01-25 03:07:15 号码【189（0000 ---> 9999）】处理完毕
2024-01-25 03:32:25 开始第 91 次操作
2024-01-25 03:32:25 号码【189（0000 ---> 9999）】处理完毕
2024-01-25 04:08:54 开始第 91 次操作
2024-01-25 04:08:54 号码【189（0000 ---> 9999）】处理完毕
2024-01-25 04:32:45 开始第 91 次操作
2024-01-25 04:32:45 号码【189（0000 ---> 9999）】处理完毕
2024-01-25 05:07:31 开始第 91 次操作
2024-01-25 05:07:31 号码【189（0000 ---> 9999）】处理完毕
2024-01-25 05:32:47 开始第 91 次操作
2024-01-25 05:32:47 号码【189（0000 ---> 9999）】处理完毕
2024-01-25 06:07:35 开始第 91 次操作
2024-01-25 06:07:35 号码【189（0000 ---> 9999）】处理完毕
2024-01-25 06:33:58 开始第 91 次操作
2024-01-25 06:33:58 号码【189（0000 ---> 9999）】处理完毕
2024-01-25 07:07:39 开始第 91 次操作
2024-01-25 07:07:39 号码【189（0000 ---> 9999）】处理完毕
2024-01-25 07:32:46 开始第 91 次操作
2024-01-25 07:32:46 号码【189（0000 ---> 9999）】处理完毕
2024-01-25 08:39:34 开始第 91 次操作
2024-01-25 08:39:34 号码【189（0000 ---> 9999）】处理完毕
2024-01-25 09:54:16 开始第 91 次操作
2024-01-25 09:54:16 号码【189（0000 ---> 9999）】处理完毕
2024-01-25 10:25:54 开始第 91 次操作
2024-01-25 10:25:54 号码【189（0000 ---> 9999）】处理完毕
2024-01-25 10:43:11 开始第 91 次操作
2024-01-25 10:43:11 号码【189（0000 ---> 9999）】处理完毕
2024-01-25 11:08:48 开始第 91 次操作
2024-01-25 11:08:48 号码【189（0000 ---> 9999）】处理完毕
2024-01-25 11:33:04 开始第 91 次操作
2024-01-25 11:33:04 号码【189（0000 ---> 9999）】处理完毕
2024-01-25 12:10:58 开始第 91 次操作
2024-01-25 12:10:58 号码【189（0000 ---> 9999）】处理完毕
2024-01-25 12:35:58 开始第 91 次操作
2024-01-25 12:35:58 号码【189（0000 ---> 9999）】处理完毕
2024-01-25 13:08:14 开始第 91 次操作
2024-01-25 13:08:14 号码【189（0000 ---> 9999）】处理完毕
2024-01-25 13:33:08 开始第 91 次操作
2024-01-25 13:33:08 号码【189（0000 ---> 9999）】处理完毕
2024-01-25 14:11:16 开始第 91 次操作
2024-01-25 14:11:16 号码【189（0000 ---> 9999）】处理完毕
2024-01-25 14:35:49 开始第 91 次操作
2024-01-25 14:35:49 号码【189（0000 ---> 9999）】处理完毕
2024-01-25 15:08:02 开始第 91 次操作
2024-01-25 15:08:02 号码【189（0000 ---> 9999）】处理完毕
2024-01-25 15:32:48 开始第 91 次操作
2024-01-25 15:32:48 号码【189（0000 ---> 9999）】处理完毕
2024-01-25 16:10:52 开始第 91 次操作
2024-01-25 16:10:52 号码【189（0000 ---> 9999）】处理完毕
2024-01-25 16:34:55 开始第 91 次操作
2024-01-25 16:34:55 号码【189（0000 ---> 9999）】处理完毕
2024-01-25 16:39:54 开始第 91 次操作

2024-01-25 16:39:54 开始操作号码 【1780000】
2024-01-25 16:40:18 GSD getOne 第 1 次 等待 3 秒
2024-01-25 16:40:21 查询号码 【1780000】，返回信息 {"status":"ok","msg":"上海-上海","gid":"251180","time_insert":"2021-07-11 21:52"}
2024-01-25 16:40:21 查询号码 【1780000】，GSD为【"上海-上海"】

2024-01-25 16:40:22 开始第 92 次操作

2024-01-25 16:40:22 开始操作号码 【1780001】
2024-01-25 16:40:47 GSD getOne 第 1 次 等待 3 秒
2024-01-25 16:40:50 查询号码 【1780001】，返回信息 {"status":"ok","msg":"上海-上海","gid":"251273","time_insert":"2021-07-11 22:06"}
2024-01-25 16:40:50 查询号码 【1780001】，GSD为【"上海-上海"】

