2023-12-04 00:09:05 开始第 1305 次操作

2023-12-04 00:09:05 开始操作号码 【1891214】
2023-12-04 00:09:08 GSD getOne 第 1 次 等待 3 秒
2023-12-04 00:09:11 查询号码 【1891214】，返回信息 {"status":"ok","msg":"江苏-扬州","gid":"462780","time_insert":"2021-08-01 02:36"}
2023-12-04 00:09:11 查询号码 【1891214】，GSD为【"江苏-扬州"】

2023-12-04 00:09:12 开始第 1306 次操作

2023-12-04 00:09:12 开始操作号码 【1891215】
2023-12-04 00:09:17 GSD getOne 第 1 次 等待 3 秒
2023-12-04 00:09:20 查询号码 【1891215】，返回信息 {"status":"ok","msg":"江苏-连云港","gid":"462841","time_insert":"2021-08-01 02:50"}
2023-12-04 00:09:20 查询号码 【1891215】，GSD为【"江苏-连云港"】

2023-12-04 00:09:21 开始第 1307 次操作

2023-12-04 00:09:21 开始操作号码 【1891216】
2023-12-04 00:09:24 GSD getOne 第 1 次 等待 3 秒
2023-12-04 00:09:27 查询号码 【1891216】，返回信息 {"status":"ok","msg":"江苏-连云港","gid":"463000","time_insert":"2021-08-01 03:02"}
2023-12-04 00:09:27 查询号码 【1891216】，GSD为【"江苏-连云港"】

2023-12-04 00:09:28 开始第 1308 次操作

2023-12-04 00:09:28 开始操作号码 【1891217】
2023-12-04 00:09:33 GSD getOne 第 1 次 等待 3 秒
2023-12-04 00:09:36 查询号码 【1891217】，返回信息 {"status":"ok","msg":"江苏-连云港","gid":"463146","time_insert":"2021-08-01 03:12"}
2023-12-04 00:09:36 查询号码 【1891217】，GSD为【"江苏-连云港"】

2023-12-04 00:35:25 开始第 1309 次操作

2023-12-04 00:35:25 开始操作号码 【1891218】
2023-12-04 00:35:30 GSD getOne 第 1 次 等待 3 秒
2023-12-04 00:35:33 查询号码 【1891218】，返回信息 {"status":"ok","msg":"江苏-连云港","gid":"463223","time_insert":"2021-08-01 03:22"}
2023-12-04 00:35:33 查询号码 【1891218】，GSD为【"江苏-连云港"】

2023-12-04 00:35:34 开始第 1310 次操作

2023-12-04 00:35:34 开始操作号码 【1891219】
2023-12-04 00:35:37 GSD getOne 第 1 次 等待 3 秒
2023-12-04 00:35:40 查询号码 【1891219】，返回信息 {"status":"ok","msg":"江苏-泰州","gid":"463258","time_insert":"2021-08-01 03:35"}
2023-12-04 00:35:40 查询号码 【1891219】，GSD为【"江苏-泰州"】

2023-12-04 00:35:41 开始第 1311 次操作

2023-12-04 00:35:41 开始操作号码 【1891220】
2023-12-04 00:35:45 GSD getOne 第 1 次 等待 3 秒
2023-12-04 00:35:48 查询号码 【1891220】，返回信息 {"status":"ok","msg":"江苏-南通","gid":"463415","time_insert":"2021-08-01 03:46"}
2023-12-04 00:35:48 查询号码 【1891220】，GSD为【"江苏-南通"】

2023-12-04 00:35:49 开始第 1312 次操作

2023-12-04 00:35:49 开始操作号码 【1891221】
2023-12-04 00:35:54 GSD getOne 第 1 次 等待 3 秒
2023-12-04 00:35:57 查询号码 【1891221】，返回信息 {"status":"ok","msg":"江苏-南通","gid":"463588","time_insert":"2021-08-01 03:56"}
2023-12-04 00:35:57 查询号码 【1891221】，GSD为【"江苏-南通"】

