2023-10-25 00:10:06 开始第 5049 次操作

2023-10-25 00:10:06 开始操作号码 【1994958】
2023-10-25 00:10:09 GSD getOne 第 1 次 等待 3 秒
2023-10-25 00:10:12 查询号码 【1994958】，返回信息 {"status":"ok","msg":"四川-绵阳","gid":"518391","time_insert":"2021-08-19 17:33"}
2023-10-25 00:10:12 查询号码 【1994958】，GSD为【"四川-绵阳"】

2023-10-25 00:10:13 开始第 5050 次操作

2023-10-25 00:10:13 开始操作号码 【1994959】
2023-10-25 00:10:16 GSD getOne 第 1 次 等待 3 秒
2023-10-25 00:10:19 查询号码 【1994959】，返回信息 {"status":"ok","msg":"四川-绵阳","gid":"518392","time_insert":"2021-08-19 17:34"}
2023-10-25 00:10:19 查询号码 【1994959】，GSD为【"四川-绵阳"】

2023-10-25 00:10:20 开始第 5051 次操作

2023-10-25 00:10:20 开始操作号码 【1994960】
2023-10-25 00:10:22 GSD getOne 第 1 次 等待 3 秒
2023-10-25 00:10:25 查询号码 【1994960】，返回信息 {"status":"ok","msg":"四川-成都","gid":"518395","time_insert":"2021-08-19 17:37"}
2023-10-25 00:10:25 查询号码 【1994960】，GSD为【"四川-成都"】

2023-10-25 00:10:26 开始第 5052 次操作

2023-10-25 00:10:26 开始操作号码 【1994961】
2023-10-25 00:10:29 GSD getOne 第 1 次 等待 3 秒
2023-10-25 00:10:32 查询号码 【1994961】，返回信息 {"status":"ok","msg":"四川-成都","gid":"518398","time_insert":"2021-08-19 17:38"}
2023-10-25 00:10:32 查询号码 【1994961】，GSD为【"四川-成都"】

