2024-07-26 00:11:41 开始第 8685 次操作

2024-07-26 00:11:41 开始操作号码 【1568591】
2024-07-26 00:11:51 GSD getOne 第 1 次 等待 3 秒
2024-07-26 00:11:54 查询号码 【1568591】，返回信息 {"status":"ok","msg":"贵州-毕节","gid":"22990","time_insert":"2016-06-08 15:50","time_update":"2020-11-20 16:43"}
2024-07-26 00:11:54 查询号码 【1568591】，GSD为【"贵州-毕节"】

2024-07-26 00:11:55 开始第 8686 次操作

2024-07-26 00:11:55 开始操作号码 【1568592】
2024-07-26 00:12:04 GSD getOne 第 1 次 等待 3 秒
2024-07-26 00:12:07 查询号码 【1568592】，返回信息 {"status":"ok","msg":"贵州-毕节","gid":"382058","time_insert":"2021-07-24 22:06"}
2024-07-26 00:12:07 查询号码 【1568592】，GSD为【"贵州-毕节"】

2024-07-26 00:12:08 开始第 8687 次操作

2024-07-26 00:12:08 开始操作号码 【1568593】
2024-07-26 00:12:16 GSD getOne 第 1 次 等待 3 秒
2024-07-26 00:12:19 查询号码 【1568593】，返回信息 {"status":"ok","msg":"贵州-黔西南","gid":"22991","time_insert":"2018-12-03 08:11","time_update":"2020-11-20 16:48"}
2024-07-26 00:12:19 查询号码 【1568593】，GSD为【"贵州-黔西南"】

2024-07-26 00:12:20 开始第 8688 次操作

2024-07-26 00:12:20 开始操作号码 【1568594】
2024-07-26 00:12:29 GSD getOne 第 1 次 等待 3 秒
2024-07-26 00:12:32 查询号码 【1568594】，返回信息 {"status":"ok","msg":"贵州-黔西南","gid":"382047","time_insert":"2021-07-24 22:05"}
2024-07-26 00:12:32 查询号码 【1568594】，GSD为【"贵州-黔西南"】

