2024-12-08 00:25:50 开始第 8521 次操作

2024-12-08 00:25:50 开始操作号码 【1348520】
2024-12-08 00:25:52 GSD getOne 第 1 次 等待 3 秒
2024-12-08 00:25:55 查询号码 【1348520】，返回信息 {"status":"ok","msg":"江苏-盐城","gid":"318917","time_insert":"2021-07-18 21:10"}
2024-12-08 00:25:55 查询号码 【1348520】，GSD为【"江苏-盐城"】

2024-12-08 00:25:56 开始第 8522 次操作

2024-12-08 00:25:56 开始操作号码 【1348521】
2024-12-08 00:25:57 GSD getOne 第 1 次 等待 3 秒
2024-12-08 00:26:00 查询号码 【1348521】，返回信息 {"status":"ok","msg":"江苏-盐城","gid":"4933","time_insert":"2018-03-15 11:55","time_update":"2020-08-24 01:50"}
2024-12-08 00:26:00 查询号码 【1348521】，GSD为【"江苏-盐城"】

2024-12-08 00:26:01 开始第 8523 次操作

2024-12-08 00:26:01 开始操作号码 【1348522】
2024-12-08 00:26:02 GSD getOne 第 1 次 等待 3 秒
2024-12-08 00:26:05 查询号码 【1348522】，返回信息 {"status":"ok","msg":"江苏-盐城","gid":"318903","time_insert":"2021-07-18 21:09"}
2024-12-08 00:26:05 查询号码 【1348522】，GSD为【"江苏-盐城"】

2024-12-08 00:26:06 开始第 8524 次操作

2024-12-08 00:26:06 开始操作号码 【1348523】
2024-12-08 00:26:07 GSD getOne 第 1 次 等待 3 秒
2024-12-08 00:26:10 查询号码 【1348523】，返回信息 {"status":"ok","msg":"江苏-盐城","gid":"318888","time_insert":"2021-07-18 21:08"}
2024-12-08 00:26:10 查询号码 【1348523】，GSD为【"江苏-盐城"】

2024-12-08 00:45:36 开始第 8525 次操作

2024-12-08 00:45:36 开始操作号码 【1348524】
2024-12-08 00:45:37 GSD getOne 第 1 次 等待 3 秒
2024-12-08 00:45:40 查询号码 【1348524】，返回信息 {"status":"ok","msg":"江苏-盐城","gid":"318875","time_insert":"2021-07-18 21:07"}
2024-12-08 00:45:40 查询号码 【1348524】，GSD为【"江苏-盐城"】

2024-12-08 00:45:41 开始第 8526 次操作

2024-12-08 00:45:41 开始操作号码 【1348525】
2024-12-08 00:45:43 GSD getOne 第 1 次 等待 3 秒
2024-12-08 00:45:46 查询号码 【1348525】，返回信息 {"status":"ok","msg":"江苏-盐城","gid":"318864","time_insert":"2021-07-18 21:06"}
2024-12-08 00:45:46 查询号码 【1348525】，GSD为【"江苏-盐城"】

2024-12-08 00:45:47 开始第 8527 次操作

2024-12-08 00:45:47 开始操作号码 【1348526】
2024-12-08 00:45:49 GSD getOne 第 1 次 等待 3 秒
2024-12-08 00:45:52 查询号码 【1348526】，返回信息 {"status":"ok","msg":"江苏-盐城","gid":"318850","time_insert":"2021-07-18 21:05"}
2024-12-08 00:45:52 查询号码 【1348526】，GSD为【"江苏-盐城"】

2024-12-08 00:45:53 开始第 8528 次操作

2024-12-08 00:45:53 开始操作号码 【1348527】
2024-12-08 00:45:55 GSD getOne 第 1 次 等待 3 秒
2024-12-08 00:45:58 查询号码 【1348527】，返回信息 {"status":"ok","msg":"江苏-盐城","gid":"318838","time_insert":"2021-07-18 21:04"}
2024-12-08 00:45:58 查询号码 【1348527】，GSD为【"江苏-盐城"】

