2024-05-03 00:09:39 开始第 6989 次操作

2024-05-03 00:09:39 开始操作号码 【1676899】
2024-05-03 00:09:46 GSD getOne 第 1 次 等待 3 秒
2024-05-03 00:09:49 查询号码 【1676899】，返回信息 {"status":"ok","msg":"山东-济南","gid":"300647","time_insert":"2021-07-17 06:41","time_update":"2023-09-06 22:35"}
2024-05-03 00:09:49 查询号码 【1676899】，GSD为【"山东-济南"】

2024-05-03 00:09:50 开始第 6990 次操作

2024-05-03 00:09:50 开始操作号码 【1676900】
2024-05-03 00:10:13 GSD getOne 第 1 次 等待 3 秒
2024-05-03 00:10:16 查询号码 【1676900】，返回信息 {"status":"ok","msg":"河南-郑州","gid":"300654","time_insert":"2021-07-17 06:42","time_update":"2023-09-06 22:37"}
2024-05-03 00:10:16 查询号码 【1676900】，GSD为【"河南-郑州"】

2024-05-03 00:10:17 开始第 6991 次操作

2024-05-03 00:10:17 开始操作号码 【1676901】
2024-05-03 00:10:23 GSD getOne 第 1 次 等待 3 秒
2024-05-03 00:10:26 查询号码 【1676901】，返回信息 {"status":"ok","msg":"浙江-丽水","gid":"300661","time_insert":"2021-07-17 06:42","time_update":"2023-09-06 22:40"}
2024-05-03 00:10:26 查询号码 【1676901】，GSD为【"浙江-丽水"】

2024-05-03 00:10:27 开始第 6992 次操作

2024-05-03 00:10:27 开始操作号码 【1676902】
2024-05-03 00:10:36 GSD getOne 第 1 次 等待 3 秒
2024-05-03 00:10:39 查询号码 【1676902】，返回信息 {"status":"ok","msg":"四川-广安","gid":"300670","time_insert":"2021-07-17 06:43","time_update":"2023-09-06 22:42"}
2024-05-03 00:10:39 查询号码 【1676902】，GSD为【"四川-广安"】

