2024-03-01 00:09:12 开始第 6589 次操作

2024-03-01 00:09:12 开始操作号码 【1786498】
2024-03-01 00:09:16 GSD getOne 第 1 次 等待 3 秒
2024-03-01 00:09:19 查询号码 【1786498】，返回信息 {"status":"ok","msg":"山东-德州","gid":"291354","time_insert":"2021-07-16 07:41"}
2024-03-01 00:09:19 查询号码 【1786498】，GSD为【"山东-德州"】

2024-03-01 00:09:20 开始第 6590 次操作

2024-03-01 00:09:20 开始操作号码 【1786499】
2024-03-01 00:09:26 GSD getOne 第 1 次 等待 3 秒
2024-03-01 00:09:29 查询号码 【1786499】，返回信息 {"status":"ok","msg":"山东-德州","gid":"291345","time_insert":"2021-07-16 07:40"}
2024-03-01 00:09:30 查询号码 【1786499】，GSD为【"山东-德州"】

2024-03-01 00:09:31 开始第 6591 次操作

2024-03-01 00:09:31 开始操作号码 【1786500】
2024-03-01 00:09:35 GSD getOne 第 1 次 等待 3 秒
2024-03-01 00:09:38 查询号码 【1786500】，返回信息 {"status":"ok","msg":"山东-菏泽","gid":"291340","time_insert":"2021-07-16 07:39"}
2024-03-01 00:09:38 查询号码 【1786500】，GSD为【"山东-菏泽"】

2024-03-01 00:09:39 开始第 6592 次操作

2024-03-01 00:09:39 开始操作号码 【1786501】
2024-03-01 00:09:45 GSD getOne 第 1 次 等待 3 秒
2024-03-01 00:09:48 查询号码 【1786501】，返回信息 {"status":"ok","msg":"山东-菏泽","gid":"291334","time_insert":"2021-07-16 07:39"}
2024-03-01 00:09:48 查询号码 【1786501】，GSD为【"山东-菏泽"】

