2024-04-01 00:08:32 开始第 1277 次操作

2024-04-01 00:08:32 开始操作号码 【1671187】
2024-04-01 00:08:39 GSD getOne 第 1 次 等待 3 秒
2024-04-01 00:08:42 查询号码 【1671187】，返回信息 {"status":"ok","msg":"安徽-合肥","gid":"229238","time_insert":"2021-07-09 07:43"}
2024-04-01 00:08:42 查询号码 【1671187】，GSD为【"安徽-合肥"】

2024-04-01 00:08:43 开始第 1278 次操作

2024-04-01 00:08:43 开始操作号码 【1671188】
2024-04-01 00:08:49 GSD getOne 第 1 次 等待 3 秒
2024-04-01 00:08:52 查询号码 【1671188】，返回信息 {"status":"ok","msg":"安徽-合肥","gid":"229245","time_insert":"2021-07-09 07:43"}
2024-04-01 00:08:52 查询号码 【1671188】，GSD为【"安徽-合肥"】

2024-04-01 00:08:53 开始第 1279 次操作

2024-04-01 00:08:53 开始操作号码 【1671189】
2024-04-01 00:08:58 GSD getOne 第 1 次 等待 3 秒
2024-04-01 00:09:01 查询号码 【1671189】，返回信息 {"status":"ok","msg":"安徽-合肥","gid":"229248","time_insert":"2021-07-09 07:43"}
2024-04-01 00:09:01 查询号码 【1671189】，GSD为【"安徽-合肥"】

2024-04-01 00:09:02 开始第 1280 次操作

2024-04-01 00:09:02 开始操作号码 【1671190】
2024-04-01 00:09:07 GSD getOne 第 1 次 等待 3 秒
2024-04-01 00:09:10 查询号码 【1671190】，返回信息 {"status":"ok","msg":"安徽-阜阳","gid":"229256","time_insert":"2021-07-09 07:44"}
2024-04-01 00:09:10 查询号码 【1671190】，GSD为【"安徽-阜阳"】

