2023-10-20 00:10:00 开始第 4129 次操作

2023-10-20 00:10:00 开始操作号码 【1994038】
2023-10-20 00:10:02 GSD getOne 第 1 次 等待 3 秒
2023-10-20 00:10:05 查询号码 【1994038】，返回信息 {"status":"ok","msg":"-","gid":"513556","time_insert":"2021-08-16 19:47"}
2023-10-20 00:10:05 查询号码 【1994038】，GSD为【"-"】
2023-10-20 00:10:05 ok && -
2023-10-20 00:10:07 CHB 1994038?1697731805 第 1 次 等待 3 秒
2023-10-20 00:10:10 CHB 1994038?1697731805 第 1 次 获取到号码【1994038】GSD
2023-10-20 00:10:10 未获取到号码【1994038】GSD，可能号码格式错误
2023-10-20 00:10:10 获取到号码【1994038】的GSD为【-】
2023-10-20 00:10:13 GSD insert 第 1 次 等待 3 秒
2023-10-20 00:10:16 {"status":"bad","gid":"513556","msg":"添加失败！号码【1994038(-|-)】已存在！"}
2023-10-20 00:10:16 随机等待 87 秒，约 1 分钟
2023-10-20 00:10:16 下次操作: 2023-10-20 00:11:43

2023-10-20 00:11:43 开始第 4130 次操作

2023-10-20 00:11:43 开始操作号码 【1994039】
2023-10-20 00:11:46 GSD getOne 第 1 次 等待 3 秒
2023-10-20 00:11:49 查询号码 【1994039】，返回信息 {"status":"ok","msg":"-","gid":"513567","time_insert":"2021-08-16 19:56"}
2023-10-20 00:11:49 查询号码 【1994039】，GSD为【"-"】
2023-10-20 00:11:49 ok && -
2023-10-20 00:11:51 CHB 1994039?1697731909 第 1 次 等待 3 秒
2023-10-20 00:11:54 CHB 1994039?1697731909 第 1 次 获取到号码【1994039】GSD
2023-10-20 00:11:54 未获取到号码【1994039】GSD，可能号码格式错误
2023-10-20 00:11:54 获取到号码【1994039】的GSD为【-】
2023-10-20 00:11:57 GSD insert 第 1 次 等待 3 秒
2023-10-20 00:12:00 {"status":"bad","gid":"513567","msg":"添加失败！号码【1994039(-|-)】已存在！"}
2023-10-20 00:12:00 随机等待 134 秒，约 2 分钟
2023-10-20 00:12:00 下次操作: 2023-10-20 00:14:14

2023-10-20 00:14:14 开始第 4131 次操作

2023-10-20 00:14:14 开始操作号码 【1994040】
2023-10-20 00:14:25 GSD getOne 第 1 次 等待 3 秒
2023-10-20 00:14:28 查询号码 【1994040】，返回信息 {"status":"ok","msg":"-","gid":"513582","time_insert":"2021-08-16 20:06"}
2023-10-20 00:14:28 查询号码 【1994040】，GSD为【"-"】
2023-10-20 00:14:28 ok && -
2023-10-20 00:14:30 CHB 1994040?1697732068 第 1 次 等待 3 秒
2023-10-20 00:14:33 CHB 1994040?1697732068 第 1 次 获取到号码【1994040】GSD
2023-10-20 00:14:33 未获取到号码【1994040】GSD，可能号码格式错误
2023-10-20 00:14:33 获取到号码【1994040】的GSD为【-】
2023-10-20 00:14:48 GSD insert 第 1 次 等待 3 秒
2023-10-20 00:14:51 {"status":"bad","gid":"513582","msg":"添加失败！号码【1994040(-|-)】已存在！"}
2023-10-20 00:14:51 随机等待 66 秒，约 1 分钟
2023-10-20 00:14:51 下次操作: 2023-10-20 00:15:57

2023-10-20 00:15:57 开始第 4132 次操作

2023-10-20 00:15:57 开始操作号码 【1994041】
2023-10-20 00:16:00 GSD getOne 第 1 次 等待 3 秒
2023-10-20 00:16:03 查询号码 【1994041】，返回信息 {"status":"ok","msg":"-","gid":"513593","time_insert":"2021-08-16 20:14"}
2023-10-20 00:16:03 查询号码 【1994041】，GSD为【"-"】
2023-10-20 00:16:03 ok && -
2023-10-20 00:16:04 CHB 1994041?1697732163 第 1 次 等待 3 秒
2023-10-20 00:16:07 CHB 1994041?1697732163 第 1 次 获取到号码【1994041】GSD
2023-10-20 00:16:07 未获取到号码【1994041】GSD，可能号码格式错误
2023-10-20 00:16:07 获取到号码【1994041】的GSD为【-】
2023-10-20 00:16:10 GSD insert 第 1 次 等待 3 秒
2023-10-20 00:16:13 {"status":"bad","gid":"513593","msg":"添加失败！号码【1994041(-|-)】已存在！"}

2023-10-20 00:36:15 开始第 4133 次操作

2023-10-20 00:36:15 开始操作号码 【1994042】
2023-10-20 00:36:20 GSD getOne 第 1 次 等待 3 秒
2023-10-20 00:36:23 查询号码 【1994042】，返回信息 {"status":"ok","msg":"-","gid":"513604","time_insert":"2021-08-16 20:24"}
2023-10-20 00:36:23 查询号码 【1994042】，GSD为【"-"】
2023-10-20 00:36:23 ok && -
2023-10-20 00:36:30 CHB 1994042?1697733383 第 1 次 等待 3 秒
2023-10-20 00:36:33 CHB 1994042?1697733383 第 1 次 获取到号码【1994042】GSD
2023-10-20 00:36:33 未获取到号码【1994042】GSD，可能号码格式错误
2023-10-20 00:36:33 获取到号码【1994042】的GSD为【-】
2023-10-20 00:36:36 GSD insert 第 1 次 等待 3 秒
2023-10-20 00:36:39 {"status":"bad","gid":"513604","msg":"添加失败！号码【1994042(-|-)】已存在！"}
2023-10-20 00:36:39 随机等待 143 秒，约 2 分钟
2023-10-20 00:36:39 下次操作: 2023-10-20 00:39:02

2023-10-20 00:39:02 开始第 4134 次操作

2023-10-20 00:39:02 开始操作号码 【1994043】
2023-10-20 00:39:05 GSD getOne 第 1 次 等待 3 秒
2023-10-20 00:39:08 查询号码 【1994043】，返回信息 {"status":"ok","msg":"-","gid":"513617","time_insert":"2021-08-16 20:33"}
2023-10-20 00:39:08 查询号码 【1994043】，GSD为【"-"】
2023-10-20 00:39:08 ok && -
2023-10-20 00:39:14 CHB 1994043?1697733548 第 1 次 等待 3 秒
2023-10-20 00:39:17 CHB 1994043?1697733548 第 1 次 获取到号码【1994043】GSD
2023-10-20 00:39:17 未获取到号码【1994043】GSD，可能号码格式错误
2023-10-20 00:39:17 获取到号码【1994043】的GSD为【-】
2023-10-20 00:39:24 GSD insert 第 1 次 等待 3 秒
2023-10-20 00:39:27 {"status":"bad","gid":"513617","msg":"添加失败！号码【1994043(-|-)】已存在！"}
2023-10-20 00:39:27 随机等待 81 秒，约 1 分钟
2023-10-20 00:39:27 下次操作: 2023-10-20 00:40:48

2023-10-20 00:40:48 开始第 4135 次操作

2023-10-20 00:40:48 开始操作号码 【1994044】
2023-10-20 00:40:51 GSD getOne 第 1 次 等待 3 秒
2023-10-20 00:40:54 查询号码 【1994044】，返回信息 {"status":"ok","msg":"-","gid":"513631","time_insert":"2021-08-16 20:42"}
2023-10-20 00:40:54 查询号码 【1994044】，GSD为【"-"】
2023-10-20 00:40:54 ok && -
2023-10-20 00:40:56 CHB 1994044?1697733654 第 1 次 等待 3 秒
2023-10-20 00:40:59 CHB 1994044?1697733654 第 1 次 获取到号码【1994044】GSD
2023-10-20 00:40:59 未获取到号码【1994044】GSD，可能号码格式错误
2023-10-20 00:40:59 获取到号码【1994044】的GSD为【-】
2023-10-20 00:41:08 GSD insert 第 1 次 等待 3 秒
2023-10-20 00:41:11 {"status":"bad","gid":"513631","msg":"添加失败！号码【1994044(-|-)】已存在！"}
2023-10-20 00:41:11 随机等待 176 秒，约 2 分钟
2023-10-20 00:41:11 下次操作: 2023-10-20 00:44:07

2023-10-20 00:44:07 开始第 4136 次操作

2023-10-20 00:44:07 开始操作号码 【1994045】
2023-10-20 00:44:12 GSD getOne 第 1 次 等待 3 秒
2023-10-20 00:44:15 查询号码 【1994045】，返回信息 {"status":"ok","msg":"-","gid":"513641","time_insert":"2021-08-16 20:51"}
2023-10-20 00:44:15 查询号码 【1994045】，GSD为【"-"】
2023-10-20 00:44:15 ok && -
2023-10-20 00:44:21 CHB 1994045?1697733855 第 1 次 等待 3 秒
2023-10-20 00:44:24 CHB 1994045?1697733855 第 1 次 获取到号码【1994045】GSD
2023-10-20 00:44:24 未获取到号码【1994045】GSD，可能号码格式错误
2023-10-20 00:44:24 获取到号码【1994045】的GSD为【-】
2023-10-20 00:44:27 GSD insert 第 1 次 等待 3 秒
2023-10-20 00:44:30 {"status":"bad","gid":"513641","msg":"添加失败！号码【1994045(-|-)】已存在！"}

