2024-03-07 00:09:45 开始第 7645 次操作

2024-03-07 00:09:45 开始操作号码 【1787554】
2024-03-07 00:09:49 GSD getOne 第 1 次 等待 3 秒
2024-03-07 00:09:52 查询号码 【1787554】，返回信息 {"status":"ok","msg":"广东-韶关","gid":"280194","time_insert":"2021-07-15 04:44"}
2024-03-07 00:09:52 查询号码 【1787554】，GSD为【"广东-韶关"】

2024-03-07 00:09:53 开始第 7646 次操作

2024-03-07 00:09:53 开始操作号码 【1787555】
2024-03-07 00:10:00 GSD getOne 第 1 次 等待 3 秒
2024-03-07 00:10:03 查询号码 【1787555】，返回信息 {"status":"ok","msg":"广东-东莞","gid":"280189","time_insert":"2021-07-15 04:44"}
2024-03-07 00:10:03 查询号码 【1787555】，GSD为【"广东-东莞"】

2024-03-07 00:10:04 开始第 7647 次操作

2024-03-07 00:10:04 开始操作号码 【1787556】
2024-03-07 00:10:08 GSD getOne 第 1 次 等待 3 秒
2024-03-07 00:10:11 查询号码 【1787556】，返回信息 {"status":"ok","msg":"广东-阳江","gid":"280183","time_insert":"2021-07-15 04:43"}
2024-03-07 00:10:11 查询号码 【1787556】，GSD为【"广东-阳江"】

2024-03-07 00:10:12 开始第 7648 次操作

2024-03-07 00:10:12 开始操作号码 【1787557】
2024-03-07 00:10:17 GSD getOne 第 1 次 等待 3 秒
2024-03-07 00:10:20 查询号码 【1787557】，返回信息 {"status":"ok","msg":"广东-广州","gid":"280176","time_insert":"2021-07-15 04:43"}
2024-03-07 00:10:20 查询号码 【1787557】，GSD为【"广东-广州"】

2024-03-07 00:35:44 开始第 7649 次操作

2024-03-07 00:35:44 开始操作号码 【1787558】
2024-03-07 00:35:49 GSD getOne 第 1 次 等待 3 秒
2024-03-07 00:35:52 查询号码 【1787558】，返回信息 {"status":"ok","msg":"广东-湛江","gid":"280167","time_insert":"2021-07-15 04:43"}
2024-03-07 00:35:52 查询号码 【1787558】，GSD为【"广东-湛江"】

2024-03-07 00:35:53 开始第 7650 次操作

2024-03-07 00:35:53 开始操作号码 【1787559】
2024-03-07 00:36:00 GSD getOne 第 1 次 等待 3 秒
2024-03-07 00:36:03 查询号码 【1787559】，返回信息 {"status":"ok","msg":"广东-茂名","gid":"280156","time_insert":"2021-07-15 04:42"}
2024-03-07 00:36:03 查询号码 【1787559】，GSD为【"广东-茂名"】

2024-03-07 00:36:04 开始第 7651 次操作

2024-03-07 00:36:04 开始操作号码 【1787560】
2024-03-07 00:36:09 GSD getOne 第 1 次 等待 3 秒
2024-03-07 00:36:12 查询号码 【1787560】，返回信息 {"status":"ok","msg":"广东-珠海","gid":"280148","time_insert":"2021-07-15 04:42"}
2024-03-07 00:36:12 查询号码 【1787560】，GSD为【"广东-珠海"】

2024-03-07 00:36:13 开始第 7652 次操作

2024-03-07 00:36:13 开始操作号码 【1787561】
2024-03-07 00:36:18 GSD getOne 第 1 次 等待 3 秒
2024-03-07 00:36:21 查询号码 【1787561】，返回信息 {"status":"ok","msg":"广东-梅州","gid":"280143","time_insert":"2021-07-15 04:41"}
2024-03-07 00:36:21 查询号码 【1787561】，GSD为【"广东-梅州"】

2024-03-07 01:07:47 开始第 7653 次操作

2024-03-07 01:07:47 开始操作号码 【1787562】
2024-03-07 01:07:52 GSD getOne 第 1 次 等待 3 秒
2024-03-07 01:07:55 查询号码 【1787562】，返回信息 {"status":"ok","msg":"广东-茂名","gid":"280136","time_insert":"2021-07-15 04:41"}
2024-03-07 01:07:55 查询号码 【1787562】，GSD为【"广东-茂名"】

2024-03-07 01:07:56 开始第 7654 次操作

2024-03-07 01:07:56 开始操作号码 【1787563】
2024-03-07 01:08:02 GSD getOne 第 1 次 等待 3 秒
2024-03-07 01:08:05 查询号码 【1787563】，返回信息 {"status":"ok","msg":"广东-东莞","gid":"280132","time_insert":"2021-07-15 04:41"}
2024-03-07 01:08:05 查询号码 【1787563】，GSD为【"广东-东莞"】

2024-03-07 01:08:06 开始第 7655 次操作

2024-03-07 01:08:06 开始操作号码 【1787564】
2024-03-07 01:08:11 GSD getOne 第 1 次 等待 3 秒
2024-03-07 01:08:14 查询号码 【1787564】，返回信息 {"status":"ok","msg":"广东-茂名","gid":"280125","time_insert":"2021-07-15 04:40"}
2024-03-07 01:08:14 查询号码 【1787564】，GSD为【"广东-茂名"】

2024-03-07 01:08:15 开始第 7656 次操作

2024-03-07 01:08:15 开始操作号码 【1787565】
2024-03-07 01:08:21 GSD getOne 第 1 次 等待 3 秒
2024-03-07 01:08:24 查询号码 【1787565】，返回信息 {"status":"ok","msg":"广东-阳江","gid":"280115","time_insert":"2021-07-15 04:40"}
2024-03-07 01:08:24 查询号码 【1787565】，GSD为【"广东-阳江"】

2024-03-07 01:32:21 开始第 7657 次操作

2024-03-07 01:32:21 开始操作号码 【1787566】
2024-03-07 01:32:26 GSD getOne 第 1 次 等待 3 秒
2024-03-07 01:32:29 查询号码 【1787566】，返回信息 {"status":"ok","msg":"广东-潮州","gid":"280105","time_insert":"2021-07-15 04:40"}
2024-03-07 01:32:29 查询号码 【1787566】，GSD为【"广东-潮州"】

2024-03-07 01:32:30 开始第 7658 次操作

2024-03-07 01:32:30 开始操作号码 【1787567】
2024-03-07 01:32:35 GSD getOne 第 1 次 等待 3 秒
2024-03-07 01:32:38 查询号码 【1787567】，返回信息 {"status":"ok","msg":"广东-广州","gid":"280099","time_insert":"2021-07-15 04:39"}
2024-03-07 01:32:38 查询号码 【1787567】，GSD为【"广东-广州"】

2024-03-07 01:32:39 开始第 7659 次操作

2024-03-07 01:32:39 开始操作号码 【1787568】
2024-03-07 01:32:44 GSD getOne 第 1 次 等待 3 秒
2024-03-07 01:32:47 查询号码 【1787568】，返回信息 {"status":"ok","msg":"广东-茂名","gid":"280092","time_insert":"2021-07-15 04:39"}
2024-03-07 01:32:47 查询号码 【1787568】，GSD为【"广东-茂名"】

2024-03-07 01:32:48 开始第 7660 次操作

2024-03-07 01:32:48 开始操作号码 【1787569】
2024-03-07 01:32:52 GSD getOne 第 1 次 等待 3 秒
2024-03-07 01:32:55 查询号码 【1787569】，返回信息 {"status":"ok","msg":"广东-湛江","gid":"280085","time_insert":"2021-07-15 04:38"}
2024-03-07 01:32:55 查询号码 【1787569】，GSD为【"广东-湛江"】

2024-03-07 02:10:16 开始第 7661 次操作

2024-03-07 02:10:16 开始操作号码 【1787570】
2024-03-07 02:10:21 GSD getOne 第 1 次 等待 3 秒
2024-03-07 02:10:24 查询号码 【1787570】，返回信息 {"status":"ok","msg":"广东-佛山","gid":"280077","time_insert":"2021-07-15 04:38"}
2024-03-07 02:10:24 查询号码 【1787570】，GSD为【"广东-佛山"】

2024-03-07 02:10:25 开始第 7662 次操作

2024-03-07 02:10:25 开始操作号码 【1787571】
2024-03-07 02:10:30 GSD getOne 第 1 次 等待 3 秒
2024-03-07 02:10:33 查询号码 【1787571】，返回信息 {"status":"ok","msg":"广东-广州","gid":"280071","time_insert":"2021-07-15 04:38"}
2024-03-07 02:10:33 查询号码 【1787571】，GSD为【"广东-广州"】

2024-03-07 02:10:34 开始第 7663 次操作

2024-03-07 02:10:34 开始操作号码 【1787572】
2024-03-07 02:10:40 GSD getOne 第 1 次 等待 3 秒
2024-03-07 02:10:43 查询号码 【1787572】，返回信息 {"status":"ok","msg":"广东-茂名","gid":"279923","time_insert":"2021-07-15 03:48"}
2024-03-07 02:10:43 查询号码 【1787572】，GSD为【"广东-茂名"】

2024-03-07 02:10:44 开始第 7664 次操作

2024-03-07 02:10:44 开始操作号码 【1787573】
2024-03-07 02:10:48 GSD getOne 第 1 次 等待 3 秒
2024-03-07 02:10:51 查询号码 【1787573】，返回信息 {"status":"ok","msg":"广东-梅州","gid":"279918","time_insert":"2021-07-15 03:47"}
2024-03-07 02:10:51 查询号码 【1787573】，GSD为【"广东-梅州"】

2024-03-07 02:32:27 开始第 7665 次操作

2024-03-07 02:32:27 开始操作号码 【1787574】
2024-03-07 02:32:31 GSD getOne 第 1 次 等待 3 秒
2024-03-07 02:32:34 查询号码 【1787574】，返回信息 {"status":"ok","msg":"广东-深圳","gid":"279914","time_insert":"2021-07-15 03:47"}
2024-03-07 02:32:34 查询号码 【1787574】，GSD为【"广东-深圳"】

2024-03-07 02:32:35 开始第 7666 次操作

2024-03-07 02:32:35 开始操作号码 【1787575】
2024-03-07 02:32:40 GSD getOne 第 1 次 等待 3 秒
2024-03-07 02:32:43 查询号码 【1787575】，返回信息 {"status":"ok","msg":"广东-佛山","gid":"279909","time_insert":"2021-07-15 03:47"}
2024-03-07 02:32:43 查询号码 【1787575】，GSD为【"广东-佛山"】

2024-03-07 02:32:44 开始第 7667 次操作

2024-03-07 02:32:44 开始操作号码 【1787576】
2024-03-07 02:32:48 GSD getOne 第 1 次 等待 3 秒
2024-03-07 02:32:51 查询号码 【1787576】，返回信息 {"status":"ok","msg":"广东-揭阳","gid":"31695","time_insert":"2017-05-30 14:16","time_update":"2020-10-01 04:50"}
2024-03-07 02:32:51 查询号码 【1787576】，GSD为【"广东-揭阳"】

2024-03-07 02:32:52 开始第 7668 次操作

2024-03-07 02:32:52 开始操作号码 【1787577】
2024-03-07 02:32:57 GSD getOne 第 1 次 等待 3 秒
2024-03-07 02:33:00 查询号码 【1787577】，返回信息 {"status":"ok","msg":"广东-梅州","gid":"279902","time_insert":"2021-07-15 03:46"}
2024-03-07 02:33:00 查询号码 【1787577】，GSD为【"广东-梅州"】

2024-03-07 03:05:54 开始第 7669 次操作

2024-03-07 03:05:54 开始操作号码 【1787578】
2024-03-07 03:06:02 GSD getOne 第 1 次 等待 3 秒
2024-03-07 03:06:05 查询号码 【1787578】，返回信息 {"status":"ok","msg":"广东-湛江","gid":"279894","time_insert":"2021-07-15 03:46"}
2024-03-07 03:06:05 查询号码 【1787578】，GSD为【"广东-湛江"】

2024-03-07 03:06:06 开始第 7670 次操作

2024-03-07 03:06:06 开始操作号码 【1787579】
2024-03-07 03:06:10 GSD getOne 第 1 次 等待 3 秒
2024-03-07 03:06:13 查询号码 【1787579】，返回信息 {"status":"ok","msg":"广东-阳江","gid":"279888","time_insert":"2021-07-15 03:45"}
2024-03-07 03:06:13 查询号码 【1787579】，GSD为【"广东-阳江"】

2024-03-07 03:06:14 开始第 7671 次操作

2024-03-07 03:06:14 开始操作号码 【1787580】
2024-03-07 03:06:18 GSD getOne 第 1 次 等待 3 秒
2024-03-07 03:06:21 查询号码 【1787580】，返回信息 {"status":"ok","msg":"广东-肇庆","gid":"279882","time_insert":"2021-07-15 03:45"}
2024-03-07 03:06:22 查询号码 【1787580】，GSD为【"广东-肇庆"】

2024-03-07 03:06:23 开始第 7672 次操作

2024-03-07 03:06:23 开始操作号码 【1787581】
2024-03-07 03:06:27 GSD getOne 第 1 次 等待 3 秒
2024-03-07 03:06:30 查询号码 【1787581】，返回信息 {"status":"ok","msg":"广东-广州","gid":"279873","time_insert":"2021-07-15 03:45"}
2024-03-07 03:06:31 查询号码 【1787581】，GSD为【"广东-广州"】

