2023-12-31 00:08:57 开始第 6273 次操作

2023-12-31 00:08:57 开始操作号码 【1896182】
2023-12-31 00:09:00 GSD getOne 第 1 次 等待 3 秒
2023-12-31 00:09:03 查询号码 【1896182】，返回信息 {"status":"ok","msg":"江苏-无锡","gid":"465306","time_insert":"2021-08-01 07:48"}
2023-12-31 00:09:03 查询号码 【1896182】，GSD为【"江苏-无锡"】

2023-12-31 00:09:04 开始第 6274 次操作

2023-12-31 00:09:04 开始操作号码 【1896183】
2023-12-31 00:09:08 GSD getOne 第 1 次 等待 3 秒
2023-12-31 00:09:11 查询号码 【1896183】，返回信息 {"status":"ok","msg":"江苏-无锡","gid":"465296","time_insert":"2021-08-01 07:47"}
2023-12-31 00:09:11 查询号码 【1896183】，GSD为【"江苏-无锡"】

2023-12-31 00:09:12 开始第 6275 次操作

2023-12-31 00:09:12 开始操作号码 【1896184】
2023-12-31 00:09:15 GSD getOne 第 1 次 等待 3 秒
2023-12-31 00:09:18 查询号码 【1896184】，返回信息 {"status":"ok","msg":"江苏-无锡","gid":"45238","time_insert":"2016-11-09 17:02","time_update":"2020-08-26 22:04"}
2023-12-31 00:09:18 查询号码 【1896184】，GSD为【"江苏-无锡"】

2023-12-31 00:09:19 开始第 6276 次操作

2023-12-31 00:09:19 开始操作号码 【1896185】
2023-12-31 00:09:22 GSD getOne 第 1 次 等待 3 秒
2023-12-31 00:09:25 查询号码 【1896185】，返回信息 {"status":"ok","msg":"江苏-无锡","gid":"465283","time_insert":"2021-08-01 07:46"}
2023-12-31 00:09:25 查询号码 【1896185】，GSD为【"江苏-无锡"】

2023-12-31 00:35:19 开始第 6277 次操作

2023-12-31 00:35:19 开始操作号码 【1896186】
2023-12-31 00:35:24 GSD getOne 第 1 次 等待 3 秒
2023-12-31 00:35:27 查询号码 【1896186】，返回信息 {"status":"ok","msg":"江苏-无锡","gid":"465273","time_insert":"2021-08-01 07:46"}
2023-12-31 00:35:27 查询号码 【1896186】，GSD为【"江苏-无锡"】

2023-12-31 00:35:28 开始第 6278 次操作

2023-12-31 00:35:28 开始操作号码 【1896187】
2023-12-31 00:35:31 GSD getOne 第 1 次 等待 3 秒
2023-12-31 00:35:34 查询号码 【1896187】，返回信息 {"status":"ok","msg":"江苏-无锡","gid":"465260","time_insert":"2021-08-01 07:45"}
2023-12-31 00:35:34 查询号码 【1896187】，GSD为【"江苏-无锡"】

2023-12-31 00:35:35 开始第 6279 次操作

2023-12-31 00:35:35 开始操作号码 【1896188】
2023-12-31 00:35:39 GSD getOne 第 1 次 等待 3 秒
2023-12-31 00:35:42 查询号码 【1896188】，返回信息 {"status":"ok","msg":"江苏-无锡","gid":"465252","time_insert":"2021-08-01 07:44"}
2023-12-31 00:35:42 查询号码 【1896188】，GSD为【"江苏-无锡"】

2023-12-31 00:35:43 开始第 6280 次操作

2023-12-31 00:35:43 开始操作号码 【1896189】
2023-12-31 00:35:47 GSD getOne 第 1 次 等待 3 秒
2023-12-31 00:35:50 查询号码 【1896189】，返回信息 {"status":"ok","msg":"江苏-无锡","gid":"465239","time_insert":"2021-08-01 07:44"}
2023-12-31 00:35:50 查询号码 【1896189】，GSD为【"江苏-无锡"】

2023-12-31 01:06:26 开始第 6281 次操作

2023-12-31 01:06:26 开始操作号码 【1896190】
2023-12-31 01:06:29 GSD getOne 第 1 次 等待 3 秒
2023-12-31 01:06:32 查询号码 【1896190】，返回信息 {"status":"ok","msg":"江苏-盐城","gid":"465226","time_insert":"2021-08-01 07:43"}
2023-12-31 01:06:32 查询号码 【1896190】，GSD为【"江苏-盐城"】

2023-12-31 01:06:33 开始第 6282 次操作

2023-12-31 01:06:33 开始操作号码 【1896191】
2023-12-31 01:06:39 GSD getOne 第 1 次 等待 3 秒
2023-12-31 01:06:42 查询号码 【1896191】，返回信息 {"status":"ok","msg":"江苏-盐城","gid":"465215","time_insert":"2021-08-01 07:42"}
2023-12-31 01:06:42 查询号码 【1896191】，GSD为【"江苏-盐城"】

2023-12-31 01:06:43 开始第 6283 次操作

2023-12-31 01:06:43 开始操作号码 【1896192】
2023-12-31 01:06:47 GSD getOne 第 1 次 等待 3 秒
2023-12-31 01:06:50 查询号码 【1896192】，返回信息 {"status":"ok","msg":"江苏-盐城","gid":"465206","time_insert":"2021-08-01 07:42"}
2023-12-31 01:06:50 查询号码 【1896192】，GSD为【"江苏-盐城"】

2023-12-31 01:06:51 开始第 6284 次操作

2023-12-31 01:06:51 开始操作号码 【1896193】
2023-12-31 01:06:54 GSD getOne 第 1 次 等待 3 秒
2023-12-31 01:06:57 查询号码 【1896193】，返回信息 {"status":"ok","msg":"江苏-盐城","gid":"465197","time_insert":"2021-08-01 07:41"}
2023-12-31 01:06:57 查询号码 【1896193】，GSD为【"江苏-盐城"】

2023-12-31 01:32:26 开始第 6285 次操作

2023-12-31 01:32:26 开始操作号码 【1896194】
2023-12-31 01:32:31 GSD getOne 第 1 次 等待 3 秒
2023-12-31 01:32:34 查询号码 【1896194】，返回信息 {"status":"ok","msg":"江苏-盐城","gid":"465188","time_insert":"2021-08-01 07:41"}
2023-12-31 01:32:34 查询号码 【1896194】，GSD为【"江苏-盐城"】

2023-12-31 01:32:35 开始第 6286 次操作

2023-12-31 01:32:35 开始操作号码 【1896195】
2023-12-31 01:32:42 GSD getOne 第 1 次 等待 3 秒
2023-12-31 01:32:45 查询号码 【1896195】，返回信息 {"status":"ok","msg":"江苏-盐城","gid":"465180","time_insert":"2021-08-01 07:40"}
2023-12-31 01:32:45 查询号码 【1896195】，GSD为【"江苏-盐城"】

2023-12-31 01:32:46 开始第 6287 次操作

2023-12-31 01:32:46 开始操作号码 【1896196】
2023-12-31 01:32:50 GSD getOne 第 1 次 等待 3 秒
2023-12-31 01:32:53 查询号码 【1896196】，返回信息 {"status":"ok","msg":"江苏-盐城","gid":"465171","time_insert":"2021-08-01 07:39"}
2023-12-31 01:32:53 查询号码 【1896196】，GSD为【"江苏-盐城"】

2023-12-31 01:32:54 开始第 6288 次操作

2023-12-31 01:32:54 开始操作号码 【1896197】
2023-12-31 01:32:57 GSD getOne 第 1 次 等待 3 秒
2023-12-31 01:33:00 查询号码 【1896197】，返回信息 {"status":"ok","msg":"江苏-盐城","gid":"465163","time_insert":"2021-08-01 07:39"}
2023-12-31 01:33:00 查询号码 【1896197】，GSD为【"江苏-盐城"】

