2024-05-11 00:10:58 开始第 8465 次操作

2024-05-11 00:10:58 开始操作号码 【1678374】
2024-05-11 00:11:07 GSD getOne 第 1 次 等待 3 秒
2024-05-11 00:11:10 查询号码 【1678374】，返回信息 {"status":"ok","msg":"-","gid":"319197","time_insert":"2021-07-18 21:36"}
2024-05-11 00:11:10 查询号码 【1678374】，GSD为【"-"】
2024-05-11 00:11:10 ok && -
2024-05-11 00:16:10 CHB 1678374?1715357470 第 1 次 等待 3 秒
2024-05-11 00:16:13 CHB 1678374?1715357470 第 1 次 未获取到 等待 214 秒 下次操作: 2024-05-11 00:19:47
2024-05-11 00:19:49 CHB 1678374?1715357987 第 2 次 等待 3 秒
2024-05-11 00:19:52 CHB 1678374?1715357987 第 2 次 获取到号码【1678374】GSD
2024-05-11 00:19:52 未获取到号码【1678374】GSD，可能号码格式错误
2024-05-11 00:19:52 获取到号码【1678374】的GSD为【-】
2024-05-11 00:19:58 GSD insert 第 1 次 等待 3 秒
2024-05-11 00:20:01 {"status":"bad","gid":"319197","msg":"添加失败！号码【1678374(-|-)】已存在！"}
2024-05-11 00:20:02 随机等待 197 秒，约 3 分钟
2024-05-11 00:20:02 下次操作: 2024-05-11 00:23:19

2024-05-11 00:23:19 开始第 8466 次操作

2024-05-11 00:23:19 开始操作号码 【1678375】
2024-05-11 00:23:25 GSD getOne 第 1 次 等待 3 秒
2024-05-11 00:23:28 查询号码 【1678375】，返回信息 {"status":"ok","msg":"-","gid":"319201","time_insert":"2021-07-18 21:37"}
2024-05-11 00:23:28 查询号码 【1678375】，GSD为【"-"】
2024-05-11 00:23:28 ok && -
2024-05-11 00:23:30 CHB 1678375?1715358208 第 1 次 等待 3 秒
2024-05-11 00:23:33 CHB 1678375?1715358208 第 1 次 获取到号码【1678375】GSD
2024-05-11 00:23:33 未获取到号码【1678375】GSD，可能号码格式错误
2024-05-11 00:23:33 获取到号码【1678375】的GSD为【-】
2024-05-11 00:23:44 GSD insert 第 1 次 等待 3 秒
2024-05-11 00:23:47 {"status":"bad","gid":"319201","msg":"添加失败！号码【1678375(-|-)】已存在！"}
2024-05-11 00:23:47 随机等待 96 秒，约 1 分钟
2024-05-11 00:23:47 下次操作: 2024-05-11 00:25:23

2024-05-11 00:25:23 开始第 8467 次操作

2024-05-11 00:25:23 开始操作号码 【1678376】
2024-05-11 00:25:29 GSD getOne 第 1 次 等待 3 秒
2024-05-11 00:25:32 查询号码 【1678376】，返回信息 {"status":"ok","msg":"-","gid":"319208","time_insert":"2021-07-18 21:37"}
2024-05-11 00:25:33 查询号码 【1678376】，GSD为【"-"】
2024-05-11 00:25:33 ok && -
2024-05-11 00:25:35 CHB 1678376?1715358333 第 1 次 等待 3 秒
2024-05-11 00:25:38 CHB 1678376?1715358333 第 1 次 获取到号码【1678376】GSD
2024-05-11 00:25:38 0: 广东-茂名
2024-05-11 00:25:38 获取到号码【1678376】的GSD为【广东-茂名】
2024-05-11 00:25:45 GSD insert 第 1 次 等待 3 秒
2024-05-11 00:25:48 {"status":"ok","gid":"319208","msg":"添加号码已存在，但为‘-’，修改为【广东-茂名】成功！"}
2024-05-11 00:25:48 随机等待 89 秒，约 1 分钟
2024-05-11 00:25:48 下次操作: 2024-05-11 00:27:17

2024-05-11 00:27:17 开始第 8468 次操作

2024-05-11 00:27:17 开始操作号码 【1678377】
2024-05-11 00:27:24 GSD getOne 第 1 次 等待 3 秒
2024-05-11 00:27:27 查询号码 【1678377】，返回信息 {"status":"ok","msg":"-","gid":"319215","time_insert":"2021-07-18 21:38"}
2024-05-11 00:27:28 查询号码 【1678377】，GSD为【"-"】
2024-05-11 00:27:28 ok && -
2024-05-11 00:27:29 CHB 1678377?1715358448 第 1 次 等待 3 秒
2024-05-11 00:27:32 CHB 1678377?1715358448 第 1 次 获取到号码【1678377】GSD
2024-05-11 00:27:32 0: 广东-惠州
2024-05-11 00:27:32 获取到号码【1678377】的GSD为【广东-惠州】
2024-05-11 00:27:44 GSD insert 第 1 次 等待 3 秒
2024-05-11 00:27:47 {"status":"ok","gid":"319215","msg":"添加号码已存在，但为‘-’，修改为【广东-惠州】成功！"}

2024-05-11 00:36:21 开始第 8469 次操作

2024-05-11 00:36:21 开始操作号码 【1678378】
2024-05-11 00:36:31 GSD getOne 第 1 次 等待 3 秒
2024-05-11 00:36:34 查询号码 【1678378】，返回信息 {"status":"ok","msg":"-","gid":"319224","time_insert":"2021-07-18 21:39"}
2024-05-11 00:36:34 查询号码 【1678378】，GSD为【"-"】
2024-05-11 00:36:34 ok && -
2024-05-11 00:36:37 CHB 1678378?1715358994 第 1 次 等待 3 秒
2024-05-11 00:36:40 CHB 1678378?1715358994 第 1 次 获取到号码【1678378】GSD
2024-05-11 00:36:40 未获取到号码【1678378】GSD，可能号码格式错误
2024-05-11 00:36:40 获取到号码【1678378】的GSD为【-】
2024-05-11 00:36:49 GSD insert 第 1 次 等待 3 秒
2024-05-11 00:36:52 {"status":"bad","gid":"319224","msg":"添加失败！号码【1678378(-|-)】已存在！"}
2024-05-11 00:36:52 随机等待 203 秒，约 3 分钟
2024-05-11 00:36:52 下次操作: 2024-05-11 00:40:15

2024-05-11 00:40:15 开始第 8470 次操作

2024-05-11 00:40:15 开始操作号码 【1678379】
2024-05-11 00:40:25 GSD getOne 第 1 次 等待 3 秒
2024-05-11 00:40:28 查询号码 【1678379】，返回信息 {"status":"ok","msg":"-","gid":"319237","time_insert":"2021-07-18 21:40"}
2024-05-11 00:40:28 查询号码 【1678379】，GSD为【"-"】
2024-05-11 00:40:28 ok && -
2024-05-11 00:40:29 CHB 1678379?1715359228 第 1 次 等待 3 秒
2024-05-11 00:40:32 CHB 1678379?1715359228 第 1 次 获取到号码【1678379】GSD
2024-05-11 00:40:33 未获取到号码【1678379】GSD，可能号码格式错误
2024-05-11 00:40:33 获取到号码【1678379】的GSD为【-】
2024-05-11 00:40:38 GSD insert 第 1 次 等待 3 秒
2024-05-11 00:40:41 {"status":"bad","gid":"319237","msg":"添加失败！号码【1678379(-|-)】已存在！"}
2024-05-11 00:40:41 随机等待 176 秒，约 2 分钟
2024-05-11 00:40:41 下次操作: 2024-05-11 00:43:37

2024-05-11 00:43:37 开始第 8471 次操作

2024-05-11 00:43:37 开始操作号码 【1678380】
2024-05-11 00:43:41 GSD getOne 第 1 次 等待 3 秒
2024-05-11 00:43:44 查询号码 【1678380】，返回信息 {"status":"ok","msg":"-","gid":"319249","time_insert":"2021-07-18 21:40"}
2024-05-11 00:43:44 查询号码 【1678380】，GSD为【"-"】
2024-05-11 00:43:44 ok && -
2024-05-11 00:43:47 CHB 1678380?1715359424 第 1 次 等待 3 秒
2024-05-11 00:43:50 CHB 1678380?1715359424 第 1 次 获取到号码【1678380】GSD
2024-05-11 00:43:50 未获取到号码【1678380】GSD，可能号码格式错误
2024-05-11 00:43:50 获取到号码【1678380】的GSD为【-】
2024-05-11 00:43:58 GSD insert 第 1 次 等待 3 秒
2024-05-11 00:44:01 {"status":"bad","gid":"319249","msg":"添加失败！号码【1678380(-|-)】已存在！"}
2024-05-11 00:44:01 随机等待 207 秒，约 3 分钟
2024-05-11 00:44:01 下次操作: 2024-05-11 00:47:28

2024-05-11 00:47:28 开始第 8472 次操作

2024-05-11 00:47:28 开始操作号码 【1678381】
2024-05-11 00:47:37 GSD getOne 第 1 次 等待 3 秒
2024-05-11 00:47:40 查询号码 【1678381】，返回信息 {"status":"ok","msg":"-","gid":"319258","time_insert":"2021-07-18 21:41"}
2024-05-11 00:47:40 查询号码 【1678381】，GSD为【"-"】
2024-05-11 00:47:40 ok && -
2024-05-11 00:47:43 CHB 1678381?1715359660 第 1 次 等待 3 秒
2024-05-11 00:47:46 CHB 1678381?1715359660 第 1 次 获取到号码【1678381】GSD
2024-05-11 00:47:46 未获取到号码【1678381】GSD，可能号码格式错误
2024-05-11 00:47:46 获取到号码【1678381】的GSD为【-】
2024-05-11 00:48:10 GSD insert 第 1 次 等待 3 秒
2024-05-11 00:48:13 {"status":"bad","gid":"319258","msg":"添加失败！号码【1678381(-|-)】已存在！"}

2024-05-11 01:07:11 开始第 8473 次操作

2024-05-11 01:07:11 开始操作号码 【1678382】
2024-05-11 01:07:17 GSD getOne 第 1 次 等待 3 秒
2024-05-11 01:07:20 查询号码 【1678382】，返回信息 {"status":"ok","msg":"-","gid":"319270","time_insert":"2021-07-18 21:42"}
2024-05-11 01:07:20 查询号码 【1678382】，GSD为【"-"】
2024-05-11 01:07:20 ok && -
2024-05-11 01:07:22 CHB 1678382?1715360840 第 1 次 等待 3 秒
2024-05-11 01:07:25 CHB 1678382?1715360840 第 1 次 获取到号码【1678382】GSD
2024-05-11 01:07:25 未获取到号码【1678382】GSD，可能号码格式错误
2024-05-11 01:07:25 获取到号码【1678382】的GSD为【-】
2024-05-11 01:07:36 GSD insert 第 1 次 等待 3 秒
2024-05-11 01:07:39 {"status":"bad","gid":"319270","msg":"添加失败！号码【1678382(-|-)】已存在！"}
2024-05-11 01:07:39 随机等待 186 秒，约 3 分钟
2024-05-11 01:07:39 下次操作: 2024-05-11 01:10:45

2024-05-11 01:10:45 开始第 8474 次操作

2024-05-11 01:10:45 开始操作号码 【1678383】
2024-05-11 01:10:56 GSD getOne 第 1 次 等待 3 秒
2024-05-11 01:10:59 查询号码 【1678383】，返回信息 {"status":"ok","msg":"-","gid":"319279","time_insert":"2021-07-18 21:43"}
2024-05-11 01:10:59 查询号码 【1678383】，GSD为【"-"】
2024-05-11 01:10:59 ok && -
2024-05-11 01:11:02 CHB 1678383?1715361059 第 1 次 等待 3 秒
2024-05-11 01:11:05 CHB 1678383?1715361059 第 1 次 获取到号码【1678383】GSD
2024-05-11 01:11:05 未获取到号码【1678383】GSD，可能号码格式错误
2024-05-11 01:11:05 获取到号码【1678383】的GSD为【-】
2024-05-11 01:11:10 GSD insert 第 1 次 等待 3 秒
2024-05-11 01:11:13 {"status":"bad","gid":"319279","msg":"添加失败！号码【1678383(-|-)】已存在！"}
2024-05-11 01:11:13 随机等待 68 秒，约 1 分钟
2024-05-11 01:11:13 下次操作: 2024-05-11 01:12:21

2024-05-11 01:12:21 开始第 8475 次操作

2024-05-11 01:12:21 开始操作号码 【1678384】
2024-05-11 01:12:26 GSD getOne 第 1 次 等待 3 秒
2024-05-11 01:12:29 查询号码 【1678384】，返回信息 {"status":"ok","msg":"-","gid":"319288","time_insert":"2021-07-18 21:43"}
2024-05-11 01:12:29 查询号码 【1678384】，GSD为【"-"】
2024-05-11 01:12:29 ok && -
2024-05-11 01:12:31 CHB 1678384?1715361149 第 1 次 等待 3 秒
2024-05-11 01:12:34 CHB 1678384?1715361149 第 1 次 获取到号码【1678384】GSD
2024-05-11 01:12:34 未获取到号码【1678384】GSD，可能号码格式错误
2024-05-11 01:12:34 获取到号码【1678384】的GSD为【-】
2024-05-11 01:12:42 GSD insert 第 1 次 等待 3 秒
2024-05-11 01:12:45 {"status":"bad","gid":"319288","msg":"添加失败！号码【1678384(-|-)】已存在！"}
2024-05-11 01:12:45 随机等待 81 秒，约 1 分钟
2024-05-11 01:12:45 下次操作: 2024-05-11 01:14:06

2024-05-11 01:14:06 开始第 8476 次操作

2024-05-11 01:14:06 开始操作号码 【1678385】
2024-05-11 01:14:12 GSD getOne 第 1 次 等待 3 秒
2024-05-11 01:14:15 查询号码 【1678385】，返回信息 {"status":"ok","msg":"-","gid":"319299","time_insert":"2021-07-18 21:44"}
2024-05-11 01:14:15 查询号码 【1678385】，GSD为【"-"】
2024-05-11 01:14:15 ok && -
2024-05-11 01:14:17 CHB 1678385?1715361255 第 1 次 等待 3 秒
2024-05-11 01:14:20 CHB 1678385?1715361255 第 1 次 获取到号码【1678385】GSD
2024-05-11 01:14:20 未获取到号码【1678385】GSD，可能号码格式错误
2024-05-11 01:14:20 获取到号码【1678385】的GSD为【-】
2024-05-11 01:14:38 GSD insert 第 1 次 等待 3 秒
2024-05-11 01:14:41 {"status":"bad","gid":"319299","msg":"添加失败！号码【1678385(-|-)】已存在！"}

2024-05-11 01:32:35 开始第 8477 次操作

2024-05-11 01:32:35 开始操作号码 【1678386】
2024-05-11 01:32:40 GSD getOne 第 1 次 等待 3 秒
2024-05-11 01:32:43 查询号码 【1678386】，返回信息 {"status":"ok","msg":"-","gid":"319306","time_insert":"2021-07-18 21:45"}
2024-05-11 01:32:43 查询号码 【1678386】，GSD为【"-"】
2024-05-11 01:32:43 ok && -
2024-05-11 01:32:45 CHB 1678386?1715362363 第 1 次 等待 3 秒
2024-05-11 01:32:48 CHB 1678386?1715362363 第 1 次 获取到号码【1678386】GSD
2024-05-11 01:32:48 0: 甘肃-酒泉
2024-05-11 01:32:48 获取到号码【1678386】的GSD为【甘肃-酒泉】
2024-05-11 01:32:56 GSD insert 第 1 次 等待 3 秒
2024-05-11 01:32:59 {"status":"ok","gid":"319306","msg":"添加号码已存在，但为‘-’，修改为【甘肃-酒泉】成功！"}
2024-05-11 01:32:59 随机等待 211 秒，约 3 分钟
2024-05-11 01:32:59 下次操作: 2024-05-11 01:36:30

2024-05-11 01:36:30 开始第 8478 次操作

2024-05-11 01:36:30 开始操作号码 【1678387】
2024-05-11 01:36:40 GSD getOne 第 1 次 等待 3 秒
2024-05-11 01:36:43 查询号码 【1678387】，返回信息 {"status":"ok","msg":"-","gid":"319314","time_insert":"2021-07-18 21:45"}
2024-05-11 01:36:43 查询号码 【1678387】，GSD为【"-"】
2024-05-11 01:36:43 ok && -
2024-05-11 01:36:45 CHB 1678387?1715362603 第 1 次 等待 3 秒
2024-05-11 01:36:48 CHB 1678387?1715362603 第 1 次 获取到号码【1678387】GSD
2024-05-11 01:36:48 0: 福建-泉州
2024-05-11 01:36:48 获取到号码【1678387】的GSD为【福建-泉州】
2024-05-11 01:36:56 GSD insert 第 1 次 等待 3 秒
2024-05-11 01:36:59 {"status":"ok","gid":"319314","msg":"添加号码已存在，但为‘-’，修改为【福建-泉州】成功！"}
2024-05-11 01:36:59 随机等待 106 秒，约 1 分钟
2024-05-11 01:36:59 下次操作: 2024-05-11 01:38:45

2024-05-11 01:38:45 开始第 8479 次操作

2024-05-11 01:38:45 开始操作号码 【1678388】
2024-05-11 01:38:53 GSD getOne 第 1 次 等待 3 秒
2024-05-11 01:38:56 查询号码 【1678388】，返回信息 {"status":"ok","msg":"-","gid":"319325","time_insert":"2021-07-18 21:46"}
2024-05-11 01:38:56 查询号码 【1678388】，GSD为【"-"】
2024-05-11 01:38:56 ok && -
2024-05-11 01:38:58 CHB 1678388?1715362736 第 1 次 等待 3 秒
2024-05-11 01:39:01 CHB 1678388?1715362736 第 1 次 获取到号码【1678388】GSD
2024-05-11 01:39:01 未获取到号码【1678388】GSD，可能号码格式错误
2024-05-11 01:39:01 获取到号码【1678388】的GSD为【-】
2024-05-11 01:39:06 GSD insert 第 1 次 等待 3 秒
2024-05-11 01:39:09 {"status":"bad","gid":"319325","msg":"添加失败！号码【1678388(-|-)】已存在！"}
2024-05-11 01:39:09 随机等待 125 秒，约 2 分钟
2024-05-11 01:39:09 下次操作: 2024-05-11 01:41:14

2024-05-11 01:41:14 开始第 8480 次操作

2024-05-11 01:41:14 开始操作号码 【1678389】
2024-05-11 01:41:19 GSD getOne 第 1 次 等待 3 秒
2024-05-11 01:41:22 查询号码 【1678389】，返回信息 {"status":"ok","msg":"-","gid":"319333","time_insert":"2021-07-18 21:46"}
2024-05-11 01:41:22 查询号码 【1678389】，GSD为【"-"】
2024-05-11 01:41:22 ok && -
2024-05-11 01:41:24 CHB 1678389?1715362882 第 1 次 等待 3 秒
2024-05-11 01:41:27 CHB 1678389?1715362882 第 1 次 获取到号码【1678389】GSD
2024-05-11 01:41:27 未获取到号码【1678389】GSD，可能号码格式错误
2024-05-11 01:41:27 获取到号码【1678389】的GSD为【-】
2024-05-11 01:41:35 GSD insert 第 1 次 等待 3 秒
2024-05-11 01:41:38 {"status":"bad","gid":"319333","msg":"添加失败！号码【1678389(-|-)】已存在！"}

2024-05-11 02:10:49 开始第 8481 次操作

2024-05-11 02:10:49 开始操作号码 【1678390】
2024-05-11 02:11:04 GSD getOne 第 1 次 等待 3 秒
2024-05-11 02:11:07 查询号码 【1678390】，返回信息 {"status":"ok","msg":"-","gid":"319341","time_insert":"2021-07-18 21:47"}
2024-05-11 02:11:07 查询号码 【1678390】，GSD为【"-"】
2024-05-11 02:11:07 ok && -
2024-05-11 02:11:10 CHB 1678390?1715364667 第 1 次 等待 3 秒
2024-05-11 02:11:13 CHB 1678390?1715364667 第 1 次 获取到号码【1678390】GSD
2024-05-11 02:11:13 未获取到号码【1678390】GSD，可能号码格式错误
2024-05-11 02:11:13 获取到号码【1678390】的GSD为【-】
2024-05-11 02:11:36 GSD insert 第 1 次 等待 3 秒
2024-05-11 02:11:39 {"status":"bad","gid":"319341","msg":"添加失败！号码【1678390(-|-)】已存在！"}
2024-05-11 02:11:39 随机等待 111 秒，约 1 分钟
2024-05-11 02:11:39 下次操作: 2024-05-11 02:13:30

2024-05-11 02:13:30 开始第 8482 次操作

2024-05-11 02:13:30 开始操作号码 【1678391】
2024-05-11 02:13:35 GSD getOne 第 1 次 等待 3 秒
2024-05-11 02:13:38 查询号码 【1678391】，返回信息 {"status":"ok","msg":"-","gid":"319350","time_insert":"2021-07-18 21:48"}
2024-05-11 02:13:38 查询号码 【1678391】，GSD为【"-"】
2024-05-11 02:13:38 ok && -
2024-05-11 02:13:41 CHB 1678391?1715364818 第 1 次 等待 3 秒
2024-05-11 02:13:44 CHB 1678391?1715364818 第 1 次 获取到号码【1678391】GSD
2024-05-11 02:13:44 未获取到号码【1678391】GSD，可能号码格式错误
2024-05-11 02:13:44 获取到号码【1678391】的GSD为【-】
2024-05-11 02:13:49 GSD insert 第 1 次 等待 3 秒
2024-05-11 02:13:52 {"status":"bad","gid":"319350","msg":"添加失败！号码【1678391(-|-)】已存在！"}
2024-05-11 02:13:52 随机等待 78 秒，约 1 分钟
2024-05-11 02:13:52 下次操作: 2024-05-11 02:15:10

2024-05-11 02:15:10 开始第 8483 次操作

2024-05-11 02:15:10 开始操作号码 【1678392】
2024-05-11 02:15:17 GSD getOne 第 1 次 等待 3 秒
2024-05-11 02:15:20 查询号码 【1678392】，返回信息 {"status":"ok","msg":"-","gid":"319360","time_insert":"2021-07-18 21:48"}
2024-05-11 02:15:20 查询号码 【1678392】，GSD为【"-"】
2024-05-11 02:15:20 ok && -
2024-05-11 02:15:22 CHB 1678392?1715364920 第 1 次 等待 3 秒
2024-05-11 02:15:25 CHB 1678392?1715364920 第 1 次 获取到号码【1678392】GSD
2024-05-11 02:15:25 未获取到号码【1678392】GSD，可能号码格式错误
2024-05-11 02:15:25 获取到号码【1678392】的GSD为【-】
2024-05-11 02:15:30 GSD insert 第 1 次 等待 3 秒
2024-05-11 02:15:33 {"status":"bad","gid":"319360","msg":"添加失败！号码【1678392(-|-)】已存在！"}
2024-05-11 02:15:33 随机等待 200 秒，约 3 分钟
2024-05-11 02:15:33 下次操作: 2024-05-11 02:18:53

2024-05-11 02:18:53 开始第 8484 次操作

2024-05-11 02:18:53 开始操作号码 【1678393】
2024-05-11 02:18:59 GSD getOne 第 1 次 等待 3 秒
2024-05-11 02:19:02 查询号码 【1678393】，返回信息 {"status":"ok","msg":"-","gid":"319370","time_insert":"2021-07-18 21:49"}
2024-05-11 02:19:02 查询号码 【1678393】，GSD为【"-"】
2024-05-11 02:19:02 ok && -
2024-05-11 02:19:04 CHB 1678393?1715365142 第 1 次 等待 3 秒
2024-05-11 02:19:07 CHB 1678393?1715365142 第 1 次 获取到号码【1678393】GSD
2024-05-11 02:19:08 未获取到号码【1678393】GSD，可能号码格式错误
2024-05-11 02:19:08 获取到号码【1678393】的GSD为【-】
2024-05-11 02:19:15 GSD insert 第 1 次 等待 3 秒
2024-05-11 02:19:18 {"status":"bad","gid":"319370","msg":"添加失败！号码【1678393(-|-)】已存在！"}

2024-05-11 02:34:27 开始第 8485 次操作

2024-05-11 02:34:27 开始操作号码 【1678394】
2024-05-11 02:34:34 GSD getOne 第 1 次 等待 3 秒
2024-05-11 02:34:37 查询号码 【1678394】，返回信息 {"status":"ok","msg":"-","gid":"319380","time_insert":"2021-07-18 21:49"}
2024-05-11 02:34:37 查询号码 【1678394】，GSD为【"-"】
2024-05-11 02:34:37 ok && -
2024-05-11 02:34:40 CHB 1678394?1715366077 第 1 次 等待 3 秒
2024-05-11 02:34:43 CHB 1678394?1715366077 第 1 次 获取到号码【1678394】GSD
2024-05-11 02:34:43 未获取到号码【1678394】GSD，可能号码格式错误
2024-05-11 02:34:43 获取到号码【1678394】的GSD为【-】
2024-05-11 02:34:48 GSD insert 第 1 次 等待 3 秒
2024-05-11 02:34:51 {"status":"bad","gid":"319380","msg":"添加失败！号码【1678394(-|-)】已存在！"}
2024-05-11 02:34:51 随机等待 215 秒，约 3 分钟
2024-05-11 02:34:51 下次操作: 2024-05-11 02:38:26

2024-05-11 02:38:26 开始第 8486 次操作

2024-05-11 02:38:26 开始操作号码 【1678395】
2024-05-11 02:38:31 GSD getOne 第 1 次 等待 3 秒
2024-05-11 02:38:34 查询号码 【1678395】，返回信息 {"status":"ok","msg":"-","gid":"319392","time_insert":"2021-07-18 21:50"}
2024-05-11 02:38:34 查询号码 【1678395】，GSD为【"-"】
2024-05-11 02:38:34 ok && -
2024-05-11 02:38:37 CHB 1678395?1715366314 第 1 次 等待 3 秒
2024-05-11 02:38:40 CHB 1678395?1715366314 第 1 次 获取到号码【1678395】GSD
2024-05-11 02:38:40 获取到号码【1678395】的GSD为【北京-北京】
2024-05-11 02:38:50 GSD insert 第 1 次 等待 3 秒
2024-05-11 02:38:53 {"status":"ok","gid":"319392","msg":"添加号码已存在，但为‘-’，修改为【北京-北京】成功！"}
2024-05-11 02:38:53 随机等待 115 秒，约 1 分钟
2024-05-11 02:38:53 下次操作: 2024-05-11 02:40:48

2024-05-11 02:40:48 开始第 8487 次操作

2024-05-11 02:40:48 开始操作号码 【1678396】
2024-05-11 02:40:55 GSD getOne 第 1 次 等待 3 秒
2024-05-11 02:40:58 查询号码 【1678396】，返回信息 {"status":"ok","msg":"-","gid":"319402","time_insert":"2021-07-18 21:51"}
2024-05-11 02:40:58 查询号码 【1678396】，GSD为【"-"】
2024-05-11 02:40:58 ok && -
2024-05-11 02:41:01 CHB 1678396?1715366458 第 1 次 等待 3 秒
2024-05-11 02:41:04 CHB 1678396?1715366458 第 1 次 获取到号码【1678396】GSD
2024-05-11 02:41:04 获取到号码【1678396】的GSD为【北京-北京】
2024-05-11 02:41:12 GSD insert 第 1 次 等待 3 秒
2024-05-11 02:41:15 {"status":"ok","gid":"319402","msg":"添加号码已存在，但为‘-’，修改为【北京-北京】成功！"}
2024-05-11 02:41:15 随机等待 86 秒，约 1 分钟
2024-05-11 02:41:15 下次操作: 2024-05-11 02:42:41

2024-05-11 02:42:41 开始第 8488 次操作

2024-05-11 02:42:41 开始操作号码 【1678397】
2024-05-11 02:42:46 GSD getOne 第 1 次 等待 3 秒
2024-05-11 02:42:49 查询号码 【1678397】，返回信息 {"status":"ok","msg":"-","gid":"319409","time_insert":"2021-07-18 21:51"}
2024-05-11 02:42:49 查询号码 【1678397】，GSD为【"-"】
2024-05-11 02:42:49 ok && -
2024-05-11 02:42:51 CHB 1678397?1715366569 第 1 次 等待 3 秒
2024-05-11 02:42:54 CHB 1678397?1715366569 第 1 次 获取到号码【1678397】GSD
2024-05-11 02:42:54 获取到号码【1678397】的GSD为【北京-北京】
2024-05-11 02:43:01 GSD insert 第 1 次 等待 3 秒
2024-05-11 02:43:04 {"status":"ok","gid":"319409","msg":"添加号码已存在，但为‘-’，修改为【北京-北京】成功！"}

2024-05-11 03:07:09 开始第 8489 次操作

2024-05-11 03:07:09 开始操作号码 【1678398】
2024-05-11 03:07:18 GSD getOne 第 1 次 等待 3 秒
2024-05-11 03:07:21 查询号码 【1678398】，返回信息 {"status":"ok","msg":"-","gid":"319419","time_insert":"2021-07-18 21:52"}
2024-05-11 03:07:21 查询号码 【1678398】，GSD为【"-"】
2024-05-11 03:07:21 ok && -
2024-05-11 03:07:24 CHB 1678398?1715368041 第 1 次 等待 3 秒
2024-05-11 03:07:27 CHB 1678398?1715368041 第 1 次 获取到号码【1678398】GSD
2024-05-11 03:07:27 未获取到号码【1678398】GSD，可能号码格式错误
2024-05-11 03:07:27 获取到号码【1678398】的GSD为【-】
2024-05-11 03:07:34 GSD insert 第 1 次 等待 3 秒
2024-05-11 03:07:37 {"status":"bad","gid":"319419","msg":"添加失败！号码【1678398(-|-)】已存在！"}
2024-05-11 03:07:37 随机等待 177 秒，约 2 分钟
2024-05-11 03:07:37 下次操作: 2024-05-11 03:10:34

2024-05-11 03:10:34 开始第 8490 次操作

2024-05-11 03:10:34 开始操作号码 【1678399】
2024-05-11 03:10:38 GSD getOne 第 1 次 等待 3 秒
2024-05-11 03:10:42 查询号码 【1678399】，返回信息 {"status":"ok","msg":"-","gid":"319423","time_insert":"2021-07-18 21:53"}
2024-05-11 03:10:42 查询号码 【1678399】，GSD为【"-"】
2024-05-11 03:10:42 ok && -
2024-05-11 03:10:50 CHB 1678399?1715368242 第 1 次 等待 3 秒
2024-05-11 03:10:53 CHB 1678399?1715368242 第 1 次 获取到号码【1678399】GSD
2024-05-11 03:10:53 未获取到号码【1678399】GSD，可能号码格式错误
2024-05-11 03:10:53 获取到号码【1678399】的GSD为【-】
2024-05-11 03:10:58 GSD insert 第 1 次 等待 3 秒
2024-05-11 03:11:01 {"status":"bad","gid":"319423","msg":"添加失败！号码【1678399(-|-)】已存在！"}
2024-05-11 03:11:01 随机等待 84 秒，约 1 分钟
2024-05-11 03:11:01 下次操作: 2024-05-11 03:12:25

2024-05-11 03:12:25 开始第 8491 次操作

2024-05-11 03:12:25 开始操作号码 【1678400】
2024-05-11 03:12:30 GSD getOne 第 1 次 等待 3 秒
2024-05-11 03:12:33 查询号码 【1678400】，返回信息 {"status":"ok","msg":"-","gid":"319435","time_insert":"2021-07-18 21:53"}
2024-05-11 03:12:33 查询号码 【1678400】，GSD为【"-"】
2024-05-11 03:12:33 ok && -
2024-05-11 03:12:36 CHB 1678400?1715368353 第 1 次 等待 3 秒
2024-05-11 03:12:39 CHB 1678400?1715368353 第 1 次 获取到号码【1678400】GSD
2024-05-11 03:12:39 未获取到号码【1678400】GSD，可能号码格式错误
2024-05-11 03:12:39 获取到号码【1678400】的GSD为【-】
2024-05-11 03:12:44 GSD insert 第 1 次 等待 3 秒
2024-05-11 03:12:47 {"status":"bad","gid":"319435","msg":"添加失败！号码【1678400(-|-)】已存在！"}
2024-05-11 03:12:47 随机等待 205 秒，约 3 分钟
2024-05-11 03:12:47 下次操作: 2024-05-11 03:16:12

2024-05-11 03:16:12 开始第 8492 次操作

2024-05-11 03:16:12 开始操作号码 【1678401】
2024-05-11 03:16:18 GSD getOne 第 1 次 等待 3 秒
2024-05-11 03:16:21 查询号码 【1678401】，返回信息 {"status":"ok","msg":"-","gid":"319445","time_insert":"2021-07-18 21:54"}
2024-05-11 03:16:21 查询号码 【1678401】，GSD为【"-"】
2024-05-11 03:16:21 ok && -
2024-05-11 03:16:23 CHB 1678401?1715368581 第 1 次 等待 3 秒
2024-05-11 03:16:26 CHB 1678401?1715368581 第 1 次 获取到号码【1678401】GSD
2024-05-11 03:16:26 未获取到号码【1678401】GSD，可能号码格式错误
2024-05-11 03:16:26 获取到号码【1678401】的GSD为【-】
2024-05-11 03:16:35 GSD insert 第 1 次 等待 3 秒
2024-05-11 03:16:38 {"status":"bad","gid":"319445","msg":"添加失败！号码【1678401(-|-)】已存在！"}

2024-05-11 03:32:32 开始第 8493 次操作

2024-05-11 03:32:32 开始操作号码 【1678402】
2024-05-11 03:32:37 GSD getOne 第 1 次 等待 3 秒
2024-05-11 03:32:40 查询号码 【1678402】，返回信息 {"status":"ok","msg":"-","gid":"319453","time_insert":"2021-07-18 21:54"}
2024-05-11 03:32:40 查询号码 【1678402】，GSD为【"-"】
2024-05-11 03:32:40 ok && -
2024-05-11 03:32:43 CHB 1678402?1715369560 第 1 次 等待 3 秒
2024-05-11 03:32:46 CHB 1678402?1715369560 第 1 次 获取到号码【1678402】GSD
2024-05-11 03:32:46 未获取到号码【1678402】GSD，可能号码格式错误
2024-05-11 03:32:46 获取到号码【1678402】的GSD为【-】
2024-05-11 03:32:51 GSD insert 第 1 次 等待 3 秒
2024-05-11 03:32:54 {"status":"bad","gid":"319453","msg":"添加失败！号码【1678402(-|-)】已存在！"}
2024-05-11 03:32:54 随机等待 169 秒，约 2 分钟
2024-05-11 03:32:54 下次操作: 2024-05-11 03:35:43

2024-05-11 03:35:43 开始第 8494 次操作

2024-05-11 03:35:43 开始操作号码 【1678403】
2024-05-11 03:35:48 GSD getOne 第 1 次 等待 3 秒
2024-05-11 03:35:51 查询号码 【1678403】，返回信息 {"status":"ok","msg":"-","gid":"319461","time_insert":"2021-07-18 21:55"}
2024-05-11 03:35:51 查询号码 【1678403】，GSD为【"-"】
2024-05-11 03:35:51 ok && -
2024-05-11 03:35:54 CHB 1678403?1715369751 第 1 次 等待 3 秒
2024-05-11 03:35:57 CHB 1678403?1715369751 第 1 次 获取到号码【1678403】GSD
2024-05-11 03:35:57 未获取到号码【1678403】GSD，可能号码格式错误
2024-05-11 03:35:57 获取到号码【1678403】的GSD为【-】
2024-05-11 03:36:03 GSD insert 第 1 次 等待 3 秒
2024-05-11 03:36:06 {"status":"bad","gid":"319461","msg":"添加失败！号码【1678403(-|-)】已存在！"}
2024-05-11 03:36:06 随机等待 205 秒，约 3 分钟
2024-05-11 03:36:06 下次操作: 2024-05-11 03:39:31

2024-05-11 03:39:31 开始第 8495 次操作

2024-05-11 03:39:31 开始操作号码 【1678404】
2024-05-11 03:39:37 GSD getOne 第 1 次 等待 3 秒
2024-05-11 03:39:40 查询号码 【1678404】，返回信息 {"status":"ok","msg":"-","gid":"319471","time_insert":"2021-07-18 21:56"}
2024-05-11 03:39:40 查询号码 【1678404】，GSD为【"-"】
2024-05-11 03:39:40 ok && -
2024-05-11 03:39:42 CHB 1678404?1715369980 第 1 次 等待 3 秒
2024-05-11 03:39:45 CHB 1678404?1715369980 第 1 次 获取到号码【1678404】GSD
2024-05-11 03:39:45 未获取到号码【1678404】GSD，可能号码格式错误
2024-05-11 03:39:45 获取到号码【1678404】的GSD为【-】
2024-05-11 03:39:52 GSD insert 第 1 次 等待 3 秒
2024-05-11 03:39:55 {"status":"bad","gid":"319471","msg":"添加失败！号码【1678404(-|-)】已存在！"}
2024-05-11 03:39:55 随机等待 204 秒，约 3 分钟
2024-05-11 03:39:55 下次操作: 2024-05-11 03:43:19

2024-05-11 03:43:19 开始第 8496 次操作

2024-05-11 03:43:19 开始操作号码 【1678405】
2024-05-11 03:43:24 GSD getOne 第 1 次 等待 3 秒
2024-05-11 03:43:27 查询号码 【1678405】，返回信息 {"status":"ok","msg":"-","gid":"319485","time_insert":"2021-07-18 21:57"}
2024-05-11 03:43:27 查询号码 【1678405】，GSD为【"-"】
2024-05-11 03:43:27 ok && -
2024-05-11 03:43:29 CHB 1678405?1715370207 第 1 次 等待 3 秒
2024-05-11 03:43:32 CHB 1678405?1715370207 第 1 次 获取到号码【1678405】GSD
2024-05-11 03:43:32 未获取到号码【1678405】GSD，可能号码格式错误
2024-05-11 03:43:32 获取到号码【1678405】的GSD为【-】
2024-05-11 03:43:38 GSD insert 第 1 次 等待 3 秒
2024-05-11 03:43:41 {"status":"bad","gid":"319485","msg":"添加失败！号码【1678405(-|-)】已存在！"}

2024-05-11 04:08:31 开始第 8497 次操作

2024-05-11 04:08:31 开始操作号码 【1678406】
2024-05-11 04:08:37 GSD getOne 第 1 次 等待 3 秒
2024-05-11 04:08:40 查询号码 【1678406】，返回信息 {"status":"ok","msg":"-","gid":"319493","time_insert":"2021-07-18 21:57"}
2024-05-11 04:08:40 查询号码 【1678406】，GSD为【"-"】
2024-05-11 04:08:40 ok && -
2024-05-11 04:08:42 CHB 1678406?1715371720 第 1 次 等待 3 秒
2024-05-11 04:08:45 CHB 1678406?1715371720 第 1 次 获取到号码【1678406】GSD
2024-05-11 04:08:45 未获取到号码【1678406】GSD，可能号码格式错误
2024-05-11 04:08:45 获取到号码【1678406】的GSD为【-】
2024-05-11 04:08:51 GSD insert 第 1 次 等待 3 秒
2024-05-11 04:08:54 {"status":"bad","gid":"319493","msg":"添加失败！号码【1678406(-|-)】已存在！"}
2024-05-11 04:08:54 随机等待 212 秒，约 3 分钟
2024-05-11 04:08:54 下次操作: 2024-05-11 04:12:26

2024-05-11 04:12:26 开始第 8498 次操作

2024-05-11 04:12:26 开始操作号码 【1678407】
2024-05-11 04:12:31 GSD getOne 第 1 次 等待 3 秒
2024-05-11 04:12:34 查询号码 【1678407】，返回信息 {"status":"ok","msg":"-","gid":"319505","time_insert":"2021-07-18 21:59"}
2024-05-11 04:12:34 查询号码 【1678407】，GSD为【"-"】
2024-05-11 04:12:34 ok && -
2024-05-11 04:12:36 CHB 1678407?1715371954 第 1 次 等待 3 秒
2024-05-11 04:12:39 CHB 1678407?1715371954 第 1 次 获取到号码【1678407】GSD
2024-05-11 04:12:39 未获取到号码【1678407】GSD，可能号码格式错误
2024-05-11 04:12:39 获取到号码【1678407】的GSD为【-】
2024-05-11 04:12:44 GSD insert 第 1 次 等待 3 秒
2024-05-11 04:12:47 {"status":"bad","gid":"319505","msg":"添加失败！号码【1678407(-|-)】已存在！"}
2024-05-11 04:12:47 随机等待 149 秒，约 2 分钟
2024-05-11 04:12:47 下次操作: 2024-05-11 04:15:16

2024-05-11 04:15:16 开始第 8499 次操作

2024-05-11 04:15:16 开始操作号码 【1678408】
2024-05-11 04:15:21 GSD getOne 第 1 次 等待 3 秒
2024-05-11 04:15:24 查询号码 【1678408】，返回信息 {"status":"ok","msg":"-","gid":"319516","time_insert":"2021-07-18 21:59"}
2024-05-11 04:15:24 查询号码 【1678408】，GSD为【"-"】
2024-05-11 04:15:24 ok && -
2024-05-11 04:15:26 CHB 1678408?1715372124 第 1 次 等待 3 秒
2024-05-11 04:15:29 CHB 1678408?1715372124 第 1 次 获取到号码【1678408】GSD
2024-05-11 04:15:30 未获取到号码【1678408】GSD，可能号码格式错误
2024-05-11 04:15:30 获取到号码【1678408】的GSD为【-】
2024-05-11 04:15:35 GSD insert 第 1 次 等待 3 秒
2024-05-11 04:15:38 {"status":"bad","gid":"319516","msg":"添加失败！号码【1678408(-|-)】已存在！"}
2024-05-11 04:15:38 随机等待 230 秒，约 3 分钟
2024-05-11 04:15:38 下次操作: 2024-05-11 04:19:28

2024-05-11 04:19:28 开始第 8500 次操作

2024-05-11 04:19:28 开始操作号码 【1678409】
2024-05-11 04:19:33 GSD getOne 第 1 次 等待 3 秒
2024-05-11 04:19:36 查询号码 【1678409】，返回信息 {"status":"ok","msg":"-","gid":"319525","time_insert":"2021-07-18 22:00"}
2024-05-11 04:19:36 查询号码 【1678409】，GSD为【"-"】
2024-05-11 04:19:36 ok && -
2024-05-11 04:19:39 CHB 1678409?1715372376 第 1 次 等待 3 秒
2024-05-11 04:19:42 CHB 1678409?1715372376 第 1 次 获取到号码【1678409】GSD
2024-05-11 04:19:42 未获取到号码【1678409】GSD，可能号码格式错误
2024-05-11 04:19:42 获取到号码【1678409】的GSD为【-】
2024-05-11 04:19:48 GSD insert 第 1 次 等待 3 秒
2024-05-11 04:19:51 {"status":"bad","gid":"319525","msg":"添加失败！号码【1678409(-|-)】已存在！"}

