2024-03-30 00:08:18 开始第 909 次操作

2024-03-30 00:08:18 开始操作号码 【1670819】
2024-03-30 00:08:25 GSD getOne 第 1 次 等待 3 秒
2024-03-30 00:08:28 查询号码 【1670819】，返回信息 {"status":"ok","msg":"-","gid":"224969","time_insert":"2021-07-08 19:39"}
2024-03-30 00:08:28 查询号码 【1670819】，GSD为【"-"】
2024-03-30 00:08:28 ok && -
2024-03-30 00:08:31 CHB 1670819?1711728508 第 1 次 等待 3 秒
2024-03-30 00:08:34 CHB 1670819?1711728508 第 1 次 获取到号码【1670819】GSD
2024-03-30 00:08:34 未获取到号码【1670819】GSD，可能号码格式错误
2024-03-30 00:08:34 获取到号码【1670819】的GSD为【-】
2024-03-30 00:08:43 GSD insert 第 1 次 等待 3 秒
2024-03-30 00:08:46 {"status":"bad","gid":"224969","msg":"添加失败！号码【1670819(-|-)】已存在！"}
2024-03-30 00:08:46 随机等待 181 秒，约 3 分钟
2024-03-30 00:08:46 下次操作: 2024-03-30 00:11:47

2024-03-30 00:11:47 开始第 910 次操作

2024-03-30 00:11:47 开始操作号码 【1670820】
2024-03-30 00:11:53 GSD getOne 第 1 次 等待 3 秒
2024-03-30 00:11:56 查询号码 【1670820】，返回信息 {"status":"ok","msg":"-","gid":"224980","time_insert":"2021-07-08 19:39"}
2024-03-30 00:11:56 查询号码 【1670820】，GSD为【"-"】
2024-03-30 00:11:56 ok && -
2024-03-30 00:11:58 CHB 1670820?1711728716 第 1 次 等待 3 秒
2024-03-30 00:12:01 CHB 1670820?1711728716 第 1 次 获取到号码【1670820】GSD
2024-03-30 00:12:01 未获取到号码【1670820】GSD，可能号码格式错误
2024-03-30 00:12:01 获取到号码【1670820】的GSD为【-】
2024-03-30 00:12:06 GSD insert 第 1 次 等待 3 秒
2024-03-30 00:12:09 {"status":"bad","gid":"224980","msg":"添加失败！号码【1670820(-|-)】已存在！"}
2024-03-30 00:12:09 随机等待 191 秒，约 3 分钟
2024-03-30 00:12:09 下次操作: 2024-03-30 00:15:20

2024-03-30 00:15:20 开始第 911 次操作

2024-03-30 00:15:20 开始操作号码 【1670821】
2024-03-30 00:15:25 GSD getOne 第 1 次 等待 3 秒
2024-03-30 00:15:28 查询号码 【1670821】，返回信息 {"status":"ok","msg":"-","gid":"224985","time_insert":"2021-07-08 19:39"}
2024-03-30 00:15:28 查询号码 【1670821】，GSD为【"-"】
2024-03-30 00:15:28 ok && -
2024-03-30 00:15:31 CHB 1670821?1711728929 第 1 次 等待 3 秒
2024-03-30 00:15:34 CHB 1670821?1711728929 第 1 次 获取到号码【1670821】GSD
2024-03-30 00:15:34 未获取到号码【1670821】GSD，可能号码格式错误
2024-03-30 00:15:34 获取到号码【1670821】的GSD为【-】
2024-03-30 00:15:40 GSD insert 第 1 次 等待 3 秒
2024-03-30 00:15:43 {"status":"bad","gid":"224985","msg":"添加失败！号码【1670821(-|-)】已存在！"}
2024-03-30 00:15:43 随机等待 213 秒，约 3 分钟
2024-03-30 00:15:43 下次操作: 2024-03-30 00:19:16

2024-03-30 00:19:16 开始第 912 次操作

2024-03-30 00:19:16 开始操作号码 【1670822】
2024-03-30 00:19:26 GSD getOne 第 1 次 等待 3 秒
2024-03-30 00:19:29 查询号码 【1670822】，返回信息 {"status":"ok","msg":"-","gid":"224989","time_insert":"2021-07-08 19:40"}
2024-03-30 00:19:29 查询号码 【1670822】，GSD为【"-"】
2024-03-30 00:19:29 ok && -
2024-03-30 00:19:31 CHB 1670822?1711729169 第 1 次 等待 3 秒
2024-03-30 00:19:34 CHB 1670822?1711729169 第 1 次 获取到号码【1670822】GSD
2024-03-30 00:19:34 未获取到号码【1670822】GSD，可能号码格式错误
2024-03-30 00:19:34 获取到号码【1670822】的GSD为【-】
2024-03-30 00:19:39 GSD insert 第 1 次 等待 3 秒
2024-03-30 00:19:42 {"status":"bad","gid":"224989","msg":"添加失败！号码【1670822(-|-)】已存在！"}

