2023-10-10 00:10:17 开始第 2509 次操作

2023-10-10 00:10:17 开始操作号码 【1992508】
2023-10-10 00:10:20 GSD getOne 第 1 次 等待 3 秒
2023-10-10 00:10:23 查询号码 【1992508】，返回信息 {"status":"ok","msg":"广东-汕尾","gid":"503712","time_insert":"2021-08-11 11:21"}
2023-10-10 00:10:23 查询号码 【1992508】，GSD为【"广东-汕尾"】

2023-10-10 00:10:24 开始第 2510 次操作

2023-10-10 00:10:24 开始操作号码 【1992509】
2023-10-10 00:10:27 GSD getOne 第 1 次 等待 3 秒
2023-10-10 00:10:30 查询号码 【1992509】，返回信息 {"status":"ok","msg":"广东-汕尾","gid":"503723","time_insert":"2021-08-11 11:29"}
2023-10-10 00:10:30 查询号码 【1992509】，GSD为【"广东-汕尾"】

2023-10-10 00:10:31 开始第 2511 次操作

2023-10-10 00:10:31 开始操作号码 【1992510】
2023-10-10 00:10:35 GSD getOne 第 1 次 等待 3 秒
2023-10-10 00:10:38 查询号码 【1992510】，返回信息 {"status":"ok","msg":"广东-深圳","gid":"503727","time_insert":"2021-08-11 11:30"}
2023-10-10 00:10:38 查询号码 【1992510】，GSD为【"广东-深圳"】

2023-10-10 00:10:39 开始第 2512 次操作

2023-10-10 00:10:39 开始操作号码 【1992511】
2023-10-10 00:10:43 GSD getOne 第 1 次 等待 3 秒
2023-10-10 00:10:46 查询号码 【1992511】，返回信息 {"status":"ok","msg":"广东-深圳","gid":"503740","time_insert":"2021-08-11 11:39"}
2023-10-10 00:10:46 查询号码 【1992511】，GSD为【"广东-深圳"】

