2024-04-22 00:10:04 开始第 4973 次操作

2024-04-22 00:10:04 开始操作号码 【1674883】
2024-04-22 00:10:10 GSD getOne 第 1 次 等待 3 秒
2024-04-22 00:10:13 查询号码 【1674883】，返回信息 {"status":"ok","msg":"-","gid":"275676","time_insert":"2021-07-14 16:42"}
2024-04-22 00:10:13 查询号码 【1674883】，GSD为【"-"】
2024-04-22 00:10:13 ok && -
2024-04-22 00:10:16 CHB 1674883?1713715813 第 1 次 等待 3 秒
2024-04-22 00:10:19 CHB 1674883?1713715813 第 1 次 获取到号码【1674883】GSD
2024-04-22 00:10:19 未获取到号码【1674883】GSD，可能号码格式错误
2024-04-22 00:10:19 获取到号码【1674883】的GSD为【-】
2024-04-22 00:10:28 GSD insert 第 1 次 等待 3 秒
2024-04-22 00:10:31 {"status":"bad","gid":"275676","msg":"添加失败！号码【1674883(-|-)】已存在！"}
2024-04-22 00:10:31 随机等待 90 秒，约 1 分钟
2024-04-22 00:10:31 下次操作: 2024-04-22 00:12:01

2024-04-22 00:12:01 开始第 4974 次操作

2024-04-22 00:12:01 开始操作号码 【1674884】
2024-04-22 00:12:07 GSD getOne 第 1 次 等待 3 秒
2024-04-22 00:12:10 查询号码 【1674884】，返回信息 {"status":"ok","msg":"-","gid":"275691","time_insert":"2021-07-14 16:42"}
2024-04-22 00:12:10 查询号码 【1674884】，GSD为【"-"】
2024-04-22 00:12:10 ok && -
2024-04-22 00:12:13 CHB 1674884?1713715930 第 1 次 等待 3 秒
2024-04-22 00:12:16 CHB 1674884?1713715930 第 1 次 获取到号码【1674884】GSD
2024-04-22 00:12:16 未获取到号码【1674884】GSD，可能号码格式错误
2024-04-22 00:12:16 获取到号码【1674884】的GSD为【-】
2024-04-22 00:12:26 GSD insert 第 1 次 等待 3 秒
2024-04-22 00:12:29 {"status":"bad","gid":"275691","msg":"添加失败！号码【1674884(-|-)】已存在！"}
2024-04-22 00:12:29 随机等待 181 秒，约 3 分钟
2024-04-22 00:12:29 下次操作: 2024-04-22 00:15:30

2024-04-22 00:15:30 开始第 4975 次操作

2024-04-22 00:15:30 开始操作号码 【1674885】
2024-04-22 00:15:39 GSD getOne 第 1 次 等待 3 秒
2024-04-22 00:15:42 查询号码 【1674885】，返回信息 {"status":"ok","msg":"-","gid":"275705","time_insert":"2021-07-14 16:43"}
2024-04-22 00:15:42 查询号码 【1674885】，GSD为【"-"】
2024-04-22 00:15:42 ok && -
2024-04-22 00:15:44 CHB 1674885?1713716142 第 1 次 等待 3 秒
2024-04-22 00:15:47 CHB 1674885?1713716142 第 1 次 获取到号码【1674885】GSD
2024-04-22 00:15:47 未获取到号码【1674885】GSD，可能号码格式错误
2024-04-22 00:15:47 获取到号码【1674885】的GSD为【-】
2024-04-22 00:15:58 GSD insert 第 1 次 等待 3 秒
2024-04-22 00:16:01 {"status":"bad","gid":"275705","msg":"添加失败！号码【1674885(-|-)】已存在！"}
2024-04-22 00:16:01 随机等待 175 秒，约 2 分钟
2024-04-22 00:16:01 下次操作: 2024-04-22 00:18:56

2024-04-22 00:18:56 开始第 4976 次操作

2024-04-22 00:18:56 开始操作号码 【1674886】
2024-04-22 00:19:05 GSD getOne 第 1 次 等待 3 秒
2024-04-22 00:19:08 查询号码 【1674886】，返回信息 {"status":"ok","msg":"-","gid":"275723","time_insert":"2021-07-14 16:44"}
2024-04-22 00:19:09 查询号码 【1674886】，GSD为【"-"】
2024-04-22 00:19:09 ok && -
2024-04-22 00:19:11 CHB 1674886?1713716349 第 1 次 等待 3 秒
2024-04-22 00:19:14 CHB 1674886?1713716349 第 1 次 获取到号码【1674886】GSD
2024-04-22 00:19:14 未获取到号码【1674886】GSD，可能号码格式错误
2024-04-22 00:19:14 获取到号码【1674886】的GSD为【-】
2024-04-22 00:19:21 GSD insert 第 1 次 等待 3 秒
2024-04-22 00:19:24 {"status":"bad","gid":"275723","msg":"添加失败！号码【1674886(-|-)】已存在！"}

2024-04-22 00:34:08 开始第 4977 次操作

2024-04-22 00:34:08 开始操作号码 【1674887】
2024-04-22 00:34:15 GSD getOne 第 1 次 等待 3 秒
2024-04-22 00:34:18 查询号码 【1674887】，返回信息 {"status":"ok","msg":"-","gid":"275735","time_insert":"2021-07-14 16:44"}
2024-04-22 00:34:18 查询号码 【1674887】，GSD为【"-"】
2024-04-22 00:34:18 ok && -
2024-04-22 00:34:21 CHB 1674887?1713717258 第 1 次 等待 3 秒
2024-04-22 00:34:24 CHB 1674887?1713717258 第 1 次 获取到号码【1674887】GSD
2024-04-22 00:34:24 未获取到号码【1674887】GSD，可能号码格式错误
2024-04-22 00:34:24 获取到号码【1674887】的GSD为【-】
2024-04-22 00:34:31 GSD insert 第 1 次 等待 3 秒
2024-04-22 00:34:34 {"status":"bad","gid":"275735","msg":"添加失败！号码【1674887(-|-)】已存在！"}
2024-04-22 00:34:34 随机等待 184 秒，约 3 分钟
2024-04-22 00:34:34 下次操作: 2024-04-22 00:37:38

2024-04-22 00:37:38 开始第 4978 次操作

2024-04-22 00:37:38 开始操作号码 【1674888】
2024-04-22 00:37:45 GSD getOne 第 1 次 等待 3 秒
2024-04-22 00:37:48 查询号码 【1674888】，返回信息 {"status":"ok","msg":"-","gid":"276009","time_insert":"2021-07-14 17:40"}
2024-04-22 00:37:48 查询号码 【1674888】，GSD为【"-"】
2024-04-22 00:37:48 ok && -
2024-04-22 00:37:51 CHB 1674888?1713717468 第 1 次 等待 3 秒
2024-04-22 00:37:54 CHB 1674888?1713717468 第 1 次 获取到号码【1674888】GSD
2024-04-22 00:37:54 未获取到号码【1674888】GSD，可能号码格式错误
2024-04-22 00:37:54 获取到号码【1674888】的GSD为【-】
2024-04-22 00:38:03 GSD insert 第 1 次 等待 3 秒
2024-04-22 00:38:06 {"status":"bad","gid":"276009","msg":"添加失败！号码【1674888(-|-)】已存在！"}
2024-04-22 00:38:06 随机等待 151 秒，约 2 分钟
2024-04-22 00:38:06 下次操作: 2024-04-22 00:40:37

2024-04-22 00:40:37 开始第 4979 次操作

2024-04-22 00:40:37 开始操作号码 【1674889】
2024-04-22 00:40:44 GSD getOne 第 1 次 等待 3 秒
2024-04-22 00:40:47 查询号码 【1674889】，返回信息 {"status":"ok","msg":"广东-佛山","gid":"276012","time_insert":"2021-07-14 17:40","time_update":"2023-08-26 16:38"}
2024-04-22 00:40:47 查询号码 【1674889】，GSD为【"广东-佛山"】

2024-04-22 00:40:48 开始第 4980 次操作

2024-04-22 00:40:48 开始操作号码 【1674890】
2024-04-22 00:40:54 GSD getOne 第 1 次 等待 3 秒
2024-04-22 00:40:57 查询号码 【1674890】，返回信息 {"status":"ok","msg":"-","gid":"276017","time_insert":"2021-07-14 17:41"}
2024-04-22 00:40:57 查询号码 【1674890】，GSD为【"-"】
2024-04-22 00:40:57 ok && -
2024-04-22 00:40:59 CHB 1674890?1713717657 第 1 次 等待 3 秒
2024-04-22 00:41:02 CHB 1674890?1713717657 第 1 次 获取到号码【1674890】GSD
2024-04-22 00:41:02 未获取到号码【1674890】GSD，可能号码格式错误
2024-04-22 00:41:02 获取到号码【1674890】的GSD为【-】
2024-04-22 00:41:15 GSD insert 第 1 次 等待 3 秒
2024-04-22 00:41:18 {"status":"bad","gid":"276017","msg":"添加失败！号码【1674890(-|-)】已存在！"}

2024-04-22 01:07:57 开始第 4981 次操作

2024-04-22 01:07:57 开始操作号码 【1674891】
2024-04-22 01:08:04 GSD getOne 第 1 次 等待 3 秒
2024-04-22 01:08:07 查询号码 【1674891】，返回信息 {"status":"ok","msg":"-","gid":"276020","time_insert":"2021-07-14 17:41"}
2024-04-22 01:08:08 查询号码 【1674891】，GSD为【"-"】
2024-04-22 01:08:08 ok && -
2024-04-22 01:08:09 CHB 1674891?1713719288 第 1 次 等待 3 秒
2024-04-22 01:08:12 CHB 1674891?1713719288 第 1 次 获取到号码【1674891】GSD
2024-04-22 01:08:13 未获取到号码【1674891】GSD，可能号码格式错误
2024-04-22 01:08:13 获取到号码【1674891】的GSD为【-】
2024-04-22 01:08:17 GSD insert 第 1 次 等待 3 秒
2024-04-22 01:08:20 {"status":"bad","gid":"276020","msg":"添加失败！号码【1674891(-|-)】已存在！"}
2024-04-22 01:08:20 随机等待 144 秒，约 2 分钟
2024-04-22 01:08:20 下次操作: 2024-04-22 01:10:44

2024-04-22 01:10:44 开始第 4982 次操作

2024-04-22 01:10:44 开始操作号码 【1674892】
2024-04-22 01:10:49 GSD getOne 第 1 次 等待 3 秒
2024-04-22 01:10:52 查询号码 【1674892】，返回信息 {"status":"ok","msg":"-","gid":"276024","time_insert":"2021-07-14 17:41"}
2024-04-22 01:10:52 查询号码 【1674892】，GSD为【"-"】
2024-04-22 01:10:52 ok && -
2024-04-22 01:10:54 CHB 1674892?1713719452 第 1 次 等待 3 秒
2024-04-22 01:10:57 CHB 1674892?1713719452 第 1 次 获取到号码【1674892】GSD
2024-04-22 01:10:57 未获取到号码【1674892】GSD，可能号码格式错误
2024-04-22 01:10:57 获取到号码【1674892】的GSD为【-】
2024-04-22 01:10:58 GSD insert 第 1 次 等待 3 秒
2024-04-22 01:11:08 GSD insert 第 2 次 等待 3 秒
2024-04-22 01:11:11 {"status":"bad","gid":"276024","msg":"添加失败！号码【1674892(-|-)】已存在！"}
2024-04-22 01:11:11 随机等待 129 秒，约 2 分钟
2024-04-22 01:11:11 下次操作: 2024-04-22 01:13:20

2024-04-22 01:13:20 开始第 4983 次操作

2024-04-22 01:13:20 开始操作号码 【1674893】
2024-04-22 01:13:26 GSD getOne 第 1 次 等待 3 秒
2024-04-22 01:13:29 查询号码 【1674893】，返回信息 {"status":"ok","msg":"-","gid":"276038","time_insert":"2021-07-14 17:43"}
2024-04-22 01:13:29 查询号码 【1674893】，GSD为【"-"】
2024-04-22 01:13:29 ok && -
2024-04-22 01:13:31 CHB 1674893?1713719609 第 1 次 等待 3 秒
2024-04-22 01:13:34 CHB 1674893?1713719609 第 1 次 获取到号码【1674893】GSD
2024-04-22 01:13:34 未获取到号码【1674893】GSD，可能号码格式错误
2024-04-22 01:13:34 获取到号码【1674893】的GSD为【-】
2024-04-22 01:13:42 GSD insert 第 1 次 等待 3 秒
2024-04-22 01:13:45 {"status":"bad","gid":"276038","msg":"添加失败！号码【1674893(-|-)】已存在！"}
2024-04-22 01:13:45 随机等待 138 秒，约 2 分钟
2024-04-22 01:13:45 下次操作: 2024-04-22 01:16:03

2024-04-22 01:16:03 开始第 4984 次操作

2024-04-22 01:16:03 开始操作号码 【1674894】
2024-04-22 01:16:09 GSD getOne 第 1 次 等待 3 秒
2024-04-22 01:16:12 查询号码 【1674894】，返回信息 {"status":"ok","msg":"福建-厦门","gid":"276046","time_insert":"2021-07-14 17:43","time_update":"2023-08-26 17:21"}
2024-04-22 01:16:12 查询号码 【1674894】，GSD为【"福建-厦门"】

2024-04-22 01:32:15 开始第 4985 次操作

2024-04-22 01:32:15 开始操作号码 【1674895】
2024-04-22 01:32:23 GSD getOne 第 1 次 等待 3 秒
2024-04-22 01:32:26 查询号码 【1674895】，返回信息 {"status":"ok","msg":"-","gid":"276051","time_insert":"2021-07-14 17:43"}
2024-04-22 01:32:26 查询号码 【1674895】，GSD为【"-"】
2024-04-22 01:32:26 ok && -
2024-04-22 01:32:28 CHB 1674895?1713720746 第 1 次 等待 3 秒
2024-04-22 01:32:31 CHB 1674895?1713720746 第 1 次 获取到号码【1674895】GSD
2024-04-22 01:32:32 未获取到号码【1674895】GSD，可能号码格式错误
2024-04-22 01:32:32 获取到号码【1674895】的GSD为【-】
2024-04-22 01:32:45 GSD insert 第 1 次 等待 3 秒
2024-04-22 01:32:48 {"status":"bad","gid":"276051","msg":"添加失败！号码【1674895(-|-)】已存在！"}
2024-04-22 01:32:48 随机等待 106 秒，约 1 分钟
2024-04-22 01:32:48 下次操作: 2024-04-22 01:34:34

2024-04-22 01:34:34 开始第 4986 次操作

2024-04-22 01:34:34 开始操作号码 【1674896】
2024-04-22 01:34:39 GSD getOne 第 1 次 等待 3 秒
2024-04-22 01:34:42 查询号码 【1674896】，返回信息 {"status":"ok","msg":"-","gid":"276055","time_insert":"2021-07-14 17:44"}
2024-04-22 01:34:42 查询号码 【1674896】，GSD为【"-"】
2024-04-22 01:34:42 ok && -
2024-04-22 01:34:44 CHB 1674896?1713720882 第 1 次 等待 3 秒
2024-04-22 01:34:47 CHB 1674896?1713720882 第 1 次 获取到号码【1674896】GSD
2024-04-22 01:34:47 未获取到号码【1674896】GSD，可能号码格式错误
2024-04-22 01:34:47 获取到号码【1674896】的GSD为【-】
2024-04-22 01:34:53 GSD insert 第 1 次 等待 3 秒
2024-04-22 01:34:56 {"status":"bad","gid":"276055","msg":"添加失败！号码【1674896(-|-)】已存在！"}
2024-04-22 01:34:56 随机等待 148 秒，约 2 分钟
2024-04-22 01:34:56 下次操作: 2024-04-22 01:37:24

2024-04-22 01:37:24 开始第 4987 次操作

2024-04-22 01:37:24 开始操作号码 【1674897】
2024-04-22 01:37:33 GSD getOne 第 1 次 等待 3 秒
2024-04-22 01:37:36 查询号码 【1674897】，返回信息 {"status":"ok","msg":"-","gid":"276062","time_insert":"2021-07-14 17:44"}
2024-04-22 01:37:36 查询号码 【1674897】，GSD为【"-"】
2024-04-22 01:37:36 ok && -
2024-04-22 01:37:38 CHB 1674897?1713721056 第 1 次 等待 3 秒
2024-04-22 01:37:41 CHB 1674897?1713721056 第 1 次 获取到号码【1674897】GSD
2024-04-22 01:37:41 未获取到号码【1674897】GSD，可能号码格式错误
2024-04-22 01:37:41 获取到号码【1674897】的GSD为【-】
2024-04-22 01:37:53 GSD insert 第 1 次 等待 3 秒
2024-04-22 01:37:56 {"status":"bad","gid":"276062","msg":"添加失败！号码【1674897(-|-)】已存在！"}
2024-04-22 01:37:56 随机等待 156 秒，约 2 分钟
2024-04-22 01:37:56 下次操作: 2024-04-22 01:40:32

2024-04-22 01:40:32 开始第 4988 次操作

2024-04-22 01:40:32 开始操作号码 【1674898】
2024-04-22 01:40:41 GSD getOne 第 1 次 等待 3 秒
2024-04-22 01:40:44 查询号码 【1674898】，返回信息 {"status":"ok","msg":"-","gid":"276074","time_insert":"2021-07-14 17:45"}
2024-04-22 01:40:44 查询号码 【1674898】，GSD为【"-"】
2024-04-22 01:40:44 ok && -
2024-04-22 01:40:46 CHB 1674898?1713721244 第 1 次 等待 3 秒
2024-04-22 01:40:49 CHB 1674898?1713721244 第 1 次 获取到号码【1674898】GSD
2024-04-22 01:40:49 未获取到号码【1674898】GSD，可能号码格式错误
2024-04-22 01:40:49 获取到号码【1674898】的GSD为【-】
2024-04-22 01:40:54 GSD insert 第 1 次 等待 3 秒
2024-04-22 01:40:57 {"status":"bad","gid":"276074","msg":"添加失败！号码【1674898(-|-)】已存在！"}

