2024-11-07 00:25:45 开始第 3441 次操作

2024-11-07 00:25:45 开始操作号码 【1343440】
2024-11-07 00:25:46 GSD getOne 第 1 次 等待 3 秒
2024-11-07 00:25:49 查询号码 【1343440】，返回信息 {"status":"ok","msg":"广东-深圳","gid":"109487","time_insert":"2021-06-21 01:01"}
2024-11-07 00:25:49 查询号码 【1343440】，GSD为【"广东-深圳"】

2024-11-07 00:25:50 开始第 3442 次操作

2024-11-07 00:25:50 开始操作号码 【1343441】
2024-11-07 00:25:51 GSD getOne 第 1 次 等待 3 秒
2024-11-07 00:25:54 查询号码 【1343441】，返回信息 {"status":"ok","msg":"广东-深圳","gid":"51190","time_insert":"2021-04-22 09:18"}
2024-11-07 00:25:54 查询号码 【1343441】，GSD为【"广东-深圳"】

2024-11-07 00:25:55 开始第 3443 次操作

2024-11-07 00:25:55 开始操作号码 【1343442】
2024-11-07 00:25:56 GSD getOne 第 1 次 等待 3 秒
2024-11-07 00:26:00 查询号码 【1343442】，返回信息 {"status":"ok","msg":"广东-深圳","gid":"109520","time_insert":"2021-06-21 01:27"}
2024-11-07 00:26:00 查询号码 【1343442】，GSD为【"广东-深圳"】

2024-11-07 00:26:01 开始第 3444 次操作

2024-11-07 00:26:01 开始操作号码 【1343443】
2024-11-07 00:26:02 GSD getOne 第 1 次 等待 3 秒
2024-11-07 00:26:05 查询号码 【1343443】，返回信息 {"status":"ok","msg":"广东-深圳","gid":"109555","time_insert":"2021-06-21 01:52"}
2024-11-07 00:26:05 查询号码 【1343443】，GSD为【"广东-深圳"】

