2023-10-17 00:09:56 开始第 3577 次操作

2023-10-17 00:09:56 开始操作号码 【1993486】
2023-10-17 00:09:59 GSD getOne 第 1 次 等待 3 秒
2023-10-17 00:10:02 查询号码 【1993486】，返回信息 {"status":"ok","msg":"四川-成都","gid":"510512","time_insert":"2021-08-14 23:52"}
2023-10-17 00:10:02 查询号码 【1993486】，GSD为【"四川-成都"】

2023-10-17 00:10:03 开始第 3578 次操作

2023-10-17 00:10:03 开始操作号码 【1993487】
2023-10-17 00:10:05 GSD getOne 第 1 次 等待 3 秒
2023-10-17 00:10:08 查询号码 【1993487】，返回信息 {"status":"ok","msg":"四川-成都","gid":"510514","time_insert":"2021-08-14 23:55"}
2023-10-17 00:10:08 查询号码 【1993487】，GSD为【"四川-成都"】

2023-10-17 00:10:09 开始第 3579 次操作

2023-10-17 00:10:09 开始操作号码 【1993488】
2023-10-17 00:10:13 GSD getOne 第 1 次 等待 3 秒
2023-10-17 00:10:16 查询号码 【1993488】，返回信息 {"status":"ok","msg":"四川-成都","gid":"510519","time_insert":"2021-08-15 00:03"}
2023-10-17 00:10:16 查询号码 【1993488】，GSD为【"四川-成都"】

2023-10-17 00:10:17 开始第 3580 次操作

2023-10-17 00:10:17 开始操作号码 【1993489】
2023-10-17 00:10:22 GSD getOne 第 1 次 等待 3 秒
2023-10-17 00:10:25 查询号码 【1993489】，返回信息 {"status":"ok","msg":"四川-成都","gid":"510520","time_insert":"2021-08-15 00:04"}
2023-10-17 00:10:25 查询号码 【1993489】，GSD为【"四川-成都"】

