2024-07-28 00:11:08 开始第 9049 次操作

2024-07-28 00:11:08 开始操作号码 【1568955】
2024-07-28 00:11:17 GSD getOne 第 1 次 等待 3 秒
2024-07-28 00:11:20 查询号码 【1568955】，返回信息 {"status":"ok","msg":"山东-德州","gid":"378068","time_insert":"2021-07-24 14:11"}
2024-07-28 00:11:20 查询号码 【1568955】，GSD为【"山东-德州"】

2024-07-28 00:11:21 开始第 9050 次操作

2024-07-28 00:11:21 开始操作号码 【1568956】
2024-07-28 00:11:29 GSD getOne 第 1 次 等待 3 秒
2024-07-28 00:11:32 查询号码 【1568956】，返回信息 {"status":"ok","msg":"山东-临沂","gid":"378064","time_insert":"2021-07-24 14:10"}
2024-07-28 00:11:32 查询号码 【1568956】，GSD为【"山东-临沂"】

2024-07-28 00:11:33 开始第 9051 次操作

2024-07-28 00:11:33 开始操作号码 【1568957】
2024-07-28 00:11:41 GSD getOne 第 1 次 等待 3 秒
2024-07-28 00:11:44 查询号码 【1568957】，返回信息 {"status":"ok","msg":"山东-临沂","gid":"378060","time_insert":"2021-07-24 14:09"}
2024-07-28 00:11:44 查询号码 【1568957】，GSD为【"山东-临沂"】

2024-07-28 00:11:45 开始第 9052 次操作

2024-07-28 00:11:45 开始操作号码 【1568958】
2024-07-28 00:11:53 GSD getOne 第 1 次 等待 3 秒
2024-07-28 00:11:56 查询号码 【1568958】，返回信息 {"status":"ok","msg":"山东-临沂","gid":"378058","time_insert":"2021-07-24 14:08"}
2024-07-28 00:11:56 查询号码 【1568958】，GSD为【"山东-临沂"】

