2024-01-07 00:09:07 开始第 7561 次操作

2024-01-07 00:09:07 开始操作号码 【1897470】
2024-01-07 00:09:12 GSD getOne 第 1 次 等待 3 秒
2024-01-07 00:09:15 查询号码 【1897470】，返回信息 {"status":"ok","msg":"湖南-衡阳","gid":"450359","time_insert":"2021-07-31 01:10"}
2024-01-07 00:09:15 查询号码 【1897470】，GSD为【"湖南-衡阳"】

2024-01-07 00:09:16 开始第 7562 次操作

2024-01-07 00:09:16 开始操作号码 【1897471】
2024-01-07 00:09:22 GSD getOne 第 1 次 等待 3 秒
2024-01-07 00:09:25 查询号码 【1897471】，返回信息 {"status":"ok","msg":"湖南-衡阳","gid":"450350","time_insert":"2021-07-31 01:10"}
2024-01-07 00:09:25 查询号码 【1897471】，GSD为【"湖南-衡阳"】

2024-01-07 00:09:26 开始第 7563 次操作

2024-01-07 00:09:26 开始操作号码 【1897472】
2024-01-07 00:09:29 GSD getOne 第 1 次 等待 3 秒
2024-01-07 00:09:32 查询号码 【1897472】，返回信息 {"status":"ok","msg":"湖南-衡阳","gid":"450340","time_insert":"2021-07-31 01:09"}
2024-01-07 00:09:32 查询号码 【1897472】，GSD为【"湖南-衡阳"】

2024-01-07 00:09:33 开始第 7564 次操作

2024-01-07 00:09:33 开始操作号码 【1897473】
2024-01-07 00:09:36 GSD getOne 第 1 次 等待 3 秒
2024-01-07 00:09:39 查询号码 【1897473】，返回信息 {"status":"ok","msg":"湖南-衡阳","gid":"450331","time_insert":"2021-07-31 01:08"}
2024-01-07 00:09:39 查询号码 【1897473】，GSD为【"湖南-衡阳"】

2024-01-07 00:36:29 开始第 7565 次操作

2024-01-07 00:36:29 开始操作号码 【1897474】
2024-01-07 00:36:34 GSD getOne 第 1 次 等待 3 秒
2024-01-07 00:36:37 查询号码 【1897474】，返回信息 {"status":"ok","msg":"湖南-衡阳","gid":"450320","time_insert":"2021-07-31 01:08"}
2024-01-07 00:36:37 查询号码 【1897474】，GSD为【"湖南-衡阳"】

2024-01-07 00:36:38 开始第 7566 次操作

2024-01-07 00:36:38 开始操作号码 【1897475】
2024-01-07 00:36:41 GSD getOne 第 1 次 等待 3 秒
2024-01-07 00:36:44 查询号码 【1897475】，返回信息 {"status":"ok","msg":"湖南-衡阳","gid":"450310","time_insert":"2021-07-31 01:07"}
2024-01-07 00:36:44 查询号码 【1897475】，GSD为【"湖南-衡阳"】

2024-01-07 00:36:45 开始第 7567 次操作

2024-01-07 00:36:45 开始操作号码 【1897476】
2024-01-07 00:36:49 GSD getOne 第 1 次 等待 3 秒
2024-01-07 00:36:52 查询号码 【1897476】，返回信息 {"status":"ok","msg":"湖南-衡阳","gid":"450302","time_insert":"2021-07-31 01:07"}
2024-01-07 00:36:52 查询号码 【1897476】，GSD为【"湖南-衡阳"】

2024-01-07 00:36:53 开始第 7568 次操作

2024-01-07 00:36:53 开始操作号码 【1897477】
2024-01-07 00:36:56 GSD getOne 第 1 次 等待 3 秒
2024-01-07 00:36:59 查询号码 【1897477】，返回信息 {"status":"ok","msg":"湖南-衡阳","gid":"450291","time_insert":"2021-07-31 01:06"}
2024-01-07 00:37:00 查询号码 【1897477】，GSD为【"湖南-衡阳"】

2024-01-07 01:06:39 开始第 7569 次操作

2024-01-07 01:06:39 开始操作号码 【1897478】
2024-01-07 01:06:44 GSD getOne 第 1 次 等待 3 秒
2024-01-07 01:06:47 查询号码 【1897478】，返回信息 {"status":"ok","msg":"湖南-衡阳","gid":"45314","time_insert":"2017-12-14 15:55","time_update":"2020-09-24 09:54"}
2024-01-07 01:06:47 查询号码 【1897478】，GSD为【"湖南-衡阳"】

2024-01-07 01:06:48 开始第 7570 次操作

2024-01-07 01:06:48 开始操作号码 【1897479】
2024-01-07 01:06:51 GSD getOne 第 1 次 等待 3 秒
2024-01-07 01:06:54 查询号码 【1897479】，返回信息 {"status":"ok","msg":"湖南-衡阳","gid":"450284","time_insert":"2021-07-31 01:05"}
2024-01-07 01:06:54 查询号码 【1897479】，GSD为【"湖南-衡阳"】

2024-01-07 01:06:55 开始第 7571 次操作

2024-01-07 01:06:55 开始操作号码 【1897480】
2024-01-07 01:06:58 GSD getOne 第 1 次 等待 3 秒
2024-01-07 01:07:01 查询号码 【1897480】，返回信息 {"status":"ok","msg":"湖南-长沙","gid":"450276","time_insert":"2021-07-31 01:05"}
2024-01-07 01:07:01 查询号码 【1897480】，GSD为【"湖南-长沙"】

2024-01-07 01:07:02 开始第 7572 次操作

2024-01-07 01:07:02 开始操作号码 【1897481】
2024-01-07 01:07:07 GSD getOne 第 1 次 等待 3 秒
2024-01-07 01:07:10 查询号码 【1897481】，返回信息 {"status":"ok","msg":"湖南-长沙","gid":"450267","time_insert":"2021-07-31 01:04"}
2024-01-07 01:07:10 查询号码 【1897481】，GSD为【"湖南-长沙"】

2024-01-07 01:32:14 开始第 7573 次操作

2024-01-07 01:32:14 开始操作号码 【1897482】
2024-01-07 01:32:19 GSD getOne 第 1 次 等待 3 秒
2024-01-07 01:32:22 查询号码 【1897482】，返回信息 {"status":"ok","msg":"湖南-长沙","gid":"58552","time_insert":"2021-05-14 13:20","time_update":"2021-06-22 17:15"}
2024-01-07 01:32:22 查询号码 【1897482】，GSD为【"湖南-长沙"】

2024-01-07 01:32:23 开始第 7574 次操作

2024-01-07 01:32:23 开始操作号码 【1897483】
2024-01-07 01:32:27 GSD getOne 第 1 次 等待 3 秒
2024-01-07 01:32:30 查询号码 【1897483】，返回信息 {"status":"ok","msg":"湖南-长沙","gid":"450251","time_insert":"2021-07-31 01:03"}
2024-01-07 01:32:30 查询号码 【1897483】，GSD为【"湖南-长沙"】

2024-01-07 01:32:31 开始第 7575 次操作

2024-01-07 01:32:31 开始操作号码 【1897484】
2024-01-07 01:32:38 GSD getOne 第 1 次 等待 3 秒
2024-01-07 01:32:41 查询号码 【1897484】，返回信息 {"status":"ok","msg":"湖南-长沙","gid":"450241","time_insert":"2021-07-31 01:02"}
2024-01-07 01:32:41 查询号码 【1897484】，GSD为【"湖南-长沙"】

2024-01-07 01:32:42 开始第 7576 次操作

2024-01-07 01:32:42 开始操作号码 【1897485】
2024-01-07 01:32:45 GSD getOne 第 1 次 等待 3 秒
2024-01-07 01:32:48 查询号码 【1897485】，返回信息 {"status":"ok","msg":"湖南-长沙","gid":"450233","time_insert":"2021-07-31 01:01"}
2024-01-07 01:32:48 查询号码 【1897485】，GSD为【"湖南-长沙"】

2024-01-07 02:09:01 开始第 7577 次操作

2024-01-07 02:09:01 开始操作号码 【1897486】
2024-01-07 02:09:04 GSD getOne 第 1 次 等待 3 秒
2024-01-07 02:09:07 查询号码 【1897486】，返回信息 {"status":"ok","msg":"湖南-长沙","gid":"450089","time_insert":"2021-07-31 00:17"}
2024-01-07 02:09:07 查询号码 【1897486】，GSD为【"湖南-长沙"】

2024-01-07 02:09:08 开始第 7578 次操作

2024-01-07 02:09:08 开始操作号码 【1897487】
2024-01-07 02:09:11 GSD getOne 第 1 次 等待 3 秒
2024-01-07 02:09:14 查询号码 【1897487】，返回信息 {"status":"ok","msg":"湖南-长沙","gid":"450080","time_insert":"2021-07-31 00:16"}
2024-01-07 02:09:14 查询号码 【1897487】，GSD为【"湖南-长沙"】

2024-01-07 02:09:15 开始第 7579 次操作

2024-01-07 02:09:15 开始操作号码 【1897488】
2024-01-07 02:09:18 GSD getOne 第 1 次 等待 3 秒
2024-01-07 02:09:21 查询号码 【1897488】，返回信息 {"status":"ok","msg":"湖南-长沙","gid":"450074","time_insert":"2021-07-31 00:15"}
2024-01-07 02:09:21 查询号码 【1897488】，GSD为【"湖南-长沙"】

2024-01-07 02:09:22 开始第 7580 次操作

2024-01-07 02:09:22 开始操作号码 【1897489】
2024-01-07 02:09:24 GSD getOne 第 1 次 等待 3 秒
2024-01-07 02:09:27 查询号码 【1897489】，返回信息 {"status":"ok","msg":"湖南-长沙","gid":"450064","time_insert":"2021-07-31 00:14"}
2024-01-07 02:09:27 查询号码 【1897489】，GSD为【"湖南-长沙"】

2024-01-07 02:32:43 开始第 7581 次操作

2024-01-07 02:32:43 开始操作号码 【1897490】
2024-01-07 02:32:48 GSD getOne 第 1 次 等待 3 秒
2024-01-07 02:32:51 查询号码 【1897490】，返回信息 {"status":"ok","msg":"湖南-长沙","gid":"450053","time_insert":"2021-07-31 00:13"}
2024-01-07 02:32:51 查询号码 【1897490】，GSD为【"湖南-长沙"】

2024-01-07 02:32:52 开始第 7582 次操作

2024-01-07 02:32:52 开始操作号码 【1897491】
2024-01-07 02:32:56 GSD getOne 第 1 次 等待 3 秒
2024-01-07 02:32:59 查询号码 【1897491】，返回信息 {"status":"ok","msg":"湖南-长沙","gid":"450043","time_insert":"2021-07-31 00:13"}
2024-01-07 02:32:59 查询号码 【1897491】，GSD为【"湖南-长沙"】

2024-01-07 02:33:00 开始第 7583 次操作

2024-01-07 02:33:00 开始操作号码 【1897492】
2024-01-07 02:33:04 GSD getOne 第 1 次 等待 3 秒
2024-01-07 02:33:07 查询号码 【1897492】，返回信息 {"status":"ok","msg":"湖南-长沙","gid":"450033","time_insert":"2021-07-31 00:12"}
2024-01-07 02:33:07 查询号码 【1897492】，GSD为【"湖南-长沙"】

2024-01-07 02:33:08 开始第 7584 次操作

2024-01-07 02:33:08 开始操作号码 【1897493】
2024-01-07 02:33:12 GSD getOne 第 1 次 等待 3 秒
2024-01-07 02:33:15 查询号码 【1897493】，返回信息 {"status":"ok","msg":"湖南-长沙","gid":"450027","time_insert":"2021-07-31 00:11"}
2024-01-07 02:33:15 查询号码 【1897493】，GSD为【"湖南-长沙"】

