2023-12-07 00:10:59 开始第 1857 次操作

2023-12-07 00:10:59 开始操作号码 【1891766】
2023-12-07 00:11:03 GSD getOne 第 1 次 等待 3 秒
2023-12-07 00:11:06 查询号码 【1891766】，返回信息 {"status":"ok","msg":"上海-上海","gid":"497122","time_insert":"2021-08-06 02:28"}
2023-12-07 00:11:06 查询号码 【1891766】，GSD为【"上海-上海"】

2023-12-07 00:11:07 开始第 1858 次操作

2023-12-07 00:11:07 开始操作号码 【1891767】
2023-12-07 00:11:11 GSD getOne 第 1 次 等待 3 秒
2023-12-07 00:11:14 查询号码 【1891767】，返回信息 {"status":"ok","msg":"上海-上海","gid":"497129","time_insert":"2021-08-06 02:42"}
2023-12-07 00:11:14 查询号码 【1891767】，GSD为【"上海-上海"】

2023-12-07 00:11:15 开始第 1859 次操作

2023-12-07 00:11:15 开始操作号码 【1891768】
2023-12-07 00:11:22 GSD getOne 第 1 次 等待 3 秒
2023-12-07 00:11:25 查询号码 【1891768】，返回信息 {"status":"ok","msg":"上海-上海","gid":"497130","time_insert":"2021-08-06 02:43"}
2023-12-07 00:11:25 查询号码 【1891768】，GSD为【"上海-上海"】

2023-12-07 00:11:26 开始第 1860 次操作

2023-12-07 00:11:26 开始操作号码 【1891769】
2023-12-07 00:11:29 GSD getOne 第 1 次 等待 3 秒
2023-12-07 00:11:32 查询号码 【1891769】，返回信息 {"status":"ok","msg":"上海-上海","gid":"497138","time_insert":"2021-08-06 02:54"}
2023-12-07 00:11:32 查询号码 【1891769】，GSD为【"上海-上海"】

2023-12-07 00:39:26 开始第 1861 次操作

2023-12-07 00:39:26 开始操作号码 【1891770】
2023-12-07 00:39:30 GSD getOne 第 1 次 等待 3 秒
2023-12-07 00:39:33 查询号码 【1891770】，返回信息 {"status":"ok","msg":"上海-上海","gid":"497140","time_insert":"2021-08-06 02:57","time_update":"2021-08-06 03:07"}
2023-12-07 00:39:33 查询号码 【1891770】，GSD为【"上海-上海"】

2023-12-07 00:39:34 开始第 1862 次操作

2023-12-07 00:39:34 开始操作号码 【1891771】
2023-12-07 00:39:37 GSD getOne 第 1 次 等待 3 秒
2023-12-07 00:39:40 查询号码 【1891771】，返回信息 {"status":"ok","msg":"上海-上海","gid":"497149","time_insert":"2021-08-06 03:09"}
2023-12-07 00:39:40 查询号码 【1891771】，GSD为【"上海-上海"】

2023-12-07 00:39:41 开始第 1863 次操作

2023-12-07 00:39:41 开始操作号码 【1891772】
2023-12-07 00:39:45 GSD getOne 第 1 次 等待 3 秒
2023-12-07 00:39:48 查询号码 【1891772】，返回信息 {"status":"ok","msg":"上海-上海","gid":"497155","time_insert":"2021-08-06 03:20"}
2023-12-07 00:39:48 查询号码 【1891772】，GSD为【"上海-上海"】

2023-12-07 00:39:49 开始第 1864 次操作

2023-12-07 00:39:49 开始操作号码 【1891773】
2023-12-07 00:39:53 GSD getOne 第 1 次 等待 3 秒
2023-12-07 00:39:56 查询号码 【1891773】，返回信息 {"status":"ok","msg":"上海-上海","gid":"497157","time_insert":"2021-08-06 03:24"}
2023-12-07 00:39:56 查询号码 【1891773】，GSD为【"上海-上海"】

2023-12-07 01:07:28 开始第 1865 次操作

2023-12-07 01:07:28 开始操作号码 【1891774】
2023-12-07 01:07:32 GSD getOne 第 1 次 等待 3 秒
2023-12-07 01:07:35 查询号码 【1891774】，返回信息 {"status":"ok","msg":"上海-上海","gid":"497163","time_insert":"2021-08-06 03:34"}
2023-12-07 01:07:35 查询号码 【1891774】，GSD为【"上海-上海"】

2023-12-07 01:07:36 开始第 1866 次操作

2023-12-07 01:07:36 开始操作号码 【1891775】
2023-12-07 01:07:39 GSD getOne 第 1 次 等待 3 秒
2023-12-07 01:07:42 查询号码 【1891775】，返回信息 {"status":"ok","msg":"上海-上海","gid":"497168","time_insert":"2021-08-06 03:39"}
2023-12-07 01:07:42 查询号码 【1891775】，GSD为【"上海-上海"】

2023-12-07 01:07:43 开始第 1867 次操作

2023-12-07 01:07:43 开始操作号码 【1891776】
2023-12-07 01:07:48 GSD getOne 第 1 次 等待 3 秒
2023-12-07 01:07:51 查询号码 【1891776】，返回信息 {"status":"ok","msg":"上海-上海","gid":"497174","time_insert":"2021-08-06 03:49","time_update":"2021-08-06 03:50"}
2023-12-07 01:07:51 查询号码 【1891776】，GSD为【"上海-上海"】

2023-12-07 01:07:52 开始第 1868 次操作

2023-12-07 01:07:52 开始操作号码 【1891777】
2023-12-07 01:07:56 GSD getOne 第 1 次 等待 3 秒
2023-12-07 01:07:59 查询号码 【1891777】，返回信息 {"status":"ok","msg":"上海-上海","gid":"497181","time_insert":"2021-08-06 04:01"}
2023-12-07 01:07:59 查询号码 【1891777】，GSD为【"上海-上海"】

