2024-05-09 00:10:44 开始第 8097 次操作

2024-05-09 00:10:44 开始操作号码 【1678007】
2024-05-09 00:10:54 GSD getOne 第 1 次 等待 3 秒
2024-05-09 00:10:57 查询号码 【1678007】，返回信息 {"status":"ok","msg":"-","gid":"314176","time_insert":"2021-07-18 12:01"}
2024-05-09 00:10:57 查询号码 【1678007】，GSD为【"-"】
2024-05-09 00:10:57 ok && -
2024-05-09 00:11:00 CHB 1678007?1715184657 第 1 次 等待 3 秒
2024-05-09 00:11:03 CHB 1678007?1715184657 第 1 次 获取到号码【1678007】GSD
2024-05-09 00:11:03 未获取到号码【1678007】GSD，可能号码格式错误
2024-05-09 00:11:03 获取到号码【1678007】的GSD为【-】
2024-05-09 00:11:10 GSD insert 第 1 次 等待 3 秒
2024-05-09 00:11:13 {"status":"bad","gid":"314176","msg":"添加失败！号码【1678007(-|-)】已存在！"}
2024-05-09 00:11:13 随机等待 165 秒，约 2 分钟
2024-05-09 00:11:13 下次操作: 2024-05-09 00:13:58

2024-05-09 00:13:58 开始第 8098 次操作

2024-05-09 00:13:58 开始操作号码 【1678008】
2024-05-09 00:14:09 GSD getOne 第 1 次 等待 3 秒
2024-05-09 00:14:12 查询号码 【1678008】，返回信息 {"status":"ok","msg":"-","gid":"314184","time_insert":"2021-07-18 12:02"}
2024-05-09 00:14:12 查询号码 【1678008】，GSD为【"-"】
2024-05-09 00:14:12 ok && -
2024-05-09 00:14:14 CHB 1678008?1715184852 第 1 次 等待 3 秒
2024-05-09 00:14:17 CHB 1678008?1715184852 第 1 次 获取到号码【1678008】GSD
2024-05-09 00:14:17 未获取到号码【1678008】GSD，可能号码格式错误
2024-05-09 00:14:17 获取到号码【1678008】的GSD为【-】
2024-05-09 00:14:28 GSD insert 第 1 次 等待 3 秒
2024-05-09 00:14:31 {"status":"bad","gid":"314184","msg":"添加失败！号码【1678008(-|-)】已存在！"}
2024-05-09 00:14:31 随机等待 87 秒，约 1 分钟
2024-05-09 00:14:31 下次操作: 2024-05-09 00:15:58

2024-05-09 00:15:58 开始第 8099 次操作

2024-05-09 00:15:58 开始操作号码 【1678009】
2024-05-09 00:16:03 GSD getOne 第 1 次 等待 3 秒
2024-05-09 00:16:06 查询号码 【1678009】，返回信息 {"status":"ok","msg":"-","gid":"314196","time_insert":"2021-07-18 12:03"}
2024-05-09 00:16:06 查询号码 【1678009】，GSD为【"-"】
2024-05-09 00:16:06 ok && -
2024-05-09 00:16:08 CHB 1678009?1715184966 第 1 次 等待 3 秒
2024-05-09 00:16:11 CHB 1678009?1715184966 第 1 次 获取到号码【1678009】GSD
2024-05-09 00:16:11 未获取到号码【1678009】GSD，可能号码格式错误
2024-05-09 00:16:11 获取到号码【1678009】的GSD为【-】
2024-05-09 00:16:16 GSD insert 第 1 次 等待 3 秒
2024-05-09 00:16:19 {"status":"bad","gid":"314196","msg":"添加失败！号码【1678009(-|-)】已存在！"}
2024-05-09 00:16:19 随机等待 161 秒，约 2 分钟
2024-05-09 00:16:19 下次操作: 2024-05-09 00:19:00

2024-05-09 00:19:00 开始第 8100 次操作

2024-05-09 00:19:00 开始操作号码 【1678010】
2024-05-09 00:19:06 GSD getOne 第 1 次 等待 3 秒
2024-05-09 00:19:09 查询号码 【1678010】，返回信息 {"status":"ok","msg":"-","gid":"314205","time_insert":"2021-07-18 12:03"}
2024-05-09 00:19:09 查询号码 【1678010】，GSD为【"-"】
2024-05-09 00:19:09 ok && -
2024-05-09 00:19:12 CHB 1678010?1715185149 第 1 次 等待 3 秒
2024-05-09 00:19:15 CHB 1678010?1715185149 第 1 次 获取到号码【1678010】GSD
2024-05-09 00:19:15 未获取到号码【1678010】GSD，可能号码格式错误
2024-05-09 00:19:15 获取到号码【1678010】的GSD为【-】
2024-05-09 00:19:21 GSD insert 第 1 次 等待 3 秒
2024-05-09 00:19:24 {"status":"bad","gid":"314205","msg":"添加失败！号码【1678010(-|-)】已存在！"}

