2024-05-16 00:10:33 开始第 9385 次操作

2024-05-16 00:10:33 开始操作号码 【1679291】
2024-05-16 00:10:41 GSD getOne 第 1 次 等待 3 秒
2024-05-16 00:10:44 查询号码 【1679291】，返回信息 {"status":"ok","msg":"辽宁-营口","gid":"330403","time_insert":"2021-07-19 22:32"}
2024-05-16 00:10:44 查询号码 【1679291】，GSD为【"辽宁-营口"】

2024-05-16 00:10:45 开始第 9386 次操作

2024-05-16 00:10:45 开始操作号码 【1679292】
2024-05-16 00:10:52 GSD getOne 第 1 次 等待 3 秒
2024-05-16 00:10:55 查询号码 【1679292】，返回信息 {"status":"ok","msg":"辽宁-营口","gid":"330409","time_insert":"2021-07-19 22:33"}
2024-05-16 00:10:55 查询号码 【1679292】，GSD为【"辽宁-营口"】

2024-05-16 00:10:56 开始第 9387 次操作

2024-05-16 00:10:56 开始操作号码 【1679293】
2024-05-16 00:11:01 GSD getOne 第 1 次 等待 3 秒
2024-05-16 00:11:04 查询号码 【1679293】，返回信息 {"status":"ok","msg":"辽宁-营口","gid":"330455","time_insert":"2021-07-19 22:41"}
2024-05-16 00:11:04 查询号码 【1679293】，GSD为【"辽宁-营口"】

2024-05-16 00:11:05 开始第 9388 次操作

2024-05-16 00:11:05 开始操作号码 【1679294】
2024-05-16 00:11:10 GSD getOne 第 1 次 等待 3 秒
2024-05-16 00:11:13 查询号码 【1679294】，返回信息 {"status":"ok","msg":"辽宁-营口","gid":"330461","time_insert":"2021-07-19 22:42"}
2024-05-16 00:11:13 查询号码 【1679294】，GSD为【"辽宁-营口"】

