2024-03-10 00:08:30 开始第 8201 次操作

2024-03-10 00:08:30 开始操作号码 【1788110】
2024-03-10 00:08:36 GSD getOne 第 1 次 等待 3 秒
2024-03-10 00:08:39 查询号码 【1788110】，返回信息 {"status":"ok","msg":"新疆-乌鲁木齐","gid":"273831","time_insert":"2021-07-14 11:56"}
2024-03-10 00:08:39 查询号码 【1788110】，GSD为【"新疆-乌鲁木齐"】

2024-03-10 00:08:40 开始第 8202 次操作

2024-03-10 00:08:40 开始操作号码 【1788111】
2024-03-10 00:08:47 GSD getOne 第 1 次 等待 3 秒
2024-03-10 00:08:50 查询号码 【1788111】，返回信息 {"status":"ok","msg":"新疆-乌鲁木齐","gid":"273830","time_insert":"2021-07-14 11:55"}
2024-03-10 00:08:50 查询号码 【1788111】，GSD为【"新疆-乌鲁木齐"】

2024-03-10 00:08:51 开始第 8203 次操作

2024-03-10 00:08:51 开始操作号码 【1788112】
2024-03-10 00:08:56 GSD getOne 第 1 次 等待 3 秒
2024-03-10 00:08:59 查询号码 【1788112】，返回信息 {"status":"ok","msg":"新疆-乌鲁木齐","gid":"273826","time_insert":"2021-07-14 11:55"}
2024-03-10 00:08:59 查询号码 【1788112】，GSD为【"新疆-乌鲁木齐"】

2024-03-10 00:09:00 开始第 8204 次操作

2024-03-10 00:09:00 开始操作号码 【1788113】
2024-03-10 00:09:04 GSD getOne 第 1 次 等待 3 秒
2024-03-10 00:09:07 查询号码 【1788113】，返回信息 {"status":"ok","msg":"新疆-乌鲁木齐","gid":"273824","time_insert":"2021-07-14 11:55"}
2024-03-10 00:09:07 查询号码 【1788113】，GSD为【"新疆-乌鲁木齐"】

2024-03-10 00:34:36 开始第 8205 次操作

2024-03-10 00:34:36 开始操作号码 【1788114】
2024-03-10 00:34:44 GSD getOne 第 1 次 等待 3 秒
2024-03-10 00:34:47 查询号码 【1788114】，返回信息 {"status":"ok","msg":"新疆-乌鲁木齐","gid":"273819","time_insert":"2021-07-14 11:54"}
2024-03-10 00:34:47 查询号码 【1788114】，GSD为【"新疆-乌鲁木齐"】

2024-03-10 00:34:48 开始第 8206 次操作

2024-03-10 00:34:48 开始操作号码 【1788115】
2024-03-10 00:34:57 GSD getOne 第 1 次 等待 3 秒
2024-03-10 00:35:00 查询号码 【1788115】，返回信息 {"status":"ok","msg":"新疆-乌鲁木齐","gid":"273816","time_insert":"2021-07-14 11:54"}
2024-03-10 00:35:00 查询号码 【1788115】，GSD为【"新疆-乌鲁木齐"】

2024-03-10 00:35:01 开始第 8207 次操作

2024-03-10 00:35:01 开始操作号码 【1788116】
2024-03-10 00:35:12 GSD getOne 第 1 次 等待 3 秒
2024-03-10 00:35:15 查询号码 【1788116】，返回信息 {"status":"ok","msg":"新疆-乌鲁木齐","gid":"273812","time_insert":"2021-07-14 11:54","time_update":"2021-08-07 15:49"}
2024-03-10 00:35:15 查询号码 【1788116】，GSD为【"新疆-乌鲁木齐"】

2024-03-10 00:35:16 开始第 8208 次操作

2024-03-10 00:35:16 开始操作号码 【1788117】
2024-03-10 00:35:27 GSD getOne 第 1 次 等待 3 秒
2024-03-10 00:35:30 查询号码 【1788117】，返回信息 {"status":"ok","msg":"新疆-乌鲁木齐","gid":"273805","time_insert":"2021-07-14 11:53"}
2024-03-10 00:35:30 查询号码 【1788117】，GSD为【"新疆-乌鲁木齐"】

2024-03-10 01:06:06 开始第 8209 次操作

2024-03-10 01:06:06 开始操作号码 【1788118】
2024-03-10 01:06:12 GSD getOne 第 1 次 等待 3 秒
2024-03-10 01:06:15 查询号码 【1788118】，返回信息 {"status":"ok","msg":"新疆-乌鲁木齐","gid":"273800","time_insert":"2021-07-14 11:53"}
2024-03-10 01:06:15 查询号码 【1788118】，GSD为【"新疆-乌鲁木齐"】

2024-03-10 01:06:16 开始第 8210 次操作

2024-03-10 01:06:16 开始操作号码 【1788119】
2024-03-10 01:06:21 GSD getOne 第 1 次 等待 3 秒
2024-03-10 01:06:24 查询号码 【1788119】，返回信息 {"status":"ok","msg":"新疆-乌鲁木齐","gid":"273791","time_insert":"2021-07-14 11:52"}
2024-03-10 01:06:24 查询号码 【1788119】，GSD为【"新疆-乌鲁木齐"】

2024-03-10 01:06:25 开始第 8211 次操作

2024-03-10 01:06:25 开始操作号码 【1788120】
2024-03-10 01:06:30 GSD getOne 第 1 次 等待 3 秒
2024-03-10 01:06:33 查询号码 【1788120】，返回信息 {"status":"ok","msg":"新疆-阿勒泰","gid":"273788","time_insert":"2021-07-14 11:52"}
2024-03-10 01:06:33 查询号码 【1788120】，GSD为【"新疆-阿勒泰"】

2024-03-10 01:06:34 开始第 8212 次操作

2024-03-10 01:06:34 开始操作号码 【1788121】
2024-03-10 01:06:39 GSD getOne 第 1 次 等待 3 秒
2024-03-10 01:06:42 查询号码 【1788121】，返回信息 {"status":"ok","msg":"新疆-克孜勒苏","gid":"273781","time_insert":"2021-07-14 11:52"}
2024-03-10 01:06:42 查询号码 【1788121】，GSD为【"新疆-克孜勒苏"】

