2023-11-20 00:08:55 开始第 9821 次操作

2023-11-20 00:08:55 开始操作号码 【1999729】
2023-11-20 00:09:03 GSD getOne 第 1 次 等待 3 秒
2023-11-20 00:09:06 查询号码 【1999729】，返回信息 {"status":"ok","msg":"青海-格尔木","gid":"468750","time_insert":"2021-08-01 15:27"}
2023-11-20 00:09:06 查询号码 【1999729】，GSD为【"青海-格尔木"】

2023-11-20 00:09:07 开始第 9822 次操作

2023-11-20 00:09:07 开始操作号码 【1999730】
2023-11-20 00:09:10 GSD getOne 第 1 次 等待 3 秒
2023-11-20 00:09:13 查询号码 【1999730】，返回信息 {"status":"ok","msg":"青海-西宁","gid":"468742","time_insert":"2021-08-01 15:26"}
2023-11-20 00:09:13 查询号码 【1999730】，GSD为【"青海-西宁"】

2023-11-20 00:09:14 开始第 9823 次操作

2023-11-20 00:09:14 开始操作号码 【1999731】
2023-11-20 00:09:19 GSD getOne 第 1 次 等待 3 秒
2023-11-20 00:09:22 查询号码 【1999731】，返回信息 {"status":"ok","msg":"青海-西宁","gid":"468736","time_insert":"2021-08-01 15:25"}
2023-11-20 00:09:22 查询号码 【1999731】，GSD为【"青海-西宁"】

2023-11-20 00:09:23 开始第 9824 次操作

2023-11-20 00:09:23 开始操作号码 【1999732】
2023-11-20 00:09:27 GSD getOne 第 1 次 等待 3 秒
2023-11-20 00:09:30 查询号码 【1999732】，返回信息 {"status":"ok","msg":"青海-海东","gid":"468729","time_insert":"2021-08-01 15:24"}
2023-11-20 00:09:30 查询号码 【1999732】，GSD为【"青海-海东"】

2023-11-20 00:35:08 开始第 9825 次操作

2023-11-20 00:35:08 开始操作号码 【1999733】
2023-11-20 00:35:12 GSD getOne 第 1 次 等待 3 秒
2023-11-20 00:35:15 查询号码 【1999733】，返回信息 {"status":"ok","msg":"青海-西宁","gid":"468723","time_insert":"2021-08-01 15:24"}
2023-11-20 00:35:15 查询号码 【1999733】，GSD为【"青海-西宁"】

2023-11-20 00:35:16 开始第 9826 次操作

2023-11-20 00:35:16 开始操作号码 【1999734】
2023-11-20 00:35:20 GSD getOne 第 1 次 等待 3 秒
2023-11-20 00:35:23 查询号码 【1999734】，返回信息 {"status":"ok","msg":"青海-西宁","gid":"468715","time_insert":"2021-08-01 15:23"}
2023-11-20 00:35:23 查询号码 【1999734】，GSD为【"青海-西宁"】

2023-11-20 00:35:24 开始第 9827 次操作

2023-11-20 00:35:24 开始操作号码 【1999735】
2023-11-20 00:35:29 GSD getOne 第 1 次 等待 3 秒
2023-11-20 00:35:32 查询号码 【1999735】，返回信息 {"status":"ok","msg":"青海-西宁","gid":"468705","time_insert":"2021-08-01 15:22"}
2023-11-20 00:35:32 查询号码 【1999735】，GSD为【"青海-西宁"】

2023-11-20 00:35:33 开始第 9828 次操作

2023-11-20 00:35:33 开始操作号码 【1999736】
2023-11-20 00:35:37 GSD getOne 第 1 次 等待 3 秒
2023-11-20 00:35:40 查询号码 【1999736】，返回信息 {"status":"ok","msg":"青海-玉树","gid":"468696","time_insert":"2021-08-01 15:21"}
2023-11-20 00:35:40 查询号码 【1999736】，GSD为【"青海-玉树"】

2023-11-20 01:06:43 开始第 9829 次操作

2023-11-20 01:06:43 开始操作号码 【1999737】
2023-11-20 01:06:46 GSD getOne 第 1 次 等待 3 秒
2023-11-20 01:06:49 查询号码 【1999737】，返回信息 {"status":"ok","msg":"青海-海西","gid":"468687","time_insert":"2021-08-01 15:20"}
2023-11-20 01:06:49 查询号码 【1999737】，GSD为【"青海-海西"】

2023-11-20 01:06:50 开始第 9830 次操作

2023-11-20 01:06:50 开始操作号码 【1999738】
2023-11-20 01:06:54 GSD getOne 第 1 次 等待 3 秒
2023-11-20 01:06:57 查询号码 【1999738】，返回信息 {"status":"ok","msg":"青海-海南","gid":"468678","time_insert":"2021-08-01 15:19"}
2023-11-20 01:06:57 查询号码 【1999738】，GSD为【"青海-海南"】

2023-11-20 01:06:58 开始第 9831 次操作

2023-11-20 01:06:58 开始操作号码 【1999739】
2023-11-20 01:07:02 GSD getOne 第 1 次 等待 3 秒
2023-11-20 01:07:05 查询号码 【1999739】，返回信息 {"status":"ok","msg":"青海-海南","gid":"468669","time_insert":"2021-08-01 15:18"}
2023-11-20 01:07:05 查询号码 【1999739】，GSD为【"青海-海南"】

2023-11-20 01:07:06 开始第 9832 次操作

2023-11-20 01:07:06 开始操作号码 【1999740】
2023-11-20 01:07:09 GSD getOne 第 1 次 等待 3 秒
2023-11-20 01:07:12 查询号码 【1999740】，返回信息 {"status":"ok","msg":"青海-海北","gid":"468660","time_insert":"2021-08-01 15:17"}
2023-11-20 01:07:12 查询号码 【1999740】，GSD为【"青海-海北"】

