2024-06-15 00:10:11 开始第 1237 次操作

2024-06-15 00:10:11 开始操作号码 【1561144】
2024-06-15 00:10:19 GSD getOne 第 1 次 等待 3 秒
2024-06-15 00:10:22 查询号码 【1561144】，返回信息 {"status":"ok","msg":"北京-北京","gid":"104330","time_insert":"2021-06-18 21:06"}
2024-06-15 00:10:22 查询号码 【1561144】，GSD为【"北京-北京"】

2024-06-15 00:10:23 开始第 1238 次操作

2024-06-15 00:10:23 开始操作号码 【1561145】
2024-06-15 00:10:31 GSD getOne 第 1 次 等待 3 秒
2024-06-15 00:10:34 查询号码 【1561145】，返回信息 {"status":"ok","msg":"北京-北京","gid":"104375","time_insert":"2021-06-18 21:24"}
2024-06-15 00:10:34 查询号码 【1561145】，GSD为【"北京-北京"】

2024-06-15 00:10:35 开始第 1239 次操作

2024-06-15 00:10:35 开始操作号码 【1561146】
2024-06-15 00:10:42 GSD getOne 第 1 次 等待 3 秒
2024-06-15 00:10:45 查询号码 【1561146】，返回信息 {"status":"ok","msg":"北京-北京","gid":"104423","time_insert":"2021-06-18 21:43"}
2024-06-15 00:10:45 查询号码 【1561146】，GSD为【"北京-北京"】

2024-06-15 00:10:46 开始第 1240 次操作

2024-06-15 00:10:46 开始操作号码 【1561147】
2024-06-15 00:10:56 GSD getOne 第 1 次 等待 3 秒
2024-06-15 00:10:59 查询号码 【1561147】，返回信息 {"status":"ok","msg":"北京-北京","gid":"104474","time_insert":"2021-06-18 22:03"}
2024-06-15 00:10:59 查询号码 【1561147】，GSD为【"北京-北京"】

2024-06-15 00:36:45 开始第 1241 次操作

2024-06-15 00:36:45 开始操作号码 【1561148】
2024-06-15 00:36:53 GSD getOne 第 1 次 等待 3 秒
2024-06-15 00:36:56 查询号码 【1561148】，返回信息 {"status":"ok","msg":"北京-北京","gid":"104521","time_insert":"2021-06-18 22:21"}
2024-06-15 00:36:56 查询号码 【1561148】，GSD为【"北京-北京"】

2024-06-15 00:36:57 开始第 1242 次操作

2024-06-15 00:36:57 开始操作号码 【1561149】
2024-06-15 00:37:05 GSD getOne 第 1 次 等待 3 秒
2024-06-15 00:37:08 查询号码 【1561149】，返回信息 {"status":"ok","msg":"北京-北京","gid":"104566","time_insert":"2021-06-18 22:37"}
2024-06-15 00:37:08 查询号码 【1561149】，GSD为【"北京-北京"】

2024-06-15 00:37:10 开始第 1243 次操作

2024-06-15 00:37:10 开始操作号码 【1561150】
2024-06-15 00:37:17 GSD getOne 第 1 次 等待 3 秒
2024-06-15 00:37:20 查询号码 【1561150】，返回信息 {"status":"ok","msg":"北京-北京","gid":"104617","time_insert":"2021-06-18 22:57"}
2024-06-15 00:37:20 查询号码 【1561150】，GSD为【"北京-北京"】

2024-06-15 00:37:21 开始第 1244 次操作

2024-06-15 00:37:21 开始操作号码 【1561151】
2024-06-15 00:37:30 GSD getOne 第 1 次 等待 3 秒
2024-06-15 00:37:33 查询号码 【1561151】，返回信息 {"status":"ok","msg":"北京-北京","gid":"104665","time_insert":"2021-06-18 23:16"}
2024-06-15 00:37:33 查询号码 【1561151】，GSD为【"北京-北京"】

2024-06-15 01:08:55 开始第 1245 次操作

2024-06-15 01:08:55 开始操作号码 【1561152】
2024-06-15 01:09:02 GSD getOne 第 1 次 等待 3 秒
2024-06-15 01:09:05 查询号码 【1561152】，返回信息 {"status":"ok","msg":"北京-北京","gid":"104707","time_insert":"2021-06-18 23:32"}
2024-06-15 01:09:05 查询号码 【1561152】，GSD为【"北京-北京"】

2024-06-15 01:09:06 开始第 1246 次操作

2024-06-15 01:09:06 开始操作号码 【1561153】
2024-06-15 01:09:21 GSD getOne 第 1 次 等待 3 秒
2024-06-15 01:09:24 查询号码 【1561153】，返回信息 {"status":"ok","msg":"北京-北京","gid":"104760","time_insert":"2021-06-18 23:53"}
2024-06-15 01:09:25 查询号码 【1561153】，GSD为【"北京-北京"】

2024-06-15 01:09:26 开始第 1247 次操作

2024-06-15 01:09:26 开始操作号码 【1561154】
2024-06-15 01:09:31 GSD getOne 第 1 次 等待 3 秒
2024-06-15 01:09:34 查询号码 【1561154】，返回信息 {"status":"ok","msg":"北京-北京","gid":"104817","time_insert":"2021-06-19 00:13"}
2024-06-15 01:09:34 查询号码 【1561154】，GSD为【"北京-北京"】

2024-06-15 01:09:35 开始第 1248 次操作

2024-06-15 01:09:35 开始操作号码 【1561155】
2024-06-15 01:09:43 GSD getOne 第 1 次 等待 3 秒
2024-06-15 01:09:46 查询号码 【1561155】，返回信息 {"status":"ok","msg":"北京-北京","gid":"104863","time_insert":"2021-06-19 00:31"}
2024-06-15 01:09:46 查询号码 【1561155】，GSD为【"北京-北京"】

