2024-03-09 00:09:09 开始第 8017 次操作

2024-03-09 00:09:09 开始操作号码 【1787926】
2024-03-09 00:09:14 GSD getOne 第 1 次 等待 3 秒
2024-03-09 00:09:17 查询号码 【1787926】，返回信息 {"status":"ok","msg":"-","gid":"275808","time_insert":"2021-07-14 16:49"}
2024-03-09 00:09:17 查询号码 【1787926】，GSD为【"-"】
2024-03-09 00:09:17 ok && -
2024-03-09 00:09:19 CHB 1787926?1709914157 第 1 次 等待 3 秒
2024-03-09 00:09:22 CHB 1787926?1709914157 第 1 次 获取到号码【1787926】GSD
2024-03-09 00:09:22 未获取到号码【1787926】GSD，可能号码格式错误
2024-03-09 00:09:22 获取到号码【1787926】的GSD为【-】
2024-03-09 00:09:29 GSD insert 第 1 次 等待 3 秒
2024-03-09 00:09:32 {"status":"bad","gid":"275808","msg":"添加失败！号码【1787926(-|-)】已存在！"}
2024-03-09 00:09:32 随机等待 144 秒，约 2 分钟
2024-03-09 00:09:32 下次操作: 2024-03-09 00:11:56

2024-03-09 00:11:56 开始第 8018 次操作

2024-03-09 00:11:56 开始操作号码 【1787927】
2024-03-09 00:12:03 GSD getOne 第 1 次 等待 3 秒
2024-03-09 00:12:06 查询号码 【1787927】，返回信息 {"status":"ok","msg":"-","gid":"275802","time_insert":"2021-07-14 16:49"}
2024-03-09 00:12:06 查询号码 【1787927】，GSD为【"-"】
2024-03-09 00:12:06 ok && -
2024-03-09 00:12:08 CHB 1787927?1709914326 第 1 次 等待 3 秒
2024-03-09 00:12:11 CHB 1787927?1709914326 第 1 次 获取到号码【1787927】GSD
2024-03-09 00:12:11 未获取到号码【1787927】GSD，可能号码格式错误
2024-03-09 00:12:11 获取到号码【1787927】的GSD为【-】
2024-03-09 00:12:16 GSD insert 第 1 次 等待 3 秒
2024-03-09 00:12:19 {"status":"bad","gid":"275802","msg":"添加失败！号码【1787927(-|-)】已存在！"}
2024-03-09 00:12:19 随机等待 182 秒，约 3 分钟
2024-03-09 00:12:19 下次操作: 2024-03-09 00:15:21

2024-03-09 00:15:21 开始第 8019 次操作

2024-03-09 00:15:21 开始操作号码 【1787928】
2024-03-09 00:15:26 GSD getOne 第 1 次 等待 3 秒
2024-03-09 00:15:29 查询号码 【1787928】，返回信息 {"status":"ok","msg":"-","gid":"275796","time_insert":"2021-07-14 16:48"}
2024-03-09 00:15:29 查询号码 【1787928】，GSD为【"-"】
2024-03-09 00:15:29 ok && -
2024-03-09 00:15:31 CHB 1787928?1709914529 第 1 次 等待 3 秒
2024-03-09 00:15:34 CHB 1787928?1709914529 第 1 次 获取到号码【1787928】GSD
2024-03-09 00:15:34 未获取到号码【1787928】GSD，可能号码格式错误
2024-03-09 00:15:34 获取到号码【1787928】的GSD为【-】
2024-03-09 00:15:41 GSD insert 第 1 次 等待 3 秒
2024-03-09 00:15:44 {"status":"bad","gid":"275796","msg":"添加失败！号码【1787928(-|-)】已存在！"}
2024-03-09 00:15:44 随机等待 157 秒，约 2 分钟
2024-03-09 00:15:44 下次操作: 2024-03-09 00:18:21

2024-03-09 00:18:21 开始第 8020 次操作

2024-03-09 00:18:21 开始操作号码 【1787929】
2024-03-09 00:18:26 GSD getOne 第 1 次 等待 3 秒
2024-03-09 00:18:29 查询号码 【1787929】，返回信息 {"status":"ok","msg":"-","gid":"275790","time_insert":"2021-07-14 16:48"}
2024-03-09 00:18:29 查询号码 【1787929】，GSD为【"-"】
2024-03-09 00:18:29 ok && -
2024-03-09 00:18:36 CHB 1787929?1709914709 第 1 次 等待 3 秒
2024-03-09 00:18:39 CHB 1787929?1709914709 第 1 次 获取到号码【1787929】GSD
2024-03-09 00:18:39 未获取到号码【1787929】GSD，可能号码格式错误
2024-03-09 00:18:39 获取到号码【1787929】的GSD为【-】
2024-03-09 00:18:50 GSD insert 第 1 次 等待 3 秒
2024-03-09 00:18:53 {"status":"bad","gid":"275790","msg":"添加失败！号码【1787929(-|-)】已存在！"}

