2024-07-29 00:11:46 开始第 9229 次操作

2024-07-29 00:11:46 开始操作号码 【1569135】
2024-07-29 00:11:55 GSD getOne 第 1 次 等待 3 秒
2024-07-29 00:11:58 查询号码 【1569135】，返回信息 {"status":"ok","msg":"陕西-渭南","gid":"375798","time_insert":"2021-07-24 09:50"}
2024-07-29 00:11:58 查询号码 【1569135】，GSD为【"陕西-渭南"】

2024-07-29 00:11:59 开始第 9230 次操作

2024-07-29 00:11:59 开始操作号码 【1569136】
2024-07-29 00:12:07 GSD getOne 第 1 次 等待 3 秒
2024-07-29 00:12:10 查询号码 【1569136】，返回信息 {"status":"ok","msg":"陕西-渭南","gid":"375786","time_insert":"2021-07-24 09:49"}
2024-07-29 00:12:10 查询号码 【1569136】，GSD为【"陕西-渭南"】

2024-07-29 00:12:11 开始第 9231 次操作

2024-07-29 00:12:11 开始操作号码 【1569137】
2024-07-29 00:12:20 GSD getOne 第 1 次 等待 3 秒
2024-07-29 00:12:23 查询号码 【1569137】，返回信息 {"status":"ok","msg":"陕西-渭南","gid":"375777","time_insert":"2021-07-24 09:48"}
2024-07-29 00:12:23 查询号码 【1569137】，GSD为【"陕西-渭南"】

2024-07-29 00:12:24 开始第 9232 次操作

2024-07-29 00:12:24 开始操作号码 【1569138】
2024-07-29 00:12:34 GSD getOne 第 1 次 等待 3 秒
2024-07-29 00:12:37 查询号码 【1569138】，返回信息 {"status":"ok","msg":"陕西-渭南","gid":"375767","time_insert":"2021-07-24 09:48"}
2024-07-29 00:12:37 查询号码 【1569138】，GSD为【"陕西-渭南"】

