2024-12-14 00:28:18 开始第 9465 次操作

2024-12-14 00:28:18 开始操作号码 【1349464】
2024-12-14 00:28:20 GSD getOne 第 1 次 等待 3 秒
2024-12-14 00:28:23 查询号码 【1349464】，返回信息 {"status":"ok","msg":"北京-北京","gid":"307516","time_insert":"2021-07-17 21:49"}
2024-12-14 00:28:23 查询号码 【1349464】，GSD为【"北京-北京"】

2024-12-14 00:28:24 开始第 9466 次操作

2024-12-14 00:28:24 开始操作号码 【1349465】
2024-12-14 00:28:25 GSD getOne 第 1 次 等待 3 秒
2024-12-14 00:28:28 查询号码 【1349465】，返回信息 {"status":"ok","msg":"北京-北京","gid":"307506","time_insert":"2021-07-17 21:48"}
2024-12-14 00:28:28 查询号码 【1349465】，GSD为【"北京-北京"】

2024-12-14 00:28:29 开始第 9467 次操作

2024-12-14 00:28:29 开始操作号码 【1349466】
2024-12-14 00:28:30 GSD getOne 第 1 次 等待 3 秒
2024-12-14 00:28:33 查询号码 【1349466】，返回信息 {"status":"ok","msg":"北京-北京","gid":"307493","time_insert":"2021-07-17 21:47"}
2024-12-14 00:28:33 查询号码 【1349466】，GSD为【"北京-北京"】

2024-12-14 00:28:34 开始第 9468 次操作

2024-12-14 00:28:34 开始操作号码 【1349467】
2024-12-14 00:28:35 GSD getOne 第 1 次 等待 3 秒
2024-12-14 00:28:38 查询号码 【1349467】，返回信息 {"status":"ok","msg":"北京-北京","gid":"307476","time_insert":"2021-07-17 21:47"}
2024-12-14 00:28:38 查询号码 【1349467】，GSD为【"北京-北京"】

