2024-11-03 00:25:18 开始第 2765 次操作

2024-11-03 00:25:18 开始操作号码 【1342764】
2024-11-03 00:25:20 GSD getOne 第 1 次 等待 3 秒
2024-11-03 00:25:23 查询号码 【1342764】，返回信息 {"status":"ok","msg":"广东-广州","gid":"90987","time_insert":"2021-06-11 09:44"}
2024-11-03 00:25:23 查询号码 【1342764】，GSD为【"广东-广州"】

2024-11-03 00:25:24 开始第 2766 次操作

2024-11-03 00:25:24 开始操作号码 【1342765】
2024-11-03 00:25:25 GSD getOne 第 1 次 等待 3 秒
2024-11-03 00:25:28 查询号码 【1342765】，返回信息 {"status":"ok","msg":"广东-广州","gid":"91012","time_insert":"2021-06-11 10:03"}
2024-11-03 00:25:28 查询号码 【1342765】，GSD为【"广东-广州"】

2024-11-03 00:25:29 开始第 2767 次操作

2024-11-03 00:25:29 开始操作号码 【1342766】
2024-11-03 00:25:30 GSD getOne 第 1 次 等待 3 秒
2024-11-03 00:25:33 查询号码 【1342766】，返回信息 {"status":"ok","msg":"广东-广州","gid":"91036","time_insert":"2021-06-11 10:24"}
2024-11-03 00:25:33 查询号码 【1342766】，GSD为【"广东-广州"】

2024-11-03 00:25:34 开始第 2768 次操作

2024-11-03 00:25:34 开始操作号码 【1342767】
2024-11-03 00:25:36 GSD getOne 第 1 次 等待 3 秒
2024-11-03 00:25:39 查询号码 【1342767】，返回信息 {"status":"ok","msg":"广东-广州","gid":"91059","time_insert":"2021-06-11 10:46"}
2024-11-03 00:25:39 查询号码 【1342767】，GSD为【"广东-广州"】

2024-11-03 00:44:59 开始第 2769 次操作

2024-11-03 00:44:59 开始操作号码 【1342768】
2024-11-03 00:45:02 GSD getOne 第 1 次 等待 3 秒
2024-11-03 00:45:05 查询号码 【1342768】，返回信息 {"status":"ok","msg":"广东-广州","gid":"91080","time_insert":"2021-06-11 11:03"}
2024-11-03 00:45:05 查询号码 【1342768】，GSD为【"广东-广州"】

2024-11-03 00:45:06 开始第 2770 次操作

2024-11-03 00:45:06 开始操作号码 【1342769】
2024-11-03 00:45:07 GSD getOne 第 1 次 等待 3 秒
2024-11-03 00:45:10 查询号码 【1342769】，返回信息 {"status":"ok","msg":"广东-广州","gid":"91112","time_insert":"2021-06-11 11:31"}
2024-11-03 00:45:10 查询号码 【1342769】，GSD为【"广东-广州"】

2024-11-03 00:45:11 开始第 2771 次操作

2024-11-03 00:45:11 开始操作号码 【1342770】
2024-11-03 00:45:13 GSD getOne 第 1 次 等待 3 秒
2024-11-03 00:45:16 查询号码 【1342770】，返回信息 {"status":"ok","msg":"广东-珠海","gid":"91143","time_insert":"2021-06-11 12:01"}
2024-11-03 00:45:16 查询号码 【1342770】，GSD为【"广东-珠海"】

2024-11-03 00:45:17 开始第 2772 次操作

2024-11-03 00:45:17 开始操作号码 【1342771】
2024-11-03 00:45:18 GSD getOne 第 1 次 等待 3 秒
2024-11-03 00:45:21 查询号码 【1342771】，返回信息 {"status":"ok","msg":"广东-珠海","gid":"91163","time_insert":"2021-06-11 12:17"}
2024-11-03 00:45:21 查询号码 【1342771】，GSD为【"广东-珠海"】

