2024-04-28 00:08:21 开始第 6077 次操作

2024-04-28 00:08:21 开始操作号码 【1675987】
2024-04-28 00:08:30 GSD getOne 第 1 次 等待 3 秒
2024-04-28 00:08:33 查询号码 【1675987】，返回信息 {"status":"ok","msg":"黑龙江-佳木斯","gid":"290569","time_insert":"2021-07-16 05:47"}
2024-04-28 00:08:33 查询号码 【1675987】，GSD为【"黑龙江-佳木斯"】

2024-04-28 00:08:34 开始第 6078 次操作

2024-04-28 00:08:34 开始操作号码 【1675988】
2024-04-28 00:08:41 GSD getOne 第 1 次 等待 3 秒
2024-04-28 00:08:44 查询号码 【1675988】，返回信息 {"status":"ok","msg":"山东-聊城","gid":"290577","time_insert":"2021-07-16 05:48"}
2024-04-28 00:08:44 查询号码 【1675988】，GSD为【"山东-聊城"】

2024-04-28 00:08:45 开始第 6079 次操作

2024-04-28 00:08:45 开始操作号码 【1675989】
2024-04-28 00:08:54 GSD getOne 第 1 次 等待 3 秒
2024-04-28 00:08:57 查询号码 【1675989】，返回信息 {"status":"ok","msg":"黑龙江-哈尔滨","gid":"290587","time_insert":"2021-07-16 05:48"}
2024-04-28 00:08:57 查询号码 【1675989】，GSD为【"黑龙江-哈尔滨"】

2024-04-28 00:08:58 开始第 6080 次操作

2024-04-28 00:08:58 开始操作号码 【1675990】
2024-04-28 00:09:04 GSD getOne 第 1 次 等待 3 秒
2024-04-28 00:09:07 查询号码 【1675990】，返回信息 {"status":"ok","msg":"安徽-阜阳","gid":"290593","time_insert":"2021-07-16 05:49"}
2024-04-28 00:09:08 查询号码 【1675990】，GSD为【"安徽-阜阳"】

