2024-03-29 00:08:51 开始第 725 次操作

2024-03-29 00:08:51 开始操作号码 【1670635】
2024-03-29 00:08:59 GSD getOne 第 1 次 等待 3 秒
2024-03-29 00:09:02 查询号码 【1670635】，返回信息 {"status":"ok","msg":"-","gid":"222724","time_insert":"2021-07-08 13:36"}
2024-03-29 00:09:02 查询号码 【1670635】，GSD为【"-"】
2024-03-29 00:09:02 ok && -
2024-03-29 00:09:04 CHB 1670635?1711642142 第 1 次 等待 3 秒
2024-03-29 00:09:07 CHB 1670635?1711642142 第 1 次 获取到号码【1670635】GSD
2024-03-29 00:09:07 未获取到号码【1670635】GSD，可能号码格式错误
2024-03-29 00:09:07 获取到号码【1670635】的GSD为【-】
2024-03-29 00:09:13 GSD insert 第 1 次 等待 3 秒
2024-03-29 00:09:16 {"status":"bad","gid":"222724","msg":"添加失败！号码【1670635(-|-)】已存在！"}
2024-03-29 00:09:16 随机等待 121 秒，约 2 分钟
2024-03-29 00:09:16 下次操作: 2024-03-29 00:11:17

2024-03-29 00:11:17 开始第 726 次操作

2024-03-29 00:11:17 开始操作号码 【1670636】
2024-03-29 00:11:24 GSD getOne 第 1 次 等待 3 秒
2024-03-29 00:11:27 查询号码 【1670636】，返回信息 {"status":"ok","msg":"-","gid":"222730","time_insert":"2021-07-08 13:37"}
2024-03-29 00:11:27 查询号码 【1670636】，GSD为【"-"】
2024-03-29 00:11:27 ok && -
2024-03-29 00:11:29 CHB 1670636?1711642287 第 1 次 等待 3 秒
2024-03-29 00:11:32 CHB 1670636?1711642287 第 1 次 获取到号码【1670636】GSD
2024-03-29 00:11:32 未获取到号码【1670636】GSD，可能号码格式错误
2024-03-29 00:11:32 获取到号码【1670636】的GSD为【-】
2024-03-29 00:11:39 GSD insert 第 1 次 等待 3 秒
2024-03-29 00:11:42 {"status":"bad","gid":"222730","msg":"添加失败！号码【1670636(-|-)】已存在！"}
2024-03-29 00:11:42 随机等待 226 秒，约 3 分钟
2024-03-29 00:11:42 下次操作: 2024-03-29 00:15:28

2024-03-29 00:15:28 开始第 727 次操作

2024-03-29 00:15:28 开始操作号码 【1670637】
2024-03-29 00:15:32 GSD getOne 第 1 次 等待 3 秒
2024-03-29 00:15:35 查询号码 【1670637】，返回信息 {"status":"ok","msg":"-","gid":"222736","time_insert":"2021-07-08 13:37"}
2024-03-29 00:15:36 查询号码 【1670637】，GSD为【"-"】
2024-03-29 00:15:36 ok && -
2024-03-29 00:15:38 CHB 1670637?1711642536 第 1 次 等待 3 秒
2024-03-29 00:15:41 CHB 1670637?1711642536 第 1 次 获取到号码【1670637】GSD
2024-03-29 00:15:41 未获取到号码【1670637】GSD，可能号码格式错误
2024-03-29 00:15:41 获取到号码【1670637】的GSD为【-】
2024-03-29 00:15:45 GSD insert 第 1 次 等待 3 秒
2024-03-29 00:15:48 {"status":"bad","gid":"222736","msg":"添加失败！号码【1670637(-|-)】已存在！"}
2024-03-29 00:15:48 随机等待 97 秒，约 1 分钟
2024-03-29 00:15:48 下次操作: 2024-03-29 00:17:25

2024-03-29 00:17:25 开始第 728 次操作

2024-03-29 00:17:25 开始操作号码 【1670638】
2024-03-29 00:17:30 GSD getOne 第 1 次 等待 3 秒
2024-03-29 00:17:33 查询号码 【1670638】，返回信息 {"status":"ok","msg":"-","gid":"222742","time_insert":"2021-07-08 13:37"}
2024-03-29 00:17:33 查询号码 【1670638】，GSD为【"-"】
2024-03-29 00:17:33 ok && -
2024-03-29 00:17:35 CHB 1670638?1711642653 第 1 次 等待 3 秒
2024-03-29 00:17:38 CHB 1670638?1711642653 第 1 次 获取到号码【1670638】GSD
2024-03-29 00:17:38 未获取到号码【1670638】GSD，可能号码格式错误
2024-03-29 00:17:38 获取到号码【1670638】的GSD为【-】
2024-03-29 00:17:43 GSD insert 第 1 次 等待 3 秒
2024-03-29 00:17:46 {"status":"bad","gid":"222742","msg":"添加失败！号码【1670638(-|-)】已存在！"}

