2024-06-16 00:11:15 开始第 1421 次操作

2024-06-16 00:11:15 开始操作号码 【1561328】
2024-06-16 00:11:28 GSD getOne 第 1 次 等待 3 秒
2024-06-16 00:11:31 查询号码 【1561328】，返回信息 {"status":"ok","msg":"河北-保定","gid":"109841","time_insert":"2021-06-21 05:17"}
2024-06-16 00:11:31 查询号码 【1561328】，GSD为【"河北-保定"】

2024-06-16 00:11:32 开始第 1422 次操作

2024-06-16 00:11:32 开始操作号码 【1561329】
2024-06-16 00:11:37 GSD getOne 第 1 次 等待 3 秒
2024-06-16 00:11:40 查询号码 【1561329】，返回信息 {"status":"ok","msg":"河北-保定","gid":"109866","time_insert":"2021-06-21 05:33"}
2024-06-16 00:11:40 查询号码 【1561329】，GSD为【"河北-保定"】

2024-06-16 00:11:41 开始第 1423 次操作

2024-06-16 00:11:41 开始操作号码 【1561330】
2024-06-16 00:11:45 GSD getOne 第 1 次 等待 3 秒
2024-06-16 00:11:48 查询号码 【1561330】，返回信息 {"status":"ok","msg":"河北-石家庄","gid":"109890","time_insert":"2021-06-21 05:51"}
2024-06-16 00:11:48 查询号码 【1561330】，GSD为【"河北-石家庄"】

2024-06-16 00:11:49 开始第 1424 次操作

2024-06-16 00:11:49 开始操作号码 【1561331】
2024-06-16 00:11:58 GSD getOne 第 1 次 等待 3 秒
2024-06-16 00:12:01 查询号码 【1561331】，返回信息 {"status":"ok","msg":"河北-石家庄","gid":"109917","time_insert":"2021-06-21 06:09"}
2024-06-16 00:12:01 查询号码 【1561331】，GSD为【"河北-石家庄"】

