2024-07-19 00:10:40 开始第 7421 次操作

2024-07-19 00:10:40 开始操作号码 【1567327】
2024-07-19 00:10:50 GSD getOne 第 1 次 等待 3 秒
2024-07-19 00:10:53 查询号码 【1567327】，返回信息 {"status":"ok","msg":"湖南-湘潭","gid":"394756","time_insert":"2021-07-25 23:07"}
2024-07-19 00:10:53 查询号码 【1567327】，GSD为【"湖南-湘潭"】

2024-07-19 00:10:54 开始第 7422 次操作

2024-07-19 00:10:54 开始操作号码 【1567328】
2024-07-19 00:11:02 GSD getOne 第 1 次 等待 3 秒
2024-07-19 00:11:05 查询号码 【1567328】，返回信息 {"status":"ok","msg":"湖南-湘潭","gid":"394747","time_insert":"2021-07-25 23:06"}
2024-07-19 00:11:05 查询号码 【1567328】，GSD为【"湖南-湘潭"】

2024-07-19 00:11:06 开始第 7423 次操作

2024-07-19 00:11:06 开始操作号码 【1567329】
2024-07-19 00:11:14 GSD getOne 第 1 次 等待 3 秒
2024-07-19 00:11:17 查询号码 【1567329】，返回信息 {"status":"ok","msg":"湖南-湘潭","gid":"394732","time_insert":"2021-07-25 23:05"}
2024-07-19 00:11:17 查询号码 【1567329】，GSD为【"湖南-湘潭"】

2024-07-19 00:11:18 开始第 7424 次操作

2024-07-19 00:11:18 开始操作号码 【1567330】
2024-07-19 00:11:25 GSD getOne 第 1 次 等待 3 秒
2024-07-19 00:11:28 查询号码 【1567330】，返回信息 {"status":"ok","msg":"湖南-株洲","gid":"394724","time_insert":"2021-07-25 23:05"}
2024-07-19 00:11:28 查询号码 【1567330】，GSD为【"湖南-株洲"】

