2024-10-19 00:26:25 开始第 245 次操作

2024-10-19 00:26:25 开始操作号码 【1340244】
2024-10-19 00:26:26 GSD getOne 第 1 次 等待 3 秒
2024-10-19 00:26:29 查询号码 【1340244】，返回信息 {"status":"ok","msg":"河北-唐山","gid":"52623","time_insert":"2021-04-27 04:19"}
2024-10-19 00:26:29 查询号码 【1340244】，GSD为【"河北-唐山"】

2024-10-19 00:26:30 开始第 246 次操作

2024-10-19 00:26:30 开始操作号码 【1340245】
2024-10-19 00:26:31 GSD getOne 第 1 次 等待 3 秒
2024-10-19 00:26:34 查询号码 【1340245】，返回信息 {"status":"ok","msg":"河北-唐山","gid":"52630","time_insert":"2021-04-27 05:32"}
2024-10-19 00:26:34 查询号码 【1340245】，GSD为【"河北-唐山"】

2024-10-19 00:26:35 开始第 247 次操作

2024-10-19 00:26:35 开始操作号码 【1340246】
2024-10-19 00:26:36 GSD getOne 第 1 次 等待 3 秒
2024-10-19 00:26:39 查询号码 【1340246】，返回信息 {"status":"ok","msg":"河北-唐山","gid":"52632","time_insert":"2021-04-27 05:53"}
2024-10-19 00:26:39 查询号码 【1340246】，GSD为【"河北-唐山"】

2024-10-19 00:26:40 开始第 248 次操作

2024-10-19 00:26:40 开始操作号码 【1340247】
2024-10-19 00:26:41 GSD getOne 第 1 次 等待 3 秒
2024-10-19 00:26:44 查询号码 【1340247】，返回信息 {"status":"ok","msg":"河北-唐山","gid":"52635","time_insert":"2021-04-27 07:05"}
2024-10-19 00:26:44 查询号码 【1340247】，GSD为【"河北-唐山"】

2024-10-19 00:45:49 开始第 249 次操作

2024-10-19 00:45:49 开始操作号码 【1340248】
2024-10-19 00:45:51 GSD getOne 第 1 次 等待 3 秒
2024-10-19 00:45:54 查询号码 【1340248】，返回信息 {"status":"ok","msg":"河北-石家庄","gid":"52638","time_insert":"2021-04-27 07:25"}
2024-10-19 00:45:54 查询号码 【1340248】，GSD为【"河北-石家庄"】

2024-10-19 00:45:55 开始第 250 次操作

2024-10-19 00:45:55 开始操作号码 【1340249】
2024-10-19 00:45:56 GSD getOne 第 1 次 等待 3 秒
2024-10-19 00:45:59 查询号码 【1340249】，返回信息 {"status":"ok","msg":"河北-石家庄","gid":"52640","time_insert":"2021-04-27 07:58"}
2024-10-19 00:45:59 查询号码 【1340249】，GSD为【"河北-石家庄"】

2024-10-19 00:46:00 开始第 251 次操作

2024-10-19 00:46:00 开始操作号码 【1340250】
2024-10-19 00:46:01 GSD getOne 第 1 次 等待 3 秒
2024-10-19 00:46:04 查询号码 【1340250】，返回信息 {"status":"ok","msg":"江苏-苏州","gid":"52656","time_insert":"2021-04-27 10:44"}
2024-10-19 00:46:04 查询号码 【1340250】，GSD为【"江苏-苏州"】

2024-10-19 00:46:05 开始第 252 次操作

2024-10-19 00:46:05 开始操作号码 【1340251】
2024-10-19 00:46:06 GSD getOne 第 1 次 等待 3 秒
2024-10-19 00:46:09 查询号码 【1340251】，返回信息 {"status":"ok","msg":"江苏-苏州","gid":"3823","time_insert":"2015-06-03 14:58","time_update":"2020-08-24 00:47"}
2024-10-19 00:46:09 查询号码 【1340251】，GSD为【"江苏-苏州"】

2024-10-19 01:18:32 开始第 253 次操作

2024-10-19 01:18:32 开始操作号码 【1340252】
2024-10-19 01:18:34 GSD getOne 第 1 次 等待 3 秒
2024-10-19 01:18:37 查询号码 【1340252】，返回信息 {"status":"ok","msg":"江苏-苏州","gid":"52658","time_insert":"2021-04-27 11:08"}
2024-10-19 01:18:37 查询号码 【1340252】，GSD为【"江苏-苏州"】

2024-10-19 01:18:38 开始第 254 次操作

2024-10-19 01:18:38 开始操作号码 【1340253】
2024-10-19 01:18:39 GSD getOne 第 1 次 等待 3 秒
2024-10-19 01:18:42 查询号码 【1340253】，返回信息 {"status":"ok","msg":"江苏-苏州","gid":"52673","time_insert":"2021-04-27 13:39"}
2024-10-19 01:18:42 查询号码 【1340253】，GSD为【"江苏-苏州"】

2024-10-19 01:18:43 开始第 255 次操作

2024-10-19 01:18:43 开始操作号码 【1340254】
2024-10-19 01:18:44 GSD getOne 第 1 次 等待 3 秒
2024-10-19 01:18:47 查询号码 【1340254】，返回信息 {"status":"ok","msg":"江苏-苏州","gid":"52689","time_insert":"2021-04-27 16:37"}
2024-10-19 01:18:47 查询号码 【1340254】，GSD为【"江苏-苏州"】

2024-10-19 01:18:48 开始第 256 次操作

2024-10-19 01:18:48 开始操作号码 【1340255】
2024-10-19 01:18:49 GSD getOne 第 1 次 等待 3 秒
2024-10-19 01:18:52 查询号码 【1340255】，返回信息 {"status":"ok","msg":"江苏-苏州","gid":"52700","time_insert":"2021-04-27 18:32"}
2024-10-19 01:18:52 查询号码 【1340255】，GSD为【"江苏-苏州"】

2024-10-19 01:40:14 开始第 257 次操作

2024-10-19 01:40:14 开始操作号码 【1340256】
2024-10-19 01:40:15 GSD getOne 第 1 次 等待 3 秒
2024-10-19 01:40:18 查询号码 【1340256】，返回信息 {"status":"ok","msg":"江苏-苏州","gid":"52707","time_insert":"2021-04-27 19:49"}
2024-10-19 01:40:18 查询号码 【1340256】，GSD为【"江苏-苏州"】

2024-10-19 01:40:19 开始第 258 次操作

2024-10-19 01:40:19 开始操作号码 【1340257】
2024-10-19 01:40:20 GSD getOne 第 1 次 等待 3 秒
2024-10-19 01:40:23 查询号码 【1340257】，返回信息 {"status":"ok","msg":"江苏-苏州","gid":"52720","time_insert":"2021-04-27 22:26"}
2024-10-19 01:40:23 查询号码 【1340257】，GSD为【"江苏-苏州"】

2024-10-19 01:40:24 开始第 259 次操作

2024-10-19 01:40:24 开始操作号码 【1340258】
2024-10-19 01:40:25 GSD getOne 第 1 次 等待 3 秒
2024-10-19 01:40:28 查询号码 【1340258】，返回信息 {"status":"ok","msg":"江苏-苏州","gid":"52730","time_insert":"2021-04-28 00:03"}
2024-10-19 01:40:28 查询号码 【1340258】，GSD为【"江苏-苏州"】

2024-10-19 01:40:29 开始第 260 次操作

2024-10-19 01:40:29 开始操作号码 【1340259】
2024-10-19 01:40:30 GSD getOne 第 1 次 等待 3 秒
2024-10-19 01:40:33 查询号码 【1340259】，返回信息 {"status":"ok","msg":"江苏-苏州","gid":"52733","time_insert":"2021-04-28 00:55"}
2024-10-19 01:40:33 查询号码 【1340259】，GSD为【"江苏-苏州"】

