2024-09-01 00:21:29 开始第 2205 次操作

2024-09-01 00:21:29 开始操作号码 【1452204】
2024-09-01 00:21:38 GSD getOne 第 1 次 等待 3 秒
2024-09-01 00:21:41 查询号码 【1452204】，返回信息 {"status":"ok","msg":"浙江-杭州","gid":"71983","time_insert":"2021-05-29 07:52"}
2024-09-01 00:21:41 查询号码 【1452204】，GSD为【"浙江-杭州"】

2024-09-01 00:21:42 开始第 2206 次操作

2024-09-01 00:21:42 开始操作号码 【1452205】
2024-09-01 00:21:51 GSD getOne 第 1 次 等待 3 秒
2024-09-01 00:21:54 查询号码 【1452205】，返回信息 {"status":"ok","msg":"浙江-杭州","gid":"71986","time_insert":"2021-05-29 07:57"}
2024-09-01 00:21:54 查询号码 【1452205】，GSD为【"浙江-杭州"】

2024-09-01 00:21:55 开始第 2207 次操作

2024-09-01 00:21:55 开始操作号码 【1452206】
2024-09-01 00:22:02 GSD getOne 第 1 次 等待 3 秒
2024-09-01 00:22:05 查询号码 【1452206】，返回信息 {"status":"ok","msg":"浙江-杭州","gid":"71990","time_insert":"2021-05-29 08:01"}
2024-09-01 00:22:05 查询号码 【1452206】，GSD为【"浙江-杭州"】

2024-09-01 00:22:06 开始第 2208 次操作

2024-09-01 00:22:06 开始操作号码 【1452207】
2024-09-01 00:22:14 GSD getOne 第 1 次 等待 3 秒
2024-09-01 00:22:17 查询号码 【1452207】，返回信息 {"status":"ok","msg":"浙江-杭州","gid":"71993","time_insert":"2021-05-29 08:04"}
2024-09-01 00:22:17 查询号码 【1452207】，GSD为【"浙江-杭州"】

