2021-07-29 00:01:32 开始第 11 次操作

2021-07-29 00:01:32 开始操作号码 【1857363】
2021-07-29 00:01:37 GSD getOne 第 1 次 等待 3 秒
2021-07-29 00:01:40 查询号码 【1857363】，返回信息 {"status":"bad","msg":""}
2021-07-29 00:01:40 查询号码 【1857363】，GSD为【""】
2021-07-29 00:01:40 bad
2021-07-29 00:01:41 CHB 1857363?1627488100 第 1 次 等待 3 秒
2021-07-29 00:01:44 CHB 1857363?1627488100 第 1 次 获取到号码【1857363】GSD
2021-07-29 00:01:45 获取到号码【1857363】的GSD为【湖南-常德】
2021-07-29 00:02:13 GSD insert 第 1 次 等待 3 秒
2021-07-29 00:02:16 {"status":"ok","gid":428351,"msg":"添加成功！"}
2021-07-29 00:02:16 下次操作: 2021-07-29 00:02:37

2021-07-29 00:02:37 开始第 12 次操作

2021-07-29 00:02:37 开始操作号码 【1857362】
2021-07-29 00:02:41 GSD getOne 第 1 次 等待 3 秒
2021-07-29 00:02:44 查询号码 【1857362】，返回信息 {"status":"bad","msg":""}
2021-07-29 00:02:45 查询号码 【1857362】，GSD为【""】
2021-07-29 00:02:45 bad
2021-07-29 00:02:46 CHB 1857362?1627488165 第 1 次 等待 3 秒
2021-07-29 00:02:49 CHB 1857362?1627488165 第 1 次 获取到号码【1857362】GSD
2021-07-29 00:02:49 获取到号码【1857362】的GSD为【湖南-常德】
2021-07-29 00:03:07 GSD insert 第 1 次 等待 3 秒
2021-07-29 00:03:10 {"status":"ok","gid":428361,"msg":"添加成功！"}
2021-07-29 00:03:10 下次操作: 2021-07-29 00:03:34

2021-07-29 00:03:34 开始第 13 次操作

2021-07-29 00:03:34 开始操作号码 【1857361】
2021-07-29 00:03:37 GSD getOne 第 1 次 等待 3 秒
2021-07-29 00:03:40 查询号码 【1857361】，返回信息 {"status":"bad","msg":""}
2021-07-29 00:03:40 查询号码 【1857361】，GSD为【""】
2021-07-29 00:03:40 bad
2021-07-29 00:03:41 CHB 1857361?1627488220 第 1 次 等待 3 秒
2021-07-29 00:03:44 CHB 1857361?1627488220 第 1 次 获取到号码【1857361】GSD
2021-07-29 00:03:44 获取到号码【1857361】的GSD为【湖南-常德】
2021-07-29 00:04:04 GSD insert 第 1 次 等待 3 秒
2021-07-29 00:04:07 {"status":"ok","gid":428371,"msg":"添加成功！"}
2021-07-29 00:04:07 下次操作: 2021-07-29 00:04:26

2021-07-29 00:04:26 开始第 14 次操作

2021-07-29 00:04:26 开始操作号码 【1857360】
2021-07-29 00:04:29 GSD getOne 第 1 次 等待 3 秒
2021-07-29 00:04:32 查询号码 【1857360】，返回信息 {"status":"bad","msg":""}
2021-07-29 00:04:32 查询号码 【1857360】，GSD为【""】
2021-07-29 00:04:32 bad
2021-07-29 00:04:34 CHB 1857360?1627488272 第 1 次 等待 3 秒
2021-07-29 00:04:37 CHB 1857360?1627488272 第 1 次 获取到号码【1857360】GSD
2021-07-29 00:04:37 获取到号码【1857360】的GSD为【湖南-常德】
2021-07-29 00:05:02 GSD insert 第 1 次 等待 3 秒
2021-07-29 00:05:05 {"status":"ok","gid":428381,"msg":"添加成功！"}
2021-07-29 00:05:05 下次操作: 2021-07-29 00:05:20

2021-07-29 00:05:20 开始第 15 次操作

2021-07-29 00:05:20 开始操作号码 【1857359】
2021-07-29 00:05:49 GSD getOne 第 1 次 等待 3 秒
2021-07-29 00:05:52 查询号码 【1857359】，返回信息 {"status":"bad","msg":""}
2021-07-29 00:05:52 查询号码 【1857359】，GSD为【""】
2021-07-29 00:05:52 bad
2021-07-29 00:05:53 CHB 1857359?1627488352 第 1 次 等待 3 秒
2021-07-29 00:05:56 CHB 1857359?1627488352 第 1 次 获取到号码【1857359】GSD
2021-07-29 00:05:56 获取到号码【1857359】的GSD为【湖南-郴州】
2021-07-29 00:06:47 GSD insert 第 1 次 等待 3 秒
2021-07-29 00:06:50 {"status":"ok","gid":428401,"msg":"添加成功！"}
2021-07-29 00:06:50 下次操作: 2021-07-29 00:07:05

2021-07-29 00:07:05 开始第 16 次操作

2021-07-29 00:07:05 开始操作号码 【1857358】
2021-07-29 00:07:08 GSD getOne 第 1 次 等待 3 秒
2021-07-29 00:07:11 查询号码 【1857358】，返回信息 {"status":"bad","msg":""}
2021-07-29 00:07:11 查询号码 【1857358】，GSD为【""】
2021-07-29 00:07:11 bad
2021-07-29 00:07:13 CHB 1857358?1627488431 第 1 次 等待 3 秒
2021-07-29 00:07:16 CHB 1857358?1627488431 第 1 次 获取到号码【1857358】GSD
2021-07-29 00:07:16 获取到号码【1857358】的GSD为【湖南-郴州】
2021-07-29 00:07:37 GSD insert 第 1 次 等待 3 秒
2021-07-29 00:07:40 {"status":"ok","gid":428410,"msg":"添加成功！"}
2021-07-29 00:07:40 下次操作: 2021-07-29 00:07:53

2021-07-29 00:07:53 开始第 17 次操作

2021-07-29 00:07:53 开始操作号码 【1857357】
2021-07-29 00:07:56 GSD getOne 第 1 次 等待 3 秒
2021-07-29 00:07:59 查询号码 【1857357】，返回信息 {"status":"bad","msg":""}
2021-07-29 00:07:59 查询号码 【1857357】，GSD为【""】
2021-07-29 00:07:59 bad
2021-07-29 00:08:02 CHB 1857357?1627488479 第 1 次 等待 3 秒
2021-07-29 00:08:05 CHB 1857357?1627488479 第 1 次 获取到号码【1857357】GSD
2021-07-29 00:08:05 获取到号码【1857357】的GSD为【湖南-郴州】
2021-07-29 00:08:15 GSD insert 第 1 次 等待 3 秒
2021-07-29 00:08:18 {"status":"ok","gid":428419,"msg":"添加成功！"}
2021-07-29 00:08:18 下次操作: 2021-07-29 00:08:31

2021-07-29 00:08:31 开始第 18 次操作

2021-07-29 00:08:31 开始操作号码 【1857356】
2021-07-29 00:08:35 GSD getOne 第 1 次 等待 3 秒
2021-07-29 00:08:38 查询号码 【1857356】，返回信息 {"status":"bad","msg":""}
2021-07-29 00:08:38 查询号码 【1857356】，GSD为【""】
2021-07-29 00:08:38 bad
2021-07-29 00:08:40 CHB 1857356?1627488518 第 1 次 等待 3 秒
2021-07-29 00:08:43 CHB 1857356?1627488518 第 1 次 获取到号码【1857356】GSD
2021-07-29 00:08:43 获取到号码【1857356】的GSD为【湖南-郴州】
2021-07-29 00:09:01 GSD insert 第 1 次 等待 3 秒
2021-07-29 00:09:04 {"status":"ok","gid":428429,"msg":"添加成功！"}
2021-07-29 00:09:04 下次操作: 2021-07-29 00:09:16

2021-07-29 00:09:16 开始第 19 次操作

2021-07-29 00:09:16 开始操作号码 【1857355】
2021-07-29 00:09:20 GSD getOne 第 1 次 等待 3 秒
2021-07-29 00:09:23 查询号码 【1857355】，返回信息 {"status":"bad","msg":""}
2021-07-29 00:09:23 查询号码 【1857355】，GSD为【""】
2021-07-29 00:09:23 bad
2021-07-29 00:09:40 CHB 1857355?1627488563 第 1 次 等待 3 秒
2021-07-29 00:09:43 CHB 1857355?1627488563 第 1 次 获取到号码【1857355】GSD
2021-07-29 00:09:43 获取到号码【1857355】的GSD为【湖南-郴州】
2021-07-29 00:09:46 GSD insert 第 1 次 等待 3 秒
2021-07-29 00:09:49 {"status":"ok","gid":428438,"msg":"添加成功！"}
2021-07-29 00:09:49 下次操作: 2021-07-29 00:10:10

2021-07-29 00:10:10 开始第 20 次操作

2021-07-29 00:10:10 开始操作号码 【1857354】
2021-07-29 00:10:13 GSD getOne 第 1 次 等待 3 秒
2021-07-29 00:10:16 查询号码 【1857354】，返回信息 {"status":"bad","msg":""}
2021-07-29 00:10:16 查询号码 【1857354】，GSD为【""】
2021-07-29 00:10:16 bad
2021-07-29 00:10:24 CHB 1857354?1627488616 第 1 次 等待 3 秒
2021-07-29 00:10:27 CHB 1857354?1627488616 第 1 次 获取到号码【1857354】GSD
2021-07-29 00:10:27 获取到号码【1857354】的GSD为【湖南-郴州】
2021-07-29 00:10:33 GSD insert 第 1 次 等待 3 秒
2021-07-29 00:10:36 {"status":"ok","gid":428448,"msg":"添加成功！"}
2021-07-29 00:10:36 下次操作: 2021-07-29 00:11:00

2021-07-29 00:11:00 开始第 21 次操作

2021-07-29 00:11:00 开始操作号码 【1857353】
2021-07-29 00:11:02 GSD getOne 第 1 次 等待 3 秒
2021-07-29 00:11:05 查询号码 【1857353】，返回信息 {"status":"bad","msg":""}
2021-07-29 00:11:05 查询号码 【1857353】，GSD为【""】
2021-07-29 00:11:05 bad
2021-07-29 00:11:11 CHB 1857353?1627488665 第 1 次 等待 3 秒
2021-07-29 00:11:14 CHB 1857353?1627488665 第 1 次 获取到号码【1857353】GSD
2021-07-29 00:11:14 获取到号码【1857353】的GSD为【湖南-郴州】
2021-07-29 00:11:24 GSD insert 第 1 次 等待 3 秒
2021-07-29 00:11:27 {"status":"ok","gid":428459,"msg":"添加成功！"}
2021-07-29 00:11:27 下次操作: 2021-07-29 00:11:44

2021-07-29 00:11:44 开始第 22 次操作

2021-07-29 00:11:44 开始操作号码 【1857352】
2021-07-29 00:11:47 GSD getOne 第 1 次 等待 3 秒
2021-07-29 00:11:50 查询号码 【1857352】，返回信息 {"status":"bad","msg":""}
2021-07-29 00:11:50 查询号码 【1857352】，GSD为【""】
2021-07-29 00:11:50 bad
2021-07-29 00:11:53 CHB 1857352?1627488710 第 1 次 等待 3 秒
2021-07-29 00:11:56 CHB 1857352?1627488710 第 1 次 获取到号码【1857352】GSD
2021-07-29 00:11:56 获取到号码【1857352】的GSD为【湖南-郴州】
2021-07-29 00:12:06 GSD insert 第 1 次 等待 3 秒
2021-07-29 00:12:09 {"status":"ok","gid":428465,"msg":"添加成功！"}
2021-07-29 00:12:09 下次操作: 2021-07-29 00:12:28

2021-07-29 00:12:28 开始第 23 次操作

2021-07-29 00:12:28 开始操作号码 【1857351】
2021-07-29 00:12:30 GSD getOne 第 1 次 等待 3 秒
2021-07-29 00:12:33 查询号码 【1857351】，返回信息 {"status":"bad","msg":""}
2021-07-29 00:12:33 查询号码 【1857351】，GSD为【""】
2021-07-29 00:12:33 bad
2021-07-29 00:12:35 CHB 1857351?1627488753 第 1 次 等待 3 秒
2021-07-29 00:12:38 CHB 1857351?1627488753 第 1 次 获取到号码【1857351】GSD
2021-07-29 00:12:38 获取到号码【1857351】的GSD为【湖南-郴州】
2021-07-29 00:12:58 GSD insert 第 1 次 等待 3 秒
2021-07-29 00:13:01 {"status":"ok","gid":428475,"msg":"添加成功！"}
2021-07-29 00:13:01 下次操作: 2021-07-29 00:13:17

2021-07-29 00:13:17 开始第 24 次操作

2021-07-29 00:13:17 开始操作号码 【1857350】
2021-07-29 00:13:26 GSD getOne 第 1 次 等待 3 秒
2021-07-29 00:13:29 查询号码 【1857350】，返回信息 {"status":"bad","msg":""}
2021-07-29 00:13:30 查询号码 【1857350】，GSD为【""】
2021-07-29 00:13:30 bad
2021-07-29 00:13:32 CHB 1857350?1627488810 第 1 次 等待 3 秒
2021-07-29 00:13:35 CHB 1857350?1627488810 第 1 次 获取到号码【1857350】GSD
2021-07-29 00:13:35 获取到号码【1857350】的GSD为【湖南-郴州】
2021-07-29 00:13:53 GSD insert 第 1 次 等待 3 秒
2021-07-29 00:13:56 {"status":"ok","gid":428483,"msg":"添加成功！"}
2021-07-29 00:13:56 下次操作: 2021-07-29 00:14:17

2021-07-29 00:14:17 开始第 25 次操作

2021-07-29 00:14:17 开始操作号码 【1857349】
2021-07-29 00:14:24 GSD getOne 第 1 次 等待 3 秒
2021-07-29 00:14:27 查询号码 【1857349】，返回信息 {"status":"ok","msg":"湖南-衡阳","gid":"39976","time_insert":"2017-07-16 08:41","time_update":"2020-09-24 03:15"}
2021-07-29 00:14:28 查询号码 【1857349】，GSD为【"湖南-衡阳"】

2021-07-29 00:14:28 开始第 25 次操作

2021-07-29 00:14:28 开始操作号码 【1857348】
2021-07-29 00:14:46 GSD getOne 第 1 次 等待 3 秒
2021-07-29 00:14:49 查询号码 【1857348】，返回信息 {"status":"bad","msg":""}
2021-07-29 00:14:49 查询号码 【1857348】，GSD为【""】
2021-07-29 00:14:49 bad
2021-07-29 00:14:50 CHB 1857348?1627488889 第 1 次 等待 3 秒
2021-07-29 00:14:53 CHB 1857348?1627488889 第 1 次 获取到号码【1857348】GSD
2021-07-29 00:14:53 获取到号码【1857348】的GSD为【湖南-衡阳】
2021-07-29 00:15:13 GSD insert 第 1 次 等待 3 秒
2021-07-29 00:15:16 {"status":"ok","gid":428499,"msg":"添加成功！"}
2021-07-29 00:15:16 下次操作: 2021-07-29 00:15:28

2021-07-29 00:15:28 开始第 26 次操作

2021-07-29 00:15:28 开始操作号码 【1857347】
2021-07-29 00:15:33 GSD getOne 第 1 次 等待 3 秒
2021-07-29 00:15:36 查询号码 【1857347】，返回信息 {"status":"bad","msg":""}
2021-07-29 00:15:36 查询号码 【1857347】，GSD为【""】
2021-07-29 00:15:36 bad
2021-07-29 00:15:37 CHB 1857347?1627488936 第 1 次 等待 3 秒
2021-07-29 00:15:40 CHB 1857347?1627488936 第 1 次 获取到号码【1857347】GSD
2021-07-29 00:15:40 获取到号码【1857347】的GSD为【湖南-衡阳】
2021-07-29 00:16:04 GSD insert 第 1 次 等待 3 秒
2021-07-29 00:16:07 {"status":"ok","gid":428511,"msg":"添加成功！"}
2021-07-29 00:16:07 下次操作: 2021-07-29 00:16:25

2021-07-29 00:16:25 开始第 27 次操作

2021-07-29 00:16:25 开始操作号码 【1857346】
2021-07-29 00:16:30 GSD getOne 第 1 次 等待 3 秒
2021-07-29 00:16:33 查询号码 【1857346】，返回信息 {"status":"bad","msg":""}
2021-07-29 00:16:33 查询号码 【1857346】，GSD为【""】
2021-07-29 00:16:33 bad
2021-07-29 00:16:35 CHB 1857346?1627488993 第 1 次 等待 3 秒
2021-07-29 00:16:38 CHB 1857346?1627488993 第 1 次 获取到号码【1857346】GSD
2021-07-29 00:16:38 获取到号码【1857346】的GSD为【湖南-衡阳】
2021-07-29 00:17:01 GSD insert 第 1 次 等待 3 秒
2021-07-29 00:17:04 {"status":"ok","gid":428520,"msg":"添加成功！"}
2021-07-29 00:17:04 下次操作: 2021-07-29 00:17:22

2021-07-29 00:17:22 开始第 28 次操作

2021-07-29 00:17:22 开始操作号码 【1857345】
2021-07-29 00:17:28 GSD getOne 第 1 次 等待 3 秒
2021-07-29 00:17:31 查询号码 【1857345】，返回信息 {"status":"bad","msg":""}
2021-07-29 00:17:31 查询号码 【1857345】，GSD为【""】
2021-07-29 00:17:31 bad
2021-07-29 00:17:34 CHB 1857345?1627489051 第 1 次 等待 3 秒
2021-07-29 00:17:37 CHB 1857345?1627489051 第 1 次 获取到号码【1857345】GSD
2021-07-29 00:17:37 获取到号码【1857345】的GSD为【湖南-衡阳】
2021-07-29 00:17:47 GSD insert 第 1 次 等待 3 秒
2021-07-29 00:17:50 {"status":"ok","gid":428531,"msg":"添加成功！"}
2021-07-29 00:17:50 下次操作: 2021-07-29 00:18:12

2021-07-29 00:18:12 开始第 29 次操作

2021-07-29 00:18:12 开始操作号码 【1857344】
2021-07-29 00:18:18 GSD getOne 第 1 次 等待 3 秒
2021-07-29 00:18:21 查询号码 【1857344】，返回信息 {"status":"ok","msg":"湖南-衡阳","gid":"39975","time_insert":"2017-04-19 11:23","time_update":"2020-09-24 03:12"}
2021-07-29 00:18:21 查询号码 【1857344】，GSD为【"湖南-衡阳"】

2021-07-29 00:18:21 开始第 29 次操作

2021-07-29 00:18:21 开始操作号码 【1857343】
2021-07-29 00:18:40 GSD getOne 第 1 次 等待 3 秒
2021-07-29 00:18:43 查询号码 【1857343】，返回信息 {"status":"bad","msg":""}
2021-07-29 00:18:43 查询号码 【1857343】，GSD为【""】
2021-07-29 00:18:43 bad
2021-07-29 00:18:44 CHB 1857343?1627489123 第 1 次 等待 3 秒
2021-07-29 00:18:47 CHB 1857343?1627489123 第 1 次 获取到号码【1857343】GSD
2021-07-29 00:18:47 获取到号码【1857343】的GSD为【湖南-衡阳】
2021-07-29 00:19:07 GSD insert 第 1 次 等待 3 秒
2021-07-29 00:19:10 {"status":"ok","gid":428543,"msg":"添加成功！"}
2021-07-29 00:19:10 下次操作: 2021-07-29 00:19:33

2021-07-29 00:19:33 开始第 30 次操作

2021-07-29 00:19:33 开始操作号码 【1857342】
2021-07-29 00:19:36 GSD getOne 第 1 次 等待 3 秒
2021-07-29 00:19:39 查询号码 【1857342】，返回信息 {"status":"bad","msg":""}
2021-07-29 00:19:39 查询号码 【1857342】，GSD为【""】
2021-07-29 00:19:39 bad
2021-07-29 00:19:41 CHB 1857342?1627489179 第 1 次 等待 3 秒
2021-07-29 00:19:44 CHB 1857342?1627489179 第 1 次 获取到号码【1857342】GSD
2021-07-29 00:19:44 获取到号码【1857342】的GSD为【湖南-衡阳】
2021-07-29 00:20:07 GSD insert 第 1 次 等待 3 秒
2021-07-29 00:20:10 {"status":"ok","gid":428551,"msg":"添加成功！"}
2021-07-29 00:20:10 下次操作: 2021-07-29 00:20:31

2021-07-29 00:20:31 开始第 31 次操作

2021-07-29 00:20:31 开始操作号码 【1857341】
2021-07-29 00:20:46 GSD getOne 第 1 次 等待 3 秒
2021-07-29 00:20:49 查询号码 【1857341】，返回信息 {"status":"bad","msg":""}
2021-07-29 00:20:49 查询号码 【1857341】，GSD为【""】
2021-07-29 00:20:49 bad
2021-07-29 00:20:51 CHB 1857341?1627489249 第 1 次 等待 3 秒
2021-07-29 00:20:54 CHB 1857341?1627489249 第 1 次 获取到号码【1857341】GSD
2021-07-29 00:20:54 获取到号码【1857341】的GSD为【湖南-衡阳】
2021-07-29 00:21:12 GSD insert 第 1 次 等待 3 秒
2021-07-29 00:21:15 {"status":"ok","gid":428561,"msg":"添加成功！"}
2021-07-29 00:21:15 下次操作: 2021-07-29 00:21:36

2021-07-29 00:21:36 开始第 32 次操作

2021-07-29 00:21:36 开始操作号码 【1857340】
2021-07-29 00:21:38 GSD getOne 第 1 次 等待 3 秒
2021-07-29 00:21:41 查询号码 【1857340】，返回信息 {"status":"bad","msg":""}
2021-07-29 00:21:41 查询号码 【1857340】，GSD为【""】
2021-07-29 00:21:41 bad
2021-07-29 00:21:43 CHB 1857340?1627489301 第 1 次 等待 3 秒
2021-07-29 00:21:46 CHB 1857340?1627489301 第 1 次 获取到号码【1857340】GSD
2021-07-29 00:21:46 获取到号码【1857340】的GSD为【湖南-衡阳】
2021-07-29 00:22:20 GSD insert 第 1 次 等待 3 秒
2021-07-29 00:22:23 {"status":"ok","gid":428571,"msg":"添加成功！"}
2021-07-29 00:22:23 下次操作: 2021-07-29 00:22:42

2021-07-29 00:22:42 开始第 33 次操作

2021-07-29 00:22:42 开始操作号码 【1857339】
2021-07-29 00:22:50 GSD getOne 第 1 次 等待 3 秒
2021-07-29 00:22:53 查询号码 【1857339】，返回信息 {"status":"bad","msg":""}
2021-07-29 00:22:53 查询号码 【1857339】，GSD为【""】
2021-07-29 00:22:53 bad
2021-07-29 00:22:55 CHB 1857339?1627489373 第 1 次 等待 3 秒
2021-07-29 00:22:58 CHB 1857339?1627489373 第 1 次 获取到号码【1857339】GSD
2021-07-29 00:22:58 获取到号码【1857339】的GSD为【湖南-株洲】
2021-07-29 00:23:17 GSD insert 第 1 次 等待 3 秒
2021-07-29 00:23:20 {"status":"ok","gid":428579,"msg":"添加成功！"}
2021-07-29 00:23:20 下次操作: 2021-07-29 00:23:44

2021-07-29 00:23:44 开始第 34 次操作

2021-07-29 00:23:44 开始操作号码 【1857338】
2021-07-29 00:23:49 GSD getOne 第 1 次 等待 3 秒
2021-07-29 00:23:52 查询号码 【1857338】，返回信息 {"status":"bad","msg":""}
2021-07-29 00:23:52 查询号码 【1857338】，GSD为【""】
2021-07-29 00:23:52 bad
2021-07-29 00:23:54 CHB 1857338?1627489432 第 1 次 等待 3 秒
2021-07-29 00:23:57 CHB 1857338?1627489432 第 1 次 获取到号码【1857338】GSD
2021-07-29 00:23:57 获取到号码【1857338】的GSD为【湖南-株洲】
2021-07-29 00:24:18 GSD insert 第 1 次 等待 3 秒
2021-07-29 00:24:21 {"status":"ok","gid":428584,"msg":"添加成功！"}
2021-07-29 00:24:21 下次操作: 2021-07-29 00:24:39

2021-07-29 00:24:39 开始第 35 次操作

2021-07-29 00:24:39 开始操作号码 【1857337】
2021-07-29 00:24:46 GSD getOne 第 1 次 等待 3 秒
2021-07-29 00:24:49 查询号码 【1857337】，返回信息 {"status":"bad","msg":""}
2021-07-29 00:24:49 查询号码 【1857337】，GSD为【""】
2021-07-29 00:24:49 bad
2021-07-29 00:24:51 CHB 1857337?1627489489 第 1 次 等待 3 秒
2021-07-29 00:24:54 CHB 1857337?1627489489 第 1 次 获取到号码【1857337】GSD
2021-07-29 00:24:54 获取到号码【1857337】的GSD为【湖南-株洲】
2021-07-29 00:25:12 GSD insert 第 1 次 等待 3 秒
2021-07-29 00:25:15 {"status":"ok","gid":428588,"msg":"添加成功！"}
2021-07-29 00:25:15 下次操作: 2021-07-29 00:25:31

2021-07-29 00:25:31 开始第 36 次操作

2021-07-29 00:25:31 开始操作号码 【1857336】
2021-07-29 00:25:33 GSD getOne 第 1 次 等待 3 秒
2021-07-29 00:25:36 查询号码 【1857336】，返回信息 {"status":"bad","msg":""}
2021-07-29 00:25:36 查询号码 【1857336】，GSD为【""】
2021-07-29 00:25:36 bad
2021-07-29 00:25:38 CHB 1857336?1627489536 第 1 次 等待 3 秒
2021-07-29 00:25:41 CHB 1857336?1627489536 第 1 次 获取到号码【1857336】GSD
2021-07-29 00:25:41 获取到号码【1857336】的GSD为【湖南-株洲】
2021-07-29 00:26:25 GSD insert 第 1 次 等待 3 秒
2021-07-29 00:26:28 {"status":"ok","gid":428591,"msg":"添加成功！"}
2021-07-29 00:26:28 下次操作: 2021-07-29 00:26:45

2021-07-29 00:26:45 开始第 37 次操作

2021-07-29 00:26:45 开始操作号码 【1857335】
2021-07-29 00:26:48 GSD getOne 第 1 次 等待 3 秒
2021-07-29 00:26:51 查询号码 【1857335】，返回信息 {"status":"bad","msg":""}
2021-07-29 00:26:51 查询号码 【1857335】，GSD为【""】
2021-07-29 00:26:51 bad
2021-07-29 00:26:53 CHB 1857335?1627489611 第 1 次 等待 3 秒
2021-07-29 00:26:56 CHB 1857335?1627489611 第 1 次 获取到号码【1857335】GSD
2021-07-29 00:26:56 获取到号码【1857335】的GSD为【湖南-株洲】
2021-07-29 00:27:18 GSD insert 第 1 次 等待 3 秒
2021-07-29 00:27:21 {"status":"ok","gid":428596,"msg":"添加成功！"}
2021-07-29 00:27:21 下次操作: 2021-07-29 00:27:33

2021-07-29 00:27:33 开始第 38 次操作

2021-07-29 00:27:33 开始操作号码 【1857334】
2021-07-29 00:27:39 GSD getOne 第 1 次 等待 3 秒
2021-07-29 00:27:42 查询号码 【1857334】，返回信息 {"status":"bad","msg":""}
2021-07-29 00:27:42 查询号码 【1857334】，GSD为【""】
2021-07-29 00:27:42 bad
2021-07-29 00:27:43 CHB 1857334?1627489662 第 1 次 等待 3 秒
2021-07-29 00:27:46 CHB 1857334?1627489662 第 1 次 获取到号码【1857334】GSD
2021-07-29 00:27:46 获取到号码【1857334】的GSD为【湖南-株洲】
2021-07-29 00:28:04 GSD insert 第 1 次 等待 3 秒
2021-07-29 00:28:07 {"status":"ok","gid":428598,"msg":"添加成功！"}
2021-07-29 00:28:07 下次操作: 2021-07-29 00:28:26

2021-07-29 00:28:26 开始第 39 次操作

2021-07-29 00:28:26 开始操作号码 【1857333】
2021-07-29 00:28:29 GSD getOne 第 1 次 等待 3 秒
2021-07-29 00:28:32 查询号码 【1857333】，返回信息 {"status":"bad","msg":""}
2021-07-29 00:28:32 查询号码 【1857333】，GSD为【""】
2021-07-29 00:28:32 bad
2021-07-29 00:28:33 CHB 1857333?1627489712 第 1 次 等待 3 秒
2021-07-29 00:28:36 CHB 1857333?1627489712 第 1 次 获取到号码【1857333】GSD
2021-07-29 00:28:36 获取到号码【1857333】的GSD为【湖南-株洲】
2021-07-29 00:28:59 GSD insert 第 1 次 等待 3 秒
2021-07-29 00:29:02 {"status":"ok","gid":428602,"msg":"添加成功！"}
2021-07-29 00:29:02 下次操作: 2021-07-29 00:29:26

2021-07-29 00:29:26 开始第 40 次操作

2021-07-29 00:29:26 开始操作号码 【1857332】
2021-07-29 00:29:30 GSD getOne 第 1 次 等待 3 秒
2021-07-29 00:29:33 查询号码 【1857332】，返回信息 {"status":"bad","msg":""}
2021-07-29 00:29:33 查询号码 【1857332】，GSD为【""】
2021-07-29 00:29:33 bad
2021-07-29 00:29:34 CHB 1857332?1627489773 第 1 次 等待 3 秒
2021-07-29 00:29:37 CHB 1857332?1627489773 第 1 次 获取到号码【1857332】GSD
2021-07-29 00:29:37 获取到号码【1857332】的GSD为【湖南-株洲】
2021-07-29 00:30:10 GSD insert 第 1 次 等待 3 秒
2021-07-29 00:30:13 {"status":"ok","gid":428606,"msg":"添加成功！"}

