2024-01-03 00:09:09 开始第 6825 次操作

2024-01-03 00:09:09 开始操作号码 【1896734】
2024-01-03 00:09:12 GSD getOne 第 1 次 等待 3 秒
2024-01-03 00:09:15 查询号码 【1896734】，返回信息 {"status":"ok","msg":"浙江-嘉兴","gid":"459015","time_insert":"2021-07-31 18:48","time_update":"2021-07-31 19:39"}
2024-01-03 00:09:15 查询号码 【1896734】，GSD为【"浙江-嘉兴"】

2024-01-03 00:09:16 开始第 6826 次操作

2024-01-03 00:09:16 开始操作号码 【1896735】
2024-01-03 00:09:19 GSD getOne 第 1 次 等待 3 秒
2024-01-03 00:09:22 查询号码 【1896735】，返回信息 {"status":"ok","msg":"浙江-嘉兴","gid":"459004","time_insert":"2021-07-31 18:48","time_update":"2021-07-31 19:38"}
2024-01-03 00:09:22 查询号码 【1896735】，GSD为【"浙江-嘉兴"】

2024-01-03 00:09:23 开始第 6827 次操作

2024-01-03 00:09:23 开始操作号码 【1896736】
2024-01-03 00:09:26 GSD getOne 第 1 次 等待 3 秒
2024-01-03 00:09:29 查询号码 【1896736】，返回信息 {"status":"ok","msg":"浙江-嘉兴","gid":"458992","time_insert":"2021-07-31 18:47","time_update":"2021-07-31 19:37"}
2024-01-03 00:09:29 查询号码 【1896736】，GSD为【"浙江-嘉兴"】

2024-01-03 00:09:30 开始第 6828 次操作

2024-01-03 00:09:30 开始操作号码 【1896737】
2024-01-03 00:09:32 GSD getOne 第 1 次 等待 3 秒
2024-01-03 00:09:35 查询号码 【1896737】，返回信息 {"status":"ok","msg":"浙江-嘉兴","gid":"458982","time_insert":"2021-07-31 18:47"}
2024-01-03 00:09:35 查询号码 【1896737】，GSD为【"浙江-嘉兴"】

2024-01-03 00:35:34 开始第 6829 次操作

2024-01-03 00:35:34 开始操作号码 【1896738】
2024-01-03 00:35:39 GSD getOne 第 1 次 等待 3 秒
2024-01-03 00:35:42 查询号码 【1896738】，返回信息 {"status":"ok","msg":"浙江-嘉兴","gid":"458975","time_insert":"2021-07-31 18:46"}
2024-01-03 00:35:42 查询号码 【1896738】，GSD为【"浙江-嘉兴"】

2024-01-03 00:35:43 开始第 6830 次操作

2024-01-03 00:35:43 开始操作号码 【1896739】
2024-01-03 00:35:46 GSD getOne 第 1 次 等待 3 秒
2024-01-03 00:35:49 查询号码 【1896739】，返回信息 {"status":"ok","msg":"浙江-嘉兴","gid":"458930","time_insert":"2021-07-31 18:42"}
2024-01-03 00:35:49 查询号码 【1896739】，GSD为【"浙江-嘉兴"】

2024-01-03 00:35:50 开始第 6831 次操作

2024-01-03 00:35:50 开始操作号码 【1896740】
2024-01-03 00:35:53 GSD getOne 第 1 次 等待 3 秒
2024-01-03 00:35:56 查询号码 【1896740】，返回信息 {"status":"ok","msg":"浙江-金华","gid":"458923","time_insert":"2021-07-31 18:41"}
2024-01-03 00:35:56 查询号码 【1896740】，GSD为【"浙江-金华"】

2024-01-03 00:35:57 开始第 6832 次操作

2024-01-03 00:35:57 开始操作号码 【1896741】
2024-01-03 00:36:00 GSD getOne 第 1 次 等待 3 秒
2024-01-03 00:36:03 查询号码 【1896741】，返回信息 {"status":"ok","msg":"浙江-金华","gid":"458911","time_insert":"2021-07-31 18:40"}
2024-01-03 00:36:03 查询号码 【1896741】，GSD为【"浙江-金华"】

2024-01-03 01:07:39 开始第 6833 次操作

2024-01-03 01:07:39 开始操作号码 【1896742】
2024-01-03 01:07:42 GSD getOne 第 1 次 等待 3 秒
2024-01-03 01:07:45 查询号码 【1896742】，返回信息 {"status":"ok","msg":"浙江-金华","gid":"458907","time_insert":"2021-07-31 18:39"}
2024-01-03 01:07:46 查询号码 【1896742】，GSD为【"浙江-金华"】

2024-01-03 01:07:47 开始第 6834 次操作

2024-01-03 01:07:47 开始操作号码 【1896743】
2024-01-03 01:07:50 GSD getOne 第 1 次 等待 3 秒
2024-01-03 01:07:53 查询号码 【1896743】，返回信息 {"status":"ok","msg":"浙江-金华","gid":"458900","time_insert":"2021-07-31 18:38"}
2024-01-03 01:07:53 查询号码 【1896743】，GSD为【"浙江-金华"】

2024-01-03 01:07:54 开始第 6835 次操作

2024-01-03 01:07:54 开始操作号码 【1896744】
2024-01-03 01:07:57 GSD getOne 第 1 次 等待 3 秒
2024-01-03 01:08:00 查询号码 【1896744】，返回信息 {"status":"ok","msg":"浙江-金华","gid":"458896","time_insert":"2021-07-31 18:37"}
2024-01-03 01:08:00 查询号码 【1896744】，GSD为【"浙江-金华"】

2024-01-03 01:08:01 开始第 6836 次操作

2024-01-03 01:08:01 开始操作号码 【1896745】
2024-01-03 01:08:05 GSD getOne 第 1 次 等待 3 秒
2024-01-03 01:08:08 查询号码 【1896745】，返回信息 {"status":"ok","msg":"浙江-金华","gid":"458891","time_insert":"2021-07-31 18:36"}
2024-01-03 01:08:08 查询号码 【1896745】，GSD为【"浙江-金华"】

