2024-10-01 00:24:13 开始第 7321 次操作

2024-10-01 00:24:13 开始操作号码 【1457320】
2024-10-01 00:24:16 GSD getOne 第 1 次 等待 3 秒
2024-10-01 00:24:19 查询号码 【1457320】，返回信息 {"status":"ok","msg":"上海-上海","gid":"97388","time_insert":"2021-06-15 03:47"}
2024-10-01 00:24:19 查询号码 【1457320】，GSD为【"上海-上海"】

2024-10-01 00:24:20 开始第 7322 次操作

2024-10-01 00:24:20 开始操作号码 【1457321】
2024-10-01 00:24:22 GSD getOne 第 1 次 等待 3 秒
2024-10-01 00:24:25 查询号码 【1457321】，返回信息 {"status":"ok","msg":"上海-上海","gid":"97391","time_insert":"2021-06-15 03:51"}
2024-10-01 00:24:25 查询号码 【1457321】，GSD为【"上海-上海"】

2024-10-01 00:24:26 开始第 7323 次操作

2024-10-01 00:24:26 开始操作号码 【1457322】
2024-10-01 00:24:29 GSD getOne 第 1 次 等待 3 秒
2024-10-01 00:24:32 查询号码 【1457322】，返回信息 {"status":"ok","msg":"上海-上海","gid":"97398","time_insert":"2021-06-15 03:56"}
2024-10-01 00:24:32 查询号码 【1457322】，GSD为【"上海-上海"】

2024-10-01 00:24:33 开始第 7324 次操作

2024-10-01 00:24:33 开始操作号码 【1457323】
2024-10-01 00:24:35 GSD getOne 第 1 次 等待 3 秒
2024-10-01 00:24:38 查询号码 【1457323】，返回信息 {"status":"ok","msg":"上海-上海","gid":"97405","time_insert":"2021-06-15 04:00"}
2024-10-01 00:24:38 查询号码 【1457323】，GSD为【"上海-上海"】

