2024-11-05 00:26:12 开始第 3097 次操作

2024-11-05 00:26:12 开始操作号码 【1343096】
2024-11-05 00:26:13 GSD getOne 第 1 次 等待 3 秒
2024-11-05 00:26:16 查询号码 【1343096】，返回信息 {"status":"ok","msg":"广东-深圳","gid":"98847","time_insert":"2021-06-16 01:19"}
2024-11-05 00:26:16 查询号码 【1343096】，GSD为【"广东-深圳"】

2024-11-05 00:26:17 开始第 3098 次操作

2024-11-05 00:26:17 开始操作号码 【1343097】
2024-11-05 00:26:18 GSD getOne 第 1 次 等待 3 秒
2024-11-05 00:26:21 查询号码 【1343097】，返回信息 {"status":"ok","msg":"广东-深圳","gid":"98872","time_insert":"2021-06-16 01:44"}
2024-11-05 00:26:21 查询号码 【1343097】，GSD为【"广东-深圳"】

2024-11-05 00:26:22 开始第 3099 次操作

2024-11-05 00:26:22 开始操作号码 【1343098】
2024-11-05 00:26:23 GSD getOne 第 1 次 等待 3 秒
2024-11-05 00:26:26 查询号码 【1343098】，返回信息 {"status":"ok","msg":"广东-深圳","gid":"98901","time_insert":"2021-06-16 02:07"}
2024-11-05 00:26:26 查询号码 【1343098】，GSD为【"广东-深圳"】

2024-11-05 00:26:27 开始第 3100 次操作

2024-11-05 00:26:27 开始操作号码 【1343099】
2024-11-05 00:26:28 GSD getOne 第 1 次 等待 3 秒
2024-11-05 00:26:31 查询号码 【1343099】，返回信息 {"status":"ok","msg":"广东-深圳","gid":"98931","time_insert":"2021-06-16 02:34"}
2024-11-05 00:26:31 查询号码 【1343099】，GSD为【"广东-深圳"】

