2024-10-30 00:27:23 开始第 2089 次操作

2024-10-30 00:27:23 开始操作号码 【1342088】
2024-10-30 00:27:24 GSD getOne 第 1 次 等待 3 秒
2024-10-30 00:27:27 查询号码 【1342088】，返回信息 {"status":"ok","msg":"广东-佛山","gid":"76071","time_insert":"2021-06-01 19:31"}
2024-10-30 00:27:27 查询号码 【1342088】，GSD为【"广东-佛山"】

2024-10-30 00:27:28 开始第 2090 次操作

2024-10-30 00:27:28 开始操作号码 【1342089】
2024-10-30 00:27:29 GSD getOne 第 1 次 等待 3 秒
2024-10-30 00:27:32 查询号码 【1342089】，返回信息 {"status":"ok","msg":"广东-佛山","gid":"76089","time_insert":"2021-06-01 19:53"}
2024-10-30 00:27:32 查询号码 【1342089】，GSD为【"广东-佛山"】

2024-10-30 00:27:33 开始第 2091 次操作

2024-10-30 00:27:33 开始操作号码 【1342090】
2024-10-30 00:27:34 GSD getOne 第 1 次 等待 3 秒
2024-10-30 00:27:37 查询号码 【1342090】，返回信息 {"status":"ok","msg":"广东-深圳","gid":"76108","time_insert":"2021-06-01 20:15"}
2024-10-30 00:27:37 查询号码 【1342090】，GSD为【"广东-深圳"】

2024-10-30 00:27:38 开始第 2092 次操作

2024-10-30 00:27:38 开始操作号码 【1342091】
2024-10-30 00:27:39 GSD getOne 第 1 次 等待 3 秒
2024-10-30 00:27:42 查询号码 【1342091】，返回信息 {"status":"ok","msg":"广东-深圳","gid":"76131","time_insert":"2021-06-01 20:39"}
2024-10-30 00:27:42 查询号码 【1342091】，GSD为【"广东-深圳"】

