2024-09-14 00:21:40 开始第 4433 次操作

2024-09-14 00:21:40 开始操作号码 【1454432】
2024-09-14 00:21:48 GSD getOne 第 1 次 等待 3 秒
2024-09-14 00:21:51 查询号码 【1454432】，返回信息 {"status":"ok","msg":"江苏-南京","gid":"81253","time_insert":"2021-06-05 13:31"}
2024-09-14 00:21:51 查询号码 【1454432】，GSD为【"江苏-南京"】

2024-09-14 00:21:52 开始第 4434 次操作

2024-09-14 00:21:52 开始操作号码 【1454433】
2024-09-14 00:22:00 GSD getOne 第 1 次 等待 3 秒
2024-09-14 00:22:03 查询号码 【1454433】，返回信息 {"status":"ok","msg":"江苏-扬州","gid":"81257","time_insert":"2021-06-05 13:35"}
2024-09-14 00:22:03 查询号码 【1454433】，GSD为【"江苏-扬州"】

2024-09-14 00:22:04 开始第 4435 次操作

2024-09-14 00:22:04 开始操作号码 【1454434】
2024-09-14 00:22:11 GSD getOne 第 1 次 等待 3 秒
2024-09-14 00:22:14 查询号码 【1454434】，返回信息 {"status":"ok","msg":"江苏-常州","gid":"81262","time_insert":"2021-06-05 13:40"}
2024-09-14 00:22:15 查询号码 【1454434】，GSD为【"江苏-常州"】

2024-09-14 00:22:16 开始第 4436 次操作

2024-09-14 00:22:16 开始操作号码 【1454435】
2024-09-14 00:22:25 GSD getOne 第 1 次 等待 3 秒
2024-09-14 00:22:28 查询号码 【1454435】，返回信息 {"status":"ok","msg":"江苏-盐城","gid":"81264","time_insert":"2021-06-05 13:43"}
2024-09-14 00:22:28 查询号码 【1454435】，GSD为【"江苏-盐城"】

