2024-01-27 00:09:38 开始第 333 次操作

2024-01-27 00:09:38 开始操作号码 【1780242】
2024-01-27 00:10:02 GSD getOne 第 1 次 等待 3 秒
2024-01-27 00:10:05 查询号码 【1780242】，返回信息 {"status":"ok","msg":"辽宁-沈阳","gid":"269323","time_insert":"2021-07-13 23:27"}
2024-01-27 00:10:05 查询号码 【1780242】，GSD为【"辽宁-沈阳"】

2024-01-27 00:10:06 开始第 334 次操作

2024-01-27 00:10:06 开始操作号码 【1780243】
2024-01-27 00:10:29 GSD getOne 第 1 次 等待 3 秒
2024-01-27 00:10:32 查询号码 【1780243】，返回信息 {"status":"ok","msg":"辽宁-沈阳","gid":"269344","time_insert":"2021-07-13 23:40"}
2024-01-27 00:10:32 查询号码 【1780243】，GSD为【"辽宁-沈阳"】

2024-01-27 00:10:33 开始第 335 次操作

2024-01-27 00:10:33 开始操作号码 【1780244】
2024-01-27 00:11:00 GSD getOne 第 1 次 等待 3 秒
2024-01-27 00:11:03 查询号码 【1780244】，返回信息 {"status":"ok","msg":"辽宁-沈阳","gid":"269495","time_insert":"2021-07-13 23:54"}
2024-01-27 00:11:03 查询号码 【1780244】，GSD为【"辽宁-沈阳"】

2024-01-27 00:11:04 开始第 336 次操作

2024-01-27 00:11:04 开始操作号码 【1780245】
2024-01-27 00:11:27 GSD getOne 第 1 次 等待 3 秒
2024-01-27 00:11:30 查询号码 【1780245】，返回信息 {"status":"ok","msg":"辽宁-沈阳","gid":"269641","time_insert":"2021-07-14 00:07"}
2024-01-27 00:11:30 查询号码 【1780245】，GSD为【"辽宁-沈阳"】

