2024-11-20 00:27:09 开始第 5629 次操作

2024-11-20 00:27:09 开始操作号码 【1345628】
2024-11-20 00:27:10 GSD getOne 第 1 次 等待 3 秒
2024-11-20 00:27:13 查询号码 【1345628】，返回信息 {"status":"ok","msg":"浙江-嘉兴","gid":"255527","time_insert":"2021-07-12 10:37"}
2024-11-20 00:27:13 查询号码 【1345628】，GSD为【"浙江-嘉兴"】

2024-11-20 00:27:14 开始第 5630 次操作

2024-11-20 00:27:14 开始操作号码 【1345629】
2024-11-20 00:27:15 GSD getOne 第 1 次 等待 3 秒
2024-11-20 00:27:18 查询号码 【1345629】，返回信息 {"status":"ok","msg":"浙江-嘉兴","gid":"255602","time_insert":"2021-07-12 10:48"}
2024-11-20 00:27:18 查询号码 【1345629】，GSD为【"浙江-嘉兴"】

2024-11-20 00:27:19 开始第 5631 次操作

2024-11-20 00:27:19 开始操作号码 【1345630】
2024-11-20 00:27:20 GSD getOne 第 1 次 等待 3 秒
2024-11-20 00:27:23 查询号码 【1345630】，返回信息 {"status":"ok","msg":"浙江-嘉兴","gid":"255761","time_insert":"2021-07-12 10:58"}
2024-11-20 00:27:23 查询号码 【1345630】，GSD为【"浙江-嘉兴"】

2024-11-20 00:27:24 开始第 5632 次操作

2024-11-20 00:27:24 开始操作号码 【1345631】
2024-11-20 00:27:25 GSD getOne 第 1 次 等待 3 秒
2024-11-20 00:27:28 查询号码 【1345631】，返回信息 {"status":"ok","msg":"浙江-嘉兴","gid":"255861","time_insert":"2021-07-12 11:13"}
2024-11-20 00:27:28 查询号码 【1345631】，GSD为【"浙江-嘉兴"】

