2024-04-29 00:08:39 开始第 6261 次操作

2024-04-29 00:08:39 开始操作号码 【1676171】
2024-04-29 00:08:45 GSD getOne 第 1 次 等待 3 秒
2024-04-29 00:08:48 查询号码 【1676171】，返回信息 {"status":"ok","msg":"江苏-苏州","gid":"292590","time_insert":"2021-07-16 11:17"}
2024-04-29 00:08:48 查询号码 【1676171】，GSD为【"江苏-苏州"】

2024-04-29 00:08:49 开始第 6262 次操作

2024-04-29 00:08:49 开始操作号码 【1676172】
2024-04-29 00:08:57 GSD getOne 第 1 次 等待 3 秒
2024-04-29 00:09:00 查询号码 【1676172】，返回信息 {"status":"ok","msg":"江苏-苏州","gid":"292594","time_insert":"2021-07-16 11:18"}
2024-04-29 00:09:00 查询号码 【1676172】，GSD为【"江苏-苏州"】

2024-04-29 00:09:01 开始第 6263 次操作

2024-04-29 00:09:01 开始操作号码 【1676173】
2024-04-29 00:09:07 GSD getOne 第 1 次 等待 3 秒
2024-04-29 00:09:10 查询号码 【1676173】，返回信息 {"status":"ok","msg":"江苏-苏州","gid":"292646","time_insert":"2021-07-16 11:42"}
2024-04-29 00:09:10 查询号码 【1676173】，GSD为【"江苏-苏州"】

2024-04-29 00:09:11 开始第 6264 次操作

2024-04-29 00:09:11 开始操作号码 【1676174】
2024-04-29 00:09:18 GSD getOne 第 1 次 等待 3 秒
2024-04-29 00:09:21 查询号码 【1676174】，返回信息 {"status":"ok","msg":"江苏-苏州","gid":"292648","time_insert":"2021-07-16 11:42"}
2024-04-29 00:09:21 查询号码 【1676174】，GSD为【"江苏-苏州"】

