2024-02-06 00:09:01 开始第 2173 次操作

2024-02-06 00:09:01 开始操作号码 【1782082】
2024-02-06 00:09:06 GSD getOne 第 1 次 等待 3 秒
2024-02-06 00:09:09 查询号码 【1782082】，返回信息 {"status":"ok","msg":"-","gid":"340153","time_insert":"2021-07-20 21:24"}
2024-02-06 00:09:09 查询号码 【1782082】，GSD为【"-"】
2024-02-06 00:09:09 ok && -
2024-02-06 00:09:12 CHB 1782082?1707149349 第 1 次 等待 3 秒
2024-02-06 00:09:15 CHB 1782082?1707149349 第 1 次 获取到号码【1782082】GSD
2024-02-06 00:09:16 未获取到号码【1782082】GSD，可能号码格式错误
2024-02-06 00:09:16 获取到号码【1782082】的GSD为【-】
2024-02-06 00:09:21 GSD insert 第 1 次 等待 3 秒
2024-02-06 00:09:24 {"status":"bad","gid":"340153","msg":"添加失败！号码【1782082(-|-)】已存在！"}
2024-02-06 00:09:24 随机等待 83 秒，约 1 分钟
2024-02-06 00:09:24 下次操作: 2024-02-06 00:10:47

2024-02-06 00:10:47 开始第 2174 次操作

2024-02-06 00:10:47 开始操作号码 【1782083】
2024-02-06 00:10:51 GSD getOne 第 1 次 等待 3 秒
2024-02-06 00:10:54 查询号码 【1782083】，返回信息 {"status":"ok","msg":"-","gid":"340144","time_insert":"2021-07-20 21:23"}
2024-02-06 00:10:54 查询号码 【1782083】，GSD为【"-"】
2024-02-06 00:10:54 ok && -
2024-02-06 00:10:56 CHB 1782083?1707149454 第 1 次 等待 3 秒
2024-02-06 00:10:59 CHB 1782083?1707149454 第 1 次 获取到号码【1782083】GSD
2024-02-06 00:10:59 未获取到号码【1782083】GSD，可能号码格式错误
2024-02-06 00:10:59 获取到号码【1782083】的GSD为【-】
2024-02-06 00:11:04 GSD insert 第 1 次 等待 3 秒
2024-02-06 00:11:07 {"status":"bad","gid":"340144","msg":"添加失败！号码【1782083(-|-)】已存在！"}
2024-02-06 00:11:07 随机等待 187 秒，约 3 分钟
2024-02-06 00:11:07 下次操作: 2024-02-06 00:14:14

2024-02-06 00:14:14 开始第 2175 次操作

2024-02-06 00:14:14 开始操作号码 【1782084】
2024-02-06 00:14:19 GSD getOne 第 1 次 等待 3 秒
2024-02-06 00:14:22 查询号码 【1782084】，返回信息 {"status":"ok","msg":"-","gid":"340134","time_insert":"2021-07-20 21:22"}
2024-02-06 00:14:22 查询号码 【1782084】，GSD为【"-"】
2024-02-06 00:14:22 ok && -
2024-02-06 00:14:25 CHB 1782084?1707149662 第 1 次 等待 3 秒
2024-02-06 00:14:28 CHB 1782084?1707149662 第 1 次 获取到号码【1782084】GSD
2024-02-06 00:14:28 未获取到号码【1782084】GSD，可能号码格式错误
2024-02-06 00:14:28 获取到号码【1782084】的GSD为【-】
2024-02-06 00:14:32 GSD insert 第 1 次 等待 3 秒
2024-02-06 00:14:35 {"status":"bad","gid":"340134","msg":"添加失败！号码【1782084(-|-)】已存在！"}
2024-02-06 00:14:35 随机等待 123 秒，约 2 分钟
2024-02-06 00:14:35 下次操作: 2024-02-06 00:16:38

2024-02-06 00:16:38 开始第 2176 次操作

2024-02-06 00:16:38 开始操作号码 【1782085】
2024-02-06 00:16:44 GSD getOne 第 1 次 等待 3 秒
2024-02-06 00:16:47 查询号码 【1782085】，返回信息 {"status":"ok","msg":"-","gid":"340131","time_insert":"2021-07-20 21:22"}
2024-02-06 00:16:47 查询号码 【1782085】，GSD为【"-"】
2024-02-06 00:16:47 ok && -
2024-02-06 00:16:49 CHB 1782085?1707149807 第 1 次 等待 3 秒
2024-02-06 00:16:52 CHB 1782085?1707149807 第 1 次 获取到号码【1782085】GSD
2024-02-06 00:16:52 未获取到号码【1782085】GSD，可能号码格式错误
2024-02-06 00:16:52 获取到号码【1782085】的GSD为【-】
2024-02-06 00:16:56 GSD insert 第 1 次 等待 3 秒
2024-02-06 00:16:59 {"status":"bad","gid":"340131","msg":"添加失败！号码【1782085(-|-)】已存在！"}

