2024-06-21 00:11:38 开始第 2333 次操作

2024-06-21 00:11:38 开始操作号码 【1562240】
2024-06-21 00:11:47 GSD getOne 第 1 次 等待 3 秒
2024-06-21 00:11:50 查询号码 【1562240】，返回信息 {"status":"ok","msg":"广东-广州","gid":"170710","time_insert":"2021-07-02 02:05"}
2024-06-21 00:11:50 查询号码 【1562240】，GSD为【"广东-广州"】

2024-06-21 00:11:51 开始第 2334 次操作

2024-06-21 00:11:51 开始操作号码 【1562241】
2024-06-21 00:12:04 GSD getOne 第 1 次 等待 3 秒
2024-06-21 00:12:07 查询号码 【1562241】，返回信息 {"status":"ok","msg":"广东-广州","gid":"170740","time_insert":"2021-07-02 02:23"}
2024-06-21 00:12:08 查询号码 【1562241】，GSD为【"广东-广州"】

2024-06-21 00:12:09 开始第 2335 次操作

2024-06-21 00:12:09 开始操作号码 【1562242】
2024-06-21 00:12:19 GSD getOne 第 1 次 等待 3 秒
2024-06-21 00:12:22 查询号码 【1562242】，返回信息 {"status":"ok","msg":"广东-广州","gid":"170768","time_insert":"2021-07-02 02:44"}
2024-06-21 00:12:22 查询号码 【1562242】，GSD为【"广东-广州"】

2024-06-21 00:12:23 开始第 2336 次操作

2024-06-21 00:12:23 开始操作号码 【1562243】
2024-06-21 00:12:32 GSD getOne 第 1 次 等待 3 秒
2024-06-21 00:12:35 查询号码 【1562243】，返回信息 {"status":"ok","msg":"广东-广州","gid":"170869","time_insert":"2021-07-02 03:01"}
2024-06-21 00:12:35 查询号码 【1562243】，GSD为【"广东-广州"】

