2021-07-17 00:00:40 开始第 18 次操作

2021-07-17 00:00:40 开始操作号码 【1725113】
2021-07-17 00:00:53 GSD getOne 第 1 次 等待 3 秒
2021-07-17 00:00:56 查询号码 【1725113】，返回信息 {"status":"bad","msg":""}
2021-07-17 00:00:56 查询号码 【1725113】，GSD为【""】
2021-07-17 00:00:56 bad
2021-07-17 00:01:01 CHB 1725113?1626451256 第 1 次 等待 3 秒
2021-07-17 00:01:04 CHB 1725113?1626451256 第 1 次 获取到号码【1725113】GSD
2021-07-17 00:01:04 获取到号码【1725113】的GSD为【北京-北京】
2021-07-17 00:01:14 GSD insert 第 1 次 等待 3 秒
2021-07-17 00:01:17 {"status":"ok","gid":298072,"msg":"添加成功！"}
2021-07-17 00:01:17 下次操作: 2021-07-17 00:01:34

2021-07-17 00:01:34 开始第 19 次操作

2021-07-17 00:01:34 开始操作号码 【1725114】
2021-07-17 00:01:41 GSD getOne 第 1 次 等待 3 秒
2021-07-17 00:01:44 查询号码 【1725114】，返回信息 {"status":"bad","msg":""}
2021-07-17 00:01:44 查询号码 【1725114】，GSD为【""】
2021-07-17 00:01:44 bad
2021-07-17 00:01:46 CHB 1725114?1626451304 第 1 次 等待 3 秒
2021-07-17 00:01:49 CHB 1725114?1626451304 第 1 次 获取到号码【1725114】GSD
2021-07-17 00:01:49 获取到号码【1725114】的GSD为【北京-北京】
2021-07-17 00:02:08 GSD insert 第 1 次 等待 3 秒
2021-07-17 00:02:11 {"status":"ok","gid":298081,"msg":"添加成功！"}
2021-07-17 00:02:11 下次操作: 2021-07-17 00:02:31

2021-07-17 00:02:31 开始第 20 次操作

2021-07-17 00:02:31 开始操作号码 【1725115】
2021-07-17 00:02:33 GSD getOne 第 1 次 等待 3 秒
2021-07-17 00:02:36 查询号码 【1725115】，返回信息 {"status":"bad","msg":""}
2021-07-17 00:02:36 查询号码 【1725115】，GSD为【""】
2021-07-17 00:02:36 bad
2021-07-17 00:02:38 CHB 1725115?1626451356 第 1 次 等待 3 秒
2021-07-17 00:02:41 CHB 1725115?1626451356 第 1 次 获取到号码【1725115】GSD
2021-07-17 00:02:41 获取到号码【1725115】的GSD为【北京-北京】
2021-07-17 00:03:10 GSD insert 第 1 次 等待 3 秒
2021-07-17 00:03:13 {"status":"ok","gid":298093,"msg":"添加成功！"}
2021-07-17 00:03:13 下次操作: 2021-07-17 00:03:26

2021-07-17 00:03:26 开始第 21 次操作

2021-07-17 00:03:26 开始操作号码 【1725116】
2021-07-17 00:03:28 GSD getOne 第 1 次 等待 3 秒
2021-07-17 00:03:31 查询号码 【1725116】，返回信息 {"status":"bad","msg":""}
2021-07-17 00:03:32 查询号码 【1725116】，GSD为【""】
2021-07-17 00:03:32 bad
2021-07-17 00:03:33 CHB 1725116?1626451412 第 1 次 等待 3 秒
2021-07-17 00:03:36 CHB 1725116?1626451412 第 1 次 获取到号码【1725116】GSD
2021-07-17 00:03:36 获取到号码【1725116】的GSD为【北京-北京】
2021-07-17 00:03:58 GSD insert 第 1 次 等待 3 秒
2021-07-17 00:04:01 {"status":"ok","gid":298101,"msg":"添加成功！"}
2021-07-17 00:04:01 下次操作: 2021-07-17 00:04:15

2021-07-17 00:04:15 开始第 22 次操作

2021-07-17 00:04:15 开始操作号码 【1725117】
2021-07-17 00:04:30 GSD getOne 第 1 次 等待 3 秒
2021-07-17 00:04:33 查询号码 【1725117】，返回信息 {"status":"bad","msg":""}
2021-07-17 00:04:33 查询号码 【1725117】，GSD为【""】
2021-07-17 00:04:33 bad
2021-07-17 00:04:34 CHB 1725117?1626451473 第 1 次 等待 3 秒
2021-07-17 00:04:37 CHB 1725117?1626451473 第 1 次 获取到号码【1725117】GSD
2021-07-17 00:04:37 获取到号码【1725117】的GSD为【北京-北京】
2021-07-17 00:04:55 GSD insert 第 1 次 等待 3 秒
2021-07-17 00:04:58 {"status":"ok","gid":298108,"msg":"添加成功！"}
2021-07-17 00:04:58 下次操作: 2021-07-17 00:05:12

2021-07-17 00:05:12 开始第 23 次操作

2021-07-17 00:05:12 开始操作号码 【1725118】
2021-07-17 00:05:15 GSD getOne 第 1 次 等待 3 秒
2021-07-17 00:05:18 查询号码 【1725118】，返回信息 {"status":"bad","msg":""}
2021-07-17 00:05:18 查询号码 【1725118】，GSD为【""】
2021-07-17 00:05:18 bad
2021-07-17 00:05:23 CHB 1725118?1626451518 第 1 次 等待 3 秒
2021-07-17 00:05:26 CHB 1725118?1626451518 第 1 次 获取到号码【1725118】GSD
2021-07-17 00:05:26 获取到号码【1725118】的GSD为【北京-北京】
2021-07-17 00:05:39 GSD insert 第 1 次 等待 3 秒
2021-07-17 00:05:42 {"status":"ok","gid":298117,"msg":"添加成功！"}
2021-07-17 00:05:42 下次操作: 2021-07-17 00:06:04

2021-07-17 00:06:04 开始第 24 次操作

2021-07-17 00:06:04 开始操作号码 【1725119】
2021-07-17 00:06:51 GSD getOne 第 1 次 等待 3 秒
2021-07-17 00:06:54 查询号码 【1725119】，返回信息 {"status":"bad","msg":""}
2021-07-17 00:06:54 查询号码 【1725119】，GSD为【""】
2021-07-17 00:06:54 bad
2021-07-17 00:06:59 CHB 1725119?1626451614 第 1 次 等待 3 秒
2021-07-17 00:07:02 CHB 1725119?1626451614 第 1 次 获取到号码【1725119】GSD
2021-07-17 00:07:02 获取到号码【1725119】的GSD为【北京-北京】
2021-07-17 00:08:29 GSD insert 第 1 次 等待 3 秒
2021-07-17 00:08:32 {"status":"ok","gid":298136,"msg":"添加成功！"}
2021-07-17 00:08:32 下次操作: 2021-07-17 00:08:46

2021-07-17 00:08:46 开始第 25 次操作

2021-07-17 00:08:46 开始操作号码 【1725120】
2021-07-17 00:08:50 GSD getOne 第 1 次 等待 3 秒
2021-07-17 00:08:53 查询号码 【1725120】，返回信息 {"status":"bad","msg":""}
2021-07-17 00:08:53 查询号码 【1725120】，GSD为【""】
2021-07-17 00:08:53 bad
2021-07-17 00:08:55 CHB 1725120?1626451733 第 1 次 等待 3 秒
2021-07-17 00:08:58 CHB 1725120?1626451733 第 1 次 获取到号码【1725120】GSD
2021-07-17 00:08:58 获取到号码【1725120】的GSD为【北京-北京】
2021-07-17 00:09:09 GSD insert 第 1 次 等待 3 秒
2021-07-17 00:09:12 {"status":"ok","gid":298145,"msg":"添加成功！"}
2021-07-17 00:09:12 下次操作: 2021-07-17 00:09:25

2021-07-17 00:09:25 开始第 26 次操作

2021-07-17 00:09:25 开始操作号码 【1725121】
2021-07-17 00:09:35 GSD getOne 第 1 次 等待 3 秒
2021-07-17 00:09:38 查询号码 【1725121】，返回信息 {"status":"bad","msg":""}
2021-07-17 00:09:38 查询号码 【1725121】，GSD为【""】
2021-07-17 00:09:38 bad
2021-07-17 00:09:43 CHB 1725121?1626451778 第 1 次 等待 3 秒
2021-07-17 00:09:46 CHB 1725121?1626451778 第 1 次 获取到号码【1725121】GSD
2021-07-17 00:09:46 获取到号码【1725121】的GSD为【北京-北京】
2021-07-17 00:09:59 GSD insert 第 1 次 等待 3 秒
2021-07-17 00:10:02 {"status":"ok","gid":298153,"msg":"添加成功！"}
2021-07-17 00:10:02 下次操作: 2021-07-17 00:10:19

2021-07-17 00:10:19 开始第 27 次操作

2021-07-17 00:10:19 开始操作号码 【1725122】
2021-07-17 00:10:25 GSD getOne 第 1 次 等待 3 秒
2021-07-17 00:10:28 查询号码 【1725122】，返回信息 {"status":"bad","msg":""}
2021-07-17 00:10:28 查询号码 【1725122】，GSD为【""】
2021-07-17 00:10:28 bad
2021-07-17 00:10:32 CHB 1725122?1626451828 第 1 次 等待 3 秒
2021-07-17 00:10:35 CHB 1725122?1626451828 第 1 次 获取到号码【1725122】GSD
2021-07-17 00:10:35 获取到号码【1725122】的GSD为【北京-北京】
2021-07-17 00:10:48 GSD insert 第 1 次 等待 3 秒
2021-07-17 00:10:51 {"status":"ok","gid":298162,"msg":"添加成功！"}
2021-07-17 00:10:51 下次操作: 2021-07-17 00:11:10

2021-07-17 00:11:10 开始第 28 次操作

2021-07-17 00:11:10 开始操作号码 【1725123】
2021-07-17 00:11:13 GSD getOne 第 1 次 等待 3 秒
2021-07-17 00:11:16 查询号码 【1725123】，返回信息 {"status":"bad","msg":""}
2021-07-17 00:11:16 查询号码 【1725123】，GSD为【""】
2021-07-17 00:11:16 bad
2021-07-17 00:11:19 CHB 1725123?1626451876 第 1 次 等待 3 秒
2021-07-17 00:11:22 CHB 1725123?1626451876 第 1 次 获取到号码【1725123】GSD
2021-07-17 00:11:22 获取到号码【1725123】的GSD为【北京-北京】
2021-07-17 00:11:43 GSD insert 第 1 次 等待 3 秒
2021-07-17 00:11:46 {"status":"ok","gid":298170,"msg":"添加成功！"}
2021-07-17 00:11:46 下次操作: 2021-07-17 00:11:58

2021-07-17 00:11:58 开始第 29 次操作

2021-07-17 00:11:58 开始操作号码 【1725124】
2021-07-17 00:12:02 GSD getOne 第 1 次 等待 3 秒
2021-07-17 00:12:05 查询号码 【1725124】，返回信息 {"status":"bad","msg":""}
2021-07-17 00:12:05 查询号码 【1725124】，GSD为【""】
2021-07-17 00:12:05 bad
2021-07-17 00:12:06 CHB 1725124?1626451925 第 1 次 等待 3 秒
2021-07-17 00:12:10 CHB 1725124?1626451925 第 1 次 获取到号码【1725124】GSD
2021-07-17 00:12:10 获取到号码【1725124】的GSD为【北京-北京】
2021-07-17 00:13:43 GSD insert 第 1 次 等待 3 秒
2021-07-17 00:13:46 {"status":"ok","gid":298186,"msg":"添加成功！"}
2021-07-17 00:13:46 下次操作: 2021-07-17 00:14:07

2021-07-17 00:14:07 开始第 30 次操作

2021-07-17 00:14:07 开始操作号码 【1725125】
2021-07-17 00:14:36 GSD getOne 第 1 次 等待 3 秒
2021-07-17 00:14:39 查询号码 【1725125】，返回信息 {"status":"bad","msg":""}
2021-07-17 00:14:39 查询号码 【1725125】，GSD为【""】
2021-07-17 00:14:39 bad
2021-07-17 00:14:44 CHB 1725125?1626452079 第 1 次 等待 3 秒
2021-07-17 00:14:47 CHB 1725125?1626452079 第 1 次 获取到号码【1725125】GSD
2021-07-17 00:14:47 获取到号码【1725125】的GSD为【北京-北京】
2021-07-17 00:14:57 GSD insert 第 1 次 等待 3 秒
2021-07-17 00:15:00 {"status":"ok","gid":298193,"msg":"添加成功！"}
2021-07-17 00:15:00 下次操作: 2021-07-17 00:15:15

2021-07-17 00:15:15 开始第 31 次操作

2021-07-17 00:15:15 开始操作号码 【1725126】
2021-07-17 00:15:32 GSD getOne 第 1 次 等待 3 秒
2021-07-17 00:15:35 查询号码 【1725126】，返回信息 {"status":"bad","msg":""}
2021-07-17 00:15:35 查询号码 【1725126】，GSD为【""】
2021-07-17 00:15:35 bad
2021-07-17 00:15:40 CHB 1725126?1626452135 第 1 次 等待 3 秒
2021-07-17 00:15:43 CHB 1725126?1626452135 第 1 次 获取到号码【1725126】GSD
2021-07-17 00:15:43 获取到号码【1725126】的GSD为【北京-北京】
2021-07-17 00:15:53 GSD insert 第 1 次 等待 3 秒
2021-07-17 00:15:56 {"status":"ok","gid":298199,"msg":"添加成功！"}
2021-07-17 00:15:56 下次操作: 2021-07-17 00:16:17

2021-07-17 00:16:17 开始第 32 次操作

2021-07-17 00:16:17 开始操作号码 【1725127】
2021-07-17 00:18:35 GSD getOne 第 1 次 等待 3 秒
2021-07-17 00:18:38 查询号码 【1725127】，返回信息 {"status":"bad","msg":""}
2021-07-17 00:18:38 查询号码 【1725127】，GSD为【""】
2021-07-17 00:18:38 bad
2021-07-17 00:18:40 CHB 1725127?1626452318 第 1 次 等待 3 秒
2021-07-17 00:18:43 CHB 1725127?1626452318 第 1 次 获取到号码【1725127】GSD
2021-07-17 00:18:43 获取到号码【1725127】的GSD为【北京-北京】
2021-07-17 00:19:04 GSD insert 第 1 次 等待 3 秒
2021-07-17 00:19:07 {"status":"ok","gid":298227,"msg":"添加成功！"}
2021-07-17 00:19:07 下次操作: 2021-07-17 00:19:25

2021-07-17 00:19:25 开始第 33 次操作

2021-07-17 00:19:25 开始操作号码 【1725128】
2021-07-17 00:19:28 GSD getOne 第 1 次 等待 3 秒
2021-07-17 00:19:31 查询号码 【1725128】，返回信息 {"status":"bad","msg":""}
2021-07-17 00:19:31 查询号码 【1725128】，GSD为【""】
2021-07-17 00:19:31 bad
2021-07-17 00:19:33 CHB 1725128?1626452371 第 1 次 等待 3 秒
2021-07-17 00:19:36 CHB 1725128?1626452371 第 1 次 获取到号码【1725128】GSD
2021-07-17 00:19:36 获取到号码【1725128】的GSD为【北京-北京】
2021-07-17 00:20:56 GSD insert 第 1 次 等待 3 秒
2021-07-17 00:20:59 {"status":"ok","gid":298240,"msg":"添加成功！"}
2021-07-17 00:20:59 下次操作: 2021-07-17 00:21:21

2021-07-17 00:21:21 开始第 34 次操作

2021-07-17 00:21:21 开始操作号码 【1725129】
2021-07-17 00:21:26 GSD getOne 第 1 次 等待 3 秒
2021-07-17 00:21:29 查询号码 【1725129】，返回信息 {"status":"bad","msg":""}
2021-07-17 00:21:29 查询号码 【1725129】，GSD为【""】
2021-07-17 00:21:29 bad
2021-07-17 00:21:30 CHB 1725129?1626452489 第 1 次 等待 3 秒
2021-07-17 00:21:33 CHB 1725129?1626452489 第 1 次 获取到号码【1725129】GSD
2021-07-17 00:21:33 获取到号码【1725129】的GSD为【北京-北京】
2021-07-17 00:21:51 GSD insert 第 1 次 等待 3 秒
2021-07-17 00:21:54 {"status":"ok","gid":298246,"msg":"添加成功！"}
2021-07-17 00:21:54 下次操作: 2021-07-17 00:22:15

2021-07-17 00:22:15 开始第 35 次操作

2021-07-17 00:22:15 开始操作号码 【1725130】
2021-07-17 00:22:44 GSD getOne 第 1 次 等待 3 秒
2021-07-17 00:22:47 查询号码 【1725130】，返回信息 {"status":"bad","msg":""}
2021-07-17 00:22:47 查询号码 【1725130】，GSD为【""】
2021-07-17 00:22:47 bad
2021-07-17 00:22:51 CHB 1725130?1626452567 第 1 次 等待 3 秒
2021-07-17 00:22:54 CHB 1725130?1626452567 第 1 次 获取到号码【1725130】GSD
2021-07-17 00:22:54 获取到号码【1725130】的GSD为【北京-北京】
2021-07-17 00:23:07 GSD insert 第 1 次 等待 3 秒
2021-07-17 00:23:10 {"status":"ok","gid":298252,"msg":"添加成功！"}
2021-07-17 00:23:10 下次操作: 2021-07-17 00:23:24

2021-07-17 00:23:24 开始第 36 次操作

2021-07-17 00:23:24 开始操作号码 【1725131】
2021-07-17 00:23:27 GSD getOne 第 1 次 等待 3 秒
2021-07-17 00:23:30 查询号码 【1725131】，返回信息 {"status":"bad","msg":""}
2021-07-17 00:23:30 查询号码 【1725131】，GSD为【""】
2021-07-17 00:23:30 bad
2021-07-17 00:23:34 CHB 1725131?1626452610 第 1 次 等待 3 秒
2021-07-17 00:23:37 CHB 1725131?1626452610 第 1 次 获取到号码【1725131】GSD
2021-07-17 00:23:37 获取到号码【1725131】的GSD为【北京-北京】
2021-07-17 00:23:51 GSD insert 第 1 次 等待 3 秒
2021-07-17 00:23:54 {"status":"ok","gid":298260,"msg":"添加成功！"}
2021-07-17 00:23:54 下次操作: 2021-07-17 00:24:17

2021-07-17 00:24:17 开始第 37 次操作

2021-07-17 00:24:17 开始操作号码 【1725132】
2021-07-17 00:24:20 GSD getOne 第 1 次 等待 3 秒
2021-07-17 00:24:23 查询号码 【1725132】，返回信息 {"status":"bad","msg":""}
2021-07-17 00:24:23 查询号码 【1725132】，GSD为【""】
2021-07-17 00:24:23 bad
2021-07-17 00:24:25 CHB 1725132?1626452663 第 1 次 等待 3 秒
2021-07-17 00:24:28 CHB 1725132?1626452663 第 1 次 获取到号码【1725132】GSD
2021-07-17 00:24:28 获取到号码【1725132】的GSD为【北京-北京】
2021-07-17 00:24:46 GSD insert 第 1 次 等待 3 秒
2021-07-17 00:24:49 {"status":"ok","gid":298271,"msg":"添加成功！"}
2021-07-17 00:24:49 下次操作: 2021-07-17 00:25:12

2021-07-17 00:25:12 开始第 38 次操作

2021-07-17 00:25:12 开始操作号码 【1725133】
2021-07-17 00:25:14 GSD getOne 第 1 次 等待 3 秒
2021-07-17 00:25:17 查询号码 【1725133】，返回信息 {"status":"bad","msg":""}
2021-07-17 00:25:17 查询号码 【1725133】，GSD为【""】
2021-07-17 00:25:17 bad
2021-07-17 00:25:19 CHB 1725133?1626452717 第 1 次 等待 3 秒
2021-07-17 00:25:22 CHB 1725133?1626452717 第 1 次 获取到号码【1725133】GSD
2021-07-17 00:25:22 获取到号码【1725133】的GSD为【北京-北京】
2021-07-17 00:25:44 GSD insert 第 1 次 等待 3 秒
2021-07-17 00:25:47 {"status":"ok","gid":298280,"msg":"添加成功！"}
2021-07-17 00:25:47 下次操作: 2021-07-17 00:26:07

2021-07-17 00:26:07 开始第 39 次操作

2021-07-17 00:26:07 开始操作号码 【1725134】
2021-07-17 00:26:12 GSD getOne 第 1 次 等待 3 秒
2021-07-17 00:26:15 查询号码 【1725134】，返回信息 {"status":"bad","msg":""}
2021-07-17 00:26:15 查询号码 【1725134】，GSD为【""】
2021-07-17 00:26:16 bad
2021-07-17 00:26:22 CHB 1725134?1626452776 第 1 次 等待 3 秒
2021-07-17 00:26:25 CHB 1725134?1626452776 第 1 次 获取到号码【1725134】GSD
2021-07-17 00:26:25 获取到号码【1725134】的GSD为【北京-北京】
2021-07-17 00:26:31 GSD insert 第 1 次 等待 3 秒
2021-07-17 00:26:34 {"status":"ok","gid":298287,"msg":"添加成功！"}
2021-07-17 00:26:34 下次操作: 2021-07-17 00:26:58

2021-07-17 00:26:58 开始第 40 次操作

2021-07-17 00:26:58 开始操作号码 【1725135】
2021-07-17 00:27:04 GSD getOne 第 1 次 等待 3 秒
2021-07-17 00:27:07 查询号码 【1725135】，返回信息 {"status":"bad","msg":""}
2021-07-17 00:27:07 查询号码 【1725135】，GSD为【""】
2021-07-17 00:27:07 bad
2021-07-17 00:27:13 CHB 1725135?1626452827 第 1 次 等待 3 秒
2021-07-17 00:27:16 CHB 1725135?1626452827 第 1 次 获取到号码【1725135】GSD
2021-07-17 00:27:16 获取到号码【1725135】的GSD为【北京-北京】
2021-07-17 00:27:41 GSD insert 第 1 次 等待 3 秒
2021-07-17 00:27:44 {"status":"ok","gid":298295,"msg":"添加成功！"}

2021-07-17 01:03:05 开始第 1 次操作

2021-07-17 01:03:05 开始操作号码 【1725136】
2021-07-17 01:03:10 GSD getOne 第 1 次 等待 3 秒
2021-07-17 01:03:13 查询号码 【1725136】，返回信息 {"status":"bad","msg":""}
2021-07-17 01:03:13 查询号码 【1725136】，GSD为【""】
2021-07-17 01:03:13 bad
2021-07-17 01:03:17 CHB 1725136?1626454993 第 1 次 等待 3 秒
2021-07-17 01:03:20 CHB 1725136?1626454993 第 1 次 获取到号码【1725136】GSD
2021-07-17 01:03:20 获取到号码【1725136】的GSD为【北京-北京】
2021-07-17 01:03:37 GSD insert 第 1 次 等待 3 秒
2021-07-17 01:03:40 {"status":"ok","gid":298392,"msg":"添加成功！"}
2021-07-17 01:03:40 下次操作: 2021-07-17 01:04:03

2021-07-17 01:04:03 开始第 2 次操作

2021-07-17 01:04:03 开始操作号码 【1725137】
2021-07-17 01:04:07 GSD getOne 第 1 次 等待 3 秒
2021-07-17 01:04:10 查询号码 【1725137】，返回信息 {"status":"bad","msg":""}
2021-07-17 01:04:10 查询号码 【1725137】，GSD为【""】
2021-07-17 01:04:10 bad
2021-07-17 01:04:11 CHB 1725137?1626455050 第 1 次 等待 3 秒
2021-07-17 01:04:14 CHB 1725137?1626455050 第 1 次 获取到号码【1725137】GSD
2021-07-17 01:04:15 获取到号码【1725137】的GSD为【北京-北京】
2021-07-17 01:04:33 GSD insert 第 1 次 等待 3 秒
2021-07-17 01:04:36 {"status":"ok","gid":298396,"msg":"添加成功！"}
2021-07-17 01:04:36 下次操作: 2021-07-17 01:04:59

2021-07-17 01:04:59 开始第 3 次操作

2021-07-17 01:04:59 开始操作号码 【1725138】
2021-07-17 01:05:05 GSD getOne 第 1 次 等待 3 秒
2021-07-17 01:05:08 查询号码 【1725138】，返回信息 {"status":"bad","msg":""}
2021-07-17 01:05:08 查询号码 【1725138】，GSD为【""】
2021-07-17 01:05:08 bad
2021-07-17 01:05:10 CHB 1725138?1626455108 第 1 次 等待 3 秒
2021-07-17 01:05:13 CHB 1725138?1626455108 第 1 次 获取到号码【1725138】GSD
2021-07-17 01:05:13 获取到号码【1725138】的GSD为【北京-北京】
2021-07-17 01:05:32 GSD insert 第 1 次 等待 3 秒
2021-07-17 01:05:35 {"status":"ok","gid":298407,"msg":"添加成功！"}
2021-07-17 01:05:35 下次操作: 2021-07-17 01:05:49

2021-07-17 01:05:49 开始第 4 次操作

2021-07-17 01:05:49 开始操作号码 【1725139】
2021-07-17 01:05:52 GSD getOne 第 1 次 等待 3 秒
2021-07-17 01:05:55 查询号码 【1725139】，返回信息 {"status":"bad","msg":""}
2021-07-17 01:05:55 查询号码 【1725139】，GSD为【""】
2021-07-17 01:05:55 bad
2021-07-17 01:06:01 CHB 1725139?1626455155 第 1 次 等待 3 秒
2021-07-17 01:06:04 CHB 1725139?1626455155 第 1 次 获取到号码【1725139】GSD
2021-07-17 01:06:04 获取到号码【1725139】的GSD为【北京-北京】
2021-07-17 01:06:11 GSD insert 第 1 次 等待 3 秒
2021-07-17 01:06:14 {"status":"ok","gid":298415,"msg":"添加成功！"}
2021-07-17 01:06:14 下次操作: 2021-07-17 01:06:34

2021-07-17 01:06:34 开始第 5 次操作

2021-07-17 01:06:34 开始操作号码 【1725140】
2021-07-17 01:06:38 GSD getOne 第 1 次 等待 3 秒
2021-07-17 01:06:41 查询号码 【1725140】，返回信息 {"status":"bad","msg":""}
2021-07-17 01:06:41 查询号码 【1725140】，GSD为【""】
2021-07-17 01:06:41 bad
2021-07-17 01:06:44 CHB 1725140?1626455201 第 1 次 等待 3 秒
2021-07-17 01:06:47 CHB 1725140?1626455201 第 1 次 获取到号码【1725140】GSD
2021-07-17 01:06:47 获取到号码【1725140】的GSD为【北京-北京】
2021-07-17 01:07:14 GSD insert 第 1 次 等待 3 秒
2021-07-17 01:07:17 {"status":"ok","gid":298425,"msg":"添加成功！"}
2021-07-17 01:07:17 下次操作: 2021-07-17 01:07:37

2021-07-17 01:07:37 开始第 6 次操作

2021-07-17 01:07:37 开始操作号码 【1725141】
2021-07-17 01:07:43 GSD getOne 第 1 次 等待 3 秒
2021-07-17 01:07:46 查询号码 【1725141】，返回信息 {"status":"bad","msg":""}
2021-07-17 01:07:46 查询号码 【1725141】，GSD为【""】
2021-07-17 01:07:46 bad
2021-07-17 01:07:47 CHB 1725141?1626455266 第 1 次 等待 3 秒
2021-07-17 01:07:50 CHB 1725141?1626455266 第 1 次 获取到号码【1725141】GSD
2021-07-17 01:07:50 获取到号码【1725141】的GSD为【北京-北京】
2021-07-17 01:08:12 GSD insert 第 1 次 等待 3 秒
2021-07-17 01:08:15 {"status":"ok","gid":298437,"msg":"添加成功！"}
2021-07-17 01:08:15 下次操作: 2021-07-17 01:08:27

2021-07-17 01:08:28 开始第 7 次操作

2021-07-17 01:08:28 开始操作号码 【1725142】
2021-07-17 01:08:31 GSD getOne 第 1 次 等待 3 秒
2021-07-17 01:08:34 查询号码 【1725142】，返回信息 {"status":"bad","msg":""}
2021-07-17 01:08:34 查询号码 【1725142】，GSD为【""】
2021-07-17 01:08:34 bad
2021-07-17 01:08:36 CHB 1725142?1626455314 第 1 次 等待 3 秒
2021-07-17 01:08:39 CHB 1725142?1626455314 第 1 次 获取到号码【1725142】GSD
2021-07-17 01:08:39 获取到号码【1725142】的GSD为【北京-北京】
2021-07-17 01:08:58 GSD insert 第 1 次 等待 3 秒
2021-07-17 01:09:01 {"status":"ok","gid":298448,"msg":"添加成功！"}
2021-07-17 01:09:01 下次操作: 2021-07-17 01:09:15

2021-07-17 01:09:15 开始第 8 次操作

2021-07-17 01:09:15 开始操作号码 【1725143】
2021-07-17 01:09:18 GSD getOne 第 1 次 等待 3 秒
2021-07-17 01:09:21 查询号码 【1725143】，返回信息 {"status":"bad","msg":""}
2021-07-17 01:09:21 查询号码 【1725143】，GSD为【""】
2021-07-17 01:09:21 bad
2021-07-17 01:09:22 CHB 1725143?1626455361 第 1 次 等待 3 秒
2021-07-17 01:09:25 CHB 1725143?1626455361 第 1 次 获取到号码【1725143】GSD
2021-07-17 01:09:25 未获取到号码【1725143】GSD，查号吧 400 错误
2021-07-17 01:09:25 获取到号码【1725143】的GSD为【-】
2021-07-17 01:09:43 GSD insert 第 1 次 等待 3 秒
2021-07-17 01:09:46 {"status":"ok","gid":298458,"msg":"添加成功！"}
2021-07-17 01:09:46 下次操作: 2021-07-17 01:09:59

2021-07-17 01:09:59 开始第 9 次操作

2021-07-17 01:09:59 开始操作号码 【1725144】
2021-07-17 01:10:06 GSD getOne 第 1 次 等待 3 秒
2021-07-17 01:10:09 查询号码 【1725144】，返回信息 {"status":"bad","msg":""}
2021-07-17 01:10:09 查询号码 【1725144】，GSD为【""】
2021-07-17 01:10:09 bad
2021-07-17 01:10:13 CHB 1725144?1626455409 第 1 次 等待 3 秒
2021-07-17 01:10:16 CHB 1725144?1626455409 第 1 次 获取到号码【1725144】GSD
2021-07-17 01:10:16 获取到号码【1725144】的GSD为【北京-北京】
2021-07-17 01:10:26 GSD insert 第 1 次 等待 3 秒
2021-07-17 01:10:29 {"status":"ok","gid":298466,"msg":"添加成功！"}
2021-07-17 01:10:29 下次操作: 2021-07-17 01:10:44

2021-07-17 01:10:44 开始第 10 次操作

2021-07-17 01:10:44 开始操作号码 【1725145】
2021-07-17 01:10:48 GSD getOne 第 1 次 等待 3 秒
2021-07-17 01:10:51 查询号码 【1725145】，返回信息 {"status":"bad","msg":""}
2021-07-17 01:10:51 查询号码 【1725145】，GSD为【""】
2021-07-17 01:10:51 bad
2021-07-17 01:10:53 CHB 1725145?1626455451 第 1 次 等待 3 秒
2021-07-17 01:10:56 CHB 1725145?1626455451 第 1 次 获取到号码【1725145】GSD
2021-07-17 01:10:56 获取到号码【1725145】的GSD为【北京-北京】
2021-07-17 01:11:14 GSD insert 第 1 次 等待 3 秒
2021-07-17 01:11:17 {"status":"ok","gid":298474,"msg":"添加成功！"}
2021-07-17 01:11:17 下次操作: 2021-07-17 01:11:34

2021-07-17 01:11:34 开始第 11 次操作

2021-07-17 01:11:34 开始操作号码 【1725146】
2021-07-17 01:11:36 GSD getOne 第 1 次 等待 3 秒
2021-07-17 01:11:39 查询号码 【1725146】，返回信息 {"status":"bad","msg":""}
2021-07-17 01:11:40 查询号码 【1725146】，GSD为【""】
2021-07-17 01:11:40 bad
2021-07-17 01:11:41 CHB 1725146?1626455500 第 1 次 等待 3 秒
2021-07-17 01:11:44 CHB 1725146?1626455500 第 1 次 获取到号码【1725146】GSD
2021-07-17 01:11:44 获取到号码【1725146】的GSD为【北京-北京】
2021-07-17 01:12:06 GSD insert 第 1 次 等待 3 秒
2021-07-17 01:12:09 {"status":"ok","gid":298486,"msg":"添加成功！"}
2021-07-17 01:12:09 下次操作: 2021-07-17 01:12:33

2021-07-17 01:12:33 开始第 12 次操作

2021-07-17 01:12:33 开始操作号码 【1725147】
2021-07-17 01:12:38 GSD getOne 第 1 次 等待 3 秒
2021-07-17 01:12:41 查询号码 【1725147】，返回信息 {"status":"bad","msg":""}
2021-07-17 01:12:41 查询号码 【1725147】，GSD为【""】
2021-07-17 01:12:41 bad
2021-07-17 01:12:43 CHB 1725147?1626455561 第 1 次 等待 3 秒
2021-07-17 01:12:46 CHB 1725147?1626455561 第 1 次 获取到号码【1725147】GSD
2021-07-17 01:12:46 获取到号码【1725147】的GSD为【北京-北京】
2021-07-17 01:13:04 GSD insert 第 1 次 等待 3 秒
2021-07-17 01:13:07 {"status":"ok","gid":298496,"msg":"添加成功！"}
2021-07-17 01:13:07 下次操作: 2021-07-17 01:13:21

2021-07-17 01:13:21 开始第 13 次操作

2021-07-17 01:13:21 开始操作号码 【1725148】
2021-07-17 01:13:28 GSD getOne 第 1 次 等待 3 秒
2021-07-17 01:13:31 查询号码 【1725148】，返回信息 {"status":"bad","msg":""}
2021-07-17 01:13:31 查询号码 【1725148】，GSD为【""】
2021-07-17 01:13:31 bad
2021-07-17 01:13:34 CHB 1725148?1626455611 第 1 次 等待 3 秒
2021-07-17 01:13:37 CHB 1725148?1626455611 第 1 次 获取到号码【1725148】GSD
2021-07-17 01:13:37 获取到号码【1725148】的GSD为【北京-北京】
2021-07-17 01:13:49 GSD insert 第 1 次 等待 3 秒
2021-07-17 01:13:52 {"status":"ok","gid":298507,"msg":"添加成功！"}
2021-07-17 01:13:52 下次操作: 2021-07-17 01:14:08

2021-07-17 01:14:08 开始第 14 次操作

2021-07-17 01:14:08 开始操作号码 【1725149】
2021-07-17 01:14:14 GSD getOne 第 1 次 等待 3 秒
2021-07-17 01:14:17 查询号码 【1725149】，返回信息 {"status":"bad","msg":""}
2021-07-17 01:14:17 查询号码 【1725149】，GSD为【""】
2021-07-17 01:14:17 bad
2021-07-17 01:14:22 CHB 1725149?1626455657 第 1 次 等待 3 秒
2021-07-17 01:14:25 CHB 1725149?1626455657 第 1 次 获取到号码【1725149】GSD
2021-07-17 01:14:26 获取到号码【1725149】的GSD为【北京-北京】
2021-07-17 01:14:35 GSD insert 第 1 次 等待 3 秒
2021-07-17 01:14:38 {"status":"ok","gid":298515,"msg":"添加成功！"}
2021-07-17 01:14:38 下次操作: 2021-07-17 01:14:57

2021-07-17 01:14:57 开始第 15 次操作

2021-07-17 01:14:57 开始操作号码 【1725150】
2021-07-17 01:15:10 GSD getOne 第 1 次 等待 3 秒
2021-07-17 01:15:13 查询号码 【1725150】，返回信息 {"status":"bad","msg":""}
2021-07-17 01:15:13 查询号码 【1725150】，GSD为【""】
2021-07-17 01:15:13 bad
2021-07-17 01:15:15 CHB 1725150?1626455713 第 1 次 等待 3 秒
2021-07-17 01:15:18 CHB 1725150?1626455713 第 1 次 获取到号码【1725150】GSD
2021-07-17 01:15:18 未获取到号码【1725150】GSD，可能号码格式错误
2021-07-17 01:15:18 获取到号码【1725150】的GSD为【-】
2021-07-17 01:15:28 GSD insert 第 1 次 等待 3 秒
2021-07-17 01:15:31 {"status":"ok","gid":298528,"msg":"添加成功！"}
2021-07-17 01:15:31 下次操作: 2021-07-17 01:15:52

2021-07-17 01:15:52 开始第 16 次操作

2021-07-17 01:15:52 开始操作号码 【1725151】
2021-07-17 01:15:56 GSD getOne 第 1 次 等待 3 秒
2021-07-17 01:15:59 查询号码 【1725151】，返回信息 {"status":"bad","msg":""}
2021-07-17 01:15:59 查询号码 【1725151】，GSD为【""】
2021-07-17 01:15:59 bad
2021-07-17 01:16:04 CHB 1725151?1626455759 第 1 次 等待 3 秒
2021-07-17 01:16:07 CHB 1725151?1626455759 第 1 次 获取到号码【1725151】GSD
2021-07-17 01:16:07 未获取到号码【1725151】GSD，可能号码格式错误
2021-07-17 01:16:07 获取到号码【1725151】的GSD为【-】
2021-07-17 01:16:17 GSD insert 第 1 次 等待 3 秒
2021-07-17 01:16:20 {"status":"ok","gid":298535,"msg":"添加成功！"}
2021-07-17 01:16:20 下次操作: 2021-07-17 01:16:35

2021-07-17 01:16:35 开始第 17 次操作

2021-07-17 01:16:35 开始操作号码 【1725152】
2021-07-17 01:16:54 GSD getOne 第 1 次 等待 3 秒
2021-07-17 01:16:57 查询号码 【1725152】，返回信息 {"status":"bad","msg":""}
2021-07-17 01:16:57 查询号码 【1725152】，GSD为【""】
2021-07-17 01:16:57 bad
2021-07-17 01:17:00 CHB 1725152?1626455817 第 1 次 等待 3 秒
2021-07-17 01:17:03 CHB 1725152?1626455817 第 1 次 获取到号码【1725152】GSD
2021-07-17 01:17:03 未获取到号码【1725152】GSD，可能号码格式错误
2021-07-17 01:17:03 获取到号码【1725152】的GSD为【-】
2021-07-17 01:17:13 GSD insert 第 1 次 等待 3 秒
2021-07-17 01:17:16 {"status":"ok","gid":298545,"msg":"添加成功！"}
2021-07-17 01:17:16 下次操作: 2021-07-17 01:17:34

2021-07-17 01:17:34 开始第 18 次操作

2021-07-17 01:17:34 开始操作号码 【1725153】
2021-07-17 01:17:42 GSD getOne 第 1 次 等待 3 秒
2021-07-17 01:17:45 查询号码 【1725153】，返回信息 {"status":"bad","msg":""}
2021-07-17 01:17:45 查询号码 【1725153】，GSD为【""】
2021-07-17 01:17:45 bad
2021-07-17 01:17:49 CHB 1725153?1626455865 第 1 次 等待 3 秒
2021-07-17 01:17:52 CHB 1725153?1626455865 第 1 次 获取到号码【1725153】GSD
2021-07-17 01:17:52 未获取到号码【1725153】GSD，可能号码格式错误
2021-07-17 01:17:52 获取到号码【1725153】的GSD为【-】
2021-07-17 01:18:01 GSD insert 第 1 次 等待 3 秒
2021-07-17 01:18:05 {"status":"ok","gid":298557,"msg":"添加成功！"}
2021-07-17 01:18:05 下次操作: 2021-07-17 01:18:18

2021-07-17 01:18:18 开始第 19 次操作

2021-07-17 01:18:18 开始操作号码 【1725154】
2021-07-17 01:18:20 GSD getOne 第 1 次 等待 3 秒
2021-07-17 01:18:23 查询号码 【1725154】，返回信息 {"status":"bad","msg":""}
2021-07-17 01:18:23 查询号码 【1725154】，GSD为【""】
2021-07-17 01:18:23 bad
2021-07-17 01:18:25 CHB 1725154?1626455903 第 1 次 等待 3 秒
2021-07-17 01:18:28 CHB 1725154?1626455903 第 1 次 获取到号码【1725154】GSD
2021-07-17 01:18:28 未获取到号码【1725154】GSD，可能号码格式错误
2021-07-17 01:18:28 获取到号码【1725154】的GSD为【-】
2021-07-17 01:18:40 GSD insert 第 1 次 等待 3 秒
2021-07-17 01:18:43 {"status":"ok","gid":298565,"msg":"添加成功！"}
2021-07-17 01:18:43 下次操作: 2021-07-17 01:19:00

2021-07-17 01:19:00 开始第 20 次操作

2021-07-17 01:19:00 开始操作号码 【1725155】
2021-07-17 01:19:08 GSD getOne 第 1 次 等待 3 秒
2021-07-17 01:19:11 查询号码 【1725155】，返回信息 {"status":"bad","msg":""}
2021-07-17 01:19:11 查询号码 【1725155】，GSD为【""】
2021-07-17 01:19:11 bad
2021-07-17 01:19:13 CHB 1725155?1626455951 第 1 次 等待 3 秒
2021-07-17 01:19:16 CHB 1725155?1626455951 第 1 次 获取到号码【1725155】GSD
2021-07-17 01:19:16 未获取到号码【1725155】GSD，可能号码格式错误
2021-07-17 01:19:16 获取到号码【1725155】的GSD为【-】
2021-07-17 01:19:34 GSD insert 第 1 次 等待 3 秒
2021-07-17 01:19:37 {"status":"ok","gid":298578,"msg":"添加成功！"}
2021-07-17 01:19:37 下次操作: 2021-07-17 01:19:58

2021-07-17 01:19:58 开始第 21 次操作

2021-07-17 01:19:58 开始操作号码 【1725156】
2021-07-17 01:20:01 GSD getOne 第 1 次 等待 3 秒
2021-07-17 01:20:04 查询号码 【1725156】，返回信息 {"status":"bad","msg":""}
2021-07-17 01:20:04 查询号码 【1725156】，GSD为【""】
2021-07-17 01:20:04 bad
2021-07-17 01:20:05 CHB 1725156?1626456004 第 1 次 等待 3 秒
2021-07-17 01:20:08 CHB 1725156?1626456004 第 1 次 获取到号码【1725156】GSD
2021-07-17 01:20:08 未获取到号码【1725156】GSD，可能号码格式错误
2021-07-17 01:20:08 获取到号码【1725156】的GSD为【-】
2021-07-17 01:20:27 GSD insert 第 1 次 等待 3 秒
2021-07-17 01:20:30 {"status":"ok","gid":298585,"msg":"添加成功！"}
2021-07-17 01:20:30 下次操作: 2021-07-17 01:20:54

2021-07-17 01:20:54 开始第 22 次操作

2021-07-17 01:20:54 开始操作号码 【1725157】
2021-07-17 01:20:56 GSD getOne 第 1 次 等待 3 秒
2021-07-17 01:20:59 查询号码 【1725157】，返回信息 {"status":"bad","msg":""}
2021-07-17 01:20:59 查询号码 【1725157】，GSD为【""】
2021-07-17 01:20:59 bad
2021-07-17 01:21:04 CHB 1725157?1626456059 第 1 次 等待 3 秒
2021-07-17 01:21:07 CHB 1725157?1626456059 第 1 次 获取到号码【1725157】GSD
2021-07-17 01:21:07 未获取到号码【1725157】GSD，可能号码格式错误
2021-07-17 01:21:07 获取到号码【1725157】的GSD为【-】
2021-07-17 01:21:17 GSD insert 第 1 次 等待 3 秒
2021-07-17 01:21:20 {"status":"ok","gid":298594,"msg":"添加成功！"}
2021-07-17 01:21:20 下次操作: 2021-07-17 01:21:35

2021-07-17 01:21:35 开始第 23 次操作

2021-07-17 01:21:35 开始操作号码 【1725158】
2021-07-17 01:21:37 GSD getOne 第 1 次 等待 3 秒
2021-07-17 01:21:40 查询号码 【1725158】，返回信息 {"status":"bad","msg":""}
2021-07-17 01:21:41 查询号码 【1725158】，GSD为【""】
2021-07-17 01:21:41 bad
2021-07-17 01:21:42 CHB 1725158?1626456101 第 1 次 等待 3 秒
2021-07-17 01:21:45 CHB 1725158?1626456101 第 1 次 获取到号码【1725158】GSD
2021-07-17 01:21:46 未获取到号码【1725158】GSD，可能号码格式错误
2021-07-17 01:21:46 获取到号码【1725158】的GSD为【-】
2021-07-17 01:22:07 GSD insert 第 1 次 等待 3 秒
2021-07-17 01:22:10 {"status":"ok","gid":298603,"msg":"添加成功！"}
2021-07-17 01:22:10 下次操作: 2021-07-17 01:22:28

2021-07-17 01:22:28 开始第 24 次操作

2021-07-17 01:22:28 开始操作号码 【1725159】
2021-07-17 01:22:30 GSD getOne 第 1 次 等待 3 秒
2021-07-17 01:22:33 查询号码 【1725159】，返回信息 {"status":"bad","msg":""}
2021-07-17 01:22:33 查询号码 【1725159】，GSD为【""】
2021-07-17 01:22:33 bad
2021-07-17 01:22:36 CHB 1725159?1626456153 第 1 次 等待 3 秒
2021-07-17 01:22:39 CHB 1725159?1626456153 第 1 次 获取到号码【1725159】GSD
2021-07-17 01:22:39 未获取到号码【1725159】GSD，可能号码格式错误
2021-07-17 01:22:39 获取到号码【1725159】的GSD为【-】
2021-07-17 01:22:53 GSD insert 第 1 次 等待 3 秒
2021-07-17 01:22:56 {"status":"ok","gid":298611,"msg":"添加成功！"}
2021-07-17 01:22:56 下次操作: 2021-07-17 01:23:14

2021-07-17 01:23:14 开始第 25 次操作

2021-07-17 01:23:14 开始操作号码 【1725160】
2021-07-17 01:23:19 GSD getOne 第 1 次 等待 3 秒
2021-07-17 01:23:22 查询号码 【1725160】，返回信息 {"status":"bad","msg":""}
2021-07-17 01:23:22 查询号码 【1725160】，GSD为【""】
2021-07-17 01:23:22 bad
2021-07-17 01:23:24 CHB 1725160?1626456202 第 1 次 等待 3 秒
2021-07-17 01:23:27 CHB 1725160?1626456202 第 1 次 获取到号码【1725160】GSD
2021-07-17 01:23:27 未获取到号码【1725160】GSD，可能号码格式错误
2021-07-17 01:23:27 获取到号码【1725160】的GSD为【-】
2021-07-17 01:23:45 GSD insert 第 1 次 等待 3 秒
2021-07-17 01:23:48 {"status":"ok","gid":298621,"msg":"添加成功！"}
2021-07-17 01:23:48 下次操作: 2021-07-17 01:24:01

2021-07-17 01:24:01 开始第 26 次操作

2021-07-17 01:24:01 开始操作号码 【1725161】
2021-07-17 01:24:04 GSD getOne 第 1 次 等待 3 秒
2021-07-17 01:24:07 查询号码 【1725161】，返回信息 {"status":"bad","msg":""}
2021-07-17 01:24:07 查询号码 【1725161】，GSD为【""】
2021-07-17 01:24:07 bad
2021-07-17 01:24:09 CHB 1725161?1626456247 第 1 次 等待 3 秒
2021-07-17 01:24:12 CHB 1725161?1626456247 第 1 次 获取到号码【1725161】GSD
2021-07-17 01:24:12 未获取到号码【1725161】GSD，可能号码格式错误
2021-07-17 01:24:12 获取到号码【1725161】的GSD为【-】
2021-07-17 01:24:33 GSD insert 第 1 次 等待 3 秒
2021-07-17 01:24:36 {"status":"ok","gid":298628,"msg":"添加成功！"}
2021-07-17 01:24:36 下次操作: 2021-07-17 01:24:59

2021-07-17 01:24:59 开始第 27 次操作

2021-07-17 01:24:59 开始操作号码 【1725162】
2021-07-17 01:25:04 GSD getOne 第 1 次 等待 3 秒
2021-07-17 01:25:07 查询号码 【1725162】，返回信息 {"status":"bad","msg":""}
2021-07-17 01:25:07 查询号码 【1725162】，GSD为【""】
2021-07-17 01:25:07 bad
2021-07-17 01:25:09 CHB 1725162?1626456307 第 1 次 等待 3 秒
2021-07-17 01:25:12 CHB 1725162?1626456307 第 1 次 获取到号码【1725162】GSD
2021-07-17 01:25:12 未获取到号码【1725162】GSD，可能号码格式错误
2021-07-17 01:25:12 获取到号码【1725162】的GSD为【-】
2021-07-17 01:25:31 GSD insert 第 1 次 等待 3 秒
2021-07-17 01:25:34 {"status":"ok","gid":298640,"msg":"添加成功！"}
2021-07-17 01:25:34 下次操作: 2021-07-17 01:25:49

2021-07-17 01:25:49 开始第 28 次操作

2021-07-17 01:25:49 开始操作号码 【1725163】
2021-07-17 01:26:22 GSD getOne 第 1 次 等待 3 秒
2021-07-17 01:26:25 查询号码 【1725163】，返回信息 {"status":"bad","msg":""}
2021-07-17 01:26:25 查询号码 【1725163】，GSD为【""】
2021-07-17 01:26:25 bad
2021-07-17 01:26:27 CHB 1725163?1626456385 第 1 次 等待 3 秒
2021-07-17 01:26:30 CHB 1725163?1626456385 第 1 次 获取到号码【1725163】GSD
2021-07-17 01:26:30 未获取到号码【1725163】GSD，可能号码格式错误
2021-07-17 01:26:30 获取到号码【1725163】的GSD为【-】
2021-07-17 01:26:48 GSD insert 第 1 次 等待 3 秒
2021-07-17 01:26:51 {"status":"ok","gid":298647,"msg":"添加成功！"}
2021-07-17 01:26:51 下次操作: 2021-07-17 01:27:13

2021-07-17 01:27:13 开始第 29 次操作

2021-07-17 01:27:13 开始操作号码 【1725164】
2021-07-17 01:27:16 GSD getOne 第 1 次 等待 3 秒
2021-07-17 01:27:19 查询号码 【1725164】，返回信息 {"status":"bad","msg":""}
2021-07-17 01:27:19 查询号码 【1725164】，GSD为【""】
2021-07-17 01:27:19 bad
2021-07-17 01:27:20 CHB 1725164?1626456439 第 1 次 等待 3 秒
2021-07-17 01:27:23 CHB 1725164?1626456439 第 1 次 获取到号码【1725164】GSD
2021-07-17 01:27:23 未获取到号码【1725164】GSD，查号吧 400 错误
2021-07-17 01:27:23 获取到号码【1725164】的GSD为【-】
2021-07-17 01:27:42 GSD insert 第 1 次 等待 3 秒
2021-07-17 01:27:45 {"status":"ok","gid":298656,"msg":"添加成功！"}
2021-07-17 01:27:45 下次操作: 2021-07-17 01:28:03

2021-07-17 01:28:03 开始第 30 次操作

2021-07-17 01:28:03 开始操作号码 【1725165】
2021-07-17 01:28:09 GSD getOne 第 1 次 等待 3 秒
2021-07-17 01:28:12 查询号码 【1725165】，返回信息 {"status":"bad","msg":""}
2021-07-17 01:28:12 查询号码 【1725165】，GSD为【""】
2021-07-17 01:28:12 bad
2021-07-17 01:28:15 CHB 1725165?1626456492 第 1 次 等待 3 秒
2021-07-17 01:28:18 CHB 1725165?1626456492 第 1 次 获取到号码【1725165】GSD
2021-07-17 01:28:18 未获取到号码【1725165】GSD，可能号码格式错误
2021-07-17 01:28:18 获取到号码【1725165】的GSD为【-】
2021-07-17 01:28:27 GSD insert 第 1 次 等待 3 秒
2021-07-17 01:28:30 {"status":"ok","gid":298664,"msg":"添加成功！"}
2021-07-17 01:28:30 下次操作: 2021-07-17 01:28:44

2021-07-17 01:28:44 开始第 31 次操作

2021-07-17 01:28:44 开始操作号码 【1725166】
2021-07-17 01:28:47 GSD getOne 第 1 次 等待 3 秒
2021-07-17 01:28:50 查询号码 【1725166】，返回信息 {"status":"bad","msg":""}
2021-07-17 01:28:50 查询号码 【1725166】，GSD为【""】
2021-07-17 01:28:50 bad
2021-07-17 01:28:52 CHB 1725166?1626456530 第 1 次 等待 3 秒
2021-07-17 01:28:55 CHB 1725166?1626456530 第 1 次 获取到号码【1725166】GSD
2021-07-17 01:28:55 未获取到号码【1725166】GSD，可能号码格式错误
2021-07-17 01:28:55 获取到号码【1725166】的GSD为【-】
2021-07-17 01:29:13 GSD insert 第 1 次 等待 3 秒
2021-07-17 01:29:16 {"status":"ok","gid":298675,"msg":"添加成功！"}
2021-07-17 01:29:16 下次操作: 2021-07-17 01:29:38

2021-07-17 01:29:38 开始第 32 次操作

2021-07-17 01:29:38 开始操作号码 【1725167】
2021-07-17 01:29:41 GSD getOne 第 1 次 等待 3 秒
2021-07-17 01:29:44 查询号码 【1725167】，返回信息 {"status":"bad","msg":""}
2021-07-17 01:29:44 查询号码 【1725167】，GSD为【""】
2021-07-17 01:29:44 bad
2021-07-17 01:29:47 CHB 1725167?1626456584 第 1 次 等待 3 秒
2021-07-17 01:29:50 CHB 1725167?1626456584 第 1 次 获取到号码【1725167】GSD
2021-07-17 01:29:50 未获取到号码【1725167】GSD，可能号码格式错误
2021-07-17 01:29:50 获取到号码【1725167】的GSD为【-】
2021-07-17 01:30:04 GSD insert 第 1 次 等待 3 秒
2021-07-17 01:30:07 {"status":"ok","gid":298685,"msg":"添加成功！"}
2021-07-17 01:30:07 下次操作: 2021-07-17 01:30:20

2021-07-17 01:30:20 开始第 33 次操作

2021-07-17 01:30:20 开始操作号码 【1725168】
2021-07-17 01:30:28 GSD getOne 第 1 次 等待 3 秒
2021-07-17 01:30:31 查询号码 【1725168】，返回信息 {"status":"bad","msg":""}
2021-07-17 01:30:31 查询号码 【1725168】，GSD为【""】
2021-07-17 01:30:31 bad
2021-07-17 01:30:33 CHB 1725168?1626456631 第 1 次 等待 3 秒
2021-07-17 01:30:36 CHB 1725168?1626456631 第 1 次 获取到号码【1725168】GSD
2021-07-17 01:30:36 未获取到号码【1725168】GSD，可能号码格式错误
2021-07-17 01:30:36 获取到号码【1725168】的GSD为【-】
2021-07-17 01:30:58 GSD insert 第 1 次 等待 3 秒
2021-07-17 01:31:01 {"status":"ok","gid":298694,"msg":"添加成功！"}
2021-07-17 01:31:01 下次操作: 2021-07-17 01:31:16

2021-07-17 01:31:16 开始第 34 次操作

2021-07-17 01:31:16 开始操作号码 【1725169】
2021-07-17 01:31:22 GSD getOne 第 1 次 等待 3 秒
2021-07-17 01:31:25 查询号码 【1725169】，返回信息 {"status":"bad","msg":""}
2021-07-17 01:31:25 查询号码 【1725169】，GSD为【""】
2021-07-17 01:31:25 bad
2021-07-17 01:31:28 CHB 1725169?1626456685 第 1 次 等待 3 秒
2021-07-17 01:31:31 CHB 1725169?1626456685 第 1 次 获取到号码【1725169】GSD
2021-07-17 01:31:31 未获取到号码【1725169】GSD，可能号码格式错误
2021-07-17 01:31:31 获取到号码【1725169】的GSD为【-】
2021-07-17 01:31:48 GSD insert 第 1 次 等待 3 秒
2021-07-17 01:31:51 {"status":"ok","gid":298701,"msg":"添加成功！"}
2021-07-17 01:31:51 下次操作: 2021-07-17 01:32:11

2021-07-17 01:32:11 开始第 35 次操作

2021-07-17 01:32:11 开始操作号码 【1725170】
2021-07-17 01:32:16 GSD getOne 第 1 次 等待 3 秒
2021-07-17 01:32:19 查询号码 【1725170】，返回信息 {"status":"bad","msg":""}
2021-07-17 01:32:19 查询号码 【1725170】，GSD为【""】
2021-07-17 01:32:19 bad
2021-07-17 01:32:21 CHB 1725170?1626456739 第 1 次 等待 3 秒
2021-07-17 01:32:24 CHB 1725170?1626456739 第 1 次 获取到号码【1725170】GSD
2021-07-17 01:32:24 未获取到号码【1725170】GSD，可能号码格式错误
2021-07-17 01:32:24 获取到号码【1725170】的GSD为【-】
2021-07-17 01:32:44 GSD insert 第 1 次 等待 3 秒
2021-07-17 01:32:47 {"status":"ok","gid":298711,"msg":"添加成功！"}
2021-07-17 01:32:47 下次操作: 2021-07-17 01:33:07

2021-07-17 01:33:07 开始第 36 次操作

2021-07-17 01:33:07 开始操作号码 【1725171】
2021-07-17 01:33:12 GSD getOne 第 1 次 等待 3 秒
2021-07-17 01:33:15 查询号码 【1725171】，返回信息 {"status":"bad","msg":""}
2021-07-17 01:33:15 查询号码 【1725171】，GSD为【""】
2021-07-17 01:33:15 bad
2021-07-17 01:33:18 CHB 1725171?1626456795 第 1 次 等待 3 秒
2021-07-17 01:33:21 CHB 1725171?1626456795 第 1 次 获取到号码【1725171】GSD
2021-07-17 01:33:21 未获取到号码【1725171】GSD，可能号码格式错误
2021-07-17 01:33:21 获取到号码【1725171】的GSD为【-】
2021-07-17 01:33:48 GSD insert 第 1 次 等待 3 秒
2021-07-17 01:33:51 {"status":"ok","gid":298716,"msg":"添加成功！"}
2021-07-17 01:33:51 下次操作: 2021-07-17 01:34:05

2021-07-17 01:34:05 开始第 37 次操作

2021-07-17 01:34:05 开始操作号码 【1725172】
2021-07-17 01:34:11 GSD getOne 第 1 次 等待 3 秒
2021-07-17 01:34:14 查询号码 【1725172】，返回信息 {"status":"bad","msg":""}
2021-07-17 01:34:14 查询号码 【1725172】，GSD为【""】
2021-07-17 01:34:14 bad
2021-07-17 01:34:16 CHB 1725172?1626456854 第 1 次 等待 3 秒
2021-07-17 01:34:19 CHB 1725172?1626456854 第 1 次 获取到号码【1725172】GSD
2021-07-17 01:34:19 未获取到号码【1725172】GSD，可能号码格式错误
2021-07-17 01:34:19 获取到号码【1725172】的GSD为【-】
2021-07-17 01:34:29 GSD insert 第 1 次 等待 3 秒
2021-07-17 01:34:32 {"status":"ok","gid":298720,"msg":"添加成功！"}
2021-07-17 01:34:32 下次操作: 2021-07-17 01:34:53

2021-07-17 01:34:53 开始第 38 次操作

2021-07-17 01:34:53 开始操作号码 【1725173】
2021-07-17 01:35:03 GSD getOne 第 1 次 等待 3 秒
2021-07-17 01:35:06 查询号码 【1725173】，返回信息 {"status":"bad","msg":""}
2021-07-17 01:35:06 查询号码 【1725173】，GSD为【""】
2021-07-17 01:35:06 bad
2021-07-17 01:35:07 CHB 1725173?1626456906 第 1 次 等待 3 秒
2021-07-17 01:35:10 CHB 1725173?1626456906 第 1 次 获取到号码【1725173】GSD
2021-07-17 01:35:10 未获取到号码【1725173】GSD，可能号码格式错误
2021-07-17 01:35:10 获取到号码【1725173】的GSD为【-】
2021-07-17 01:35:28 GSD insert 第 1 次 等待 3 秒
2021-07-17 01:35:31 {"status":"ok","gid":298726,"msg":"添加成功！"}
2021-07-17 01:35:32 下次操作: 2021-07-17 01:35:51

2021-07-17 01:35:51 开始第 39 次操作

2021-07-17 01:35:51 开始操作号码 【1725174】
2021-07-17 01:35:53 GSD getOne 第 1 次 等待 3 秒
2021-07-17 01:35:56 查询号码 【1725174】，返回信息 {"status":"bad","msg":""}
2021-07-17 01:35:56 查询号码 【1725174】，GSD为【""】
2021-07-17 01:35:56 bad
2021-07-17 01:35:58 CHB 1725174?1626456956 第 1 次 等待 3 秒
2021-07-17 01:36:01 CHB 1725174?1626456956 第 1 次 获取到号码【1725174】GSD
2021-07-17 01:36:01 未获取到号码【1725174】GSD，可能号码格式错误
2021-07-17 01:36:01 获取到号码【1725174】的GSD为【-】
2021-07-17 01:36:11 GSD insert 第 1 次 等待 3 秒
2021-07-17 01:36:14 {"status":"ok","gid":298732,"msg":"添加成功！"}
2021-07-17 01:36:14 下次操作: 2021-07-17 01:36:33

2021-07-17 01:36:33 开始第 40 次操作

2021-07-17 01:36:33 开始操作号码 【1725175】
2021-07-17 01:36:40 GSD getOne 第 1 次 等待 3 秒
2021-07-17 01:36:43 查询号码 【1725175】，返回信息 {"status":"bad","msg":""}
2021-07-17 01:36:43 查询号码 【1725175】，GSD为【""】
2021-07-17 01:36:43 bad
2021-07-17 01:36:46 CHB 1725175?1626457003 第 1 次 等待 3 秒
2021-07-17 01:36:49 CHB 1725175?1626457003 第 1 次 获取到号码【1725175】GSD
2021-07-17 01:36:49 未获取到号码【1725175】GSD，可能号码格式错误
2021-07-17 01:36:49 获取到号码【1725175】的GSD为【-】
2021-07-17 01:37:07 GSD insert 第 1 次 等待 3 秒
2021-07-17 01:37:10 {"status":"ok","gid":298736,"msg":"添加成功！"}

2021-07-17 01:43:08 开始第 1 次操作

2021-07-17 01:43:08 开始操作号码 【1725176】
2021-07-17 01:43:12 GSD getOne 第 1 次 等待 3 秒
2021-07-17 01:43:15 查询号码 【1725176】，返回信息 {"status":"bad","msg":""}
2021-07-17 01:43:15 查询号码 【1725176】，GSD为【""】
2021-07-17 01:43:15 bad
2021-07-17 01:43:16 CHB 1725176?1626457395 第 1 次 等待 3 秒
2021-07-17 01:43:19 CHB 1725176?1626457395 第 1 次 获取到号码【1725176】GSD
2021-07-17 01:43:19 未获取到号码【1725176】GSD，可能号码格式错误
2021-07-17 01:43:19 获取到号码【1725176】的GSD为【-】
2021-07-17 01:43:39 GSD insert 第 1 次 等待 3 秒
2021-07-17 01:43:42 {"status":"ok","gid":298758,"msg":"添加成功！"}
2021-07-17 01:43:42 下次操作: 2021-07-17 01:43:58

2021-07-17 01:43:58 开始第 2 次操作

2021-07-17 01:43:58 开始操作号码 【1725177】
2021-07-17 01:44:01 GSD getOne 第 1 次 等待 3 秒
2021-07-17 01:44:04 查询号码 【1725177】，返回信息 {"status":"bad","msg":""}
2021-07-17 01:44:04 查询号码 【1725177】，GSD为【""】
2021-07-17 01:44:04 bad
2021-07-17 01:44:06 CHB 1725177?1626457444 第 1 次 等待 3 秒
2021-07-17 01:44:09 CHB 1725177?1626457444 第 1 次 获取到号码【1725177】GSD
2021-07-17 01:44:09 未获取到号码【1725177】GSD，可能号码格式错误
2021-07-17 01:44:09 获取到号码【1725177】的GSD为【-】
2021-07-17 01:44:27 GSD insert 第 1 次 等待 3 秒
2021-07-17 01:44:30 {"status":"ok","gid":298763,"msg":"添加成功！"}
2021-07-17 01:44:30 下次操作: 2021-07-17 01:44:43

2021-07-17 01:44:43 开始第 3 次操作

2021-07-17 01:44:43 开始操作号码 【1725178】
2021-07-17 01:44:45 GSD getOne 第 1 次 等待 3 秒
2021-07-17 01:44:48 查询号码 【1725178】，返回信息 {"status":"bad","msg":""}
2021-07-17 01:44:49 查询号码 【1725178】，GSD为【""】
2021-07-17 01:44:49 bad
2021-07-17 01:44:54 CHB 1725178?1626457489 第 1 次 等待 3 秒
2021-07-17 01:44:57 CHB 1725178?1626457489 第 1 次 获取到号码【1725178】GSD
2021-07-17 01:44:57 未获取到号码【1725178】GSD，可能号码格式错误
2021-07-17 01:44:57 获取到号码【1725178】的GSD为【-】
2021-07-17 01:45:07 GSD insert 第 1 次 等待 3 秒
2021-07-17 01:45:10 {"status":"ok","gid":298767,"msg":"添加成功！"}
2021-07-17 01:45:10 下次操作: 2021-07-17 01:45:29

2021-07-17 01:45:29 开始第 4 次操作

2021-07-17 01:45:29 开始操作号码 【1725179】
2021-07-17 01:45:31 GSD getOne 第 1 次 等待 3 秒
2021-07-17 01:45:34 查询号码 【1725179】，返回信息 {"status":"bad","msg":""}
2021-07-17 01:45:34 查询号码 【1725179】，GSD为【""】
2021-07-17 01:45:34 bad
2021-07-17 01:45:40 CHB 1725179?1626457534 第 1 次 等待 3 秒
2021-07-17 01:45:43 CHB 1725179?1626457534 第 1 次 获取到号码【1725179】GSD
2021-07-17 01:45:43 未获取到号码【1725179】GSD，可能号码格式错误
2021-07-17 01:45:43 获取到号码【1725179】的GSD为【-】
2021-07-17 01:45:52 GSD insert 第 1 次 等待 3 秒
2021-07-17 01:45:55 {"status":"ok","gid":298772,"msg":"添加成功！"}
2021-07-17 01:45:56 下次操作: 2021-07-17 01:46:19

2021-07-17 01:46:19 开始第 5 次操作

2021-07-17 01:46:19 开始操作号码 【1725180】
2021-07-17 01:46:25 GSD getOne 第 1 次 等待 3 秒
2021-07-17 01:46:28 查询号码 【1725180】，返回信息 {"status":"bad","msg":""}
2021-07-17 01:46:28 查询号码 【1725180】，GSD为【""】
2021-07-17 01:46:28 bad
2021-07-17 01:46:29 CHB 1725180?1626457588 第 1 次 等待 3 秒
2021-07-17 01:46:32 CHB 1725180?1626457588 第 1 次 获取到号码【1725180】GSD
2021-07-17 01:46:32 未获取到号码【1725180】GSD，可能号码格式错误
2021-07-17 01:46:32 获取到号码【1725180】的GSD为【-】
2021-07-17 01:46:50 GSD insert 第 1 次 等待 3 秒
2021-07-17 01:46:53 {"status":"ok","gid":298783,"msg":"添加成功！"}
2021-07-17 01:46:53 下次操作: 2021-07-17 01:47:12

2021-07-17 01:47:12 开始第 6 次操作

2021-07-17 01:47:12 开始操作号码 【1725181】
2021-07-17 01:48:14 GSD getOne 第 1 次 等待 3 秒
2021-07-17 01:48:17 查询号码 【1725181】，返回信息 {"status":"bad","msg":""}
2021-07-17 01:48:17 查询号码 【1725181】，GSD为【""】
2021-07-17 01:48:17 bad
2021-07-17 01:48:22 CHB 1725181?1626457697 第 1 次 等待 3 秒
2021-07-17 01:48:25 CHB 1725181?1626457697 第 1 次 获取到号码【1725181】GSD
2021-07-17 01:48:25 未获取到号码【1725181】GSD，可能号码格式错误
2021-07-17 01:48:25 获取到号码【1725181】的GSD为【-】
2021-07-17 01:48:36 GSD insert 第 1 次 等待 3 秒
2021-07-17 01:48:39 {"status":"ok","gid":298794,"msg":"添加成功！"}
2021-07-17 01:48:39 下次操作: 2021-07-17 01:49:02

2021-07-17 01:49:02 开始第 7 次操作

2021-07-17 01:49:02 开始操作号码 【1725182】
2021-07-17 01:49:04 GSD getOne 第 1 次 等待 3 秒
2021-07-17 01:49:07 查询号码 【1725182】，返回信息 {"status":"bad","msg":""}
2021-07-17 01:49:08 查询号码 【1725182】，GSD为【""】
2021-07-17 01:49:08 bad
2021-07-17 01:49:09 CHB 1725182?1626457748 第 1 次 等待 3 秒
2021-07-17 01:49:12 CHB 1725182?1626457748 第 1 次 获取到号码【1725182】GSD
2021-07-17 01:49:12 未获取到号码【1725182】GSD，可能号码格式错误
2021-07-17 01:49:12 获取到号码【1725182】的GSD为【-】
2021-07-17 01:49:30 GSD insert 第 1 次 等待 3 秒
2021-07-17 01:49:33 {"status":"ok","gid":298801,"msg":"添加成功！"}
2021-07-17 01:49:33 下次操作: 2021-07-17 01:49:57

2021-07-17 01:49:57 开始第 8 次操作

2021-07-17 01:49:57 开始操作号码 【1725183】
2021-07-17 01:50:00 GSD getOne 第 1 次 等待 3 秒
2021-07-17 01:50:03 查询号码 【1725183】，返回信息 {"status":"bad","msg":""}
2021-07-17 01:50:03 查询号码 【1725183】，GSD为【""】
2021-07-17 01:50:03 bad
2021-07-17 01:50:04 CHB 1725183?1626457803 第 1 次 等待 3 秒
2021-07-17 01:50:07 CHB 1725183?1626457803 第 1 次 获取到号码【1725183】GSD
2021-07-17 01:50:07 未获取到号码【1725183】GSD，可能号码格式错误
2021-07-17 01:50:07 获取到号码【1725183】的GSD为【-】
2021-07-17 01:50:27 GSD insert 第 1 次 等待 3 秒
2021-07-17 01:50:30 {"status":"ok","gid":298813,"msg":"添加成功！"}
2021-07-17 01:50:30 下次操作: 2021-07-17 01:50:51

2021-07-17 01:50:51 开始第 9 次操作

2021-07-17 01:50:51 开始操作号码 【1725184】
2021-07-17 01:50:54 GSD getOne 第 1 次 等待 3 秒
2021-07-17 01:50:57 查询号码 【1725184】，返回信息 {"status":"bad","msg":""}
2021-07-17 01:50:57 查询号码 【1725184】，GSD为【""】
2021-07-17 01:50:57 bad
2021-07-17 01:50:58 CHB 1725184?1626457857 第 1 次 等待 3 秒
2021-07-17 01:51:01 CHB 1725184?1626457857 第 1 次 获取到号码【1725184】GSD
2021-07-17 01:51:01 未获取到号码【1725184】GSD，可能号码格式错误
2021-07-17 01:51:01 获取到号码【1725184】的GSD为【-】
2021-07-17 01:51:20 GSD insert 第 1 次 等待 3 秒
2021-07-17 01:51:23 {"status":"ok","gid":298818,"msg":"添加成功！"}
2021-07-17 01:51:23 下次操作: 2021-07-17 01:51:44

2021-07-17 01:51:44 开始第 10 次操作

2021-07-17 01:51:44 开始操作号码 【1725185】
2021-07-17 01:51:47 GSD getOne 第 1 次 等待 3 秒
2021-07-17 01:51:50 查询号码 【1725185】，返回信息 {"status":"bad","msg":""}
2021-07-17 01:51:50 查询号码 【1725185】，GSD为【""】
2021-07-17 01:51:50 bad
2021-07-17 01:51:52 CHB 1725185?1626457910 第 1 次 等待 3 秒
2021-07-17 01:51:55 CHB 1725185?1626457910 第 1 次 获取到号码【1725185】GSD
2021-07-17 01:51:55 未获取到号码【1725185】GSD，可能号码格式错误
2021-07-17 01:51:55 获取到号码【1725185】的GSD为【-】
2021-07-17 01:52:16 GSD insert 第 1 次 等待 3 秒
2021-07-17 01:52:19 {"status":"ok","gid":298829,"msg":"添加成功！"}
2021-07-17 01:52:19 下次操作: 2021-07-17 01:52:43

2021-07-17 01:52:43 开始第 11 次操作

2021-07-17 01:52:43 开始操作号码 【1725186】
2021-07-17 01:52:46 GSD getOne 第 1 次 等待 3 秒
2021-07-17 01:52:49 查询号码 【1725186】，返回信息 {"status":"bad","msg":""}
2021-07-17 01:52:49 查询号码 【1725186】，GSD为【""】
2021-07-17 01:52:49 bad
2021-07-17 01:52:50 CHB 1725186?1626457969 第 1 次 等待 3 秒
2021-07-17 01:52:53 CHB 1725186?1626457969 第 1 次 获取到号码【1725186】GSD
2021-07-17 01:52:53 未获取到号码【1725186】GSD，可能号码格式错误
2021-07-17 01:52:53 获取到号码【1725186】的GSD为【-】
2021-07-17 01:53:14 GSD insert 第 1 次 等待 3 秒
2021-07-17 01:53:17 {"status":"ok","gid":298838,"msg":"添加成功！"}
2021-07-17 01:53:17 下次操作: 2021-07-17 01:53:41

2021-07-17 01:53:41 开始第 12 次操作

2021-07-17 01:53:41 开始操作号码 【1725187】
2021-07-17 01:53:44 GSD getOne 第 1 次 等待 3 秒
2021-07-17 01:53:47 查询号码 【1725187】，返回信息 {"status":"bad","msg":""}
2021-07-17 01:53:47 查询号码 【1725187】，GSD为【""】
2021-07-17 01:53:47 bad
2021-07-17 01:53:48 CHB 1725187?1626458027 第 1 次 等待 3 秒
2021-07-17 01:53:51 CHB 1725187?1626458027 第 1 次 获取到号码【1725187】GSD
2021-07-17 01:53:52 未获取到号码【1725187】GSD，可能号码格式错误
2021-07-17 01:53:52 获取到号码【1725187】的GSD为【-】
2021-07-17 01:54:09 GSD insert 第 1 次 等待 3 秒
2021-07-17 01:54:12 {"status":"ok","gid":298844,"msg":"添加成功！"}
2021-07-17 01:54:12 下次操作: 2021-07-17 01:54:24

2021-07-17 01:54:24 开始第 13 次操作

2021-07-17 01:54:24 开始操作号码 【1725188】
2021-07-17 01:54:30 GSD getOne 第 1 次 等待 3 秒
2021-07-17 01:54:33 查询号码 【1725188】，返回信息 {"status":"bad","msg":""}
2021-07-17 01:54:33 查询号码 【1725188】，GSD为【""】
2021-07-17 01:54:33 bad
2021-07-17 01:54:35 CHB 1725188?1626458073 第 1 次 等待 3 秒
2021-07-17 01:54:38 CHB 1725188?1626458073 第 1 次 获取到号码【1725188】GSD
2021-07-17 01:54:38 未获取到号码【1725188】GSD，可能号码格式错误
2021-07-17 01:54:38 获取到号码【1725188】的GSD为【-】
2021-07-17 01:54:58 GSD insert 第 1 次 等待 3 秒
2021-07-17 01:55:01 {"status":"ok","gid":298849,"msg":"添加成功！"}
2021-07-17 01:55:01 下次操作: 2021-07-17 01:55:22

2021-07-17 01:55:22 开始第 14 次操作

2021-07-17 01:55:22 开始操作号码 【1725189】
2021-07-17 01:55:28 GSD getOne 第 1 次 等待 3 秒
2021-07-17 01:55:31 查询号码 【1725189】，返回信息 {"status":"bad","msg":""}
2021-07-17 01:55:32 查询号码 【1725189】，GSD为【""】
2021-07-17 01:55:32 bad
2021-07-17 01:55:33 CHB 1725189?1626458132 第 1 次 等待 3 秒
2021-07-17 01:55:36 CHB 1725189?1626458132 第 1 次 获取到号码【1725189】GSD
2021-07-17 01:55:36 未获取到号码【1725189】GSD，可能号码格式错误
2021-07-17 01:55:36 获取到号码【1725189】的GSD为【-】
2021-07-17 01:55:55 GSD insert 第 1 次 等待 3 秒
2021-07-17 01:55:58 {"status":"ok","gid":298857,"msg":"添加成功！"}
2021-07-17 01:55:58 下次操作: 2021-07-17 01:56:13

2021-07-17 01:56:13 开始第 15 次操作

2021-07-17 01:56:13 开始操作号码 【1725190】
2021-07-17 01:56:15 GSD getOne 第 1 次 等待 3 秒
2021-07-17 01:56:19 查询号码 【1725190】，返回信息 {"status":"bad","msg":""}
2021-07-17 01:56:19 查询号码 【1725190】，GSD为【""】
2021-07-17 01:56:19 bad
2021-07-17 01:56:24 CHB 1725190?1626458179 第 1 次 等待 3 秒
2021-07-17 01:56:27 CHB 1725190?1626458179 第 1 次 获取到号码【1725190】GSD
2021-07-17 01:56:27 未获取到号码【1725190】GSD，可能号码格式错误
2021-07-17 01:56:27 获取到号码【1725190】的GSD为【-】
2021-07-17 01:56:37 GSD insert 第 1 次 等待 3 秒
2021-07-17 01:56:40 {"status":"ok","gid":298864,"msg":"添加成功！"}
2021-07-17 01:56:40 下次操作: 2021-07-17 01:56:56

2021-07-17 01:56:56 开始第 16 次操作

2021-07-17 01:56:56 开始操作号码 【1725191】
2021-07-17 01:56:59 GSD getOne 第 1 次 等待 3 秒
2021-07-17 01:57:02 查询号码 【1725191】，返回信息 {"status":"bad","msg":""}
2021-07-17 01:57:03 查询号码 【1725191】，GSD为【""】
2021-07-17 01:57:03 bad
2021-07-17 01:57:04 CHB 1725191?1626458223 第 1 次 等待 3 秒
2021-07-17 01:57:07 CHB 1725191?1626458223 第 1 次 获取到号码【1725191】GSD
2021-07-17 01:57:07 未获取到号码【1725191】GSD，可能号码格式错误
2021-07-17 01:57:07 获取到号码【1725191】的GSD为【-】
2021-07-17 01:57:25 GSD insert 第 1 次 等待 3 秒
2021-07-17 01:57:28 {"status":"ok","gid":298869,"msg":"添加成功！"}
2021-07-17 01:57:28 下次操作: 2021-07-17 01:57:48

2021-07-17 01:57:48 开始第 17 次操作

2021-07-17 01:57:48 开始操作号码 【1725192】
2021-07-17 01:57:51 GSD getOne 第 1 次 等待 3 秒
2021-07-17 01:57:54 查询号码 【1725192】，返回信息 {"status":"bad","msg":""}
2021-07-17 01:57:54 查询号码 【1725192】，GSD为【""】
2021-07-17 01:57:54 bad
2021-07-17 01:57:55 CHB 1725192?1626458274 第 1 次 等待 3 秒
2021-07-17 01:57:58 CHB 1725192?1626458274 第 1 次 获取到号码【1725192】GSD
2021-07-17 01:57:58 未获取到号码【1725192】GSD，可能号码格式错误
2021-07-17 01:57:58 获取到号码【1725192】的GSD为【-】
2021-07-17 01:58:17 GSD insert 第 1 次 等待 3 秒
2021-07-17 01:58:20 {"status":"ok","gid":298876,"msg":"添加成功！"}
2021-07-17 01:58:20 下次操作: 2021-07-17 01:58:41

2021-07-17 01:58:41 开始第 18 次操作

2021-07-17 01:58:41 开始操作号码 【1725193】
2021-07-17 01:58:45 GSD getOne 第 1 次 等待 3 秒
2021-07-17 01:58:48 查询号码 【1725193】，返回信息 {"status":"bad","msg":""}
2021-07-17 01:58:49 查询号码 【1725193】，GSD为【""】
2021-07-17 01:58:49 bad
2021-07-17 01:58:50 CHB 1725193?1626458329 第 1 次 等待 3 秒
2021-07-17 01:58:53 CHB 1725193?1626458329 第 1 次 获取到号码【1725193】GSD
2021-07-17 01:58:53 未获取到号码【1725193】GSD，可能号码格式错误
2021-07-17 01:58:53 获取到号码【1725193】的GSD为【-】
2021-07-17 01:59:11 GSD insert 第 1 次 等待 3 秒
2021-07-17 01:59:14 {"status":"ok","gid":298884,"msg":"添加成功！"}
2021-07-17 01:59:14 下次操作: 2021-07-17 01:59:31

2021-07-17 01:59:31 开始第 19 次操作

2021-07-17 01:59:31 开始操作号码 【1725194】
2021-07-17 01:59:34 GSD getOne 第 1 次 等待 3 秒
2021-07-17 01:59:37 查询号码 【1725194】，返回信息 {"status":"bad","msg":""}
2021-07-17 01:59:37 查询号码 【1725194】，GSD为【""】
2021-07-17 01:59:37 bad
2021-07-17 01:59:38 CHB 1725194?1626458377 第 1 次 等待 3 秒
2021-07-17 01:59:41 CHB 1725194?1626458377 第 1 次 获取到号码【1725194】GSD
2021-07-17 01:59:41 未获取到号码【1725194】GSD，可能号码格式错误
2021-07-17 01:59:41 获取到号码【1725194】的GSD为【-】
2021-07-17 01:59:59 GSD insert 第 1 次 等待 3 秒
2021-07-17 02:00:02 {"status":"ok","gid":298888,"msg":"添加成功！"}
2021-07-17 02:00:02 下次操作: 2021-07-17 02:00:19

2021-07-17 02:00:19 开始第 20 次操作

2021-07-17 02:00:19 开始操作号码 【1725195】
2021-07-17 02:00:22 GSD getOne 第 1 次 等待 3 秒
2021-07-17 02:00:25 查询号码 【1725195】，返回信息 {"status":"bad","msg":""}
2021-07-17 02:00:25 查询号码 【1725195】，GSD为【""】
2021-07-17 02:00:25 bad
2021-07-17 02:00:26 CHB 1725195?1626458425 第 1 次 等待 3 秒
2021-07-17 02:00:29 CHB 1725195?1626458425 第 1 次 获取到号码【1725195】GSD
2021-07-17 02:00:29 未获取到号码【1725195】GSD，可能号码格式错误
2021-07-17 02:00:29 获取到号码【1725195】的GSD为【-】
2021-07-17 02:00:47 GSD insert 第 1 次 等待 3 秒
2021-07-17 02:00:50 {"status":"ok","gid":298896,"msg":"添加成功！"}
2021-07-17 02:00:50 下次操作: 2021-07-17 02:01:06

2021-07-17 02:01:06 开始第 21 次操作

2021-07-17 02:01:06 开始操作号码 【1725196】
2021-07-17 02:01:10 GSD getOne 第 1 次 等待 3 秒
2021-07-17 02:01:13 查询号码 【1725196】，返回信息 {"status":"bad","msg":""}
2021-07-17 02:01:13 查询号码 【1725196】，GSD为【""】
2021-07-17 02:01:13 bad
2021-07-17 02:01:14 CHB 1725196?1626458473 第 1 次 等待 3 秒
2021-07-17 02:01:17 CHB 1725196?1626458473 第 1 次 获取到号码【1725196】GSD
2021-07-17 02:01:17 未获取到号码【1725196】GSD，可能号码格式错误
2021-07-17 02:01:17 获取到号码【1725196】的GSD为【-】
2021-07-17 02:01:35 GSD insert 第 1 次 等待 3 秒
2021-07-17 02:01:38 {"status":"ok","gid":298901,"msg":"添加成功！"}
2021-07-17 02:01:38 下次操作: 2021-07-17 02:01:54

2021-07-17 02:01:54 开始第 22 次操作

2021-07-17 02:01:54 开始操作号码 【1725197】
2021-07-17 02:01:56 GSD getOne 第 1 次 等待 3 秒
2021-07-17 02:02:00 查询号码 【1725197】，返回信息 {"status":"bad","msg":""}
2021-07-17 02:02:00 查询号码 【1725197】，GSD为【""】
2021-07-17 02:02:00 bad
2021-07-17 02:02:01 CHB 1725197?1626458520 第 1 次 等待 3 秒
2021-07-17 02:02:04 CHB 1725197?1626458520 第 1 次 获取到号码【1725197】GSD
2021-07-17 02:02:04 未获取到号码【1725197】GSD，可能号码格式错误
2021-07-17 02:02:04 获取到号码【1725197】的GSD为【-】
2021-07-17 02:02:22 GSD insert 第 1 次 等待 3 秒
2021-07-17 02:02:25 {"status":"ok","gid":298909,"msg":"添加成功！"}
2021-07-17 02:02:25 下次操作: 2021-07-17 02:02:38

2021-07-17 02:02:38 开始第 23 次操作

2021-07-17 02:02:38 开始操作号码 【1725198】
2021-07-17 02:02:44 GSD getOne 第 1 次 等待 3 秒
2021-07-17 02:02:47 查询号码 【1725198】，返回信息 {"status":"bad","msg":""}
2021-07-17 02:02:47 查询号码 【1725198】，GSD为【""】
2021-07-17 02:02:47 bad
2021-07-17 02:02:51 CHB 1725198?1626458567 第 1 次 等待 3 秒
2021-07-17 02:02:54 CHB 1725198?1626458567 第 1 次 获取到号码【1725198】GSD
2021-07-17 02:02:54 未获取到号码【1725198】GSD，可能号码格式错误
2021-07-17 02:02:54 获取到号码【1725198】的GSD为【-】
2021-07-17 02:03:04 GSD insert 第 1 次 等待 3 秒
2021-07-17 02:03:07 {"status":"ok","gid":298915,"msg":"添加成功！"}
2021-07-17 02:03:07 下次操作: 2021-07-17 02:03:27

2021-07-17 02:03:27 开始第 24 次操作

2021-07-17 02:03:27 开始操作号码 【1725199】
2021-07-17 02:03:30 GSD getOne 第 1 次 等待 3 秒
2021-07-17 02:03:33 查询号码 【1725199】，返回信息 {"status":"bad","msg":""}
2021-07-17 02:03:33 查询号码 【1725199】，GSD为【""】
2021-07-17 02:03:33 bad
2021-07-17 02:03:34 CHB 1725199?1626458613 第 1 次 等待 3 秒
2021-07-17 02:03:37 CHB 1725199?1626458613 第 1 次 获取到号码【1725199】GSD
2021-07-17 02:03:37 未获取到号码【1725199】GSD，可能号码格式错误
2021-07-17 02:03:37 获取到号码【1725199】的GSD为【-】
2021-07-17 02:03:57 GSD insert 第 1 次 等待 3 秒
2021-07-17 02:04:00 {"status":"ok","gid":298924,"msg":"添加成功！"}
2021-07-17 02:04:00 下次操作: 2021-07-17 02:04:21

2021-07-17 02:04:21 开始第 25 次操作

2021-07-17 02:04:21 开始操作号码 【1725200】
2021-07-17 02:04:24 GSD getOne 第 1 次 等待 3 秒
2021-07-17 02:04:27 查询号码 【1725200】，返回信息 {"status":"bad","msg":""}
2021-07-17 02:04:27 查询号码 【1725200】，GSD为【""】
2021-07-17 02:04:27 bad
2021-07-17 02:04:28 CHB 1725200?1626458667 第 1 次 等待 3 秒
2021-07-17 02:04:31 CHB 1725200?1626458667 第 1 次 获取到号码【1725200】GSD
2021-07-17 02:04:31 获取到号码【1725200】的GSD为【福建-福州】
2021-07-17 02:04:50 GSD insert 第 1 次 等待 3 秒
2021-07-17 02:04:53 {"status":"ok","gid":298930,"msg":"添加成功！"}
2021-07-17 02:04:53 下次操作: 2021-07-17 02:05:06

2021-07-17 02:05:06 开始第 26 次操作

2021-07-17 02:05:06 开始操作号码 【1725201】
2021-07-17 02:05:09 GSD getOne 第 1 次 等待 3 秒
2021-07-17 02:05:12 查询号码 【1725201】，返回信息 {"status":"bad","msg":""}
2021-07-17 02:05:12 查询号码 【1725201】，GSD为【""】
2021-07-17 02:05:12 bad
2021-07-17 02:05:13 CHB 1725201?1626458712 第 1 次 等待 3 秒
2021-07-17 02:05:16 CHB 1725201?1626458712 第 1 次 获取到号码【1725201】GSD
2021-07-17 02:05:16 获取到号码【1725201】的GSD为【福建-福州】
2021-07-17 02:05:34 GSD insert 第 1 次 等待 3 秒
2021-07-17 02:05:37 {"status":"ok","gid":298936,"msg":"添加成功！"}
2021-07-17 02:05:37 下次操作: 2021-07-17 02:05:57

2021-07-17 02:05:57 开始第 27 次操作

2021-07-17 02:05:57 开始操作号码 【1725202】
2021-07-17 02:06:00 GSD getOne 第 1 次 等待 3 秒
2021-07-17 02:06:03 查询号码 【1725202】，返回信息 {"status":"bad","msg":""}
2021-07-17 02:06:03 查询号码 【1725202】，GSD为【""】
2021-07-17 02:06:03 bad
2021-07-17 02:06:09 CHB 1725202?1626458763 第 1 次 等待 3 秒
2021-07-17 02:06:12 CHB 1725202?1626458763 第 1 次 获取到号码【1725202】GSD
2021-07-17 02:06:12 获取到号码【1725202】的GSD为【福建-福州】
2021-07-17 02:06:22 GSD insert 第 1 次 等待 3 秒
2021-07-17 02:06:25 {"status":"ok","gid":298945,"msg":"添加成功！"}
2021-07-17 02:06:25 下次操作: 2021-07-17 02:06:45

2021-07-17 02:06:45 开始第 28 次操作

2021-07-17 02:06:45 开始操作号码 【1725203】
2021-07-17 02:06:47 GSD getOne 第 1 次 等待 3 秒
2021-07-17 02:06:50 查询号码 【1725203】，返回信息 {"status":"bad","msg":""}
2021-07-17 02:06:50 查询号码 【1725203】，GSD为【""】
2021-07-17 02:06:50 bad
2021-07-17 02:06:52 CHB 1725203?1626458810 第 1 次 等待 3 秒
2021-07-17 02:06:55 CHB 1725203?1626458810 第 1 次 获取到号码【1725203】GSD
2021-07-17 02:06:55 获取到号码【1725203】的GSD为【福建-福州】
2021-07-17 02:07:13 GSD insert 第 1 次 等待 3 秒
2021-07-17 02:07:16 {"status":"ok","gid":298954,"msg":"添加成功！"}
2021-07-17 02:07:16 下次操作: 2021-07-17 02:07:35

2021-07-17 02:07:35 开始第 29 次操作

2021-07-17 02:07:35 开始操作号码 【1725204】
2021-07-17 02:07:38 GSD getOne 第 1 次 等待 3 秒
2021-07-17 02:07:41 查询号码 【1725204】，返回信息 {"status":"bad","msg":""}
2021-07-17 02:07:41 查询号码 【1725204】，GSD为【""】
2021-07-17 02:07:41 bad
2021-07-17 02:07:43 CHB 1725204?1626458861 第 1 次 等待 3 秒
2021-07-17 02:07:46 CHB 1725204?1626458861 第 1 次 获取到号码【1725204】GSD
2021-07-17 02:07:46 获取到号码【1725204】的GSD为【福建-福州】
2021-07-17 02:08:05 GSD insert 第 1 次 等待 3 秒
2021-07-17 02:08:08 {"status":"ok","gid":298964,"msg":"添加成功！"}
2021-07-17 02:08:08 下次操作: 2021-07-17 02:08:25

2021-07-17 02:08:25 开始第 30 次操作

2021-07-17 02:08:25 开始操作号码 【1725205】
2021-07-17 02:08:28 GSD getOne 第 1 次 等待 3 秒
2021-07-17 02:08:31 查询号码 【1725205】，返回信息 {"status":"bad","msg":""}
2021-07-17 02:08:31 查询号码 【1725205】，GSD为【""】
2021-07-17 02:08:31 bad
2021-07-17 02:08:32 CHB 1725205?1626458911 第 1 次 等待 3 秒
2021-07-17 02:08:35 CHB 1725205?1626458911 第 1 次 获取到号码【1725205】GSD
2021-07-17 02:08:35 获取到号码【1725205】的GSD为【福建-福州】
2021-07-17 02:08:53 GSD insert 第 1 次 等待 3 秒
2021-07-17 02:08:56 {"status":"ok","gid":298970,"msg":"添加成功！"}
2021-07-17 02:08:56 下次操作: 2021-07-17 02:09:19

2021-07-17 02:09:19 开始第 31 次操作

2021-07-17 02:09:19 开始操作号码 【1725206】
2021-07-17 02:09:23 GSD getOne 第 1 次 等待 3 秒
2021-07-17 02:09:26 查询号码 【1725206】，返回信息 {"status":"bad","msg":""}
2021-07-17 02:09:26 查询号码 【1725206】，GSD为【""】
2021-07-17 02:09:26 bad
2021-07-17 02:09:27 CHB 1725206?1626458966 第 1 次 等待 3 秒
2021-07-17 02:09:30 CHB 1725206?1626458966 第 1 次 获取到号码【1725206】GSD
2021-07-17 02:09:30 获取到号码【1725206】的GSD为【福建-福州】
2021-07-17 02:09:48 GSD insert 第 1 次 等待 3 秒
2021-07-17 02:09:51 {"status":"ok","gid":298976,"msg":"添加成功！"}
2021-07-17 02:09:51 下次操作: 2021-07-17 02:10:12

2021-07-17 02:10:12 开始第 32 次操作

2021-07-17 02:10:12 开始操作号码 【1725207】
2021-07-17 02:10:15 GSD getOne 第 1 次 等待 3 秒
2021-07-17 02:10:18 查询号码 【1725207】，返回信息 {"status":"bad","msg":""}
2021-07-17 02:10:18 查询号码 【1725207】，GSD为【""】
2021-07-17 02:10:18 bad
2021-07-17 02:10:19 CHB 1725207?1626459018 第 1 次 等待 3 秒
2021-07-17 02:10:22 CHB 1725207?1626459018 第 1 次 获取到号码【1725207】GSD
2021-07-17 02:10:23 获取到号码【1725207】的GSD为【福建-福州】
2021-07-17 02:10:41 GSD insert 第 1 次 等待 3 秒
2021-07-17 02:10:44 {"status":"ok","gid":298982,"msg":"添加成功！"}
2021-07-17 02:10:44 下次操作: 2021-07-17 02:10:56

2021-07-17 02:10:56 开始第 33 次操作

2021-07-17 02:10:56 开始操作号码 【1725208】
2021-07-17 02:11:04 GSD getOne 第 1 次 等待 3 秒
2021-07-17 02:11:07 查询号码 【1725208】，返回信息 {"status":"bad","msg":""}
2021-07-17 02:11:07 查询号码 【1725208】，GSD为【""】
2021-07-17 02:11:07 bad
2021-07-17 02:11:12 CHB 1725208?1626459067 第 1 次 等待 3 秒
2021-07-17 02:11:15 CHB 1725208?1626459067 第 1 次 获取到号码【1725208】GSD
2021-07-17 02:11:15 获取到号码【1725208】的GSD为【福建-福州】
2021-07-17 02:11:25 GSD insert 第 1 次 等待 3 秒
2021-07-17 02:11:28 {"status":"ok","gid":298986,"msg":"添加成功！"}
2021-07-17 02:11:28 下次操作: 2021-07-17 02:11:52

2021-07-17 02:11:52 开始第 34 次操作

2021-07-17 02:11:52 开始操作号码 【1725209】
2021-07-17 02:11:58 GSD getOne 第 1 次 等待 3 秒
2021-07-17 02:12:01 查询号码 【1725209】，返回信息 {"status":"bad","msg":""}
2021-07-17 02:12:01 查询号码 【1725209】，GSD为【""】
2021-07-17 02:12:01 bad
2021-07-17 02:12:07 CHB 1725209?1626459121 第 1 次 等待 3 秒
2021-07-17 02:12:10 CHB 1725209?1626459121 第 1 次 获取到号码【1725209】GSD
2021-07-17 02:12:10 获取到号码【1725209】的GSD为【福建-福州】
2021-07-17 02:12:20 GSD insert 第 1 次 等待 3 秒
2021-07-17 02:12:23 {"status":"ok","gid":298992,"msg":"添加成功！"}
2021-07-17 02:12:23 下次操作: 2021-07-17 02:12:45

2021-07-17 02:12:45 开始第 35 次操作

2021-07-17 02:12:45 开始操作号码 【1725210】
2021-07-17 02:12:47 GSD getOne 第 1 次 等待 3 秒
2021-07-17 02:12:50 查询号码 【1725210】，返回信息 {"status":"bad","msg":""}
2021-07-17 02:12:50 查询号码 【1725210】，GSD为【""】
2021-07-17 02:12:50 bad
2021-07-17 02:12:52 CHB 1725210?1626459170 第 1 次 等待 3 秒
2021-07-17 02:12:55 CHB 1725210?1626459170 第 1 次 获取到号码【1725210】GSD
2021-07-17 02:12:55 获取到号码【1725210】的GSD为【福建-福州】
2021-07-17 02:13:13 GSD insert 第 1 次 等待 3 秒
2021-07-17 02:13:16 {"status":"ok","gid":298997,"msg":"添加成功！"}
2021-07-17 02:13:16 下次操作: 2021-07-17 02:13:36

2021-07-17 02:13:36 开始第 36 次操作

2021-07-17 02:13:36 开始操作号码 【1725211】
2021-07-17 02:13:59 GSD getOne 第 1 次 等待 3 秒
2021-07-17 02:14:02 查询号码 【1725211】，返回信息 {"status":"bad","msg":""}
2021-07-17 02:14:03 查询号码 【1725211】，GSD为【""】
2021-07-17 02:14:03 bad
2021-07-17 02:14:04 CHB 1725211?1626459243 第 1 次 等待 3 秒
2021-07-17 02:14:07 CHB 1725211?1626459243 第 1 次 获取到号码【1725211】GSD
2021-07-17 02:14:07 获取到号码【1725211】的GSD为【福建-福州】
2021-07-17 02:14:25 GSD insert 第 1 次 等待 3 秒
2021-07-17 02:14:28 {"status":"ok","gid":299003,"msg":"添加成功！"}
2021-07-17 02:14:28 下次操作: 2021-07-17 02:14:44

2021-07-17 02:14:44 开始第 37 次操作

2021-07-17 02:14:44 开始操作号码 【1725212】
2021-07-17 02:14:47 GSD getOne 第 1 次 等待 3 秒
2021-07-17 02:14:50 查询号码 【1725212】，返回信息 {"status":"bad","msg":""}
2021-07-17 02:14:50 查询号码 【1725212】，GSD为【""】
2021-07-17 02:14:50 bad
2021-07-17 02:14:51 CHB 1725212?1626459290 第 1 次 等待 3 秒
2021-07-17 02:14:54 CHB 1725212?1626459290 第 1 次 获取到号码【1725212】GSD
2021-07-17 02:14:54 获取到号码【1725212】的GSD为【福建-福州】
2021-07-17 02:15:12 GSD insert 第 1 次 等待 3 秒
2021-07-17 02:15:15 {"status":"ok","gid":299007,"msg":"添加成功！"}
2021-07-17 02:15:15 下次操作: 2021-07-17 02:15:35

2021-07-17 02:15:35 开始第 38 次操作

2021-07-17 02:15:35 开始操作号码 【1725213】
2021-07-17 02:15:38 GSD getOne 第 1 次 等待 3 秒
2021-07-17 02:15:41 查询号码 【1725213】，返回信息 {"status":"bad","msg":""}
2021-07-17 02:15:41 查询号码 【1725213】，GSD为【""】
2021-07-17 02:15:41 bad
2021-07-17 02:15:42 CHB 1725213?1626459341 第 1 次 等待 3 秒
2021-07-17 02:15:45 CHB 1725213?1626459341 第 1 次 获取到号码【1725213】GSD
2021-07-17 02:15:45 获取到号码【1725213】的GSD为【福建-福州】
2021-07-17 02:16:19 GSD insert 第 1 次 等待 3 秒
2021-07-17 02:16:22 {"status":"ok","gid":299013,"msg":"添加成功！"}
2021-07-17 02:16:22 下次操作: 2021-07-17 02:16:43

2021-07-17 02:16:43 开始第 39 次操作

2021-07-17 02:16:43 开始操作号码 【1725214】
2021-07-17 02:16:46 GSD getOne 第 1 次 等待 3 秒
2021-07-17 02:16:49 查询号码 【1725214】，返回信息 {"status":"bad","msg":""}
2021-07-17 02:16:49 查询号码 【1725214】，GSD为【""】
2021-07-17 02:16:49 bad
2021-07-17 02:16:50 CHB 1725214?1626459409 第 1 次 等待 3 秒
2021-07-17 02:16:53 CHB 1725214?1626459409 第 1 次 获取到号码【1725214】GSD
2021-07-17 02:16:53 获取到号码【1725214】的GSD为【福建-福州】
2021-07-17 02:17:11 GSD insert 第 1 次 等待 3 秒
2021-07-17 02:17:14 {"status":"ok","gid":299019,"msg":"添加成功！"}
2021-07-17 02:17:14 下次操作: 2021-07-17 02:17:36

2021-07-17 02:17:36 开始第 40 次操作

2021-07-17 02:17:36 开始操作号码 【1725215】
2021-07-17 02:17:39 GSD getOne 第 1 次 等待 3 秒
2021-07-17 02:17:42 查询号码 【1725215】，返回信息 {"status":"bad","msg":""}
2021-07-17 02:17:42 查询号码 【1725215】，GSD为【""】
2021-07-17 02:17:42 bad
2021-07-17 02:17:48 CHB 1725215?1626459462 第 1 次 等待 3 秒
2021-07-17 02:17:51 CHB 1725215?1626459462 第 1 次 获取到号码【1725215】GSD
2021-07-17 02:17:51 获取到号码【1725215】的GSD为【福建-福州】
2021-07-17 02:18:00 GSD insert 第 1 次 等待 3 秒
2021-07-17 02:18:03 {"status":"ok","gid":299026,"msg":"添加成功！"}

