2024-03-11 00:09:13 开始第 8381 次操作

2024-03-11 00:09:13 开始操作号码 【1788290】
2024-03-11 00:09:20 GSD getOne 第 1 次 等待 3 秒
2024-03-11 00:09:23 查询号码 【1788290】，返回信息 {"status":"ok","msg":"四川-成都","gid":"271788","time_insert":"2021-07-14 05:47"}
2024-03-11 00:09:23 查询号码 【1788290】，GSD为【"四川-成都"】

2024-03-11 00:09:24 开始第 8382 次操作

2024-03-11 00:09:24 开始操作号码 【1788291】
2024-03-11 00:09:29 GSD getOne 第 1 次 等待 3 秒
2024-03-11 00:09:32 查询号码 【1788291】，返回信息 {"status":"ok","msg":"四川-成都","gid":"271773","time_insert":"2021-07-14 05:46"}
2024-03-11 00:09:32 查询号码 【1788291】，GSD为【"四川-成都"】

2024-03-11 00:09:33 开始第 8383 次操作

2024-03-11 00:09:33 开始操作号码 【1788292】
2024-03-11 00:09:42 GSD getOne 第 1 次 等待 3 秒
2024-03-11 00:09:45 查询号码 【1788292】，返回信息 {"status":"ok","msg":"四川-成都","gid":"31730","time_insert":"2020-04-04 08:43","time_update":"2020-11-01 03:55"}
2024-03-11 00:09:46 查询号码 【1788292】，GSD为【"四川-成都"】

2024-03-11 00:09:47 开始第 8384 次操作

2024-03-11 00:09:47 开始操作号码 【1788293】
2024-03-11 00:09:51 GSD getOne 第 1 次 等待 3 秒
2024-03-11 00:09:54 查询号码 【1788293】，返回信息 {"status":"ok","msg":"四川-成都","gid":"271760","time_insert":"2021-07-14 05:46"}
2024-03-11 00:09:54 查询号码 【1788293】，GSD为【"四川-成都"】

