2024-04-24 00:10:05 开始第 5341 次操作

2024-04-24 00:10:05 开始操作号码 【1675251】
2024-04-24 00:10:12 GSD getOne 第 1 次 等待 3 秒
2024-04-24 00:10:15 查询号码 【1675251】，返回信息 {"status":"ok","msg":"宁夏-银川","gid":"280802","time_insert":"2021-07-15 06:40"}
2024-04-24 00:10:15 查询号码 【1675251】，GSD为【"宁夏-银川"】

2024-04-24 00:10:16 开始第 5342 次操作

2024-04-24 00:10:16 开始操作号码 【1675252】
2024-04-24 00:10:23 GSD getOne 第 1 次 等待 3 秒
2024-04-24 00:10:26 查询号码 【1675252】，返回信息 {"status":"ok","msg":"宁夏-银川","gid":"280820","time_insert":"2021-07-15 06:41","time_update":"2021-08-04 03:50"}
2024-04-24 00:10:26 查询号码 【1675252】，GSD为【"宁夏-银川"】

2024-04-24 00:10:27 开始第 5343 次操作

2024-04-24 00:10:27 开始操作号码 【1675253】
2024-04-24 00:10:37 GSD getOne 第 1 次 等待 3 秒
2024-04-24 00:10:40 查询号码 【1675253】，返回信息 {"status":"ok","msg":"宁夏-银川","gid":"280833","time_insert":"2021-07-15 06:42","time_update":"2021-08-04 04:29"}
2024-04-24 00:10:40 查询号码 【1675253】，GSD为【"宁夏-银川"】

2024-04-24 00:10:41 开始第 5344 次操作

2024-04-24 00:10:41 开始操作号码 【1675254】
2024-04-24 00:10:48 GSD getOne 第 1 次 等待 3 秒
2024-04-24 00:10:51 查询号码 【1675254】，返回信息 {"status":"ok","msg":"宁夏-银川","gid":"280851","time_insert":"2021-07-15 06:43"}
2024-04-24 00:10:51 查询号码 【1675254】，GSD为【"宁夏-银川"】

