2024-10-27 00:24:13 开始第 1593 次操作

2024-10-27 00:24:13 开始操作号码 【1341592】
2024-10-27 00:24:15 GSD getOne 第 1 次 等待 3 秒
2024-10-27 00:24:18 查询号码 【1341592】，返回信息 {"status":"ok","msg":"广东-东莞","gid":"68808","time_insert":"2021-05-26 10:08"}
2024-10-27 00:24:18 查询号码 【1341592】，GSD为【"广东-东莞"】

2024-10-27 00:24:19 开始第 1594 次操作

2024-10-27 00:24:19 开始操作号码 【1341593】
2024-10-27 00:24:19 GSD getOne 第 1 次 等待 3 秒
2024-10-27 00:24:22 查询号码 【1341593】，返回信息 {"status":"ok","msg":"广东-东莞","gid":"68831","time_insert":"2021-05-26 10:34"}
2024-10-27 00:24:23 查询号码 【1341593】，GSD为【"广东-东莞"】

2024-10-27 00:24:24 开始第 1595 次操作

2024-10-27 00:24:24 开始操作号码 【1341594】
2024-10-27 00:24:24 GSD getOne 第 1 次 等待 3 秒
2024-10-27 00:24:27 查询号码 【1341594】，返回信息 {"status":"ok","msg":"广东-东莞","gid":"68851","time_insert":"2021-05-26 11:02"}
2024-10-27 00:24:27 查询号码 【1341594】，GSD为【"广东-东莞"】

2024-10-27 00:24:28 开始第 1596 次操作

2024-10-27 00:24:28 开始操作号码 【1341595】
2024-10-27 00:24:29 GSD getOne 第 1 次 等待 3 秒
2024-10-27 00:24:32 查询号码 【1341595】，返回信息 {"status":"ok","msg":"广东-东莞","gid":"68864","time_insert":"2021-05-26 11:18"}
2024-10-27 00:24:32 查询号码 【1341595】，GSD为【"广东-东莞"】

