2024-04-21 00:09:39 开始第 4793 次操作

2024-04-21 00:09:39 开始操作号码 【1674703】
2024-04-21 00:09:59 GSD getOne 第 1 次 等待 3 秒
2024-04-21 00:10:02 查询号码 【1674703】，返回信息 {"status":"ok","msg":"-","gid":"273424","time_insert":"2021-07-14 10:52"}
2024-04-21 00:10:02 查询号码 【1674703】，GSD为【"-"】
2024-04-21 00:10:02 ok && -
2024-04-21 00:10:04 CHB 1674703?1713629402 第 1 次 等待 3 秒
2024-04-21 00:10:07 CHB 1674703?1713629402 第 1 次 获取到号码【1674703】GSD
2024-04-21 00:10:07 未获取到号码【1674703】GSD，可能号码格式错误
2024-04-21 00:10:07 获取到号码【1674703】的GSD为【-】
2024-04-21 00:11:00 GSD insert 第 1 次 等待 3 秒
2024-04-21 00:11:03 {"status":"bad","gid":"273424","msg":"添加失败！号码【1674703(-|-)】已存在！"}
2024-04-21 00:11:03 随机等待 67 秒，约 1 分钟
2024-04-21 00:11:03 下次操作: 2024-04-21 00:12:10

2024-04-21 00:12:10 开始第 4794 次操作

2024-04-21 00:12:10 开始操作号码 【1674704】
2024-04-21 00:12:35 GSD getOne 第 1 次 等待 3 秒
2024-04-21 00:12:38 查询号码 【1674704】，返回信息 {"status":"ok","msg":"-","gid":"273428","time_insert":"2021-07-14 10:52"}
2024-04-21 00:12:38 查询号码 【1674704】，GSD为【"-"】
2024-04-21 00:12:38 ok && -
2024-04-21 00:12:41 CHB 1674704?1713629558 第 1 次 等待 3 秒
2024-04-21 00:12:44 CHB 1674704?1713629558 第 1 次 获取到号码【1674704】GSD
2024-04-21 00:12:44 未获取到号码【1674704】GSD，可能号码格式错误
2024-04-21 00:12:44 获取到号码【1674704】的GSD为【-】
2024-04-21 00:13:22 GSD insert 第 1 次 等待 3 秒
2024-04-21 00:13:25 {"status":"bad","gid":"273428","msg":"添加失败！号码【1674704(-|-)】已存在！"}
2024-04-21 00:13:25 随机等待 215 秒，约 3 分钟
2024-04-21 00:13:25 下次操作: 2024-04-21 00:17:00

2024-04-21 00:17:00 开始第 4795 次操作

2024-04-21 00:17:00 开始操作号码 【1674705】
2024-04-21 00:17:29 GSD getOne 第 1 次 等待 3 秒
2024-04-21 00:17:32 查询号码 【1674705】，返回信息 {"status":"ok","msg":"-","gid":"273436","time_insert":"2021-07-14 10:53"}
2024-04-21 00:17:32 查询号码 【1674705】，GSD为【"-"】
2024-04-21 00:17:32 ok && -
2024-04-21 00:17:35 CHB 1674705?1713629852 第 1 次 等待 3 秒
2024-04-21 00:17:38 CHB 1674705?1713629852 第 1 次 获取到号码【1674705】GSD
2024-04-21 00:17:38 未获取到号码【1674705】GSD，可能号码格式错误
2024-04-21 00:17:38 获取到号码【1674705】的GSD为【-】
2024-04-21 00:17:54 GSD insert 第 1 次 等待 3 秒
2024-04-21 00:17:57 {"status":"bad","gid":"273436","msg":"添加失败！号码【1674705(-|-)】已存在！"}
2024-04-21 00:17:57 随机等待 85 秒，约 1 分钟
2024-04-21 00:17:57 下次操作: 2024-04-21 00:19:22

2024-04-21 00:19:22 开始第 4796 次操作

2024-04-21 00:19:22 开始操作号码 【1674706】
2024-04-21 00:20:13 GSD getOne 第 1 次 等待 3 秒
2024-04-21 00:20:16 查询号码 【1674706】，返回信息 {"status":"ok","msg":"浙江-温州","gid":"273441","time_insert":"2021-07-14 10:53","time_update":"2023-08-25 16:44"}
2024-04-21 00:20:16 查询号码 【1674706】，GSD为【"浙江-温州"】

2024-04-21 00:33:20 开始第 4797 次操作

2024-04-21 00:33:20 开始操作号码 【1674707】
2024-04-21 00:33:46 GSD getOne 第 1 次 等待 3 秒
2024-04-21 00:33:49 查询号码 【1674707】，返回信息 {"status":"ok","msg":"-","gid":"273448","time_insert":"2021-07-14 10:54"}
2024-04-21 00:33:49 查询号码 【1674707】，GSD为【"-"】
2024-04-21 00:33:49 ok && -
2024-04-21 00:33:52 CHB 1674707?1713630829 第 1 次 等待 3 秒
2024-04-21 00:33:55 CHB 1674707?1713630829 第 1 次 获取到号码【1674707】GSD
2024-04-21 00:33:55 0: 浙江-温州
2024-04-21 00:33:55 获取到号码【1674707】的GSD为【浙江-温州】
2024-04-21 00:35:02 GSD insert 第 1 次 等待 3 秒
2024-04-21 00:35:05 {"status":"ok","gid":"273448","msg":"添加号码已存在，但为‘-’，修改为【浙江-温州】成功！"}
2024-04-21 00:35:05 随机等待 232 秒，约 3 分钟
2024-04-21 00:35:05 下次操作: 2024-04-21 00:38:57

2024-04-21 00:38:57 开始第 4798 次操作

2024-04-21 00:38:57 开始操作号码 【1674708】
2024-04-21 00:39:08 GSD getOne 第 1 次 等待 3 秒
2024-04-21 00:39:11 查询号码 【1674708】，返回信息 {"status":"ok","msg":"-","gid":"273618","time_insert":"2021-07-14 11:41"}
2024-04-21 00:39:11 查询号码 【1674708】，GSD为【"-"】
2024-04-21 00:39:11 ok && -
2024-04-21 00:39:13 CHB 1674708?1713631151 第 1 次 等待 3 秒
2024-04-21 00:39:16 CHB 1674708?1713631151 第 1 次 获取到号码【1674708】GSD
2024-04-21 00:39:16 0: 浙江-温州
2024-04-21 00:39:16 获取到号码【1674708】的GSD为【浙江-温州】
2024-04-21 00:39:24 GSD insert 第 1 次 等待 3 秒
2024-04-21 00:39:27 {"status":"ok","gid":"273618","msg":"添加号码已存在，但为‘-’，修改为【浙江-温州】成功！"}
2024-04-21 00:39:27 随机等待 120 秒，约 2 分钟
2024-04-21 00:39:27 下次操作: 2024-04-21 00:41:27

2024-04-21 00:41:27 开始第 4799 次操作

2024-04-21 00:41:27 开始操作号码 【1674709】
2024-04-21 00:41:33 GSD getOne 第 1 次 等待 3 秒
2024-04-21 00:41:36 查询号码 【1674709】，返回信息 {"status":"ok","msg":"-","gid":"273622","time_insert":"2021-07-14 11:41"}
2024-04-21 00:41:36 查询号码 【1674709】，GSD为【"-"】
2024-04-21 00:41:36 ok && -
2024-04-21 00:41:40 CHB 1674709?1713631296 第 1 次 等待 3 秒
2024-04-21 00:41:43 CHB 1674709?1713631296 第 1 次 获取到号码【1674709】GSD
2024-04-21 00:41:43 未获取到号码【1674709】GSD，可能号码格式错误
2024-04-21 00:41:43 获取到号码【1674709】的GSD为【-】
2024-04-21 00:41:52 GSD insert 第 1 次 等待 3 秒
2024-04-21 00:41:55 {"status":"bad","gid":"273622","msg":"添加失败！号码【1674709(-|-)】已存在！"}
2024-04-21 00:41:55 随机等待 74 秒，约 1 分钟
2024-04-21 00:41:55 下次操作: 2024-04-21 00:43:09

2024-04-21 00:43:09 开始第 4800 次操作

2024-04-21 00:43:09 开始操作号码 【1674710】
2024-04-21 00:43:15 GSD getOne 第 1 次 等待 3 秒
2024-04-21 00:43:18 查询号码 【1674710】，返回信息 {"status":"ok","msg":"-","gid":"273625","time_insert":"2021-07-14 11:42"}
2024-04-21 00:43:18 查询号码 【1674710】，GSD为【"-"】
2024-04-21 00:43:18 ok && -
2024-04-21 00:43:21 CHB 1674710?1713631398 第 1 次 等待 3 秒
2024-04-21 00:43:24 CHB 1674710?1713631398 第 1 次 获取到号码【1674710】GSD
2024-04-21 00:43:24 未获取到号码【1674710】GSD，可能号码格式错误
2024-04-21 00:43:24 获取到号码【1674710】的GSD为【-】
2024-04-21 00:43:36 GSD insert 第 1 次 等待 3 秒
2024-04-21 00:43:39 {"status":"bad","gid":"273625","msg":"添加失败！号码【1674710(-|-)】已存在！"}

