2021-08-04 01:08:00 开始第 1 次操作

2021-08-04 01:08:00 开始操作号码 【1490479】
2021-08-04 01:08:22 GSD getOne 第 1 次 等待 3 秒
2021-08-04 01:08:25 查询号码 【1490479】，返回信息 {"status":"ok","msg":"-","gid":"256879","time_insert":"2021-07-12 13:49","time_update":"2021-07-27 16:33"}
2021-08-04 01:08:25 查询号码 【1490479】，GSD为【"-"】
2021-08-04 01:08:25 ok && -
2021-08-04 01:08:27 CHB 1490479?1628010505 第 1 次 等待 3 秒
2021-08-04 01:08:30 CHB 1490479?1628010505 第 1 次 获取到号码【1490479】GSD
2021-08-04 01:08:30 未获取到号码【1490479】GSD，可能号码格式错误
2021-08-04 01:08:30 获取到号码【1490479】的GSD为【-】
2021-08-04 01:08:59 GSD insert 第 1 次 等待 3 秒
2021-08-04 01:09:02 {"status":"bad","gid":"256879","msg":"添加失败！号码【1490479(-|-)】已存在！"}
2021-08-04 01:09:02 下次操作: 2021-08-04 01:09:16

2021-08-04 01:09:16 开始第 2 次操作

2021-08-04 01:09:16 开始操作号码 【1490480】
2021-08-04 01:09:32 GSD getOne 第 1 次 等待 3 秒
2021-08-04 01:09:35 查询号码 【1490480】，返回信息 {"status":"ok","msg":"-","gid":"257066","time_insert":"2021-07-12 14:51","time_update":"2021-07-27 16:36"}
2021-08-04 01:09:35 查询号码 【1490480】，GSD为【"-"】
2021-08-04 01:09:35 ok && -
2021-08-04 01:09:37 CHB 1490480?1628010575 第 1 次 等待 3 秒
2021-08-04 01:09:40 CHB 1490480?1628010575 第 1 次 获取到号码【1490480】GSD
2021-08-04 01:09:40 未获取到号码【1490480】GSD，可能号码格式错误
2021-08-04 01:09:40 获取到号码【1490480】的GSD为【-】
2021-08-04 01:10:12 GSD insert 第 1 次 等待 3 秒
2021-08-04 01:10:15 {"status":"bad","gid":"257066","msg":"添加失败！号码【1490480(-|-)】已存在！"}
2021-08-04 01:10:15 下次操作: 2021-08-04 01:10:32

2021-08-04 01:10:32 开始第 3 次操作

2021-08-04 01:10:32 开始操作号码 【1490481】
2021-08-04 01:10:45 GSD getOne 第 1 次 等待 3 秒
2021-08-04 01:10:48 查询号码 【1490481】，返回信息 {"status":"ok","msg":"-","gid":"257077","time_insert":"2021-07-12 14:52","time_update":"2021-07-27 16:42"}
2021-08-04 01:10:48 查询号码 【1490481】，GSD为【"-"】
2021-08-04 01:10:48 ok && -
2021-08-04 01:10:49 CHB 1490481?1628010648 第 1 次 等待 3 秒
2021-08-04 01:10:52 CHB 1490481?1628010648 第 1 次 获取到号码【1490481】GSD
2021-08-04 01:10:52 未获取到号码【1490481】GSD，查号吧 400 错误
2021-08-04 01:10:52 获取到号码【1490481】的GSD为【-】
2021-08-04 01:11:19 GSD insert 第 1 次 等待 3 秒
2021-08-04 01:11:22 {"status":"bad","gid":"257077","msg":"添加失败！号码【1490481(-|-)】已存在！"}
2021-08-04 01:11:22 下次操作: 2021-08-04 01:11:46

2021-08-04 01:11:46 开始第 4 次操作

2021-08-04 01:11:46 开始操作号码 【1490482】
2021-08-04 01:12:07 GSD getOne 第 1 次 等待 3 秒
2021-08-04 01:12:10 查询号码 【1490482】，返回信息 {"status":"ok","msg":"-","gid":"257089","time_insert":"2021-07-12 14:52","time_update":"2021-07-27 16:48"}
2021-08-04 01:12:10 查询号码 【1490482】，GSD为【"-"】
2021-08-04 01:12:10 ok && -
2021-08-04 01:12:11 CHB 1490482?1628010730 第 1 次 等待 3 秒
2021-08-04 01:12:14 CHB 1490482?1628010730 第 1 次 获取到号码【1490482】GSD
2021-08-04 01:12:14 未获取到号码【1490482】GSD，可能号码格式错误
2021-08-04 01:12:14 获取到号码【1490482】的GSD为【-】
2021-08-04 01:12:57 GSD insert 第 1 次 等待 3 秒
2021-08-04 01:13:00 {"status":"bad","gid":"257089","msg":"添加失败！号码【1490482(-|-)】已存在！"}
2021-08-04 01:13:00 下次操作: 2021-08-04 01:13:16

2021-08-04 01:13:16 开始第 5 次操作

2021-08-04 01:13:16 开始操作号码 【1490483】
2021-08-04 01:13:44 GSD getOne 第 1 次 等待 3 秒
2021-08-04 01:13:47 查询号码 【1490483】，返回信息 {"status":"ok","msg":"-","gid":"257103","time_insert":"2021-07-12 14:53","time_update":"2021-07-27 16:52"}
2021-08-04 01:13:47 查询号码 【1490483】，GSD为【"-"】
2021-08-04 01:13:47 ok && -
2021-08-04 01:13:48 CHB 1490483?1628010827 第 1 次 等待 3 秒
2021-08-04 01:13:51 CHB 1490483?1628010827 第 1 次 获取到号码【1490483】GSD
2021-08-04 01:13:51 未获取到号码【1490483】GSD，可能号码格式错误
2021-08-04 01:13:51 获取到号码【1490483】的GSD为【-】
2021-08-04 01:14:19 GSD insert 第 1 次 等待 3 秒
2021-08-04 01:14:22 {"status":"bad","gid":"257103","msg":"添加失败！号码【1490483(-|-)】已存在！"}
2021-08-04 01:14:22 下次操作: 2021-08-04 01:14:38

2021-08-04 01:14:38 开始第 6 次操作

2021-08-04 01:14:38 开始操作号码 【1490484】
2021-08-04 01:14:51 GSD getOne 第 1 次 等待 3 秒
2021-08-04 01:14:54 查询号码 【1490484】，返回信息 {"status":"ok","msg":"-","gid":"257117","time_insert":"2021-07-12 14:54","time_update":"2021-07-27 16:56"}
2021-08-04 01:14:54 查询号码 【1490484】，GSD为【"-"】
2021-08-04 01:14:54 ok && -
2021-08-04 01:14:56 CHB 1490484?1628010894 第 1 次 等待 3 秒
2021-08-04 01:14:59 CHB 1490484?1628010894 第 1 次 获取到号码【1490484】GSD
2021-08-04 01:14:59 未获取到号码【1490484】GSD，可能号码格式错误
2021-08-04 01:14:59 获取到号码【1490484】的GSD为【-】
2021-08-04 01:15:52 GSD insert 第 1 次 等待 3 秒
2021-08-04 01:15:55 {"status":"bad","gid":"257117","msg":"添加失败！号码【1490484(-|-)】已存在！"}
2021-08-04 01:15:55 下次操作: 2021-08-04 01:16:17

2021-08-04 01:16:17 开始第 7 次操作

2021-08-04 01:16:17 开始操作号码 【1490485】
2021-08-04 01:16:31 GSD getOne 第 1 次 等待 3 秒
2021-08-04 01:16:34 查询号码 【1490485】，返回信息 {"status":"ok","msg":"-","gid":"257131","time_insert":"2021-07-12 14:55","time_update":"2021-07-27 16:59"}
2021-08-04 01:16:34 查询号码 【1490485】，GSD为【"-"】
2021-08-04 01:16:34 ok && -
2021-08-04 01:16:39 CHB 1490485?1628010994 第 1 次 等待 3 秒
2021-08-04 01:16:42 CHB 1490485?1628010994 第 1 次 获取到号码【1490485】GSD
2021-08-04 01:16:43 未获取到号码【1490485】GSD，可能号码格式错误
2021-08-04 01:16:43 获取到号码【1490485】的GSD为【-】
2021-08-04 01:17:04 GSD insert 第 1 次 等待 3 秒
2021-08-04 01:17:07 {"status":"bad","gid":"257131","msg":"添加失败！号码【1490485(-|-)】已存在！"}
2021-08-04 01:17:07 下次操作: 2021-08-04 01:17:31

2021-08-04 01:17:31 开始第 8 次操作

2021-08-04 01:17:31 开始操作号码 【1490486】
2021-08-04 01:17:51 GSD getOne 第 1 次 等待 3 秒
2021-08-04 01:17:54 查询号码 【1490486】，返回信息 {"status":"ok","msg":"-","gid":"257149","time_insert":"2021-07-12 14:55","time_update":"2021-07-27 17:04"}
2021-08-04 01:17:55 查询号码 【1490486】，GSD为【"-"】
2021-08-04 01:17:55 ok && -
2021-08-04 01:17:59 CHB 1490486?1628011075 第 1 次 等待 3 秒
2021-08-04 01:18:02 CHB 1490486?1628011075 第 1 次 获取到号码【1490486】GSD
2021-08-04 01:18:02 未获取到号码【1490486】GSD，查号吧 400 错误
2021-08-04 01:18:02 获取到号码【1490486】的GSD为【-】
2021-08-04 01:18:22 GSD insert 第 1 次 等待 3 秒
2021-08-04 01:18:25 {"status":"bad","gid":"257149","msg":"添加失败！号码【1490486(-|-)】已存在！"}
2021-08-04 01:18:25 下次操作: 2021-08-04 01:18:37

2021-08-04 01:18:37 开始第 9 次操作

2021-08-04 01:18:37 开始操作号码 【1490487】
2021-08-04 01:19:03 GSD getOne 第 1 次 等待 3 秒
2021-08-04 01:19:06 查询号码 【1490487】，返回信息 {"status":"ok","msg":"-","gid":"257163","time_insert":"2021-07-12 14:56","time_update":"2021-07-27 17:10"}
2021-08-04 01:19:06 查询号码 【1490487】，GSD为【"-"】
2021-08-04 01:19:06 ok && -
2021-08-04 01:19:07 CHB 1490487?1628011146 第 1 次 等待 3 秒
2021-08-04 01:19:10 CHB 1490487?1628011146 第 1 次 获取到号码【1490487】GSD
2021-08-04 01:19:10 未获取到号码【1490487】GSD，可能号码格式错误
2021-08-04 01:19:10 获取到号码【1490487】的GSD为【-】
2021-08-04 01:19:38 GSD insert 第 1 次 等待 3 秒
2021-08-04 01:19:41 {"status":"bad","gid":"257163","msg":"添加失败！号码【1490487(-|-)】已存在！"}
2021-08-04 01:19:41 下次操作: 2021-08-04 01:19:55

2021-08-04 01:19:55 开始第 10 次操作

2021-08-04 01:19:55 开始操作号码 【1490488】
2021-08-04 01:20:12 GSD getOne 第 1 次 等待 3 秒
2021-08-04 01:20:15 查询号码 【1490488】，返回信息 {"status":"ok","msg":"-","gid":"257179","time_insert":"2021-07-12 14:57","time_update":"2021-07-27 17:14"}
2021-08-04 01:20:15 查询号码 【1490488】，GSD为【"-"】
2021-08-04 01:20:15 ok && -
2021-08-04 01:20:16 CHB 1490488?1628011215 第 1 次 等待 3 秒
2021-08-04 01:20:19 CHB 1490488?1628011215 第 1 次 获取到号码【1490488】GSD
2021-08-04 01:20:19 未获取到号码【1490488】GSD，可能号码格式错误
2021-08-04 01:20:19 获取到号码【1490488】的GSD为【-】
2021-08-04 01:21:06 GSD insert 第 1 次 等待 3 秒
2021-08-04 01:21:09 {"status":"bad","gid":"257179","msg":"添加失败！号码【1490488(-|-)】已存在！"}
2021-08-04 01:21:09 下次操作: 2021-08-04 01:21:27

2021-08-04 01:21:27 开始第 11 次操作

2021-08-04 01:21:27 开始操作号码 【1490489】
2021-08-04 01:21:44 GSD getOne 第 1 次 等待 3 秒
2021-08-04 01:21:47 查询号码 【1490489】，返回信息 {"status":"ok","msg":"-","gid":"257197","time_insert":"2021-07-12 14:58","time_update":"2021-07-27 17:19"}
2021-08-04 01:21:47 查询号码 【1490489】，GSD为【"-"】
2021-08-04 01:21:47 ok && -
2021-08-04 01:21:49 CHB 1490489?1628011307 第 1 次 等待 3 秒
2021-08-04 01:21:52 CHB 1490489?1628011307 第 1 次 获取到号码【1490489】GSD
2021-08-04 01:21:52 未获取到号码【1490489】GSD，可能号码格式错误
2021-08-04 01:21:52 获取到号码【1490489】的GSD为【-】
2021-08-04 01:22:24 GSD insert 第 1 次 等待 3 秒
2021-08-04 01:22:27 {"status":"bad","gid":"257197","msg":"添加失败！号码【1490489(-|-)】已存在！"}
2021-08-04 01:22:27 下次操作: 2021-08-04 01:22:40

2021-08-04 01:22:40 开始第 12 次操作

2021-08-04 01:22:40 开始操作号码 【1490490】
2021-08-04 01:22:46 GSD getOne 第 1 次 等待 3 秒
2021-08-04 01:22:49 查询号码 【1490490】，返回信息 {"status":"ok","msg":"-","gid":"257209","time_insert":"2021-07-12 14:58","time_update":"2021-07-27 17:25"}
2021-08-04 01:22:49 查询号码 【1490490】，GSD为【"-"】
2021-08-04 01:22:49 ok && -
2021-08-04 01:22:50 CHB 1490490?1628011369 第 1 次 等待 3 秒
2021-08-04 01:22:53 CHB 1490490?1628011369 第 1 次 获取到号码【1490490】GSD
2021-08-04 01:22:53 未获取到号码【1490490】GSD，可能号码格式错误
2021-08-04 01:22:53 获取到号码【1490490】的GSD为【-】
2021-08-04 01:23:22 GSD insert 第 1 次 等待 3 秒
2021-08-04 01:23:25 {"status":"bad","gid":"257209","msg":"添加失败！号码【1490490(-|-)】已存在！"}
2021-08-04 01:23:25 下次操作: 2021-08-04 01:23:47

2021-08-04 01:23:47 开始第 13 次操作

2021-08-04 01:23:47 开始操作号码 【1490491】
2021-08-04 01:23:57 GSD getOne 第 1 次 等待 3 秒
2021-08-04 01:24:00 查询号码 【1490491】，返回信息 {"status":"ok","msg":"-","gid":"257225","time_insert":"2021-07-12 14:59","time_update":"2021-07-27 17:31"}
2021-08-04 01:24:00 查询号码 【1490491】，GSD为【"-"】
2021-08-04 01:24:00 ok && -
2021-08-04 01:24:02 CHB 1490491?1628011440 第 1 次 等待 3 秒
2021-08-04 01:24:05 CHB 1490491?1628011440 第 1 次 获取到号码【1490491】GSD
2021-08-04 01:24:05 未获取到号码【1490491】GSD，可能号码格式错误
2021-08-04 01:24:05 获取到号码【1490491】的GSD为【-】
2021-08-04 01:24:45 GSD insert 第 1 次 等待 3 秒
2021-08-04 01:24:48 {"status":"bad","gid":"257225","msg":"添加失败！号码【1490491(-|-)】已存在！"}
2021-08-04 01:24:48 下次操作: 2021-08-04 01:25:05

2021-08-04 01:25:05 开始第 14 次操作

2021-08-04 01:25:05 开始操作号码 【1490492】
2021-08-04 01:25:22 GSD getOne 第 1 次 等待 3 秒
2021-08-04 01:25:25 查询号码 【1490492】，返回信息 {"status":"ok","msg":"-","gid":"257240","time_insert":"2021-07-12 15:00","time_update":"2021-07-27 17:36"}
2021-08-04 01:25:25 查询号码 【1490492】，GSD为【"-"】
2021-08-04 01:25:25 ok && -
2021-08-04 01:25:31 CHB 1490492?1628011525 第 1 次 等待 3 秒
2021-08-04 01:25:34 CHB 1490492?1628011525 第 1 次 获取到号码【1490492】GSD
2021-08-04 01:25:34 未获取到号码【1490492】GSD，可能号码格式错误
2021-08-04 01:25:34 获取到号码【1490492】的GSD为【-】
2021-08-04 01:25:53 GSD insert 第 1 次 等待 3 秒
2021-08-04 01:25:56 {"status":"bad","gid":"257240","msg":"添加失败！号码【1490492(-|-)】已存在！"}
2021-08-04 01:25:56 下次操作: 2021-08-04 01:26:19

2021-08-04 01:26:19 开始第 15 次操作

2021-08-04 01:26:19 开始操作号码 【1490493】
2021-08-04 01:27:48 GSD getOne 第 1 次 等待 3 秒
2021-08-04 01:27:51 查询号码 【1490493】，返回信息 {"status":"ok","msg":"-","gid":"257255","time_insert":"2021-07-12 15:00","time_update":"2021-07-27 17:40"}
2021-08-04 01:27:51 查询号码 【1490493】，GSD为【"-"】
2021-08-04 01:27:51 ok && -
2021-08-04 01:27:53 CHB 1490493?1628011671 第 1 次 等待 3 秒
2021-08-04 01:27:56 CHB 1490493?1628011671 第 1 次 获取到号码【1490493】GSD
2021-08-04 01:27:56 未获取到号码【1490493】GSD，可能号码格式错误
2021-08-04 01:27:56 获取到号码【1490493】的GSD为【-】
2021-08-04 01:28:24 GSD insert 第 1 次 等待 3 秒
2021-08-04 01:28:27 {"status":"bad","gid":"257255","msg":"添加失败！号码【1490493(-|-)】已存在！"}
2021-08-04 01:28:27 下次操作: 2021-08-04 01:28:40

2021-08-04 01:28:40 开始第 16 次操作

2021-08-04 01:28:40 开始操作号码 【1490494】
2021-08-04 01:29:20 GSD getOne 第 1 次 等待 3 秒
2021-08-04 01:29:23 查询号码 【1490494】，返回信息 {"status":"ok","msg":"-","gid":"257266","time_insert":"2021-07-12 15:01","time_update":"2021-07-27 17:46"}
2021-08-04 01:29:23 查询号码 【1490494】，GSD为【"-"】
2021-08-04 01:29:23 ok && -
2021-08-04 01:29:25 CHB 1490494?1628011763 第 1 次 等待 3 秒
2021-08-04 01:29:28 CHB 1490494?1628011763 第 1 次 获取到号码【1490494】GSD
2021-08-04 01:29:28 未获取到号码【1490494】GSD，可能号码格式错误
2021-08-04 01:29:28 获取到号码【1490494】的GSD为【-】
2021-08-04 01:30:27 GSD insert 第 1 次 等待 3 秒
2021-08-04 01:30:30 {"status":"bad","gid":"257266","msg":"添加失败！号码【1490494(-|-)】已存在！"}
2021-08-04 01:30:30 下次操作: 2021-08-04 01:30:44

2021-08-04 01:30:44 开始第 17 次操作

2021-08-04 01:30:44 开始操作号码 【1490495】
2021-08-04 01:31:17 GSD getOne 第 1 次 等待 3 秒
2021-08-04 01:31:20 查询号码 【1490495】，返回信息 {"status":"ok","msg":"-","gid":"257275","time_insert":"2021-07-12 15:02","time_update":"2021-07-27 17:49"}
2021-08-04 01:31:21 查询号码 【1490495】，GSD为【"-"】
2021-08-04 01:31:21 ok && -
2021-08-04 01:31:22 CHB 1490495?1628011881 第 1 次 等待 3 秒
2021-08-04 01:31:25 CHB 1490495?1628011881 第 1 次 获取到号码【1490495】GSD
2021-08-04 01:31:25 未获取到号码【1490495】GSD，可能号码格式错误
2021-08-04 01:31:25 获取到号码【1490495】的GSD为【-】
2021-08-04 01:31:59 GSD insert 第 1 次 等待 3 秒
2021-08-04 01:32:02 {"status":"bad","gid":"257275","msg":"添加失败！号码【1490495(-|-)】已存在！"}
2021-08-04 01:32:02 下次操作: 2021-08-04 01:32:25

2021-08-04 01:32:25 开始第 18 次操作

2021-08-04 01:32:25 开始操作号码 【1490496】
2021-08-04 01:32:42 GSD getOne 第 1 次 等待 3 秒
2021-08-04 01:32:45 查询号码 【1490496】，返回信息 {"status":"ok","msg":"-","gid":"257285","time_insert":"2021-07-12 15:02","time_update":"2021-07-27 17:53"}
2021-08-04 01:32:45 查询号码 【1490496】，GSD为【"-"】
2021-08-04 01:32:45 ok && -
2021-08-04 01:32:46 CHB 1490496?1628011965 第 1 次 等待 3 秒
2021-08-04 01:32:49 CHB 1490496?1628011965 第 1 次 获取到号码【1490496】GSD
2021-08-04 01:32:49 未获取到号码【1490496】GSD，可能号码格式错误
2021-08-04 01:32:49 获取到号码【1490496】的GSD为【-】
2021-08-04 01:33:25 GSD insert 第 1 次 等待 3 秒
2021-08-04 01:33:28 {"status":"bad","gid":"257285","msg":"添加失败！号码【1490496(-|-)】已存在！"}
2021-08-04 01:33:28 下次操作: 2021-08-04 01:33:44

2021-08-04 01:33:44 开始第 19 次操作

2021-08-04 01:33:44 开始操作号码 【1490497】
2021-08-04 01:34:17 GSD getOne 第 1 次 等待 3 秒
2021-08-04 01:34:20 查询号码 【1490497】，返回信息 {"status":"ok","msg":"-","gid":"257294","time_insert":"2021-07-12 15:03","time_update":"2021-07-27 17:56"}
2021-08-04 01:34:20 查询号码 【1490497】，GSD为【"-"】
2021-08-04 01:34:20 ok && -
2021-08-04 01:34:21 CHB 1490497?1628012060 第 1 次 等待 3 秒
2021-08-04 01:34:24 CHB 1490497?1628012060 第 1 次 获取到号码【1490497】GSD
2021-08-04 01:34:24 未获取到号码【1490497】GSD，可能号码格式错误
2021-08-04 01:34:24 获取到号码【1490497】的GSD为【-】
2021-08-04 01:35:06 GSD insert 第 1 次 等待 3 秒
2021-08-04 01:35:09 {"status":"bad","gid":"257294","msg":"添加失败！号码【1490497(-|-)】已存在！"}
2021-08-04 01:35:09 下次操作: 2021-08-04 01:35:24

2021-08-04 01:35:24 开始第 20 次操作

2021-08-04 01:35:24 开始操作号码 【1490498】
2021-08-04 01:35:38 GSD getOne 第 1 次 等待 3 秒
2021-08-04 01:35:41 查询号码 【1490498】，返回信息 {"status":"ok","msg":"-","gid":"257301","time_insert":"2021-07-12 15:04","time_update":"2021-07-27 18:02"}
2021-08-04 01:35:41 查询号码 【1490498】，GSD为【"-"】
2021-08-04 01:35:41 ok && -
2021-08-04 01:35:42 CHB 1490498?1628012141 第 1 次 等待 3 秒
2021-08-04 01:35:45 CHB 1490498?1628012141 第 1 次 获取到号码【1490498】GSD
2021-08-04 01:35:45 未获取到号码【1490498】GSD，可能号码格式错误
2021-08-04 01:35:45 获取到号码【1490498】的GSD为【-】
2021-08-04 01:36:13 GSD insert 第 1 次 等待 3 秒
2021-08-04 01:36:16 {"status":"bad","gid":"257301","msg":"添加失败！号码【1490498(-|-)】已存在！"}
2021-08-04 01:36:16 下次操作: 2021-08-04 01:36:37

2021-08-04 01:36:37 开始第 21 次操作

2021-08-04 01:36:37 开始操作号码 【1490499】
2021-08-04 01:36:52 GSD getOne 第 1 次 等待 3 秒
2021-08-04 01:36:55 查询号码 【1490499】，返回信息 {"status":"ok","msg":"-","gid":"257308","time_insert":"2021-07-12 15:05","time_update":"2021-07-27 18:06"}
2021-08-04 01:36:55 查询号码 【1490499】，GSD为【"-"】
2021-08-04 01:36:55 ok && -
2021-08-04 01:36:56 CHB 1490499?1628012215 第 1 次 等待 3 秒
2021-08-04 01:36:59 CHB 1490499?1628012215 第 1 次 获取到号码【1490499】GSD
2021-08-04 01:36:59 未获取到号码【1490499】GSD，可能号码格式错误
2021-08-04 01:36:59 获取到号码【1490499】的GSD为【-】
2021-08-04 01:37:26 GSD insert 第 1 次 等待 3 秒
2021-08-04 01:37:29 {"status":"bad","gid":"257308","msg":"添加失败！号码【1490499(-|-)】已存在！"}
2021-08-04 01:37:29 下次操作: 2021-08-04 01:37:46

2021-08-04 01:37:46 开始第 22 次操作

2021-08-04 01:37:46 开始操作号码 【1490500】
2021-08-04 01:38:13 GSD getOne 第 1 次 等待 3 秒
2021-08-04 01:38:16 查询号码 【1490500】，返回信息 {"status":"ok","msg":"上海-上海","gid":"257312","time_insert":"2021-07-12 15:05"}
2021-08-04 01:38:16 查询号码 【1490500】，GSD为【"上海-上海"】

2021-08-04 01:38:16 开始第 23 次操作

2021-08-04 01:38:16 开始操作号码 【1490501】
2021-08-04 01:38:47 GSD getOne 第 1 次 等待 3 秒
2021-08-04 01:38:50 查询号码 【1490501】，返回信息 {"status":"ok","msg":"上海-上海","gid":"257316","time_insert":"2021-07-12 15:06"}
2021-08-04 01:38:50 查询号码 【1490501】，GSD为【"上海-上海"】

2021-08-04 01:38:50 开始第 24 次操作

2021-08-04 01:38:50 开始操作号码 【1490502】
2021-08-04 01:39:23 GSD getOne 第 1 次 等待 3 秒
2021-08-04 01:39:26 查询号码 【1490502】，返回信息 {"status":"ok","msg":"上海-上海","gid":"257321","time_insert":"2021-07-12 15:07"}
2021-08-04 01:39:26 查询号码 【1490502】，GSD为【"上海-上海"】

2021-08-04 01:39:26 开始第 25 次操作

2021-08-04 01:39:26 开始操作号码 【1490503】
2021-08-04 01:39:55 GSD getOne 第 1 次 等待 3 秒
2021-08-04 01:39:58 查询号码 【1490503】，返回信息 {"status":"ok","msg":"上海-上海","gid":"257327","time_insert":"2021-07-12 15:07"}
2021-08-04 01:39:58 查询号码 【1490503】，GSD为【"上海-上海"】

2021-08-04 01:39:58 开始第 26 次操作

2021-08-04 01:39:58 开始操作号码 【1490504】
2021-08-04 01:40:35 GSD getOne 第 1 次 等待 3 秒
2021-08-04 01:40:38 查询号码 【1490504】，返回信息 {"status":"ok","msg":"上海-上海","gid":"257331","time_insert":"2021-07-12 15:08"}
2021-08-04 01:40:38 查询号码 【1490504】，GSD为【"上海-上海"】

2021-08-04 01:40:38 开始第 27 次操作

2021-08-04 01:40:38 开始操作号码 【1490505】
2021-08-04 01:41:51 GSD getOne 第 1 次 等待 3 秒
2021-08-04 01:41:54 查询号码 【1490505】，返回信息 {"status":"ok","msg":"上海-上海","gid":"257333","time_insert":"2021-07-12 15:09"}
2021-08-04 01:41:54 查询号码 【1490505】，GSD为【"上海-上海"】

2021-08-04 01:41:54 开始第 28 次操作

2021-08-04 01:41:54 开始操作号码 【1490506】
2021-08-04 01:42:19 GSD getOne 第 1 次 等待 3 秒
2021-08-04 01:42:22 查询号码 【1490506】，返回信息 {"status":"ok","msg":"上海-上海","gid":"257339","time_insert":"2021-07-12 15:10"}
2021-08-04 01:42:22 查询号码 【1490506】，GSD为【"上海-上海"】

2021-08-04 01:42:22 开始第 29 次操作

2021-08-04 01:42:22 开始操作号码 【1490507】
2021-08-04 01:42:50 GSD getOne 第 1 次 等待 3 秒
2021-08-04 01:42:53 查询号码 【1490507】，返回信息 {"status":"ok","msg":"上海-上海","gid":"257344","time_insert":"2021-07-12 15:10"}
2021-08-04 01:42:53 查询号码 【1490507】，GSD为【"上海-上海"】

2021-08-04 01:42:53 开始第 30 次操作

2021-08-04 01:42:53 开始操作号码 【1490508】
2021-08-04 01:43:30 GSD getOne 第 1 次 等待 3 秒
2021-08-04 01:43:33 查询号码 【1490508】，返回信息 {"status":"ok","msg":"上海-上海","gid":"257345","time_insert":"2021-07-12 15:11"}
2021-08-04 01:43:33 查询号码 【1490508】，GSD为【"上海-上海"】

2021-08-04 01:43:33 开始第 31 次操作

2021-08-04 01:43:33 开始操作号码 【1490509】
2021-08-04 01:44:00 GSD getOne 第 1 次 等待 3 秒
2021-08-04 01:44:03 查询号码 【1490509】，返回信息 {"status":"ok","msg":"上海-上海","gid":"257349","time_insert":"2021-07-12 15:12"}
2021-08-04 01:44:03 查询号码 【1490509】，GSD为【"上海-上海"】

2021-08-04 01:44:03 开始第 32 次操作

2021-08-04 01:44:03 开始操作号码 【1490510】
2021-08-04 01:44:32 GSD getOne 第 1 次 等待 3 秒
2021-08-04 01:44:35 查询号码 【1490510】，返回信息 {"status":"ok","msg":"上海-上海","gid":"257406","time_insert":"2021-07-12 15:36"}
2021-08-04 01:44:35 查询号码 【1490510】，GSD为【"上海-上海"】

2021-08-04 01:44:35 开始第 33 次操作

2021-08-04 01:44:35 开始操作号码 【1490511】
2021-08-04 01:45:03 GSD getOne 第 1 次 等待 3 秒
2021-08-04 01:45:06 查询号码 【1490511】，返回信息 {"status":"ok","msg":"上海-上海","gid":"257411","time_insert":"2021-07-12 15:36"}
2021-08-04 01:45:06 查询号码 【1490511】，GSD为【"上海-上海"】

2021-08-04 01:45:06 开始第 34 次操作

2021-08-04 01:45:06 开始操作号码 【1490512】
2021-08-04 01:45:39 GSD getOne 第 1 次 等待 3 秒
2021-08-04 01:45:42 查询号码 【1490512】，返回信息 {"status":"ok","msg":"上海-上海","gid":"257416","time_insert":"2021-07-12 15:37"}
2021-08-04 01:45:42 查询号码 【1490512】，GSD为【"上海-上海"】

2021-08-04 01:45:42 开始第 35 次操作

2021-08-04 01:45:42 开始操作号码 【1490513】
2021-08-04 01:46:15 GSD getOne 第 1 次 等待 3 秒
2021-08-04 01:46:18 查询号码 【1490513】，返回信息 {"status":"ok","msg":"上海-上海","gid":"257422","time_insert":"2021-07-12 15:37"}
2021-08-04 01:46:18 查询号码 【1490513】，GSD为【"上海-上海"】

2021-08-04 01:46:18 开始第 36 次操作

2021-08-04 01:46:18 开始操作号码 【1490514】
2021-08-04 01:47:14 GSD getOne 第 1 次 等待 3 秒
2021-08-04 01:47:17 查询号码 【1490514】，返回信息 {"status":"ok","msg":"上海-上海","gid":"257426","time_insert":"2021-07-12 15:38"}
2021-08-04 01:47:17 查询号码 【1490514】，GSD为【"上海-上海"】

2021-08-04 01:47:17 开始第 37 次操作

2021-08-04 01:47:17 开始操作号码 【1490515】
2021-08-04 01:48:21 GSD getOne 第 1 次 等待 3 秒
2021-08-04 01:48:24 查询号码 【1490515】，返回信息 {"status":"ok","msg":"上海-上海","gid":"257434","time_insert":"2021-07-12 15:38"}
2021-08-04 01:48:24 查询号码 【1490515】，GSD为【"上海-上海"】

2021-08-04 01:48:24 开始第 38 次操作

2021-08-04 01:48:24 开始操作号码 【1490516】
2021-08-04 01:48:54 GSD getOne 第 1 次 等待 3 秒
2021-08-04 01:48:57 查询号码 【1490516】，返回信息 {"status":"ok","msg":"上海-上海","gid":"257440","time_insert":"2021-07-12 15:38"}
2021-08-04 01:48:57 查询号码 【1490516】，GSD为【"上海-上海"】

2021-08-04 01:48:57 开始第 39 次操作

2021-08-04 01:48:57 开始操作号码 【1490517】
2021-08-04 01:49:36 GSD getOne 第 1 次 等待 3 秒
2021-08-04 01:49:39 查询号码 【1490517】，返回信息 {"status":"ok","msg":"上海-上海","gid":"257446","time_insert":"2021-07-12 15:39"}
2021-08-04 01:49:39 查询号码 【1490517】，GSD为【"上海-上海"】

2021-08-04 01:49:39 开始第 40 次操作

2021-08-04 01:49:39 开始操作号码 【1490518】
2021-08-04 01:49:55 GSD getOne 第 1 次 等待 3 秒
2021-08-04 01:49:58 查询号码 【1490518】，返回信息 {"status":"ok","msg":"上海-上海","gid":"257453","time_insert":"2021-07-12 15:39"}
2021-08-04 01:49:59 查询号码 【1490518】，GSD为【"上海-上海"】

2021-08-04 01:49:59 开始第 41 次操作

2021-08-04 01:49:59 开始操作号码 【1490519】
2021-08-04 01:50:27 GSD getOne 第 1 次 等待 3 秒
2021-08-04 01:50:30 查询号码 【1490519】，返回信息 {"status":"ok","msg":"上海-上海","gid":"257460","time_insert":"2021-07-12 15:39"}
2021-08-04 01:50:30 查询号码 【1490519】，GSD为【"上海-上海"】

2021-08-04 01:50:30 开始第 42 次操作

2021-08-04 01:50:30 开始操作号码 【1490520】
2021-08-04 01:51:40 GSD getOne 第 1 次 等待 3 秒
2021-08-04 01:51:43 查询号码 【1490520】，返回信息 {"status":"ok","msg":"上海-上海","gid":"257463","time_insert":"2021-07-12 15:40"}
2021-08-04 01:51:43 查询号码 【1490520】，GSD为【"上海-上海"】

2021-08-04 01:51:43 开始第 43 次操作

2021-08-04 01:51:43 开始操作号码 【1490521】
2021-08-04 01:52:24 GSD getOne 第 1 次 等待 3 秒
2021-08-04 01:52:27 查询号码 【1490521】，返回信息 {"status":"ok","msg":"上海-上海","gid":"257472","time_insert":"2021-07-12 15:40"}
2021-08-04 01:52:27 查询号码 【1490521】，GSD为【"上海-上海"】

2021-08-04 01:52:27 开始第 44 次操作

2021-08-04 01:52:27 开始操作号码 【1490522】
2021-08-04 01:53:03 GSD getOne 第 1 次 等待 3 秒
2021-08-04 01:53:06 查询号码 【1490522】，返回信息 {"status":"ok","msg":"上海-上海","gid":"257479","time_insert":"2021-07-12 15:41"}
2021-08-04 01:53:06 查询号码 【1490522】，GSD为【"上海-上海"】

2021-08-04 01:53:06 开始第 45 次操作

2021-08-04 01:53:06 开始操作号码 【1490523】
2021-08-04 01:53:34 GSD getOne 第 1 次 等待 3 秒
2021-08-04 01:53:37 查询号码 【1490523】，返回信息 {"status":"ok","msg":"上海-上海","gid":"257488","time_insert":"2021-07-12 15:41"}
2021-08-04 01:53:37 查询号码 【1490523】，GSD为【"上海-上海"】

2021-08-04 01:53:37 开始第 46 次操作

2021-08-04 01:53:37 开始操作号码 【1490524】
2021-08-04 01:55:00 GSD getOne 第 1 次 等待 3 秒
2021-08-04 01:55:03 查询号码 【1490524】，返回信息 {"status":"ok","msg":"上海-上海","gid":"257495","time_insert":"2021-07-12 15:42"}
2021-08-04 01:55:04 查询号码 【1490524】，GSD为【"上海-上海"】

2021-08-04 01:55:04 开始第 47 次操作

2021-08-04 01:55:04 开始操作号码 【1490525】
2021-08-04 01:55:43 GSD getOne 第 1 次 等待 3 秒
2021-08-04 01:55:46 查询号码 【1490525】，返回信息 {"status":"ok","msg":"上海-上海","gid":"257501","time_insert":"2021-07-12 15:42"}
2021-08-04 01:55:46 查询号码 【1490525】，GSD为【"上海-上海"】

2021-08-04 01:55:46 开始第 48 次操作

2021-08-04 01:55:46 开始操作号码 【1490526】
2021-08-04 01:56:46 GSD getOne 第 1 次 等待 3 秒
2021-08-04 01:56:49 查询号码 【1490526】，返回信息 {"status":"ok","msg":"上海-上海","gid":"257510","time_insert":"2021-07-12 15:42"}
2021-08-04 01:56:49 查询号码 【1490526】，GSD为【"上海-上海"】

2021-08-04 01:56:49 开始第 49 次操作

2021-08-04 01:56:49 开始操作号码 【1490527】
2021-08-04 01:57:36 GSD getOne 第 1 次 等待 3 秒
2021-08-04 01:57:39 查询号码 【1490527】，返回信息 {"status":"ok","msg":"上海-上海","gid":"257518","time_insert":"2021-07-12 15:43"}
2021-08-04 01:57:39 查询号码 【1490527】，GSD为【"上海-上海"】

2021-08-04 01:57:39 开始第 50 次操作

2021-08-04 01:57:39 开始操作号码 【1490528】
2021-08-04 01:58:07 GSD getOne 第 1 次 等待 3 秒
2021-08-04 01:58:10 查询号码 【1490528】，返回信息 {"status":"ok","msg":"上海-上海","gid":"257529","time_insert":"2021-07-12 15:43"}
2021-08-04 01:58:10 查询号码 【1490528】，GSD为【"上海-上海"】

2021-08-04 01:58:10 开始第 51 次操作

2021-08-04 01:58:10 开始操作号码 【1490529】
2021-08-04 01:58:38 GSD getOne 第 1 次 等待 3 秒
2021-08-04 01:58:41 查询号码 【1490529】，返回信息 {"status":"ok","msg":"上海-上海","gid":"257536","time_insert":"2021-07-12 15:44"}
2021-08-04 01:58:41 查询号码 【1490529】，GSD为【"上海-上海"】

2021-08-04 01:58:41 开始第 52 次操作

2021-08-04 01:58:41 开始操作号码 【1490530】
2021-08-04 01:59:45 GSD getOne 第 1 次 等待 3 秒
2021-08-04 01:59:48 查询号码 【1490530】，返回信息 {"status":"ok","msg":"上海-上海","gid":"257539","time_insert":"2021-07-12 15:44"}
2021-08-04 01:59:48 查询号码 【1490530】，GSD为【"上海-上海"】

2021-08-04 01:59:48 开始第 53 次操作

2021-08-04 01:59:48 开始操作号码 【1490531】
2021-08-04 02:00:18 GSD getOne 第 1 次 等待 3 秒
2021-08-04 02:00:21 查询号码 【1490531】，返回信息 {"status":"ok","msg":"上海-上海","gid":"257563","time_insert":"2021-07-12 15:46","time_update":"2021-07-23 15:13"}
2021-08-04 02:00:21 查询号码 【1490531】，GSD为【"上海-上海"】

2021-08-04 02:00:21 开始第 54 次操作

2021-08-04 02:00:21 开始操作号码 【1490532】
2021-08-04 02:01:09 GSD getOne 第 1 次 等待 3 秒
2021-08-04 02:01:12 查询号码 【1490532】，返回信息 {"status":"ok","msg":"上海-上海","gid":"257571","time_insert":"2021-07-12 15:46"}
2021-08-04 02:01:12 查询号码 【1490532】，GSD为【"上海-上海"】

2021-08-04 02:01:12 开始第 55 次操作

2021-08-04 02:01:12 开始操作号码 【1490533】
2021-08-04 02:01:49 GSD getOne 第 1 次 等待 3 秒
2021-08-04 02:01:52 查询号码 【1490533】，返回信息 {"status":"ok","msg":"上海-上海","gid":"257574","time_insert":"2021-07-12 15:46"}
2021-08-04 02:01:52 查询号码 【1490533】，GSD为【"上海-上海"】

2021-08-04 02:01:52 开始第 56 次操作

2021-08-04 02:01:52 开始操作号码 【1490534】
2021-08-04 02:02:44 GSD getOne 第 1 次 等待 3 秒
2021-08-04 02:02:47 查询号码 【1490534】，返回信息 {"status":"ok","msg":"上海-上海","gid":"257584","time_insert":"2021-07-12 15:47"}
2021-08-04 02:02:47 查询号码 【1490534】，GSD为【"上海-上海"】

2021-08-04 02:02:47 开始第 57 次操作

2021-08-04 02:02:47 开始操作号码 【1490535】
2021-08-04 02:04:55 GSD getOne 第 1 次 等待 3 秒
2021-08-04 02:04:58 查询号码 【1490535】，返回信息 {"status":"ok","msg":"上海-上海","gid":"257595","time_insert":"2021-07-12 15:48"}
2021-08-04 02:04:58 查询号码 【1490535】，GSD为【"上海-上海"】

2021-08-04 02:04:58 开始第 58 次操作

2021-08-04 02:04:58 开始操作号码 【1490536】
2021-08-04 02:05:29 GSD getOne 第 1 次 等待 3 秒
2021-08-04 02:05:32 查询号码 【1490536】，返回信息 {"status":"ok","msg":"上海-上海","gid":"257600","time_insert":"2021-07-12 15:48"}
2021-08-04 02:05:32 查询号码 【1490536】，GSD为【"上海-上海"】

2021-08-04 02:05:32 开始第 59 次操作

2021-08-04 02:05:32 开始操作号码 【1490537】
2021-08-04 02:06:13 GSD getOne 第 1 次 等待 3 秒
2021-08-04 02:06:16 查询号码 【1490537】，返回信息 {"status":"ok","msg":"上海-上海","gid":"257608","time_insert":"2021-07-12 15:48"}
2021-08-04 02:06:16 查询号码 【1490537】，GSD为【"上海-上海"】

2021-08-04 02:06:16 开始第 60 次操作

2021-08-04 02:06:16 开始操作号码 【1490538】
2021-08-04 02:06:48 GSD getOne 第 1 次 等待 3 秒
2021-08-04 02:06:51 查询号码 【1490538】，返回信息 {"status":"ok","msg":"上海-上海","gid":"257615","time_insert":"2021-07-12 15:49"}
2021-08-04 02:06:51 查询号码 【1490538】，GSD为【"上海-上海"】

2021-08-04 02:51:44 开始第 1 次操作

2021-08-04 02:51:44 开始操作号码 【1490539】
2021-08-04 02:51:57 GSD getOne 第 1 次 等待 3 秒
2021-08-04 02:52:00 查询号码 【1490539】，返回信息 {"status":"ok","msg":"上海-上海","gid":"257619","time_insert":"2021-07-12 15:49"}
2021-08-04 02:52:00 查询号码 【1490539】，GSD为【"上海-上海"】

2021-08-04 02:52:00 开始第 2 次操作

2021-08-04 02:52:00 开始操作号码 【1490540】
2021-08-04 02:52:15 GSD getOne 第 1 次 等待 3 秒
2021-08-04 02:52:18 查询号码 【1490540】，返回信息 {"status":"ok","msg":"上海-上海","gid":"257792","time_insert":"2021-07-12 16:41"}
2021-08-04 02:52:18 查询号码 【1490540】，GSD为【"上海-上海"】

2021-08-04 02:52:18 开始第 3 次操作

2021-08-04 02:52:18 开始操作号码 【1490541】
2021-08-04 02:52:30 GSD getOne 第 1 次 等待 3 秒
2021-08-04 02:52:33 查询号码 【1490541】，返回信息 {"status":"ok","msg":"上海-上海","gid":"257805","time_insert":"2021-07-12 16:42"}
2021-08-04 02:52:33 查询号码 【1490541】，GSD为【"上海-上海"】

2021-08-04 02:52:33 开始第 4 次操作

2021-08-04 02:52:33 开始操作号码 【1490542】
2021-08-04 02:52:54 GSD getOne 第 1 次 等待 3 秒
2021-08-04 02:52:57 查询号码 【1490542】，返回信息 {"status":"ok","msg":"上海-上海","gid":"257820","time_insert":"2021-07-12 16:43"}
2021-08-04 02:52:57 查询号码 【1490542】，GSD为【"上海-上海"】

2021-08-04 02:52:57 开始第 5 次操作

2021-08-04 02:52:57 开始操作号码 【1490543】
2021-08-04 02:53:10 GSD getOne 第 1 次 等待 3 秒
2021-08-04 02:53:13 查询号码 【1490543】，返回信息 {"status":"ok","msg":"上海-上海","gid":"257835","time_insert":"2021-07-12 16:43"}
2021-08-04 02:53:13 查询号码 【1490543】，GSD为【"上海-上海"】

2021-08-04 02:53:13 开始第 6 次操作

2021-08-04 02:53:13 开始操作号码 【1490544】
2021-08-04 02:53:25 GSD getOne 第 1 次 等待 3 秒
2021-08-04 02:53:28 查询号码 【1490544】，返回信息 {"status":"ok","msg":"上海-上海","gid":"257847","time_insert":"2021-07-12 16:44"}
2021-08-04 02:53:28 查询号码 【1490544】，GSD为【"上海-上海"】

2021-08-04 02:53:28 开始第 7 次操作

2021-08-04 02:53:28 开始操作号码 【1490545】
2021-08-04 02:53:43 GSD getOne 第 1 次 等待 3 秒
2021-08-04 02:53:46 查询号码 【1490545】，返回信息 {"status":"ok","msg":"上海-上海","gid":"257863","time_insert":"2021-07-12 16:45"}
2021-08-04 02:53:46 查询号码 【1490545】，GSD为【"上海-上海"】

2021-08-04 02:53:46 开始第 8 次操作

2021-08-04 02:53:46 开始操作号码 【1490546】
2021-08-04 02:54:19 GSD getOne 第 1 次 等待 3 秒
2021-08-04 02:54:22 查询号码 【1490546】，返回信息 {"status":"ok","msg":"上海-上海","gid":"257881","time_insert":"2021-07-12 16:46"}
2021-08-04 02:54:22 查询号码 【1490546】，GSD为【"上海-上海"】

2021-08-04 02:54:22 开始第 9 次操作

2021-08-04 02:54:22 开始操作号码 【1490547】
2021-08-04 02:55:03 GSD getOne 第 1 次 等待 3 秒
2021-08-04 02:55:06 查询号码 【1490547】，返回信息 {"status":"ok","msg":"上海-上海","gid":"257893","time_insert":"2021-07-12 16:46"}
2021-08-04 02:55:06 查询号码 【1490547】，GSD为【"上海-上海"】

2021-08-04 02:55:06 开始第 10 次操作

2021-08-04 02:55:06 开始操作号码 【1490548】
2021-08-04 02:55:23 GSD getOne 第 1 次 等待 3 秒
2021-08-04 02:55:26 查询号码 【1490548】，返回信息 {"status":"ok","msg":"上海-上海","gid":"257909","time_insert":"2021-07-12 16:47"}
2021-08-04 02:55:26 查询号码 【1490548】，GSD为【"上海-上海"】

2021-08-04 02:55:26 开始第 11 次操作

2021-08-04 02:55:26 开始操作号码 【1490549】
2021-08-04 02:55:39 GSD getOne 第 1 次 等待 3 秒
2021-08-04 02:55:42 查询号码 【1490549】，返回信息 {"status":"ok","msg":"上海-上海","gid":"257919","time_insert":"2021-07-12 16:48"}
2021-08-04 02:55:42 查询号码 【1490549】，GSD为【"上海-上海"】

2021-08-04 02:55:42 开始第 12 次操作

2021-08-04 02:55:42 开始操作号码 【1490550】
2021-08-04 02:55:55 GSD getOne 第 1 次 等待 3 秒
2021-08-04 02:55:58 查询号码 【1490550】，返回信息 {"status":"ok","msg":"上海-上海","gid":"257929","time_insert":"2021-07-12 16:49"}
2021-08-04 02:55:58 查询号码 【1490550】，GSD为【"上海-上海"】

2021-08-04 02:55:58 开始第 13 次操作

2021-08-04 02:55:58 开始操作号码 【1490551】
2021-08-04 02:56:19 GSD getOne 第 1 次 等待 3 秒
2021-08-04 02:56:22 查询号码 【1490551】，返回信息 {"status":"ok","msg":"上海-上海","gid":"257939","time_insert":"2021-07-12 16:50"}
2021-08-04 02:56:22 查询号码 【1490551】，GSD为【"上海-上海"】

2021-08-04 02:56:22 开始第 14 次操作

2021-08-04 02:56:22 开始操作号码 【1490552】
2021-08-04 02:56:54 GSD getOne 第 1 次 等待 3 秒
2021-08-04 02:56:57 查询号码 【1490552】，返回信息 {"status":"ok","msg":"上海-上海","gid":"257949","time_insert":"2021-07-12 16:50"}
2021-08-04 02:56:58 查询号码 【1490552】，GSD为【"上海-上海"】

2021-08-04 02:56:58 开始第 15 次操作

2021-08-04 02:56:58 开始操作号码 【1490553】
2021-08-04 02:57:47 GSD getOne 第 1 次 等待 3 秒
2021-08-04 02:57:50 查询号码 【1490553】，返回信息 {"status":"ok","msg":"上海-上海","gid":"257979","time_insert":"2021-07-12 16:52"}
2021-08-04 02:57:50 查询号码 【1490553】，GSD为【"上海-上海"】

2021-08-04 02:57:50 开始第 16 次操作

2021-08-04 02:57:50 开始操作号码 【1490554】
2021-08-04 02:58:12 GSD getOne 第 1 次 等待 3 秒
2021-08-04 02:58:15 查询号码 【1490554】，返回信息 {"status":"ok","msg":"上海-上海","gid":"257993","time_insert":"2021-07-12 16:53"}
2021-08-04 02:58:15 查询号码 【1490554】，GSD为【"上海-上海"】

2021-08-04 02:58:15 开始第 17 次操作

2021-08-04 02:58:15 开始操作号码 【1490555】
2021-08-04 02:59:02 GSD getOne 第 1 次 等待 3 秒
2021-08-04 02:59:05 查询号码 【1490555】，返回信息 {"status":"ok","msg":"上海-上海","gid":"258000","time_insert":"2021-07-12 16:54"}
2021-08-04 02:59:05 查询号码 【1490555】，GSD为【"上海-上海"】

2021-08-04 02:59:05 开始第 18 次操作

2021-08-04 02:59:05 开始操作号码 【1490556】
2021-08-04 02:59:19 GSD getOne 第 1 次 等待 3 秒
2021-08-04 02:59:22 查询号码 【1490556】，返回信息 {"status":"ok","msg":"上海-上海","gid":"258019","time_insert":"2021-07-12 16:55"}
2021-08-04 02:59:23 查询号码 【1490556】，GSD为【"上海-上海"】

2021-08-04 02:59:23 开始第 19 次操作

2021-08-04 02:59:23 开始操作号码 【1490557】
2021-08-04 02:59:43 GSD getOne 第 1 次 等待 3 秒
2021-08-04 02:59:46 查询号码 【1490557】，返回信息 {"status":"ok","msg":"上海-上海","gid":"258033","time_insert":"2021-07-12 16:57"}
2021-08-04 02:59:46 查询号码 【1490557】，GSD为【"上海-上海"】

2021-08-04 02:59:46 开始第 20 次操作

2021-08-04 02:59:46 开始操作号码 【1490558】
2021-08-04 03:00:14 GSD getOne 第 1 次 等待 3 秒
2021-08-04 03:00:17 查询号码 【1490558】，返回信息 {"status":"ok","msg":"上海-上海","gid":"258042","time_insert":"2021-07-12 16:57"}
2021-08-04 03:00:17 查询号码 【1490558】，GSD为【"上海-上海"】

2021-08-04 03:00:17 开始第 21 次操作

2021-08-04 03:00:17 开始操作号码 【1490559】
2021-08-04 03:00:33 GSD getOne 第 1 次 等待 3 秒
2021-08-04 03:00:36 查询号码 【1490559】，返回信息 {"status":"ok","msg":"上海-上海","gid":"258049","time_insert":"2021-07-12 16:58"}
2021-08-04 03:00:36 查询号码 【1490559】，GSD为【"上海-上海"】

2021-08-04 03:00:36 开始第 22 次操作

2021-08-04 03:00:36 开始操作号码 【1490560】
2021-08-04 03:01:13 GSD getOne 第 1 次 等待 3 秒
2021-08-04 03:01:16 查询号码 【1490560】，返回信息 {"status":"ok","msg":"上海-上海","gid":"258054","time_insert":"2021-07-12 16:59"}
2021-08-04 03:01:17 查询号码 【1490560】，GSD为【"上海-上海"】

2021-08-04 03:01:17 开始第 23 次操作

2021-08-04 03:01:17 开始操作号码 【1490561】
2021-08-04 03:02:04 GSD getOne 第 1 次 等待 3 秒
2021-08-04 03:02:07 查询号码 【1490561】，返回信息 {"status":"ok","msg":"上海-上海","gid":"258062","time_insert":"2021-07-12 17:00"}
2021-08-04 03:02:07 查询号码 【1490561】，GSD为【"上海-上海"】

2021-08-04 03:02:07 开始第 24 次操作

2021-08-04 03:02:07 开始操作号码 【1490562】
2021-08-04 03:02:36 GSD getOne 第 1 次 等待 3 秒
2021-08-04 03:02:39 查询号码 【1490562】，返回信息 {"status":"ok","msg":"上海-上海","gid":"258067","time_insert":"2021-07-12 17:01"}
2021-08-04 03:02:39 查询号码 【1490562】，GSD为【"上海-上海"】

2021-08-04 03:02:39 开始第 25 次操作

2021-08-04 03:02:39 开始操作号码 【1490563】
2021-08-04 03:03:24 GSD getOne 第 1 次 等待 3 秒
2021-08-04 03:03:27 查询号码 【1490563】，返回信息 {"status":"ok","msg":"上海-上海","gid":"258071","time_insert":"2021-07-12 17:02"}
2021-08-04 03:03:27 查询号码 【1490563】，GSD为【"上海-上海"】

2021-08-04 03:03:27 开始第 26 次操作

2021-08-04 03:03:27 开始操作号码 【1490564】
2021-08-04 03:03:56 GSD getOne 第 1 次 等待 3 秒
2021-08-04 03:03:59 查询号码 【1490564】，返回信息 {"status":"ok","msg":"上海-上海","gid":"258074","time_insert":"2021-07-12 17:03"}
2021-08-04 03:03:59 查询号码 【1490564】，GSD为【"上海-上海"】

2021-08-04 03:03:59 开始第 27 次操作

2021-08-04 03:03:59 开始操作号码 【1490565】
2021-08-04 03:04:48 GSD getOne 第 1 次 等待 3 秒
2021-08-04 03:04:51 查询号码 【1490565】，返回信息 {"status":"ok","msg":"上海-上海","gid":"258085","time_insert":"2021-07-12 17:05"}
2021-08-04 03:04:51 查询号码 【1490565】，GSD为【"上海-上海"】

2021-08-04 03:04:51 开始第 28 次操作

2021-08-04 03:04:51 开始操作号码 【1490566】
2021-08-04 03:06:04 GSD getOne 第 1 次 等待 3 秒
2021-08-04 03:06:07 查询号码 【1490566】，返回信息 {"status":"ok","msg":"上海-上海","gid":"258088","time_insert":"2021-07-12 17:06"}
2021-08-04 03:06:07 查询号码 【1490566】，GSD为【"上海-上海"】

2021-08-04 03:06:08 开始第 29 次操作

2021-08-04 03:06:08 开始操作号码 【1490567】
2021-08-04 03:06:21 GSD getOne 第 1 次 等待 3 秒
2021-08-04 03:06:24 查询号码 【1490567】，返回信息 {"status":"ok","msg":"上海-上海","gid":"258091","time_insert":"2021-07-12 17:07"}
2021-08-04 03:06:24 查询号码 【1490567】，GSD为【"上海-上海"】

2021-08-04 03:06:24 开始第 30 次操作

2021-08-04 03:06:24 开始操作号码 【1490568】
2021-08-04 03:06:53 GSD getOne 第 1 次 等待 3 秒
2021-08-04 03:06:56 查询号码 【1490568】，返回信息 {"status":"ok","msg":"上海-上海","gid":"258093","time_insert":"2021-07-12 17:08"}
2021-08-04 03:06:56 查询号码 【1490568】，GSD为【"上海-上海"】

2021-08-04 03:06:56 开始第 31 次操作

2021-08-04 03:06:56 开始操作号码 【1490569】
2021-08-04 03:07:37 GSD getOne 第 1 次 等待 3 秒
2021-08-04 03:07:40 查询号码 【1490569】，返回信息 {"status":"ok","msg":"上海-上海","gid":"258096","time_insert":"2021-07-12 17:09"}
2021-08-04 03:07:40 查询号码 【1490569】，GSD为【"上海-上海"】

2021-08-04 03:07:40 开始第 32 次操作

2021-08-04 03:07:40 开始操作号码 【1490570】
2021-08-04 03:08:02 GSD getOne 第 1 次 等待 3 秒
2021-08-04 03:08:05 查询号码 【1490570】，返回信息 {"status":"ok","msg":"上海-上海","gid":"258164","time_insert":"2021-07-12 17:42"}
2021-08-04 03:08:05 查询号码 【1490570】，GSD为【"上海-上海"】

2021-08-04 03:08:05 开始第 33 次操作

2021-08-04 03:08:05 开始操作号码 【1490571】
2021-08-04 03:08:22 GSD getOne 第 1 次 等待 3 秒
2021-08-04 03:08:25 查询号码 【1490571】，返回信息 {"status":"ok","msg":"上海-上海","gid":"258167","time_insert":"2021-07-12 17:42"}
2021-08-04 03:08:25 查询号码 【1490571】，GSD为【"上海-上海"】

2021-08-04 03:08:25 开始第 34 次操作

2021-08-04 03:08:25 开始操作号码 【1490572】
2021-08-04 03:09:18 GSD getOne 第 1 次 等待 3 秒
2021-08-04 03:09:21 查询号码 【1490572】，返回信息 {"status":"ok","msg":"上海-上海","gid":"258173","time_insert":"2021-07-12 17:42"}
2021-08-04 03:09:21 查询号码 【1490572】，GSD为【"上海-上海"】

2021-08-04 03:09:21 开始第 35 次操作

2021-08-04 03:09:21 开始操作号码 【1490573】
2021-08-04 03:09:59 GSD getOne 第 1 次 等待 3 秒
2021-08-04 03:10:02 查询号码 【1490573】，返回信息 {"status":"ok","msg":"上海-上海","gid":"258179","time_insert":"2021-07-12 17:43"}
2021-08-04 03:10:02 查询号码 【1490573】，GSD为【"上海-上海"】

2021-08-04 03:10:02 开始第 36 次操作

2021-08-04 03:10:02 开始操作号码 【1490574】
2021-08-04 03:10:20 GSD getOne 第 1 次 等待 3 秒
2021-08-04 03:10:23 查询号码 【1490574】，返回信息 {"status":"ok","msg":"上海-上海","gid":"258186","time_insert":"2021-07-12 17:43"}
2021-08-04 03:10:23 查询号码 【1490574】，GSD为【"上海-上海"】

2021-08-04 03:10:23 开始第 37 次操作

2021-08-04 03:10:23 开始操作号码 【1490575】
2021-08-04 03:10:53 GSD getOne 第 1 次 等待 3 秒
2021-08-04 03:10:56 查询号码 【1490575】，返回信息 {"status":"ok","msg":"上海-上海","gid":"258193","time_insert":"2021-07-12 17:43"}
2021-08-04 03:10:56 查询号码 【1490575】，GSD为【"上海-上海"】

2021-08-04 03:10:56 开始第 38 次操作

2021-08-04 03:10:56 开始操作号码 【1490576】
2021-08-04 03:11:33 GSD getOne 第 1 次 等待 3 秒
2021-08-04 03:11:36 查询号码 【1490576】，返回信息 {"status":"ok","msg":"上海-上海","gid":"258208","time_insert":"2021-07-12 17:45"}
2021-08-04 03:11:36 查询号码 【1490576】，GSD为【"上海-上海"】

2021-08-04 03:11:36 开始第 39 次操作

2021-08-04 03:11:36 开始操作号码 【1490577】
2021-08-04 03:12:04 GSD getOne 第 1 次 等待 3 秒
2021-08-04 03:12:07 查询号码 【1490577】，返回信息 {"status":"ok","msg":"上海-上海","gid":"258216","time_insert":"2021-07-12 17:45"}
2021-08-04 03:12:07 查询号码 【1490577】，GSD为【"上海-上海"】

2021-08-04 03:12:07 开始第 40 次操作

2021-08-04 03:12:07 开始操作号码 【1490578】
2021-08-04 03:12:20 GSD getOne 第 1 次 等待 3 秒
2021-08-04 03:12:23 查询号码 【1490578】，返回信息 {"status":"ok","msg":"上海-上海","gid":"258221","time_insert":"2021-07-12 17:45"}
2021-08-04 03:12:23 查询号码 【1490578】，GSD为【"上海-上海"】

2021-08-04 03:12:23 开始第 41 次操作

2021-08-04 03:12:23 开始操作号码 【1490579】
2021-08-04 03:12:50 GSD getOne 第 1 次 等待 3 秒
2021-08-04 03:12:53 查询号码 【1490579】，返回信息 {"status":"ok","msg":"上海-上海","gid":"258232","time_insert":"2021-07-12 17:46"}
2021-08-04 03:12:53 查询号码 【1490579】，GSD为【"上海-上海"】

2021-08-04 03:12:53 开始第 42 次操作

2021-08-04 03:12:53 开始操作号码 【1490580】
2021-08-04 03:13:18 GSD getOne 第 1 次 等待 3 秒
2021-08-04 03:13:21 查询号码 【1490580】，返回信息 {"status":"ok","msg":"上海-上海","gid":"258242","time_insert":"2021-07-12 17:47"}
2021-08-04 03:13:21 查询号码 【1490580】，GSD为【"上海-上海"】

2021-08-04 03:13:21 开始第 43 次操作

2021-08-04 03:13:21 开始操作号码 【1490581】
2021-08-04 03:14:00 GSD getOne 第 1 次 等待 3 秒
2021-08-04 03:14:04 查询号码 【1490581】，返回信息 {"status":"ok","msg":"上海-上海","gid":"258244","time_insert":"2021-07-12 17:47"}
2021-08-04 03:14:04 查询号码 【1490581】，GSD为【"上海-上海"】

2021-08-04 03:14:04 开始第 44 次操作

2021-08-04 03:14:04 开始操作号码 【1490582】
2021-08-04 03:14:17 GSD getOne 第 1 次 等待 3 秒
2021-08-04 03:14:20 查询号码 【1490582】，返回信息 {"status":"ok","msg":"上海-上海","gid":"258252","time_insert":"2021-07-12 17:48"}
2021-08-04 03:14:20 查询号码 【1490582】，GSD为【"上海-上海"】

2021-08-04 03:14:20 开始第 45 次操作

2021-08-04 03:14:20 开始操作号码 【1490583】
2021-08-04 03:15:00 GSD getOne 第 1 次 等待 3 秒
2021-08-04 03:15:03 查询号码 【1490583】，返回信息 {"status":"ok","msg":"上海-上海","gid":"258256","time_insert":"2021-07-12 17:48"}
2021-08-04 03:15:03 查询号码 【1490583】，GSD为【"上海-上海"】

2021-08-04 03:15:03 开始第 46 次操作

2021-08-04 03:15:03 开始操作号码 【1490584】
2021-08-04 03:15:36 GSD getOne 第 1 次 等待 3 秒
2021-08-04 03:15:39 查询号码 【1490584】，返回信息 {"status":"ok","msg":"上海-上海","gid":"258265","time_insert":"2021-07-12 17:48"}
2021-08-04 03:15:39 查询号码 【1490584】，GSD为【"上海-上海"】

2021-08-04 03:15:39 开始第 47 次操作

2021-08-04 03:15:39 开始操作号码 【1490585】
2021-08-04 03:16:40 GSD getOne 第 1 次 等待 3 秒
2021-08-04 03:16:43 查询号码 【1490585】，返回信息 {"status":"ok","msg":"上海-上海","gid":"258272","time_insert":"2021-07-12 17:49"}
2021-08-04 03:16:43 查询号码 【1490585】，GSD为【"上海-上海"】

2021-08-04 03:16:43 开始第 48 次操作

2021-08-04 03:16:43 开始操作号码 【1490586】
2021-08-04 03:18:03 GSD getOne 第 1 次 等待 3 秒
2021-08-04 03:18:06 查询号码 【1490586】，返回信息 {"status":"ok","msg":"上海-上海","gid":"258278","time_insert":"2021-07-12 17:49"}
2021-08-04 03:18:07 查询号码 【1490586】，GSD为【"上海-上海"】

2021-08-04 03:18:07 开始第 49 次操作

2021-08-04 03:18:07 开始操作号码 【1490587】
2021-08-04 03:18:24 GSD getOne 第 1 次 等待 3 秒
2021-08-04 03:18:27 查询号码 【1490587】，返回信息 {"status":"ok","msg":"上海-上海","gid":"258289","time_insert":"2021-07-12 17:49"}
2021-08-04 03:18:27 查询号码 【1490587】，GSD为【"上海-上海"】

2021-08-04 03:18:27 开始第 50 次操作

2021-08-04 03:18:27 开始操作号码 【1490588】
2021-08-04 03:20:13 GSD getOne 第 1 次 等待 3 秒
2021-08-04 03:20:16 查询号码 【1490588】，返回信息 {"status":"ok","msg":"上海-上海","gid":"258295","time_insert":"2021-07-12 17:50"}
2021-08-04 03:20:16 查询号码 【1490588】，GSD为【"上海-上海"】

2021-08-04 03:20:16 开始第 51 次操作

2021-08-04 03:20:16 开始操作号码 【1490589】
2021-08-04 03:21:12 GSD getOne 第 1 次 等待 3 秒
2021-08-04 03:21:16 查询号码 【1490589】，返回信息 {"status":"ok","msg":"上海-上海","gid":"258304","time_insert":"2021-07-12 17:50"}
2021-08-04 03:21:16 查询号码 【1490589】，GSD为【"上海-上海"】

2021-08-04 03:21:16 开始第 52 次操作

2021-08-04 03:21:16 开始操作号码 【1490590】
2021-08-04 03:21:29 GSD getOne 第 1 次 等待 3 秒
2021-08-04 03:21:32 查询号码 【1490590】，返回信息 {"status":"ok","msg":"上海-上海","gid":"258311","time_insert":"2021-07-12 17:51"}
2021-08-04 03:21:32 查询号码 【1490590】，GSD为【"上海-上海"】

2021-08-04 03:21:32 开始第 53 次操作

2021-08-04 03:21:32 开始操作号码 【1490591】
2021-08-04 03:22:30 GSD getOne 第 1 次 等待 3 秒
2021-08-04 03:22:33 查询号码 【1490591】，返回信息 {"status":"ok","msg":"上海-上海","gid":"258319","time_insert":"2021-07-12 17:51"}
2021-08-04 03:22:33 查询号码 【1490591】，GSD为【"上海-上海"】

2021-08-04 03:22:33 开始第 54 次操作

2021-08-04 03:22:33 开始操作号码 【1490592】
2021-08-04 03:23:41 GSD getOne 第 1 次 等待 3 秒
2021-08-04 03:23:44 查询号码 【1490592】，返回信息 {"status":"ok","msg":"上海-上海","gid":"258325","time_insert":"2021-07-12 17:51"}
2021-08-04 03:23:44 查询号码 【1490592】，GSD为【"上海-上海"】

2021-08-04 03:23:44 开始第 55 次操作

2021-08-04 03:23:44 开始操作号码 【1490593】
2021-08-04 03:24:37 GSD getOne 第 1 次 等待 3 秒
2021-08-04 03:24:40 查询号码 【1490593】，返回信息 {"status":"ok","msg":"上海-上海","gid":"258336","time_insert":"2021-07-12 17:52"}
2021-08-04 03:24:40 查询号码 【1490593】，GSD为【"上海-上海"】

2021-08-04 03:24:40 开始第 56 次操作

2021-08-04 03:24:40 开始操作号码 【1490594】
2021-08-04 03:25:05 GSD getOne 第 1 次 等待 3 秒
2021-08-04 03:25:08 查询号码 【1490594】，返回信息 {"status":"ok","msg":"上海-上海","gid":"258345","time_insert":"2021-07-12 17:53"}
2021-08-04 03:25:08 查询号码 【1490594】，GSD为【"上海-上海"】

2021-08-04 03:25:08 开始第 57 次操作

2021-08-04 03:25:08 开始操作号码 【1490595】
2021-08-04 03:25:26 GSD getOne 第 1 次 等待 3 秒
2021-08-04 03:25:29 查询号码 【1490595】，返回信息 {"status":"ok","msg":"上海-上海","gid":"258351","time_insert":"2021-07-12 17:53"}
2021-08-04 03:25:29 查询号码 【1490595】，GSD为【"上海-上海"】

2021-08-04 03:25:29 开始第 58 次操作

2021-08-04 03:25:29 开始操作号码 【1490596】
2021-08-04 03:26:01 GSD getOne 第 1 次 等待 3 秒
2021-08-04 03:26:04 查询号码 【1490596】，返回信息 {"status":"ok","msg":"上海-上海","gid":"258359","time_insert":"2021-07-12 17:54"}
2021-08-04 03:26:04 查询号码 【1490596】，GSD为【"上海-上海"】

2021-08-04 03:26:04 开始第 59 次操作

2021-08-04 03:26:04 开始操作号码 【1490597】
2021-08-04 03:26:20 GSD getOne 第 1 次 等待 3 秒
2021-08-04 03:26:23 查询号码 【1490597】，返回信息 {"status":"ok","msg":"上海-上海","gid":"258363","time_insert":"2021-07-12 17:55"}
2021-08-04 03:26:23 查询号码 【1490597】，GSD为【"上海-上海"】

2021-08-04 03:26:23 开始第 60 次操作

2021-08-04 03:26:23 开始操作号码 【1490598】
2021-08-04 03:27:04 GSD getOne 第 1 次 等待 3 秒
2021-08-04 03:27:07 查询号码 【1490598】，返回信息 {"status":"ok","msg":"上海-上海","gid":"258371","time_insert":"2021-07-12 17:55"}
2021-08-04 03:27:08 查询号码 【1490598】，GSD为【"上海-上海"】

2021-08-04 03:35:20 开始第 1 次操作

2021-08-04 03:35:20 开始操作号码 【1490599】
2021-08-04 03:35:36 GSD getOne 第 1 次 等待 3 秒
2021-08-04 03:35:39 查询号码 【1490599】，返回信息 {"status":"ok","msg":"上海-上海","gid":"258375","time_insert":"2021-07-12 17:55"}
2021-08-04 03:35:39 查询号码 【1490599】，GSD为【"上海-上海"】

2021-08-04 03:35:39 开始第 2 次操作

2021-08-04 03:35:39 开始操作号码 【1490600】
2021-08-04 03:35:55 GSD getOne 第 1 次 等待 3 秒
2021-08-04 03:35:58 查询号码 【1490600】，返回信息 {"status":"ok","msg":"上海-上海","gid":"258542","time_insert":"2021-07-12 18:41"}
2021-08-04 03:35:58 查询号码 【1490600】，GSD为【"上海-上海"】

2021-08-04 03:35:58 开始第 3 次操作

2021-08-04 03:35:58 开始操作号码 【1490601】
2021-08-04 03:36:33 GSD getOne 第 1 次 等待 3 秒
2021-08-04 03:36:36 查询号码 【1490601】，返回信息 {"status":"ok","msg":"上海-上海","gid":"258556","time_insert":"2021-07-12 18:42"}
2021-08-04 03:36:36 查询号码 【1490601】，GSD为【"上海-上海"】

2021-08-04 03:36:36 开始第 4 次操作

2021-08-04 03:36:36 开始操作号码 【1490602】
2021-08-04 03:37:13 GSD getOne 第 1 次 等待 3 秒
2021-08-04 03:37:16 查询号码 【1490602】，返回信息 {"status":"ok","msg":"上海-上海","gid":"258572","time_insert":"2021-07-12 18:43"}
2021-08-04 03:37:16 查询号码 【1490602】，GSD为【"上海-上海"】

2021-08-04 03:37:16 开始第 5 次操作

2021-08-04 03:37:16 开始操作号码 【1490603】
2021-08-04 03:37:46 GSD getOne 第 1 次 等待 3 秒
2021-08-04 03:37:49 查询号码 【1490603】，返回信息 {"status":"ok","msg":"上海-上海","gid":"258585","time_insert":"2021-07-12 18:44"}
2021-08-04 03:37:49 查询号码 【1490603】，GSD为【"上海-上海"】

2021-08-04 03:37:49 开始第 6 次操作

2021-08-04 03:37:49 开始操作号码 【1490604】
2021-08-04 03:38:17 GSD getOne 第 1 次 等待 3 秒
2021-08-04 03:38:20 查询号码 【1490604】，返回信息 {"status":"ok","msg":"上海-上海","gid":"258600","time_insert":"2021-07-12 18:44"}
2021-08-04 03:38:20 查询号码 【1490604】，GSD为【"上海-上海"】

2021-08-04 03:38:20 开始第 7 次操作

2021-08-04 03:38:20 开始操作号码 【1490605】
2021-08-04 03:38:42 GSD getOne 第 1 次 等待 3 秒
2021-08-04 03:38:45 查询号码 【1490605】，返回信息 {"status":"ok","msg":"上海-上海","gid":"258616","time_insert":"2021-07-12 18:45"}
2021-08-04 03:38:45 查询号码 【1490605】，GSD为【"上海-上海"】

2021-08-04 03:38:45 开始第 8 次操作

2021-08-04 03:38:45 开始操作号码 【1490606】
2021-08-04 03:39:13 GSD getOne 第 1 次 等待 3 秒
2021-08-04 03:39:16 查询号码 【1490606】，返回信息 {"status":"ok","msg":"上海-上海","gid":"258630","time_insert":"2021-07-12 18:46"}
2021-08-04 03:39:16 查询号码 【1490606】，GSD为【"上海-上海"】

2021-08-04 03:39:16 开始第 9 次操作

2021-08-04 03:39:16 开始操作号码 【1490607】
2021-08-04 03:40:15 GSD getOne 第 1 次 等待 3 秒
2021-08-04 03:40:18 查询号码 【1490607】，返回信息 {"status":"ok","msg":"上海-上海","gid":"258647","time_insert":"2021-07-12 18:47"}
2021-08-04 03:40:18 查询号码 【1490607】，GSD为【"上海-上海"】

2021-08-04 03:40:18 开始第 10 次操作

2021-08-04 03:40:18 开始操作号码 【1490608】
2021-08-04 03:41:13 GSD getOne 第 1 次 等待 3 秒
2021-08-04 03:41:16 查询号码 【1490608】，返回信息 {"status":"ok","msg":"上海-上海","gid":"258664","time_insert":"2021-07-12 18:48"}
2021-08-04 03:41:16 查询号码 【1490608】，GSD为【"上海-上海"】

2021-08-04 03:41:16 开始第 11 次操作

2021-08-04 03:41:16 开始操作号码 【1490609】
2021-08-04 03:41:35 GSD getOne 第 1 次 等待 3 秒
2021-08-04 03:41:38 查询号码 【1490609】，返回信息 {"status":"ok","msg":"上海-上海","gid":"258680","time_insert":"2021-07-12 18:48"}
2021-08-04 03:41:38 查询号码 【1490609】，GSD为【"上海-上海"】

2021-08-04 03:41:38 开始第 12 次操作

2021-08-04 03:41:38 开始操作号码 【1490610】
2021-08-04 03:42:00 GSD getOne 第 1 次 等待 3 秒
2021-08-04 03:42:03 查询号码 【1490610】，返回信息 {"status":"ok","msg":"上海-上海","gid":"258693","time_insert":"2021-07-12 18:49"}
2021-08-04 03:42:03 查询号码 【1490610】，GSD为【"上海-上海"】

2021-08-04 03:42:03 开始第 13 次操作

2021-08-04 03:42:03 开始操作号码 【1490611】
2021-08-04 03:42:37 GSD getOne 第 1 次 等待 3 秒
2021-08-04 03:42:40 查询号码 【1490611】，返回信息 {"status":"ok","msg":"上海-上海","gid":"258707","time_insert":"2021-07-12 18:50"}
2021-08-04 03:42:40 查询号码 【1490611】，GSD为【"上海-上海"】

2021-08-04 03:42:41 开始第 14 次操作

2021-08-04 03:42:41 开始操作号码 【1490612】
2021-08-04 03:43:06 GSD getOne 第 1 次 等待 3 秒
2021-08-04 03:43:09 查询号码 【1490612】，返回信息 {"status":"ok","msg":"上海-上海","gid":"258721","time_insert":"2021-07-12 18:51"}
2021-08-04 03:43:09 查询号码 【1490612】，GSD为【"上海-上海"】

2021-08-04 03:43:09 开始第 15 次操作

2021-08-04 03:43:09 开始操作号码 【1490613】
2021-08-04 03:43:46 GSD getOne 第 1 次 等待 3 秒
2021-08-04 03:43:49 查询号码 【1490613】，返回信息 {"status":"ok","msg":"上海-上海","gid":"258730","time_insert":"2021-07-12 18:52"}
2021-08-04 03:43:49 查询号码 【1490613】，GSD为【"上海-上海"】

2021-08-04 03:43:49 开始第 16 次操作

2021-08-04 03:43:49 开始操作号码 【1490614】
2021-08-04 03:44:14 GSD getOne 第 1 次 等待 3 秒
2021-08-04 03:44:17 查询号码 【1490614】，返回信息 {"status":"ok","msg":"上海-上海","gid":"258744","time_insert":"2021-07-12 18:54"}
2021-08-04 03:44:17 查询号码 【1490614】，GSD为【"上海-上海"】

2021-08-04 03:44:17 开始第 17 次操作

2021-08-04 03:44:17 开始操作号码 【1490615】
2021-08-04 03:45:10 GSD getOne 第 1 次 等待 3 秒
2021-08-04 03:45:13 查询号码 【1490615】，返回信息 {"status":"ok","msg":"上海-上海","gid":"258758","time_insert":"2021-07-12 18:55"}
2021-08-04 03:45:14 查询号码 【1490615】，GSD为【"上海-上海"】

2021-08-04 03:45:14 开始第 18 次操作

2021-08-04 03:45:14 开始操作号码 【1490616】
2021-08-04 03:45:48 GSD getOne 第 1 次 等待 3 秒
2021-08-04 03:45:51 查询号码 【1490616】，返回信息 {"status":"ok","msg":"上海-上海","gid":"258764","time_insert":"2021-07-12 18:57"}
2021-08-04 03:45:51 查询号码 【1490616】，GSD为【"上海-上海"】

2021-08-04 03:45:51 开始第 19 次操作

2021-08-04 03:45:51 开始操作号码 【1490617】
2021-08-04 03:46:04 GSD getOne 第 1 次 等待 3 秒
2021-08-04 03:46:07 查询号码 【1490617】，返回信息 {"status":"ok","msg":"上海-上海","gid":"258776","time_insert":"2021-07-12 18:58"}
2021-08-04 03:46:07 查询号码 【1490617】，GSD为【"上海-上海"】

2021-08-04 03:46:07 开始第 20 次操作

2021-08-04 03:46:07 开始操作号码 【1490618】
2021-08-04 03:46:24 GSD getOne 第 1 次 等待 3 秒
2021-08-04 03:46:27 查询号码 【1490618】，返回信息 {"status":"ok","msg":"上海-上海","gid":"258781","time_insert":"2021-07-12 18:59"}
2021-08-04 03:46:27 查询号码 【1490618】，GSD为【"上海-上海"】

2021-08-04 03:46:27 开始第 21 次操作

2021-08-04 03:46:27 开始操作号码 【1490619】
2021-08-04 03:46:48 GSD getOne 第 1 次 等待 3 秒
2021-08-04 03:46:51 查询号码 【1490619】，返回信息 {"status":"ok","msg":"上海-上海","gid":"258790","time_insert":"2021-07-12 19:00"}
2021-08-04 03:46:51 查询号码 【1490619】，GSD为【"上海-上海"】

2021-08-04 03:46:51 开始第 22 次操作

2021-08-04 03:46:51 开始操作号码 【1490620】
2021-08-04 03:47:12 GSD getOne 第 1 次 等待 3 秒
2021-08-04 03:47:15 查询号码 【1490620】，返回信息 {"status":"ok","msg":"上海-上海","gid":"258796","time_insert":"2021-07-12 19:01"}
2021-08-04 03:47:15 查询号码 【1490620】，GSD为【"上海-上海"】

2021-08-04 03:47:15 开始第 23 次操作

2021-08-04 03:47:15 开始操作号码 【1490621】
2021-08-04 03:47:56 GSD getOne 第 1 次 等待 3 秒
2021-08-04 03:47:59 查询号码 【1490621】，返回信息 {"status":"ok","msg":"上海-上海","gid":"258799","time_insert":"2021-07-12 19:01"}
2021-08-04 03:47:59 查询号码 【1490621】，GSD为【"上海-上海"】

2021-08-04 03:47:59 开始第 24 次操作

2021-08-04 03:47:59 开始操作号码 【1490622】
2021-08-04 03:48:14 GSD getOne 第 1 次 等待 3 秒
2021-08-04 03:48:17 查询号码 【1490622】，返回信息 {"status":"ok","msg":"上海-上海","gid":"258807","time_insert":"2021-07-12 19:03"}
2021-08-04 03:48:17 查询号码 【1490622】，GSD为【"上海-上海"】

2021-08-04 03:48:17 开始第 25 次操作

2021-08-04 03:48:17 开始操作号码 【1490623】
2021-08-04 03:48:45 GSD getOne 第 1 次 等待 3 秒
2021-08-04 03:48:48 查询号码 【1490623】，返回信息 {"status":"ok","msg":"上海-上海","gid":"258814","time_insert":"2021-07-12 19:03"}
2021-08-04 03:48:48 查询号码 【1490623】，GSD为【"上海-上海"】

2021-08-04 03:48:48 开始第 26 次操作

2021-08-04 03:48:48 开始操作号码 【1490624】
2021-08-04 03:49:37 GSD getOne 第 1 次 等待 3 秒
2021-08-04 03:49:40 查询号码 【1490624】，返回信息 {"status":"ok","msg":"上海-上海","gid":"258821","time_insert":"2021-07-12 19:05"}
2021-08-04 03:49:40 查询号码 【1490624】，GSD为【"上海-上海"】

2021-08-04 03:49:40 开始第 27 次操作

2021-08-04 03:49:40 开始操作号码 【1490625】
2021-08-04 03:50:30 GSD getOne 第 1 次 等待 3 秒
2021-08-04 03:50:33 查询号码 【1490625】，返回信息 {"status":"ok","msg":"上海-上海","gid":"258823","time_insert":"2021-07-12 19:05"}
2021-08-04 03:50:33 查询号码 【1490625】，GSD为【"上海-上海"】

2021-08-04 03:50:33 开始第 28 次操作

2021-08-04 03:50:33 开始操作号码 【1490626】
2021-08-04 03:50:50 GSD getOne 第 1 次 等待 3 秒
2021-08-04 03:50:53 查询号码 【1490626】，返回信息 {"status":"ok","msg":"上海-上海","gid":"258826","time_insert":"2021-07-12 19:06"}
2021-08-04 03:50:53 查询号码 【1490626】，GSD为【"上海-上海"】

2021-08-04 03:50:53 开始第 29 次操作

2021-08-04 03:50:53 开始操作号码 【1490627】
2021-08-04 03:51:50 GSD getOne 第 1 次 等待 3 秒
2021-08-04 03:51:53 查询号码 【1490627】，返回信息 {"status":"ok","msg":"上海-上海","gid":"258832","time_insert":"2021-07-12 19:07"}
2021-08-04 03:51:53 查询号码 【1490627】，GSD为【"上海-上海"】

2021-08-04 03:51:53 开始第 30 次操作

2021-08-04 03:51:53 开始操作号码 【1490628】
2021-08-04 03:52:55 GSD getOne 第 1 次 等待 3 秒
2021-08-04 03:52:58 查询号码 【1490628】，返回信息 {"status":"ok","msg":"上海-上海","gid":"258839","time_insert":"2021-07-12 19:08"}
2021-08-04 03:52:58 查询号码 【1490628】，GSD为【"上海-上海"】

2021-08-04 03:52:58 开始第 31 次操作

2021-08-04 03:52:58 开始操作号码 【1490629】
2021-08-04 03:54:04 GSD getOne 第 1 次 等待 3 秒
2021-08-04 03:54:07 查询号码 【1490629】，返回信息 {"status":"ok","msg":"上海-上海","gid":"258843","time_insert":"2021-07-12 19:09"}
2021-08-04 03:54:07 查询号码 【1490629】，GSD为【"上海-上海"】

2021-08-04 03:54:07 开始第 32 次操作

2021-08-04 03:54:07 开始操作号码 【1490630】
2021-08-04 03:56:05 GSD getOne 第 1 次 等待 3 秒
2021-08-04 03:56:08 查询号码 【1490630】，返回信息 {"status":"ok","msg":"上海-上海","gid":"258918","time_insert":"2021-07-12 19:36"}
2021-08-04 03:56:08 查询号码 【1490630】，GSD为【"上海-上海"】

2021-08-04 03:56:08 开始第 33 次操作

2021-08-04 03:56:08 开始操作号码 【1490631】
2021-08-04 03:57:15 GSD getOne 第 1 次 等待 3 秒
2021-08-04 03:57:18 查询号码 【1490631】，返回信息 {"status":"ok","msg":"上海-上海","gid":"258927","time_insert":"2021-07-12 19:37"}
2021-08-04 03:57:18 查询号码 【1490631】，GSD为【"上海-上海"】

2021-08-04 03:57:18 开始第 34 次操作

2021-08-04 03:57:18 开始操作号码 【1490632】
2021-08-04 03:57:52 GSD getOne 第 1 次 等待 3 秒
2021-08-04 03:57:55 查询号码 【1490632】，返回信息 {"status":"ok","msg":"上海-上海","gid":"258940","time_insert":"2021-07-12 19:37"}
2021-08-04 03:57:55 查询号码 【1490632】，GSD为【"上海-上海"】

2021-08-04 03:57:55 开始第 35 次操作

2021-08-04 03:57:55 开始操作号码 【1490633】
2021-08-04 03:58:31 GSD getOne 第 1 次 等待 3 秒
2021-08-04 03:58:34 查询号码 【1490633】，返回信息 {"status":"ok","msg":"上海-上海","gid":"258958","time_insert":"2021-07-12 19:38"}
2021-08-04 03:58:34 查询号码 【1490633】，GSD为【"上海-上海"】

2021-08-04 03:58:34 开始第 36 次操作

2021-08-04 03:58:34 开始操作号码 【1490634】
2021-08-04 03:58:56 GSD getOne 第 1 次 等待 3 秒
2021-08-04 03:58:59 查询号码 【1490634】，返回信息 {"status":"ok","msg":"上海-上海","gid":"258973","time_insert":"2021-07-12 19:39"}
2021-08-04 03:58:59 查询号码 【1490634】，GSD为【"上海-上海"】

2021-08-04 03:58:59 开始第 37 次操作

2021-08-04 03:58:59 开始操作号码 【1490635】
2021-08-04 03:59:17 GSD getOne 第 1 次 等待 3 秒
2021-08-04 03:59:20 查询号码 【1490635】，返回信息 {"status":"ok","msg":"上海-上海","gid":"258989","time_insert":"2021-07-12 19:40"}
2021-08-04 03:59:20 查询号码 【1490635】，GSD为【"上海-上海"】

2021-08-04 03:59:20 开始第 38 次操作

2021-08-04 03:59:20 开始操作号码 【1490636】
2021-08-04 03:59:53 GSD getOne 第 1 次 等待 3 秒
2021-08-04 03:59:56 查询号码 【1490636】，返回信息 {"status":"ok","msg":"上海-上海","gid":"259004","time_insert":"2021-07-12 19:41"}
2021-08-04 03:59:56 查询号码 【1490636】，GSD为【"上海-上海"】

2021-08-04 03:59:56 开始第 39 次操作

2021-08-04 03:59:56 开始操作号码 【1490637】
2021-08-04 04:00:14 GSD getOne 第 1 次 等待 3 秒
2021-08-04 04:00:17 查询号码 【1490637】，返回信息 {"status":"ok","msg":"上海-上海","gid":"259018","time_insert":"2021-07-12 19:41"}
2021-08-04 04:00:17 查询号码 【1490637】，GSD为【"上海-上海"】

2021-08-04 04:00:17 开始第 40 次操作

2021-08-04 04:00:17 开始操作号码 【1490638】
2021-08-04 04:00:34 GSD getOne 第 1 次 等待 3 秒
2021-08-04 04:00:37 查询号码 【1490638】，返回信息 {"status":"ok","msg":"上海-上海","gid":"259032","time_insert":"2021-07-12 19:42"}
2021-08-04 04:00:37 查询号码 【1490638】，GSD为【"上海-上海"】

2021-08-04 04:00:37 开始第 41 次操作

2021-08-04 04:00:37 开始操作号码 【1490639】
2021-08-04 04:01:44 GSD getOne 第 1 次 等待 3 秒
2021-08-04 04:01:47 查询号码 【1490639】，返回信息 {"status":"ok","msg":"上海-上海","gid":"259049","time_insert":"2021-07-12 19:43"}
2021-08-04 04:01:47 查询号码 【1490639】，GSD为【"上海-上海"】

2021-08-04 04:01:47 开始第 42 次操作

2021-08-04 04:01:47 开始操作号码 【1490640】
2021-08-04 04:02:18 GSD getOne 第 1 次 等待 3 秒
2021-08-04 04:02:21 查询号码 【1490640】，返回信息 {"status":"ok","msg":"上海-上海","gid":"259064","time_insert":"2021-07-12 19:44"}
2021-08-04 04:02:21 查询号码 【1490640】，GSD为【"上海-上海"】

2021-08-04 04:02:21 开始第 43 次操作

2021-08-04 04:02:21 开始操作号码 【1490641】
2021-08-04 04:02:34 GSD getOne 第 1 次 等待 3 秒
2021-08-04 04:02:37 查询号码 【1490641】，返回信息 {"status":"ok","msg":"上海-上海","gid":"259077","time_insert":"2021-07-12 19:45"}
2021-08-04 04:02:37 查询号码 【1490641】，GSD为【"上海-上海"】

2021-08-04 04:02:37 开始第 44 次操作

2021-08-04 04:02:37 开始操作号码 【1490642】
2021-08-04 04:03:10 GSD getOne 第 1 次 等待 3 秒
2021-08-04 04:03:13 查询号码 【1490642】，返回信息 {"status":"ok","msg":"上海-上海","gid":"259088","time_insert":"2021-07-12 19:46"}
2021-08-04 04:03:13 查询号码 【1490642】，GSD为【"上海-上海"】

2021-08-04 04:03:13 开始第 45 次操作

2021-08-04 04:03:13 开始操作号码 【1490643】
2021-08-04 04:03:26 GSD getOne 第 1 次 等待 3 秒
2021-08-04 04:03:29 查询号码 【1490643】，返回信息 {"status":"ok","msg":"上海-上海","gid":"259100","time_insert":"2021-07-12 19:46"}
2021-08-04 04:03:29 查询号码 【1490643】，GSD为【"上海-上海"】

2021-08-04 04:03:29 开始第 46 次操作

2021-08-04 04:03:29 开始操作号码 【1490644】
2021-08-04 04:04:10 GSD getOne 第 1 次 等待 3 秒
2021-08-04 04:04:13 查询号码 【1490644】，返回信息 {"status":"ok","msg":"上海-上海","gid":"259114","time_insert":"2021-07-12 19:47"}
2021-08-04 04:04:13 查询号码 【1490644】，GSD为【"上海-上海"】

2021-08-04 04:04:13 开始第 47 次操作

2021-08-04 04:04:13 开始操作号码 【1490645】
2021-08-04 04:04:54 GSD getOne 第 1 次 等待 3 秒
2021-08-04 04:04:57 查询号码 【1490645】，返回信息 {"status":"ok","msg":"上海-上海","gid":"259121","time_insert":"2021-07-12 19:48"}
2021-08-04 04:04:58 查询号码 【1490645】，GSD为【"上海-上海"】

2021-08-04 04:04:58 开始第 48 次操作

2021-08-04 04:04:58 开始操作号码 【1490646】
2021-08-04 04:05:17 GSD getOne 第 1 次 等待 3 秒
2021-08-04 04:05:21 查询号码 【1490646】，返回信息 {"status":"ok","msg":"上海-上海","gid":"259127","time_insert":"2021-07-12 19:49"}
2021-08-04 04:05:21 查询号码 【1490646】，GSD为【"上海-上海"】

2021-08-04 04:05:21 开始第 49 次操作

2021-08-04 04:05:21 开始操作号码 【1490647】
2021-08-04 04:06:06 GSD getOne 第 1 次 等待 3 秒
2021-08-04 04:06:09 查询号码 【1490647】，返回信息 {"status":"ok","msg":"上海-上海","gid":"259133","time_insert":"2021-07-12 19:49"}
2021-08-04 04:06:09 查询号码 【1490647】，GSD为【"上海-上海"】

2021-08-04 04:06:09 开始第 50 次操作

2021-08-04 04:06:09 开始操作号码 【1490648】
2021-08-04 04:07:26 GSD getOne 第 1 次 等待 3 秒
2021-08-04 04:07:29 查询号码 【1490648】，返回信息 {"status":"ok","msg":"上海-上海","gid":"259137","time_insert":"2021-07-12 19:50"}
2021-08-04 04:07:29 查询号码 【1490648】，GSD为【"上海-上海"】

2021-08-04 04:07:29 开始第 51 次操作

2021-08-04 04:07:29 开始操作号码 【1490649】
2021-08-04 04:08:24 GSD getOne 第 1 次 等待 3 秒
2021-08-04 04:08:27 查询号码 【1490649】，返回信息 {"status":"ok","msg":"上海-上海","gid":"259145","time_insert":"2021-07-12 19:51"}
2021-08-04 04:08:27 查询号码 【1490649】，GSD为【"上海-上海"】

2021-08-04 04:08:27 开始第 52 次操作

2021-08-04 04:08:27 开始操作号码 【1490650】
2021-08-04 04:08:45 GSD getOne 第 1 次 等待 3 秒
2021-08-04 04:08:48 查询号码 【1490650】，返回信息 {"status":"ok","msg":"上海-上海","gid":"259153","time_insert":"2021-07-12 19:52"}
2021-08-04 04:08:48 查询号码 【1490650】，GSD为【"上海-上海"】

2021-08-04 04:08:48 开始第 53 次操作

2021-08-04 04:08:48 开始操作号码 【1490651】
2021-08-04 04:09:09 GSD getOne 第 1 次 等待 3 秒
2021-08-04 04:09:12 查询号码 【1490651】，返回信息 {"status":"ok","msg":"上海-上海","gid":"259158","time_insert":"2021-07-12 19:52"}
2021-08-04 04:09:12 查询号码 【1490651】，GSD为【"上海-上海"】

2021-08-04 04:09:12 开始第 54 次操作

2021-08-04 04:09:12 开始操作号码 【1490652】
2021-08-04 04:10:28 GSD getOne 第 1 次 等待 3 秒
2021-08-04 04:10:31 查询号码 【1490652】，返回信息 {"status":"ok","msg":"上海-上海","gid":"259162","time_insert":"2021-07-12 19:53"}
2021-08-04 04:10:31 查询号码 【1490652】，GSD为【"上海-上海"】

2021-08-04 04:10:31 开始第 55 次操作

2021-08-04 04:10:31 开始操作号码 【1490653】
2021-08-04 04:11:13 GSD getOne 第 1 次 等待 3 秒
2021-08-04 04:11:16 查询号码 【1490653】，返回信息 {"status":"ok","msg":"上海-上海","gid":"259168","time_insert":"2021-07-12 19:54"}
2021-08-04 04:11:16 查询号码 【1490653】，GSD为【"上海-上海"】

2021-08-04 04:11:16 开始第 56 次操作

2021-08-04 04:11:16 开始操作号码 【1490654】
2021-08-04 04:12:34 GSD getOne 第 1 次 等待 3 秒
2021-08-04 04:12:37 查询号码 【1490654】，返回信息 {"status":"ok","msg":"上海-上海","gid":"259174","time_insert":"2021-07-12 19:55"}
2021-08-04 04:12:37 查询号码 【1490654】，GSD为【"上海-上海"】

2021-08-04 04:12:37 开始第 57 次操作

2021-08-04 04:12:37 开始操作号码 【1490655】
2021-08-04 04:12:54 GSD getOne 第 1 次 等待 3 秒
2021-08-04 04:12:57 查询号码 【1490655】，返回信息 {"status":"ok","msg":"上海-上海","gid":"259179","time_insert":"2021-07-12 19:56"}
2021-08-04 04:12:57 查询号码 【1490655】，GSD为【"上海-上海"】

2021-08-04 04:12:57 开始第 58 次操作

2021-08-04 04:12:57 开始操作号码 【1490656】
2021-08-04 04:13:10 GSD getOne 第 1 次 等待 3 秒
2021-08-04 04:13:13 查询号码 【1490656】，返回信息 {"status":"ok","msg":"上海-上海","gid":"259189","time_insert":"2021-07-12 19:58"}
2021-08-04 04:13:13 查询号码 【1490656】，GSD为【"上海-上海"】

2021-08-04 04:13:13 开始第 59 次操作

2021-08-04 04:13:13 开始操作号码 【1490657】
2021-08-04 04:13:34 GSD getOne 第 1 次 等待 3 秒
2021-08-04 04:13:37 查询号码 【1490657】，返回信息 {"status":"ok","msg":"上海-上海","gid":"259193","time_insert":"2021-07-12 19:58"}
2021-08-04 04:13:37 查询号码 【1490657】，GSD为【"上海-上海"】

2021-08-04 04:13:37 开始第 60 次操作

2021-08-04 04:13:37 开始操作号码 【1490658】
2021-08-04 04:14:21 GSD getOne 第 1 次 等待 3 秒
2021-08-04 04:14:24 查询号码 【1490658】，返回信息 {"status":"ok","msg":"上海-上海","gid":"259200","time_insert":"2021-07-12 19:59"}
2021-08-04 04:14:24 查询号码 【1490658】，GSD为【"上海-上海"】

