2024-05-05 00:09:51 开始第 7357 次操作

2024-05-05 00:09:51 开始操作号码 【1677267】
2024-05-05 00:09:59 GSD getOne 第 1 次 等待 3 秒
2024-05-05 00:10:02 查询号码 【1677267】，返回信息 {"status":"ok","msg":"山东-临沂","gid":"305037","time_insert":"2021-07-17 16:50"}
2024-05-05 00:10:02 查询号码 【1677267】，GSD为【"山东-临沂"】

2024-05-05 00:10:03 开始第 7358 次操作

2024-05-05 00:10:03 开始操作号码 【1677268】
2024-05-05 00:10:08 GSD getOne 第 1 次 等待 3 秒
2024-05-05 00:10:11 查询号码 【1677268】，返回信息 {"status":"ok","msg":"山东-临沂","gid":"305044","time_insert":"2021-07-17 16:51"}
2024-05-05 00:10:11 查询号码 【1677268】，GSD为【"山东-临沂"】

2024-05-05 00:10:12 开始第 7359 次操作

2024-05-05 00:10:12 开始操作号码 【1677269】
2024-05-05 00:10:19 GSD getOne 第 1 次 等待 3 秒
2024-05-05 00:10:22 查询号码 【1677269】，返回信息 {"status":"ok","msg":"山东-临沂","gid":"305053","time_insert":"2021-07-17 16:51"}
2024-05-05 00:10:22 查询号码 【1677269】，GSD为【"山东-临沂"】

2024-05-05 00:10:23 开始第 7360 次操作

2024-05-05 00:10:23 开始操作号码 【1677270】
2024-05-05 00:10:29 GSD getOne 第 1 次 等待 3 秒
2024-05-05 00:10:32 查询号码 【1677270】，返回信息 {"status":"ok","msg":"山东-临沂","gid":"305061","time_insert":"2021-07-17 16:52"}
2024-05-05 00:10:32 查询号码 【1677270】，GSD为【"山东-临沂"】

