2024-03-19 00:10:26 开始第 9841 次操作

2024-03-19 00:10:26 开始操作号码 【1789750】
2024-03-19 00:10:32 GSD getOne 第 1 次 等待 3 秒
2024-03-19 00:10:35 查询号码 【1789750】，返回信息 {"status":"ok","msg":"河北-唐山","gid":"253885","time_insert":"2021-07-12 05:40"}
2024-03-19 00:10:35 查询号码 【1789750】，GSD为【"河北-唐山"】

2024-03-19 00:10:36 开始第 9842 次操作

2024-03-19 00:10:36 开始操作号码 【1789751】
2024-03-19 00:10:41 GSD getOne 第 1 次 等待 3 秒
2024-03-19 00:10:45 查询号码 【1789751】，返回信息 {"status":"ok","msg":"河北-唐山","gid":"253733","time_insert":"2021-07-12 04:50"}
2024-03-19 00:10:45 查询号码 【1789751】，GSD为【"河北-唐山"】

2024-03-19 00:10:46 开始第 9843 次操作

2024-03-19 00:10:46 开始操作号码 【1789752】
2024-03-19 00:10:51 GSD getOne 第 1 次 等待 3 秒
2024-03-19 00:10:54 查询号码 【1789752】，返回信息 {"status":"ok","msg":"河北-唐山","gid":"253730","time_insert":"2021-07-12 04:50"}
2024-03-19 00:10:54 查询号码 【1789752】，GSD为【"河北-唐山"】

2024-03-19 00:10:55 开始第 9844 次操作

2024-03-19 00:10:55 开始操作号码 【1789753】
2024-03-19 00:11:00 GSD getOne 第 1 次 等待 3 秒
2024-03-19 00:11:03 查询号码 【1789753】，返回信息 {"status":"ok","msg":"河北-唐山","gid":"253723","time_insert":"2021-07-12 04:49"}
2024-03-19 00:11:03 查询号码 【1789753】，GSD为【"河北-唐山"】

2024-03-19 00:36:42 开始第 9845 次操作

2024-03-19 00:36:42 开始操作号码 【1789754】
2024-03-19 00:36:46 GSD getOne 第 1 次 等待 3 秒
2024-03-19 00:36:49 查询号码 【1789754】，返回信息 {"status":"ok","msg":"河北-唐山","gid":"253718","time_insert":"2021-07-12 04:49"}
2024-03-19 00:36:49 查询号码 【1789754】，GSD为【"河北-唐山"】

2024-03-19 00:36:50 开始第 9846 次操作

2024-03-19 00:36:50 开始操作号码 【1789755】
2024-03-19 00:36:55 GSD getOne 第 1 次 等待 3 秒
2024-03-19 00:36:58 查询号码 【1789755】，返回信息 {"status":"ok","msg":"河北-唐山","gid":"253714","time_insert":"2021-07-12 04:49"}
2024-03-19 00:36:58 查询号码 【1789755】，GSD为【"河北-唐山"】

2024-03-19 00:36:59 开始第 9847 次操作

2024-03-19 00:36:59 开始操作号码 【1789756】
2024-03-19 00:37:03 GSD getOne 第 1 次 等待 3 秒
2024-03-19 00:37:06 查询号码 【1789756】，返回信息 {"status":"ok","msg":"河北-唐山","gid":"253706","time_insert":"2021-07-12 04:48"}
2024-03-19 00:37:06 查询号码 【1789756】，GSD为【"河北-唐山"】

2024-03-19 00:37:07 开始第 9848 次操作

2024-03-19 00:37:07 开始操作号码 【1789757】
2024-03-19 00:37:12 GSD getOne 第 1 次 等待 3 秒
2024-03-19 00:37:15 查询号码 【1789757】，返回信息 {"status":"ok","msg":"河北-保定","gid":"253698","time_insert":"2021-07-12 04:48"}
2024-03-19 00:37:15 查询号码 【1789757】，GSD为【"河北-保定"】

