2021-07-04 00:00:11 开始第 11 次操作

2021-07-04 00:00:11 开始操作号码 【1735280】
2021-07-04 00:00:22 GSD getOne 第 1 次 等待 1 秒
2021-07-04 00:00:23 查询号码 【1735280】，返回信息 {"status":"bad","msg":""}
2021-07-04 00:00:23 查询号码 【1735280】，GSD为【""】
2021-07-04 00:00:23 bad
2021-07-04 00:00:26 CHB 1735280?1625328023 第 1 次 等待 1 秒
2021-07-04 00:00:27 CHB 1735280?1625328023 第 1 次 获取到号码【1735280】GSD
2021-07-04 00:00:27 获取到号码【1735280】的GSD为【湖南-长沙】
2021-07-04 00:00:55 GSD insert 第 1 次 等待 1 秒
2021-07-04 00:00:56 {"status":"ok","msg":"添加成功！185557"}
2021-07-04 00:00:56 下次操作: 2021-07-04 00:01:10

2021-07-04 00:01:10 开始第 12 次操作

2021-07-04 00:01:10 开始操作号码 【1735281】
2021-07-04 00:01:15 GSD getOne 第 1 次 等待 1 秒
2021-07-04 00:01:16 查询号码 【1735281】，返回信息 {"status":"bad","msg":""}
2021-07-04 00:01:16 查询号码 【1735281】，GSD为【""】
2021-07-04 00:01:16 bad
2021-07-04 00:01:18 CHB 1735281?1625328076 第 1 次 等待 1 秒
2021-07-04 00:01:19 CHB 1735281?1625328076 第 1 次 获取到号码【1735281】GSD
2021-07-04 00:01:19 获取到号码【1735281】的GSD为【湖南-长沙】
2021-07-04 00:01:40 GSD insert 第 1 次 等待 1 秒
2021-07-04 00:01:41 {"status":"ok","msg":"添加成功！185566"}
2021-07-04 00:01:41 下次操作: 2021-07-04 00:01:55

2021-07-04 00:01:55 开始第 13 次操作

2021-07-04 00:01:55 开始操作号码 【1735282】
2021-07-04 00:02:00 GSD getOne 第 1 次 等待 1 秒
2021-07-04 00:02:01 查询号码 【1735282】，返回信息 {"status":"bad","msg":""}
2021-07-04 00:02:01 查询号码 【1735282】，GSD为【""】
2021-07-04 00:02:01 bad
2021-07-04 00:02:04 CHB 1735282?1625328121 第 1 次 等待 1 秒
2021-07-04 00:02:05 CHB 1735282?1625328121 第 1 次 获取到号码【1735282】GSD
2021-07-04 00:02:05 获取到号码【1735282】的GSD为【湖南-长沙】
2021-07-04 00:02:25 GSD insert 第 1 次 等待 1 秒
2021-07-04 00:02:26 {"status":"ok","msg":"添加成功！185575"}
2021-07-04 00:02:26 下次操作: 2021-07-04 00:02:44

2021-07-04 00:02:44 开始第 14 次操作

2021-07-04 00:02:44 开始操作号码 【1735283】
2021-07-04 00:02:48 GSD getOne 第 1 次 等待 1 秒
2021-07-04 00:02:49 查询号码 【1735283】，返回信息 {"status":"bad","msg":""}
2021-07-04 00:02:49 查询号码 【1735283】，GSD为【""】
2021-07-04 00:02:49 bad
2021-07-04 00:02:51 CHB 1735283?1625328169 第 1 次 等待 1 秒
2021-07-04 00:02:52 CHB 1735283?1625328169 第 1 次 获取到号码【1735283】GSD
2021-07-04 00:02:52 获取到号码【1735283】的GSD为【湖南-长沙】
2021-07-04 00:03:17 GSD insert 第 1 次 等待 1 秒
2021-07-04 00:03:18 {"status":"ok","msg":"添加成功！185584"}
2021-07-04 00:03:18 下次操作: 2021-07-04 00:03:30

2021-07-04 00:03:30 开始第 15 次操作

2021-07-04 00:03:30 开始操作号码 【1735284】
2021-07-04 00:03:37 GSD getOne 第 1 次 等待 1 秒
2021-07-04 00:03:38 查询号码 【1735284】，返回信息 {"status":"bad","msg":""}
2021-07-04 00:03:38 查询号码 【1735284】，GSD为【""】
2021-07-04 00:03:38 bad
2021-07-04 00:03:41 CHB 1735284?1625328218 第 1 次 等待 1 秒
2021-07-04 00:03:42 CHB 1735284?1625328218 第 1 次 获取到号码【1735284】GSD
2021-07-04 00:03:42 获取到号码【1735284】的GSD为【湖南-长沙】
2021-07-04 00:04:04 GSD insert 第 1 次 等待 1 秒
2021-07-04 00:04:05 {"status":"ok","msg":"添加成功！185595"}
2021-07-04 00:04:05 下次操作: 2021-07-04 00:04:20

2021-07-04 00:04:20 开始第 16 次操作

2021-07-04 00:04:20 开始操作号码 【1735285】
2021-07-04 00:04:23 GSD getOne 第 1 次 等待 1 秒
2021-07-04 00:04:24 查询号码 【1735285】，返回信息 {"status":"bad","msg":""}
2021-07-04 00:04:25 查询号码 【1735285】，GSD为【""】
2021-07-04 00:04:25 bad
2021-07-04 00:04:27 CHB 1735285?1625328265 第 1 次 等待 1 秒
2021-07-04 00:04:28 CHB 1735285?1625328265 第 1 次 获取到号码【1735285】GSD
2021-07-04 00:04:28 获取到号码【1735285】的GSD为【湖南-长沙】
2021-07-04 00:04:48 GSD insert 第 1 次 等待 1 秒
2021-07-04 00:04:49 {"status":"ok","msg":"添加成功！185601"}
2021-07-04 00:04:49 下次操作: 2021-07-04 00:04:59

2021-07-04 00:04:59 开始第 17 次操作

2021-07-04 00:04:59 开始操作号码 【1735286】
2021-07-04 00:05:17 GSD getOne 第 1 次 等待 1 秒
2021-07-04 00:05:18 查询号码 【1735286】，返回信息 {"status":"ok","msg":"湖南-长沙","time_insert":"2018-02-12 14:20","time_update":"2020-09-23 08:04"}
2021-07-04 00:05:18 查询号码 【1735286】，GSD为【"湖南-长沙"】

2021-07-04 00:05:18 开始第 17 次操作

2021-07-04 00:05:18 开始操作号码 【1735287】
2021-07-04 00:05:44 GSD getOne 第 1 次 等待 1 秒
2021-07-04 00:05:45 查询号码 【1735287】，返回信息 {"status":"bad","msg":""}
2021-07-04 00:05:45 查询号码 【1735287】，GSD为【""】
2021-07-04 00:05:45 bad
2021-07-04 00:05:50 CHB 1735287?1625328345 第 1 次 等待 1 秒
2021-07-04 00:05:51 CHB 1735287?1625328345 第 1 次 获取到号码【1735287】GSD
2021-07-04 00:05:51 获取到号码【1735287】的GSD为【湖南-长沙】
2021-07-04 00:06:12 GSD insert 第 1 次 等待 1 秒
2021-07-04 00:06:13 {"status":"ok","msg":"添加成功！185618"}
2021-07-04 00:06:13 下次操作: 2021-07-04 00:06:25

2021-07-04 00:06:25 开始第 18 次操作

2021-07-04 00:06:25 开始操作号码 【1735288】
2021-07-04 00:06:36 GSD getOne 第 1 次 等待 1 秒
2021-07-04 00:06:37 查询号码 【1735288】，返回信息 {"status":"bad","msg":""}
2021-07-04 00:06:38 查询号码 【1735288】，GSD为【""】
2021-07-04 00:06:38 bad
2021-07-04 00:06:43 CHB 1735288?1625328398 第 1 次 等待 1 秒
2021-07-04 00:06:44 CHB 1735288?1625328398 第 1 次 获取到号码【1735288】GSD
2021-07-04 00:06:44 获取到号码【1735288】的GSD为【湖南-长沙】
2021-07-04 00:07:13 GSD insert 第 1 次 等待 1 秒
2021-07-04 00:07:14 {"status":"ok","msg":"添加成功！185631"}
2021-07-04 00:07:14 下次操作: 2021-07-04 00:07:25

2021-07-04 00:07:25 开始第 19 次操作

2021-07-04 00:07:25 开始操作号码 【1735289】
2021-07-04 00:07:43 GSD getOne 第 1 次 等待 1 秒
2021-07-04 00:07:44 查询号码 【1735289】，返回信息 {"status":"bad","msg":""}
2021-07-04 00:07:44 查询号码 【1735289】，GSD为【""】
2021-07-04 00:07:44 bad
2021-07-04 00:07:46 CHB 1735289?1625328464 第 1 次 等待 1 秒
2021-07-04 00:07:47 CHB 1735289?1625328464 第 1 次 获取到号码【1735289】GSD
2021-07-04 00:07:47 获取到号码【1735289】的GSD为【湖南-长沙】
2021-07-04 00:08:08 GSD insert 第 1 次 等待 1 秒
2021-07-04 00:08:09 {"status":"ok","msg":"添加成功！185641"}
2021-07-04 00:08:09 下次操作: 2021-07-04 00:08:22

2021-07-04 00:08:22 开始第 20 次操作

2021-07-04 00:08:22 开始操作号码 【1735290】
2021-07-04 00:08:37 GSD getOne 第 1 次 等待 1 秒
2021-07-04 00:08:38 查询号码 【1735290】，返回信息 {"status":"bad","msg":""}
2021-07-04 00:08:39 查询号码 【1735290】，GSD为【""】
2021-07-04 00:08:39 bad
2021-07-04 00:08:41 CHB 1735290?1625328519 第 1 次 等待 1 秒
2021-07-04 00:08:42 CHB 1735290?1625328519 第 1 次 获取到号码【1735290】GSD
2021-07-04 00:08:42 获取到号码【1735290】的GSD为【安徽-合肥】
2021-07-04 00:09:03 GSD insert 第 1 次 等待 1 秒
2021-07-04 00:09:04 {"status":"ok","msg":"添加成功！185652"}
2021-07-04 00:09:04 下次操作: 2021-07-04 00:09:22

2021-07-04 00:09:22 开始第 21 次操作

2021-07-04 00:09:22 开始操作号码 【1735291】
2021-07-04 00:09:27 GSD getOne 第 1 次 等待 1 秒
2021-07-04 00:09:28 查询号码 【1735291】，返回信息 {"status":"bad","msg":""}
2021-07-04 00:09:28 查询号码 【1735291】，GSD为【""】
2021-07-04 00:09:28 bad
2021-07-04 00:09:29 CHB 1735291?1625328568 第 1 次 等待 1 秒
2021-07-04 00:09:30 CHB 1735291?1625328568 第 1 次 获取到号码【1735291】GSD
2021-07-04 00:09:31 获取到号码【1735291】的GSD为【安徽-合肥】
2021-07-04 00:10:08 GSD insert 第 1 次 等待 1 秒
2021-07-04 00:10:09 {"status":"ok","msg":"添加成功！185665"}
2021-07-04 00:10:09 下次操作: 2021-07-04 00:10:21

2021-07-04 00:10:21 开始第 22 次操作

2021-07-04 00:10:21 开始操作号码 【1735292】
2021-07-04 00:10:29 GSD getOne 第 1 次 等待 1 秒
2021-07-04 00:10:30 查询号码 【1735292】，返回信息 {"status":"bad","msg":""}
2021-07-04 00:10:30 查询号码 【1735292】，GSD为【""】
2021-07-04 00:10:30 bad
2021-07-04 00:10:33 CHB 1735292?1625328630 第 1 次 等待 1 秒
2021-07-04 00:10:34 CHB 1735292?1625328630 第 1 次 获取到号码【1735292】GSD
2021-07-04 00:10:34 获取到号码【1735292】的GSD为【安徽-合肥】
2021-07-04 00:10:54 GSD insert 第 1 次 等待 1 秒
2021-07-04 00:10:55 {"status":"ok","msg":"添加成功！185673"}
2021-07-04 00:10:55 下次操作: 2021-07-04 00:11:06

2021-07-04 00:11:06 开始第 23 次操作

2021-07-04 00:11:06 开始操作号码 【1735293】
2021-07-04 00:11:17 GSD getOne 第 1 次 等待 1 秒
2021-07-04 00:11:18 查询号码 【1735293】，返回信息 {"status":"bad","msg":""}
2021-07-04 00:11:18 查询号码 【1735293】，GSD为【""】
2021-07-04 00:11:18 bad
2021-07-04 00:11:19 CHB 1735293?1625328678 第 1 次 等待 1 秒
2021-07-04 00:11:20 CHB 1735293?1625328678 第 1 次 获取到号码【1735293】GSD
2021-07-04 00:11:21 获取到号码【1735293】的GSD为【安徽-合肥】
2021-07-04 00:11:40 GSD insert 第 1 次 等待 1 秒
2021-07-04 00:11:41 {"status":"ok","msg":"添加成功！185684"}
2021-07-04 00:11:41 下次操作: 2021-07-04 00:11:55

2021-07-04 00:11:55 开始第 24 次操作

2021-07-04 00:11:55 开始操作号码 【1735294】
2021-07-04 00:12:00 GSD getOne 第 1 次 等待 1 秒
2021-07-04 00:12:01 查询号码 【1735294】，返回信息 {"status":"bad","msg":""}
2021-07-04 00:12:02 查询号码 【1735294】，GSD为【""】
2021-07-04 00:12:02 bad
2021-07-04 00:12:03 CHB 1735294?1625328722 第 1 次 等待 1 秒
2021-07-04 00:12:04 CHB 1735294?1625328722 第 1 次 获取到号码【1735294】GSD
2021-07-04 00:12:04 获取到号码【1735294】的GSD为【安徽-合肥】
2021-07-04 00:12:27 GSD insert 第 1 次 等待 1 秒
2021-07-04 00:12:28 {"status":"ok","msg":"添加成功！185693"}
2021-07-04 00:12:28 下次操作: 2021-07-04 00:12:34

2021-07-04 00:12:34 开始第 25 次操作

2021-07-04 00:12:34 开始操作号码 【1735295】
2021-07-04 00:12:54 GSD getOne 第 1 次 等待 1 秒
2021-07-04 00:12:55 查询号码 【1735295】，返回信息 {"status":"bad","msg":""}
2021-07-04 00:12:55 查询号码 【1735295】，GSD为【""】
2021-07-04 00:12:55 bad
2021-07-04 00:12:58 CHB 1735295?1625328775 第 1 次 等待 1 秒
2021-07-04 00:12:59 CHB 1735295?1625328775 第 1 次 获取到号码【1735295】GSD
2021-07-04 00:12:59 获取到号码【1735295】的GSD为【安徽-合肥】
2021-07-04 00:14:09 GSD insert 第 1 次 等待 1 秒
2021-07-04 00:14:10 {"status":"ok","msg":"添加成功！185713"}
2021-07-04 00:14:10 下次操作: 2021-07-04 00:14:25

2021-07-04 00:14:25 开始第 26 次操作

2021-07-04 00:14:25 开始操作号码 【1735296】
2021-07-04 00:14:31 GSD getOne 第 1 次 等待 1 秒
2021-07-04 00:14:32 查询号码 【1735296】，返回信息 {"status":"bad","msg":""}
2021-07-04 00:14:32 查询号码 【1735296】，GSD为【""】
2021-07-04 00:14:32 bad
2021-07-04 00:14:36 CHB 1735296?1625328872 第 1 次 等待 1 秒
2021-07-04 00:14:37 CHB 1735296?1625328872 第 1 次 获取到号码【1735296】GSD
2021-07-04 00:14:37 获取到号码【1735296】的GSD为【安徽-合肥】
2021-07-04 00:14:56 GSD insert 第 1 次 等待 1 秒
2021-07-04 00:14:57 {"status":"ok","msg":"添加成功！185720"}
2021-07-04 00:14:57 下次操作: 2021-07-04 00:15:05

2021-07-04 00:15:05 开始第 27 次操作

2021-07-04 00:15:05 开始操作号码 【1735297】
2021-07-04 00:15:28 GSD getOne 第 1 次 等待 1 秒
2021-07-04 00:15:29 查询号码 【1735297】，返回信息 {"status":"bad","msg":""}
2021-07-04 00:15:29 查询号码 【1735297】，GSD为【""】
2021-07-04 00:15:29 bad
2021-07-04 00:15:30 CHB 1735297?1625328929 第 1 次 等待 1 秒
2021-07-04 00:15:31 CHB 1735297?1625328929 第 1 次 获取到号码【1735297】GSD
2021-07-04 00:15:31 获取到号码【1735297】的GSD为【安徽-合肥】
2021-07-04 00:16:10 GSD insert 第 1 次 等待 1 秒
2021-07-04 00:16:11 {"status":"ok","msg":"添加成功！185732"}
2021-07-04 00:16:11 下次操作: 2021-07-04 00:16:22

2021-07-04 00:16:22 开始第 28 次操作

2021-07-04 00:16:22 开始操作号码 【1735298】
2021-07-04 00:16:36 GSD getOne 第 1 次 等待 1 秒
2021-07-04 00:16:37 查询号码 【1735298】，返回信息 {"status":"bad","msg":""}
2021-07-04 00:16:37 查询号码 【1735298】，GSD为【""】
2021-07-04 00:16:37 bad
2021-07-04 00:16:39 CHB 1735298?1625328997 第 1 次 等待 1 秒
2021-07-04 00:16:40 CHB 1735298?1625328997 第 1 次 获取到号码【1735298】GSD
2021-07-04 00:16:40 获取到号码【1735298】的GSD为【安徽-合肥】
2021-07-04 00:17:02 GSD insert 第 1 次 等待 1 秒
2021-07-04 00:17:03 {"status":"ok","msg":"添加成功！185741"}
2021-07-04 00:17:03 下次操作: 2021-07-04 00:17:19

2021-07-04 00:17:19 开始第 29 次操作

2021-07-04 00:17:19 开始操作号码 【1735299】
2021-07-04 00:17:24 GSD getOne 第 1 次 等待 1 秒
2021-07-04 00:17:25 查询号码 【1735299】，返回信息 {"status":"bad","msg":""}
2021-07-04 00:17:25 查询号码 【1735299】，GSD为【""】
2021-07-04 00:17:25 bad
2021-07-04 00:17:29 CHB 1735299?1625329045 第 1 次 等待 1 秒
2021-07-04 00:17:30 CHB 1735299?1625329045 第 1 次 获取到号码【1735299】GSD
2021-07-04 00:17:30 获取到号码【1735299】的GSD为【安徽-合肥】
2021-07-04 00:17:50 GSD insert 第 1 次 等待 1 秒
2021-07-04 00:17:51 {"status":"ok","msg":"添加成功！185748"}
2021-07-04 00:17:51 下次操作: 2021-07-04 00:18:06

2021-07-04 00:18:06 开始第 30 次操作

2021-07-04 00:18:06 开始操作号码 【1735300】
2021-07-04 00:18:12 GSD getOne 第 1 次 等待 1 秒
2021-07-04 00:18:13 查询号码 【1735300】，返回信息 {"status":"bad","msg":""}
2021-07-04 00:18:13 查询号码 【1735300】，GSD为【""】
2021-07-04 00:18:13 bad
2021-07-04 00:18:15 CHB 1735300?1625329093 第 1 次 等待 1 秒
2021-07-04 00:18:16 CHB 1735300?1625329093 第 1 次 获取到号码【1735300】GSD
2021-07-04 00:18:16 获取到号码【1735300】的GSD为【广东-梅州】
2021-07-04 00:18:35 GSD insert 第 1 次 等待 1 秒
2021-07-04 00:18:36 {"status":"ok","msg":"添加成功！185752"}

2021-07-04 01:08:48 开始第 1 次操作

2021-07-04 01:08:48 开始操作号码 【1735301】
2021-07-04 01:08:52 GSD getOne 第 1 次 等待 1 秒
2021-07-04 01:08:53 查询号码 【1735301】，返回信息 {"status":"bad","msg":""}
2021-07-04 01:08:54 查询号码 【1735301】，GSD为【""】
2021-07-04 01:08:54 bad
2021-07-04 01:08:55 CHB 1735301?1625332134 第 1 次 等待 1 秒
2021-07-04 01:08:56 CHB 1735301?1625332134 第 1 次 获取到号码【1735301】GSD
2021-07-04 01:08:56 获取到号码【1735301】的GSD为【广东-梅州】
2021-07-04 01:09:19 GSD insert 第 1 次 等待 1 秒
2021-07-04 01:09:21 {"status":"ok","msg":"添加成功！185862"}
2021-07-04 01:09:21 下次操作: 2021-07-04 01:09:30

2021-07-04 01:09:30 开始第 2 次操作

2021-07-04 01:09:30 开始操作号码 【1735302】
2021-07-04 01:09:42 GSD getOne 第 1 次 等待 1 秒
2021-07-04 01:09:43 查询号码 【1735302】，返回信息 {"status":"bad","msg":""}
2021-07-04 01:09:43 查询号码 【1735302】，GSD为【""】
2021-07-04 01:09:43 bad
2021-07-04 01:09:46 CHB 1735302?1625332183 第 1 次 等待 1 秒
2021-07-04 01:09:47 CHB 1735302?1625332183 第 1 次 获取到号码【1735302】GSD
2021-07-04 01:09:47 获取到号码【1735302】的GSD为【广东-清远】
2021-07-04 01:10:06 GSD insert 第 1 次 等待 1 秒
2021-07-04 01:10:07 {"status":"ok","msg":"添加成功！185866"}
2021-07-04 01:10:07 下次操作: 2021-07-04 01:10:14

2021-07-04 01:10:14 开始第 3 次操作

2021-07-04 01:10:14 开始操作号码 【1735303】
2021-07-04 01:10:26 GSD getOne 第 1 次 等待 1 秒
2021-07-04 01:10:27 查询号码 【1735303】，返回信息 {"status":"bad","msg":""}
2021-07-04 01:10:27 查询号码 【1735303】，GSD为【""】
2021-07-04 01:10:27 bad
2021-07-04 01:10:29 CHB 1735303?1625332227 第 1 次 等待 1 秒
2021-07-04 01:10:30 CHB 1735303?1625332227 第 1 次 获取到号码【1735303】GSD
2021-07-04 01:10:31 获取到号码【1735303】的GSD为【广东-清远】
2021-07-04 01:10:52 GSD insert 第 1 次 等待 1 秒
2021-07-04 01:10:53 {"status":"ok","msg":"添加成功！185870"}
2021-07-04 01:10:53 下次操作: 2021-07-04 01:11:01

2021-07-04 01:11:01 开始第 4 次操作

2021-07-04 01:11:01 开始操作号码 【1735304】
2021-07-04 01:11:13 GSD getOne 第 1 次 等待 1 秒
2021-07-04 01:11:14 查询号码 【1735304】，返回信息 {"status":"bad","msg":""}
2021-07-04 01:11:14 查询号码 【1735304】，GSD为【""】
2021-07-04 01:11:14 bad
2021-07-04 01:11:17 CHB 1735304?1625332274 第 1 次 等待 1 秒
2021-07-04 01:11:18 CHB 1735304?1625332274 第 1 次 获取到号码【1735304】GSD
2021-07-04 01:11:18 获取到号码【1735304】的GSD为【广东-潮州】
2021-07-04 01:11:38 GSD insert 第 1 次 等待 1 秒
2021-07-04 01:11:39 {"status":"ok","msg":"添加成功！185876"}
2021-07-04 01:11:39 下次操作: 2021-07-04 01:11:57

2021-07-04 01:11:57 开始第 5 次操作

2021-07-04 01:11:57 开始操作号码 【1735305】
2021-07-04 01:12:01 GSD getOne 第 1 次 等待 1 秒
2021-07-04 01:12:02 查询号码 【1735305】，返回信息 {"status":"bad","msg":""}
2021-07-04 01:12:02 查询号码 【1735305】，GSD为【""】
2021-07-04 01:12:02 bad
2021-07-04 01:12:04 CHB 1735305?1625332322 第 1 次 等待 1 秒
2021-07-04 01:12:05 CHB 1735305?1625332322 第 1 次 获取到号码【1735305】GSD
2021-07-04 01:12:05 获取到号码【1735305】的GSD为【广东-潮州】
2021-07-04 01:12:25 GSD insert 第 1 次 等待 1 秒
2021-07-04 01:12:26 {"status":"ok","msg":"添加成功！185879"}
2021-07-04 01:12:26 下次操作: 2021-07-04 01:12:33

2021-07-04 01:12:33 开始第 6 次操作

2021-07-04 01:12:33 开始操作号码 【1735306】
2021-07-04 01:12:52 GSD getOne 第 1 次 等待 1 秒
2021-07-04 01:12:53 查询号码 【1735306】，返回信息 {"status":"bad","msg":""}
2021-07-04 01:12:53 查询号码 【1735306】，GSD为【""】
2021-07-04 01:12:53 bad
2021-07-04 01:12:56 CHB 1735306?1625332373 第 1 次 等待 1 秒
2021-07-04 01:12:57 CHB 1735306?1625332373 第 1 次 获取到号码【1735306】GSD
2021-07-04 01:12:57 获取到号码【1735306】的GSD为【广东-汕尾】
2021-07-04 01:13:16 GSD insert 第 1 次 等待 1 秒
2021-07-04 01:13:17 {"status":"ok","msg":"添加成功！185883"}
2021-07-04 01:13:17 下次操作: 2021-07-04 01:13:30

2021-07-04 01:13:30 开始第 7 次操作

2021-07-04 01:13:30 开始操作号码 【1735307】
2021-07-04 01:13:38 GSD getOne 第 1 次 等待 1 秒
2021-07-04 01:13:39 查询号码 【1735307】，返回信息 {"status":"bad","msg":""}
2021-07-04 01:13:39 查询号码 【1735307】，GSD为【""】
2021-07-04 01:13:39 bad
2021-07-04 01:13:41 CHB 1735307?1625332419 第 1 次 等待 1 秒
2021-07-04 01:13:42 CHB 1735307?1625332419 第 1 次 获取到号码【1735307】GSD
2021-07-04 01:13:42 获取到号码【1735307】的GSD为【广东-汕尾】
2021-07-04 01:14:19 GSD insert 第 1 次 等待 1 秒
2021-07-04 01:14:20 {"status":"ok","msg":"添加成功！185890"}
2021-07-04 01:14:20 下次操作: 2021-07-04 01:14:34

2021-07-04 01:14:34 开始第 8 次操作

2021-07-04 01:14:34 开始操作号码 【1735308】
2021-07-04 01:14:39 GSD getOne 第 1 次 等待 1 秒
2021-07-04 01:14:40 查询号码 【1735308】，返回信息 {"status":"bad","msg":""}
2021-07-04 01:14:40 查询号码 【1735308】，GSD为【""】
2021-07-04 01:14:40 bad
2021-07-04 01:14:42 CHB 1735308?1625332480 第 1 次 等待 1 秒
2021-07-04 01:14:43 CHB 1735308?1625332480 第 1 次 获取到号码【1735308】GSD
2021-07-04 01:14:43 获取到号码【1735308】的GSD为【广东-河源】
2021-07-04 01:15:03 GSD insert 第 1 次 等待 1 秒
2021-07-04 01:15:04 {"status":"ok","msg":"添加成功！185894"}
2021-07-04 01:15:04 下次操作: 2021-07-04 01:15:15

2021-07-04 01:15:15 开始第 9 次操作

2021-07-04 01:15:15 开始操作号码 【1735309】
2021-07-04 01:15:35 GSD getOne 第 1 次 等待 1 秒
2021-07-04 01:15:36 查询号码 【1735309】，返回信息 {"status":"bad","msg":""}
2021-07-04 01:15:36 查询号码 【1735309】，GSD为【""】
2021-07-04 01:15:36 bad
2021-07-04 01:15:39 CHB 1735309?1625332536 第 1 次 等待 1 秒
2021-07-04 01:15:40 CHB 1735309?1625332536 第 1 次 获取到号码【1735309】GSD
2021-07-04 01:15:40 获取到号码【1735309】的GSD为【广东-河源】
2021-07-04 01:15:59 GSD insert 第 1 次 等待 1 秒
2021-07-04 01:16:00 {"status":"ok","msg":"添加成功！185901"}
2021-07-04 01:16:00 下次操作: 2021-07-04 01:16:18

2021-07-04 01:16:18 开始第 10 次操作

2021-07-04 01:16:18 开始操作号码 【1735310】
2021-07-04 01:16:23 GSD getOne 第 1 次 等待 1 秒
2021-07-04 01:16:24 查询号码 【1735310】，返回信息 {"status":"ok","msg":"重庆-重庆","time_insert":"2017-04-20 10:11","time_update":"2021-01-14 06:34"}
2021-07-04 01:16:24 查询号码 【1735310】，GSD为【"重庆-重庆"】

2021-07-04 01:16:24 开始第 10 次操作

2021-07-04 01:16:24 开始操作号码 【1735311】
2021-07-04 01:16:43 GSD getOne 第 1 次 等待 1 秒
2021-07-04 01:16:44 查询号码 【1735311】，返回信息 {"status":"bad","msg":""}
2021-07-04 01:16:44 查询号码 【1735311】，GSD为【""】
2021-07-04 01:16:44 bad
2021-07-04 01:16:46 CHB 1735311?1625332604 第 1 次 等待 1 秒
2021-07-04 01:16:47 CHB 1735311?1625332604 第 1 次 获取到号码【1735311】GSD
2021-07-04 01:16:47 获取到号码【1735311】的GSD为【重庆-重庆】
2021-07-04 01:17:12 GSD insert 第 1 次 等待 1 秒
2021-07-04 01:17:13 {"status":"ok","msg":"添加成功！185907"}
2021-07-04 01:17:13 下次操作: 2021-07-04 01:17:21

2021-07-04 01:17:21 开始第 11 次操作

2021-07-04 01:17:21 开始操作号码 【1735312】
2021-07-04 01:17:32 GSD getOne 第 1 次 等待 1 秒
2021-07-04 01:17:33 查询号码 【1735312】，返回信息 {"status":"bad","msg":""}
2021-07-04 01:17:33 查询号码 【1735312】，GSD为【""】
2021-07-04 01:17:33 bad
2021-07-04 01:17:35 CHB 1735312?1625332653 第 1 次 等待 1 秒
2021-07-04 01:17:36 CHB 1735312?1625332653 第 1 次 获取到号码【1735312】GSD
2021-07-04 01:17:36 获取到号码【1735312】的GSD为【重庆-重庆】
2021-07-04 01:17:56 GSD insert 第 1 次 等待 1 秒
2021-07-04 01:17:57 {"status":"ok","msg":"添加成功！185910"}
2021-07-04 01:17:57 下次操作: 2021-07-04 01:18:12

2021-07-04 01:18:12 开始第 12 次操作

2021-07-04 01:18:12 开始操作号码 【1735313】
2021-07-04 01:18:16 GSD getOne 第 1 次 等待 1 秒
2021-07-04 01:18:17 查询号码 【1735313】，返回信息 {"status":"ok","msg":"重庆-重庆","time_insert":"2018-08-16 19:26","time_update":"2021-01-14 06:36"}
2021-07-04 01:18:17 查询号码 【1735313】，GSD为【"重庆-重庆"】

2021-07-04 01:18:17 开始第 12 次操作

2021-07-04 01:18:17 开始操作号码 【1735314】
2021-07-04 01:18:39 GSD getOne 第 1 次 等待 1 秒
2021-07-04 01:18:40 查询号码 【1735314】，返回信息 {"status":"ok","msg":"重庆-重庆","time_insert":"2017-10-14 11:03","time_update":"2021-01-14 06:43"}
2021-07-04 01:18:40 查询号码 【1735314】，GSD为【"重庆-重庆"】

2021-07-04 01:18:40 开始第 12 次操作

2021-07-04 01:18:40 开始操作号码 【1735315】
2021-07-04 01:19:00 GSD getOne 第 1 次 等待 1 秒
2021-07-04 01:19:01 查询号码 【1735315】，返回信息 {"status":"ok","msg":"重庆-重庆","time_insert":"2018-09-22 22:50","time_update":"2021-01-14 06:48"}
2021-07-04 01:19:01 查询号码 【1735315】，GSD为【"重庆-重庆"】

2021-07-04 01:19:01 开始第 12 次操作

2021-07-04 01:19:01 开始操作号码 【1735316】
2021-07-04 01:19:23 GSD getOne 第 1 次 等待 1 秒
2021-07-04 01:19:24 查询号码 【1735316】，返回信息 {"status":"ok","msg":"重庆-重庆","time_insert":"2018-06-21 05:53","time_update":"2021-01-14 06:50"}
2021-07-04 01:19:24 查询号码 【1735316】，GSD为【"重庆-重庆"】

2021-07-04 01:19:24 开始第 12 次操作

2021-07-04 01:19:24 开始操作号码 【1735317】
2021-07-04 01:19:44 GSD getOne 第 1 次 等待 1 秒
2021-07-04 01:19:45 查询号码 【1735317】，返回信息 {"status":"bad","msg":""}
2021-07-04 01:19:45 查询号码 【1735317】，GSD为【""】
2021-07-04 01:19:45 bad
2021-07-04 01:19:48 CHB 1735317?1625332785 第 1 次 等待 1 秒
2021-07-04 01:19:49 CHB 1735317?1625332785 第 1 次 获取到号码【1735317】GSD
2021-07-04 01:19:49 获取到号码【1735317】的GSD为【重庆-重庆】
2021-07-04 01:20:08 GSD insert 第 1 次 等待 1 秒
2021-07-04 01:20:09 {"status":"ok","msg":"添加成功！185920"}
2021-07-04 01:20:09 下次操作: 2021-07-04 01:20:26

2021-07-04 01:20:26 开始第 13 次操作

2021-07-04 01:20:26 开始操作号码 【1735318】
2021-07-04 01:20:31 GSD getOne 第 1 次 等待 1 秒
2021-07-04 01:20:32 查询号码 【1735318】，返回信息 {"status":"bad","msg":""}
2021-07-04 01:20:32 查询号码 【1735318】，GSD为【""】
2021-07-04 01:20:32 bad
2021-07-04 01:20:34 CHB 1735318?1625332832 第 1 次 等待 1 秒
2021-07-04 01:20:35 CHB 1735318?1625332832 第 1 次 获取到号码【1735318】GSD
2021-07-04 01:20:35 获取到号码【1735318】的GSD为【重庆-重庆】
2021-07-04 01:20:54 GSD insert 第 1 次 等待 1 秒
2021-07-04 01:20:55 {"status":"ok","msg":"添加成功！185923"}
2021-07-04 01:20:55 下次操作: 2021-07-04 01:21:06

2021-07-04 01:21:06 开始第 14 次操作

2021-07-04 01:21:06 开始操作号码 【1735319】
2021-07-04 01:21:17 GSD getOne 第 1 次 等待 1 秒
2021-07-04 01:21:18 查询号码 【1735319】，返回信息 {"status":"bad","msg":""}
2021-07-04 01:21:18 查询号码 【1735319】，GSD为【""】
2021-07-04 01:21:18 bad
2021-07-04 01:21:21 CHB 1735319?1625332878 第 1 次 等待 1 秒
2021-07-04 01:21:22 CHB 1735319?1625332878 第 1 次 获取到号码【1735319】GSD
2021-07-04 01:21:22 获取到号码【1735319】的GSD为【重庆-重庆】
2021-07-04 01:21:42 GSD insert 第 1 次 等待 1 秒
2021-07-04 01:21:43 {"status":"ok","msg":"添加成功！185926"}
2021-07-04 01:21:43 下次操作: 2021-07-04 01:21:49

2021-07-04 01:21:49 开始第 15 次操作

2021-07-04 01:21:49 开始操作号码 【1735320】
2021-07-04 01:22:09 GSD getOne 第 1 次 等待 1 秒
2021-07-04 01:22:10 查询号码 【1735320】，返回信息 {"status":"bad","msg":""}
2021-07-04 01:22:10 查询号码 【1735320】，GSD为【""】
2021-07-04 01:22:10 bad
2021-07-04 01:22:14 CHB 1735320?1625332930 第 1 次 等待 1 秒
2021-07-04 01:22:15 CHB 1735320?1625332930 第 1 次 获取到号码【1735320】GSD
2021-07-04 01:22:15 获取到号码【1735320】的GSD为【重庆-重庆】
2021-07-04 01:22:35 GSD insert 第 1 次 等待 1 秒
2021-07-04 01:22:36 {"status":"ok","msg":"添加成功！185929"}
2021-07-04 01:22:36 下次操作: 2021-07-04 01:22:52

2021-07-04 01:22:52 开始第 16 次操作

2021-07-04 01:22:52 开始操作号码 【1735321】
2021-07-04 01:22:56 GSD getOne 第 1 次 等待 1 秒
2021-07-04 01:22:57 查询号码 【1735321】，返回信息 {"status":"bad","msg":""}
2021-07-04 01:22:57 查询号码 【1735321】，GSD为【""】
2021-07-04 01:22:57 bad
2021-07-04 01:23:01 CHB 1735321?1625332977 第 1 次 等待 1 秒
2021-07-04 01:23:02 CHB 1735321?1625332977 第 1 次 获取到号码【1735321】GSD
2021-07-04 01:23:02 获取到号码【1735321】的GSD为【重庆-重庆】
2021-07-04 01:23:21 GSD insert 第 1 次 等待 1 秒
2021-07-04 01:23:22 {"status":"ok","msg":"添加成功！185934"}
2021-07-04 01:23:22 下次操作: 2021-07-04 01:23:28

2021-07-04 01:23:28 开始第 17 次操作

2021-07-04 01:23:28 开始操作号码 【1735322】
2021-07-04 01:23:52 GSD getOne 第 1 次 等待 1 秒
2021-07-04 01:23:53 查询号码 【1735322】，返回信息 {"status":"bad","msg":""}
2021-07-04 01:23:53 查询号码 【1735322】，GSD为【""】
2021-07-04 01:23:53 bad
2021-07-04 01:23:55 CHB 1735322?1625333033 第 1 次 等待 1 秒
2021-07-04 01:23:56 CHB 1735322?1625333033 第 1 次 获取到号码【1735322】GSD
2021-07-04 01:23:56 获取到号码【1735322】的GSD为【重庆-重庆】
2021-07-04 01:24:21 GSD insert 第 1 次 等待 1 秒
2021-07-04 01:24:22 {"status":"ok","msg":"添加成功！185938"}
2021-07-04 01:24:22 下次操作: 2021-07-04 01:24:38

2021-07-04 01:24:38 开始第 18 次操作

2021-07-04 01:24:38 开始操作号码 【1735323】
2021-07-04 01:24:42 GSD getOne 第 1 次 等待 1 秒
2021-07-04 01:24:43 查询号码 【1735323】，返回信息 {"status":"bad","msg":""}
2021-07-04 01:24:43 查询号码 【1735323】，GSD为【""】
2021-07-04 01:24:43 bad
2021-07-04 01:24:45 CHB 1735323?1625333083 第 1 次 等待 1 秒
2021-07-04 01:24:46 CHB 1735323?1625333083 第 1 次 获取到号码【1735323】GSD
2021-07-04 01:24:46 获取到号码【1735323】的GSD为【重庆-重庆】
2021-07-04 01:25:05 GSD insert 第 1 次 等待 1 秒
2021-07-04 01:25:06 {"status":"ok","msg":"添加成功！185946"}
2021-07-04 01:25:06 下次操作: 2021-07-04 01:25:21

2021-07-04 01:25:21 开始第 19 次操作

2021-07-04 01:25:21 开始操作号码 【1735324】
2021-07-04 01:25:25 GSD getOne 第 1 次 等待 1 秒
2021-07-04 01:25:26 查询号码 【1735324】，返回信息 {"status":"bad","msg":""}
2021-07-04 01:25:26 查询号码 【1735324】，GSD为【""】
2021-07-04 01:25:26 bad
2021-07-04 01:25:28 CHB 1735324?1625333126 第 1 次 等待 1 秒
2021-07-04 01:25:29 CHB 1735324?1625333126 第 1 次 获取到号码【1735324】GSD
2021-07-04 01:25:29 获取到号码【1735324】的GSD为【重庆-重庆】
2021-07-04 01:25:48 GSD insert 第 1 次 等待 1 秒
2021-07-04 01:25:49 {"status":"ok","msg":"添加成功！185950"}
2021-07-04 01:25:49 下次操作: 2021-07-04 01:25:58

2021-07-04 01:25:58 开始第 20 次操作

2021-07-04 01:25:58 开始操作号码 【1735325】
2021-07-04 01:26:09 GSD getOne 第 1 次 等待 1 秒
2021-07-04 01:26:10 查询号码 【1735325】，返回信息 {"status":"bad","msg":""}
2021-07-04 01:26:11 查询号码 【1735325】，GSD为【""】
2021-07-04 01:26:11 bad
2021-07-04 01:26:12 CHB 1735325?1625333171 第 1 次 等待 1 秒
2021-07-04 01:26:13 CHB 1735325?1625333171 第 1 次 获取到号码【1735325】GSD
2021-07-04 01:26:13 获取到号码【1735325】的GSD为【重庆-重庆】
2021-07-04 01:26:36 GSD insert 第 1 次 等待 1 秒
2021-07-04 01:26:37 {"status":"ok","msg":"添加成功！185956"}
2021-07-04 01:26:37 下次操作: 2021-07-04 01:26:43

2021-07-04 01:26:43 开始第 21 次操作

2021-07-04 01:26:43 开始操作号码 【1735326】
2021-07-04 01:27:20 GSD getOne 第 1 次 等待 1 秒
2021-07-04 01:27:21 查询号码 【1735326】，返回信息 {"status":"bad","msg":""}
2021-07-04 01:27:21 查询号码 【1735326】，GSD为【""】
2021-07-04 01:27:21 bad
2021-07-04 01:27:23 CHB 1735326?1625333241 第 1 次 等待 1 秒
2021-07-04 01:27:24 CHB 1735326?1625333241 第 1 次 获取到号码【1735326】GSD
2021-07-04 01:27:24 获取到号码【1735326】的GSD为【重庆-重庆】
2021-07-04 01:27:43 GSD insert 第 1 次 等待 1 秒
2021-07-04 01:27:44 {"status":"ok","msg":"添加成功！185960"}
2021-07-04 01:27:44 下次操作: 2021-07-04 01:27:58

2021-07-04 01:27:58 开始第 22 次操作

2021-07-04 01:27:58 开始操作号码 【1735327】
2021-07-04 01:30:08 GSD getOne 第 1 次 等待 1 秒
2021-07-04 01:30:13 GSD getOne 第 2 次 等待 1 秒
2021-07-04 01:30:14 查询号码 【1735327】，返回信息 {"status":"bad","msg":""}
2021-07-04 01:30:14 查询号码 【1735327】，GSD为【""】
2021-07-04 01:30:14 bad
2021-07-04 01:30:59 CHB 1735327?1625333414 第 1 次 等待 1 秒
2021-07-04 01:31:00 CHB 1735327?1625333414 第 1 次 获取到号码【1735327】GSD
2021-07-04 01:31:00 获取到号码【1735327】的GSD为【重庆-重庆】
2021-07-04 01:31:04 GSD insert 第 1 次 等待 1 秒
2021-07-04 01:31:05 {"status":"ok","msg":"添加成功！185971"}
2021-07-04 01:31:05 下次操作: 2021-07-04 01:31:16

2021-07-04 01:31:16 开始第 23 次操作

2021-07-04 01:31:16 开始操作号码 【1735328】
2021-07-04 01:31:27 GSD getOne 第 1 次 等待 1 秒
2021-07-04 01:31:28 查询号码 【1735328】，返回信息 {"status":"bad","msg":""}
2021-07-04 01:31:28 查询号码 【1735328】，GSD为【""】
2021-07-04 01:31:28 bad
2021-07-04 01:31:50 CHB 1735328?1625333488 第 1 次 等待 1 秒
2021-07-04 01:31:51 CHB 1735328?1625333488 第 1 次 获取到号码【1735328】GSD
2021-07-04 01:31:51 获取到号码【1735328】的GSD为【重庆-重庆】
2021-07-04 01:31:54 GSD insert 第 1 次 等待 1 秒
2021-07-04 01:31:56 {"status":"ok","msg":"添加成功！185976"}
2021-07-04 01:31:56 下次操作: 2021-07-04 01:32:11

2021-07-04 01:32:11 开始第 24 次操作

2021-07-04 01:32:11 开始操作号码 【1735329】
2021-07-04 01:32:15 GSD getOne 第 1 次 等待 1 秒
2021-07-04 01:32:16 查询号码 【1735329】，返回信息 {"status":"bad","msg":""}
2021-07-04 01:32:16 查询号码 【1735329】，GSD为【""】
2021-07-04 01:32:16 bad
2021-07-04 01:32:24 CHB 1735329?1625333536 第 1 次 等待 1 秒
2021-07-04 01:32:25 CHB 1735329?1625333536 第 1 次 获取到号码【1735329】GSD
2021-07-04 01:32:25 获取到号码【1735329】的GSD为【重庆-重庆】
2021-07-04 01:32:38 GSD insert 第 1 次 等待 1 秒
2021-07-04 01:32:39 {"status":"ok","msg":"添加成功！185977"}
2021-07-04 01:32:39 下次操作: 2021-07-04 01:32:48

2021-07-04 01:32:48 开始第 25 次操作

2021-07-04 01:32:48 开始操作号码 【1735330】
2021-07-04 01:33:00 GSD getOne 第 1 次 等待 1 秒
2021-07-04 01:33:01 查询号码 【1735330】，返回信息 {"status":"bad","msg":""}
2021-07-04 01:33:01 查询号码 【1735330】，GSD为【""】
2021-07-04 01:33:01 bad
2021-07-04 01:33:02 CHB 1735330?1625333581 第 1 次 等待 1 秒
2021-07-04 01:33:03 CHB 1735330?1625333581 第 1 次 获取到号码【1735330】GSD
2021-07-04 01:33:04 获取到号码【1735330】的GSD为【山东-济南】
2021-07-04 01:33:23 GSD insert 第 1 次 等待 1 秒
2021-07-04 01:33:24 {"status":"ok","msg":"添加成功！185988"}
2021-07-04 01:33:24 下次操作: 2021-07-04 01:33:38

2021-07-04 01:33:38 开始第 26 次操作

2021-07-04 01:33:38 开始操作号码 【1735331】
2021-07-04 01:33:46 GSD getOne 第 1 次 等待 1 秒
2021-07-04 01:33:47 查询号码 【1735331】，返回信息 {"status":"bad","msg":""}
2021-07-04 01:33:47 查询号码 【1735331】，GSD为【""】
2021-07-04 01:33:47 bad
2021-07-04 01:33:49 CHB 1735331?1625333627 第 1 次 等待 1 秒
2021-07-04 01:33:50 CHB 1735331?1625333627 第 1 次 获取到号码【1735331】GSD
2021-07-04 01:33:50 获取到号码【1735331】的GSD为【山东-威海】
2021-07-04 01:34:12 GSD insert 第 1 次 等待 1 秒
2021-07-04 01:34:13 {"status":"ok","msg":"添加成功！185999"}
2021-07-04 01:34:13 下次操作: 2021-07-04 01:34:21

2021-07-04 01:34:21 开始第 27 次操作

2021-07-04 01:34:21 开始操作号码 【1735332】
2021-07-04 01:34:32 GSD getOne 第 1 次 等待 1 秒
2021-07-04 01:34:33 查询号码 【1735332】，返回信息 {"status":"bad","msg":""}
2021-07-04 01:34:33 查询号码 【1735332】，GSD为【""】
2021-07-04 01:34:33 bad
2021-07-04 01:34:35 CHB 1735332?1625333673 第 1 次 等待 1 秒
2021-07-04 01:34:36 CHB 1735332?1625333673 第 1 次 获取到号码【1735332】GSD
2021-07-04 01:34:36 获取到号码【1735332】的GSD为【山东-淄博】
2021-07-04 01:34:55 GSD insert 第 1 次 等待 1 秒
2021-07-04 01:34:56 {"status":"ok","msg":"添加成功！186008"}
2021-07-04 01:34:56 下次操作: 2021-07-04 01:35:05

2021-07-04 01:35:05 开始第 28 次操作

2021-07-04 01:35:05 开始操作号码 【1735333】
2021-07-04 01:35:16 GSD getOne 第 1 次 等待 1 秒
2021-07-04 01:35:17 查询号码 【1735333】，返回信息 {"status":"bad","msg":""}
2021-07-04 01:35:17 查询号码 【1735333】，GSD为【""】
2021-07-04 01:35:17 bad
2021-07-04 01:35:19 CHB 1735333?1625333717 第 1 次 等待 1 秒
2021-07-04 01:35:20 CHB 1735333?1625333717 第 1 次 获取到号码【1735333】GSD
2021-07-04 01:35:20 获取到号码【1735333】的GSD为【山东-淄博】
2021-07-04 01:35:40 GSD insert 第 1 次 等待 1 秒
2021-07-04 01:35:41 {"status":"ok","msg":"添加成功！186022"}
2021-07-04 01:35:41 下次操作: 2021-07-04 01:35:51

2021-07-04 01:35:51 开始第 29 次操作

2021-07-04 01:35:51 开始操作号码 【1735334】
2021-07-04 01:36:02 GSD getOne 第 1 次 等待 1 秒
2021-07-04 01:36:03 查询号码 【1735334】，返回信息 {"status":"bad","msg":""}
2021-07-04 01:36:04 查询号码 【1735334】，GSD为【""】
2021-07-04 01:36:04 bad
2021-07-04 01:36:05 CHB 1735334?1625333764 第 1 次 等待 1 秒
2021-07-04 01:36:06 CHB 1735334?1625333764 第 1 次 获取到号码【1735334】GSD
2021-07-04 01:36:06 获取到号码【1735334】的GSD为【山东-青岛】
2021-07-04 01:36:26 GSD insert 第 1 次 等待 1 秒
2021-07-04 01:36:27 {"status":"ok","msg":"添加成功！186031"}
2021-07-04 01:36:27 下次操作: 2021-07-04 01:36:39

2021-07-04 01:36:39 开始第 30 次操作

2021-07-04 01:36:39 开始操作号码 【1735335】
2021-07-04 01:36:46 GSD getOne 第 1 次 等待 1 秒
2021-07-04 01:36:47 查询号码 【1735335】，返回信息 {"status":"bad","msg":""}
2021-07-04 01:36:47 查询号码 【1735335】，GSD为【""】
2021-07-04 01:36:47 bad
2021-07-04 01:36:48 CHB 1735335?1625333807 第 1 次 等待 1 秒
2021-07-04 01:36:49 CHB 1735335?1625333807 第 1 次 获取到号码【1735335】GSD
2021-07-04 01:36:49 获取到号码【1735335】的GSD为【山东-青岛】
2021-07-04 01:37:09 GSD insert 第 1 次 等待 1 秒
2021-07-04 01:37:10 {"status":"ok","msg":"添加成功！186045"}

