2024-07-30 00:11:57 开始第 9409 次操作

2024-07-30 00:11:57 开始操作号码 【1569315】
2024-07-30 00:12:10 GSD getOne 第 1 次 等待 3 秒
2024-07-30 00:12:13 查询号码 【1569315】，返回信息 {"status":"ok","msg":"甘肃-兰州","gid":"373833","time_insert":"2021-07-24 04:58"}
2024-07-30 00:12:13 查询号码 【1569315】，GSD为【"甘肃-兰州"】

2024-07-30 00:12:14 开始第 9410 次操作

2024-07-30 00:12:14 开始操作号码 【1569316】
2024-07-30 00:12:22 GSD getOne 第 1 次 等待 3 秒
2024-07-30 00:12:25 查询号码 【1569316】，返回信息 {"status":"ok","msg":"甘肃-兰州","gid":"373819","time_insert":"2021-07-24 04:57"}
2024-07-30 00:12:25 查询号码 【1569316】，GSD为【"甘肃-兰州"】

2024-07-30 00:12:26 开始第 9411 次操作

2024-07-30 00:12:26 开始操作号码 【1569317】
2024-07-30 00:12:34 GSD getOne 第 1 次 等待 3 秒
2024-07-30 00:12:37 查询号码 【1569317】，返回信息 {"status":"ok","msg":"甘肃-兰州","gid":"23057","time_insert":"2014-02-17 12:28","time_update":"2020-12-13 00:11"}
2024-07-30 00:12:37 查询号码 【1569317】，GSD为【"甘肃-兰州"】

2024-07-30 00:12:38 开始第 9412 次操作

2024-07-30 00:12:38 开始操作号码 【1569318】
2024-07-30 00:12:50 GSD getOne 第 1 次 等待 3 秒
2024-07-30 00:12:53 查询号码 【1569318】，返回信息 {"status":"ok","msg":"甘肃-兰州","gid":"373798","time_insert":"2021-07-24 04:56"}
2024-07-30 00:12:53 查询号码 【1569318】，GSD为【"甘肃-兰州"】

