2021-07-08 00:06:52 开始第 1 次操作

2021-07-08 00:06:52 开始操作号码 【1738342】
2021-07-08 00:06:57 GSD getOne 第 1 次 等待 1 秒
2021-07-08 00:06:58 查询号码 【1738342】，返回信息 {"status":"bad","msg":""}
2021-07-08 00:06:58 查询号码 【1738342】，GSD为【""】
2021-07-08 00:06:58 bad
2021-07-08 00:07:01 CHB 1738342?1625674018 第 1 次 等待 1 秒
2021-07-08 00:07:02 CHB 1738342?1625674018 第 1 次 获取到号码【1738342】GSD
2021-07-08 00:07:02 获取到号码【1738342】的GSD为【四川-自贡】
2021-07-08 00:07:06 GSD insert 第 1 次 等待 1 秒
2021-07-08 00:07:07 {"status":"ok","msg":"添加成功！218064"}
2021-07-08 00:07:07 下次操作: 2021-07-08 00:07:17

2021-07-08 00:07:17 开始第 2 次操作

2021-07-08 00:07:17 开始操作号码 【1738343】
2021-07-08 00:07:23 GSD getOne 第 1 次 等待 1 秒
2021-07-08 00:07:24 查询号码 【1738343】，返回信息 {"status":"ok","msg":"四川-自贡","time_insert":"2019-10-21 10:37","time_update":"2020-10-29 12:55"}
2021-07-08 00:07:24 查询号码 【1738343】，GSD为【"四川-自贡"】

2021-07-08 00:07:25 开始第 2 次操作

2021-07-08 00:07:25 开始操作号码 【1738344】
2021-07-08 00:07:32 GSD getOne 第 1 次 等待 1 秒
2021-07-08 00:07:33 查询号码 【1738344】，返回信息 {"status":"ok","msg":"四川-自贡","time_insert":"2018-11-02 10:53","time_update":"2020-10-29 13:00"}
2021-07-08 00:07:33 查询号码 【1738344】，GSD为【"四川-自贡"】

2021-07-08 00:07:33 开始第 2 次操作

2021-07-08 00:07:33 开始操作号码 【1738345】
2021-07-08 00:07:40 GSD getOne 第 1 次 等待 1 秒
2021-07-08 00:07:41 查询号码 【1738345】，返回信息 {"status":"ok","msg":"四川-自贡","time_insert":"2018-10-22 16:57","time_update":"2020-10-29 13:04"}
2021-07-08 00:07:41 查询号码 【1738345】，GSD为【"四川-自贡"】

2021-07-08 00:07:41 开始第 2 次操作

2021-07-08 00:07:41 开始操作号码 【1738346】
2021-07-08 00:07:45 GSD getOne 第 1 次 等待 1 秒
2021-07-08 00:07:46 查询号码 【1738346】，返回信息 {"status":"ok","msg":"四川-自贡","time_insert":"2018-11-25 11:26","time_update":"2020-10-29 13:08"}
2021-07-08 00:07:46 查询号码 【1738346】，GSD为【"四川-自贡"】

2021-07-08 00:07:46 开始第 2 次操作

2021-07-08 00:07:46 开始操作号码 【1738347】
2021-07-08 00:07:50 GSD getOne 第 1 次 等待 1 秒
2021-07-08 00:07:51 查询号码 【1738347】，返回信息 {"status":"bad","msg":""}
2021-07-08 00:07:51 查询号码 【1738347】，GSD为【""】
2021-07-08 00:07:51 bad
2021-07-08 00:07:53 CHB 1738347?1625674071 第 1 次 等待 1 秒
2021-07-08 00:07:54 CHB 1738347?1625674071 第 1 次 获取到号码【1738347】GSD
2021-07-08 00:07:54 获取到号码【1738347】的GSD为【四川-自贡】
2021-07-08 00:08:04 GSD insert 第 1 次 等待 1 秒
2021-07-08 00:08:05 {"status":"ok","msg":"添加成功！218076"}
2021-07-08 00:08:05 下次操作: 2021-07-08 00:08:14

2021-07-08 00:08:14 开始第 3 次操作

2021-07-08 00:08:14 开始操作号码 【1738348】
2021-07-08 00:08:25 GSD getOne 第 1 次 等待 1 秒
2021-07-08 00:08:26 查询号码 【1738348】，返回信息 {"status":"ok","msg":"四川-自贡","time_insert":"2018-09-27 23:10","time_update":"2020-10-29 13:12"}
2021-07-08 00:08:26 查询号码 【1738348】，GSD为【"四川-自贡"】

2021-07-08 00:08:26 开始第 3 次操作

2021-07-08 00:08:26 开始操作号码 【1738349】
2021-07-08 00:08:30 GSD getOne 第 1 次 等待 1 秒
2021-07-08 00:08:31 查询号码 【1738349】，返回信息 {"status":"ok","msg":"四川-自贡","time_insert":"2018-05-18 22:25","time_update":"2020-10-29 13:16"}
2021-07-08 00:08:31 查询号码 【1738349】，GSD为【"四川-自贡"】

2021-07-08 00:08:31 开始第 3 次操作

2021-07-08 00:08:31 开始操作号码 【1738350】
2021-07-08 00:08:37 GSD getOne 第 1 次 等待 1 秒
2021-07-08 00:08:38 查询号码 【1738350】，返回信息 {"status":"ok","msg":"四川-自贡","time_insert":"2020-07-03 23:50","time_update":"2020-10-29 13:21"}
2021-07-08 00:08:38 查询号码 【1738350】，GSD为【"四川-自贡"】

2021-07-08 00:08:38 开始第 3 次操作

2021-07-08 00:08:38 开始操作号码 【1738351】
2021-07-08 00:08:44 GSD getOne 第 1 次 等待 1 秒
2021-07-08 00:08:45 查询号码 【1738351】，返回信息 {"status":"ok","msg":"四川-自贡","time_insert":"2019-01-22 12:21","time_update":"2020-10-29 13:26"}
2021-07-08 00:08:45 查询号码 【1738351】，GSD为【"四川-自贡"】

2021-07-08 00:08:45 开始第 3 次操作

2021-07-08 00:08:45 开始操作号码 【1738352】
2021-07-08 00:08:49 GSD getOne 第 1 次 等待 1 秒
2021-07-08 00:08:50 查询号码 【1738352】，返回信息 {"status":"ok","msg":"四川-自贡","time_insert":"2021-04-21 16:32"}
2021-07-08 00:08:50 查询号码 【1738352】，GSD为【"四川-自贡"】

2021-07-08 00:08:50 开始第 3 次操作

2021-07-08 00:08:50 开始操作号码 【1738353】
2021-07-08 00:08:56 GSD getOne 第 1 次 等待 1 秒
2021-07-08 00:08:57 查询号码 【1738353】，返回信息 {"status":"bad","msg":""}
2021-07-08 00:08:57 查询号码 【1738353】，GSD为【""】
2021-07-08 00:08:57 bad
2021-07-08 00:09:00 CHB 1738353?1625674137 第 1 次 等待 1 秒
2021-07-08 00:09:01 CHB 1738353?1625674137 第 1 次 获取到号码【1738353】GSD
2021-07-08 00:09:01 获取到号码【1738353】的GSD为【四川-南充】
2021-07-08 00:09:07 GSD insert 第 1 次 等待 1 秒
2021-07-08 00:09:08 {"status":"ok","msg":"添加成功！218090"}
2021-07-08 00:09:08 下次操作: 2021-07-08 00:09:15

2021-07-08 00:09:15 开始第 4 次操作

2021-07-08 00:09:15 开始操作号码 【1738354】
2021-07-08 00:09:19 GSD getOne 第 1 次 等待 1 秒
2021-07-08 00:09:20 查询号码 【1738354】，返回信息 {"status":"bad","msg":""}
2021-07-08 00:09:20 查询号码 【1738354】，GSD为【""】
2021-07-08 00:09:20 bad
2021-07-08 00:09:23 CHB 1738354?1625674160 第 1 次 等待 1 秒
2021-07-08 00:09:24 CHB 1738354?1625674160 第 1 次 获取到号码【1738354】GSD
2021-07-08 00:09:24 获取到号码【1738354】的GSD为【四川-南充】
2021-07-08 00:09:28 GSD insert 第 1 次 等待 1 秒
2021-07-08 00:09:29 {"status":"ok","msg":"添加成功！218092"}
2021-07-08 00:09:29 下次操作: 2021-07-08 00:09:43

2021-07-08 00:09:43 开始第 5 次操作

2021-07-08 00:09:43 开始操作号码 【1738355】
2021-07-08 00:09:49 GSD getOne 第 1 次 等待 1 秒
2021-07-08 00:09:50 查询号码 【1738355】，返回信息 {"status":"bad","msg":""}
2021-07-08 00:09:50 查询号码 【1738355】，GSD为【""】
2021-07-08 00:09:50 bad
2021-07-08 00:09:52 CHB 1738355?1625674190 第 1 次 等待 1 秒
2021-07-08 00:09:53 CHB 1738355?1625674190 第 1 次 获取到号码【1738355】GSD
2021-07-08 00:09:53 获取到号码【1738355】的GSD为【四川-南充】
2021-07-08 00:09:57 GSD insert 第 1 次 等待 1 秒
2021-07-08 00:09:58 {"status":"ok","msg":"添加成功！218099"}
2021-07-08 00:09:58 下次操作: 2021-07-08 00:10:11

2021-07-08 00:10:11 开始第 6 次操作

2021-07-08 00:10:11 开始操作号码 【1738356】
2021-07-08 00:10:15 GSD getOne 第 1 次 等待 1 秒
2021-07-08 00:10:16 查询号码 【1738356】，返回信息 {"status":"bad","msg":""}
2021-07-08 00:10:16 查询号码 【1738356】，GSD为【""】
2021-07-08 00:10:16 bad
2021-07-08 00:10:17 CHB 1738356?1625674216 第 1 次 等待 1 秒
2021-07-08 00:10:18 CHB 1738356?1625674216 第 1 次 获取到号码【1738356】GSD
2021-07-08 00:10:18 获取到号码【1738356】的GSD为【四川-南充】
2021-07-08 00:10:24 GSD insert 第 1 次 等待 1 秒
2021-07-08 00:10:25 {"status":"ok","msg":"添加成功！218104"}
2021-07-08 00:10:25 下次操作: 2021-07-08 00:10:34

2021-07-08 00:10:34 开始第 7 次操作

2021-07-08 00:10:34 开始操作号码 【1738357】
2021-07-08 00:10:38 GSD getOne 第 1 次 等待 1 秒
2021-07-08 00:10:39 查询号码 【1738357】，返回信息 {"status":"bad","msg":""}
2021-07-08 00:10:39 查询号码 【1738357】，GSD为【""】
2021-07-08 00:10:39 bad
2021-07-08 00:10:41 CHB 1738357?1625674239 第 1 次 等待 1 秒
2021-07-08 00:10:42 CHB 1738357?1625674239 第 1 次 获取到号码【1738357】GSD
2021-07-08 00:10:42 获取到号码【1738357】的GSD为【四川-南充】
2021-07-08 00:10:46 GSD insert 第 1 次 等待 1 秒
2021-07-08 00:10:47 {"status":"ok","msg":"添加成功！218109"}
2021-07-08 00:10:47 下次操作: 2021-07-08 00:11:02

2021-07-08 00:11:02 开始第 8 次操作

2021-07-08 00:11:02 开始操作号码 【1738358】
2021-07-08 00:11:11 GSD getOne 第 1 次 等待 1 秒
2021-07-08 00:11:12 查询号码 【1738358】，返回信息 {"status":"ok","msg":"四川-南充","time_insert":"2021-06-01 19:12","time_update":"2021-06-09 16:33"}
2021-07-08 00:11:12 查询号码 【1738358】，GSD为【"四川-南充"】

2021-07-08 00:11:12 开始第 8 次操作

2021-07-08 00:11:12 开始操作号码 【1738359】
2021-07-08 00:11:16 GSD getOne 第 1 次 等待 1 秒
2021-07-08 00:11:17 查询号码 【1738359】，返回信息 {"status":"bad","msg":""}
2021-07-08 00:11:17 查询号码 【1738359】，GSD为【""】
2021-07-08 00:11:17 bad
2021-07-08 00:11:19 CHB 1738359?1625674277 第 1 次 等待 1 秒
2021-07-08 00:11:20 CHB 1738359?1625674277 第 1 次 获取到号码【1738359】GSD
2021-07-08 00:11:20 获取到号码【1738359】的GSD为【四川-南充】
2021-07-08 00:11:24 GSD insert 第 1 次 等待 1 秒
2021-07-08 00:11:25 {"status":"ok","msg":"添加成功！218118"}
2021-07-08 00:11:25 下次操作: 2021-07-08 00:11:33

2021-07-08 00:11:33 开始第 9 次操作

2021-07-08 00:11:33 开始操作号码 【1738360】
2021-07-08 00:11:37 GSD getOne 第 1 次 等待 1 秒
2021-07-08 00:11:38 查询号码 【1738360】，返回信息 {"status":"bad","msg":""}
2021-07-08 00:11:38 查询号码 【1738360】，GSD为【""】
2021-07-08 00:11:38 bad
2021-07-08 00:11:40 CHB 1738360?1625674298 第 1 次 等待 1 秒
2021-07-08 00:11:41 CHB 1738360?1625674298 第 1 次 获取到号码【1738360】GSD
2021-07-08 00:11:41 获取到号码【1738360】的GSD为【四川-南充】
2021-07-08 00:11:45 GSD insert 第 1 次 等待 1 秒
2021-07-08 00:11:46 {"status":"ok","msg":"添加成功！218122"}
2021-07-08 00:11:46 下次操作: 2021-07-08 00:12:02

2021-07-08 00:12:02 开始第 10 次操作

2021-07-08 00:12:02 开始操作号码 【1738361】
2021-07-08 00:12:06 GSD getOne 第 1 次 等待 1 秒
2021-07-08 00:12:07 查询号码 【1738361】，返回信息 {"status":"ok","msg":"四川-南充","time_insert":"2021-04-22 10:22"}
2021-07-08 00:12:07 查询号码 【1738361】，GSD为【"四川-南充"】

2021-07-08 00:12:07 开始第 10 次操作

2021-07-08 00:12:07 开始操作号码 【1738362】
2021-07-08 00:12:11 GSD getOne 第 1 次 等待 1 秒
2021-07-08 00:12:12 查询号码 【1738362】，返回信息 {"status":"bad","msg":""}
2021-07-08 00:12:12 查询号码 【1738362】，GSD为【""】
2021-07-08 00:12:12 bad
2021-07-08 00:12:14 CHB 1738362?1625674332 第 1 次 等待 1 秒
2021-07-08 00:12:15 CHB 1738362?1625674332 第 1 次 获取到号码【1738362】GSD
2021-07-08 00:12:15 获取到号码【1738362】的GSD为【四川-南充】
2021-07-08 00:12:19 GSD insert 第 1 次 等待 1 秒
2021-07-08 00:12:20 {"status":"ok","msg":"添加成功！218130"}
2021-07-08 00:12:20 下次操作: 2021-07-08 00:12:26

2021-07-08 00:12:26 开始第 11 次操作

2021-07-08 00:12:26 开始操作号码 【1738363】
2021-07-08 00:12:33 GSD getOne 第 1 次 等待 1 秒
2021-07-08 00:12:34 查询号码 【1738363】，返回信息 {"status":"bad","msg":""}
2021-07-08 00:12:34 查询号码 【1738363】，GSD为【""】
2021-07-08 00:12:34 bad
2021-07-08 00:12:36 CHB 1738363?1625674354 第 1 次 等待 1 秒
2021-07-08 00:12:37 CHB 1738363?1625674354 第 1 次 获取到号码【1738363】GSD
2021-07-08 00:12:37 获取到号码【1738363】的GSD为【四川-南充】
2021-07-08 00:12:48 GSD insert 第 1 次 等待 1 秒
2021-07-08 00:12:49 {"status":"ok","msg":"添加成功！218133"}
2021-07-08 00:12:49 下次操作: 2021-07-08 00:13:06

2021-07-08 00:13:06 开始第 12 次操作

2021-07-08 00:13:06 开始操作号码 【1738364】
2021-07-08 00:13:09 GSD getOne 第 1 次 等待 1 秒
2021-07-08 00:13:10 查询号码 【1738364】，返回信息 {"status":"bad","msg":""}
2021-07-08 00:13:10 查询号码 【1738364】，GSD为【""】
2021-07-08 00:13:10 bad
2021-07-08 00:13:12 CHB 1738364?1625674390 第 1 次 等待 1 秒
2021-07-08 00:13:13 CHB 1738364?1625674390 第 1 次 获取到号码【1738364】GSD
2021-07-08 00:13:13 获取到号码【1738364】的GSD为【四川-南充】
2021-07-08 00:13:20 GSD insert 第 1 次 等待 1 秒
2021-07-08 00:13:21 {"status":"ok","msg":"添加成功！218140"}
2021-07-08 00:13:21 下次操作: 2021-07-08 00:13:32

2021-07-08 00:13:32 开始第 13 次操作

2021-07-08 00:13:32 开始操作号码 【1738365】
2021-07-08 00:13:36 GSD getOne 第 1 次 等待 1 秒
2021-07-08 00:13:37 查询号码 【1738365】，返回信息 {"status":"ok","msg":"四川-南充","time_insert":"2019-11-15 11:24","time_update":"2020-10-29 13:29"}
2021-07-08 00:13:37 查询号码 【1738365】，GSD为【"四川-南充"】

2021-07-08 00:13:37 开始第 13 次操作

2021-07-08 00:13:37 开始操作号码 【1738366】
2021-07-08 00:13:41 GSD getOne 第 1 次 等待 1 秒
2021-07-08 00:13:42 查询号码 【1738366】，返回信息 {"status":"ok","msg":"四川-南充","time_insert":"2021-04-22 10:41"}
2021-07-08 00:13:42 查询号码 【1738366】，GSD为【"四川-南充"】

2021-07-08 00:13:42 开始第 13 次操作

2021-07-08 00:13:42 开始操作号码 【1738367】
2021-07-08 00:13:46 GSD getOne 第 1 次 等待 1 秒
2021-07-08 00:13:47 查询号码 【1738367】，返回信息 {"status":"ok","msg":"四川-南充","time_insert":"2019-04-29 22:04","time_update":"2020-10-29 13:34"}
2021-07-08 00:13:48 查询号码 【1738367】，GSD为【"四川-南充"】

2021-07-08 00:13:48 开始第 13 次操作

2021-07-08 00:13:48 开始操作号码 【1738368】
2021-07-08 00:13:51 GSD getOne 第 1 次 等待 1 秒
2021-07-08 00:13:52 查询号码 【1738368】，返回信息 {"status":"ok","msg":"四川-南充","time_insert":"2019-09-16 10:00","time_update":"2020-10-29 13:39"}
2021-07-08 00:13:52 查询号码 【1738368】，GSD为【"四川-南充"】

2021-07-08 00:13:52 开始第 13 次操作

2021-07-08 00:13:52 开始操作号码 【1738369】
2021-07-08 00:13:59 GSD getOne 第 1 次 等待 1 秒
2021-07-08 00:14:00 查询号码 【1738369】，返回信息 {"status":"bad","msg":""}
2021-07-08 00:14:00 查询号码 【1738369】，GSD为【""】
2021-07-08 00:14:00 bad
2021-07-08 00:14:02 CHB 1738369?1625674440 第 1 次 等待 1 秒
2021-07-08 00:14:03 CHB 1738369?1625674440 第 1 次 获取到号码【1738369】GSD
2021-07-08 00:14:03 获取到号码【1738369】的GSD为【四川-南充】
2021-07-08 00:14:07 GSD insert 第 1 次 等待 1 秒
2021-07-08 00:14:08 {"status":"ok","msg":"添加成功！218149"}
2021-07-08 00:14:08 下次操作: 2021-07-08 00:14:19

2021-07-08 00:14:19 开始第 14 次操作

2021-07-08 00:14:19 开始操作号码 【1738370】
2021-07-08 00:14:23 GSD getOne 第 1 次 等待 1 秒
2021-07-08 00:14:24 查询号码 【1738370】，返回信息 {"status":"bad","msg":""}
2021-07-08 00:14:24 查询号码 【1738370】，GSD为【""】
2021-07-08 00:14:24 bad
2021-07-08 00:14:26 CHB 1738370?1625674464 第 1 次 等待 1 秒
2021-07-08 00:14:27 CHB 1738370?1625674464 第 1 次 获取到号码【1738370】GSD
2021-07-08 00:14:27 获取到号码【1738370】的GSD为【四川-南充】
2021-07-08 00:14:35 GSD insert 第 1 次 等待 1 秒
2021-07-08 00:14:36 {"status":"ok","msg":"添加成功！218153"}
2021-07-08 00:14:36 下次操作: 2021-07-08 00:14:45

2021-07-08 00:14:45 开始第 15 次操作

2021-07-08 00:14:45 开始操作号码 【1738371】
2021-07-08 00:14:52 GSD getOne 第 1 次 等待 1 秒
2021-07-08 00:14:53 查询号码 【1738371】，返回信息 {"status":"bad","msg":""}
2021-07-08 00:14:53 查询号码 【1738371】，GSD为【""】
2021-07-08 00:14:53 bad
2021-07-08 00:14:55 CHB 1738371?1625674493 第 1 次 等待 1 秒
2021-07-08 00:14:56 CHB 1738371?1625674493 第 1 次 获取到号码【1738371】GSD
2021-07-08 00:14:56 获取到号码【1738371】的GSD为【四川-南充】
2021-07-08 00:15:03 GSD insert 第 1 次 等待 1 秒
2021-07-08 00:15:04 {"status":"ok","msg":"添加成功！218158"}
2021-07-08 00:15:04 下次操作: 2021-07-08 00:15:11

2021-07-08 00:15:11 开始第 16 次操作

2021-07-08 00:15:11 开始操作号码 【1738372】
2021-07-08 00:15:25 GSD getOne 第 1 次 等待 1 秒
2021-07-08 00:15:26 查询号码 【1738372】，返回信息 {"status":"ok","msg":"四川-南充","time_insert":"2020-06-01 21:33","time_update":"2020-10-29 13:43"}
2021-07-08 00:15:26 查询号码 【1738372】，GSD为【"四川-南充"】

2021-07-08 00:15:26 开始第 16 次操作

2021-07-08 00:15:26 开始操作号码 【1738373】
2021-07-08 00:15:38 GSD getOne 第 1 次 等待 1 秒
2021-07-08 00:15:39 查询号码 【1738373】，返回信息 {"status":"bad","msg":""}
2021-07-08 00:15:39 查询号码 【1738373】，GSD为【""】
2021-07-08 00:15:39 bad
2021-07-08 00:15:41 CHB 1738373?1625674539 第 1 次 等待 1 秒
2021-07-08 00:15:42 CHB 1738373?1625674539 第 1 次 获取到号码【1738373】GSD
2021-07-08 00:15:42 获取到号码【1738373】的GSD为【四川-南充】
2021-07-08 00:15:48 GSD insert 第 1 次 等待 1 秒
2021-07-08 00:15:49 {"status":"ok","msg":"添加成功！218166"}
2021-07-08 00:15:49 下次操作: 2021-07-08 00:16:05

2021-07-08 00:16:05 开始第 17 次操作

2021-07-08 00:16:05 开始操作号码 【1738374】
2021-07-08 00:16:17 GSD getOne 第 1 次 等待 1 秒
2021-07-08 00:16:18 查询号码 【1738374】，返回信息 {"status":"bad","msg":""}
2021-07-08 00:16:18 查询号码 【1738374】，GSD为【""】
2021-07-08 00:16:18 bad
2021-07-08 00:16:20 CHB 1738374?1625674578 第 1 次 等待 1 秒
2021-07-08 00:16:21 CHB 1738374?1625674578 第 1 次 获取到号码【1738374】GSD
2021-07-08 00:16:21 获取到号码【1738374】的GSD为【四川-南充】
2021-07-08 00:16:38 GSD insert 第 1 次 等待 1 秒
2021-07-08 00:16:39 {"status":"ok","msg":"添加成功！218175"}
2021-07-08 00:16:39 下次操作: 2021-07-08 00:16:47

2021-07-08 00:16:47 开始第 18 次操作

2021-07-08 00:16:47 开始操作号码 【1738375】
2021-07-08 00:16:51 GSD getOne 第 1 次 等待 1 秒
2021-07-08 00:16:52 查询号码 【1738375】，返回信息 {"status":"bad","msg":""}
2021-07-08 00:16:52 查询号码 【1738375】，GSD为【""】
2021-07-08 00:16:52 bad
2021-07-08 00:16:55 CHB 1738375?1625674612 第 1 次 等待 1 秒
2021-07-08 00:16:56 CHB 1738375?1625674612 第 1 次 获取到号码【1738375】GSD
2021-07-08 00:16:56 获取到号码【1738375】的GSD为【四川-南充】
2021-07-08 00:17:00 GSD insert 第 1 次 等待 1 秒
2021-07-08 00:17:01 {"status":"ok","msg":"添加成功！218180"}
2021-07-08 00:17:01 下次操作: 2021-07-08 00:17:19

2021-07-08 00:17:19 开始第 19 次操作

2021-07-08 00:17:19 开始操作号码 【1738376】
2021-07-08 00:17:25 GSD getOne 第 1 次 等待 1 秒
2021-07-08 00:17:26 查询号码 【1738376】，返回信息 {"status":"bad","msg":""}
2021-07-08 00:17:26 查询号码 【1738376】，GSD为【""】
2021-07-08 00:17:26 bad
2021-07-08 00:17:28 CHB 1738376?1625674646 第 1 次 等待 1 秒
2021-07-08 00:17:29 CHB 1738376?1625674646 第 1 次 获取到号码【1738376】GSD
2021-07-08 00:17:29 获取到号码【1738376】的GSD为【四川-南充】
2021-07-08 00:17:35 GSD insert 第 1 次 等待 1 秒
2021-07-08 00:17:36 {"status":"ok","msg":"添加成功！218185"}
2021-07-08 00:17:36 下次操作: 2021-07-08 00:17:50

2021-07-08 00:17:50 开始第 20 次操作

2021-07-08 00:17:50 开始操作号码 【1738377】
2021-07-08 00:17:57 GSD getOne 第 1 次 等待 1 秒
2021-07-08 00:17:58 查询号码 【1738377】，返回信息 {"status":"ok","msg":"四川-南充","time_insert":"2021-04-21 16:36"}
2021-07-08 00:17:58 查询号码 【1738377】，GSD为【"四川-南充"】

2021-07-08 00:17:58 开始第 20 次操作

2021-07-08 00:17:58 开始操作号码 【1738378】
2021-07-08 00:18:04 GSD getOne 第 1 次 等待 1 秒
2021-07-08 00:18:05 查询号码 【1738378】，返回信息 {"status":"bad","msg":""}
2021-07-08 00:18:05 查询号码 【1738378】，GSD为【""】
2021-07-08 00:18:05 bad
2021-07-08 00:18:07 CHB 1738378?1625674685 第 1 次 等待 1 秒
2021-07-08 00:18:08 CHB 1738378?1625674685 第 1 次 获取到号码【1738378】GSD
2021-07-08 00:18:08 获取到号码【1738378】的GSD为【四川-南充】
2021-07-08 00:18:13 GSD insert 第 1 次 等待 1 秒
2021-07-08 00:18:14 {"status":"ok","msg":"添加成功！218193"}
2021-07-08 00:18:14 下次操作: 2021-07-08 00:18:22

2021-07-08 00:18:22 开始第 21 次操作

2021-07-08 00:18:22 开始操作号码 【1738379】
2021-07-08 00:18:34 GSD getOne 第 1 次 等待 1 秒
2021-07-08 00:18:35 查询号码 【1738379】，返回信息 {"status":"bad","msg":""}
2021-07-08 00:18:35 查询号码 【1738379】，GSD为【""】
2021-07-08 00:18:35 bad
2021-07-08 00:18:38 CHB 1738379?1625674715 第 1 次 等待 1 秒
2021-07-08 00:18:39 CHB 1738379?1625674715 第 1 次 获取到号码【1738379】GSD
2021-07-08 00:18:39 获取到号码【1738379】的GSD为【四川-南充】
2021-07-08 00:18:45 GSD insert 第 1 次 等待 1 秒
2021-07-08 00:18:46 {"status":"ok","msg":"添加成功！218199"}
2021-07-08 00:18:46 下次操作: 2021-07-08 00:18:59

2021-07-08 00:18:59 开始第 22 次操作

2021-07-08 00:18:59 开始操作号码 【1738380】
2021-07-08 00:19:03 GSD getOne 第 1 次 等待 1 秒
2021-07-08 00:19:04 查询号码 【1738380】，返回信息 {"status":"ok","msg":"四川-南充","time_insert":"2021-04-30 16:40"}
2021-07-08 00:19:04 查询号码 【1738380】，GSD为【"四川-南充"】

2021-07-08 00:19:04 开始第 22 次操作

2021-07-08 00:19:04 开始操作号码 【1738381】
2021-07-08 00:19:09 GSD getOne 第 1 次 等待 1 秒
2021-07-08 00:19:10 查询号码 【1738381】，返回信息 {"status":"ok","msg":"四川-南充","time_insert":"2019-11-23 14:59","time_update":"2020-10-29 13:47"}
2021-07-08 00:19:10 查询号码 【1738381】，GSD为【"四川-南充"】

2021-07-08 00:19:10 开始第 22 次操作

2021-07-08 00:19:10 开始操作号码 【1738382】
2021-07-08 00:19:15 GSD getOne 第 1 次 等待 1 秒
2021-07-08 00:19:16 查询号码 【1738382】，返回信息 {"status":"bad","msg":""}
2021-07-08 00:19:16 查询号码 【1738382】，GSD为【""】
2021-07-08 00:19:16 bad
2021-07-08 00:19:18 CHB 1738382?1625674756 第 1 次 等待 1 秒
2021-07-08 00:19:19 CHB 1738382?1625674756 第 1 次 获取到号码【1738382】GSD
2021-07-08 00:19:20 获取到号码【1738382】的GSD为【四川-南充】
2021-07-08 00:19:23 GSD insert 第 1 次 等待 1 秒
2021-07-08 00:19:24 {"status":"ok","msg":"添加成功！218204"}
2021-07-08 00:19:24 下次操作: 2021-07-08 00:19:34

2021-07-08 00:19:34 开始第 23 次操作

2021-07-08 00:19:34 开始操作号码 【1738383】
2021-07-08 00:19:38 GSD getOne 第 1 次 等待 1 秒
2021-07-08 00:19:39 查询号码 【1738383】，返回信息 {"status":"bad","msg":""}
2021-07-08 00:19:39 查询号码 【1738383】，GSD为【""】
2021-07-08 00:19:39 bad
2021-07-08 00:19:41 CHB 1738383?1625674779 第 1 次 等待 1 秒
2021-07-08 00:19:42 CHB 1738383?1625674779 第 1 次 获取到号码【1738383】GSD
2021-07-08 00:19:42 获取到号码【1738383】的GSD为【四川-南充】
2021-07-08 00:19:46 GSD insert 第 1 次 等待 1 秒
2021-07-08 00:19:47 {"status":"ok","msg":"添加成功！218209"}
2021-07-08 00:19:47 下次操作: 2021-07-08 00:20:02

2021-07-08 00:20:02 开始第 24 次操作

2021-07-08 00:20:02 开始操作号码 【1738384】
2021-07-08 00:20:06 GSD getOne 第 1 次 等待 1 秒
2021-07-08 00:20:07 查询号码 【1738384】，返回信息 {"status":"bad","msg":""}
2021-07-08 00:20:07 查询号码 【1738384】，GSD为【""】
2021-07-08 00:20:07 bad
2021-07-08 00:20:09 CHB 1738384?1625674807 第 1 次 等待 1 秒
2021-07-08 00:20:10 CHB 1738384?1625674807 第 1 次 获取到号码【1738384】GSD
2021-07-08 00:20:10 获取到号码【1738384】的GSD为【四川-南充】
2021-07-08 00:20:15 GSD insert 第 1 次 等待 1 秒
2021-07-08 00:20:16 {"status":"ok","msg":"添加成功！218212"}
2021-07-08 00:20:16 下次操作: 2021-07-08 00:20:25

2021-07-08 00:20:25 开始第 25 次操作

2021-07-08 00:20:25 开始操作号码 【1738385】
2021-07-08 00:20:29 GSD getOne 第 1 次 等待 1 秒
2021-07-08 00:20:30 查询号码 【1738385】，返回信息 {"status":"bad","msg":""}
2021-07-08 00:20:30 查询号码 【1738385】，GSD为【""】
2021-07-08 00:20:30 bad
2021-07-08 00:20:32 CHB 1738385?1625674830 第 1 次 等待 1 秒
2021-07-08 00:20:34 CHB 1738385?1625674830 第 1 次 获取到号码【1738385】GSD
2021-07-08 00:20:34 获取到号码【1738385】的GSD为【四川-南充】
2021-07-08 00:20:38 GSD insert 第 1 次 等待 1 秒
2021-07-08 00:20:39 {"status":"ok","msg":"添加成功！218217"}
2021-07-08 00:20:39 下次操作: 2021-07-08 00:20:47

2021-07-08 00:20:47 开始第 26 次操作

2021-07-08 00:20:47 开始操作号码 【1738386】
2021-07-08 00:20:50 GSD getOne 第 1 次 等待 1 秒
2021-07-08 00:20:51 查询号码 【1738386】，返回信息 {"status":"bad","msg":""}
2021-07-08 00:20:52 查询号码 【1738386】，GSD为【""】
2021-07-08 00:20:52 bad
2021-07-08 00:20:54 CHB 1738386?1625674852 第 1 次 等待 1 秒
2021-07-08 00:20:55 CHB 1738386?1625674852 第 1 次 获取到号码【1738386】GSD
2021-07-08 00:20:55 获取到号码【1738386】的GSD为【四川-南充】
2021-07-08 00:20:59 GSD insert 第 1 次 等待 1 秒
2021-07-08 00:21:00 {"status":"ok","msg":"添加成功！218221"}
2021-07-08 00:21:00 下次操作: 2021-07-08 00:21:17

2021-07-08 00:21:17 开始第 27 次操作

2021-07-08 00:21:17 开始操作号码 【1738387】
2021-07-08 00:21:21 GSD getOne 第 1 次 等待 1 秒
2021-07-08 00:21:22 查询号码 【1738387】，返回信息 {"status":"bad","msg":""}
2021-07-08 00:21:22 查询号码 【1738387】，GSD为【""】
2021-07-08 00:21:22 bad
2021-07-08 00:21:24 CHB 1738387?1625674882 第 1 次 等待 1 秒
2021-07-08 00:21:25 CHB 1738387?1625674882 第 1 次 获取到号码【1738387】GSD
2021-07-08 00:21:25 获取到号码【1738387】的GSD为【四川-南充】
2021-07-08 00:21:29 GSD insert 第 1 次 等待 1 秒
2021-07-08 00:21:30 {"status":"ok","msg":"添加成功！218223"}
2021-07-08 00:21:30 下次操作: 2021-07-08 00:21:42

2021-07-08 00:21:42 开始第 28 次操作

2021-07-08 00:21:42 开始操作号码 【1738388】
2021-07-08 00:21:46 GSD getOne 第 1 次 等待 1 秒
2021-07-08 00:21:47 查询号码 【1738388】，返回信息 {"status":"bad","msg":""}
2021-07-08 00:21:47 查询号码 【1738388】，GSD为【""】
2021-07-08 00:21:47 bad
2021-07-08 00:21:50 CHB 1738388?1625674907 第 1 次 等待 1 秒
2021-07-08 00:21:51 CHB 1738388?1625674907 第 1 次 获取到号码【1738388】GSD
2021-07-08 00:21:51 获取到号码【1738388】的GSD为【四川-南充】
2021-07-08 00:21:55 GSD insert 第 1 次 等待 1 秒
2021-07-08 00:21:56 {"status":"ok","msg":"添加成功！218225"}
2021-07-08 00:21:56 下次操作: 2021-07-08 00:22:14

2021-07-08 00:22:14 开始第 29 次操作

2021-07-08 00:22:14 开始操作号码 【1738389】
2021-07-08 00:22:18 GSD getOne 第 1 次 等待 1 秒
2021-07-08 00:22:19 查询号码 【1738389】，返回信息 {"status":"bad","msg":""}
2021-07-08 00:22:19 查询号码 【1738389】，GSD为【""】
2021-07-08 00:22:19 bad
2021-07-08 00:22:21 CHB 1738389?1625674939 第 1 次 等待 1 秒
2021-07-08 00:22:22 CHB 1738389?1625674939 第 1 次 获取到号码【1738389】GSD
2021-07-08 00:22:22 获取到号码【1738389】的GSD为【四川-南充】
2021-07-08 00:22:32 GSD insert 第 1 次 等待 1 秒
2021-07-08 00:22:33 {"status":"ok","msg":"添加成功！218230"}
2021-07-08 00:22:33 下次操作: 2021-07-08 00:22:43

2021-07-08 00:22:43 开始第 30 次操作

2021-07-08 00:22:43 开始操作号码 【1738390】
2021-07-08 00:22:46 GSD getOne 第 1 次 等待 1 秒
2021-07-08 00:22:47 查询号码 【1738390】，返回信息 {"status":"bad","msg":""}
2021-07-08 00:22:47 查询号码 【1738390】，GSD为【""】
2021-07-08 00:22:47 bad
2021-07-08 00:22:50 CHB 1738390?1625674967 第 1 次 等待 1 秒
2021-07-08 00:22:51 CHB 1738390?1625674967 第 1 次 获取到号码【1738390】GSD
2021-07-08 00:22:51 获取到号码【1738390】的GSD为【四川-南充】
2021-07-08 00:22:55 GSD insert 第 1 次 等待 1 秒
2021-07-08 00:22:56 {"status":"ok","msg":"添加成功！218231"}

2021-07-08 01:45:30 开始第 1 次操作

2021-07-08 01:45:30 开始操作号码 【1738391】
2021-07-08 01:45:35 GSD getOne 第 1 次 等待 1 秒
2021-07-08 01:45:36 查询号码 【1738391】，返回信息 {"status":"bad","msg":""}
2021-07-08 01:45:36 查询号码 【1738391】，GSD为【""】
2021-07-08 01:45:36 bad
2021-07-08 01:45:38 CHB 1738391?1625679936 第 1 次 等待 1 秒
2021-07-08 01:45:39 CHB 1738391?1625679936 第 1 次 获取到号码【1738391】GSD
2021-07-08 01:45:39 获取到号码【1738391】的GSD为【四川-南充】
2021-07-08 01:45:42 GSD insert 第 1 次 等待 1 秒
2021-07-08 01:45:43 {"status":"ok","msg":"添加成功！218526"}
2021-07-08 01:45:43 下次操作: 2021-07-08 01:45:52

2021-07-08 01:45:52 开始第 2 次操作

2021-07-08 01:45:52 开始操作号码 【1738392】
2021-07-08 01:45:58 GSD getOne 第 1 次 等待 1 秒
2021-07-08 01:45:59 查询号码 【1738392】，返回信息 {"status":"bad","msg":""}
2021-07-08 01:45:59 查询号码 【1738392】，GSD为【""】
2021-07-08 01:45:59 bad
2021-07-08 01:46:01 CHB 1738392?1625679959 第 1 次 等待 1 秒
2021-07-08 01:46:02 CHB 1738392?1625679959 第 1 次 获取到号码【1738392】GSD
2021-07-08 01:46:02 获取到号码【1738392】的GSD为【四川-南充】
2021-07-08 01:46:06 GSD insert 第 1 次 等待 1 秒
2021-07-08 01:46:07 {"status":"ok","msg":"添加成功！218528"}
2021-07-08 01:46:07 下次操作: 2021-07-08 01:46:25

2021-07-08 01:46:25 开始第 3 次操作

2021-07-08 01:46:25 开始操作号码 【1738393】
2021-07-08 01:46:29 GSD getOne 第 1 次 等待 1 秒
2021-07-08 01:46:30 查询号码 【1738393】，返回信息 {"status":"bad","msg":""}
2021-07-08 01:46:30 查询号码 【1738393】，GSD为【""】
2021-07-08 01:46:30 bad
2021-07-08 01:46:32 CHB 1738393?1625679990 第 1 次 等待 1 秒
2021-07-08 01:46:33 CHB 1738393?1625679990 第 1 次 获取到号码【1738393】GSD
2021-07-08 01:46:33 获取到号码【1738393】的GSD为【四川-南充】
2021-07-08 01:46:45 GSD insert 第 1 次 等待 1 秒
2021-07-08 01:46:46 {"status":"ok","msg":"添加成功！218533"}
2021-07-08 01:46:46 下次操作: 2021-07-08 01:46:52

2021-07-08 01:46:52 开始第 4 次操作

2021-07-08 01:46:52 开始操作号码 【1738394】
2021-07-08 01:46:56 GSD getOne 第 1 次 等待 1 秒
2021-07-08 01:46:57 查询号码 【1738394】，返回信息 {"status":"bad","msg":""}
2021-07-08 01:46:57 查询号码 【1738394】，GSD为【""】
2021-07-08 01:46:57 bad
2021-07-08 01:46:58 CHB 1738394?1625680017 第 1 次 等待 1 秒
2021-07-08 01:46:59 CHB 1738394?1625680017 第 1 次 获取到号码【1738394】GSD
2021-07-08 01:46:59 获取到号码【1738394】的GSD为【四川-南充】
2021-07-08 01:47:04 GSD insert 第 1 次 等待 1 秒
2021-07-08 01:47:05 {"status":"ok","msg":"添加成功！218535"}
2021-07-08 01:47:05 下次操作: 2021-07-08 01:47:13

2021-07-08 01:47:13 开始第 5 次操作

2021-07-08 01:47:13 开始操作号码 【1738395】
2021-07-08 01:47:17 GSD getOne 第 1 次 等待 1 秒
2021-07-08 01:47:18 查询号码 【1738395】，返回信息 {"status":"bad","msg":""}
2021-07-08 01:47:18 查询号码 【1738395】，GSD为【""】
2021-07-08 01:47:18 bad
2021-07-08 01:47:20 CHB 1738395?1625680038 第 1 次 等待 1 秒
2021-07-08 01:47:21 CHB 1738395?1625680038 第 1 次 获取到号码【1738395】GSD
2021-07-08 01:47:21 获取到号码【1738395】的GSD为【四川-南充】
2021-07-08 01:47:25 GSD insert 第 1 次 等待 1 秒
2021-07-08 01:47:26 {"status":"ok","msg":"添加成功！218537"}
2021-07-08 01:47:26 下次操作: 2021-07-08 01:47:36

2021-07-08 01:47:36 开始第 6 次操作

2021-07-08 01:47:36 开始操作号码 【1738396】
2021-07-08 01:47:43 GSD getOne 第 1 次 等待 1 秒
2021-07-08 01:47:44 查询号码 【1738396】，返回信息 {"status":"bad","msg":""}
2021-07-08 01:47:45 查询号码 【1738396】，GSD为【""】
2021-07-08 01:47:45 bad
2021-07-08 01:47:46 CHB 1738396?1625680065 第 1 次 等待 1 秒
2021-07-08 01:47:47 CHB 1738396?1625680065 第 1 次 获取到号码【1738396】GSD
2021-07-08 01:47:47 获取到号码【1738396】的GSD为【四川-南充】
2021-07-08 01:47:51 GSD insert 第 1 次 等待 1 秒
2021-07-08 01:47:52 {"status":"ok","msg":"添加成功！218544"}
2021-07-08 01:47:52 下次操作: 2021-07-08 01:48:10

2021-07-08 01:48:10 开始第 7 次操作

2021-07-08 01:48:10 开始操作号码 【1738397】
2021-07-08 01:48:14 GSD getOne 第 1 次 等待 1 秒
2021-07-08 01:48:15 查询号码 【1738397】，返回信息 {"status":"bad","msg":""}
2021-07-08 01:48:15 查询号码 【1738397】，GSD为【""】
2021-07-08 01:48:15 bad
2021-07-08 01:48:17 CHB 1738397?1625680095 第 1 次 等待 1 秒
2021-07-08 01:48:18 CHB 1738397?1625680095 第 1 次 获取到号码【1738397】GSD
2021-07-08 01:48:18 获取到号码【1738397】的GSD为【四川-南充】
2021-07-08 01:48:22 GSD insert 第 1 次 等待 1 秒
2021-07-08 01:48:23 {"status":"ok","msg":"添加成功！218548"}
2021-07-08 01:48:23 下次操作: 2021-07-08 01:48:31

2021-07-08 01:48:31 开始第 8 次操作

2021-07-08 01:48:31 开始操作号码 【1738398】
2021-07-08 01:48:35 GSD getOne 第 1 次 等待 1 秒
2021-07-08 01:48:36 查询号码 【1738398】，返回信息 {"status":"bad","msg":""}
2021-07-08 01:48:36 查询号码 【1738398】，GSD为【""】
2021-07-08 01:48:36 bad
2021-07-08 01:48:37 CHB 1738398?1625680116 第 1 次 等待 1 秒
2021-07-08 01:48:38 CHB 1738398?1625680116 第 1 次 获取到号码【1738398】GSD
2021-07-08 01:48:38 获取到号码【1738398】的GSD为【四川-雅安】
2021-07-08 01:48:42 GSD insert 第 1 次 等待 1 秒
2021-07-08 01:48:43 {"status":"ok","msg":"添加成功！218552"}
2021-07-08 01:48:43 下次操作: 2021-07-08 01:48:51

2021-07-08 01:48:51 开始第 9 次操作

2021-07-08 01:48:51 开始操作号码 【1738399】
2021-07-08 01:48:55 GSD getOne 第 1 次 等待 1 秒
2021-07-08 01:48:56 查询号码 【1738399】，返回信息 {"status":"ok","msg":"四川-内江","time_insert":"2019-07-20 21:01","time_update":"2020-10-29 13:50"}
2021-07-08 01:48:56 查询号码 【1738399】，GSD为【"四川-内江"】

2021-07-08 01:48:56 开始第 9 次操作

2021-07-08 01:48:56 开始操作号码 【1738400】
2021-07-08 01:49:00 GSD getOne 第 1 次 等待 1 秒
2021-07-08 01:49:01 查询号码 【1738400】，返回信息 {"status":"ok","msg":"重庆-重庆","time_insert":"2018-02-28 09:41","time_update":"2021-01-14 08:47"}
2021-07-08 01:49:01 查询号码 【1738400】，GSD为【"重庆-重庆"】

2021-07-08 01:49:01 开始第 9 次操作

2021-07-08 01:49:01 开始操作号码 【1738401】
2021-07-08 01:49:05 GSD getOne 第 1 次 等待 1 秒
2021-07-08 01:49:06 查询号码 【1738401】，返回信息 {"status":"bad","msg":""}
2021-07-08 01:49:06 查询号码 【1738401】，GSD为【""】
2021-07-08 01:49:06 bad
2021-07-08 01:49:08 CHB 1738401?1625680146 第 1 次 等待 1 秒
2021-07-08 01:49:09 CHB 1738401?1625680146 第 1 次 获取到号码【1738401】GSD
2021-07-08 01:49:09 获取到号码【1738401】的GSD为【重庆-重庆】
2021-07-08 01:49:13 GSD insert 第 1 次 等待 1 秒
2021-07-08 01:49:14 {"status":"ok","msg":"添加成功！218556"}
2021-07-08 01:49:14 下次操作: 2021-07-08 01:49:21

2021-07-08 01:49:21 开始第 10 次操作

2021-07-08 01:49:21 开始操作号码 【1738402】
2021-07-08 01:49:25 GSD getOne 第 1 次 等待 1 秒
2021-07-08 01:49:26 查询号码 【1738402】，返回信息 {"status":"bad","msg":""}
2021-07-08 01:49:26 查询号码 【1738402】，GSD为【""】
2021-07-08 01:49:26 bad
2021-07-08 01:49:28 CHB 1738402?1625680166 第 1 次 等待 1 秒
2021-07-08 01:49:29 CHB 1738402?1625680166 第 1 次 获取到号码【1738402】GSD
2021-07-08 01:49:29 获取到号码【1738402】的GSD为【重庆-重庆】
2021-07-08 01:49:32 GSD insert 第 1 次 等待 1 秒
2021-07-08 01:49:33 {"status":"ok","msg":"添加成功！218561"}
2021-07-08 01:49:33 下次操作: 2021-07-08 01:49:42

2021-07-08 01:49:42 开始第 11 次操作

2021-07-08 01:49:42 开始操作号码 【1738403】
2021-07-08 01:49:46 GSD getOne 第 1 次 等待 1 秒
2021-07-08 01:49:47 查询号码 【1738403】，返回信息 {"status":"ok","msg":"重庆-重庆","time_insert":"2018-11-08 11:26","time_update":"2021-01-14 08:52"}
2021-07-08 01:49:47 查询号码 【1738403】，GSD为【"重庆-重庆"】

2021-07-08 01:49:47 开始第 11 次操作

2021-07-08 01:49:47 开始操作号码 【1738404】
2021-07-08 01:49:51 GSD getOne 第 1 次 等待 1 秒
2021-07-08 01:49:52 查询号码 【1738404】，返回信息 {"status":"bad","msg":""}
2021-07-08 01:49:52 查询号码 【1738404】，GSD为【""】
2021-07-08 01:49:52 bad
2021-07-08 01:49:54 CHB 1738404?1625680192 第 1 次 等待 1 秒
2021-07-08 01:49:55 CHB 1738404?1625680192 第 1 次 获取到号码【1738404】GSD
2021-07-08 01:49:55 获取到号码【1738404】的GSD为【重庆-重庆】
2021-07-08 01:49:59 GSD insert 第 1 次 等待 1 秒
2021-07-08 01:50:00 {"status":"ok","msg":"添加成功！218565"}
2021-07-08 01:50:00 下次操作: 2021-07-08 01:50:12

2021-07-08 01:50:12 开始第 12 次操作

2021-07-08 01:50:12 开始操作号码 【1738405】
2021-07-08 01:50:16 GSD getOne 第 1 次 等待 1 秒
2021-07-08 01:50:17 查询号码 【1738405】，返回信息 {"status":"bad","msg":""}
2021-07-08 01:50:17 查询号码 【1738405】，GSD为【""】
2021-07-08 01:50:17 bad
2021-07-08 01:50:18 CHB 1738405?1625680217 第 1 次 等待 1 秒
2021-07-08 01:50:19 CHB 1738405?1625680217 第 1 次 获取到号码【1738405】GSD
2021-07-08 01:50:19 获取到号码【1738405】的GSD为【重庆-重庆】
2021-07-08 01:50:23 GSD insert 第 1 次 等待 1 秒
2021-07-08 01:50:24 {"status":"ok","msg":"添加成功！218572"}
2021-07-08 01:50:24 下次操作: 2021-07-08 01:50:39

2021-07-08 01:50:39 开始第 13 次操作

2021-07-08 01:50:39 开始操作号码 【1738406】
2021-07-08 01:50:43 GSD getOne 第 1 次 等待 1 秒
2021-07-08 01:50:44 查询号码 【1738406】，返回信息 {"status":"bad","msg":""}
2021-07-08 01:50:44 查询号码 【1738406】，GSD为【""】
2021-07-08 01:50:44 bad
2021-07-08 01:50:46 CHB 1738406?1625680244 第 1 次 等待 1 秒
2021-07-08 01:50:47 CHB 1738406?1625680244 第 1 次 获取到号码【1738406】GSD
2021-07-08 01:50:47 获取到号码【1738406】的GSD为【重庆-重庆】
2021-07-08 01:50:51 GSD insert 第 1 次 等待 1 秒
2021-07-08 01:50:52 {"status":"ok","msg":"添加成功！218576"}
2021-07-08 01:50:52 下次操作: 2021-07-08 01:51:03

2021-07-08 01:51:03 开始第 14 次操作

2021-07-08 01:51:03 开始操作号码 【1738407】
2021-07-08 01:51:07 GSD getOne 第 1 次 等待 1 秒
2021-07-08 01:51:08 查询号码 【1738407】，返回信息 {"status":"ok","msg":"重庆-重庆","time_insert":"2017-07-19 00:00","time_update":"2021-01-14 09:00"}
2021-07-08 01:51:08 查询号码 【1738407】，GSD为【"重庆-重庆"】

2021-07-08 01:51:08 开始第 14 次操作

2021-07-08 01:51:08 开始操作号码 【1738408】
2021-07-08 01:51:12 GSD getOne 第 1 次 等待 1 秒
2021-07-08 01:51:13 查询号码 【1738408】，返回信息 {"status":"bad","msg":""}
2021-07-08 01:51:13 查询号码 【1738408】，GSD为【""】
2021-07-08 01:51:13 bad
2021-07-08 01:51:15 CHB 1738408?1625680273 第 1 次 等待 1 秒
2021-07-08 01:51:16 CHB 1738408?1625680273 第 1 次 获取到号码【1738408】GSD
2021-07-08 01:51:16 获取到号码【1738408】的GSD为【重庆-重庆】
2021-07-08 01:51:19 GSD insert 第 1 次 等待 1 秒
2021-07-08 01:51:20 {"status":"ok","msg":"添加成功！218584"}
2021-07-08 01:51:20 下次操作: 2021-07-08 01:51:30

2021-07-08 01:51:30 开始第 15 次操作

2021-07-08 01:51:30 开始操作号码 【1738409】
2021-07-08 01:51:34 GSD getOne 第 1 次 等待 1 秒
2021-07-08 01:51:35 查询号码 【1738409】，返回信息 {"status":"ok","msg":"重庆-重庆","time_insert":"2020-04-16 09:29","time_update":"2021-01-14 09:07"}
2021-07-08 01:51:36 查询号码 【1738409】，GSD为【"重庆-重庆"】

2021-07-08 01:51:36 开始第 15 次操作

2021-07-08 01:51:36 开始操作号码 【1738410】
2021-07-08 01:51:39 GSD getOne 第 1 次 等待 1 秒
2021-07-08 01:51:40 查询号码 【1738410】，返回信息 {"status":"ok","msg":"贵州-贵阳","time_insert":"2021-05-02 08:34"}
2021-07-08 01:51:40 查询号码 【1738410】，GSD为【"贵州-贵阳"】

2021-07-08 01:51:40 开始第 15 次操作

2021-07-08 01:51:40 开始操作号码 【1738411】
2021-07-08 01:51:44 GSD getOne 第 1 次 等待 1 秒
2021-07-08 01:51:45 查询号码 【1738411】，返回信息 {"status":"bad","msg":""}
2021-07-08 01:51:45 查询号码 【1738411】，GSD为【""】
2021-07-08 01:51:45 bad
2021-07-08 01:51:47 CHB 1738411?1625680306 第 1 次 等待 1 秒
2021-07-08 01:51:48 CHB 1738411?1625680306 第 1 次 获取到号码【1738411】GSD
2021-07-08 01:51:48 获取到号码【1738411】的GSD为【贵州-贵阳】
2021-07-08 01:51:52 GSD insert 第 1 次 等待 1 秒
2021-07-08 01:51:53 {"status":"ok","msg":"添加成功！218595"}
2021-07-08 01:51:53 下次操作: 2021-07-08 01:52:10

2021-07-08 01:52:10 开始第 16 次操作

2021-07-08 01:52:10 开始操作号码 【1738412】
2021-07-08 01:52:14 GSD getOne 第 1 次 等待 1 秒
2021-07-08 01:52:15 查询号码 【1738412】，返回信息 {"status":"bad","msg":""}
2021-07-08 01:52:15 查询号码 【1738412】，GSD为【""】
2021-07-08 01:52:15 bad
2021-07-08 01:52:17 CHB 1738412?1625680335 第 1 次 等待 1 秒
2021-07-08 01:52:18 CHB 1738412?1625680335 第 1 次 获取到号码【1738412】GSD
2021-07-08 01:52:18 获取到号码【1738412】的GSD为【贵州-遵义】
2021-07-08 01:52:22 GSD insert 第 1 次 等待 1 秒
2021-07-08 01:52:23 {"status":"ok","msg":"添加成功！218602"}
2021-07-08 01:52:23 下次操作: 2021-07-08 01:52:36

2021-07-08 01:52:36 开始第 17 次操作

2021-07-08 01:52:36 开始操作号码 【1738413】
2021-07-08 01:52:40 GSD getOne 第 1 次 等待 1 秒
2021-07-08 01:52:41 查询号码 【1738413】，返回信息 {"status":"bad","msg":""}
2021-07-08 01:52:41 查询号码 【1738413】，GSD为【""】
2021-07-08 01:52:41 bad
2021-07-08 01:52:43 CHB 1738413?1625680361 第 1 次 等待 1 秒
2021-07-08 01:52:44 CHB 1738413?1625680361 第 1 次 获取到号码【1738413】GSD
2021-07-08 01:52:44 获取到号码【1738413】的GSD为【贵州-贵阳】
2021-07-08 01:52:49 GSD insert 第 1 次 等待 1 秒
2021-07-08 01:52:50 {"status":"ok","msg":"添加成功！218611"}
2021-07-08 01:52:50 下次操作: 2021-07-08 01:53:00

2021-07-08 01:53:00 开始第 18 次操作

2021-07-08 01:53:00 开始操作号码 【1738414】
2021-07-08 01:53:04 GSD getOne 第 1 次 等待 1 秒
2021-07-08 01:53:05 查询号码 【1738414】，返回信息 {"status":"bad","msg":""}
2021-07-08 01:53:05 查询号码 【1738414】，GSD为【""】
2021-07-08 01:53:05 bad
2021-07-08 01:53:06 CHB 1738414?1625680385 第 1 次 等待 1 秒
2021-07-08 01:53:07 CHB 1738414?1625680385 第 1 次 获取到号码【1738414】GSD
2021-07-08 01:53:07 获取到号码【1738414】的GSD为【贵州-贵阳】
2021-07-08 01:53:11 GSD insert 第 1 次 等待 1 秒
2021-07-08 01:53:12 {"status":"ok","msg":"添加成功！218616"}
2021-07-08 01:53:12 下次操作: 2021-07-08 01:53:26

2021-07-08 01:53:26 开始第 19 次操作

2021-07-08 01:53:26 开始操作号码 【1738415】
2021-07-08 01:53:30 GSD getOne 第 1 次 等待 1 秒
2021-07-08 01:53:31 查询号码 【1738415】，返回信息 {"status":"ok","msg":"贵州-黔东南","time_insert":"2021-04-21 15:45"}
2021-07-08 01:53:31 查询号码 【1738415】，GSD为【"贵州-黔东南"】

2021-07-08 01:53:31 开始第 19 次操作

2021-07-08 01:53:31 开始操作号码 【1738416】
2021-07-08 01:53:35 GSD getOne 第 1 次 等待 1 秒
2021-07-08 01:53:36 查询号码 【1738416】，返回信息 {"status":"bad","msg":""}
2021-07-08 01:53:36 查询号码 【1738416】，GSD为【""】
2021-07-08 01:53:36 bad
2021-07-08 01:53:38 CHB 1738416?1625680416 第 1 次 等待 1 秒
2021-07-08 01:53:39 CHB 1738416?1625680416 第 1 次 获取到号码【1738416】GSD
2021-07-08 01:53:39 获取到号码【1738416】的GSD为【贵州-铜仁】
2021-07-08 01:53:43 GSD insert 第 1 次 等待 1 秒
2021-07-08 01:53:44 {"status":"ok","msg":"添加成功！218624"}
2021-07-08 01:53:44 下次操作: 2021-07-08 01:53:50

2021-07-08 01:53:50 开始第 20 次操作

2021-07-08 01:53:50 开始操作号码 【1738417】
2021-07-08 01:53:55 GSD getOne 第 1 次 等待 1 秒
2021-07-08 01:53:56 查询号码 【1738417】，返回信息 {"status":"bad","msg":""}
2021-07-08 01:53:56 查询号码 【1738417】，GSD为【""】
2021-07-08 01:53:56 bad
2021-07-08 01:53:58 CHB 1738417?1625680436 第 1 次 等待 1 秒
2021-07-08 01:53:59 CHB 1738417?1625680436 第 1 次 获取到号码【1738417】GSD
2021-07-08 01:53:59 获取到号码【1738417】的GSD为【贵州-毕节】
2021-07-08 01:54:02 GSD insert 第 1 次 等待 1 秒
2021-07-08 01:54:03 {"status":"ok","msg":"添加成功！218630"}
2021-07-08 01:54:03 下次操作: 2021-07-08 01:54:18

2021-07-08 01:54:18 开始第 21 次操作

2021-07-08 01:54:18 开始操作号码 【1738418】
2021-07-08 01:54:22 GSD getOne 第 1 次 等待 1 秒
2021-07-08 01:54:23 查询号码 【1738418】，返回信息 {"status":"bad","msg":""}
2021-07-08 01:54:23 查询号码 【1738418】，GSD为【""】
2021-07-08 01:54:23 bad
2021-07-08 01:54:25 CHB 1738418?1625680463 第 1 次 等待 1 秒
2021-07-08 01:54:26 CHB 1738418?1625680463 第 1 次 获取到号码【1738418】GSD
2021-07-08 01:54:26 获取到号码【1738418】的GSD为【贵州-六盘水】
2021-07-08 01:54:30 GSD insert 第 1 次 等待 1 秒
2021-07-08 01:54:31 {"status":"ok","msg":"添加成功！218636"}
2021-07-08 01:54:31 下次操作: 2021-07-08 01:54:40

2021-07-08 01:54:40 开始第 22 次操作

2021-07-08 01:54:40 开始操作号码 【1738419】
2021-07-08 01:54:44 GSD getOne 第 1 次 等待 1 秒
2021-07-08 01:54:45 查询号码 【1738419】，返回信息 {"status":"ok","msg":"贵州-黔西南","time_insert":"2017-09-25 10:51","time_update":"2020-11-21 07:21"}
2021-07-08 01:54:45 查询号码 【1738419】，GSD为【"贵州-黔西南"】

2021-07-08 01:54:45 开始第 22 次操作

2021-07-08 01:54:45 开始操作号码 【1738420】
2021-07-08 01:54:50 GSD getOne 第 1 次 等待 1 秒
2021-07-08 01:54:51 查询号码 【1738420】，返回信息 {"status":"bad","msg":""}
2021-07-08 01:54:51 查询号码 【1738420】，GSD为【""】
2021-07-08 01:54:51 bad
2021-07-08 01:54:52 CHB 1738420?1625680491 第 1 次 等待 1 秒
2021-07-08 01:54:53 CHB 1738420?1625680491 第 1 次 获取到号码【1738420】GSD
2021-07-08 01:54:54 获取到号码【1738420】的GSD为【贵州-贵阳】
2021-07-08 01:54:57 GSD insert 第 1 次 等待 1 秒
2021-07-08 01:54:58 {"status":"ok","msg":"添加成功！218645"}
2021-07-08 01:54:59 下次操作: 2021-07-08 01:55:12

2021-07-08 01:55:12 开始第 23 次操作

2021-07-08 01:55:12 开始操作号码 【1738421】
2021-07-08 01:55:15 GSD getOne 第 1 次 等待 1 秒
2021-07-08 01:55:16 查询号码 【1738421】，返回信息 {"status":"bad","msg":""}
2021-07-08 01:55:16 查询号码 【1738421】，GSD为【""】
2021-07-08 01:55:16 bad
2021-07-08 01:55:18 CHB 1738421?1625680516 第 1 次 等待 1 秒
2021-07-08 01:55:19 CHB 1738421?1625680516 第 1 次 获取到号码【1738421】GSD
2021-07-08 01:55:19 获取到号码【1738421】的GSD为【贵州-贵阳】
2021-07-08 01:55:24 GSD insert 第 1 次 等待 1 秒
2021-07-08 01:55:25 {"status":"ok","msg":"添加成功！218652"}
2021-07-08 01:55:25 下次操作: 2021-07-08 01:55:34

2021-07-08 01:55:34 开始第 24 次操作

2021-07-08 01:55:34 开始操作号码 【1738422】
2021-07-08 01:55:38 GSD getOne 第 1 次 等待 1 秒
2021-07-08 01:55:39 查询号码 【1738422】，返回信息 {"status":"bad","msg":""}
2021-07-08 01:55:40 查询号码 【1738422】，GSD为【""】
2021-07-08 01:55:40 bad
2021-07-08 01:55:41 CHB 1738422?1625680540 第 1 次 等待 1 秒
2021-07-08 01:55:42 CHB 1738422?1625680540 第 1 次 获取到号码【1738422】GSD
2021-07-08 01:55:42 获取到号码【1738422】的GSD为【贵州-遵义】
2021-07-08 01:55:46 GSD insert 第 1 次 等待 1 秒
2021-07-08 01:55:47 {"status":"ok","msg":"添加成功！218659"}
2021-07-08 01:55:47 下次操作: 2021-07-08 01:55:58

2021-07-08 01:55:58 开始第 25 次操作

2021-07-08 01:55:58 开始操作号码 【1738423】
2021-07-08 01:56:02 GSD getOne 第 1 次 等待 1 秒
2021-07-08 01:56:03 查询号码 【1738423】，返回信息 {"status":"bad","msg":""}
2021-07-08 01:56:03 查询号码 【1738423】，GSD为【""】
2021-07-08 01:56:03 bad
2021-07-08 01:56:09 CHB 1738423?1625680563 第 1 次 等待 1 秒
2021-07-08 01:56:10 CHB 1738423?1625680563 第 1 次 获取到号码【1738423】GSD
2021-07-08 01:56:10 获取到号码【1738423】的GSD为【贵州-安顺】
2021-07-08 01:56:13 GSD insert 第 1 次 等待 1 秒
2021-07-08 01:56:14 {"status":"ok","msg":"添加成功！218667"}
2021-07-08 01:56:14 下次操作: 2021-07-08 01:56:28

2021-07-08 01:56:28 开始第 26 次操作

2021-07-08 01:56:28 开始操作号码 【1738424】
2021-07-08 01:56:32 GSD getOne 第 1 次 等待 1 秒
2021-07-08 01:56:33 查询号码 【1738424】，返回信息 {"status":"ok","msg":"贵州-贵阳","time_insert":"2021-05-07 12:32"}
2021-07-08 01:56:33 查询号码 【1738424】，GSD为【"贵州-贵阳"】

2021-07-08 01:56:33 开始第 26 次操作

2021-07-08 01:56:33 开始操作号码 【1738425】
2021-07-08 01:56:37 GSD getOne 第 1 次 等待 1 秒
2021-07-08 01:56:38 查询号码 【1738425】，返回信息 {"status":"bad","msg":""}
2021-07-08 01:56:38 查询号码 【1738425】，GSD为【""】
2021-07-08 01:56:38 bad
2021-07-08 01:56:40 CHB 1738425?1625680598 第 1 次 等待 1 秒
2021-07-08 01:56:41 CHB 1738425?1625680598 第 1 次 获取到号码【1738425】GSD
2021-07-08 01:56:41 获取到号码【1738425】的GSD为【贵州-黔东南】
2021-07-08 01:56:45 GSD insert 第 1 次 等待 1 秒
2021-07-08 01:56:46 {"status":"ok","msg":"添加成功！218676"}
2021-07-08 01:56:46 下次操作: 2021-07-08 01:56:56

2021-07-08 01:56:56 开始第 27 次操作

2021-07-08 01:56:56 开始操作号码 【1738426】
2021-07-08 01:57:00 GSD getOne 第 1 次 等待 1 秒
2021-07-08 01:57:01 查询号码 【1738426】，返回信息 {"status":"bad","msg":""}
2021-07-08 01:57:01 查询号码 【1738426】，GSD为【""】
2021-07-08 01:57:01 bad
2021-07-08 01:57:03 CHB 1738426?1625680621 第 1 次 等待 1 秒
2021-07-08 01:57:04 CHB 1738426?1625680621 第 1 次 获取到号码【1738426】GSD
2021-07-08 01:57:04 获取到号码【1738426】的GSD为【贵州-铜仁】
2021-07-08 01:57:07 GSD insert 第 1 次 等待 1 秒
2021-07-08 01:57:08 {"status":"ok","msg":"添加成功！218683"}
2021-07-08 01:57:08 下次操作: 2021-07-08 01:57:17

2021-07-08 01:57:17 开始第 28 次操作

2021-07-08 01:57:17 开始操作号码 【1738427】
2021-07-08 01:57:21 GSD getOne 第 1 次 等待 1 秒
2021-07-08 01:57:22 查询号码 【1738427】，返回信息 {"status":"bad","msg":""}
2021-07-08 01:57:23 查询号码 【1738427】，GSD为【""】
2021-07-08 01:57:23 bad
2021-07-08 01:57:24 CHB 1738427?1625680643 第 1 次 等待 1 秒
2021-07-08 01:57:25 CHB 1738427?1625680643 第 1 次 获取到号码【1738427】GSD
2021-07-08 01:57:25 获取到号码【1738427】的GSD为【贵州-毕节】
2021-07-08 01:57:29 GSD insert 第 1 次 等待 1 秒
2021-07-08 01:57:30 {"status":"ok","msg":"添加成功！218689"}
2021-07-08 01:57:30 下次操作: 2021-07-08 01:57:44

2021-07-08 01:57:44 开始第 29 次操作

2021-07-08 01:57:44 开始操作号码 【1738428】
2021-07-08 01:57:48 GSD getOne 第 1 次 等待 1 秒
2021-07-08 01:57:49 查询号码 【1738428】，返回信息 {"status":"bad","msg":""}
2021-07-08 01:57:49 查询号码 【1738428】，GSD为【""】
2021-07-08 01:57:49 bad
2021-07-08 01:57:51 CHB 1738428?1625680669 第 1 次 等待 1 秒
2021-07-08 01:57:52 CHB 1738428?1625680669 第 1 次 获取到号码【1738428】GSD
2021-07-08 01:57:52 获取到号码【1738428】的GSD为【贵州-六盘水】
2021-07-08 01:57:57 GSD insert 第 1 次 等待 1 秒
2021-07-08 01:57:58 {"status":"ok","msg":"添加成功！218698"}
2021-07-08 01:57:58 下次操作: 2021-07-08 01:58:04

2021-07-08 01:58:04 开始第 30 次操作

2021-07-08 01:58:04 开始操作号码 【1738429】
2021-07-08 01:58:08 GSD getOne 第 1 次 等待 1 秒
2021-07-08 01:58:09 查询号码 【1738429】，返回信息 {"status":"bad","msg":""}
2021-07-08 01:58:09 查询号码 【1738429】，GSD为【""】
2021-07-08 01:58:09 bad
2021-07-08 01:58:11 CHB 1738429?1625680689 第 1 次 等待 1 秒
2021-07-08 01:58:12 CHB 1738429?1625680689 第 1 次 获取到号码【1738429】GSD
2021-07-08 01:58:12 获取到号码【1738429】的GSD为【贵州-黔西南】
2021-07-08 01:58:16 GSD insert 第 1 次 等待 1 秒
2021-07-08 01:58:17 {"status":"ok","msg":"添加成功！218704"}

