2023-09-30 00:09:17 开始第 669 次操作

2023-09-30 00:09:17 开始操作号码 【1990668】
2023-09-30 00:09:22 GSD getOne 第 1 次 等待 3 秒
2023-09-30 00:09:25 查询号码 【1990668】，返回信息 {"status":"ok","msg":"浙江-温州","gid":"483029","time_insert":"2021-08-02 20:59"}
2023-09-30 00:09:25 查询号码 【1990668】，GSD为【"浙江-温州"】

2023-09-30 00:09:26 开始第 670 次操作

2023-09-30 00:09:26 开始操作号码 【1990669】
2023-09-30 00:09:31 GSD getOne 第 1 次 等待 3 秒
2023-09-30 00:09:34 查询号码 【1990669】，返回信息 {"status":"ok","msg":"浙江-温州","gid":"483146","time_insert":"2021-08-02 21:09"}
2023-09-30 00:09:34 查询号码 【1990669】，GSD为【"浙江-温州"】

2023-09-30 00:09:35 开始第 671 次操作

2023-09-30 00:09:35 开始操作号码 【1990670】
2023-09-30 00:09:37 GSD getOne 第 1 次 等待 3 秒
2023-09-30 00:09:40 查询号码 【1990670】，返回信息 {"status":"ok","msg":"浙江-宁波","gid":"483252","time_insert":"2021-08-02 21:17"}
2023-09-30 00:09:40 查询号码 【1990670】，GSD为【"浙江-宁波"】

2023-09-30 00:09:41 开始第 672 次操作

2023-09-30 00:09:41 开始操作号码 【1990671】
2023-09-30 00:09:42 GSD getOne 第 1 次 等待 3 秒
2023-09-30 00:09:45 查询号码 【1990671】，返回信息 {"status":"ok","msg":"浙江-杭州","gid":"483369","time_insert":"2021-08-02 21:28"}
2023-09-30 00:09:46 查询号码 【1990671】，GSD为【"浙江-杭州"】

