2023-12-21 00:08:23 开始第 4433 次操作

2023-12-21 00:08:23 开始操作号码 【1894342】
2023-12-21 00:08:26 GSD getOne 第 1 次 等待 3 秒
2023-12-21 00:08:29 查询号码 【1894342】，返回信息 {"status":"ok","msg":"吉林-通化","gid":"487374","time_insert":"2021-08-03 05:55"}
2023-12-21 00:08:29 查询号码 【1894342】，GSD为【"吉林-通化"】

2023-12-21 00:08:30 开始第 4434 次操作

2023-12-21 00:08:30 开始操作号码 【1894343】
2023-12-21 00:08:34 GSD getOne 第 1 次 等待 3 秒
2023-12-21 00:08:37 查询号码 【1894343】，返回信息 {"status":"ok","msg":"吉林-通化","gid":"487367","time_insert":"2021-08-03 05:55"}
2023-12-21 00:08:37 查询号码 【1894343】，GSD为【"吉林-通化"】

2023-12-21 00:08:38 开始第 4435 次操作

2023-12-21 00:08:38 开始操作号码 【1894344】
2023-12-21 00:08:41 GSD getOne 第 1 次 等待 3 秒
2023-12-21 00:08:44 查询号码 【1894344】，返回信息 {"status":"ok","msg":"吉林-通化","gid":"487356","time_insert":"2021-08-03 05:54"}
2023-12-21 00:08:44 查询号码 【1894344】，GSD为【"吉林-通化"】

2023-12-21 00:08:45 开始第 4436 次操作

2023-12-21 00:08:45 开始操作号码 【1894345】
2023-12-21 00:08:48 GSD getOne 第 1 次 等待 3 秒
2023-12-21 00:08:51 查询号码 【1894345】，返回信息 {"status":"ok","msg":"吉林-白城","gid":"487347","time_insert":"2021-08-03 05:53"}
2023-12-21 00:08:52 查询号码 【1894345】，GSD为【"吉林-白城"】

2023-12-21 00:36:44 开始第 4437 次操作

2023-12-21 00:36:44 开始操作号码 【1894346】
2023-12-21 00:36:52 GSD getOne 第 1 次 等待 3 秒
2023-12-21 00:36:55 查询号码 【1894346】，返回信息 {"status":"ok","msg":"吉林-白城","gid":"487337","time_insert":"2021-08-03 05:53"}
2023-12-21 00:36:55 查询号码 【1894346】，GSD为【"吉林-白城"】

2023-12-21 00:36:56 开始第 4438 次操作

2023-12-21 00:36:56 开始操作号码 【1894347】
2023-12-21 00:37:00 GSD getOne 第 1 次 等待 3 秒
2023-12-21 00:37:03 查询号码 【1894347】，返回信息 {"status":"ok","msg":"吉林-辽源","gid":"487326","time_insert":"2021-08-03 05:52"}
2023-12-21 00:37:04 查询号码 【1894347】，GSD为【"吉林-辽源"】

2023-12-21 00:37:05 开始第 4439 次操作

2023-12-21 00:37:05 开始操作号码 【1894348】
2023-12-21 00:37:09 GSD getOne 第 1 次 等待 3 秒
2023-12-21 00:37:12 查询号码 【1894348】，返回信息 {"status":"ok","msg":"吉林-松原","gid":"487317","time_insert":"2021-08-03 05:51","time_update":"2021-08-10 02:15"}
2023-12-21 00:37:12 查询号码 【1894348】，GSD为【"吉林-松原"】

2023-12-21 00:37:13 开始第 4440 次操作

2023-12-21 00:37:13 开始操作号码 【1894349】
2023-12-21 00:37:18 GSD getOne 第 1 次 等待 3 秒
2023-12-21 00:37:21 查询号码 【1894349】，返回信息 {"status":"ok","msg":"吉林-白山","gid":"487307","time_insert":"2021-08-03 05:51"}
2023-12-21 00:37:21 查询号码 【1894349】，GSD为【"吉林-白山"】

