2021-07-11 00:00:16 开始第 23 次操作

2021-07-11 00:00:16 开始操作号码 【1720758】
2021-07-11 00:00:20 GSD getOne 第 1 次 等待 1 秒
2021-07-11 00:00:21 查询号码 【1720758】，返回信息 {"status":"bad","msg":""}
2021-07-11 00:00:21 查询号码 【1720758】，GSD为【""】
2021-07-11 00:00:21 bad
2021-07-11 00:00:23 CHB 1720758?1625932821 第 1 次 等待 1 秒
2021-07-11 00:00:24 CHB 1720758?1625932821 第 1 次 获取到号码【1720758】GSD
2021-07-11 00:00:24 获取到号码【1720758】的GSD为【湖南-娄底】
2021-07-11 00:00:43 GSD insert 第 1 次 等待 1 秒
2021-07-11 00:00:44 {"status":"ok","msg":"添加成功！243693"}
2021-07-11 00:00:44 下次操作: 2021-07-11 00:01:00

2021-07-11 00:01:00 开始第 24 次操作

2021-07-11 00:01:00 开始操作号码 【1720759】
2021-07-11 00:01:06 GSD getOne 第 1 次 等待 1 秒
2021-07-11 00:01:07 查询号码 【1720759】，返回信息 {"status":"bad","msg":""}
2021-07-11 00:01:07 查询号码 【1720759】，GSD为【""】
2021-07-11 00:01:07 bad
2021-07-11 00:01:08 CHB 1720759?1625932867 第 1 次 等待 1 秒
2021-07-11 00:01:09 CHB 1720759?1625932867 第 1 次 获取到号码【1720759】GSD
2021-07-11 00:01:09 获取到号码【1720759】的GSD为【湖南-娄底】
2021-07-11 00:01:28 GSD insert 第 1 次 等待 1 秒
2021-07-11 00:01:29 {"status":"ok","msg":"添加成功！243697"}
2021-07-11 00:01:29 下次操作: 2021-07-11 00:01:43

2021-07-11 00:01:43 开始第 25 次操作

2021-07-11 00:01:43 开始操作号码 【1720760】
2021-07-11 00:01:47 GSD getOne 第 1 次 等待 1 秒
2021-07-11 00:01:48 查询号码 【1720760】，返回信息 {"status":"bad","msg":""}
2021-07-11 00:01:48 查询号码 【1720760】，GSD为【""】
2021-07-11 00:01:48 bad
2021-07-11 00:01:50 CHB 1720760?1625932908 第 1 次 等待 1 秒
2021-07-11 00:01:51 CHB 1720760?1625932908 第 1 次 获取到号码【1720760】GSD
2021-07-11 00:01:51 获取到号码【1720760】的GSD为【湖南-娄底】
2021-07-11 00:02:11 GSD insert 第 1 次 等待 1 秒
2021-07-11 00:02:12 {"status":"ok","msg":"添加成功！243701"}
2021-07-11 00:02:12 下次操作: 2021-07-11 00:02:22

2021-07-11 00:02:22 开始第 26 次操作

2021-07-11 00:02:22 开始操作号码 【1720761】
2021-07-11 00:02:31 GSD getOne 第 1 次 等待 1 秒
2021-07-11 00:02:32 查询号码 【1720761】，返回信息 {"status":"bad","msg":""}
2021-07-11 00:02:32 查询号码 【1720761】，GSD为【""】
2021-07-11 00:02:32 bad
2021-07-11 00:02:35 CHB 1720761?1625932952 第 1 次 等待 1 秒
2021-07-11 00:02:36 CHB 1720761?1625932952 第 1 次 获取到号码【1720761】GSD
2021-07-11 00:02:36 获取到号码【1720761】的GSD为【湖南-娄底】
2021-07-11 00:02:53 GSD insert 第 1 次 等待 1 秒
2021-07-11 00:02:54 {"status":"ok","msg":"添加成功！243704"}
2021-07-11 00:02:54 下次操作: 2021-07-11 00:03:08

2021-07-11 00:03:08 开始第 27 次操作

2021-07-11 00:03:08 开始操作号码 【1720762】
2021-07-11 00:03:12 GSD getOne 第 1 次 等待 1 秒
2021-07-11 00:03:13 查询号码 【1720762】，返回信息 {"status":"bad","msg":""}
2021-07-11 00:03:13 查询号码 【1720762】，GSD为【""】
2021-07-11 00:03:13 bad
2021-07-11 00:03:15 CHB 1720762?1625932993 第 1 次 等待 1 秒
2021-07-11 00:03:16 CHB 1720762?1625932993 第 1 次 获取到号码【1720762】GSD
2021-07-11 00:03:16 获取到号码【1720762】的GSD为【湖南-娄底】
2021-07-11 00:03:34 GSD insert 第 1 次 等待 1 秒
2021-07-11 00:03:35 {"status":"ok","msg":"添加成功！243708"}
2021-07-11 00:03:35 下次操作: 2021-07-11 00:03:44

2021-07-11 00:03:44 开始第 28 次操作

2021-07-11 00:03:44 开始操作号码 【1720763】
2021-07-11 00:03:56 GSD getOne 第 1 次 等待 1 秒
2021-07-11 00:03:57 查询号码 【1720763】，返回信息 {"status":"bad","msg":""}
2021-07-11 00:03:57 查询号码 【1720763】，GSD为【""】
2021-07-11 00:03:57 bad
2021-07-11 00:03:58 CHB 1720763?1625933037 第 1 次 等待 1 秒
2021-07-11 00:03:59 CHB 1720763?1625933037 第 1 次 获取到号码【1720763】GSD
2021-07-11 00:03:59 获取到号码【1720763】的GSD为【湖南-张家界】
2021-07-11 00:04:19 GSD insert 第 1 次 等待 1 秒
2021-07-11 00:04:20 {"status":"ok","msg":"添加成功！243712"}
2021-07-11 00:04:20 下次操作: 2021-07-11 00:04:28

2021-07-11 00:04:28 开始第 29 次操作

2021-07-11 00:04:28 开始操作号码 【1720764】
2021-07-11 00:04:43 GSD getOne 第 1 次 等待 1 秒
2021-07-11 00:04:44 查询号码 【1720764】，返回信息 {"status":"bad","msg":""}
2021-07-11 00:04:44 查询号码 【1720764】，GSD为【""】
2021-07-11 00:04:44 bad
2021-07-11 00:04:47 CHB 1720764?1625933084 第 1 次 等待 1 秒
2021-07-11 00:04:48 CHB 1720764?1625933084 第 1 次 获取到号码【1720764】GSD
2021-07-11 00:04:48 获取到号码【1720764】的GSD为【湖南-张家界】
2021-07-11 00:05:06 GSD insert 第 1 次 等待 1 秒
2021-07-11 00:05:07 {"status":"ok","msg":"添加成功！243720"}
2021-07-11 00:05:07 下次操作: 2021-07-11 00:05:15

2021-07-11 00:05:15 开始第 30 次操作

2021-07-11 00:05:15 开始操作号码 【1720765】
2021-07-11 00:05:24 GSD getOne 第 1 次 等待 1 秒
2021-07-11 00:05:25 查询号码 【1720765】，返回信息 {"status":"bad","msg":""}
2021-07-11 00:05:26 查询号码 【1720765】，GSD为【""】
2021-07-11 00:05:26 bad
2021-07-11 00:05:27 CHB 1720765?1625933126 第 1 次 等待 1 秒
2021-07-11 00:05:28 CHB 1720765?1625933126 第 1 次 获取到号码【1720765】GSD
2021-07-11 00:05:28 获取到号码【1720765】的GSD为【湖南-吉首】
2021-07-11 00:05:49 GSD insert 第 1 次 等待 1 秒
2021-07-11 00:05:50 {"status":"ok","msg":"添加成功！243724"}

2021-07-11 00:59:00 开始第 1 次操作

2021-07-11 00:59:00 开始操作号码 【1720766】
2021-07-11 00:59:03 GSD getOne 第 1 次 等待 1 秒
2021-07-11 00:59:04 查询号码 【1720766】，返回信息 {"status":"bad","msg":""}
2021-07-11 00:59:04 查询号码 【1720766】，GSD为【""】
2021-07-11 00:59:04 bad
2021-07-11 00:59:05 CHB 1720766?1625936344 第 1 次 等待 1 秒
2021-07-11 00:59:06 CHB 1720766?1625936344 第 1 次 获取到号码【1720766】GSD
2021-07-11 00:59:07 获取到号码【1720766】的GSD为【湖南-吉首】
2021-07-11 00:59:34 GSD insert 第 1 次 等待 1 秒
2021-07-11 00:59:35 {"status":"ok","msg":"添加成功！243828"}
2021-07-11 00:59:35 下次操作: 2021-07-11 00:59:52

2021-07-11 00:59:52 开始第 2 次操作

2021-07-11 00:59:52 开始操作号码 【1720767】
2021-07-11 00:59:55 GSD getOne 第 1 次 等待 1 秒
2021-07-11 00:59:56 查询号码 【1720767】，返回信息 {"status":"bad","msg":""}
2021-07-11 00:59:56 查询号码 【1720767】，GSD为【""】
2021-07-11 00:59:56 bad
2021-07-11 00:59:58 CHB 1720767?1625936396 第 1 次 等待 1 秒
2021-07-11 00:59:59 CHB 1720767?1625936396 第 1 次 获取到号码【1720767】GSD
2021-07-11 00:59:59 获取到号码【1720767】的GSD为【湖南-怀化】
2021-07-11 01:00:21 GSD insert 第 1 次 等待 1 秒
2021-07-11 01:00:22 {"status":"ok","msg":"添加成功！243831"}
2021-07-11 01:00:22 下次操作: 2021-07-11 01:00:28

2021-07-11 01:00:28 开始第 3 次操作

2021-07-11 01:00:28 开始操作号码 【1720768】
2021-07-11 01:00:47 GSD getOne 第 1 次 等待 1 秒
2021-07-11 01:00:48 查询号码 【1720768】，返回信息 {"status":"bad","msg":""}
2021-07-11 01:00:48 查询号码 【1720768】，GSD为【""】
2021-07-11 01:00:48 bad
2021-07-11 01:00:49 CHB 1720768?1625936448 第 1 次 等待 1 秒
2021-07-11 01:00:50 CHB 1720768?1625936448 第 1 次 获取到号码【1720768】GSD
2021-07-11 01:00:50 获取到号码【1720768】的GSD为【湖南-怀化】
2021-07-11 01:01:09 GSD insert 第 1 次 等待 1 秒
2021-07-11 01:01:10 {"status":"ok","msg":"添加成功！243840"}
2021-07-11 01:01:10 下次操作: 2021-07-11 01:01:18

2021-07-11 01:01:18 开始第 4 次操作

2021-07-11 01:01:18 开始操作号码 【1720769】
2021-07-11 01:01:28 GSD getOne 第 1 次 等待 1 秒
2021-07-11 01:01:29 查询号码 【1720769】，返回信息 {"status":"bad","msg":""}
2021-07-11 01:01:29 查询号码 【1720769】，GSD为【""】
2021-07-11 01:01:29 bad
2021-07-11 01:01:31 CHB 1720769?1625936489 第 1 次 等待 1 秒
2021-07-11 01:01:32 CHB 1720769?1625936489 第 1 次 获取到号码【1720769】GSD
2021-07-11 01:01:32 获取到号码【1720769】的GSD为【湖南-怀化】
2021-07-11 01:01:51 GSD insert 第 1 次 等待 1 秒
2021-07-11 01:01:52 {"status":"ok","msg":"添加成功！243848"}
2021-07-11 01:01:52 下次操作: 2021-07-11 01:01:58

2021-07-11 01:01:58 开始第 5 次操作

2021-07-11 01:01:58 开始操作号码 【1720770】
2021-07-11 01:02:16 GSD getOne 第 1 次 等待 1 秒
2021-07-11 01:02:17 查询号码 【1720770】，返回信息 {"status":"bad","msg":""}
2021-07-11 01:02:18 查询号码 【1720770】，GSD为【""】
2021-07-11 01:02:18 bad
2021-07-11 01:02:21 CHB 1720770?1625936538 第 1 次 等待 1 秒
2021-07-11 01:02:22 CHB 1720770?1625936538 第 1 次 获取到号码【1720770】GSD
2021-07-11 01:02:22 获取到号码【1720770】的GSD为【湖南-怀化】
2021-07-11 01:02:43 GSD insert 第 1 次 等待 1 秒
2021-07-11 01:02:44 {"status":"ok","msg":"添加成功！243856"}
2021-07-11 01:02:44 下次操作: 2021-07-11 01:03:00

2021-07-11 01:03:00 开始第 6 次操作

2021-07-11 01:03:00 开始操作号码 【1720771】
2021-07-11 01:03:02 GSD getOne 第 1 次 等待 1 秒
2021-07-11 01:03:03 查询号码 【1720771】，返回信息 {"status":"bad","msg":""}
2021-07-11 01:03:03 查询号码 【1720771】，GSD为【""】
2021-07-11 01:03:03 bad
2021-07-11 01:03:04 CHB 1720771?1625936583 第 1 次 等待 1 秒
2021-07-11 01:03:05 CHB 1720771?1625936583 第 1 次 获取到号码【1720771】GSD
2021-07-11 01:03:06 获取到号码【1720771】的GSD为【湖南-永州】
2021-07-11 01:03:23 GSD insert 第 1 次 等待 1 秒
2021-07-11 01:03:24 {"status":"ok","msg":"添加成功！243866"}
2021-07-11 01:03:24 下次操作: 2021-07-11 01:03:34

2021-07-11 01:03:34 开始第 7 次操作

2021-07-11 01:03:34 开始操作号码 【1720772】
2021-07-11 01:03:44 GSD getOne 第 1 次 等待 1 秒
2021-07-11 01:03:45 查询号码 【1720772】，返回信息 {"status":"bad","msg":""}
2021-07-11 01:03:45 查询号码 【1720772】，GSD为【""】
2021-07-11 01:03:45 bad
2021-07-11 01:03:46 CHB 1720772?1625936625 第 1 次 等待 1 秒
2021-07-11 01:03:47 CHB 1720772?1625936625 第 1 次 获取到号码【1720772】GSD
2021-07-11 01:03:48 获取到号码【1720772】的GSD为【湖南-永州】
2021-07-11 01:04:06 GSD insert 第 1 次 等待 1 秒
2021-07-11 01:04:07 {"status":"ok","msg":"添加成功！243879"}
2021-07-11 01:04:07 下次操作: 2021-07-11 01:04:13

2021-07-11 01:04:13 开始第 8 次操作

2021-07-11 01:04:13 开始操作号码 【1720773】
2021-07-11 01:04:38 GSD getOne 第 1 次 等待 1 秒
2021-07-11 01:04:39 查询号码 【1720773】，返回信息 {"status":"bad","msg":""}
2021-07-11 01:04:39 查询号码 【1720773】，GSD为【""】
2021-07-11 01:04:39 bad
2021-07-11 01:04:41 CHB 1720773?1625936679 第 1 次 等待 1 秒
2021-07-11 01:04:42 CHB 1720773?1625936679 第 1 次 获取到号码【1720773】GSD
2021-07-11 01:04:42 获取到号码【1720773】的GSD为【湖南-永州】
2021-07-11 01:05:09 GSD insert 第 1 次 等待 1 秒
2021-07-11 01:05:10 {"status":"ok","msg":"添加成功！243891"}
2021-07-11 01:05:10 下次操作: 2021-07-11 01:05:23

2021-07-11 01:05:23 开始第 9 次操作

2021-07-11 01:05:23 开始操作号码 【1720774】
2021-07-11 01:05:28 GSD getOne 第 1 次 等待 1 秒
2021-07-11 01:05:29 查询号码 【1720774】，返回信息 {"status":"bad","msg":""}
2021-07-11 01:05:29 查询号码 【1720774】，GSD为【""】
2021-07-11 01:05:29 bad
2021-07-11 01:05:31 CHB 1720774?1625936729 第 1 次 等待 1 秒
2021-07-11 01:05:32 CHB 1720774?1625936729 第 1 次 获取到号码【1720774】GSD
2021-07-11 01:05:32 获取到号码【1720774】的GSD为【湖南-永州】
2021-07-11 01:05:49 GSD insert 第 1 次 等待 1 秒
2021-07-11 01:05:50 {"status":"ok","msg":"添加成功！243902"}
2021-07-11 01:05:50 下次操作: 2021-07-11 01:05:56

2021-07-11 01:05:56 开始第 10 次操作

2021-07-11 01:05:56 开始操作号码 【1720775】
2021-07-11 01:06:15 GSD getOne 第 1 次 等待 1 秒
2021-07-11 01:06:16 查询号码 【1720775】，返回信息 {"status":"bad","msg":""}
2021-07-11 01:06:16 查询号码 【1720775】，GSD为【""】
2021-07-11 01:06:16 bad
2021-07-11 01:06:18 CHB 1720775?1625936776 第 1 次 等待 1 秒
2021-07-11 01:06:19 CHB 1720775?1625936776 第 1 次 获取到号码【1720775】GSD
2021-07-11 01:06:19 获取到号码【1720775】的GSD为【湖南-邵阳】
2021-07-11 01:06:38 GSD insert 第 1 次 等待 1 秒
2021-07-11 01:06:39 {"status":"ok","msg":"添加成功！243917"}
2021-07-11 01:06:39 下次操作: 2021-07-11 01:06:45

2021-07-11 01:06:45 开始第 11 次操作

2021-07-11 01:06:45 开始操作号码 【1720776】
2021-07-11 01:07:13 GSD getOne 第 1 次 等待 1 秒
2021-07-11 01:07:14 查询号码 【1720776】，返回信息 {"status":"bad","msg":""}
2021-07-11 01:07:14 查询号码 【1720776】，GSD为【""】
2021-07-11 01:07:14 bad
2021-07-11 01:07:17 CHB 1720776?1625936834 第 1 次 等待 1 秒
2021-07-11 01:07:18 CHB 1720776?1625936834 第 1 次 获取到号码【1720776】GSD
2021-07-11 01:07:18 获取到号码【1720776】的GSD为【湖南-邵阳】
2021-07-11 01:07:36 GSD insert 第 1 次 等待 1 秒
2021-07-11 01:07:37 {"status":"ok","msg":"添加成功！243931"}
2021-07-11 01:07:37 下次操作: 2021-07-11 01:07:53

2021-07-11 01:07:53 开始第 12 次操作

2021-07-11 01:07:53 开始操作号码 【1720777】
2021-07-11 01:07:57 GSD getOne 第 1 次 等待 1 秒
2021-07-11 01:07:58 查询号码 【1720777】，返回信息 {"status":"bad","msg":""}
2021-07-11 01:07:58 查询号码 【1720777】，GSD为【""】
2021-07-11 01:07:58 bad
2021-07-11 01:08:01 CHB 1720777?1625936878 第 1 次 等待 1 秒
2021-07-11 01:08:02 CHB 1720777?1625936878 第 1 次 获取到号码【1720777】GSD
2021-07-11 01:08:02 获取到号码【1720777】的GSD为【湖南-邵阳】
2021-07-11 01:08:37 GSD insert 第 1 次 等待 1 秒
2021-07-11 01:08:38 {"status":"ok","msg":"添加成功！243951"}
2021-07-11 01:08:38 下次操作: 2021-07-11 01:08:46

2021-07-11 01:08:46 开始第 13 次操作

2021-07-11 01:08:46 开始操作号码 【1720778】
2021-07-11 01:08:57 GSD getOne 第 1 次 等待 1 秒
2021-07-11 01:08:58 查询号码 【1720778】，返回信息 {"status":"bad","msg":""}
2021-07-11 01:08:58 查询号码 【1720778】，GSD为【""】
2021-07-11 01:08:58 bad
2021-07-11 01:09:00 CHB 1720778?1625936938 第 1 次 等待 1 秒
2021-07-11 01:09:01 CHB 1720778?1625936938 第 1 次 获取到号码【1720778】GSD
2021-07-11 01:09:01 获取到号码【1720778】的GSD为【湖南-邵阳】
2021-07-11 01:09:19 GSD insert 第 1 次 等待 1 秒
2021-07-11 01:09:20 {"status":"ok","msg":"添加成功！243964"}
2021-07-11 01:09:20 下次操作: 2021-07-11 01:09:36

2021-07-11 01:09:36 开始第 14 次操作

2021-07-11 01:09:36 开始操作号码 【1720779】
2021-07-11 01:09:42 GSD getOne 第 1 次 等待 1 秒
2021-07-11 01:09:43 查询号码 【1720779】，返回信息 {"status":"bad","msg":""}
2021-07-11 01:09:43 查询号码 【1720779】，GSD为【""】
2021-07-11 01:09:43 bad
2021-07-11 01:09:47 CHB 1720779?1625936983 第 1 次 等待 1 秒
2021-07-11 01:09:48 CHB 1720779?1625936983 第 1 次 获取到号码【1720779】GSD
2021-07-11 01:09:48 获取到号码【1720779】的GSD为【湖南-邵阳】
2021-07-11 01:10:07 GSD insert 第 1 次 等待 1 秒
2021-07-11 01:10:08 {"status":"ok","msg":"添加成功！243978"}
2021-07-11 01:10:08 下次操作: 2021-07-11 01:10:16

2021-07-11 01:10:16 开始第 15 次操作

2021-07-11 01:10:16 开始操作号码 【1720780】
2021-07-11 01:10:28 GSD getOne 第 1 次 等待 1 秒
2021-07-11 01:10:29 查询号码 【1720780】，返回信息 {"status":"bad","msg":""}
2021-07-11 01:10:29 查询号码 【1720780】，GSD为【""】
2021-07-11 01:10:29 bad
2021-07-11 01:10:31 CHB 1720780?1625937029 第 1 次 等待 1 秒
2021-07-11 01:10:32 CHB 1720780?1625937029 第 1 次 获取到号码【1720780】GSD
2021-07-11 01:10:32 获取到号码【1720780】的GSD为【湖南-长沙】
2021-07-11 01:10:51 GSD insert 第 1 次 等待 1 秒
2021-07-11 01:10:52 {"status":"ok","msg":"添加成功！243989"}
2021-07-11 01:10:52 下次操作: 2021-07-11 01:11:02

2021-07-11 01:11:02 开始第 16 次操作

2021-07-11 01:11:02 开始操作号码 【1720781】
2021-07-11 01:11:14 GSD getOne 第 1 次 等待 1 秒
2021-07-11 01:11:15 查询号码 【1720781】，返回信息 {"status":"bad","msg":""}
2021-07-11 01:11:15 查询号码 【1720781】，GSD为【""】
2021-07-11 01:11:15 bad
2021-07-11 01:11:17 CHB 1720781?1625937075 第 1 次 等待 1 秒
2021-07-11 01:11:18 CHB 1720781?1625937075 第 1 次 获取到号码【1720781】GSD
2021-07-11 01:11:18 获取到号码【1720781】的GSD为【湖南-长沙】
2021-07-11 01:11:39 GSD insert 第 1 次 等待 1 秒
2021-07-11 01:11:40 {"status":"ok","msg":"添加成功！244001"}
2021-07-11 01:11:40 下次操作: 2021-07-11 01:11:47

2021-07-11 01:11:47 开始第 17 次操作

2021-07-11 01:11:47 开始操作号码 【1720782】
2021-07-11 01:12:12 GSD getOne 第 1 次 等待 1 秒
2021-07-11 01:12:13 查询号码 【1720782】，返回信息 {"status":"bad","msg":""}
2021-07-11 01:12:13 查询号码 【1720782】，GSD为【""】
2021-07-11 01:12:13 bad
2021-07-11 01:12:15 CHB 1720782?1625937133 第 1 次 等待 1 秒
2021-07-11 01:12:16 CHB 1720782?1625937133 第 1 次 获取到号码【1720782】GSD
2021-07-11 01:12:16 获取到号码【1720782】的GSD为【湖南-岳阳】
2021-07-11 01:12:39 GSD insert 第 1 次 等待 1 秒
2021-07-11 01:12:40 {"status":"ok","msg":"添加成功！244019"}
2021-07-11 01:12:40 下次操作: 2021-07-11 01:12:55

2021-07-11 01:12:55 开始第 18 次操作

2021-07-11 01:12:55 开始操作号码 【1720783】
2021-07-11 01:13:04 GSD getOne 第 1 次 等待 1 秒
2021-07-11 01:13:05 查询号码 【1720783】，返回信息 {"status":"bad","msg":""}
2021-07-11 01:13:05 查询号码 【1720783】，GSD为【""】
2021-07-11 01:13:05 bad
2021-07-11 01:13:07 CHB 1720783?1625937185 第 1 次 等待 1 秒
2021-07-11 01:13:08 CHB 1720783?1625937185 第 1 次 获取到号码【1720783】GSD
2021-07-11 01:13:08 获取到号码【1720783】的GSD为【湖南-岳阳】
2021-07-11 01:13:45 GSD insert 第 1 次 等待 1 秒
2021-07-11 01:13:46 {"status":"ok","msg":"添加成功！244036"}
2021-07-11 01:13:46 下次操作: 2021-07-11 01:13:59

2021-07-11 01:13:59 开始第 19 次操作

2021-07-11 01:13:59 开始操作号码 【1720784】
2021-07-11 01:14:05 GSD getOne 第 1 次 等待 1 秒
2021-07-11 01:14:06 查询号码 【1720784】，返回信息 {"status":"bad","msg":""}
2021-07-11 01:14:07 查询号码 【1720784】，GSD为【""】
2021-07-11 01:14:07 bad
2021-07-11 01:14:08 CHB 1720784?1625937247 第 1 次 等待 1 秒
2021-07-11 01:14:09 CHB 1720784?1625937247 第 1 次 获取到号码【1720784】GSD
2021-07-11 01:14:09 获取到号码【1720784】的GSD为【湖南-永州】
2021-07-11 01:14:27 GSD insert 第 1 次 等待 1 秒
2021-07-11 01:14:28 {"status":"ok","msg":"添加成功！244047"}
2021-07-11 01:14:28 下次操作: 2021-07-11 01:14:34

2021-07-11 01:14:34 开始第 20 次操作

2021-07-11 01:14:34 开始操作号码 【1720785】
2021-07-11 01:14:53 GSD getOne 第 1 次 等待 1 秒
2021-07-11 01:14:54 查询号码 【1720785】，返回信息 {"status":"bad","msg":""}
2021-07-11 01:14:54 查询号码 【1720785】，GSD为【""】
2021-07-11 01:14:54 bad
2021-07-11 01:14:55 CHB 1720785?1625937294 第 1 次 等待 1 秒
2021-07-11 01:14:56 CHB 1720785?1625937294 第 1 次 获取到号码【1720785】GSD
2021-07-11 01:14:57 获取到号码【1720785】的GSD为【湖南-株洲】
2021-07-11 01:15:30 GSD insert 第 1 次 等待 1 秒
2021-07-11 01:15:31 {"status":"ok","msg":"添加成功！244057"}
2021-07-11 01:15:31 下次操作: 2021-07-11 01:15:38

2021-07-11 01:15:38 开始第 21 次操作

2021-07-11 01:15:38 开始操作号码 【1720786】
2021-07-11 01:16:15 GSD getOne 第 1 次 等待 1 秒
2021-07-11 01:16:16 查询号码 【1720786】，返回信息 {"status":"bad","msg":""}
2021-07-11 01:16:16 查询号码 【1720786】，GSD为【""】
2021-07-11 01:16:16 bad
2021-07-11 01:16:19 CHB 1720786?1625937376 第 1 次 等待 1 秒
2021-07-11 01:16:20 CHB 1720786?1625937376 第 1 次 获取到号码【1720786】GSD
2021-07-11 01:16:20 获取到号码【1720786】的GSD为【湖南-衡阳】
2021-07-11 01:16:43 GSD insert 第 1 次 等待 1 秒
2021-07-11 01:16:44 {"status":"ok","msg":"添加成功！244064"}
2021-07-11 01:16:44 下次操作: 2021-07-11 01:17:01

2021-07-11 01:17:01 开始第 22 次操作

2021-07-11 01:17:01 开始操作号码 【1720787】
2021-07-11 01:17:04 GSD getOne 第 1 次 等待 1 秒
2021-07-11 01:17:05 查询号码 【1720787】，返回信息 {"status":"bad","msg":""}
2021-07-11 01:17:05 查询号码 【1720787】，GSD为【""】
2021-07-11 01:17:05 bad
2021-07-11 01:17:07 CHB 1720787?1625937425 第 1 次 等待 1 秒
2021-07-11 01:17:08 CHB 1720787?1625937425 第 1 次 获取到号码【1720787】GSD
2021-07-11 01:17:08 获取到号码【1720787】的GSD为【湖南-衡阳】
2021-07-11 01:17:28 GSD insert 第 1 次 等待 1 秒
2021-07-11 01:17:29 {"status":"ok","msg":"添加成功！244068"}
2021-07-11 01:17:29 下次操作: 2021-07-11 01:17:35

2021-07-11 01:17:35 开始第 23 次操作

2021-07-11 01:17:35 开始操作号码 【1720788】
2021-07-11 01:17:56 GSD getOne 第 1 次 等待 1 秒
2021-07-11 01:17:57 查询号码 【1720788】，返回信息 {"status":"bad","msg":""}
2021-07-11 01:17:57 查询号码 【1720788】，GSD为【""】
2021-07-11 01:17:57 bad
2021-07-11 01:17:59 CHB 1720788?1625937477 第 1 次 等待 1 秒
2021-07-11 01:18:00 CHB 1720788?1625937477 第 1 次 获取到号码【1720788】GSD
2021-07-11 01:18:01 获取到号码【1720788】的GSD为【湖南-郴州】
2021-07-11 01:18:20 GSD insert 第 1 次 等待 1 秒
2021-07-11 01:18:21 {"status":"ok","msg":"添加成功！244074"}
2021-07-11 01:18:21 下次操作: 2021-07-11 01:18:36

2021-07-11 01:18:36 开始第 24 次操作

2021-07-11 01:18:36 开始操作号码 【1720789】
2021-07-11 01:18:39 GSD getOne 第 1 次 等待 1 秒
2021-07-11 01:18:40 查询号码 【1720789】，返回信息 {"status":"bad","msg":""}
2021-07-11 01:18:40 查询号码 【1720789】，GSD为【""】
2021-07-11 01:18:40 bad
2021-07-11 01:18:42 CHB 1720789?1625937520 第 1 次 等待 1 秒
2021-07-11 01:18:43 CHB 1720789?1625937520 第 1 次 获取到号码【1720789】GSD
2021-07-11 01:18:43 获取到号码【1720789】的GSD为【湖南-郴州】
2021-07-11 01:19:02 GSD insert 第 1 次 等待 1 秒
2021-07-11 01:19:03 {"status":"ok","msg":"添加成功！244076"}
2021-07-11 01:19:03 下次操作: 2021-07-11 01:19:16

2021-07-11 01:19:16 开始第 25 次操作

2021-07-11 01:19:16 开始操作号码 【1720790】
2021-07-11 01:19:24 GSD getOne 第 1 次 等待 1 秒
2021-07-11 01:19:25 查询号码 【1720790】，返回信息 {"status":"bad","msg":""}
2021-07-11 01:19:26 查询号码 【1720790】，GSD为【""】
2021-07-11 01:19:26 bad
2021-07-11 01:19:27 CHB 1720790?1625937566 第 1 次 等待 1 秒
2021-07-11 01:19:28 CHB 1720790?1625937566 第 1 次 获取到号码【1720790】GSD
2021-07-11 01:19:28 未获取到号码【1720790】GSD，可能号码格式错误
2021-07-11 01:19:28 获取到号码【1720790】的GSD为【-】
2021-07-11 01:19:46 GSD insert 第 1 次 等待 1 秒
2021-07-11 01:19:47 {"status":"ok","msg":"添加成功！244080"}
2021-07-11 01:19:47 下次操作: 2021-07-11 01:19:58

2021-07-11 01:19:58 开始第 26 次操作

2021-07-11 01:19:58 开始操作号码 【1720791】
2021-07-11 01:20:08 GSD getOne 第 1 次 等待 1 秒
2021-07-11 01:20:09 查询号码 【1720791】，返回信息 {"status":"bad","msg":""}
2021-07-11 01:20:09 查询号码 【1720791】，GSD为【""】
2021-07-11 01:20:09 bad
2021-07-11 01:20:10 CHB 1720791?1625937609 第 1 次 等待 1 秒
2021-07-11 01:20:11 CHB 1720791?1625937609 第 1 次 获取到号码【1720791】GSD
2021-07-11 01:20:11 未获取到号码【1720791】GSD，可能号码格式错误
2021-07-11 01:20:11 获取到号码【1720791】的GSD为【-】
2021-07-11 01:20:44 GSD insert 第 1 次 等待 1 秒
2021-07-11 01:20:45 {"status":"ok","msg":"添加成功！244084"}
2021-07-11 01:20:45 下次操作: 2021-07-11 01:20:54

2021-07-11 01:20:54 开始第 27 次操作

2021-07-11 01:20:54 开始操作号码 【1720792】
2021-07-11 01:21:08 GSD getOne 第 1 次 等待 1 秒
2021-07-11 01:21:09 查询号码 【1720792】，返回信息 {"status":"bad","msg":""}
2021-07-11 01:21:09 查询号码 【1720792】，GSD为【""】
2021-07-11 01:21:09 bad
2021-07-11 01:21:11 CHB 1720792?1625937669 第 1 次 等待 1 秒
2021-07-11 01:21:12 CHB 1720792?1625937669 第 1 次 获取到号码【1720792】GSD
2021-07-11 01:21:12 未获取到号码【1720792】GSD，可能号码格式错误
2021-07-11 01:21:12 获取到号码【1720792】的GSD为【-】
2021-07-11 01:21:30 GSD insert 第 1 次 等待 1 秒
2021-07-11 01:21:31 {"status":"ok","msg":"添加成功！244088"}
2021-07-11 01:21:31 下次操作: 2021-07-11 01:21:38

2021-07-11 01:21:38 开始第 28 次操作

2021-07-11 01:21:38 开始操作号码 【1720793】
2021-07-11 01:21:57 GSD getOne 第 1 次 等待 1 秒
2021-07-11 01:21:58 查询号码 【1720793】，返回信息 {"status":"bad","msg":""}
2021-07-11 01:21:58 查询号码 【1720793】，GSD为【""】
2021-07-11 01:21:58 bad
2021-07-11 01:22:01 CHB 1720793?1625937718 第 1 次 等待 1 秒
2021-07-11 01:22:02 CHB 1720793?1625937718 第 1 次 获取到号码【1720793】GSD
2021-07-11 01:22:02 未获取到号码【1720793】GSD，可能号码格式错误
2021-07-11 01:22:02 获取到号码【1720793】的GSD为【-】
2021-07-11 01:22:37 GSD insert 第 1 次 等待 1 秒
2021-07-11 01:22:38 {"status":"ok","msg":"添加成功！244095"}
2021-07-11 01:22:38 下次操作: 2021-07-11 01:22:50

2021-07-11 01:22:50 开始第 29 次操作

2021-07-11 01:22:50 开始操作号码 【1720794】
2021-07-11 01:22:55 GSD getOne 第 1 次 等待 1 秒
2021-07-11 01:22:56 查询号码 【1720794】，返回信息 {"status":"bad","msg":""}
2021-07-11 01:22:56 查询号码 【1720794】，GSD为【""】
2021-07-11 01:22:56 bad
2021-07-11 01:22:58 CHB 1720794?1625937776 第 1 次 等待 1 秒
2021-07-11 01:22:59 CHB 1720794?1625937776 第 1 次 获取到号码【1720794】GSD
2021-07-11 01:22:59 未获取到号码【1720794】GSD，可能号码格式错误
2021-07-11 01:22:59 获取到号码【1720794】的GSD为【-】
2021-07-11 01:23:17 GSD insert 第 1 次 等待 1 秒
2021-07-11 01:23:18 {"status":"ok","msg":"添加成功！244099"}
2021-07-11 01:23:18 下次操作: 2021-07-11 01:23:34

2021-07-11 01:23:34 开始第 30 次操作

2021-07-11 01:23:34 开始操作号码 【1720795】
2021-07-11 01:23:37 GSD getOne 第 1 次 等待 1 秒
2021-07-11 01:23:38 查询号码 【1720795】，返回信息 {"status":"bad","msg":""}
2021-07-11 01:23:38 查询号码 【1720795】，GSD为【""】
2021-07-11 01:23:38 bad
2021-07-11 01:23:40 CHB 1720795?1625937818 第 1 次 等待 1 秒
2021-07-11 01:23:41 CHB 1720795?1625937818 第 1 次 获取到号码【1720795】GSD
2021-07-11 01:23:41 未获取到号码【1720795】GSD，可能号码格式错误
2021-07-11 01:23:41 获取到号码【1720795】的GSD为【-】
2021-07-11 01:24:00 GSD insert 第 1 次 等待 1 秒
2021-07-11 01:24:01 {"status":"ok","msg":"添加成功！244102"}

