2024-09-04 00:23:26 开始第 2717 次操作

2024-09-04 00:23:26 开始操作号码 【1452716】
2024-09-04 00:23:34 GSD getOne 第 1 次 等待 3 秒
2024-09-04 00:23:37 查询号码 【1452716】，返回信息 {"status":"ok","msg":"湖北-荆州","gid":"73977","time_insert":"2021-05-31 01:00"}
2024-09-04 00:23:37 查询号码 【1452716】，GSD为【"湖北-荆州"】

2024-09-04 00:23:38 开始第 2718 次操作

2024-09-04 00:23:38 开始操作号码 【1452717】
2024-09-04 00:23:45 GSD getOne 第 1 次 等待 3 秒
2024-09-04 00:23:48 查询号码 【1452717】，返回信息 {"status":"ok","msg":"湖北-宜昌","gid":"73981","time_insert":"2021-05-31 01:03"}
2024-09-04 00:23:48 查询号码 【1452717】，GSD为【"湖北-宜昌"】

2024-09-04 00:23:49 开始第 2719 次操作

2024-09-04 00:23:49 开始操作号码 【1452718】
2024-09-04 00:23:58 GSD getOne 第 1 次 等待 3 秒
2024-09-04 00:24:01 查询号码 【1452718】，返回信息 {"status":"ok","msg":"湖北-恩施","gid":"73984","time_insert":"2021-05-31 01:08"}
2024-09-04 00:24:01 查询号码 【1452718】，GSD为【"湖北-恩施"】

2024-09-04 00:24:02 开始第 2720 次操作

2024-09-04 00:24:02 开始操作号码 【1452719】
2024-09-04 00:24:10 GSD getOne 第 1 次 等待 3 秒
2024-09-04 00:24:13 查询号码 【1452719】，返回信息 {"status":"ok","msg":"湖北-十堰","gid":"73986","time_insert":"2021-05-31 01:12"}
2024-09-04 00:24:13 查询号码 【1452719】，GSD为【"湖北-十堰"】

2024-09-04 00:43:53 开始第 2721 次操作

2024-09-04 00:43:53 开始操作号码 【1452720】
2024-09-04 00:44:01 GSD getOne 第 1 次 等待 3 秒
2024-09-04 00:44:04 查询号码 【1452720】，返回信息 {"status":"ok","msg":"湖北-宜昌","gid":"73989","time_insert":"2021-05-31 01:16"}
2024-09-04 00:44:04 查询号码 【1452720】，GSD为【"湖北-宜昌"】

2024-09-04 00:44:05 开始第 2722 次操作

2024-09-04 00:44:05 开始操作号码 【1452721】
2024-09-04 00:44:13 GSD getOne 第 1 次 等待 3 秒
2024-09-04 00:44:16 查询号码 【1452721】，返回信息 {"status":"ok","msg":"湖北-荆州","gid":"73992","time_insert":"2021-05-31 01:20"}
2024-09-04 00:44:16 查询号码 【1452721】，GSD为【"湖北-荆州"】

2024-09-04 00:44:17 开始第 2723 次操作

2024-09-04 00:44:17 开始操作号码 【1452722】
2024-09-04 00:44:24 GSD getOne 第 1 次 等待 3 秒
2024-09-04 00:44:27 查询号码 【1452722】，返回信息 {"status":"ok","msg":"湖北-随州","gid":"73995","time_insert":"2021-05-31 01:23"}
2024-09-04 00:44:27 查询号码 【1452722】，GSD为【"湖北-随州"】

2024-09-04 00:44:29 开始第 2724 次操作

2024-09-04 00:44:29 开始操作号码 【1452723】
2024-09-04 00:44:36 GSD getOne 第 1 次 等待 3 秒
2024-09-04 00:44:39 查询号码 【1452723】，返回信息 {"status":"ok","msg":"湖北-黄冈","gid":"73999","time_insert":"2021-05-31 01:26"}
2024-09-04 00:44:39 查询号码 【1452723】，GSD为【"湖北-黄冈"】

2024-09-04 01:16:41 开始第 2725 次操作

2024-09-04 01:16:41 开始操作号码 【1452724】
2024-09-04 01:16:50 GSD getOne 第 1 次 等待 3 秒
2024-09-04 01:16:53 查询号码 【1452724】，返回信息 {"status":"ok","msg":"湖北-荆门","gid":"74003","time_insert":"2021-05-31 01:31"}
2024-09-04 01:16:53 查询号码 【1452724】，GSD为【"湖北-荆门"】

2024-09-04 01:16:54 开始第 2726 次操作

2024-09-04 01:16:54 开始操作号码 【1452725】
2024-09-04 01:17:01 GSD getOne 第 1 次 等待 3 秒
2024-09-04 01:17:04 查询号码 【1452725】，返回信息 {"status":"ok","msg":"湖北-武汉","gid":"74007","time_insert":"2021-05-31 01:35"}
2024-09-04 01:17:04 查询号码 【1452725】，GSD为【"湖北-武汉"】

2024-09-04 01:17:05 开始第 2727 次操作

2024-09-04 01:17:05 开始操作号码 【1452726】
2024-09-04 01:17:13 GSD getOne 第 1 次 等待 3 秒
2024-09-04 01:17:16 查询号码 【1452726】，返回信息 {"status":"ok","msg":"湖北-武汉","gid":"74009","time_insert":"2021-05-31 01:39"}
2024-09-04 01:17:16 查询号码 【1452726】，GSD为【"湖北-武汉"】

2024-09-04 01:17:17 开始第 2728 次操作

2024-09-04 01:17:17 开始操作号码 【1452727】
2024-09-04 01:17:25 GSD getOne 第 1 次 等待 3 秒
2024-09-04 01:17:28 查询号码 【1452727】，返回信息 {"status":"ok","msg":"湖北-襄阳","gid":"74011","time_insert":"2021-05-31 01:43"}
2024-09-04 01:17:28 查询号码 【1452727】，GSD为【"湖北-襄阳"】

