2024-11-10 00:23:31 开始第 3957 次操作

2024-11-10 00:23:31 开始操作号码 【1343956】
2024-11-10 00:23:34 GSD getOne 第 1 次 等待 3 秒
2024-11-10 00:23:37 查询号码 【1343956】，返回信息 {"status":"ok","msg":"北京-北京","gid":"130628","time_insert":"2021-06-26 06:12"}
2024-11-10 00:23:37 查询号码 【1343956】，GSD为【"北京-北京"】

2024-11-10 00:23:38 开始第 3958 次操作

2024-11-10 00:23:38 开始操作号码 【1343957】
2024-11-10 00:23:39 GSD getOne 第 1 次 等待 3 秒
2024-11-10 00:23:42 查询号码 【1343957】，返回信息 {"status":"ok","msg":"北京-北京","gid":"130659","time_insert":"2021-06-26 06:34"}
2024-11-10 00:23:42 查询号码 【1343957】，GSD为【"北京-北京"】

2024-11-10 00:23:43 开始第 3959 次操作

2024-11-10 00:23:43 开始操作号码 【1343958】
2024-11-10 00:23:45 GSD getOne 第 1 次 等待 3 秒
2024-11-10 00:23:48 查询号码 【1343958】，返回信息 {"status":"ok","msg":"北京-北京","gid":"130726","time_insert":"2021-06-26 06:49"}
2024-11-10 00:23:48 查询号码 【1343958】，GSD为【"北京-北京"】

2024-11-10 00:23:49 开始第 3960 次操作

2024-11-10 00:23:49 开始操作号码 【1343959】
2024-11-10 00:23:50 GSD getOne 第 1 次 等待 3 秒
2024-11-10 00:23:53 查询号码 【1343959】，返回信息 {"status":"ok","msg":"北京-北京","gid":"130833","time_insert":"2021-06-26 07:09"}
2024-11-10 00:23:53 查询号码 【1343959】，GSD为【"北京-北京"】

2024-11-10 00:42:53 开始第 3961 次操作

2024-11-10 00:42:53 开始操作号码 【1343960】
2024-11-10 00:42:54 GSD getOne 第 1 次 等待 3 秒
2024-11-10 00:42:57 查询号码 【1343960】，返回信息 {"status":"ok","msg":"北京-北京","gid":"130864","time_insert":"2021-06-26 07:30"}
2024-11-10 00:42:57 查询号码 【1343960】，GSD为【"北京-北京"】

2024-11-10 00:42:58 开始第 3962 次操作

2024-11-10 00:42:58 开始操作号码 【1343961】
2024-11-10 00:42:59 GSD getOne 第 1 次 等待 3 秒
2024-11-10 00:43:02 查询号码 【1343961】，返回信息 {"status":"ok","msg":"北京-北京","gid":"130946","time_insert":"2021-06-26 07:51"}
2024-11-10 00:43:02 查询号码 【1343961】，GSD为【"北京-北京"】

2024-11-10 00:43:03 开始第 3963 次操作

2024-11-10 00:43:03 开始操作号码 【1343962】
2024-11-10 00:43:04 GSD getOne 第 1 次 等待 3 秒
2024-11-10 00:43:07 查询号码 【1343962】，返回信息 {"status":"ok","msg":"北京-北京","gid":"131040","time_insert":"2021-06-26 08:07"}
2024-11-10 00:43:08 查询号码 【1343962】，GSD为【"北京-北京"】

2024-11-10 00:43:09 开始第 3964 次操作

2024-11-10 00:43:09 开始操作号码 【1343963】
2024-11-10 00:43:10 GSD getOne 第 1 次 等待 3 秒
2024-11-10 00:43:13 查询号码 【1343963】，返回信息 {"status":"ok","msg":"北京-北京","gid":"131071","time_insert":"2021-06-26 08:31"}
2024-11-10 00:43:13 查询号码 【1343963】，GSD为【"北京-北京"】

