2023-11-07 00:10:20 开始第 7437 次操作

2023-11-07 00:10:20 开始操作号码 【1997346】
2023-11-07 00:10:24 GSD getOne 第 1 次 等待 3 秒
2023-11-07 00:10:27 查询号码 【1997346】，返回信息 {"status":"ok","msg":"湖南-衡阳","gid":"495016","time_insert":"2021-08-04 07:15"}
2023-11-07 00:10:27 查询号码 【1997346】，GSD为【"湖南-衡阳"】

2023-11-07 00:10:28 开始第 7438 次操作

2023-11-07 00:10:28 开始操作号码 【1997347】
2023-11-07 00:10:31 GSD getOne 第 1 次 等待 3 秒
2023-11-07 00:10:34 查询号码 【1997347】，返回信息 {"status":"ok","msg":"湖南-衡阳","gid":"495006","time_insert":"2021-08-04 07:13"}
2023-11-07 00:10:34 查询号码 【1997347】，GSD为【"湖南-衡阳"】

2023-11-07 00:10:35 开始第 7439 次操作

2023-11-07 00:10:35 开始操作号码 【1997348】
2023-11-07 00:10:42 GSD getOne 第 1 次 等待 3 秒
2023-11-07 00:10:45 查询号码 【1997348】，返回信息 {"status":"ok","msg":"湖南-衡阳","gid":"494998","time_insert":"2021-08-04 07:11"}
2023-11-07 00:10:45 查询号码 【1997348】，GSD为【"湖南-衡阳"】

2023-11-07 00:10:46 开始第 7440 次操作

2023-11-07 00:10:46 开始操作号码 【1997349】
2023-11-07 00:10:52 GSD getOne 第 1 次 等待 3 秒
2023-11-07 00:10:55 查询号码 【1997349】，返回信息 {"status":"ok","msg":"湖南-衡阳","gid":"494991","time_insert":"2021-08-04 07:10"}
2023-11-07 00:10:55 查询号码 【1997349】，GSD为【"湖南-衡阳"】

2023-11-07 00:38:14 开始第 7441 次操作

2023-11-07 00:38:14 开始操作号码 【1997350】
2023-11-07 00:38:17 GSD getOne 第 1 次 等待 3 秒
2023-11-07 00:38:20 查询号码 【1997350】，返回信息 {"status":"ok","msg":"湖南-郴州","gid":"495069","time_insert":"2021-08-04 07:29"}
2023-11-07 00:38:20 查询号码 【1997350】，GSD为【"湖南-郴州"】

2023-11-07 00:38:21 开始第 7442 次操作

2023-11-07 00:38:21 开始操作号码 【1997351】
2023-11-07 00:38:27 GSD getOne 第 1 次 等待 3 秒
2023-11-07 00:38:30 查询号码 【1997351】，返回信息 {"status":"ok","msg":"湖南-郴州","gid":"495058","time_insert":"2021-08-04 07:26"}
2023-11-07 00:38:30 查询号码 【1997351】，GSD为【"湖南-郴州"】

2023-11-07 00:38:31 开始第 7443 次操作

2023-11-07 00:38:31 开始操作号码 【1997352】
2023-11-07 00:38:35 GSD getOne 第 1 次 等待 3 秒
2023-11-07 00:38:38 查询号码 【1997352】，返回信息 {"status":"ok","msg":"湖南-郴州","gid":"50501","time_insert":"2021-04-21 16:36"}
2023-11-07 00:38:38 查询号码 【1997352】，GSD为【"湖南-郴州"】

2023-11-07 00:38:39 开始第 7444 次操作

2023-11-07 00:38:39 开始操作号码 【1997353】
2023-11-07 00:38:42 GSD getOne 第 1 次 等待 3 秒
2023-11-07 00:38:45 查询号码 【1997353】，返回信息 {"status":"ok","msg":"湖南-郴州","gid":"494977","time_insert":"2021-08-04 07:05"}
2023-11-07 00:38:45 查询号码 【1997353】，GSD为【"湖南-郴州"】

2023-11-07 01:07:07 开始第 7445 次操作

2023-11-07 01:07:07 开始操作号码 【1997354】
2023-11-07 01:07:11 GSD getOne 第 1 次 等待 3 秒
2023-11-07 01:07:14 查询号码 【1997354】，返回信息 {"status":"ok","msg":"湖南-郴州","gid":"494969","time_insert":"2021-08-04 07:03"}
2023-11-07 01:07:14 查询号码 【1997354】，GSD为【"湖南-郴州"】

2023-11-07 01:07:15 开始第 7446 次操作

2023-11-07 01:07:15 开始操作号码 【1997355】
2023-11-07 01:07:18 GSD getOne 第 1 次 等待 3 秒
2023-11-07 01:07:21 查询号码 【1997355】，返回信息 {"status":"ok","msg":"湖南-郴州","gid":"494962","time_insert":"2021-08-04 07:01"}
2023-11-07 01:07:21 查询号码 【1997355】，GSD为【"湖南-郴州"】

2023-11-07 01:07:22 开始第 7447 次操作

2023-11-07 01:07:22 开始操作号码 【1997356】
2023-11-07 01:07:31 GSD getOne 第 1 次 等待 3 秒
2023-11-07 01:07:34 查询号码 【1997356】，返回信息 {"status":"ok","msg":"湖南-郴州","gid":"494957","time_insert":"2021-08-04 07:00"}
2023-11-07 01:07:34 查询号码 【1997356】，GSD为【"湖南-郴州"】

2023-11-07 01:07:35 开始第 7448 次操作

2023-11-07 01:07:35 开始操作号码 【1997357】
2023-11-07 01:07:38 GSD getOne 第 1 次 等待 3 秒
2023-11-07 01:07:41 查询号码 【1997357】，返回信息 {"status":"ok","msg":"湖南-郴州","gid":"494949","time_insert":"2021-08-04 06:58"}
2023-11-07 01:07:41 查询号码 【1997357】，GSD为【"湖南-郴州"】

