2024-12-11 00:29:35 开始第 9001 次操作

2024-12-11 00:29:35 开始操作号码 【1349000】
2024-12-11 00:29:37 GSD getOne 第 1 次 等待 3 秒
2024-12-11 00:29:40 查询号码 【1349000】，返回信息 {"status":"ok","msg":"北京-北京","gid":"313199","time_insert":"2021-07-18 10:05"}
2024-12-11 00:29:40 查询号码 【1349000】，GSD为【"北京-北京"】

2024-12-11 00:29:41 开始第 9002 次操作

2024-12-11 00:29:41 开始操作号码 【1349001】
2024-12-11 00:29:42 GSD getOne 第 1 次 等待 3 秒
2024-12-11 00:29:45 查询号码 【1349001】，返回信息 {"status":"ok","msg":"北京-北京","gid":"313191","time_insert":"2021-07-18 10:05"}
2024-12-11 00:29:45 查询号码 【1349001】，GSD为【"北京-北京"】

2024-12-11 00:29:46 开始第 9003 次操作

2024-12-11 00:29:46 开始操作号码 【1349002】
2024-12-11 00:29:47 GSD getOne 第 1 次 等待 3 秒
2024-12-11 00:29:50 查询号码 【1349002】，返回信息 {"status":"ok","msg":"北京-北京","gid":"313184","time_insert":"2021-07-18 10:04"}
2024-12-11 00:29:50 查询号码 【1349002】，GSD为【"北京-北京"】

2024-12-11 00:29:51 开始第 9004 次操作

2024-12-11 00:29:51 开始操作号码 【1349003】
2024-12-11 00:29:52 GSD getOne 第 1 次 等待 3 秒
2024-12-11 00:29:55 查询号码 【1349003】，返回信息 {"status":"ok","msg":"北京-北京","gid":"313173","time_insert":"2021-07-18 10:03"}
2024-12-11 00:29:55 查询号码 【1349003】，GSD为【"北京-北京"】

2024-12-11 00:51:30 开始第 9005 次操作

2024-12-11 00:51:30 开始操作号码 【1349004】
2024-12-11 00:51:32 GSD getOne 第 1 次 等待 3 秒
2024-12-11 00:51:35 查询号码 【1349004】，返回信息 {"status":"ok","msg":"北京-北京","gid":"313165","time_insert":"2021-07-18 10:03"}
2024-12-11 00:51:35 查询号码 【1349004】，GSD为【"北京-北京"】

2024-12-11 00:51:36 开始第 9006 次操作

2024-12-11 00:51:36 开始操作号码 【1349005】
2024-12-11 00:51:36 GSD getOne 第 1 次 等待 3 秒
2024-12-11 00:51:39 查询号码 【1349005】，返回信息 {"status":"ok","msg":"北京-北京","gid":"313156","time_insert":"2021-07-18 10:02"}
2024-12-11 00:51:39 查询号码 【1349005】，GSD为【"北京-北京"】

2024-12-11 00:51:40 开始第 9007 次操作

2024-12-11 00:51:40 开始操作号码 【1349006】
2024-12-11 00:51:41 GSD getOne 第 1 次 等待 3 秒
2024-12-11 00:51:44 查询号码 【1349006】，返回信息 {"status":"ok","msg":"北京-北京","gid":"313147","time_insert":"2021-07-18 10:02"}
2024-12-11 00:51:44 查询号码 【1349006】，GSD为【"北京-北京"】

2024-12-11 00:51:45 开始第 9008 次操作

2024-12-11 00:51:45 开始操作号码 【1349007】
2024-12-11 00:51:46 GSD getOne 第 1 次 等待 3 秒
2024-12-11 00:51:49 查询号码 【1349007】，返回信息 {"status":"ok","msg":"北京-北京","gid":"313136","time_insert":"2021-07-18 10:01"}
2024-12-11 00:51:49 查询号码 【1349007】，GSD为【"北京-北京"】

