2024-12-04 00:28:24 开始第 7885 次操作

2024-12-04 00:28:24 开始操作号码 【1347884】
2024-12-04 00:28:25 GSD getOne 第 1 次 等待 3 秒
2024-12-04 00:28:28 查询号码 【1347884】，返回信息 {"status":"ok","msg":"辽宁-沈阳","gid":"326000","time_insert":"2021-07-19 12:57"}
2024-12-04 00:28:28 查询号码 【1347884】，GSD为【"辽宁-沈阳"】

2024-12-04 00:28:29 开始第 7886 次操作

2024-12-04 00:28:29 开始操作号码 【1347885】
2024-12-04 00:28:30 GSD getOne 第 1 次 等待 3 秒
2024-12-04 00:28:33 查询号码 【1347885】，返回信息 {"status":"ok","msg":"辽宁-沈阳","gid":"325995","time_insert":"2021-07-19 12:57"}
2024-12-04 00:28:33 查询号码 【1347885】，GSD为【"辽宁-沈阳"】

2024-12-04 00:28:34 开始第 7887 次操作

2024-12-04 00:28:34 开始操作号码 【1347886】
2024-12-04 00:28:35 GSD getOne 第 1 次 等待 3 秒
2024-12-04 00:28:38 查询号码 【1347886】，返回信息 {"status":"ok","msg":"辽宁-沈阳","gid":"325988","time_insert":"2021-07-19 12:56"}
2024-12-04 00:28:38 查询号码 【1347886】，GSD为【"辽宁-沈阳"】

2024-12-04 00:28:39 开始第 7888 次操作

2024-12-04 00:28:39 开始操作号码 【1347887】
2024-12-04 00:28:40 GSD getOne 第 1 次 等待 3 秒
2024-12-04 00:28:43 查询号码 【1347887】，返回信息 {"status":"ok","msg":"辽宁-沈阳","gid":"325980","time_insert":"2021-07-19 12:55"}
2024-12-04 00:28:43 查询号码 【1347887】，GSD为【"辽宁-沈阳"】

