2023-11-03 00:10:05 开始第 6705 次操作

2023-11-03 00:10:05 开始操作号码 【1996614】
2023-11-03 00:10:08 GSD getOne 第 1 次 等待 3 秒
2023-11-03 00:10:11 查询号码 【1996614】，返回信息 {"status":"ok","msg":"安徽-合肥","gid":"519464","time_insert":"2021-08-20 11:41"}
2023-11-03 00:10:11 查询号码 【1996614】，GSD为【"安徽-合肥"】

2023-11-03 00:10:12 开始第 6706 次操作

2023-11-03 00:10:12 开始操作号码 【1996615】
2023-11-03 00:10:15 GSD getOne 第 1 次 等待 3 秒
2023-11-03 00:10:18 查询号码 【1996615】，返回信息 {"status":"ok","msg":"安徽-合肥","gid":"519485","time_insert":"2021-08-20 11:56"}
2023-11-03 00:10:18 查询号码 【1996615】，GSD为【"安徽-合肥"】

2023-11-03 00:10:19 开始第 6707 次操作

2023-11-03 00:10:19 开始操作号码 【1996616】
2023-11-03 00:10:23 GSD getOne 第 1 次 等待 3 秒
2023-11-03 00:10:26 查询号码 【1996616】，返回信息 {"status":"ok","msg":"安徽-合肥","gid":"519504","time_insert":"2021-08-20 12:08"}
2023-11-03 00:10:26 查询号码 【1996616】，GSD为【"安徽-合肥"】

2023-11-03 00:10:27 开始第 6708 次操作

2023-11-03 00:10:27 开始操作号码 【1996617】
2023-11-03 00:10:30 GSD getOne 第 1 次 等待 3 秒
2023-11-03 00:10:33 查询号码 【1996617】，返回信息 {"status":"ok","msg":"安徽-合肥","gid":"519518","time_insert":"2021-08-20 12:19"}
2023-11-03 00:10:33 查询号码 【1996617】，GSD为【"安徽-合肥"】

