2021-07-28 00:00:49 开始第 22 次操作

2021-07-28 00:00:49 开始操作号码 【1858629】
2021-07-28 00:00:52 GSD getOne 第 1 次 等待 3 秒
2021-07-28 00:00:55 查询号码 【1858629】，返回信息 {"status":"bad","msg":""}
2021-07-28 00:00:56 查询号码 【1858629】，GSD为【""】
2021-07-28 00:00:56 bad
2021-07-28 00:01:00 CHB 1858629?1627401656 第 1 次 等待 3 秒
2021-07-28 00:01:03 CHB 1858629?1627401656 第 1 次 获取到号码【1858629】GSD
2021-07-28 00:01:03 未获取到号码【1858629】GSD，查号吧 502 百度云加速 错误
2021-07-28 00:01:03 获取到号码【1858629】的GSD为【-】
2021-07-28 00:01:08 GSD insert 第 1 次 等待 3 秒
2021-07-28 00:01:11 {"status":"ok","gid":418604,"msg":"添加成功！"}
2021-07-28 00:01:11 下次操作: 2021-07-28 00:01:31

2021-07-28 00:01:31 开始第 23 次操作

2021-07-28 00:01:31 开始操作号码 【1858628】
2021-07-28 00:01:35 GSD getOne 第 1 次 等待 3 秒
2021-07-28 00:01:38 查询号码 【1858628】，返回信息 {"status":"bad","msg":""}
2021-07-28 00:01:38 查询号码 【1858628】，GSD为【""】
2021-07-28 00:01:38 bad
2021-07-28 00:01:43 CHB 1858628?1627401698 第 1 次 等待 3 秒
2021-07-28 00:01:46 CHB 1858628?1627401698 第 1 次 获取到号码【1858628】GSD
2021-07-28 00:01:47 获取到号码【1858628】的GSD为【内蒙古-呼和浩特】
2021-07-28 00:01:49 GSD insert 第 1 次 等待 3 秒
2021-07-28 00:01:52 {"status":"ok","gid":418614,"msg":"添加成功！"}
2021-07-28 00:01:52 下次操作: 2021-07-28 00:02:13

2021-07-28 00:02:13 开始第 24 次操作

2021-07-28 00:02:13 开始操作号码 【1858627】
2021-07-28 00:02:19 GSD getOne 第 1 次 等待 3 秒
2021-07-28 00:02:22 查询号码 【1858627】，返回信息 {"status":"bad","msg":""}
2021-07-28 00:02:22 查询号码 【1858627】，GSD为【""】
2021-07-28 00:02:22 bad
2021-07-28 00:02:24 CHB 1858627?1627401742 第 1 次 等待 3 秒
2021-07-28 00:02:27 CHB 1858627?1627401742 第 1 次 获取到号码【1858627】GSD
2021-07-28 00:02:27 获取到号码【1858627】的GSD为【内蒙古-呼和浩特】
2021-07-28 00:02:30 GSD insert 第 1 次 等待 3 秒
2021-07-28 00:02:33 {"status":"ok","gid":418626,"msg":"添加成功！"}
2021-07-28 00:02:33 下次操作: 2021-07-28 00:02:56

2021-07-28 00:02:56 开始第 25 次操作

2021-07-28 00:02:56 开始操作号码 【1858626】
2021-07-28 00:02:59 GSD getOne 第 1 次 等待 3 秒
2021-07-28 00:03:02 查询号码 【1858626】，返回信息 {"status":"bad","msg":""}
2021-07-28 00:03:02 查询号码 【1858626】，GSD为【""】
2021-07-28 00:03:02 bad
2021-07-28 00:03:03 CHB 1858626?1627401782 第 1 次 等待 3 秒
2021-07-28 00:03:06 CHB 1858626?1627401782 第 1 次 获取到号码【1858626】GSD
2021-07-28 00:03:06 获取到号码【1858626】的GSD为【内蒙古-呼和浩特】
2021-07-28 00:03:10 GSD insert 第 1 次 等待 3 秒
2021-07-28 00:03:13 {"status":"ok","gid":418639,"msg":"添加成功！"}
2021-07-28 00:03:13 下次操作: 2021-07-28 00:03:28

2021-07-28 00:03:28 开始第 26 次操作

2021-07-28 00:03:28 开始操作号码 【1858625】
2021-07-28 00:03:31 GSD getOne 第 1 次 等待 3 秒
2021-07-28 00:03:34 查询号码 【1858625】，返回信息 {"status":"bad","msg":""}
2021-07-28 00:03:34 查询号码 【1858625】，GSD为【""】
2021-07-28 00:03:34 bad
2021-07-28 00:03:35 CHB 1858625?1627401814 第 1 次 等待 3 秒
2021-07-28 00:03:38 CHB 1858625?1627401814 第 1 次 获取到号码【1858625】GSD
2021-07-28 00:03:38 获取到号码【1858625】的GSD为【内蒙古-呼和浩特】
2021-07-28 00:03:41 GSD insert 第 1 次 等待 3 秒
2021-07-28 00:03:44 {"status":"ok","gid":418647,"msg":"添加成功！"}
2021-07-28 00:03:44 下次操作: 2021-07-28 00:03:56

2021-07-28 00:03:56 开始第 27 次操作

2021-07-28 00:03:56 开始操作号码 【1858624】
2021-07-28 00:03:59 GSD getOne 第 1 次 等待 3 秒
2021-07-28 00:04:02 查询号码 【1858624】，返回信息 {"status":"bad","msg":""}
2021-07-28 00:04:02 查询号码 【1858624】，GSD为【""】
2021-07-28 00:04:02 bad
2021-07-28 00:04:04 CHB 1858624?1627401842 第 1 次 等待 3 秒
2021-07-28 00:04:07 CHB 1858624?1627401842 第 1 次 获取到号码【1858624】GSD
2021-07-28 00:04:07 获取到号码【1858624】的GSD为【内蒙古-呼和浩特】
2021-07-28 00:04:22 GSD insert 第 1 次 等待 3 秒
2021-07-28 00:04:25 {"status":"ok","gid":418656,"msg":"添加成功！"}
2021-07-28 00:04:25 下次操作: 2021-07-28 00:04:38

2021-07-28 00:04:38 开始第 28 次操作

2021-07-28 00:04:38 开始操作号码 【1858623】
2021-07-28 00:04:42 GSD getOne 第 1 次 等待 3 秒
2021-07-28 00:04:45 查询号码 【1858623】，返回信息 {"status":"bad","msg":""}
2021-07-28 00:04:45 查询号码 【1858623】，GSD为【""】
2021-07-28 00:04:45 bad
2021-07-28 00:04:46 CHB 1858623?1627401885 第 1 次 等待 3 秒
2021-07-28 00:04:49 CHB 1858623?1627401885 第 1 次 获取到号码【1858623】GSD
2021-07-28 00:04:49 获取到号码【1858623】的GSD为【广东-深圳】
2021-07-28 00:04:54 GSD insert 第 1 次 等待 3 秒
2021-07-28 00:04:57 {"status":"ok","gid":418664,"msg":"添加成功！"}
2021-07-28 00:04:57 下次操作: 2021-07-28 00:05:19

2021-07-28 00:05:19 开始第 29 次操作

2021-07-28 00:05:19 开始操作号码 【1858622】
2021-07-28 00:05:22 GSD getOne 第 1 次 等待 3 秒
2021-07-28 00:05:25 查询号码 【1858622】，返回信息 {"status":"bad","msg":""}
2021-07-28 00:05:25 查询号码 【1858622】，GSD为【""】
2021-07-28 00:05:25 bad
2021-07-28 00:05:27 CHB 1858622?1627401925 第 1 次 等待 3 秒
2021-07-28 00:05:30 CHB 1858622?1627401925 第 1 次 获取到号码【1858622】GSD
2021-07-28 00:05:30 获取到号码【1858622】的GSD为【广东-深圳】
2021-07-28 00:05:32 GSD insert 第 1 次 等待 3 秒
2021-07-28 00:05:35 {"status":"ok","gid":418673,"msg":"添加成功！"}
2021-07-28 00:05:35 下次操作: 2021-07-28 00:05:54

2021-07-28 00:05:54 开始第 30 次操作

2021-07-28 00:05:54 开始操作号码 【1858621】
2021-07-28 00:05:58 GSD getOne 第 1 次 等待 3 秒
2021-07-28 00:06:01 查询号码 【1858621】，返回信息 {"status":"bad","msg":""}
2021-07-28 00:06:01 查询号码 【1858621】，GSD为【""】
2021-07-28 00:06:01 bad
2021-07-28 00:06:06 CHB 1858621?1627401961 第 1 次 等待 3 秒
2021-07-28 00:06:09 CHB 1858621?1627401961 第 1 次 获取到号码【1858621】GSD
2021-07-28 00:06:09 获取到号码【1858621】的GSD为【内蒙古-呼和浩特】
2021-07-28 00:06:22 GSD insert 第 1 次 等待 3 秒
2021-07-28 00:06:25 {"status":"ok","gid":418685,"msg":"添加成功！"}
2021-07-28 00:06:25 下次操作: 2021-07-28 00:06:43

2021-07-28 00:06:43 开始第 31 次操作

2021-07-28 00:06:43 开始操作号码 【1858620】
2021-07-28 00:06:45 GSD getOne 第 1 次 等待 3 秒
2021-07-28 00:06:48 查询号码 【1858620】，返回信息 {"status":"bad","msg":""}
2021-07-28 00:06:48 查询号码 【1858620】，GSD为【""】
2021-07-28 00:06:48 bad
2021-07-28 00:06:50 CHB 1858620?1627402008 第 1 次 等待 3 秒
2021-07-28 00:06:53 CHB 1858620?1627402008 第 1 次 获取到号码【1858620】GSD
2021-07-28 00:06:53 获取到号码【1858620】的GSD为【内蒙古-呼和浩特】
2021-07-28 00:06:56 GSD insert 第 1 次 等待 3 秒
2021-07-28 00:06:59 {"status":"ok","gid":418695,"msg":"添加成功！"}
2021-07-28 00:06:59 下次操作: 2021-07-28 00:07:11

2021-07-28 00:07:11 开始第 32 次操作

2021-07-28 00:07:11 开始操作号码 【1858619】
2021-07-28 00:07:13 GSD getOne 第 1 次 等待 3 秒
2021-07-28 00:07:16 查询号码 【1858619】，返回信息 {"status":"bad","msg":""}
2021-07-28 00:07:17 查询号码 【1858619】，GSD为【""】
2021-07-28 00:07:17 bad
2021-07-28 00:07:18 CHB 1858619?1627402037 第 1 次 等待 3 秒
2021-07-28 00:07:21 CHB 1858619?1627402037 第 1 次 获取到号码【1858619】GSD
2021-07-28 00:07:21 获取到号码【1858619】的GSD为【内蒙古-包头】
2021-07-28 00:07:35 GSD insert 第 1 次 等待 3 秒
2021-07-28 00:07:38 {"status":"ok","gid":418701,"msg":"添加成功！"}
2021-07-28 00:07:38 下次操作: 2021-07-28 00:07:58

2021-07-28 00:07:58 开始第 33 次操作

2021-07-28 00:07:58 开始操作号码 【1858618】
2021-07-28 00:08:06 GSD getOne 第 1 次 等待 3 秒
2021-07-28 00:08:09 查询号码 【1858618】，返回信息 {"status":"bad","msg":""}
2021-07-28 00:08:09 查询号码 【1858618】，GSD为【""】
2021-07-28 00:08:09 bad
2021-07-28 00:08:11 CHB 1858618?1627402089 第 1 次 等待 3 秒
2021-07-28 00:08:14 CHB 1858618?1627402089 第 1 次 获取到号码【1858618】GSD
2021-07-28 00:08:14 获取到号码【1858618】的GSD为【内蒙古-包头】
2021-07-28 00:08:17 GSD insert 第 1 次 等待 3 秒
2021-07-28 00:08:20 {"status":"ok","gid":418714,"msg":"添加成功！"}
2021-07-28 00:08:20 下次操作: 2021-07-28 00:08:38

2021-07-28 00:08:38 开始第 34 次操作

2021-07-28 00:08:38 开始操作号码 【1858617】
2021-07-28 00:08:44 GSD getOne 第 1 次 等待 3 秒
2021-07-28 00:08:47 查询号码 【1858617】，返回信息 {"status":"bad","msg":""}
2021-07-28 00:08:47 查询号码 【1858617】，GSD为【""】
2021-07-28 00:08:47 bad
2021-07-28 00:08:49 CHB 1858617?1627402127 第 1 次 等待 3 秒
2021-07-28 00:08:52 CHB 1858617?1627402127 第 1 次 获取到号码【1858617】GSD
2021-07-28 00:08:52 获取到号码【1858617】的GSD为【内蒙古-包头】
2021-07-28 00:09:01 GSD insert 第 1 次 等待 3 秒
2021-07-28 00:09:04 {"status":"ok","gid":418727,"msg":"添加成功！"}
2021-07-28 00:09:04 下次操作: 2021-07-28 00:09:23

2021-07-28 00:09:23 开始第 35 次操作

2021-07-28 00:09:23 开始操作号码 【1858616】
2021-07-28 00:09:26 GSD getOne 第 1 次 等待 3 秒
2021-07-28 00:09:29 查询号码 【1858616】，返回信息 {"status":"bad","msg":""}
2021-07-28 00:09:29 查询号码 【1858616】，GSD为【""】
2021-07-28 00:09:29 bad
2021-07-28 00:09:30 CHB 1858616?1627402169 第 1 次 等待 3 秒
2021-07-28 00:09:33 CHB 1858616?1627402169 第 1 次 获取到号码【1858616】GSD
2021-07-28 00:09:33 获取到号码【1858616】的GSD为【内蒙古-包头】
2021-07-28 00:09:37 GSD insert 第 1 次 等待 3 秒
2021-07-28 00:09:40 {"status":"ok","gid":418733,"msg":"添加成功！"}
2021-07-28 00:09:40 下次操作: 2021-07-28 00:10:00

2021-07-28 00:10:00 开始第 36 次操作

2021-07-28 00:10:00 开始操作号码 【1858615】
2021-07-28 00:10:04 GSD getOne 第 1 次 等待 3 秒
2021-07-28 00:10:07 查询号码 【1858615】，返回信息 {"status":"bad","msg":""}
2021-07-28 00:10:07 查询号码 【1858615】，GSD为【""】
2021-07-28 00:10:07 bad
2021-07-28 00:10:08 CHB 1858615?1627402207 第 1 次 等待 3 秒
2021-07-28 00:10:11 CHB 1858615?1627402207 第 1 次 获取到号码【1858615】GSD
2021-07-28 00:10:11 获取到号码【1858615】的GSD为【内蒙古-包头】
2021-07-28 00:10:16 GSD insert 第 1 次 等待 3 秒
2021-07-28 00:10:19 {"status":"ok","gid":418743,"msg":"添加成功！"}
2021-07-28 00:10:19 下次操作: 2021-07-28 00:10:40

2021-07-28 00:10:40 开始第 37 次操作

2021-07-28 00:10:40 开始操作号码 【1858614】
2021-07-28 00:10:45 GSD getOne 第 1 次 等待 3 秒
2021-07-28 00:10:48 查询号码 【1858614】，返回信息 {"status":"bad","msg":""}
2021-07-28 00:10:48 查询号码 【1858614】，GSD为【""】
2021-07-28 00:10:48 bad
2021-07-28 00:10:50 CHB 1858614?1627402248 第 1 次 等待 3 秒
2021-07-28 00:10:53 CHB 1858614?1627402248 第 1 次 获取到号码【1858614】GSD
2021-07-28 00:10:54 获取到号码【1858614】的GSD为【内蒙古-包头】
2021-07-28 00:10:59 GSD insert 第 1 次 等待 3 秒
2021-07-28 00:11:02 {"status":"ok","gid":418754,"msg":"添加成功！"}
2021-07-28 00:11:02 下次操作: 2021-07-28 00:11:16

2021-07-28 00:11:16 开始第 38 次操作

2021-07-28 00:11:16 开始操作号码 【1858613】
2021-07-28 00:11:19 GSD getOne 第 1 次 等待 3 秒
2021-07-28 00:11:22 查询号码 【1858613】，返回信息 {"status":"bad","msg":""}
2021-07-28 00:11:22 查询号码 【1858613】，GSD为【""】
2021-07-28 00:11:22 bad
2021-07-28 00:11:24 CHB 1858613?1627402282 第 1 次 等待 3 秒
2021-07-28 00:11:27 CHB 1858613?1627402282 第 1 次 获取到号码【1858613】GSD
2021-07-28 00:11:27 获取到号码【1858613】的GSD为【内蒙古-包头】
2021-07-28 00:11:32 GSD insert 第 1 次 等待 3 秒
2021-07-28 00:11:35 {"status":"ok","gid":418763,"msg":"添加成功！"}
2021-07-28 00:11:35 下次操作: 2021-07-28 00:11:58

2021-07-28 00:11:58 开始第 39 次操作

2021-07-28 00:11:58 开始操作号码 【1858612】
2021-07-28 00:12:01 GSD getOne 第 1 次 等待 3 秒
2021-07-28 00:12:04 查询号码 【1858612】，返回信息 {"status":"bad","msg":""}
2021-07-28 00:12:04 查询号码 【1858612】，GSD为【""】
2021-07-28 00:12:04 bad
2021-07-28 00:12:06 CHB 1858612?1627402324 第 1 次 等待 3 秒
2021-07-28 00:12:09 CHB 1858612?1627402324 第 1 次 获取到号码【1858612】GSD
2021-07-28 00:12:09 获取到号码【1858612】的GSD为【内蒙古-包头】
2021-07-28 00:12:11 GSD insert 第 1 次 等待 3 秒
2021-07-28 00:12:14 {"status":"ok","gid":418772,"msg":"添加成功！"}
2021-07-28 00:12:14 下次操作: 2021-07-28 00:12:37

2021-07-28 00:12:38 开始第 40 次操作

2021-07-28 00:12:38 开始操作号码 【1858611】
2021-07-28 00:12:40 GSD getOne 第 1 次 等待 3 秒
2021-07-28 00:12:43 查询号码 【1858611】，返回信息 {"status":"bad","msg":""}
2021-07-28 00:12:43 查询号码 【1858611】，GSD为【""】
2021-07-28 00:12:43 bad
2021-07-28 00:12:45 CHB 1858611?1627402363 第 1 次 等待 3 秒
2021-07-28 00:12:48 CHB 1858611?1627402363 第 1 次 获取到号码【1858611】GSD
2021-07-28 00:12:48 获取到号码【1858611】的GSD为【内蒙古-包头】
2021-07-28 00:12:51 GSD insert 第 1 次 等待 3 秒
2021-07-28 00:12:54 {"status":"ok","gid":418781,"msg":"添加成功！"}

