2023-12-11 00:09:04 开始第 2593 次操作

2023-12-11 00:09:04 开始操作号码 【1892502】
2023-12-11 00:09:09 GSD getOne 第 1 次 等待 3 秒
2023-12-11 00:09:12 查询号码 【1892502】，返回信息 {"status":"ok","msg":"广东-广州","gid":"499430","time_insert":"2021-08-08 04:30"}
2023-12-11 00:09:12 查询号码 【1892502】，GSD为【"广东-广州"】

2023-12-11 00:09:13 开始第 2594 次操作

2023-12-11 00:09:13 开始操作号码 【1892503】
2023-12-11 00:09:18 GSD getOne 第 1 次 等待 3 秒
2023-12-11 00:09:21 查询号码 【1892503】，返回信息 {"status":"ok","msg":"广东-广州","gid":"499432","time_insert":"2021-08-08 04:32"}
2023-12-11 00:09:21 查询号码 【1892503】，GSD为【"广东-广州"】

2023-12-11 00:09:22 开始第 2595 次操作

2023-12-11 00:09:22 开始操作号码 【1892504】
2023-12-11 00:09:25 GSD getOne 第 1 次 等待 3 秒
2023-12-11 00:09:28 查询号码 【1892504】，返回信息 {"status":"ok","msg":"广东-广州","gid":"499436","time_insert":"2021-08-08 04:36"}
2023-12-11 00:09:28 查询号码 【1892504】，GSD为【"广东-广州"】

2023-12-11 00:09:29 开始第 2596 次操作

2023-12-11 00:09:29 开始操作号码 【1892505】
2023-12-11 00:09:33 GSD getOne 第 1 次 等待 3 秒
2023-12-11 00:09:36 查询号码 【1892505】，返回信息 {"status":"ok","msg":"广东-广州","gid":"499442","time_insert":"2021-08-08 04:42"}
2023-12-11 00:09:36 查询号码 【1892505】，GSD为【"广东-广州"】

