2023-12-06 00:10:38 开始第 1673 次操作

2023-12-06 00:10:38 开始操作号码 【1891582】
2023-12-06 00:10:42 GSD getOne 第 1 次 等待 3 秒
2023-12-06 00:10:45 查询号码 【1891582】，返回信息 {"status":"ok","msg":"江苏-常州","gid":"494856","time_insert":"2021-08-04 06:30"}
2023-12-06 00:10:45 查询号码 【1891582】，GSD为【"江苏-常州"】

2023-12-06 00:10:46 开始第 1674 次操作

2023-12-06 00:10:46 开始操作号码 【1891583】
2023-12-06 00:10:50 GSD getOne 第 1 次 等待 3 秒
2023-12-06 00:10:53 查询号码 【1891583】，返回信息 {"status":"ok","msg":"江苏-常州","gid":"494908","time_insert":"2021-08-04 06:44"}
2023-12-06 00:10:53 查询号码 【1891583】，GSD为【"江苏-常州"】

2023-12-06 00:10:54 开始第 1675 次操作

2023-12-06 00:10:54 开始操作号码 【1891584】
2023-12-06 00:10:58 GSD getOne 第 1 次 等待 3 秒
2023-12-06 00:11:02 查询号码 【1891584】，返回信息 {"status":"ok","msg":"江苏-常州","gid":"494948","time_insert":"2021-08-04 06:58"}
2023-12-06 00:11:02 查询号码 【1891584】，GSD为【"江苏-常州"】

2023-12-06 00:11:03 开始第 1676 次操作

2023-12-06 00:11:03 开始操作号码 【1891585】
2023-12-06 00:11:07 GSD getOne 第 1 次 等待 3 秒
2023-12-06 00:11:10 查询号码 【1891585】，返回信息 {"status":"ok","msg":"江苏-常州","gid":"494996","time_insert":"2021-08-04 07:11"}
2023-12-06 00:11:10 查询号码 【1891585】，GSD为【"江苏-常州"】

2023-12-06 00:38:22 开始第 1677 次操作

2023-12-06 00:38:22 开始操作号码 【1891586】
2023-12-06 00:38:28 GSD getOne 第 1 次 等待 3 秒
2023-12-06 00:38:31 查询号码 【1891586】，返回信息 {"status":"ok","msg":"江苏-常州","gid":"495049","time_insert":"2021-08-04 07:23"}
2023-12-06 00:38:31 查询号码 【1891586】，GSD为【"江苏-常州"】

2023-12-06 00:38:32 开始第 1678 次操作

2023-12-06 00:38:32 开始操作号码 【1891587】
2023-12-06 00:38:35 GSD getOne 第 1 次 等待 3 秒
2023-12-06 00:38:38 查询号码 【1891587】，返回信息 {"status":"ok","msg":"江苏-常州","gid":"495096","time_insert":"2021-08-04 07:36"}
2023-12-06 00:38:38 查询号码 【1891587】，GSD为【"江苏-常州"】

2023-12-06 00:38:39 开始第 1679 次操作

2023-12-06 00:38:39 开始操作号码 【1891588】
2023-12-06 00:38:43 GSD getOne 第 1 次 等待 3 秒
2023-12-06 00:38:46 查询号码 【1891588】，返回信息 {"status":"ok","msg":"江苏-常州","gid":"495144","time_insert":"2021-08-04 07:50"}
2023-12-06 00:38:46 查询号码 【1891588】，GSD为【"江苏-常州"】

2023-12-06 00:38:47 开始第 1680 次操作

2023-12-06 00:38:47 开始操作号码 【1891589】
2023-12-06 00:38:52 GSD getOne 第 1 次 等待 3 秒
2023-12-06 00:38:55 查询号码 【1891589】，返回信息 {"status":"ok","msg":"江苏-常州","gid":"495194","time_insert":"2021-08-04 08:05"}
2023-12-06 00:38:55 查询号码 【1891589】，GSD为【"江苏-常州"】

2023-12-06 01:07:46 开始第 1681 次操作

2023-12-06 01:07:46 开始操作号码 【1891590】
2023-12-06 01:07:50 GSD getOne 第 1 次 等待 3 秒
2023-12-06 01:07:53 查询号码 【1891590】，返回信息 {"status":"ok","msg":"江苏-南京","gid":"495241","time_insert":"2021-08-04 08:19"}
2023-12-06 01:07:53 查询号码 【1891590】，GSD为【"江苏-南京"】

2023-12-06 01:07:54 开始第 1682 次操作

2023-12-06 01:07:54 开始操作号码 【1891591】
2023-12-06 01:07:57 GSD getOne 第 1 次 等待 3 秒
2023-12-06 01:08:00 查询号码 【1891591】，返回信息 {"status":"ok","msg":"江苏-南京","gid":"495287","time_insert":"2021-08-04 08:34"}
2023-12-06 01:08:00 查询号码 【1891591】，GSD为【"江苏-南京"】

2023-12-06 01:08:01 开始第 1683 次操作

2023-12-06 01:08:01 开始操作号码 【1891592】
2023-12-06 01:08:04 GSD getOne 第 1 次 等待 3 秒
2023-12-06 01:08:08 查询号码 【1891592】，返回信息 {"status":"ok","msg":"江苏-南京","gid":"495325","time_insert":"2021-08-04 08:44"}
2023-12-06 01:08:08 查询号码 【1891592】，GSD为【"江苏-南京"】

2023-12-06 01:08:09 开始第 1684 次操作

2023-12-06 01:08:09 开始操作号码 【1891593】
2023-12-06 01:08:12 GSD getOne 第 1 次 等待 3 秒
2023-12-06 01:08:15 查询号码 【1891593】，返回信息 {"status":"ok","msg":"江苏-南京","gid":"495376","time_insert":"2021-08-04 08:57"}
2023-12-06 01:08:15 查询号码 【1891593】，GSD为【"江苏-南京"】

2023-12-06 01:32:22 开始第 1685 次操作

2023-12-06 01:32:22 开始操作号码 【1891594】
2023-12-06 01:32:26 GSD getOne 第 1 次 等待 3 秒
2023-12-06 01:32:29 查询号码 【1891594】，返回信息 {"status":"ok","msg":"江苏-南京","gid":"495430","time_insert":"2021-08-04 09:10"}
2023-12-06 01:32:29 查询号码 【1891594】，GSD为【"江苏-南京"】

2023-12-06 01:32:30 开始第 1686 次操作

2023-12-06 01:32:30 开始操作号码 【1891595】
2023-12-06 01:32:33 GSD getOne 第 1 次 等待 3 秒
2023-12-06 01:32:36 查询号码 【1891595】，返回信息 {"status":"ok","msg":"江苏-南京","gid":"495491","time_insert":"2021-08-04 09:25"}
2023-12-06 01:32:36 查询号码 【1891595】，GSD为【"江苏-南京"】

2023-12-06 01:32:37 开始第 1687 次操作

2023-12-06 01:32:37 开始操作号码 【1891596】
2023-12-06 01:32:41 GSD getOne 第 1 次 等待 3 秒
2023-12-06 01:32:44 查询号码 【1891596】，返回信息 {"status":"ok","msg":"江苏-南京","gid":"495529","time_insert":"2021-08-04 09:37"}
2023-12-06 01:32:44 查询号码 【1891596】，GSD为【"江苏-南京"】

2023-12-06 01:32:45 开始第 1688 次操作

2023-12-06 01:32:45 开始操作号码 【1891597】
2023-12-06 01:32:49 GSD getOne 第 1 次 等待 3 秒
2023-12-06 01:32:52 查询号码 【1891597】，返回信息 {"status":"ok","msg":"江苏-南京","gid":"495572","time_insert":"2021-08-04 09:50"}
2023-12-06 01:32:52 查询号码 【1891597】，GSD为【"江苏-南京"】

