2024-04-04 00:09:33 开始第 1829 次操作

2024-04-04 00:09:33 开始操作号码 【1671739】
2024-04-04 00:09:54 GSD getOne 第 1 次 等待 3 秒
2024-04-04 00:09:57 查询号码 【1671739】，返回信息 {"status":"ok","msg":"湖南-邵阳","gid":"236044","time_insert":"2021-07-10 03:08"}
2024-04-04 00:09:57 查询号码 【1671739】，GSD为【"湖南-邵阳"】

2024-04-04 00:09:58 开始第 1830 次操作

2024-04-04 00:09:58 开始操作号码 【1671740】
2024-04-04 00:10:02 GSD getOne 第 1 次 等待 3 秒
2024-04-04 00:10:05 查询号码 【1671740】，返回信息 {"status":"ok","msg":"河南-漯河","gid":"236049","time_insert":"2021-07-10 03:09"}
2024-04-04 00:10:06 查询号码 【1671740】，GSD为【"河南-漯河"】

2024-04-04 00:10:07 开始第 1831 次操作

2024-04-04 00:10:07 开始操作号码 【1671741】
2024-04-04 00:10:11 GSD getOne 第 1 次 等待 3 秒
2024-04-04 00:10:14 查询号码 【1671741】，返回信息 {"status":"ok","msg":"河南-漯河","gid":"236141","time_insert":"2021-07-10 03:34"}
2024-04-04 00:10:14 查询号码 【1671741】，GSD为【"河南-漯河"】

2024-04-04 00:10:15 开始第 1832 次操作

2024-04-04 00:10:15 开始操作号码 【1671742】
2024-04-04 00:10:23 GSD getOne 第 1 次 等待 3 秒
2024-04-04 00:10:26 查询号码 【1671742】，返回信息 {"status":"ok","msg":"河南-漯河","gid":"236142","time_insert":"2021-07-10 03:35"}
2024-04-04 00:10:26 查询号码 【1671742】，GSD为【"河南-漯河"】

