2023-12-18 00:08:56 开始第 3881 次操作

2023-12-18 00:08:56 开始操作号码 【1893790】
2023-12-18 00:09:03 GSD getOne 第 1 次 等待 3 秒
2023-12-18 00:09:06 查询号码 【1893790】，返回信息 {"status":"ok","msg":"河南-洛阳","gid":"491599","time_insert":"2021-08-03 17:58"}
2023-12-18 00:09:06 查询号码 【1893790】，GSD为【"河南-洛阳"】

2023-12-18 00:09:07 开始第 3882 次操作

2023-12-18 00:09:07 开始操作号码 【1893791】
2023-12-18 00:09:11 GSD getOne 第 1 次 等待 3 秒
2023-12-18 00:09:14 查询号码 【1893791】，返回信息 {"status":"ok","msg":"河南-洛阳","gid":"491588","time_insert":"2021-08-03 17:57"}
2023-12-18 00:09:14 查询号码 【1893791】，GSD为【"河南-洛阳"】

2023-12-18 00:09:15 开始第 3883 次操作

2023-12-18 00:09:15 开始操作号码 【1893792】
2023-12-18 00:09:22 GSD getOne 第 1 次 等待 3 秒
2023-12-18 00:09:25 查询号码 【1893792】，返回信息 {"status":"ok","msg":"河南-洛阳","gid":"491580","time_insert":"2021-08-03 17:57"}
2023-12-18 00:09:25 查询号码 【1893792】，GSD为【"河南-洛阳"】

2023-12-18 00:09:26 开始第 3884 次操作

2023-12-18 00:09:26 开始操作号码 【1893793】
2023-12-18 00:09:31 GSD getOne 第 1 次 等待 3 秒
2023-12-18 00:09:34 查询号码 【1893793】，返回信息 {"status":"ok","msg":"河南-洛阳","gid":"491573","time_insert":"2021-08-03 17:56"}
2023-12-18 00:09:35 查询号码 【1893793】，GSD为【"河南-洛阳"】

2023-12-18 00:36:12 开始第 3885 次操作

2023-12-18 00:36:12 开始操作号码 【1893794】
2023-12-18 00:36:16 GSD getOne 第 1 次 等待 3 秒
2023-12-18 00:36:19 查询号码 【1893794】，返回信息 {"status":"ok","msg":"河南-洛阳","gid":"491565","time_insert":"2021-08-03 17:55"}
2023-12-18 00:36:19 查询号码 【1893794】，GSD为【"河南-洛阳"】

2023-12-18 00:36:20 开始第 3886 次操作

2023-12-18 00:36:20 开始操作号码 【1893795】
2023-12-18 00:36:24 GSD getOne 第 1 次 等待 3 秒
2023-12-18 00:36:27 查询号码 【1893795】，返回信息 {"status":"ok","msg":"河南-洛阳","gid":"491555","time_insert":"2021-08-03 17:54"}
2023-12-18 00:36:27 查询号码 【1893795】，GSD为【"河南-洛阳"】

2023-12-18 00:36:28 开始第 3887 次操作

2023-12-18 00:36:28 开始操作号码 【1893796】
2023-12-18 00:36:34 GSD getOne 第 1 次 等待 3 秒
2023-12-18 00:36:37 查询号码 【1893796】，返回信息 {"status":"ok","msg":"河南-洛阳","gid":"491542","time_insert":"2021-08-03 17:52"}
2023-12-18 00:36:37 查询号码 【1893796】，GSD为【"河南-洛阳"】

2023-12-18 00:36:38 开始第 3888 次操作

2023-12-18 00:36:38 开始操作号码 【1893797】
2023-12-18 00:36:43 GSD getOne 第 1 次 等待 3 秒
2023-12-18 00:36:46 查询号码 【1893797】，返回信息 {"status":"ok","msg":"河南-洛阳","gid":"491535","time_insert":"2021-08-03 17:52"}
2023-12-18 00:36:46 查询号码 【1893797】，GSD为【"河南-洛阳"】

2023-12-18 01:06:42 开始第 3889 次操作

2023-12-18 01:06:42 开始操作号码 【1893798】
2023-12-18 01:06:46 GSD getOne 第 1 次 等待 3 秒
2023-12-18 01:06:49 查询号码 【1893798】，返回信息 {"status":"ok","msg":"河南-洛阳","gid":"491527","time_insert":"2021-08-03 17:51"}
2023-12-18 01:06:49 查询号码 【1893798】，GSD为【"河南-洛阳"】

2023-12-18 01:06:50 开始第 3890 次操作

2023-12-18 01:06:50 开始操作号码 【1893799】
2023-12-18 01:06:54 GSD getOne 第 1 次 等待 3 秒
2023-12-18 01:06:57 查询号码 【1893799】，返回信息 {"status":"ok","msg":"河南-洛阳","gid":"491518","time_insert":"2021-08-03 17:50"}
2023-12-18 01:06:57 查询号码 【1893799】，GSD为【"河南-洛阳"】

2023-12-18 01:06:58 开始第 3891 次操作

2023-12-18 01:06:58 开始操作号码 【1893800】
2023-12-18 01:07:03 GSD getOne 第 1 次 等待 3 秒
2023-12-18 01:07:06 查询号码 【1893800】，返回信息 {"status":"ok","msg":"广东-汕头","gid":"491511","time_insert":"2021-08-03 17:50"}
2023-12-18 01:07:06 查询号码 【1893800】，GSD为【"广东-汕头"】

2023-12-18 01:07:07 开始第 3892 次操作

2023-12-18 01:07:07 开始操作号码 【1893801】
2023-12-18 01:07:11 GSD getOne 第 1 次 等待 3 秒
2023-12-18 01:07:14 查询号码 【1893801】，返回信息 {"status":"ok","msg":"广东-汕头","gid":"491500","time_insert":"2021-08-03 17:49"}
2023-12-18 01:07:14 查询号码 【1893801】，GSD为【"广东-汕头"】

2023-12-18 01:32:15 开始第 3893 次操作

2023-12-18 01:32:15 开始操作号码 【1893802】
2023-12-18 01:32:19 GSD getOne 第 1 次 等待 3 秒
2023-12-18 01:32:22 查询号码 【1893802】，返回信息 {"status":"ok","msg":"广东-深圳","gid":"491490","time_insert":"2021-08-03 17:48"}
2023-12-18 01:32:22 查询号码 【1893802】，GSD为【"广东-深圳"】

2023-12-18 01:32:23 开始第 3894 次操作

2023-12-18 01:32:23 开始操作号码 【1893803】
2023-12-18 01:32:27 GSD getOne 第 1 次 等待 3 秒
2023-12-18 01:32:30 查询号码 【1893803】，返回信息 {"status":"ok","msg":"广东-深圳","gid":"491486","time_insert":"2021-08-03 17:47"}
2023-12-18 01:32:30 查询号码 【1893803】，GSD为【"广东-深圳"】

2023-12-18 01:32:31 开始第 3895 次操作

2023-12-18 01:32:31 开始操作号码 【1893804】
2023-12-18 01:32:35 GSD getOne 第 1 次 等待 3 秒
2023-12-18 01:32:38 查询号码 【1893804】，返回信息 {"status":"ok","msg":"广东-深圳","gid":"491476","time_insert":"2021-08-03 17:47"}
2023-12-18 01:32:38 查询号码 【1893804】，GSD为【"广东-深圳"】

2023-12-18 01:32:39 开始第 3896 次操作

2023-12-18 01:32:39 开始操作号码 【1893805】
2023-12-18 01:32:42 GSD getOne 第 1 次 等待 3 秒
2023-12-18 01:32:45 查询号码 【1893805】，返回信息 {"status":"ok","msg":"广东-深圳","gid":"491466","time_insert":"2021-08-03 17:46"}
2023-12-18 01:32:46 查询号码 【1893805】，GSD为【"广东-深圳"】

