2023-10-27 00:09:26 开始第 5417 次操作

2023-10-27 00:09:26 开始操作号码 【1995326】
2023-10-27 00:09:29 GSD getOne 第 1 次 等待 3 秒
2023-10-27 00:09:32 查询号码 【1995326】，返回信息 {"status":"ok","msg":"山东-青岛","gid":"518139","time_insert":"2021-08-19 14:26"}
2023-10-27 00:09:32 查询号码 【1995326】，GSD为【"山东-青岛"】

2023-10-27 00:09:33 开始第 5418 次操作

2023-10-27 00:09:33 开始操作号码 【1995327】
2023-10-27 00:09:36 GSD getOne 第 1 次 等待 3 秒
2023-10-27 00:09:39 查询号码 【1995327】，返回信息 {"status":"ok","msg":"山东-青岛","gid":"518157","time_insert":"2021-08-19 14:37"}
2023-10-27 00:09:39 查询号码 【1995327】，GSD为【"山东-青岛"】

2023-10-27 00:09:40 开始第 5419 次操作

2023-10-27 00:09:40 开始操作号码 【1995328】
2023-10-27 00:09:43 GSD getOne 第 1 次 等待 3 秒
2023-10-27 00:09:46 查询号码 【1995328】，返回信息 {"status":"ok","msg":"山东-青岛","gid":"518168","time_insert":"2021-08-19 14:46"}
2023-10-27 00:09:46 查询号码 【1995328】，GSD为【"山东-青岛"】

2023-10-27 00:09:47 开始第 5420 次操作

2023-10-27 00:09:47 开始操作号码 【1995329】
2023-10-27 00:09:52 GSD getOne 第 1 次 等待 3 秒
2023-10-27 00:09:55 查询号码 【1995329】，返回信息 {"status":"ok","msg":"山东-青岛","gid":"518184","time_insert":"2021-08-19 14:59"}
2023-10-27 00:09:56 查询号码 【1995329】，GSD为【"山东-青岛"】

