2021-07-25 00:00:05 开始第 26 次操作

2021-07-25 00:00:05 开始操作号码 【1526869】
2021-07-25 00:00:08 GSD getOne 第 1 次 等待 3 秒
2021-07-25 00:00:11 查询号码 【1526869】，返回信息 {"status":"bad","msg":""}
2021-07-25 00:00:11 查询号码 【1526869】，GSD为【""】
2021-07-25 00:00:11 bad
2021-07-25 00:00:12 CHB 1526869?1627142411 第 1 次 等待 3 秒
2021-07-25 00:00:15 CHB 1526869?1627142411 第 1 次 获取到号码【1526869】GSD
2021-07-25 00:00:15 获取到号码【1526869】的GSD为【浙江-金华】
2021-07-25 00:00:20 GSD insert 第 1 次 等待 3 秒
2021-07-25 00:00:23 {"status":"ok","gid":382943,"msg":"添加成功！"}
2021-07-25 00:00:23 下次操作: 2021-07-25 00:00:40

2021-07-25 00:00:40 开始第 27 次操作

2021-07-25 00:00:40 开始操作号码 【1526868】
2021-07-25 00:00:42 GSD getOne 第 1 次 等待 3 秒
2021-07-25 00:00:45 查询号码 【1526868】，返回信息 {"status":"bad","msg":""}
2021-07-25 00:00:46 查询号码 【1526868】，GSD为【""】
2021-07-25 00:00:46 bad
2021-07-25 00:00:47 CHB 1526868?1627142446 第 1 次 等待 3 秒
2021-07-25 00:00:50 CHB 1526868?1627142446 第 1 次 获取到号码【1526868】GSD
2021-07-25 00:00:50 获取到号码【1526868】的GSD为【浙江-金华】
2021-07-25 00:00:54 GSD insert 第 1 次 等待 3 秒
2021-07-25 00:00:57 {"status":"ok","gid":382952,"msg":"添加成功！"}
2021-07-25 00:00:57 下次操作: 2021-07-25 00:01:14

2021-07-25 00:01:14 开始第 28 次操作

2021-07-25 00:01:14 开始操作号码 【1526867】
2021-07-25 00:01:17 GSD getOne 第 1 次 等待 3 秒
2021-07-25 00:01:20 查询号码 【1526867】，返回信息 {"status":"bad","msg":""}
2021-07-25 00:01:20 查询号码 【1526867】，GSD为【""】
2021-07-25 00:01:20 bad
2021-07-25 00:01:21 CHB 1526867?1627142480 第 1 次 等待 3 秒
2021-07-25 00:01:24 CHB 1526867?1627142480 第 1 次 获取到号码【1526867】GSD
2021-07-25 00:01:25 获取到号码【1526867】的GSD为【浙江-金华】
2021-07-25 00:01:31 GSD insert 第 1 次 等待 3 秒
2021-07-25 00:01:34 {"status":"ok","gid":382963,"msg":"添加成功！"}
2021-07-25 00:01:34 下次操作: 2021-07-25 00:01:50

2021-07-25 00:01:50 开始第 29 次操作

2021-07-25 00:01:50 开始操作号码 【1526866】
2021-07-25 00:01:52 GSD getOne 第 1 次 等待 3 秒
2021-07-25 00:01:55 查询号码 【1526866】，返回信息 {"status":"bad","msg":""}
2021-07-25 00:01:55 查询号码 【1526866】，GSD为【""】
2021-07-25 00:01:55 bad
2021-07-25 00:01:57 CHB 1526866?1627142515 第 1 次 等待 3 秒
2021-07-25 00:02:00 CHB 1526866?1627142515 第 1 次 获取到号码【1526866】GSD
2021-07-25 00:02:00 获取到号码【1526866】的GSD为【浙江-金华】
2021-07-25 00:02:02 GSD insert 第 1 次 等待 3 秒
2021-07-25 00:02:05 {"status":"ok","gid":382973,"msg":"添加成功！"}
2021-07-25 00:02:05 下次操作: 2021-07-25 00:02:23

2021-07-25 00:02:23 开始第 30 次操作

2021-07-25 00:02:23 开始操作号码 【1526865】
2021-07-25 00:02:27 GSD getOne 第 1 次 等待 3 秒
2021-07-25 00:02:30 查询号码 【1526865】，返回信息 {"status":"bad","msg":""}
2021-07-25 00:02:30 查询号码 【1526865】，GSD为【""】
2021-07-25 00:02:30 bad
2021-07-25 00:02:31 CHB 1526865?1627142550 第 1 次 等待 3 秒
2021-07-25 00:02:34 CHB 1526865?1627142550 第 1 次 获取到号码【1526865】GSD
2021-07-25 00:02:34 获取到号码【1526865】的GSD为【浙江-金华】
2021-07-25 00:02:38 GSD insert 第 1 次 等待 3 秒
2021-07-25 00:02:41 {"status":"ok","gid":382982,"msg":"添加成功！"}
2021-07-25 00:02:41 下次操作: 2021-07-25 00:03:02

2021-07-25 00:03:02 开始第 31 次操作

2021-07-25 00:03:02 开始操作号码 【1526864】
2021-07-25 00:03:04 GSD getOne 第 1 次 等待 3 秒
2021-07-25 00:03:07 查询号码 【1526864】，返回信息 {"status":"ok","msg":"浙江-金华","gid":"19540","time_insert":"2019-01-23 09:08","time_update":"2020-08-31 20:02"}
2021-07-25 00:03:08 查询号码 【1526864】，GSD为【"浙江-金华"】

2021-07-25 00:03:08 开始第 31 次操作

2021-07-25 00:03:08 开始操作号码 【1526863】
2021-07-25 00:03:10 GSD getOne 第 1 次 等待 3 秒
2021-07-25 00:03:13 查询号码 【1526863】，返回信息 {"status":"ok","msg":"浙江-金华","gid":"19539","time_insert":"2017-05-01 21:08","time_update":"2020-08-31 19:57"}
2021-07-25 00:03:13 查询号码 【1526863】，GSD为【"浙江-金华"】

2021-07-25 00:03:13 开始第 31 次操作

2021-07-25 00:03:13 开始操作号码 【1526862】
2021-07-25 00:03:16 GSD getOne 第 1 次 等待 3 秒
2021-07-25 00:03:19 查询号码 【1526862】，返回信息 {"status":"bad","msg":""}
2021-07-25 00:03:19 查询号码 【1526862】，GSD为【""】
2021-07-25 00:03:19 bad
2021-07-25 00:03:21 CHB 1526862?1627142599 第 1 次 等待 3 秒
2021-07-25 00:03:24 CHB 1526862?1627142599 第 1 次 获取到号码【1526862】GSD
2021-07-25 00:03:24 获取到号码【1526862】的GSD为【浙江-金华】
2021-07-25 00:03:29 GSD insert 第 1 次 等待 3 秒
2021-07-25 00:03:32 {"status":"ok","gid":382995,"msg":"添加成功！"}
2021-07-25 00:03:32 下次操作: 2021-07-25 00:03:54

2021-07-25 00:03:54 开始第 32 次操作

2021-07-25 00:03:54 开始操作号码 【1526861】
2021-07-25 00:03:56 GSD getOne 第 1 次 等待 3 秒
2021-07-25 00:03:59 查询号码 【1526861】，返回信息 {"status":"ok","msg":"浙江-金华","gid":"56857","time_insert":"2021-05-04 19:58"}
2021-07-25 00:04:00 查询号码 【1526861】，GSD为【"浙江-金华"】

2021-07-25 00:04:00 开始第 32 次操作

2021-07-25 00:04:00 开始操作号码 【1526860】
2021-07-25 00:04:11 GSD getOne 第 1 次 等待 3 秒
2021-07-25 00:04:14 查询号码 【1526860】，返回信息 {"status":"ok","msg":"浙江-金华","gid":"19538","time_insert":"2020-03-30 09:16","time_update":"2020-08-31 19:56"}
2021-07-25 00:04:14 查询号码 【1526860】，GSD为【"浙江-金华"】

2021-07-25 00:04:14 开始第 32 次操作

2021-07-25 00:04:14 开始操作号码 【1526859】
2021-07-25 00:04:19 GSD getOne 第 1 次 等待 3 秒
2021-07-25 00:04:22 查询号码 【1526859】，返回信息 {"status":"bad","msg":""}
2021-07-25 00:04:23 查询号码 【1526859】，GSD为【""】
2021-07-25 00:04:23 bad
2021-07-25 00:04:24 CHB 1526859?1627142663 第 1 次 等待 3 秒
2021-07-25 00:04:27 CHB 1526859?1627142663 第 1 次 获取到号码【1526859】GSD
2021-07-25 00:04:27 获取到号码【1526859】的GSD为【浙江-杭州】
2021-07-25 00:04:30 GSD insert 第 1 次 等待 3 秒
2021-07-25 00:04:33 {"status":"ok","gid":383009,"msg":"添加成功！"}
2021-07-25 00:04:33 下次操作: 2021-07-25 00:04:56

2021-07-25 00:04:56 开始第 33 次操作

2021-07-25 00:04:56 开始操作号码 【1526858】
2021-07-25 00:04:59 GSD getOne 第 1 次 等待 3 秒
2021-07-25 00:05:02 查询号码 【1526858】，返回信息 {"status":"bad","msg":""}
2021-07-25 00:05:02 查询号码 【1526858】，GSD为【""】
2021-07-25 00:05:02 bad
2021-07-25 00:05:04 CHB 1526858?1627142702 第 1 次 等待 3 秒
2021-07-25 00:05:07 CHB 1526858?1627142702 第 1 次 获取到号码【1526858】GSD
2021-07-25 00:05:07 获取到号码【1526858】的GSD为【浙江-杭州】
2021-07-25 00:05:09 GSD insert 第 1 次 等待 3 秒
2021-07-25 00:05:12 {"status":"ok","gid":383019,"msg":"添加成功！"}
2021-07-25 00:05:12 下次操作: 2021-07-25 00:05:27

2021-07-25 00:05:27 开始第 34 次操作

2021-07-25 00:05:27 开始操作号码 【1526857】
2021-07-25 00:05:32 GSD getOne 第 1 次 等待 3 秒
2021-07-25 00:05:35 查询号码 【1526857】，返回信息 {"status":"ok","msg":"浙江-杭州","gid":"19537","time_insert":"2017-03-24 22:26","time_update":"2020-08-31 19:52"}
2021-07-25 00:05:35 查询号码 【1526857】，GSD为【"浙江-杭州"】

2021-07-25 00:05:35 开始第 34 次操作

2021-07-25 00:05:35 开始操作号码 【1526856】
2021-07-25 00:05:38 GSD getOne 第 1 次 等待 3 秒
2021-07-25 00:05:41 查询号码 【1526856】，返回信息 {"status":"bad","msg":""}
2021-07-25 00:05:41 查询号码 【1526856】，GSD为【""】
2021-07-25 00:05:41 bad
2021-07-25 00:05:42 CHB 1526856?1627142741 第 1 次 等待 3 秒
2021-07-25 00:05:45 CHB 1526856?1627142741 第 1 次 获取到号码【1526856】GSD
2021-07-25 00:05:45 获取到号码【1526856】的GSD为【浙江-杭州】
2021-07-25 00:05:54 GSD insert 第 1 次 等待 3 秒
2021-07-25 00:05:57 {"status":"ok","gid":383030,"msg":"添加成功！"}
2021-07-25 00:05:57 下次操作: 2021-07-25 00:06:20

2021-07-25 00:06:20 开始第 35 次操作

2021-07-25 00:06:20 开始操作号码 【1526855】
2021-07-25 00:06:23 GSD getOne 第 1 次 等待 3 秒
2021-07-25 00:06:26 查询号码 【1526855】，返回信息 {"status":"bad","msg":""}
2021-07-25 00:06:26 查询号码 【1526855】，GSD为【""】
2021-07-25 00:06:26 bad
2021-07-25 00:06:27 CHB 1526855?1627142786 第 1 次 等待 3 秒
2021-07-25 00:06:30 CHB 1526855?1627142786 第 1 次 获取到号码【1526855】GSD
2021-07-25 00:06:30 获取到号码【1526855】的GSD为【浙江-杭州】
2021-07-25 00:06:40 GSD insert 第 1 次 等待 3 秒
2021-07-25 00:06:43 {"status":"ok","gid":383046,"msg":"添加成功！"}
2021-07-25 00:06:43 下次操作: 2021-07-25 00:06:56

2021-07-25 00:06:56 开始第 36 次操作

2021-07-25 00:06:56 开始操作号码 【1526854】
2021-07-25 00:06:59 GSD getOne 第 1 次 等待 3 秒
2021-07-25 00:07:02 查询号码 【1526854】，返回信息 {"status":"bad","msg":""}
2021-07-25 00:07:02 查询号码 【1526854】，GSD为【""】
2021-07-25 00:07:02 bad
2021-07-25 00:07:03 CHB 1526854?1627142822 第 1 次 等待 3 秒
2021-07-25 00:07:06 CHB 1526854?1627142822 第 1 次 获取到号码【1526854】GSD
2021-07-25 00:07:06 获取到号码【1526854】的GSD为【浙江-杭州】
2021-07-25 00:07:09 GSD insert 第 1 次 等待 3 秒
2021-07-25 00:07:12 {"status":"ok","gid":383052,"msg":"添加成功！"}
2021-07-25 00:07:12 下次操作: 2021-07-25 00:07:24

2021-07-25 00:07:24 开始第 37 次操作

2021-07-25 00:07:24 开始操作号码 【1526853】
2021-07-25 00:07:30 GSD getOne 第 1 次 等待 3 秒
2021-07-25 00:07:33 查询号码 【1526853】，返回信息 {"status":"bad","msg":""}
2021-07-25 00:07:33 查询号码 【1526853】，GSD为【""】
2021-07-25 00:07:33 bad
2021-07-25 00:07:35 CHB 1526853?1627142853 第 1 次 等待 3 秒
2021-07-25 00:07:38 CHB 1526853?1627142853 第 1 次 获取到号码【1526853】GSD
2021-07-25 00:07:38 获取到号码【1526853】的GSD为【浙江-杭州】
2021-07-25 00:07:42 GSD insert 第 1 次 等待 3 秒
2021-07-25 00:07:45 {"status":"ok","gid":383061,"msg":"添加成功！"}
2021-07-25 00:07:45 下次操作: 2021-07-25 00:08:01

2021-07-25 00:08:01 开始第 38 次操作

2021-07-25 00:08:01 开始操作号码 【1526852】
2021-07-25 00:08:03 GSD getOne 第 1 次 等待 3 秒
2021-07-25 00:08:06 查询号码 【1526852】，返回信息 {"status":"bad","msg":""}
2021-07-25 00:08:06 查询号码 【1526852】，GSD为【""】
2021-07-25 00:08:06 bad
2021-07-25 00:08:08 CHB 1526852?1627142886 第 1 次 等待 3 秒
2021-07-25 00:08:11 CHB 1526852?1627142886 第 1 次 获取到号码【1526852】GSD
2021-07-25 00:08:11 获取到号码【1526852】的GSD为【浙江-杭州】
2021-07-25 00:08:21 GSD insert 第 1 次 等待 3 秒
2021-07-25 00:08:24 {"status":"ok","gid":383073,"msg":"添加成功！"}
2021-07-25 00:08:24 下次操作: 2021-07-25 00:08:48

2021-07-25 00:08:48 开始第 39 次操作

2021-07-25 00:08:48 开始操作号码 【1526851】
2021-07-25 00:08:51 GSD getOne 第 1 次 等待 3 秒
2021-07-25 00:08:54 查询号码 【1526851】，返回信息 {"status":"ok","msg":"浙江-杭州","gid":"19536","time_insert":"2017-04-20 15:10","time_update":"2020-08-31 19:48"}
2021-07-25 00:08:55 查询号码 【1526851】，GSD为【"浙江-杭州"】

2021-07-25 00:08:55 开始第 39 次操作

2021-07-25 00:08:55 开始操作号码 【1526850】
2021-07-25 00:08:59 GSD getOne 第 1 次 等待 3 秒
2021-07-25 00:09:02 查询号码 【1526850】，返回信息 {"status":"bad","msg":""}
2021-07-25 00:09:02 查询号码 【1526850】，GSD为【""】
2021-07-25 00:09:02 bad
2021-07-25 00:09:04 CHB 1526850?1627142942 第 1 次 等待 3 秒
2021-07-25 00:09:07 CHB 1526850?1627142942 第 1 次 获取到号码【1526850】GSD
2021-07-25 00:09:07 获取到号码【1526850】的GSD为【浙江-杭州】
2021-07-25 00:09:10 GSD insert 第 1 次 等待 3 秒
2021-07-25 00:09:13 {"status":"ok","gid":383083,"msg":"添加成功！"}
2021-07-25 00:09:13 下次操作: 2021-07-25 00:09:32

2021-07-25 00:09:32 开始第 40 次操作

2021-07-25 00:09:32 开始操作号码 【1526849】
2021-07-25 00:09:38 GSD getOne 第 1 次 等待 3 秒
2021-07-25 00:09:41 查询号码 【1526849】，返回信息 {"status":"bad","msg":""}
2021-07-25 00:09:41 查询号码 【1526849】，GSD为【""】
2021-07-25 00:09:41 bad
2021-07-25 00:09:43 CHB 1526849?1627142981 第 1 次 等待 3 秒
2021-07-25 00:09:46 CHB 1526849?1627142981 第 1 次 获取到号码【1526849】GSD
2021-07-25 00:09:46 获取到号码【1526849】的GSD为【浙江-绍兴】
2021-07-25 00:09:49 GSD insert 第 1 次 等待 3 秒
2021-07-25 00:09:52 {"status":"ok","gid":383091,"msg":"添加成功！"}

