2021-07-10 00:00:11 开始第 9 次操作

2021-07-10 00:00:11 开始操作号码 【1739828】
2021-07-10 00:00:15 GSD getOne 第 1 次 等待 1 秒
2021-07-10 00:00:16 查询号码 【1739828】，返回信息 {"status":"ok","msg":"湖北-十堰","time_insert":"2019-09-28 09:11","time_update":"2020-09-18 12:44"}
2021-07-10 00:00:16 查询号码 【1739828】，GSD为【"湖北-十堰"】

2021-07-10 00:00:16 开始第 9 次操作

2021-07-10 00:00:16 开始操作号码 【1739829】
2021-07-10 00:00:20 GSD getOne 第 1 次 等待 1 秒
2021-07-10 00:00:21 查询号码 【1739829】，返回信息 {"status":"bad","msg":""}
2021-07-10 00:00:21 查询号码 【1739829】，GSD为【""】
2021-07-10 00:00:21 bad
2021-07-10 00:00:24 CHB 1739829?1625846421 第 1 次 等待 1 秒
2021-07-10 00:00:25 CHB 1739829?1625846421 第 1 次 获取到号码【1739829】GSD
2021-07-10 00:00:25 获取到号码【1739829】的GSD为【湖北-恩施】
2021-07-10 00:00:37 GSD insert 第 1 次 等待 1 秒
2021-07-10 00:00:38 {"status":"ok","msg":"添加成功！234991"}
2021-07-10 00:00:38 下次操作: 2021-07-10 00:00:51

2021-07-10 00:00:51 开始第 10 次操作

2021-07-10 00:00:51 开始操作号码 【1739830】
2021-07-10 00:00:55 GSD getOne 第 1 次 等待 1 秒
2021-07-10 00:00:56 查询号码 【1739830】，返回信息 {"status":"bad","msg":""}
2021-07-10 00:00:56 查询号码 【1739830】，GSD为【""】
2021-07-10 00:00:56 bad
2021-07-10 00:00:57 CHB 1739830?1625846456 第 1 次 等待 1 秒
2021-07-10 00:00:58 CHB 1739830?1625846456 第 1 次 获取到号码【1739830】GSD
2021-07-10 00:00:59 获取到号码【1739830】的GSD为【安徽-六安】
2021-07-10 00:01:02 GSD insert 第 1 次 等待 1 秒
2021-07-10 00:01:03 {"status":"ok","msg":"添加成功！235000"}
2021-07-10 00:01:03 下次操作: 2021-07-10 00:01:11

2021-07-10 00:01:11 开始第 11 次操作

2021-07-10 00:01:11 开始操作号码 【1739831】
2021-07-10 00:01:20 GSD getOne 第 1 次 等待 1 秒
2021-07-10 00:01:21 查询号码 【1739831】，返回信息 {"status":"bad","msg":""}
2021-07-10 00:01:21 查询号码 【1739831】，GSD为【""】
2021-07-10 00:01:21 bad
2021-07-10 00:01:23 CHB 1739831?1625846481 第 1 次 等待 1 秒
2021-07-10 00:01:24 CHB 1739831?1625846481 第 1 次 获取到号码【1739831】GSD
2021-07-10 00:01:24 获取到号码【1739831】的GSD为【安徽-铜陵】
2021-07-10 00:01:30 GSD insert 第 1 次 等待 1 秒
2021-07-10 00:01:31 {"status":"ok","msg":"添加成功！235008"}
2021-07-10 00:01:31 下次操作: 2021-07-10 00:01:42

2021-07-10 00:01:42 开始第 12 次操作

2021-07-10 00:01:42 开始操作号码 【1739832】
2021-07-10 00:01:46 GSD getOne 第 1 次 等待 1 秒
2021-07-10 00:01:47 查询号码 【1739832】，返回信息 {"status":"bad","msg":""}
2021-07-10 00:01:47 查询号码 【1739832】，GSD为【""】
2021-07-10 00:01:47 bad
2021-07-10 00:01:52 CHB 1739832?1625846507 第 1 次 等待 1 秒
2021-07-10 00:01:53 CHB 1739832?1625846507 第 1 次 获取到号码【1739832】GSD
2021-07-10 00:01:53 获取到号码【1739832】的GSD为【安徽-亳州】
2021-07-10 00:02:00 GSD insert 第 1 次 等待 1 秒
2021-07-10 00:02:01 {"status":"ok","msg":"添加成功！235014"}
2021-07-10 00:02:01 下次操作: 2021-07-10 00:02:10

2021-07-10 00:02:10 开始第 13 次操作

2021-07-10 00:02:10 开始操作号码 【1739833】
2021-07-10 00:02:14 GSD getOne 第 1 次 等待 1 秒
2021-07-10 00:02:15 查询号码 【1739833】，返回信息 {"status":"bad","msg":""}
2021-07-10 00:02:15 查询号码 【1739833】，GSD为【""】
2021-07-10 00:02:15 bad
2021-07-10 00:02:24 CHB 1739833?1625846535 第 1 次 等待 1 秒
2021-07-10 00:02:25 CHB 1739833?1625846535 第 1 次 获取到号码【1739833】GSD
2021-07-10 00:02:25 获取到号码【1739833】的GSD为【安徽-亳州】
2021-07-10 00:02:30 GSD insert 第 1 次 等待 1 秒
2021-07-10 00:02:31 {"status":"ok","msg":"添加成功！235020"}
2021-07-10 00:02:31 下次操作: 2021-07-10 00:02:41

2021-07-10 00:02:41 开始第 14 次操作

2021-07-10 00:02:41 开始操作号码 【1739834】
2021-07-10 00:02:44 GSD getOne 第 1 次 等待 1 秒
2021-07-10 00:02:45 查询号码 【1739834】，返回信息 {"status":"bad","msg":""}
2021-07-10 00:02:45 查询号码 【1739834】，GSD为【""】
2021-07-10 00:02:45 bad
2021-07-10 00:02:48 CHB 1739834?1625846565 第 1 次 等待 1 秒
2021-07-10 00:02:49 CHB 1739834?1625846565 第 1 次 获取到号码【1739834】GSD
2021-07-10 00:02:49 获取到号码【1739834】的GSD为【安徽-亳州】
2021-07-10 00:02:56 GSD insert 第 1 次 等待 1 秒
2021-07-10 00:02:57 {"status":"ok","msg":"添加成功！235026"}
2021-07-10 00:02:57 下次操作: 2021-07-10 00:03:13

2021-07-10 00:03:13 开始第 15 次操作

2021-07-10 00:03:13 开始操作号码 【1739835】
2021-07-10 00:03:17 GSD getOne 第 1 次 等待 1 秒
2021-07-10 00:03:18 查询号码 【1739835】，返回信息 {"status":"bad","msg":""}
2021-07-10 00:03:18 查询号码 【1739835】，GSD为【""】
2021-07-10 00:03:18 bad
2021-07-10 00:03:20 CHB 1739835?1625846598 第 1 次 等待 1 秒
2021-07-10 00:03:21 CHB 1739835?1625846598 第 1 次 获取到号码【1739835】GSD
2021-07-10 00:03:21 获取到号码【1739835】的GSD为【安徽-阜阳】
2021-07-10 00:03:25 GSD insert 第 1 次 等待 1 秒
2021-07-10 00:03:26 {"status":"ok","msg":"添加成功！235030"}
2021-07-10 00:03:26 下次操作: 2021-07-10 00:03:35

2021-07-10 00:03:35 开始第 16 次操作

2021-07-10 00:03:35 开始操作号码 【1739836】
2021-07-10 00:03:39 GSD getOne 第 1 次 等待 1 秒
2021-07-10 00:03:40 查询号码 【1739836】，返回信息 {"status":"bad","msg":""}
2021-07-10 00:03:40 查询号码 【1739836】，GSD为【""】
2021-07-10 00:03:40 bad
2021-07-10 00:03:45 CHB 1739836?1625846620 第 1 次 等待 1 秒
2021-07-10 00:03:46 CHB 1739836?1625846620 第 1 次 获取到号码【1739836】GSD
2021-07-10 00:03:46 获取到号码【1739836】的GSD为【安徽-淮南】
2021-07-10 00:03:48 GSD insert 第 1 次 等待 1 秒
2021-07-10 00:03:49 {"status":"ok","msg":"添加成功！235034"}
2021-07-10 00:03:49 下次操作: 2021-07-10 00:03:58

2021-07-10 00:03:58 开始第 17 次操作

2021-07-10 00:03:58 开始操作号码 【1739837】
2021-07-10 00:04:04 GSD getOne 第 1 次 等待 1 秒
2021-07-10 00:04:05 查询号码 【1739837】，返回信息 {"status":"bad","msg":""}
2021-07-10 00:04:05 查询号码 【1739837】，GSD为【""】
2021-07-10 00:04:05 bad
2021-07-10 00:04:07 CHB 1739837?1625846645 第 1 次 等待 1 秒
2021-07-10 00:04:08 CHB 1739837?1625846645 第 1 次 获取到号码【1739837】GSD
2021-07-10 00:04:08 获取到号码【1739837】的GSD为【安徽-芜湖】
2021-07-10 00:04:12 GSD insert 第 1 次 等待 1 秒
2021-07-10 00:04:13 {"status":"ok","msg":"添加成功！235038"}
2021-07-10 00:04:13 下次操作: 2021-07-10 00:04:29

2021-07-10 00:04:29 开始第 18 次操作

2021-07-10 00:04:29 开始操作号码 【1739838】
2021-07-10 00:04:31 GSD getOne 第 1 次 等待 1 秒
2021-07-10 00:04:32 查询号码 【1739838】，返回信息 {"status":"bad","msg":""}
2021-07-10 00:04:33 查询号码 【1739838】，GSD为【""】
2021-07-10 00:04:33 bad
2021-07-10 00:04:34 CHB 1739838?1625846673 第 1 次 等待 1 秒
2021-07-10 00:04:35 CHB 1739838?1625846673 第 1 次 获取到号码【1739838】GSD
2021-07-10 00:04:35 获取到号码【1739838】的GSD为【安徽-合肥】
2021-07-10 00:04:41 GSD insert 第 1 次 等待 1 秒
2021-07-10 00:04:42 {"status":"ok","msg":"添加成功！235044"}
2021-07-10 00:04:42 下次操作: 2021-07-10 00:04:48

2021-07-10 00:04:48 开始第 19 次操作

2021-07-10 00:04:48 开始操作号码 【1739839】
2021-07-10 00:04:52 GSD getOne 第 1 次 等待 1 秒
2021-07-10 00:04:53 查询号码 【1739839】，返回信息 {"status":"bad","msg":""}
2021-07-10 00:04:53 查询号码 【1739839】，GSD为【""】
2021-07-10 00:04:53 bad
2021-07-10 00:04:56 CHB 1739839?1625846693 第 1 次 等待 1 秒
2021-07-10 00:04:57 CHB 1739839?1625846693 第 1 次 获取到号码【1739839】GSD
2021-07-10 00:04:57 获取到号码【1739839】的GSD为【安徽-合肥】
2021-07-10 00:05:01 GSD insert 第 1 次 等待 1 秒
2021-07-10 00:05:02 {"status":"ok","msg":"添加成功！235047"}
2021-07-10 00:05:02 下次操作: 2021-07-10 00:05:15

2021-07-10 00:05:16 开始第 20 次操作

2021-07-10 00:05:16 开始操作号码 【1739840】
2021-07-10 00:05:19 GSD getOne 第 1 次 等待 1 秒
2021-07-10 00:05:20 查询号码 【1739840】，返回信息 {"status":"bad","msg":""}
2021-07-10 00:05:20 查询号码 【1739840】，GSD为【""】
2021-07-10 00:05:20 bad
2021-07-10 00:05:26 CHB 1739840?1625846720 第 1 次 等待 1 秒
2021-07-10 00:05:27 CHB 1739840?1625846720 第 1 次 获取到号码【1739840】GSD
2021-07-10 00:05:27 获取到号码【1739840】的GSD为【宁夏-银川】
2021-07-10 00:05:30 GSD insert 第 1 次 等待 1 秒
2021-07-10 00:05:31 {"status":"ok","msg":"添加成功！235052"}
2021-07-10 00:05:31 下次操作: 2021-07-10 00:05:38

2021-07-10 00:05:38 开始第 21 次操作

2021-07-10 00:05:38 开始操作号码 【1739841】
2021-07-10 00:05:42 GSD getOne 第 1 次 等待 1 秒
2021-07-10 00:05:43 查询号码 【1739841】，返回信息 {"status":"bad","msg":""}
2021-07-10 00:05:43 查询号码 【1739841】，GSD为【""】
2021-07-10 00:05:43 bad
2021-07-10 00:05:45 CHB 1739841?1625846743 第 1 次 等待 1 秒
2021-07-10 00:05:46 CHB 1739841?1625846743 第 1 次 获取到号码【1739841】GSD
2021-07-10 00:05:46 获取到号码【1739841】的GSD为【宁夏-银川】
2021-07-10 00:05:49 GSD insert 第 1 次 等待 1 秒
2021-07-10 00:05:50 {"status":"ok","msg":"添加成功！235053"}
2021-07-10 00:05:50 下次操作: 2021-07-10 00:06:07

2021-07-10 00:06:07 开始第 22 次操作

2021-07-10 00:06:07 开始操作号码 【1739842】
2021-07-10 00:06:16 GSD getOne 第 1 次 等待 1 秒
2021-07-10 00:06:17 查询号码 【1739842】，返回信息 {"status":"bad","msg":""}
2021-07-10 00:06:17 查询号码 【1739842】，GSD为【""】
2021-07-10 00:06:17 bad
2021-07-10 00:06:19 CHB 1739842?1625846777 第 1 次 等待 1 秒
2021-07-10 00:06:20 CHB 1739842?1625846777 第 1 次 获取到号码【1739842】GSD
2021-07-10 00:06:20 获取到号码【1739842】的GSD为【宁夏-银川】
2021-07-10 00:06:23 GSD insert 第 1 次 等待 1 秒
2021-07-10 00:06:24 {"status":"ok","msg":"添加成功！235059"}
2021-07-10 00:06:24 下次操作: 2021-07-10 00:06:36

2021-07-10 00:06:36 开始第 23 次操作

2021-07-10 00:06:36 开始操作号码 【1739843】
2021-07-10 00:06:42 GSD getOne 第 1 次 等待 1 秒
2021-07-10 00:06:43 查询号码 【1739843】，返回信息 {"status":"bad","msg":""}
2021-07-10 00:06:43 查询号码 【1739843】，GSD为【""】
2021-07-10 00:06:43 bad
2021-07-10 00:06:46 CHB 1739843?1625846803 第 1 次 等待 1 秒
2021-07-10 00:06:47 CHB 1739843?1625846803 第 1 次 获取到号码【1739843】GSD
2021-07-10 00:06:47 获取到号码【1739843】的GSD为【宁夏-银川】
2021-07-10 00:06:51 GSD insert 第 1 次 等待 1 秒
2021-07-10 00:06:52 {"status":"ok","msg":"添加成功！235068"}
2021-07-10 00:06:52 下次操作: 2021-07-10 00:07:10

2021-07-10 00:07:10 开始第 24 次操作

2021-07-10 00:07:10 开始操作号码 【1739844】
2021-07-10 00:07:14 GSD getOne 第 1 次 等待 1 秒
2021-07-10 00:07:15 查询号码 【1739844】，返回信息 {"status":"bad","msg":""}
2021-07-10 00:07:15 查询号码 【1739844】，GSD为【""】
2021-07-10 00:07:15 bad
2021-07-10 00:07:17 CHB 1739844?1625846835 第 1 次 等待 1 秒
2021-07-10 00:07:18 CHB 1739844?1625846835 第 1 次 获取到号码【1739844】GSD
2021-07-10 00:07:18 获取到号码【1739844】的GSD为【宁夏-银川】
2021-07-10 00:07:22 GSD insert 第 1 次 等待 1 秒
2021-07-10 00:07:23 {"status":"ok","msg":"添加成功！235070"}
2021-07-10 00:07:23 下次操作: 2021-07-10 00:07:32

2021-07-10 00:07:32 开始第 25 次操作

2021-07-10 00:07:32 开始操作号码 【1739845】
2021-07-10 00:07:36 GSD getOne 第 1 次 等待 1 秒
2021-07-10 00:07:37 查询号码 【1739845】，返回信息 {"status":"bad","msg":""}
2021-07-10 00:07:37 查询号码 【1739845】，GSD为【""】
2021-07-10 00:07:37 bad
2021-07-10 00:07:40 CHB 1739845?1625846857 第 1 次 等待 1 秒
2021-07-10 00:07:41 CHB 1739845?1625846857 第 1 次 获取到号码【1739845】GSD
2021-07-10 00:07:41 获取到号码【1739845】的GSD为【宁夏-银川】
2021-07-10 00:07:47 GSD insert 第 1 次 等待 1 秒
2021-07-10 00:07:48 {"status":"ok","msg":"添加成功！235076"}
2021-07-10 00:07:48 下次操作: 2021-07-10 00:08:06

2021-07-10 00:08:06 开始第 26 次操作

2021-07-10 00:08:06 开始操作号码 【1739846】
2021-07-10 00:08:09 GSD getOne 第 1 次 等待 1 秒
2021-07-10 00:08:10 查询号码 【1739846】，返回信息 {"status":"bad","msg":""}
2021-07-10 00:08:10 查询号码 【1739846】，GSD为【""】
2021-07-10 00:08:10 bad
2021-07-10 00:08:14 CHB 1739846?1625846890 第 1 次 等待 1 秒
2021-07-10 00:08:15 CHB 1739846?1625846890 第 1 次 获取到号码【1739846】GSD
2021-07-10 00:08:15 获取到号码【1739846】的GSD为【宁夏-银川】
2021-07-10 00:08:18 GSD insert 第 1 次 等待 1 秒
2021-07-10 00:08:19 {"status":"ok","msg":"添加成功！235080"}
2021-07-10 00:08:19 下次操作: 2021-07-10 00:08:27

2021-07-10 00:08:27 开始第 27 次操作

2021-07-10 00:08:27 开始操作号码 【1739847】
2021-07-10 00:08:32 GSD getOne 第 1 次 等待 1 秒
2021-07-10 00:08:33 查询号码 【1739847】，返回信息 {"status":"bad","msg":""}
2021-07-10 00:08:33 查询号码 【1739847】，GSD为【""】
2021-07-10 00:08:33 bad
2021-07-10 00:08:35 CHB 1739847?1625846913 第 1 次 等待 1 秒
2021-07-10 00:08:36 CHB 1739847?1625846913 第 1 次 获取到号码【1739847】GSD
2021-07-10 00:08:36 获取到号码【1739847】的GSD为【宁夏-银川】
2021-07-10 00:08:39 GSD insert 第 1 次 等待 1 秒
2021-07-10 00:08:40 {"status":"ok","msg":"添加成功！235085"}
2021-07-10 00:08:40 下次操作: 2021-07-10 00:08:52

2021-07-10 00:08:52 开始第 28 次操作

2021-07-10 00:08:52 开始操作号码 【1739848】
2021-07-10 00:09:03 GSD getOne 第 1 次 等待 1 秒
2021-07-10 00:09:04 查询号码 【1739848】，返回信息 {"status":"bad","msg":""}
2021-07-10 00:09:04 查询号码 【1739848】，GSD为【""】
2021-07-10 00:09:04 bad
2021-07-10 00:09:08 CHB 1739848?1625846944 第 1 次 等待 1 秒
2021-07-10 00:09:09 CHB 1739848?1625846944 第 1 次 获取到号码【1739848】GSD
2021-07-10 00:09:09 获取到号码【1739848】的GSD为【宁夏-银川】
2021-07-10 00:09:12 GSD insert 第 1 次 等待 1 秒
2021-07-10 00:09:13 {"status":"ok","msg":"添加成功！235088"}
2021-07-10 00:09:13 下次操作: 2021-07-10 00:09:23

2021-07-10 00:09:23 开始第 29 次操作

2021-07-10 00:09:23 开始操作号码 【1739849】
2021-07-10 00:09:25 GSD getOne 第 1 次 等待 1 秒
2021-07-10 00:09:26 查询号码 【1739849】，返回信息 {"status":"bad","msg":""}
2021-07-10 00:09:26 查询号码 【1739849】，GSD为【""】
2021-07-10 00:09:26 bad
2021-07-10 00:09:39 CHB 1739849?1625846966 第 1 次 等待 1 秒
2021-07-10 00:09:40 CHB 1739849?1625846966 第 1 次 获取到号码【1739849】GSD
2021-07-10 00:09:40 获取到号码【1739849】的GSD为【宁夏-银川】
2021-07-10 00:09:44 GSD insert 第 1 次 等待 1 秒
2021-07-10 00:09:45 {"status":"ok","msg":"添加成功！235092"}
2021-07-10 00:09:45 下次操作: 2021-07-10 00:09:58

2021-07-10 00:09:58 开始第 30 次操作

2021-07-10 00:09:58 开始操作号码 【1739850】
2021-07-10 00:10:02 GSD getOne 第 1 次 等待 1 秒
2021-07-10 00:10:03 查询号码 【1739850】，返回信息 {"status":"bad","msg":""}
2021-07-10 00:10:03 查询号码 【1739850】，GSD为【""】
2021-07-10 00:10:03 bad
2021-07-10 00:10:06 CHB 1739850?1625847003 第 1 次 等待 1 秒
2021-07-10 00:10:07 CHB 1739850?1625847003 第 1 次 获取到号码【1739850】GSD
2021-07-10 00:10:07 获取到号码【1739850】的GSD为【浙江-嘉兴】
2021-07-10 00:10:10 GSD insert 第 1 次 等待 1 秒
2021-07-10 00:10:11 {"status":"ok","msg":"添加成功！235096"}

2021-07-10 01:35:38 开始第 1 次操作

2021-07-10 01:35:38 开始操作号码 【1739851】
2021-07-10 01:35:41 GSD getOne 第 1 次 等待 1 秒
2021-07-10 01:35:42 查询号码 【1739851】，返回信息 {"status":"bad","msg":""}
2021-07-10 01:35:42 查询号码 【1739851】，GSD为【""】
2021-07-10 01:35:42 bad
2021-07-10 01:35:44 CHB 1739851?1625852142 第 1 次 等待 1 秒
2021-07-10 01:35:45 CHB 1739851?1625852142 第 1 次 获取到号码【1739851】GSD
2021-07-10 01:35:45 获取到号码【1739851】的GSD为【浙江-嘉兴】
2021-07-10 01:35:48 GSD insert 第 1 次 等待 1 秒
2021-07-10 01:35:49 {"status":"ok","msg":"添加成功！235423"}
2021-07-10 01:35:49 下次操作: 2021-07-10 01:35:59

2021-07-10 01:35:59 开始第 2 次操作

2021-07-10 01:35:59 开始操作号码 【1739852】
2021-07-10 01:36:04 GSD getOne 第 1 次 等待 1 秒
2021-07-10 01:36:05 查询号码 【1739852】，返回信息 {"status":"bad","msg":""}
2021-07-10 01:36:05 查询号码 【1739852】，GSD为【""】
2021-07-10 01:36:05 bad
2021-07-10 01:36:07 CHB 1739852?1625852165 第 1 次 等待 1 秒
2021-07-10 01:36:08 CHB 1739852?1625852165 第 1 次 获取到号码【1739852】GSD
2021-07-10 01:36:08 获取到号码【1739852】的GSD为【浙江-湖州】
2021-07-10 01:36:13 GSD insert 第 1 次 等待 1 秒
2021-07-10 01:36:14 {"status":"ok","msg":"添加成功！235424"}
2021-07-10 01:36:14 下次操作: 2021-07-10 01:36:23

2021-07-10 01:36:23 开始第 3 次操作

2021-07-10 01:36:23 开始操作号码 【1739853】
2021-07-10 01:36:25 GSD getOne 第 1 次 等待 1 秒
2021-07-10 01:36:26 查询号码 【1739853】，返回信息 {"status":"ok","msg":"浙江-绍兴","time_insert":"2018-02-04 12:59","time_update":"2020-09-02 00:01"}
2021-07-10 01:36:26 查询号码 【1739853】，GSD为【"浙江-绍兴"】

2021-07-10 01:36:26 开始第 3 次操作

2021-07-10 01:36:26 开始操作号码 【1739854】
2021-07-10 01:36:30 GSD getOne 第 1 次 等待 1 秒
2021-07-10 01:36:31 查询号码 【1739854】，返回信息 {"status":"bad","msg":""}
2021-07-10 01:36:31 查询号码 【1739854】，GSD为【""】
2021-07-10 01:36:31 bad
2021-07-10 01:36:34 CHB 1739854?1625852191 第 1 次 等待 1 秒
2021-07-10 01:36:35 CHB 1739854?1625852191 第 1 次 获取到号码【1739854】GSD
2021-07-10 01:36:35 获取到号码【1739854】的GSD为【浙江-金华】
2021-07-10 01:36:42 GSD insert 第 1 次 等待 1 秒
2021-07-10 01:36:43 {"status":"ok","msg":"添加成功！235427"}
2021-07-10 01:36:43 下次操作: 2021-07-10 01:36:49

2021-07-10 01:36:49 开始第 4 次操作

2021-07-10 01:36:49 开始操作号码 【1739855】
2021-07-10 01:36:51 GSD getOne 第 1 次 等待 1 秒
2021-07-10 01:36:52 查询号码 【1739855】，返回信息 {"status":"bad","msg":""}
2021-07-10 01:36:52 查询号码 【1739855】，GSD为【""】
2021-07-10 01:36:52 bad
2021-07-10 01:36:54 CHB 1739855?1625852212 第 1 次 等待 1 秒
2021-07-10 01:36:55 CHB 1739855?1625852212 第 1 次 获取到号码【1739855】GSD
2021-07-10 01:36:55 获取到号码【1739855】的GSD为【浙江-金华】
2021-07-10 01:37:01 GSD insert 第 1 次 等待 1 秒
2021-07-10 01:37:02 {"status":"ok","msg":"添加成功！235430"}
2021-07-10 01:37:02 下次操作: 2021-07-10 01:37:18

2021-07-10 01:37:18 开始第 5 次操作

2021-07-10 01:37:18 开始操作号码 【1739856】
2021-07-10 01:37:22 GSD getOne 第 1 次 等待 1 秒
2021-07-10 01:37:23 查询号码 【1739856】，返回信息 {"status":"bad","msg":""}
2021-07-10 01:37:23 查询号码 【1739856】，GSD为【""】
2021-07-10 01:37:23 bad
2021-07-10 01:37:24 CHB 1739856?1625852243 第 1 次 等待 1 秒
2021-07-10 01:37:25 CHB 1739856?1625852243 第 1 次 获取到号码【1739856】GSD
2021-07-10 01:37:25 获取到号码【1739856】的GSD为【浙江-衢州】
2021-07-10 01:37:28 GSD insert 第 1 次 等待 1 秒
2021-07-10 01:37:29 {"status":"ok","msg":"添加成功！235436"}
2021-07-10 01:37:29 下次操作: 2021-07-10 01:37:39

2021-07-10 01:37:39 开始第 6 次操作

2021-07-10 01:37:39 开始操作号码 【1739857】
2021-07-10 01:37:42 GSD getOne 第 1 次 等待 1 秒
2021-07-10 01:37:43 查询号码 【1739857】，返回信息 {"status":"bad","msg":""}
2021-07-10 01:37:43 查询号码 【1739857】，GSD为【""】
2021-07-10 01:37:43 bad
2021-07-10 01:37:45 CHB 1739857?1625852263 第 1 次 等待 1 秒
2021-07-10 01:37:46 CHB 1739857?1625852263 第 1 次 获取到号码【1739857】GSD
2021-07-10 01:37:46 获取到号码【1739857】的GSD为【浙江-丽水】
2021-07-10 01:37:50 GSD insert 第 1 次 等待 1 秒
2021-07-10 01:37:51 {"status":"ok","msg":"添加成功！235442"}
2021-07-10 01:37:51 下次操作: 2021-07-10 01:38:04

2021-07-10 01:38:04 开始第 7 次操作

2021-07-10 01:38:04 开始操作号码 【1739858】
2021-07-10 01:38:08 GSD getOne 第 1 次 等待 1 秒
2021-07-10 01:38:09 查询号码 【1739858】，返回信息 {"status":"bad","msg":""}
2021-07-10 01:38:09 查询号码 【1739858】，GSD为【""】
2021-07-10 01:38:09 bad
2021-07-10 01:38:12 CHB 1739858?1625852289 第 1 次 等待 1 秒
2021-07-10 01:38:13 CHB 1739858?1625852289 第 1 次 获取到号码【1739858】GSD
2021-07-10 01:38:13 获取到号码【1739858】的GSD为【浙江-台州】
2021-07-10 01:38:17 GSD insert 第 1 次 等待 1 秒
2021-07-10 01:38:18 {"status":"ok","msg":"添加成功！235446"}
2021-07-10 01:38:18 下次操作: 2021-07-10 01:38:31

2021-07-10 01:38:31 开始第 8 次操作

2021-07-10 01:38:31 开始操作号码 【1739859】
2021-07-10 01:38:35 GSD getOne 第 1 次 等待 1 秒
2021-07-10 01:38:36 查询号码 【1739859】，返回信息 {"status":"bad","msg":""}
2021-07-10 01:38:36 查询号码 【1739859】，GSD为【""】
2021-07-10 01:38:36 bad
2021-07-10 01:38:38 CHB 1739859?1625852316 第 1 次 等待 1 秒
2021-07-10 01:38:39 CHB 1739859?1625852316 第 1 次 获取到号码【1739859】GSD
2021-07-10 01:38:39 获取到号码【1739859】的GSD为【浙江-舟山】
2021-07-10 01:38:46 GSD insert 第 1 次 等待 1 秒
2021-07-10 01:38:47 {"status":"ok","msg":"添加成功！235448"}
2021-07-10 01:38:47 下次操作: 2021-07-10 01:39:03

2021-07-10 01:39:03 开始第 9 次操作

2021-07-10 01:39:03 开始操作号码 【1739860】
2021-07-10 01:39:05 GSD getOne 第 1 次 等待 1 秒
2021-07-10 01:39:06 查询号码 【1739860】，返回信息 {"status":"bad","msg":""}
2021-07-10 01:39:06 查询号码 【1739860】，GSD为【""】
2021-07-10 01:39:06 bad
2021-07-10 01:39:09 CHB 1739860?1625852346 第 1 次 等待 1 秒
2021-07-10 01:39:10 CHB 1739860?1625852346 第 1 次 获取到号码【1739860】GSD
2021-07-10 01:39:10 获取到号码【1739860】的GSD为【陕西-商洛】
2021-07-10 01:39:13 GSD insert 第 1 次 等待 1 秒
2021-07-10 01:39:14 {"status":"ok","msg":"添加成功！235452"}
2021-07-10 01:39:14 下次操作: 2021-07-10 01:39:24

2021-07-10 01:39:24 开始第 10 次操作

2021-07-10 01:39:24 开始操作号码 【1739861】
2021-07-10 01:39:26 GSD getOne 第 1 次 等待 1 秒
2021-07-10 01:39:27 查询号码 【1739861】，返回信息 {"status":"bad","msg":""}
2021-07-10 01:39:27 查询号码 【1739861】，GSD为【""】
2021-07-10 01:39:27 bad
2021-07-10 01:39:30 CHB 1739861?1625852367 第 1 次 等待 1 秒
2021-07-10 01:39:31 CHB 1739861?1625852367 第 1 次 获取到号码【1739861】GSD
2021-07-10 01:39:31 获取到号码【1739861】的GSD为【陕西-商洛】
2021-07-10 01:39:34 GSD insert 第 1 次 等待 1 秒
2021-07-10 01:39:35 {"status":"ok","msg":"添加成功！235454"}
2021-07-10 01:39:35 下次操作: 2021-07-10 01:39:51

2021-07-10 01:39:51 开始第 11 次操作

2021-07-10 01:39:51 开始操作号码 【1739862】
2021-07-10 01:39:55 GSD getOne 第 1 次 等待 1 秒
2021-07-10 01:39:56 查询号码 【1739862】，返回信息 {"status":"ok","msg":"陕西-延安","time_insert":"2020-04-11 18:46","time_update":"2020-12-08 14:53"}
2021-07-10 01:39:56 查询号码 【1739862】，GSD为【"陕西-延安"】

2021-07-10 01:39:56 开始第 11 次操作

2021-07-10 01:39:56 开始操作号码 【1739863】
2021-07-10 01:39:59 GSD getOne 第 1 次 等待 1 秒
2021-07-10 01:40:00 查询号码 【1739863】，返回信息 {"status":"bad","msg":""}
2021-07-10 01:40:00 查询号码 【1739863】，GSD为【""】
2021-07-10 01:40:00 bad
2021-07-10 01:40:02 CHB 1739863?1625852400 第 1 次 等待 1 秒
2021-07-10 01:40:03 CHB 1739863?1625852400 第 1 次 获取到号码【1739863】GSD
2021-07-10 01:40:03 获取到号码【1739863】的GSD为【陕西-延安】
2021-07-10 01:40:07 GSD insert 第 1 次 等待 1 秒
2021-07-10 01:40:08 {"status":"ok","msg":"添加成功！235458"}
2021-07-10 01:40:08 下次操作: 2021-07-10 01:40:19

2021-07-10 01:40:19 开始第 12 次操作

2021-07-10 01:40:19 开始操作号码 【1739864】
2021-07-10 01:40:21 GSD getOne 第 1 次 等待 1 秒
2021-07-10 01:40:22 查询号码 【1739864】，返回信息 {"status":"bad","msg":""}
2021-07-10 01:40:22 查询号码 【1739864】，GSD为【""】
2021-07-10 01:40:22 bad
2021-07-10 01:40:25 CHB 1739864?1625852422 第 1 次 等待 1 秒
2021-07-10 01:40:26 CHB 1739864?1625852422 第 1 次 获取到号码【1739864】GSD
2021-07-10 01:40:26 获取到号码【1739864】的GSD为【陕西-汉中】
2021-07-10 01:40:30 GSD insert 第 1 次 等待 1 秒
2021-07-10 01:40:31 {"status":"ok","msg":"添加成功！235461"}
2021-07-10 01:40:31 下次操作: 2021-07-10 01:40:38

2021-07-10 01:40:38 开始第 13 次操作

2021-07-10 01:40:38 开始操作号码 【1739865】
2021-07-10 01:40:40 GSD getOne 第 1 次 等待 1 秒
2021-07-10 01:40:41 查询号码 【1739865】，返回信息 {"status":"bad","msg":""}
2021-07-10 01:40:41 查询号码 【1739865】，GSD为【""】
2021-07-10 01:40:41 bad
2021-07-10 01:40:49 CHB 1739865?1625852441 第 1 次 等待 1 秒
2021-07-10 01:40:50 CHB 1739865?1625852441 第 1 次 获取到号码【1739865】GSD
2021-07-10 01:40:50 获取到号码【1739865】的GSD为【陕西-渭南】
2021-07-10 01:40:54 GSD insert 第 1 次 等待 1 秒
2021-07-10 01:40:55 {"status":"ok","msg":"添加成功！235463"}
2021-07-10 01:40:55 下次操作: 2021-07-10 01:41:08

2021-07-10 01:41:08 开始第 14 次操作

2021-07-10 01:41:08 开始操作号码 【1739866】
2021-07-10 01:41:11 GSD getOne 第 1 次 等待 1 秒
2021-07-10 01:41:12 查询号码 【1739866】，返回信息 {"status":"bad","msg":""}
2021-07-10 01:41:12 查询号码 【1739866】，GSD为【""】
2021-07-10 01:41:12 bad
2021-07-10 01:41:14 CHB 1739866?1625852472 第 1 次 等待 1 秒
2021-07-10 01:41:15 CHB 1739866?1625852472 第 1 次 获取到号码【1739866】GSD
2021-07-10 01:41:15 获取到号码【1739866】的GSD为【陕西-渭南】
2021-07-10 01:41:18 GSD insert 第 1 次 等待 1 秒
2021-07-10 01:41:19 {"status":"ok","msg":"添加成功！235467"}
2021-07-10 01:41:19 下次操作: 2021-07-10 01:41:36

2021-07-10 01:41:36 开始第 15 次操作

2021-07-10 01:41:36 开始操作号码 【1739867】
2021-07-10 01:41:43 GSD getOne 第 1 次 等待 1 秒
2021-07-10 01:41:44 查询号码 【1739867】，返回信息 {"status":"bad","msg":""}
2021-07-10 01:41:44 查询号码 【1739867】，GSD为【""】
2021-07-10 01:41:44 bad
2021-07-10 01:41:46 CHB 1739867?1625852504 第 1 次 等待 1 秒
2021-07-10 01:41:47 CHB 1739867?1625852504 第 1 次 获取到号码【1739867】GSD
2021-07-10 01:41:47 获取到号码【1739867】的GSD为【陕西-咸阳】
2021-07-10 01:41:56 GSD insert 第 1 次 等待 1 秒
2021-07-10 01:41:57 {"status":"ok","msg":"添加成功！235470"}
2021-07-10 01:41:57 下次操作: 2021-07-10 01:42:15

2021-07-10 01:42:15 开始第 16 次操作

2021-07-10 01:42:15 开始操作号码 【1739868】
2021-07-10 01:42:17 GSD getOne 第 1 次 等待 1 秒
2021-07-10 01:42:18 查询号码 【1739868】，返回信息 {"status":"bad","msg":""}
2021-07-10 01:42:18 查询号码 【1739868】，GSD为【""】
2021-07-10 01:42:18 bad
2021-07-10 01:42:21 CHB 1739868?1625852538 第 1 次 等待 1 秒
2021-07-10 01:42:22 CHB 1739868?1625852538 第 1 次 获取到号码【1739868】GSD
2021-07-10 01:42:22 获取到号码【1739868】的GSD为【陕西-咸阳】
2021-07-10 01:42:27 GSD insert 第 1 次 等待 1 秒
2021-07-10 01:42:28 {"status":"ok","msg":"添加成功！235475"}
2021-07-10 01:42:28 下次操作: 2021-07-10 01:42:38

2021-07-10 01:42:38 开始第 17 次操作

2021-07-10 01:42:38 开始操作号码 【1739869】
2021-07-10 01:42:42 GSD getOne 第 1 次 等待 1 秒
2021-07-10 01:42:43 查询号码 【1739869】，返回信息 {"status":"bad","msg":""}
2021-07-10 01:42:43 查询号码 【1739869】，GSD为【""】
2021-07-10 01:42:43 bad
2021-07-10 01:42:45 CHB 1739869?1625852563 第 1 次 等待 1 秒
2021-07-10 01:42:46 CHB 1739869?1625852563 第 1 次 获取到号码【1739869】GSD
2021-07-10 01:42:46 获取到号码【1739869】的GSD为【陕西-汉中】
2021-07-10 01:42:49 GSD insert 第 1 次 等待 1 秒
2021-07-10 01:42:50 {"status":"ok","msg":"添加成功！235480"}
2021-07-10 01:42:50 下次操作: 2021-07-10 01:43:01

2021-07-10 01:43:01 开始第 18 次操作

2021-07-10 01:43:01 开始操作号码 【1739870】
2021-07-10 01:43:03 GSD getOne 第 1 次 等待 1 秒
2021-07-10 01:43:04 查询号码 【1739870】，返回信息 {"status":"bad","msg":""}
2021-07-10 01:43:04 查询号码 【1739870】，GSD为【""】
2021-07-10 01:43:04 bad
2021-07-10 01:43:07 CHB 1739870?1625852584 第 1 次 等待 1 秒
2021-07-10 01:43:08 CHB 1739870?1625852584 第 1 次 获取到号码【1739870】GSD
2021-07-10 01:43:08 获取到号码【1739870】的GSD为【湖南-怀化】
2021-07-10 01:43:11 GSD insert 第 1 次 等待 1 秒
2021-07-10 01:43:12 {"status":"ok","msg":"添加成功！235482"}
2021-07-10 01:43:12 下次操作: 2021-07-10 01:43:30

2021-07-10 01:43:30 开始第 19 次操作

2021-07-10 01:43:30 开始操作号码 【1739871】
2021-07-10 01:43:32 GSD getOne 第 1 次 等待 1 秒
2021-07-10 01:43:33 查询号码 【1739871】，返回信息 {"status":"bad","msg":""}
2021-07-10 01:43:34 查询号码 【1739871】，GSD为【""】
2021-07-10 01:43:34 bad
2021-07-10 01:43:36 CHB 1739871?1625852614 第 1 次 等待 1 秒
2021-07-10 01:43:37 CHB 1739871?1625852614 第 1 次 获取到号码【1739871】GSD
2021-07-10 01:43:37 获取到号码【1739871】的GSD为【湖南-怀化】
2021-07-10 01:43:41 GSD insert 第 1 次 等待 1 秒
2021-07-10 01:43:42 {"status":"ok","msg":"添加成功！235489"}
2021-07-10 01:43:42 下次操作: 2021-07-10 01:43:50

2021-07-10 01:43:50 开始第 20 次操作

2021-07-10 01:43:50 开始操作号码 【1739872】
2021-07-10 01:43:54 GSD getOne 第 1 次 等待 1 秒
2021-07-10 01:43:55 查询号码 【1739872】，返回信息 {"status":"bad","msg":""}
2021-07-10 01:43:55 查询号码 【1739872】，GSD为【""】
2021-07-10 01:43:55 bad
2021-07-10 01:43:56 CHB 1739872?1625852635 第 1 次 等待 1 秒
2021-07-10 01:43:57 CHB 1739872?1625852635 第 1 次 获取到号码【1739872】GSD
2021-07-10 01:43:57 获取到号码【1739872】的GSD为【湖南-怀化】
2021-07-10 01:44:01 GSD insert 第 1 次 等待 1 秒
2021-07-10 01:44:02 {"status":"ok","msg":"添加成功！235491"}
2021-07-10 01:44:02 下次操作: 2021-07-10 01:44:10

2021-07-10 01:44:10 开始第 21 次操作

2021-07-10 01:44:10 开始操作号码 【1739873】
2021-07-10 01:44:13 GSD getOne 第 1 次 等待 1 秒
2021-07-10 01:44:14 查询号码 【1739873】，返回信息 {"status":"bad","msg":""}
2021-07-10 01:44:14 查询号码 【1739873】，GSD为【""】
2021-07-10 01:44:14 bad
2021-07-10 01:44:15 CHB 1739873?1625852654 第 1 次 等待 1 秒
2021-07-10 01:44:16 CHB 1739873?1625852654 第 1 次 获取到号码【1739873】GSD
2021-07-10 01:44:16 获取到号码【1739873】的GSD为【湖南-怀化】
2021-07-10 01:44:22 GSD insert 第 1 次 等待 1 秒
2021-07-10 01:44:23 {"status":"ok","msg":"添加成功！235498"}
2021-07-10 01:44:23 下次操作: 2021-07-10 01:44:36

2021-07-10 01:44:36 开始第 22 次操作

2021-07-10 01:44:36 开始操作号码 【1739874】
2021-07-10 01:44:38 GSD getOne 第 1 次 等待 1 秒
2021-07-10 01:44:39 查询号码 【1739874】，返回信息 {"status":"bad","msg":""}
2021-07-10 01:44:39 查询号码 【1739874】，GSD为【""】
2021-07-10 01:44:39 bad
2021-07-10 01:44:41 CHB 1739874?1625852679 第 1 次 等待 1 秒
2021-07-10 01:44:42 CHB 1739874?1625852679 第 1 次 获取到号码【1739874】GSD
2021-07-10 01:44:42 获取到号码【1739874】的GSD为【湖南-怀化】
2021-07-10 01:44:50 GSD insert 第 1 次 等待 1 秒
2021-07-10 01:44:51 {"status":"ok","msg":"添加成功！235504"}
2021-07-10 01:44:51 下次操作: 2021-07-10 01:45:02

2021-07-10 01:45:02 开始第 23 次操作

2021-07-10 01:45:02 开始操作号码 【1739875】
2021-07-10 01:45:08 GSD getOne 第 1 次 等待 1 秒
2021-07-10 01:45:09 查询号码 【1739875】，返回信息 {"status":"bad","msg":""}
2021-07-10 01:45:09 查询号码 【1739875】，GSD为【""】
2021-07-10 01:45:09 bad
2021-07-10 01:45:10 CHB 1739875?1625852709 第 1 次 等待 1 秒
2021-07-10 01:45:11 CHB 1739875?1625852709 第 1 次 获取到号码【1739875】GSD
2021-07-10 01:45:11 获取到号码【1739875】的GSD为【湖南-常德】
2021-07-10 01:45:15 GSD insert 第 1 次 等待 1 秒
2021-07-10 01:45:16 {"status":"ok","msg":"添加成功！235512"}
2021-07-10 01:45:16 下次操作: 2021-07-10 01:45:23

2021-07-10 01:45:23 开始第 24 次操作

2021-07-10 01:45:23 开始操作号码 【1739876】
2021-07-10 01:45:27 GSD getOne 第 1 次 等待 1 秒
2021-07-10 01:45:28 查询号码 【1739876】，返回信息 {"status":"bad","msg":""}
2021-07-10 01:45:28 查询号码 【1739876】，GSD为【""】
2021-07-10 01:45:28 bad
2021-07-10 01:45:31 CHB 1739876?1625852728 第 1 次 等待 1 秒
2021-07-10 01:45:32 CHB 1739876?1625852728 第 1 次 获取到号码【1739876】GSD
2021-07-10 01:45:32 获取到号码【1739876】的GSD为【湖南-常德】
2021-07-10 01:45:36 GSD insert 第 1 次 等待 1 秒
2021-07-10 01:45:37 {"status":"ok","msg":"添加成功！235516"}
2021-07-10 01:45:37 下次操作: 2021-07-10 01:45:54

2021-07-10 01:45:54 开始第 25 次操作

2021-07-10 01:45:54 开始操作号码 【1739877】
2021-07-10 01:45:56 GSD getOne 第 1 次 等待 1 秒
2021-07-10 01:45:57 查询号码 【1739877】，返回信息 {"status":"bad","msg":""}
2021-07-10 01:45:58 查询号码 【1739877】，GSD为【""】
2021-07-10 01:45:58 bad
2021-07-10 01:45:59 CHB 1739877?1625852758 第 1 次 等待 1 秒
2021-07-10 01:46:00 CHB 1739877?1625852758 第 1 次 获取到号码【1739877】GSD
2021-07-10 01:46:00 获取到号码【1739877】的GSD为【湖南-常德】
2021-07-10 01:46:04 GSD insert 第 1 次 等待 1 秒
2021-07-10 01:46:05 {"status":"ok","msg":"添加成功！235522"}
2021-07-10 01:46:05 下次操作: 2021-07-10 01:46:19

2021-07-10 01:46:19 开始第 26 次操作

2021-07-10 01:46:19 开始操作号码 【1739878】
2021-07-10 01:46:22 GSD getOne 第 1 次 等待 1 秒
2021-07-10 01:46:23 查询号码 【1739878】，返回信息 {"status":"bad","msg":""}
2021-07-10 01:46:23 查询号码 【1739878】，GSD为【""】
2021-07-10 01:46:23 bad
2021-07-10 01:46:24 CHB 1739878?1625852783 第 1 次 等待 1 秒
2021-07-10 01:46:25 CHB 1739878?1625852783 第 1 次 获取到号码【1739878】GSD
2021-07-10 01:46:25 获取到号码【1739878】的GSD为【湖南-常德】
2021-07-10 01:46:31 GSD insert 第 1 次 等待 1 秒
2021-07-10 01:46:32 {"status":"ok","msg":"添加成功！235531"}
2021-07-10 01:46:32 下次操作: 2021-07-10 01:46:46

2021-07-10 01:46:46 开始第 27 次操作

2021-07-10 01:46:46 开始操作号码 【1739879】
2021-07-10 01:46:48 GSD getOne 第 1 次 等待 1 秒
2021-07-10 01:46:49 查询号码 【1739879】，返回信息 {"status":"bad","msg":""}
2021-07-10 01:46:49 查询号码 【1739879】，GSD为【""】
2021-07-10 01:46:49 bad
2021-07-10 01:46:51 CHB 1739879?1625852809 第 1 次 等待 1 秒
2021-07-10 01:46:52 CHB 1739879?1625852809 第 1 次 获取到号码【1739879】GSD
2021-07-10 01:46:52 获取到号码【1739879】的GSD为【湖南-衡阳】
2021-07-10 01:46:59 GSD insert 第 1 次 等待 1 秒
2021-07-10 01:47:00 {"status":"ok","msg":"添加成功！235533"}
2021-07-10 01:47:00 下次操作: 2021-07-10 01:47:06

2021-07-10 01:47:06 开始第 28 次操作

2021-07-10 01:47:06 开始操作号码 【1739880】
2021-07-10 01:47:08 GSD getOne 第 1 次 等待 1 秒
2021-07-10 01:47:09 查询号码 【1739880】，返回信息 {"status":"ok","msg":"四川-宜宾","time_insert":"2017-11-18 22:34","time_update":"2020-10-29 17:20"}
2021-07-10 01:47:10 查询号码 【1739880】，GSD为【"四川-宜宾"】

2021-07-10 01:47:10 开始第 28 次操作

2021-07-10 01:47:10 开始操作号码 【1739881】
2021-07-10 01:47:13 GSD getOne 第 1 次 等待 1 秒
2021-07-10 01:47:14 查询号码 【1739881】，返回信息 {"status":"ok","msg":"四川-眉山","time_insert":"2018-07-19 21:16","time_update":"2020-10-29 17:23"}
2021-07-10 01:47:14 查询号码 【1739881】，GSD为【"四川-眉山"】

2021-07-10 01:47:14 开始第 28 次操作

2021-07-10 01:47:14 开始操作号码 【1739882】
2021-07-10 01:47:17 GSD getOne 第 1 次 等待 1 秒
2021-07-10 01:47:18 查询号码 【1739882】，返回信息 {"status":"ok","msg":"四川-广元","time_insert":"2018-10-12 23:09","time_update":"2020-10-29 17:27"}
2021-07-10 01:47:18 查询号码 【1739882】，GSD为【"四川-广元"】

2021-07-10 01:47:18 开始第 28 次操作

2021-07-10 01:47:18 开始操作号码 【1739883】
2021-07-10 01:47:22 GSD getOne 第 1 次 等待 1 秒
2021-07-10 01:47:23 查询号码 【1739883】，返回信息 {"status":"ok","msg":"四川-内江","time_insert":"2018-10-24 14:40","time_update":"2020-10-29 17:28"}
2021-07-10 01:47:23 查询号码 【1739883】，GSD为【"四川-内江"】

2021-07-10 01:47:23 开始第 28 次操作

2021-07-10 01:47:23 开始操作号码 【1739884】
2021-07-10 01:47:25 GSD getOne 第 1 次 等待 1 秒
2021-07-10 01:47:26 查询号码 【1739884】，返回信息 {"status":"bad","msg":""}
2021-07-10 01:47:27 查询号码 【1739884】，GSD为【""】
2021-07-10 01:47:27 bad
2021-07-10 01:47:28 CHB 1739884?1625852847 第 1 次 等待 1 秒
2021-07-10 01:47:29 CHB 1739884?1625852847 第 1 次 获取到号码【1739884】GSD
2021-07-10 01:47:29 获取到号码【1739884】的GSD为【四川-自贡】
2021-07-10 01:47:32 GSD insert 第 1 次 等待 1 秒
2021-07-10 01:47:33 {"status":"ok","msg":"添加成功！235543"}
2021-07-10 01:47:33 下次操作: 2021-07-10 01:47:44

2021-07-10 01:47:44 开始第 29 次操作

2021-07-10 01:47:44 开始操作号码 【1739885】
2021-07-10 01:47:48 GSD getOne 第 1 次 等待 1 秒
2021-07-10 01:47:49 查询号码 【1739885】，返回信息 {"status":"ok","msg":"四川-自贡","time_insert":"2018-09-10 23:33","time_update":"2020-10-29 17:33"}
2021-07-10 01:47:49 查询号码 【1739885】，GSD为【"四川-自贡"】

2021-07-10 01:47:49 开始第 29 次操作

2021-07-10 01:47:49 开始操作号码 【1739886】
2021-07-10 01:47:53 GSD getOne 第 1 次 等待 1 秒
2021-07-10 01:47:54 查询号码 【1739886】，返回信息 {"status":"bad","msg":""}
2021-07-10 01:47:54 查询号码 【1739886】，GSD为【""】
2021-07-10 01:47:54 bad
2021-07-10 01:47:56 CHB 1739886?1625852874 第 1 次 等待 1 秒
2021-07-10 01:47:57 CHB 1739886?1625852874 第 1 次 获取到号码【1739886】GSD
2021-07-10 01:47:57 获取到号码【1739886】的GSD为【四川-自贡】
2021-07-10 01:47:59 GSD insert 第 1 次 等待 1 秒
2021-07-10 01:48:00 {"status":"ok","msg":"添加成功！235550"}
2021-07-10 01:48:00 下次操作: 2021-07-10 01:48:16

2021-07-10 01:48:16 开始第 30 次操作

2021-07-10 01:48:16 开始操作号码 【1739887】
2021-07-10 01:48:19 GSD getOne 第 1 次 等待 1 秒
2021-07-10 01:48:20 查询号码 【1739887】，返回信息 {"status":"bad","msg":""}
2021-07-10 01:48:20 查询号码 【1739887】，GSD为【""】
2021-07-10 01:48:20 bad
2021-07-10 01:48:21 CHB 1739887?1625852900 第 1 次 等待 1 秒
2021-07-10 01:48:22 CHB 1739887?1625852900 第 1 次 获取到号码【1739887】GSD
2021-07-10 01:48:23 获取到号码【1739887】的GSD为【四川-自贡】
2021-07-10 01:48:28 GSD insert 第 1 次 等待 1 秒
2021-07-10 01:48:29 {"status":"ok","msg":"添加成功！235554"}

