2024-10-26 00:26:30 开始第 1421 次操作

2024-10-26 00:26:30 开始操作号码 【1341420】
2024-10-26 00:26:31 GSD getOne 第 1 次 等待 3 秒
2024-10-26 00:26:34 查询号码 【1341420】，返回信息 {"status":"ok","msg":"广东-东莞","gid":"66052","time_insert":"2021-05-23 23:00"}
2024-10-26 00:26:34 查询号码 【1341420】，GSD为【"广东-东莞"】

2024-10-26 00:26:35 开始第 1422 次操作

2024-10-26 00:26:35 开始操作号码 【1341421】
2024-10-26 00:26:36 GSD getOne 第 1 次 等待 3 秒
2024-10-26 00:26:39 查询号码 【1341421】，返回信息 {"status":"ok","msg":"广东-东莞","gid":"66066","time_insert":"2021-05-23 23:21"}
2024-10-26 00:26:39 查询号码 【1341421】，GSD为【"广东-东莞"】

2024-10-26 00:26:40 开始第 1423 次操作

2024-10-26 00:26:40 开始操作号码 【1341422】
2024-10-26 00:26:41 GSD getOne 第 1 次 等待 3 秒
2024-10-26 00:26:44 查询号码 【1341422】，返回信息 {"status":"ok","msg":"广东-东莞","gid":"66083","time_insert":"2021-05-23 23:45"}
2024-10-26 00:26:45 查询号码 【1341422】，GSD为【"广东-东莞"】

2024-10-26 00:26:46 开始第 1424 次操作

2024-10-26 00:26:46 开始操作号码 【1341423】
2024-10-26 00:26:47 GSD getOne 第 1 次 等待 3 秒
2024-10-26 00:26:50 查询号码 【1341423】，返回信息 {"status":"ok","msg":"广东-东莞","gid":"66098","time_insert":"2021-05-24 00:08"}
2024-10-26 00:26:50 查询号码 【1341423】，GSD为【"广东-东莞"】

