2024-12-12 00:29:31 开始第 9153 次操作

2024-12-12 00:29:31 开始操作号码 【1349152】
2024-12-12 00:29:32 GSD getOne 第 1 次 等待 3 秒
2024-12-12 00:29:35 查询号码 【1349152】，返回信息 {"status":"ok","msg":"北京-北京","gid":"311283","time_insert":"2021-07-18 05:45"}
2024-12-12 00:29:36 查询号码 【1349152】，GSD为【"北京-北京"】

2024-12-12 00:29:37 开始第 9154 次操作

2024-12-12 00:29:37 开始操作号码 【1349153】
2024-12-12 00:29:38 GSD getOne 第 1 次 等待 3 秒
2024-12-12 00:29:41 查询号码 【1349153】，返回信息 {"status":"ok","msg":"北京-北京","gid":"311269","time_insert":"2021-07-18 05:44"}
2024-12-12 00:29:41 查询号码 【1349153】，GSD为【"北京-北京"】

2024-12-12 00:29:42 开始第 9155 次操作

2024-12-12 00:29:42 开始操作号码 【1349154】
2024-12-12 00:29:43 GSD getOne 第 1 次 等待 3 秒
2024-12-12 00:29:46 查询号码 【1349154】，返回信息 {"status":"ok","msg":"北京-北京","gid":"311257","time_insert":"2021-07-18 05:43"}
2024-12-12 00:29:46 查询号码 【1349154】，GSD为【"北京-北京"】

2024-12-12 00:29:47 开始第 9156 次操作

2024-12-12 00:29:47 开始操作号码 【1349155】
2024-12-12 00:29:48 GSD getOne 第 1 次 等待 3 秒
2024-12-12 00:29:51 查询号码 【1349155】，返回信息 {"status":"ok","msg":"北京-北京","gid":"311244","time_insert":"2021-07-18 05:42"}
2024-12-12 00:29:51 查询号码 【1349155】，GSD为【"北京-北京"】

