2024-05-18 00:10:13 开始第 9753 次操作

2024-05-18 00:10:13 开始操作号码 【1679659】
2024-05-18 00:10:28 GSD getOne 第 1 次 等待 3 秒
2024-05-18 00:10:31 查询号码 【1679659】，返回信息 {"status":"ok","msg":"河北-保定","gid":"334560","time_insert":"2021-07-20 07:40"}
2024-05-18 00:10:31 查询号码 【1679659】，GSD为【"河北-保定"】

2024-05-18 00:10:32 开始第 9754 次操作

2024-05-18 00:10:32 开始操作号码 【1679660】
2024-05-18 00:10:46 GSD getOne 第 1 次 等待 3 秒
2024-05-18 00:10:49 查询号码 【1679660】，返回信息 {"status":"ok","msg":"广东-汕尾","gid":"334572","time_insert":"2021-07-20 07:41"}
2024-05-18 00:10:49 查询号码 【1679660】，GSD为【"广东-汕尾"】

2024-05-18 00:10:50 开始第 9755 次操作

2024-05-18 00:10:50 开始操作号码 【1679661】
2024-05-18 00:10:58 GSD getOne 第 1 次 等待 3 秒
2024-05-18 00:11:01 查询号码 【1679661】，返回信息 {"status":"ok","msg":"河北-保定","gid":"334580","time_insert":"2021-07-20 07:41"}
2024-05-18 00:11:01 查询号码 【1679661】，GSD为【"河北-保定"】

2024-05-18 00:11:02 开始第 9756 次操作

2024-05-18 00:11:02 开始操作号码 【1679662】
2024-05-18 00:11:08 GSD getOne 第 1 次 等待 3 秒
2024-05-18 00:11:11 查询号码 【1679662】，返回信息 {"status":"ok","msg":"广东-阳江","gid":"334588","time_insert":"2021-07-20 07:42"}
2024-05-18 00:11:11 查询号码 【1679662】，GSD为【"广东-阳江"】

