2024-02-19 00:08:09 开始第 4565 次操作

2024-02-19 00:08:09 开始操作号码 【1784474】
2024-02-19 00:08:14 GSD getOne 第 1 次 等待 3 秒
2024-02-19 00:08:17 查询号码 【1784474】，返回信息 {"status":"ok","msg":"四川-达州","gid":"31620","time_insert":"2020-04-16 09:29","time_update":"2020-11-01 02:40"}
2024-02-19 00:08:17 查询号码 【1784474】，GSD为【"四川-达州"】

2024-02-19 00:08:18 开始第 4566 次操作

2024-02-19 00:08:18 开始操作号码 【1784475】
2024-02-19 00:08:23 GSD getOne 第 1 次 等待 3 秒
2024-02-19 00:08:26 查询号码 【1784475】，返回信息 {"status":"ok","msg":"四川-德阳","gid":"314010","time_insert":"2021-07-18 11:50"}
2024-02-19 00:08:26 查询号码 【1784475】，GSD为【"四川-德阳"】

2024-02-19 00:08:27 开始第 4567 次操作

2024-02-19 00:08:27 开始操作号码 【1784476】
2024-02-19 00:08:31 GSD getOne 第 1 次 等待 3 秒
2024-02-19 00:08:34 查询号码 【1784476】，返回信息 {"status":"ok","msg":"四川-德阳","gid":"313997","time_insert":"2021-07-18 11:50"}
2024-02-19 00:08:34 查询号码 【1784476】，GSD为【"四川-德阳"】

2024-02-19 00:08:35 开始第 4568 次操作

2024-02-19 00:08:35 开始操作号码 【1784477】
2024-02-19 00:08:39 GSD getOne 第 1 次 等待 3 秒
2024-02-19 00:08:42 查询号码 【1784477】，返回信息 {"status":"ok","msg":"四川-甘孜","gid":"313986","time_insert":"2021-07-18 11:49"}
2024-02-19 00:08:42 查询号码 【1784477】，GSD为【"四川-甘孜"】

2024-02-19 00:34:14 开始第 4569 次操作

2024-02-19 00:34:14 开始操作号码 【1784478】
2024-02-19 00:34:24 GSD getOne 第 1 次 等待 3 秒
2024-02-19 00:34:27 查询号码 【1784478】，返回信息 {"status":"ok","msg":"四川-广安","gid":"313979","time_insert":"2021-07-18 11:48"}
2024-02-19 00:34:27 查询号码 【1784478】，GSD为【"四川-广安"】

2024-02-19 00:34:28 开始第 4570 次操作

2024-02-19 00:34:28 开始操作号码 【1784479】
2024-02-19 00:34:33 GSD getOne 第 1 次 等待 3 秒
2024-02-19 00:34:36 查询号码 【1784479】，返回信息 {"status":"ok","msg":"四川-广安","gid":"313968","time_insert":"2021-07-18 11:48"}
2024-02-19 00:34:36 查询号码 【1784479】，GSD为【"四川-广安"】

2024-02-19 00:34:37 开始第 4571 次操作

2024-02-19 00:34:37 开始操作号码 【1784480】
2024-02-19 00:34:45 GSD getOne 第 1 次 等待 3 秒
2024-02-19 00:34:48 查询号码 【1784480】，返回信息 {"status":"ok","msg":"四川-广元","gid":"313962","time_insert":"2021-07-18 11:47"}
2024-02-19 00:34:48 查询号码 【1784480】，GSD为【"四川-广元"】

2024-02-19 00:34:49 开始第 4572 次操作

2024-02-19 00:34:49 开始操作号码 【1784481】
2024-02-19 00:34:53 GSD getOne 第 1 次 等待 3 秒
2024-02-19 00:34:56 查询号码 【1784481】，返回信息 {"status":"ok","msg":"四川-广元","gid":"313955","time_insert":"2021-07-18 11:47"}
2024-02-19 00:34:56 查询号码 【1784481】，GSD为【"四川-广元"】

