2024-07-09 00:11:37 开始第 5621 次操作

2024-07-09 00:11:37 开始操作号码 【1565527】
2024-07-09 00:11:47 GSD getOne 第 1 次 等待 3 秒
2024-07-09 00:11:50 查询号码 【1565527】，返回信息 {"status":"ok","msg":"安徽-蚌埠","gid":"416450","time_insert":"2021-07-27 19:41"}
2024-07-09 00:11:51 查询号码 【1565527】，GSD为【"安徽-蚌埠"】

2024-07-09 00:11:52 开始第 5622 次操作

2024-07-09 00:11:52 开始操作号码 【1565528】
2024-07-09 00:12:01 GSD getOne 第 1 次 等待 3 秒
2024-07-09 00:12:04 查询号码 【1565528】，返回信息 {"status":"ok","msg":"安徽-蚌埠","gid":"416439","time_insert":"2021-07-27 19:41"}
2024-07-09 00:12:04 查询号码 【1565528】，GSD为【"安徽-蚌埠"】

2024-07-09 00:12:05 开始第 5623 次操作

2024-07-09 00:12:05 开始操作号码 【1565529】
2024-07-09 00:12:13 GSD getOne 第 1 次 等待 3 秒
2024-07-09 00:12:16 查询号码 【1565529】，返回信息 {"status":"ok","msg":"安徽-蚌埠","gid":"416430","time_insert":"2021-07-27 19:40"}
2024-07-09 00:12:16 查询号码 【1565529】，GSD为【"安徽-蚌埠"】

2024-07-09 00:12:17 开始第 5624 次操作

2024-07-09 00:12:17 开始操作号码 【1565530】
2024-07-09 00:12:28 GSD getOne 第 1 次 等待 3 秒
2024-07-09 00:12:31 查询号码 【1565530】，返回信息 {"status":"ok","msg":"安徽-芜湖","gid":"416420","time_insert":"2021-07-27 19:40"}
2024-07-09 00:12:31 查询号码 【1565530】，GSD为【"安徽-芜湖"】

