2024-09-20 00:22:53 开始第 5449 次操作

2024-09-20 00:22:53 开始操作号码 【1455448】
2024-09-20 00:22:58 GSD getOne 第 1 次 等待 3 秒
2024-09-20 00:23:01 查询号码 【1455448】，返回信息 {"status":"ok","msg":"江苏-南京","gid":"86660","time_insert":"2021-06-08 18:55"}
2024-09-20 00:23:01 查询号码 【1455448】，GSD为【"江苏-南京"】

2024-09-20 00:23:02 开始第 5450 次操作

2024-09-20 00:23:02 开始操作号码 【1455449】
2024-09-20 00:23:04 GSD getOne 第 1 次 等待 3 秒
2024-09-20 00:23:07 查询号码 【1455449】，返回信息 {"status":"ok","msg":"江苏-南京","gid":"86665","time_insert":"2021-06-08 19:00"}
2024-09-20 00:23:07 查询号码 【1455449】，GSD为【"江苏-南京"】

2024-09-20 00:23:08 开始第 5451 次操作

2024-09-20 00:23:08 开始操作号码 【1455450】
2024-09-20 00:23:10 GSD getOne 第 1 次 等待 3 秒
2024-09-20 00:23:13 查询号码 【1455450】，返回信息 {"status":"ok","msg":"江苏-南京","gid":"86671","time_insert":"2021-06-08 19:05"}
2024-09-20 00:23:13 查询号码 【1455450】，GSD为【"江苏-南京"】

2024-09-20 00:23:14 开始第 5452 次操作

2024-09-20 00:23:14 开始操作号码 【1455451】
2024-09-20 00:23:16 GSD getOne 第 1 次 等待 3 秒
2024-09-20 00:23:19 查询号码 【1455451】，返回信息 {"status":"ok","msg":"江苏-南京","gid":"86675","time_insert":"2021-06-08 19:10"}
2024-09-20 00:23:19 查询号码 【1455451】，GSD为【"江苏-南京"】

2024-09-20 00:44:11 开始第 5453 次操作

2024-09-20 00:44:11 开始操作号码 【1455452】
2024-09-20 00:44:13 GSD getOne 第 1 次 等待 3 秒
2024-09-20 00:44:16 查询号码 【1455452】，返回信息 {"status":"ok","msg":"江苏-南京","gid":"86683","time_insert":"2021-06-08 19:16"}
2024-09-20 00:44:16 查询号码 【1455452】，GSD为【"江苏-南京"】

2024-09-20 00:44:17 开始第 5454 次操作

2024-09-20 00:44:17 开始操作号码 【1455453】
2024-09-20 00:44:19 GSD getOne 第 1 次 等待 3 秒
2024-09-20 00:44:22 查询号码 【1455453】，返回信息 {"status":"ok","msg":"江苏-南京","gid":"86688","time_insert":"2021-06-08 19:19"}
2024-09-20 00:44:22 查询号码 【1455453】，GSD为【"江苏-南京"】

2024-09-20 00:44:23 开始第 5455 次操作

2024-09-20 00:44:23 开始操作号码 【1455454】
2024-09-20 00:44:25 GSD getOne 第 1 次 等待 3 秒
2024-09-20 00:44:28 查询号码 【1455454】，返回信息 {"status":"ok","msg":"江苏-南京","gid":"86694","time_insert":"2021-06-08 19:25"}
2024-09-20 00:44:28 查询号码 【1455454】，GSD为【"江苏-南京"】

2024-09-20 00:44:29 开始第 5456 次操作

2024-09-20 00:44:29 开始操作号码 【1455455】
2024-09-20 00:44:31 GSD getOne 第 1 次 等待 3 秒
2024-09-20 00:44:34 查询号码 【1455455】，返回信息 {"status":"ok","msg":"江苏-南京","gid":"86696","time_insert":"2021-06-08 19:28"}
2024-09-20 00:44:34 查询号码 【1455455】，GSD为【"江苏-南京"】

2024-09-20 01:16:11 开始第 5457 次操作

2024-09-20 01:16:11 开始操作号码 【1455456】
2024-09-20 01:16:13 GSD getOne 第 1 次 等待 3 秒
2024-09-20 01:16:16 查询号码 【1455456】，返回信息 {"status":"ok","msg":"江苏-南京","gid":"86700","time_insert":"2021-06-08 19:31"}
2024-09-20 01:16:16 查询号码 【1455456】，GSD为【"江苏-南京"】

2024-09-20 01:16:17 开始第 5458 次操作

2024-09-20 01:16:17 开始操作号码 【1455457】
2024-09-20 01:16:19 GSD getOne 第 1 次 等待 3 秒
2024-09-20 01:16:22 查询号码 【1455457】，返回信息 {"status":"ok","msg":"江苏-南京","gid":"86703","time_insert":"2021-06-08 19:34"}
2024-09-20 01:16:22 查询号码 【1455457】，GSD为【"江苏-南京"】

2024-09-20 01:16:23 开始第 5459 次操作

2024-09-20 01:16:23 开始操作号码 【1455458】
2024-09-20 01:16:26 GSD getOne 第 1 次 等待 3 秒
2024-09-20 01:16:29 查询号码 【1455458】，返回信息 {"status":"ok","msg":"江苏-南京","gid":"86709","time_insert":"2021-06-08 19:40"}
2024-09-20 01:16:29 查询号码 【1455458】，GSD为【"江苏-南京"】

2024-09-20 01:16:30 开始第 5460 次操作

2024-09-20 01:16:30 开始操作号码 【1455459】
2024-09-20 01:16:32 GSD getOne 第 1 次 等待 3 秒
2024-09-20 01:16:35 查询号码 【1455459】，返回信息 {"status":"ok","msg":"江苏-南京","gid":"86715","time_insert":"2021-06-08 19:45"}
2024-09-20 01:16:35 查询号码 【1455459】，GSD为【"江苏-南京"】

2024-09-20 01:38:06 开始第 5461 次操作

2024-09-20 01:38:06 开始操作号码 【1455460】
2024-09-20 01:38:09 GSD getOne 第 1 次 等待 3 秒
2024-09-20 01:38:12 查询号码 【1455460】，返回信息 {"status":"ok","msg":"江苏-南京","gid":"86722","time_insert":"2021-06-08 19:49"}
2024-09-20 01:38:12 查询号码 【1455460】，GSD为【"江苏-南京"】

2024-09-20 01:38:13 开始第 5462 次操作

2024-09-20 01:38:13 开始操作号码 【1455461】
2024-09-20 01:38:15 GSD getOne 第 1 次 等待 3 秒
2024-09-20 01:38:18 查询号码 【1455461】，返回信息 {"status":"ok","msg":"江苏-南京","gid":"86727","time_insert":"2021-06-08 19:54"}
2024-09-20 01:38:18 查询号码 【1455461】，GSD为【"江苏-南京"】

2024-09-20 01:38:19 开始第 5463 次操作

2024-09-20 01:38:19 开始操作号码 【1455462】
2024-09-20 01:38:21 GSD getOne 第 1 次 等待 3 秒
2024-09-20 01:38:24 查询号码 【1455462】，返回信息 {"status":"ok","msg":"江苏-南京","gid":"86732","time_insert":"2021-06-08 19:57"}
2024-09-20 01:38:24 查询号码 【1455462】，GSD为【"江苏-南京"】

2024-09-20 01:38:25 开始第 5464 次操作

2024-09-20 01:38:25 开始操作号码 【1455463】
2024-09-20 01:38:27 GSD getOne 第 1 次 等待 3 秒
2024-09-20 01:38:30 查询号码 【1455463】，返回信息 {"status":"ok","msg":"江苏-南京","gid":"86737","time_insert":"2021-06-08 20:02"}
2024-09-20 01:38:30 查询号码 【1455463】，GSD为【"江苏-南京"】

2024-09-20 02:24:36 开始第 5465 次操作

2024-09-20 02:24:36 开始操作号码 【1455464】
2024-09-20 02:24:38 GSD getOne 第 1 次 等待 3 秒
2024-09-20 02:24:41 查询号码 【1455464】，返回信息 {"status":"ok","msg":"江苏-南京","gid":"86742","time_insert":"2021-06-08 20:06"}
2024-09-20 02:24:41 查询号码 【1455464】，GSD为【"江苏-南京"】

2024-09-20 02:24:42 开始第 5466 次操作

2024-09-20 02:24:42 开始操作号码 【1455465】
2024-09-20 02:24:44 GSD getOne 第 1 次 等待 3 秒
2024-09-20 02:24:47 查询号码 【1455465】，返回信息 {"status":"ok","msg":"江苏-南京","gid":"86746","time_insert":"2021-06-08 20:11"}
2024-09-20 02:24:47 查询号码 【1455465】，GSD为【"江苏-南京"】

2024-09-20 02:24:48 开始第 5467 次操作

2024-09-20 02:24:48 开始操作号码 【1455466】
2024-09-20 02:24:50 GSD getOne 第 1 次 等待 3 秒
2024-09-20 02:24:53 查询号码 【1455466】，返回信息 {"status":"ok","msg":"江苏-南京","gid":"86752","time_insert":"2021-06-08 20:15"}
2024-09-20 02:24:53 查询号码 【1455466】，GSD为【"江苏-南京"】

2024-09-20 02:24:54 开始第 5468 次操作

2024-09-20 02:24:54 开始操作号码 【1455467】
2024-09-20 02:24:56 GSD getOne 第 1 次 等待 3 秒
2024-09-20 02:24:59 查询号码 【1455467】，返回信息 {"status":"ok","msg":"江苏-南京","gid":"86759","time_insert":"2021-06-08 20:19"}
2024-09-20 02:24:59 查询号码 【1455467】，GSD为【"江苏-南京"】

2024-09-20 02:42:59 开始第 5469 次操作

2024-09-20 02:42:59 开始操作号码 【1455468】
2024-09-20 02:43:02 GSD getOne 第 1 次 等待 3 秒
2024-09-20 02:43:05 查询号码 【1455468】，返回信息 {"status":"ok","msg":"江苏-南京","gid":"86762","time_insert":"2021-06-08 20:22"}
2024-09-20 02:43:05 查询号码 【1455468】，GSD为【"江苏-南京"】

2024-09-20 02:43:06 开始第 5470 次操作

2024-09-20 02:43:06 开始操作号码 【1455469】
2024-09-20 02:43:08 GSD getOne 第 1 次 等待 3 秒
2024-09-20 02:43:11 查询号码 【1455469】，返回信息 {"status":"ok","msg":"江苏-南京","gid":"86764","time_insert":"2021-06-08 20:27"}
2024-09-20 02:43:11 查询号码 【1455469】，GSD为【"江苏-南京"】

2024-09-20 02:43:12 开始第 5471 次操作

2024-09-20 02:43:12 开始操作号码 【1455470】
2024-09-20 02:43:14 GSD getOne 第 1 次 等待 3 秒
2024-09-20 02:43:17 查询号码 【1455470】，返回信息 {"status":"ok","msg":"江苏-南京","gid":"86771","time_insert":"2021-06-08 20:31"}
2024-09-20 02:43:17 查询号码 【1455470】，GSD为【"江苏-南京"】

2024-09-20 02:43:18 开始第 5472 次操作

2024-09-20 02:43:18 开始操作号码 【1455471】
2024-09-20 02:43:20 GSD getOne 第 1 次 等待 3 秒
2024-09-20 02:43:23 查询号码 【1455471】，返回信息 {"status":"ok","msg":"江苏-南京","gid":"86781","time_insert":"2021-06-08 20:37"}
2024-09-20 02:43:23 查询号码 【1455471】，GSD为【"江苏-南京"】

2024-09-20 03:14:44 开始第 5473 次操作

2024-09-20 03:14:44 开始操作号码 【1455472】
2024-09-20 03:14:46 GSD getOne 第 1 次 等待 3 秒
2024-09-20 03:14:49 查询号码 【1455472】，返回信息 {"status":"ok","msg":"江苏-南京","gid":"86783","time_insert":"2021-06-08 20:40"}
2024-09-20 03:14:49 查询号码 【1455472】，GSD为【"江苏-南京"】

2024-09-20 03:14:50 开始第 5474 次操作

2024-09-20 03:14:50 开始操作号码 【1455473】
2024-09-20 03:14:52 GSD getOne 第 1 次 等待 3 秒
2024-09-20 03:14:55 查询号码 【1455473】，返回信息 {"status":"ok","msg":"江苏-南京","gid":"86787","time_insert":"2021-06-08 20:45"}
2024-09-20 03:14:55 查询号码 【1455473】，GSD为【"江苏-南京"】

2024-09-20 03:14:56 开始第 5475 次操作

2024-09-20 03:14:56 开始操作号码 【1455474】
2024-09-20 03:14:58 GSD getOne 第 1 次 等待 3 秒
2024-09-20 03:15:01 查询号码 【1455474】，返回信息 {"status":"ok","msg":"江苏-南京","gid":"86791","time_insert":"2021-06-08 20:50"}
2024-09-20 03:15:01 查询号码 【1455474】，GSD为【"江苏-南京"】

2024-09-20 03:15:02 开始第 5476 次操作

2024-09-20 03:15:02 开始操作号码 【1455475】
2024-09-20 03:15:05 GSD getOne 第 1 次 等待 3 秒
2024-09-20 03:15:08 查询号码 【1455475】，返回信息 {"status":"ok","msg":"江苏-南京","gid":"86799","time_insert":"2021-06-08 20:54"}
2024-09-20 03:15:08 查询号码 【1455475】，GSD为【"江苏-南京"】

