2021-07-14 00:01:09 开始第 17 次操作

2021-07-14 00:01:09 开始操作号码 【1722832】
2021-07-14 00:01:15 GSD getOne 第 1 次 等待 1 秒
2021-07-14 00:01:16 查询号码 【1722832】，返回信息 {"status":"bad","msg":""}
2021-07-14 00:01:16 查询号码 【1722832】，GSD为【""】
2021-07-14 00:01:16 bad
2021-07-14 00:01:18 CHB 1722832?1626192076 第 1 次 等待 1 秒
2021-07-14 00:01:19 CHB 1722832?1626192076 第 1 次 获取到号码【1722832】GSD
2021-07-14 00:01:19 获取到号码【1722832】的GSD为【广东-广州】
2021-07-14 00:01:37 GSD insert 第 1 次 等待 1 秒
2021-07-14 00:01:38 {"status":"ok","gid":269583,"msg":"添加成功！"}
2021-07-14 00:01:38 下次操作: 2021-07-14 00:01:55

2021-07-14 00:01:55 开始第 18 次操作

2021-07-14 00:01:55 开始操作号码 【1722833】
2021-07-14 00:01:58 GSD getOne 第 1 次 等待 1 秒
2021-07-14 00:01:59 查询号码 【1722833】，返回信息 {"status":"bad","msg":""}
2021-07-14 00:01:59 查询号码 【1722833】，GSD为【""】
2021-07-14 00:01:59 bad
2021-07-14 00:02:02 CHB 1722833?1626192119 第 1 次 等待 1 秒
2021-07-14 00:02:03 CHB 1722833?1626192119 第 1 次 获取到号码【1722833】GSD
2021-07-14 00:02:03 获取到号码【1722833】的GSD为【广东-广州】
2021-07-14 00:02:21 GSD insert 第 1 次 等待 1 秒
2021-07-14 00:02:22 {"status":"ok","gid":269595,"msg":"添加成功！"}
2021-07-14 00:02:22 下次操作: 2021-07-14 00:02:35

2021-07-14 00:02:35 开始第 19 次操作

2021-07-14 00:02:35 开始操作号码 【1722834】
2021-07-14 00:02:47 GSD getOne 第 1 次 等待 1 秒
2021-07-14 00:02:48 查询号码 【1722834】，返回信息 {"status":"bad","msg":""}
2021-07-14 00:02:48 查询号码 【1722834】，GSD为【""】
2021-07-14 00:02:48 bad
2021-07-14 00:02:50 CHB 1722834?1626192168 第 1 次 等待 1 秒
2021-07-14 00:02:51 CHB 1722834?1626192168 第 1 次 获取到号码【1722834】GSD
2021-07-14 00:02:51 获取到号码【1722834】的GSD为【广东-广州】
2021-07-14 00:03:09 GSD insert 第 1 次 等待 1 秒
2021-07-14 00:03:10 {"status":"ok","gid":269608,"msg":"添加成功！"}
2021-07-14 00:03:10 下次操作: 2021-07-14 00:03:19

2021-07-14 00:03:19 开始第 20 次操作

2021-07-14 00:03:19 开始操作号码 【1722835】
2021-07-14 00:03:29 GSD getOne 第 1 次 等待 1 秒
2021-07-14 00:03:30 查询号码 【1722835】，返回信息 {"status":"bad","msg":""}
2021-07-14 00:03:31 查询号码 【1722835】，GSD为【""】
2021-07-14 00:03:31 bad
2021-07-14 00:03:37 CHB 1722835?1626192211 第 1 次 等待 1 秒
2021-07-14 00:03:38 CHB 1722835?1626192211 第 1 次 获取到号码【1722835】GSD
2021-07-14 00:03:38 获取到号码【1722835】的GSD为【广东-广州】
2021-07-14 00:03:56 GSD insert 第 1 次 等待 1 秒
2021-07-14 00:03:57 {"status":"ok","gid":269619,"msg":"添加成功！"}
2021-07-14 00:03:57 下次操作: 2021-07-14 00:04:04

2021-07-14 00:04:04 开始第 21 次操作

2021-07-14 00:04:04 开始操作号码 【1722836】
2021-07-14 00:04:27 GSD getOne 第 1 次 等待 1 秒
2021-07-14 00:04:28 查询号码 【1722836】，返回信息 {"status":"bad","msg":""}
2021-07-14 00:04:28 查询号码 【1722836】，GSD为【""】
2021-07-14 00:04:28 bad
2021-07-14 00:04:55 CHB 1722836?1626192268 第 1 次 等待 1 秒
2021-07-14 00:04:56 CHB 1722836?1626192268 第 1 次 获取到号码【1722836】GSD
2021-07-14 00:04:57 获取到号码【1722836】的GSD为【广东-广州】
2021-07-14 00:05:01 GSD insert 第 1 次 等待 1 秒
2021-07-14 00:05:02 {"status":"ok","gid":269629,"msg":"添加成功！"}
2021-07-14 00:05:02 下次操作: 2021-07-14 00:05:16

2021-07-14 00:05:16 开始第 22 次操作

2021-07-14 00:05:16 开始操作号码 【1722837】
2021-07-14 00:05:26 GSD getOne 第 1 次 等待 1 秒
2021-07-14 00:05:27 查询号码 【1722837】，返回信息 {"status":"bad","msg":""}
2021-07-14 00:05:27 查询号码 【1722837】，GSD为【""】
2021-07-14 00:05:27 bad
2021-07-14 00:05:29 CHB 1722837?1626192327 第 1 次 等待 1 秒
2021-07-14 00:05:30 CHB 1722837?1626192327 第 1 次 获取到号码【1722837】GSD
2021-07-14 00:05:30 获取到号码【1722837】的GSD为【广东-广州】
2021-07-14 00:06:17 GSD insert 第 1 次 等待 1 秒
2021-07-14 00:06:18 {"status":"ok","gid":269636,"msg":"添加成功！"}
2021-07-14 00:06:18 下次操作: 2021-07-14 00:06:28

2021-07-14 00:06:28 开始第 23 次操作

2021-07-14 00:06:28 开始操作号码 【1722838】
2021-07-14 00:06:38 GSD getOne 第 1 次 等待 1 秒
2021-07-14 00:06:39 查询号码 【1722838】，返回信息 {"status":"bad","msg":""}
2021-07-14 00:06:39 查询号码 【1722838】，GSD为【""】
2021-07-14 00:06:39 bad
2021-07-14 00:06:41 CHB 1722838?1626192399 第 1 次 等待 1 秒
2021-07-14 00:06:42 CHB 1722838?1626192399 第 1 次 获取到号码【1722838】GSD
2021-07-14 00:06:42 获取到号码【1722838】的GSD为【广东-广州】
2021-07-14 00:07:06 GSD insert 第 1 次 等待 1 秒
2021-07-14 00:07:07 {"status":"ok","gid":269638,"msg":"添加成功！"}
2021-07-14 00:07:07 下次操作: 2021-07-14 00:07:19

2021-07-14 00:07:19 开始第 24 次操作

2021-07-14 00:07:19 开始操作号码 【1722839】
2021-07-14 00:07:27 GSD getOne 第 1 次 等待 1 秒
2021-07-14 00:07:28 查询号码 【1722839】，返回信息 {"status":"bad","msg":""}
2021-07-14 00:07:28 查询号码 【1722839】，GSD为【""】
2021-07-14 00:07:28 bad
2021-07-14 00:07:30 CHB 1722839?1626192448 第 1 次 等待 1 秒
2021-07-14 00:07:31 CHB 1722839?1626192448 第 1 次 获取到号码【1722839】GSD
2021-07-14 00:07:31 获取到号码【1722839】的GSD为【广东-广州】
2021-07-14 00:07:51 GSD insert 第 1 次 等待 1 秒
2021-07-14 00:07:52 {"status":"ok","gid":269643,"msg":"添加成功！"}
2021-07-14 00:07:52 下次操作: 2021-07-14 00:08:03

2021-07-14 00:08:03 开始第 25 次操作

2021-07-14 00:08:03 开始操作号码 【1722840】
2021-07-14 00:08:13 GSD getOne 第 1 次 等待 1 秒
2021-07-14 00:08:14 查询号码 【1722840】，返回信息 {"status":"bad","msg":""}
2021-07-14 00:08:14 查询号码 【1722840】，GSD为【""】
2021-07-14 00:08:14 bad
2021-07-14 00:08:16 CHB 1722840?1626192494 第 1 次 等待 1 秒
2021-07-14 00:08:17 CHB 1722840?1626192494 第 1 次 获取到号码【1722840】GSD
2021-07-14 00:08:17 获取到号码【1722840】的GSD为【广东-广州】
2021-07-14 00:08:38 GSD insert 第 1 次 等待 1 秒
2021-07-14 00:08:39 {"status":"ok","gid":269644,"msg":"添加成功！"}
2021-07-14 00:08:39 下次操作: 2021-07-14 00:08:54

2021-07-14 00:08:54 开始第 26 次操作

2021-07-14 00:08:54 开始操作号码 【1722841】
2021-07-14 00:08:57 GSD getOne 第 1 次 等待 1 秒
2021-07-14 00:08:58 查询号码 【1722841】，返回信息 {"status":"bad","msg":""}
2021-07-14 00:08:58 查询号码 【1722841】，GSD为【""】
2021-07-14 00:08:58 bad
2021-07-14 00:09:04 CHB 1722841?1626192538 第 1 次 等待 1 秒
2021-07-14 00:09:05 CHB 1722841?1626192538 第 1 次 获取到号码【1722841】GSD
2021-07-14 00:09:05 获取到号码【1722841】的GSD为【广东-广州】
2021-07-14 00:09:25 GSD insert 第 1 次 等待 1 秒
2021-07-14 00:09:26 {"status":"ok","gid":269646,"msg":"添加成功！"}
2021-07-14 00:09:26 下次操作: 2021-07-14 00:09:44

2021-07-14 00:09:44 开始第 27 次操作

2021-07-14 00:09:44 开始操作号码 【1722842】
2021-07-14 00:09:51 GSD getOne 第 1 次 等待 1 秒
2021-07-14 00:09:52 查询号码 【1722842】，返回信息 {"status":"bad","msg":""}
2021-07-14 00:09:52 查询号码 【1722842】，GSD为【""】
2021-07-14 00:09:52 bad
2021-07-14 00:09:56 CHB 1722842?1626192592 第 1 次 等待 1 秒
2021-07-14 00:09:57 CHB 1722842?1626192592 第 1 次 获取到号码【1722842】GSD
2021-07-14 00:09:57 获取到号码【1722842】的GSD为【广东-广州】
2021-07-14 00:10:21 GSD insert 第 1 次 等待 1 秒
2021-07-14 00:10:22 {"status":"ok","gid":269648,"msg":"添加成功！"}
2021-07-14 00:10:22 下次操作: 2021-07-14 00:10:37

2021-07-14 00:10:37 开始第 28 次操作

2021-07-14 00:10:37 开始操作号码 【1722843】
2021-07-14 00:10:42 GSD getOne 第 1 次 等待 1 秒
2021-07-14 00:10:43 查询号码 【1722843】，返回信息 {"status":"bad","msg":""}
2021-07-14 00:10:43 查询号码 【1722843】，GSD为【""】
2021-07-14 00:10:43 bad
2021-07-14 00:10:47 CHB 1722843?1626192643 第 1 次 等待 1 秒
2021-07-14 00:10:48 CHB 1722843?1626192643 第 1 次 获取到号码【1722843】GSD
2021-07-14 00:10:48 获取到号码【1722843】的GSD为【广东-广州】
2021-07-14 00:11:06 GSD insert 第 1 次 等待 1 秒
2021-07-14 00:11:07 {"status":"ok","gid":269649,"msg":"添加成功！"}
2021-07-14 00:11:07 下次操作: 2021-07-14 00:11:22

2021-07-14 00:11:22 开始第 29 次操作

2021-07-14 00:11:22 开始操作号码 【1722844】
2021-07-14 00:11:41 GSD getOne 第 1 次 等待 1 秒
2021-07-14 00:11:42 查询号码 【1722844】，返回信息 {"status":"bad","msg":""}
2021-07-14 00:11:42 查询号码 【1722844】，GSD为【""】
2021-07-14 00:11:42 bad
2021-07-14 00:11:46 CHB 1722844?1626192702 第 1 次 等待 1 秒
2021-07-14 00:11:47 CHB 1722844?1626192702 第 1 次 获取到号码【1722844】GSD
2021-07-14 00:11:47 获取到号码【1722844】的GSD为【广东-广州】
2021-07-14 00:12:06 GSD insert 第 1 次 等待 1 秒
2021-07-14 00:12:07 {"status":"ok","gid":269655,"msg":"添加成功！"}
2021-07-14 00:12:07 下次操作: 2021-07-14 00:12:21

2021-07-14 00:12:21 开始第 30 次操作

2021-07-14 00:12:21 开始操作号码 【1722845】
2021-07-14 00:12:27 GSD getOne 第 1 次 等待 1 秒
2021-07-14 00:12:28 查询号码 【1722845】，返回信息 {"status":"bad","msg":""}
2021-07-14 00:12:28 查询号码 【1722845】，GSD为【""】
2021-07-14 00:12:28 bad
2021-07-14 00:12:30 CHB 1722845?1626192748 第 1 次 等待 1 秒
2021-07-14 00:12:31 CHB 1722845?1626192748 第 1 次 获取到号码【1722845】GSD
2021-07-14 00:12:31 获取到号码【1722845】的GSD为【广东-广州】
2021-07-14 00:12:50 GSD insert 第 1 次 等待 1 秒
2021-07-14 00:12:51 {"status":"ok","gid":269657,"msg":"添加成功！"}

