2024-09-28 00:23:36 开始第 6813 次操作

2024-09-28 00:23:36 开始操作号码 【1456812】
2024-09-28 00:23:38 GSD getOne 第 1 次 等待 3 秒
2024-09-28 00:23:41 查询号码 【1456812】，返回信息 {"status":"ok","msg":"上海-上海","gid":"94650","time_insert":"2021-06-13 12:27","time_update":"2021-08-02 15:56"}
2024-09-28 00:23:41 查询号码 【1456812】，GSD为【"上海-上海"】

2024-09-28 00:23:42 开始第 6814 次操作

2024-09-28 00:23:42 开始操作号码 【1456813】
2024-09-28 00:23:45 GSD getOne 第 1 次 等待 3 秒
2024-09-28 00:23:48 查询号码 【1456813】，返回信息 {"status":"ok","msg":"上海-上海","gid":"94655","time_insert":"2021-06-13 12:32","time_update":"2021-08-02 15:48"}
2024-09-28 00:23:48 查询号码 【1456813】，GSD为【"上海-上海"】

2024-09-28 00:23:49 开始第 6815 次操作

2024-09-28 00:23:49 开始操作号码 【1456814】
2024-09-28 00:23:52 GSD getOne 第 1 次 等待 3 秒
2024-09-28 00:23:55 查询号码 【1456814】，返回信息 {"status":"ok","msg":"上海-上海","gid":"94661","time_insert":"2021-06-13 12:36","time_update":"2021-08-02 15:41"}
2024-09-28 00:23:55 查询号码 【1456814】，GSD为【"上海-上海"】

2024-09-28 00:23:56 开始第 6816 次操作

2024-09-28 00:23:56 开始操作号码 【1456815】
2024-09-28 00:23:58 GSD getOne 第 1 次 等待 3 秒
2024-09-28 00:24:01 查询号码 【1456815】，返回信息 {"status":"ok","msg":"上海-上海","gid":"94665","time_insert":"2021-06-13 12:40","time_update":"2021-08-02 15:35"}
2024-09-28 00:24:01 查询号码 【1456815】，GSD为【"上海-上海"】

