2024-01-16 00:10:10 开始第 9209 次操作

2024-01-16 00:10:10 开始操作号码 【1899118】
2024-01-16 00:10:15 GSD getOne 第 1 次 等待 3 秒
2024-01-16 00:10:18 查询号码 【1899118】，返回信息 {"status":"ok","msg":"陕西-西安","gid":"438678","time_insert":"2021-07-30 00:08"}
2024-01-16 00:10:18 查询号码 【1899118】，GSD为【"陕西-西安"】

2024-01-16 00:10:19 开始第 9210 次操作

2024-01-16 00:10:19 开始操作号码 【1899119】
2024-01-16 00:10:23 GSD getOne 第 1 次 等待 3 秒
2024-01-16 00:10:26 查询号码 【1899119】，返回信息 {"status":"ok","msg":"陕西-西安","gid":"438668","time_insert":"2021-07-30 00:08"}
2024-01-16 00:10:26 查询号码 【1899119】，GSD为【"陕西-西安"】

2024-01-16 00:10:27 开始第 9211 次操作

2024-01-16 00:10:27 开始操作号码 【1899120】
2024-01-16 00:10:31 GSD getOne 第 1 次 等待 3 秒
2024-01-16 00:10:34 查询号码 【1899120】，返回信息 {"status":"ok","msg":"陕西-西安","gid":"438653","time_insert":"2021-07-30 00:07"}
2024-01-16 00:10:34 查询号码 【1899120】，GSD为【"陕西-西安"】

2024-01-16 00:10:35 开始第 9212 次操作

2024-01-16 00:10:35 开始操作号码 【1899121】
2024-01-16 00:10:39 GSD getOne 第 1 次 等待 3 秒
2024-01-16 00:10:42 查询号码 【1899121】，返回信息 {"status":"ok","msg":"陕西-西安","gid":"438643","time_insert":"2021-07-30 00:06"}
2024-01-16 00:10:42 查询号码 【1899121】，GSD为【"陕西-西安"】

