2024-06-28 00:11:07 开始第 3613 次操作

2024-06-28 00:11:07 开始操作号码 【1563519】
2024-06-28 00:11:23 GSD getOne 第 1 次 等待 3 秒
2024-06-28 00:11:26 查询号码 【1563519】，返回信息 {"status":"ok","msg":"山西-太原","gid":"304797","time_insert":"2021-07-17 16:04"}
2024-06-28 00:11:26 查询号码 【1563519】，GSD为【"山西-太原"】

2024-06-28 00:11:27 开始第 3614 次操作

2024-06-28 00:11:27 开始操作号码 【1563520】
2024-06-28 00:11:42 GSD getOne 第 1 次 等待 3 秒
2024-06-28 00:11:45 查询号码 【1563520】，返回信息 {"status":"ok","msg":"山西-大同","gid":"304844","time_insert":"2021-07-17 16:14"}
2024-06-28 00:11:45 查询号码 【1563520】，GSD为【"山西-大同"】

2024-06-28 00:11:46 开始第 3615 次操作

2024-06-28 00:11:46 开始操作号码 【1563521】
2024-06-28 00:12:00 GSD getOne 第 1 次 等待 3 秒
2024-06-28 00:12:03 查询号码 【1563521】，返回信息 {"status":"ok","msg":"山西-大同","gid":"304867","time_insert":"2021-07-17 16:24"}
2024-06-28 00:12:03 查询号码 【1563521】，GSD为【"山西-大同"】

2024-06-28 00:12:04 开始第 3616 次操作

2024-06-28 00:12:04 开始操作号码 【1563522】
2024-06-28 00:12:22 GSD getOne 第 1 次 等待 3 秒
2024-06-28 00:12:25 查询号码 【1563522】，返回信息 {"status":"ok","msg":"山西-大同","gid":"304885","time_insert":"2021-07-17 16:33"}
2024-06-28 00:12:25 查询号码 【1563522】，GSD为【"山西-大同"】

