2024-09-25 00:24:01 开始第 6305 次操作

2024-09-25 00:24:01 开始操作号码 【1456304】
2024-09-25 00:24:03 GSD getOne 第 1 次 等待 3 秒
2024-09-25 00:24:06 查询号码 【1456304】，返回信息 {"status":"ok","msg":"黑龙江-佳木斯","gid":"91865","time_insert":"2021-06-11 21:16","time_update":"2021-08-02 21:13"}
2024-09-25 00:24:06 查询号码 【1456304】，GSD为【"黑龙江-佳木斯"】

2024-09-25 00:24:07 开始第 6306 次操作

2024-09-25 00:24:07 开始操作号码 【1456305】
2024-09-25 00:24:09 GSD getOne 第 1 次 等待 3 秒
2024-09-25 00:24:12 查询号码 【1456305】，返回信息 {"status":"ok","msg":"黑龙江-佳木斯","gid":"91870","time_insert":"2021-06-11 21:22","time_update":"2021-08-02 21:25"}
2024-09-25 00:24:12 查询号码 【1456305】，GSD为【"黑龙江-佳木斯"】

2024-09-25 00:24:13 开始第 6307 次操作

2024-09-25 00:24:13 开始操作号码 【1456306】
2024-09-25 00:24:16 GSD getOne 第 1 次 等待 3 秒
2024-09-25 00:24:19 查询号码 【1456306】，返回信息 {"status":"ok","msg":"黑龙江-佳木斯","gid":"91875","time_insert":"2021-06-11 21:26","time_update":"2021-08-02 21:39"}
2024-09-25 00:24:19 查询号码 【1456306】，GSD为【"黑龙江-佳木斯"】

2024-09-25 00:24:20 开始第 6308 次操作

2024-09-25 00:24:20 开始操作号码 【1456307】
2024-09-25 00:24:23 GSD getOne 第 1 次 等待 3 秒
2024-09-25 00:24:26 查询号码 【1456307】，返回信息 {"status":"ok","msg":"黑龙江-佳木斯","gid":"91878","time_insert":"2021-06-11 21:30","time_update":"2021-08-02 21:40"}
2024-09-25 00:24:26 查询号码 【1456307】，GSD为【"黑龙江-佳木斯"】

2024-09-25 00:45:13 开始第 6309 次操作

2024-09-25 00:45:13 开始操作号码 【1456308】
2024-09-25 00:45:16 GSD getOne 第 1 次 等待 3 秒
2024-09-25 00:45:19 查询号码 【1456308】，返回信息 {"status":"ok","msg":"黑龙江-佳木斯","gid":"91882","time_insert":"2021-06-11 21:35","time_update":"2021-08-02 21:51"}
2024-09-25 00:45:19 查询号码 【1456308】，GSD为【"黑龙江-佳木斯"】

2024-09-25 00:45:20 开始第 6310 次操作

2024-09-25 00:45:20 开始操作号码 【1456309】
2024-09-25 00:45:22 GSD getOne 第 1 次 等待 3 秒
2024-09-25 00:45:25 查询号码 【1456309】，返回信息 {"status":"ok","msg":"黑龙江-佳木斯","gid":"91890","time_insert":"2021-06-11 21:40","time_update":"2021-08-02 21:57"}
2024-09-25 00:45:25 查询号码 【1456309】，GSD为【"黑龙江-佳木斯"】

2024-09-25 00:45:26 开始第 6311 次操作

2024-09-25 00:45:26 开始操作号码 【1456310】
2024-09-25 00:45:28 GSD getOne 第 1 次 等待 3 秒
2024-09-25 00:45:31 查询号码 【1456310】，返回信息 {"status":"ok","msg":"黑龙江-佳木斯","gid":"91896","time_insert":"2021-06-11 21:45","time_update":"2021-08-02 21:53"}
2024-09-25 00:45:32 查询号码 【1456310】，GSD为【"黑龙江-佳木斯"】

2024-09-25 00:45:33 开始第 6312 次操作

2024-09-25 00:45:33 开始操作号码 【1456311】
2024-09-25 00:45:34 GSD getOne 第 1 次 等待 3 秒
2024-09-25 00:45:37 查询号码 【1456311】，返回信息 {"status":"ok","msg":"黑龙江-佳木斯","gid":"91901","time_insert":"2021-06-11 21:50","time_update":"2021-08-02 22:01"}
2024-09-25 00:45:37 查询号码 【1456311】，GSD为【"黑龙江-佳木斯"】

