2024-04-10 00:08:43 开始第 2925 次操作

2024-04-10 00:08:43 开始操作号码 【1672835】
2024-04-10 00:08:50 GSD getOne 第 1 次 等待 3 秒
2024-04-10 00:08:53 查询号码 【1672835】，返回信息 {"status":"ok","msg":"四川-南充","gid":"250146","time_insert":"2021-07-11 18:45"}
2024-04-10 00:08:54 查询号码 【1672835】，GSD为【"四川-南充"】

2024-04-10 00:08:55 开始第 2926 次操作

2024-04-10 00:08:55 开始操作号码 【1672836】
2024-04-10 00:08:59 GSD getOne 第 1 次 等待 3 秒
2024-04-10 00:09:02 查询号码 【1672836】，返回信息 {"status":"ok","msg":"四川-南充","gid":"250150","time_insert":"2021-07-11 18:45"}
2024-04-10 00:09:02 查询号码 【1672836】，GSD为【"四川-南充"】

2024-04-10 00:09:03 开始第 2927 次操作

2024-04-10 00:09:03 开始操作号码 【1672837】
2024-04-10 00:09:09 GSD getOne 第 1 次 等待 3 秒
2024-04-10 00:09:12 查询号码 【1672837】，返回信息 {"status":"ok","msg":"四川-南充","gid":"250158","time_insert":"2021-07-11 18:45"}
2024-04-10 00:09:12 查询号码 【1672837】，GSD为【"四川-南充"】

2024-04-10 00:09:13 开始第 2928 次操作

2024-04-10 00:09:13 开始操作号码 【1672838】
2024-04-10 00:09:19 GSD getOne 第 1 次 等待 3 秒
2024-04-10 00:09:22 查询号码 【1672838】，返回信息 {"status":"ok","msg":"四川-德阳","gid":"250164","time_insert":"2021-07-11 18:46"}
2024-04-10 00:09:22 查询号码 【1672838】，GSD为【"四川-德阳"】

2024-04-10 00:35:53 开始第 2929 次操作

2024-04-10 00:35:53 开始操作号码 【1672839】
2024-04-10 00:35:59 GSD getOne 第 1 次 等待 3 秒
2024-04-10 00:36:02 查询号码 【1672839】，返回信息 {"status":"ok","msg":"四川-南充","gid":"250173","time_insert":"2021-07-11 18:46"}
2024-04-10 00:36:02 查询号码 【1672839】，GSD为【"四川-南充"】

2024-04-10 00:36:03 开始第 2930 次操作

2024-04-10 00:36:03 开始操作号码 【1672840】
2024-04-10 00:36:09 GSD getOne 第 1 次 等待 3 秒
2024-04-10 00:36:12 查询号码 【1672840】，返回信息 {"status":"ok","msg":"陕西-榆林","gid":"250181","time_insert":"2021-07-11 18:47"}
2024-04-10 00:36:12 查询号码 【1672840】，GSD为【"陕西-榆林"】

2024-04-10 00:36:13 开始第 2931 次操作

2024-04-10 00:36:13 开始操作号码 【1672841】
2024-04-10 00:36:19 GSD getOne 第 1 次 等待 3 秒
2024-04-10 00:36:22 查询号码 【1672841】，返回信息 {"status":"ok","msg":"陕西-榆林","gid":"250188","time_insert":"2021-07-11 18:47"}
2024-04-10 00:36:22 查询号码 【1672841】，GSD为【"陕西-榆林"】

2024-04-10 00:36:23 开始第 2932 次操作

2024-04-10 00:36:23 开始操作号码 【1672842】
2024-04-10 00:36:30 GSD getOne 第 1 次 等待 3 秒
2024-04-10 00:36:33 查询号码 【1672842】，返回信息 {"status":"ok","msg":"陕西-西安","gid":"250193","time_insert":"2021-07-11 18:47"}
2024-04-10 00:36:33 查询号码 【1672842】，GSD为【"陕西-西安"】

