2024-12-17 00:29:19 开始第 9949 次操作

2024-12-17 00:29:19 开始操作号码 【1349948】
2024-12-17 00:29:20 GSD getOne 第 1 次 等待 3 秒
2024-12-17 00:29:23 查询号码 【1349948】，返回信息 {"status":"ok","msg":"北京-北京","gid":"301717","time_insert":"2021-07-17 09:45"}
2024-12-17 00:29:23 查询号码 【1349948】，GSD为【"北京-北京"】

2024-12-17 00:29:24 开始第 9950 次操作

2024-12-17 00:29:24 开始操作号码 【1349949】
2024-12-17 00:29:26 GSD getOne 第 1 次 等待 3 秒
2024-12-17 00:29:29 查询号码 【1349949】，返回信息 {"status":"ok","msg":"北京-北京","gid":"301706","time_insert":"2021-07-17 09:44"}
2024-12-17 00:29:29 查询号码 【1349949】，GSD为【"北京-北京"】

2024-12-17 00:29:30 开始第 9951 次操作

2024-12-17 00:29:30 开始操作号码 【1349950】
2024-12-17 00:29:31 GSD getOne 第 1 次 等待 3 秒
2024-12-17 00:29:34 查询号码 【1349950】，返回信息 {"status":"ok","msg":"北京-北京","gid":"301688","time_insert":"2021-07-17 09:43"}
2024-12-17 00:29:34 查询号码 【1349950】，GSD为【"北京-北京"】

2024-12-17 00:29:35 开始第 9952 次操作

2024-12-17 00:29:35 开始操作号码 【1349951】
2024-12-17 00:29:36 GSD getOne 第 1 次 等待 3 秒
2024-12-17 00:29:39 查询号码 【1349951】，返回信息 {"status":"ok","msg":"北京-北京","gid":"301677","time_insert":"2021-07-17 09:42"}
2024-12-17 00:29:40 查询号码 【1349951】，GSD为【"北京-北京"】

