2024-03-20 00:10:38 开始第 21 次操作

2024-03-20 00:10:38 开始操作号码 【1789930】
2024-03-20 00:10:43 GSD getOne 第 1 次 等待 3 秒
2024-03-20 00:10:46 查询号码 【1789930】，返回信息 {"status":"ok","msg":"甘肃-临夏","gid":"251864","time_insert":"2021-07-11 23:54"}
2024-03-20 00:10:46 查询号码 【1789930】，GSD为【"甘肃-临夏"】

2024-03-20 00:10:47 开始第 22 次操作

2024-03-20 00:10:47 开始操作号码 【1789931】
2024-03-20 00:10:52 GSD getOne 第 1 次 等待 3 秒
2024-03-20 00:10:55 查询号码 【1789931】，返回信息 {"status":"ok","msg":"甘肃-兰州","gid":"251852","time_insert":"2021-07-11 23:53"}
2024-03-20 00:10:55 查询号码 【1789931】，GSD为【"甘肃-兰州"】

2024-03-20 00:10:56 开始第 23 次操作

2024-03-20 00:10:56 开始操作号码 【1789932】
2024-03-20 00:11:00 GSD getOne 第 1 次 等待 3 秒
2024-03-20 00:11:03 查询号码 【1789932】，返回信息 {"status":"ok","msg":"甘肃-定西","gid":"251833","time_insert":"2021-07-11 23:52"}
2024-03-20 00:11:04 查询号码 【1789932】，GSD为【"甘肃-定西"】

2024-03-20 00:11:05 开始第 24 次操作

2024-03-20 00:11:05 开始操作号码 【1789933】
2024-03-20 00:11:09 GSD getOne 第 1 次 等待 3 秒
2024-03-20 00:11:12 查询号码 【1789933】，返回信息 {"status":"ok","msg":"甘肃-平凉","gid":"251816","time_insert":"2021-07-11 23:51"}
2024-03-20 00:11:12 查询号码 【1789933】，GSD为【"甘肃-平凉"】

2024-03-20 00:37:47 开始第 25 次操作

2024-03-20 00:37:47 开始操作号码 【1789934】
2024-03-20 00:37:53 GSD getOne 第 1 次 等待 3 秒
2024-03-20 00:37:56 查询号码 【1789934】，返回信息 {"status":"ok","msg":"甘肃-庆阳","gid":"251806","time_insert":"2021-07-11 23:50"}
2024-03-20 00:37:56 查询号码 【1789934】，GSD为【"甘肃-庆阳"】

2024-03-20 00:37:57 开始第 26 次操作

2024-03-20 00:37:57 开始操作号码 【1789935】
2024-03-20 00:38:03 GSD getOne 第 1 次 等待 3 秒
2024-03-20 00:38:06 查询号码 【1789935】，返回信息 {"status":"ok","msg":"甘肃-金昌","gid":"251790","time_insert":"2021-07-11 23:49"}
2024-03-20 00:38:06 查询号码 【1789935】，GSD为【"甘肃-金昌"】

2024-03-20 00:38:07 开始第 27 次操作

2024-03-20 00:38:07 开始操作号码 【1789936】
2024-03-20 00:38:12 GSD getOne 第 1 次 等待 3 秒
2024-03-20 00:38:15 查询号码 【1789936】，返回信息 {"status":"ok","msg":"甘肃-张掖","gid":"251777","time_insert":"2021-07-11 23:48"}
2024-03-20 00:38:15 查询号码 【1789936】，GSD为【"甘肃-张掖"】

2024-03-20 00:38:16 开始第 28 次操作

2024-03-20 00:38:16 开始操作号码 【1789937】
2024-03-20 00:38:22 GSD getOne 第 1 次 等待 3 秒
2024-03-20 00:38:25 查询号码 【1789937】，返回信息 {"status":"ok","msg":"甘肃-酒泉","gid":"251766","time_insert":"2021-07-11 23:47"}
2024-03-20 00:38:25 查询号码 【1789937】，GSD为【"甘肃-酒泉"】

