2024-11-04 00:24:16 开始第 2933 次操作

2024-11-04 00:24:16 开始操作号码 【1342932】
2024-11-04 00:24:18 GSD getOne 第 1 次 等待 3 秒
2024-11-04 00:24:21 查询号码 【1342932】，返回信息 {"status":"ok","msg":"浙江-宁波","gid":"95088","time_insert":"2021-06-13 18:37"}
2024-11-04 00:24:21 查询号码 【1342932】，GSD为【"浙江-宁波"】

2024-11-04 00:24:22 开始第 2934 次操作

2024-11-04 00:24:22 开始操作号码 【1342933】
2024-11-04 00:24:23 GSD getOne 第 1 次 等待 3 秒
2024-11-04 00:24:26 查询号码 【1342933】，返回信息 {"status":"ok","msg":"浙江-宁波","gid":"95111","time_insert":"2021-06-13 18:55"}
2024-11-04 00:24:26 查询号码 【1342933】，GSD为【"浙江-宁波"】

2024-11-04 00:24:27 开始第 2935 次操作

2024-11-04 00:24:27 开始操作号码 【1342934】
2024-11-04 00:24:28 GSD getOne 第 1 次 等待 3 秒
2024-11-04 00:24:31 查询号码 【1342934】，返回信息 {"status":"ok","msg":"浙江-宁波","gid":"95129","time_insert":"2021-06-13 19:11"}
2024-11-04 00:24:31 查询号码 【1342934】，GSD为【"浙江-宁波"】

2024-11-04 00:24:32 开始第 2936 次操作

2024-11-04 00:24:32 开始操作号码 【1342935】
2024-11-04 00:24:33 GSD getOne 第 1 次 等待 3 秒
2024-11-04 00:24:36 查询号码 【1342935】，返回信息 {"status":"ok","msg":"浙江-宁波","gid":"95150","time_insert":"2021-06-13 19:30"}
2024-11-04 00:24:36 查询号码 【1342935】，GSD为【"浙江-宁波"】

2024-11-04 00:42:34 开始第 2937 次操作

2024-11-04 00:42:34 开始操作号码 【1342936】
2024-11-04 00:42:35 GSD getOne 第 1 次 等待 3 秒
2024-11-04 00:42:38 查询号码 【1342936】，返回信息 {"status":"ok","msg":"浙江-宁波","gid":"4233","time_insert":"2017-04-22 06:12","time_update":"2020-08-27 17:55"}
2024-11-04 00:42:38 查询号码 【1342936】，GSD为【"浙江-宁波"】

2024-11-04 00:42:39 开始第 2938 次操作

2024-11-04 00:42:39 开始操作号码 【1342937】
2024-11-04 00:42:40 GSD getOne 第 1 次 等待 3 秒
2024-11-04 00:42:43 查询号码 【1342937】，返回信息 {"status":"ok","msg":"浙江-宁波","gid":"95188","time_insert":"2021-06-13 20:02"}
2024-11-04 00:42:43 查询号码 【1342937】，GSD为【"浙江-宁波"】

2024-11-04 00:42:44 开始第 2939 次操作

2024-11-04 00:42:44 开始操作号码 【1342938】
2024-11-04 00:42:45 GSD getOne 第 1 次 等待 3 秒
2024-11-04 00:42:49 GSD getOne 第 2 次 等待 3 秒
2024-11-04 00:42:52 查询号码 【1342938】，返回信息 {"status":"ok","msg":"浙江-宁波","gid":"95211","time_insert":"2021-06-13 20:21"}
2024-11-04 00:42:52 查询号码 【1342938】，GSD为【"浙江-宁波"】

2024-11-04 00:42:53 开始第 2940 次操作

2024-11-04 00:42:53 开始操作号码 【1342939】
2024-11-04 00:42:54 GSD getOne 第 1 次 等待 3 秒
2024-11-04 00:42:57 查询号码 【1342939】，返回信息 {"status":"ok","msg":"浙江-宁波","gid":"95232","time_insert":"2021-06-13 20:40"}
2024-11-04 00:42:57 查询号码 【1342939】，GSD为【"浙江-宁波"】

