2024-07-17 00:10:10 开始第 7061 次操作

2024-07-17 00:10:10 开始操作号码 【1566967】
2024-07-17 00:10:18 GSD getOne 第 1 次 等待 3 秒
2024-07-17 00:10:21 查询号码 【1566967】，返回信息 {"status":"ok","msg":"浙江-金华","gid":"398723","time_insert":"2021-07-26 07:09"}
2024-07-17 00:10:21 查询号码 【1566967】，GSD为【"浙江-金华"】

2024-07-17 00:10:22 开始第 7062 次操作

2024-07-17 00:10:22 开始操作号码 【1566968】
2024-07-17 00:10:30 GSD getOne 第 1 次 等待 3 秒
2024-07-17 00:10:33 查询号码 【1566968】，返回信息 {"status":"ok","msg":"浙江-金华","gid":"398720","time_insert":"2021-07-26 07:09"}
2024-07-17 00:10:33 查询号码 【1566968】，GSD为【"浙江-金华"】

2024-07-17 00:10:34 开始第 7063 次操作

2024-07-17 00:10:34 开始操作号码 【1566969】
2024-07-17 00:10:43 GSD getOne 第 1 次 等待 3 秒
2024-07-17 00:10:46 查询号码 【1566969】，返回信息 {"status":"ok","msg":"浙江-金华","gid":"398710","time_insert":"2021-07-26 07:08"}
2024-07-17 00:10:46 查询号码 【1566969】，GSD为【"浙江-金华"】

2024-07-17 00:10:47 开始第 7064 次操作

2024-07-17 00:10:47 开始操作号码 【1566970】
2024-07-17 00:10:55 GSD getOne 第 1 次 等待 3 秒
2024-07-17 00:10:58 查询号码 【1566970】，返回信息 {"status":"ok","msg":"浙江-温州","gid":"398705","time_insert":"2021-07-26 07:07"}
2024-07-17 00:10:58 查询号码 【1566970】，GSD为【"浙江-温州"】

