2024-04-17 00:10:28 开始第 4057 次操作

2024-04-17 00:10:28 开始操作号码 【1673967】
2024-04-17 00:10:34 GSD getOne 第 1 次 等待 3 秒
2024-04-17 00:10:37 查询号码 【1673967】，返回信息 {"status":"ok","msg":"江苏-徐州","gid":"264342","time_insert":"2021-07-13 10:46"}
2024-04-17 00:10:37 查询号码 【1673967】，GSD为【"江苏-徐州"】

2024-04-17 00:10:38 开始第 4058 次操作

2024-04-17 00:10:38 开始操作号码 【1673968】
2024-04-17 00:10:44 GSD getOne 第 1 次 等待 3 秒
2024-04-17 00:10:47 查询号码 【1673968】，返回信息 {"status":"ok","msg":"江苏-淮安","gid":"264347","time_insert":"2021-07-13 10:46"}
2024-04-17 00:10:47 查询号码 【1673968】，GSD为【"江苏-淮安"】

2024-04-17 00:10:48 开始第 4059 次操作

2024-04-17 00:10:48 开始操作号码 【1673969】
2024-04-17 00:10:53 GSD getOne 第 1 次 等待 3 秒
2024-04-17 00:10:56 查询号码 【1673969】，返回信息 {"status":"ok","msg":"江苏-淮安","gid":"264354","time_insert":"2021-07-13 10:47"}
2024-04-17 00:10:56 查询号码 【1673969】，GSD为【"江苏-淮安"】

2024-04-17 00:10:57 开始第 4060 次操作

2024-04-17 00:10:57 开始操作号码 【1673970】
2024-04-17 00:11:03 GSD getOne 第 1 次 等待 3 秒
2024-04-17 00:11:06 查询号码 【1673970】，返回信息 {"status":"ok","msg":"江苏-淮安","gid":"264362","time_insert":"2021-07-13 10:47"}
2024-04-17 00:11:06 查询号码 【1673970】，GSD为【"江苏-淮安"】

