2023-12-10 00:09:00 开始第 2409 次操作

2023-12-10 00:09:00 开始操作号码 【1892318】
2023-12-10 00:09:04 GSD getOne 第 1 次 等待 3 秒
2023-12-10 00:09:07 查询号码 【1892318】，返回信息 {"status":"ok","msg":"广东-佛山","gid":"498858","time_insert":"2021-08-07 16:17"}
2023-12-10 00:09:07 查询号码 【1892318】，GSD为【"广东-佛山"】

2023-12-10 00:09:08 开始第 2410 次操作

2023-12-10 00:09:08 开始操作号码 【1892319】
2023-12-10 00:09:15 GSD getOne 第 1 次 等待 3 秒
2023-12-10 00:09:18 查询号码 【1892319】，返回信息 {"status":"ok","msg":"广东-佛山","gid":"498859","time_insert":"2021-08-07 16:19"}
2023-12-10 00:09:18 查询号码 【1892319】，GSD为【"广东-佛山"】

2023-12-10 00:09:19 开始第 2411 次操作

2023-12-10 00:09:19 开始操作号码 【1892320】
2023-12-10 00:09:24 GSD getOne 第 1 次 等待 3 秒
2023-12-10 00:09:27 查询号码 【1892320】，返回信息 {"status":"ok","msg":"广东-佛山","gid":"498865","time_insert":"2021-08-07 16:27"}
2023-12-10 00:09:27 查询号码 【1892320】，GSD为【"广东-佛山"】

2023-12-10 00:09:28 开始第 2412 次操作

2023-12-10 00:09:28 开始操作号码 【1892321】
2023-12-10 00:09:32 GSD getOne 第 1 次 等待 3 秒
2023-12-10 00:09:35 查询号码 【1892321】，返回信息 {"status":"ok","msg":"广东-佛山","gid":"498866","time_insert":"2021-08-07 16:29"}
2023-12-10 00:09:35 查询号码 【1892321】，GSD为【"广东-佛山"】

