2024-10-24 00:26:33 开始第 1085 次操作

2024-10-24 00:26:33 开始操作号码 【1341084】
2024-10-24 00:26:34 GSD getOne 第 1 次 等待 3 秒
2024-10-24 00:26:37 查询号码 【1341084】，返回信息 {"status":"ok","msg":"广东-深圳","gid":"62272","time_insert":"2021-05-19 05:28"}
2024-10-24 00:26:37 查询号码 【1341084】，GSD为【"广东-深圳"】

2024-10-24 00:26:38 开始第 1086 次操作

2024-10-24 00:26:38 开始操作号码 【1341085】
2024-10-24 00:26:39 GSD getOne 第 1 次 等待 3 秒
2024-10-24 00:26:42 查询号码 【1341085】，返回信息 {"status":"ok","msg":"广东-深圳","gid":"62283","time_insert":"2021-05-19 05:49"}
2024-10-24 00:26:42 查询号码 【1341085】，GSD为【"广东-深圳"】

2024-10-24 00:26:43 开始第 1087 次操作

2024-10-24 00:26:43 开始操作号码 【1341086】
2024-10-24 00:26:44 GSD getOne 第 1 次 等待 3 秒
2024-10-24 00:26:47 查询号码 【1341086】，返回信息 {"status":"ok","msg":"广东-深圳","gid":"62291","time_insert":"2021-05-19 06:13"}
2024-10-24 00:26:47 查询号码 【1341086】，GSD为【"广东-深圳"】

2024-10-24 00:26:48 开始第 1088 次操作

2024-10-24 00:26:48 开始操作号码 【1341087】
2024-10-24 00:26:49 GSD getOne 第 1 次 等待 3 秒
2024-10-24 00:26:52 查询号码 【1341087】，返回信息 {"status":"ok","msg":"广东-深圳","gid":"62301","time_insert":"2021-05-19 06:37"}
2024-10-24 00:26:52 查询号码 【1341087】，GSD为【"广东-深圳"】

2024-10-24 00:47:48 开始第 1089 次操作

2024-10-24 00:47:48 开始操作号码 【1341088】
2024-10-24 00:47:50 GSD getOne 第 1 次 等待 3 秒
2024-10-24 00:47:53 查询号码 【1341088】，返回信息 {"status":"ok","msg":"广东-深圳","gid":"62311","time_insert":"2021-05-19 06:56"}
2024-10-24 00:47:53 查询号码 【1341088】，GSD为【"广东-深圳"】

2024-10-24 00:47:54 开始第 1090 次操作

2024-10-24 00:47:54 开始操作号码 【1341089】
2024-10-24 00:47:55 GSD getOne 第 1 次 等待 3 秒
2024-10-24 00:47:58 查询号码 【1341089】，返回信息 {"status":"ok","msg":"广东-深圳","gid":"62321","time_insert":"2021-05-19 07:20"}
2024-10-24 00:47:58 查询号码 【1341089】，GSD为【"广东-深圳"】

2024-10-24 00:47:59 开始第 1091 次操作

2024-10-24 00:47:59 开始操作号码 【1341090】
2024-10-24 00:48:00 GSD getOne 第 1 次 等待 3 秒
2024-10-24 00:48:03 查询号码 【1341090】，返回信息 {"status":"ok","msg":"广东-深圳","gid":"62329","time_insert":"2021-05-19 07:38"}
2024-10-24 00:48:03 查询号码 【1341090】，GSD为【"广东-深圳"】

2024-10-24 00:48:04 开始第 1092 次操作

2024-10-24 00:48:04 开始操作号码 【1341091】
2024-10-24 00:48:05 GSD getOne 第 1 次 等待 3 秒
2024-10-24 00:48:08 查询号码 【1341091】，返回信息 {"status":"ok","msg":"广东-深圳","gid":"62338","time_insert":"2021-05-19 08:00"}
2024-10-24 00:48:08 查询号码 【1341091】，GSD为【"广东-深圳"】

