2024-05-06 00:09:46 开始第 7541 次操作

2024-05-06 00:09:46 开始操作号码 【1677451】
2024-05-06 00:09:53 GSD getOne 第 1 次 等待 3 秒
2024-05-06 00:09:56 查询号码 【1677451】，返回信息 {"status":"ok","msg":"黑龙江-哈尔滨","gid":"307204","time_insert":"2021-07-17 21:19"}
2024-05-06 00:09:56 查询号码 【1677451】，GSD为【"黑龙江-哈尔滨"】

2024-05-06 00:09:57 开始第 7542 次操作

2024-05-06 00:09:57 开始操作号码 【1677452】
2024-05-06 00:10:04 GSD getOne 第 1 次 等待 3 秒
2024-05-06 00:10:07 查询号码 【1677452】，返回信息 {"status":"ok","msg":"黑龙江-齐齐哈尔","gid":"307214","time_insert":"2021-07-17 21:20"}
2024-05-06 00:10:07 查询号码 【1677452】，GSD为【"黑龙江-齐齐哈尔"】

2024-05-06 00:10:08 开始第 7543 次操作

2024-05-06 00:10:08 开始操作号码 【1677453】
2024-05-06 00:10:16 GSD getOne 第 1 次 等待 3 秒
2024-05-06 00:10:19 查询号码 【1677453】，返回信息 {"status":"ok","msg":"黑龙江-牡丹江","gid":"307318","time_insert":"2021-07-17 21:36"}
2024-05-06 00:10:20 查询号码 【1677453】，GSD为【"黑龙江-牡丹江"】

2024-05-06 00:10:21 开始第 7544 次操作

2024-05-06 00:10:21 开始操作号码 【1677454】
2024-05-06 00:10:27 GSD getOne 第 1 次 等待 3 秒
2024-05-06 00:10:30 查询号码 【1677454】，返回信息 {"status":"ok","msg":"黑龙江-佳木斯","gid":"307322","time_insert":"2021-07-17 21:36"}
2024-05-06 00:10:30 查询号码 【1677454】，GSD为【"黑龙江-佳木斯"】

2024-05-06 00:34:55 开始第 7545 次操作

2024-05-06 00:34:55 开始操作号码 【1677455】
2024-05-06 00:35:04 GSD getOne 第 1 次 等待 3 秒
2024-05-06 00:35:07 查询号码 【1677455】，返回信息 {"status":"ok","msg":"黑龙江-绥化","gid":"307326","time_insert":"2021-07-17 21:37"}
2024-05-06 00:35:07 查询号码 【1677455】，GSD为【"黑龙江-绥化"】

2024-05-06 00:35:08 开始第 7546 次操作

2024-05-06 00:35:08 开始操作号码 【1677456】
2024-05-06 00:35:14 GSD getOne 第 1 次 等待 3 秒
2024-05-06 00:35:17 查询号码 【1677456】，返回信息 {"status":"ok","msg":"黑龙江-黑河","gid":"307335","time_insert":"2021-07-17 21:38"}
2024-05-06 00:35:17 查询号码 【1677456】，GSD为【"黑龙江-黑河"】

2024-05-06 00:35:18 开始第 7547 次操作

2024-05-06 00:35:18 开始操作号码 【1677457】
2024-05-06 00:35:25 GSD getOne 第 1 次 等待 3 秒
2024-05-06 00:35:28 查询号码 【1677457】，返回信息 {"status":"ok","msg":"黑龙江-大兴安岭","gid":"307342","time_insert":"2021-07-17 21:38"}
2024-05-06 00:35:28 查询号码 【1677457】，GSD为【"黑龙江-大兴安岭"】

2024-05-06 00:35:29 开始第 7548 次操作

2024-05-06 00:35:29 开始操作号码 【1677458】
2024-05-06 00:35:37 GSD getOne 第 1 次 等待 3 秒
2024-05-06 00:35:40 查询号码 【1677458】，返回信息 {"status":"ok","msg":"黑龙江-伊春","gid":"307349","time_insert":"2021-07-17 21:39"}
2024-05-06 00:35:40 查询号码 【1677458】，GSD为【"黑龙江-伊春"】

