2024-06-23 00:10:29 开始第 2701 次操作

2024-06-23 00:10:29 开始操作号码 【1562608】
2024-06-23 00:10:42 GSD getOne 第 1 次 等待 3 秒
2024-06-23 00:10:46 查询号码 【1562608】，返回信息 {"status":"ok","msg":"广东-韶关","gid":"204932","time_insert":"2021-07-06 10:26"}
2024-06-23 00:10:46 查询号码 【1562608】，GSD为【"广东-韶关"】

2024-06-23 00:10:47 开始第 2702 次操作

2024-06-23 00:10:47 开始操作号码 【1562609】
2024-06-23 00:11:05 GSD getOne 第 1 次 等待 3 秒
2024-06-23 00:11:08 查询号码 【1562609】，返回信息 {"status":"ok","msg":"广东-广州","gid":"205053","time_insert":"2021-07-06 10:43"}
2024-06-23 00:11:08 查询号码 【1562609】，GSD为【"广东-广州"】

2024-06-23 00:11:09 开始第 2703 次操作

2024-06-23 00:11:09 开始操作号码 【1562610】
2024-06-23 00:11:31 GSD getOne 第 1 次 等待 3 秒
2024-06-23 00:11:34 查询号码 【1562610】，返回信息 {"status":"ok","msg":"广东-广州","gid":"205303","time_insert":"2021-07-06 11:04"}
2024-06-23 00:11:34 查询号码 【1562610】，GSD为【"广东-广州"】

2024-06-23 00:11:35 开始第 2704 次操作

2024-06-23 00:11:35 开始操作号码 【1562611】
2024-06-23 00:11:50 GSD getOne 第 1 次 等待 3 秒
2024-06-23 00:11:53 查询号码 【1562611】，返回信息 {"status":"ok","msg":"广东-广州","gid":"205399","time_insert":"2021-07-06 11:23"}
2024-06-23 00:11:53 查询号码 【1562611】，GSD为【"广东-广州"】

