2024-01-28 00:08:23 开始第 517 次操作

2024-01-28 00:08:23 开始操作号码 【1780426】
2024-01-28 00:08:27 GSD getOne 第 1 次 等待 3 秒
2024-01-28 00:08:30 查询号码 【1780426】，返回信息 {"status":"ok","msg":"辽宁-丹东","gid":"283631","time_insert":"2021-07-15 12:29"}
2024-01-28 00:08:30 查询号码 【1780426】，GSD为【"辽宁-丹东"】

2024-01-28 00:08:31 开始第 518 次操作

2024-01-28 00:08:31 开始操作号码 【1780427】
2024-01-28 00:08:35 GSD getOne 第 1 次 等待 3 秒
2024-01-28 00:08:38 查询号码 【1780427】，返回信息 {"status":"ok","msg":"辽宁-盘锦","gid":"283651","time_insert":"2021-07-15 12:40"}
2024-01-28 00:08:38 查询号码 【1780427】，GSD为【"辽宁-盘锦"】

2024-01-28 00:08:39 开始第 519 次操作

2024-01-28 00:08:39 开始操作号码 【1780428】
2024-01-28 00:08:43 GSD getOne 第 1 次 等待 3 秒
2024-01-28 00:08:46 查询号码 【1780428】，返回信息 {"status":"ok","msg":"辽宁-丹东","gid":"283726","time_insert":"2021-07-15 12:52"}
2024-01-28 00:08:46 查询号码 【1780428】，GSD为【"辽宁-丹东"】

2024-01-28 00:08:47 开始第 520 次操作

2024-01-28 00:08:47 开始操作号码 【1780429】
2024-01-28 00:08:51 GSD getOne 第 1 次 等待 3 秒
2024-01-28 00:08:54 查询号码 【1780429】，返回信息 {"status":"ok","msg":"辽宁-葫芦岛","gid":"283903","time_insert":"2021-07-15 13:02"}
2024-01-28 00:08:54 查询号码 【1780429】，GSD为【"辽宁-葫芦岛"】

