2024-08-29 00:22:45 开始第 1685 次操作

2024-08-29 00:22:45 开始操作号码 【1451684】
2024-08-29 00:22:53 GSD getOne 第 1 次 等待 3 秒
2024-08-29 00:22:56 查询号码 【1451684】，返回信息 {"status":"ok","msg":"北京-北京","gid":"69571","time_insert":"2021-05-27 02:33"}
2024-08-29 00:22:56 查询号码 【1451684】，GSD为【"北京-北京"】

2024-08-29 00:22:57 开始第 1686 次操作

2024-08-29 00:22:57 开始操作号码 【1451685】
2024-08-29 00:23:05 GSD getOne 第 1 次 等待 3 秒
2024-08-29 00:23:08 查询号码 【1451685】，返回信息 {"status":"ok","msg":"北京-北京","gid":"69578","time_insert":"2021-05-27 02:38"}
2024-08-29 00:23:08 查询号码 【1451685】，GSD为【"北京-北京"】

2024-08-29 00:23:09 开始第 1687 次操作

2024-08-29 00:23:09 开始操作号码 【1451686】
2024-08-29 00:23:17 GSD getOne 第 1 次 等待 3 秒
2024-08-29 00:23:20 查询号码 【1451686】，返回信息 {"status":"ok","msg":"北京-北京","gid":"69581","time_insert":"2021-05-27 02:43"}
2024-08-29 00:23:20 查询号码 【1451686】，GSD为【"北京-北京"】

2024-08-29 00:23:21 开始第 1688 次操作

2024-08-29 00:23:21 开始操作号码 【1451687】
2024-08-29 00:23:28 GSD getOne 第 1 次 等待 3 秒
2024-08-29 00:23:31 查询号码 【1451687】，返回信息 {"status":"ok","msg":"北京-北京","gid":"69583","time_insert":"2021-05-27 02:46"}
2024-08-29 00:23:32 查询号码 【1451687】，GSD为【"北京-北京"】

2024-08-29 00:44:52 开始第 1689 次操作

2024-08-29 00:44:52 开始操作号码 【1451688】
2024-08-29 00:45:00 GSD getOne 第 1 次 等待 3 秒
2024-08-29 00:45:03 查询号码 【1451688】，返回信息 {"status":"ok","msg":"北京-北京","gid":"69587","time_insert":"2021-05-27 02:51"}
2024-08-29 00:45:03 查询号码 【1451688】，GSD为【"北京-北京"】

2024-08-29 00:45:04 开始第 1690 次操作

2024-08-29 00:45:04 开始操作号码 【1451689】
2024-08-29 00:45:12 GSD getOne 第 1 次 等待 3 秒
2024-08-29 00:45:15 查询号码 【1451689】，返回信息 {"status":"ok","msg":"北京-北京","gid":"69592","time_insert":"2021-05-27 02:56"}
2024-08-29 00:45:15 查询号码 【1451689】，GSD为【"北京-北京"】

2024-08-29 00:45:16 开始第 1691 次操作

2024-08-29 00:45:16 开始操作号码 【1451690】
2024-08-29 00:45:24 GSD getOne 第 1 次 等待 3 秒
2024-08-29 00:45:27 查询号码 【1451690】，返回信息 {"status":"ok","msg":"北京-北京","gid":"69595","time_insert":"2021-05-27 03:00"}
2024-08-29 00:45:27 查询号码 【1451690】，GSD为【"北京-北京"】

2024-08-29 00:45:28 开始第 1692 次操作

2024-08-29 00:45:28 开始操作号码 【1451691】
2024-08-29 00:45:36 GSD getOne 第 1 次 等待 3 秒
2024-08-29 00:45:39 查询号码 【1451691】，返回信息 {"status":"ok","msg":"北京-北京","gid":"69598","time_insert":"2021-05-27 03:05"}
2024-08-29 00:45:39 查询号码 【1451691】，GSD为【"北京-北京"】

