2024-02-25 00:08:23 开始第 5669 次操作

2024-02-25 00:08:23 开始操作号码 【1785578】
2024-02-25 00:08:28 GSD getOne 第 1 次 等待 3 秒
2024-02-25 00:08:31 查询号码 【1785578】，返回信息 {"status":"ok","msg":"安徽-宿州","gid":"300875","time_insert":"2021-07-17 07:00"}
2024-02-25 00:08:31 查询号码 【1785578】，GSD为【"安徽-宿州"】

2024-02-25 00:08:32 开始第 5670 次操作

2024-02-25 00:08:32 开始操作号码 【1785579】
2024-02-25 00:08:37 GSD getOne 第 1 次 等待 3 秒
2024-02-25 00:08:40 查询号码 【1785579】，返回信息 {"status":"ok","msg":"安徽-宿州","gid":"300870","time_insert":"2021-07-17 07:00"}
2024-02-25 00:08:40 查询号码 【1785579】，GSD为【"安徽-宿州"】

2024-02-25 00:08:41 开始第 5671 次操作

2024-02-25 00:08:41 开始操作号码 【1785580】
2024-02-25 00:08:48 GSD getOne 第 1 次 等待 3 秒
2024-02-25 00:08:51 查询号码 【1785580】，返回信息 {"status":"ok","msg":"浙江-宁波","gid":"300861","time_insert":"2021-07-17 06:59"}
2024-02-25 00:08:51 查询号码 【1785580】，GSD为【"浙江-宁波"】

2024-02-25 00:08:52 开始第 5672 次操作

2024-02-25 00:08:52 开始操作号码 【1785581】
2024-02-25 00:08:57 GSD getOne 第 1 次 等待 3 秒
2024-02-25 00:09:00 查询号码 【1785581】，返回信息 {"status":"ok","msg":"浙江-宁波","gid":"31630","time_insert":"2017-07-09 13:54","time_update":"2020-09-02 01:34"}
2024-02-25 00:09:00 查询号码 【1785581】，GSD为【"浙江-宁波"】

2024-02-25 00:32:29 开始第 5673 次操作

2024-02-25 00:32:29 开始操作号码 【1785582】
2024-02-25 00:32:37 GSD getOne 第 1 次 等待 3 秒
2024-02-25 00:32:40 查询号码 【1785582】，返回信息 {"status":"ok","msg":"浙江-宁波","gid":"300852","time_insert":"2021-07-17 06:58"}
2024-02-25 00:32:40 查询号码 【1785582】，GSD为【"浙江-宁波"】

2024-02-25 00:32:41 开始第 5674 次操作

2024-02-25 00:32:41 开始操作号码 【1785583】
2024-02-25 00:32:47 GSD getOne 第 1 次 等待 3 秒
2024-02-25 00:32:50 查询号码 【1785583】，返回信息 {"status":"ok","msg":"浙江-宁波","gid":"300844","time_insert":"2021-07-17 06:58"}
2024-02-25 00:32:50 查询号码 【1785583】，GSD为【"浙江-宁波"】

2024-02-25 00:32:51 开始第 5675 次操作

2024-02-25 00:32:51 开始操作号码 【1785584】
2024-02-25 00:32:57 GSD getOne 第 1 次 等待 3 秒
2024-02-25 00:33:00 查询号码 【1785584】，返回信息 {"status":"ok","msg":"浙江-宁波","gid":"300833","time_insert":"2021-07-17 06:57"}
2024-02-25 00:33:00 查询号码 【1785584】，GSD为【"浙江-宁波"】

2024-02-25 00:33:01 开始第 5676 次操作

2024-02-25 00:33:01 开始操作号码 【1785585】
2024-02-25 00:33:06 GSD getOne 第 1 次 等待 3 秒
2024-02-25 00:33:09 查询号码 【1785585】，返回信息 {"status":"ok","msg":"浙江-宁波","gid":"300824","time_insert":"2021-07-17 06:56"}
2024-02-25 00:33:09 查询号码 【1785585】，GSD为【"浙江-宁波"】

2024-02-25 01:08:16 开始第 5677 次操作

2024-02-25 01:08:16 开始操作号码 【1785586】
2024-02-25 01:08:21 GSD getOne 第 1 次 等待 3 秒
2024-02-25 01:08:24 查询号码 【1785586】，返回信息 {"status":"ok","msg":"浙江-金华","gid":"300816","time_insert":"2021-07-17 06:56"}
2024-02-25 01:08:24 查询号码 【1785586】，GSD为【"浙江-金华"】

2024-02-25 01:08:25 开始第 5678 次操作

2024-02-25 01:08:25 开始操作号码 【1785587】
2024-02-25 01:08:30 GSD getOne 第 1 次 等待 3 秒
2024-02-25 01:08:33 查询号码 【1785587】，返回信息 {"status":"ok","msg":"浙江-金华","gid":"300811","time_insert":"2021-07-17 06:55"}
2024-02-25 01:08:33 查询号码 【1785587】，GSD为【"浙江-金华"】

2024-02-25 01:08:34 开始第 5679 次操作

2024-02-25 01:08:34 开始操作号码 【1785588】
2024-02-25 01:08:41 GSD getOne 第 1 次 等待 3 秒
2024-02-25 01:08:44 查询号码 【1785588】，返回信息 {"status":"ok","msg":"浙江-金华","gid":"31631","time_insert":"2020-02-12 08:35","time_update":"2020-09-02 01:39"}
2024-02-25 01:08:44 查询号码 【1785588】，GSD为【"浙江-金华"】

2024-02-25 01:08:45 开始第 5680 次操作

2024-02-25 01:08:45 开始操作号码 【1785589】
2024-02-25 01:08:50 GSD getOne 第 1 次 等待 3 秒
2024-02-25 01:08:53 查询号码 【1785589】，返回信息 {"status":"ok","msg":"浙江-金华","gid":"300803","time_insert":"2021-07-17 06:55"}
2024-02-25 01:08:54 查询号码 【1785589】，GSD为【"浙江-金华"】

2024-02-25 01:32:18 开始第 5681 次操作

2024-02-25 01:32:18 开始操作号码 【1785590】
2024-02-25 01:32:22 GSD getOne 第 1 次 等待 3 秒
2024-02-25 01:32:25 查询号码 【1785590】，返回信息 {"status":"ok","msg":"安徽-黄山","gid":"300793","time_insert":"2021-07-17 06:54"}
2024-02-25 01:32:25 查询号码 【1785590】，GSD为【"安徽-黄山"】

2024-02-25 01:32:26 开始第 5682 次操作

2024-02-25 01:32:26 开始操作号码 【1785591】
2024-02-25 01:32:31 GSD getOne 第 1 次 等待 3 秒
2024-02-25 01:32:34 查询号码 【1785591】，返回信息 {"status":"ok","msg":"安徽-黄山","gid":"300785","time_insert":"2021-07-17 06:54"}
2024-02-25 01:32:34 查询号码 【1785591】，GSD为【"安徽-黄山"】

2024-02-25 01:32:35 开始第 5683 次操作

2024-02-25 01:32:35 开始操作号码 【1785592】
2024-02-25 01:32:40 GSD getOne 第 1 次 等待 3 秒
2024-02-25 01:32:43 查询号码 【1785592】，返回信息 {"status":"ok","msg":"安徽-合肥","gid":"300778","time_insert":"2021-07-17 06:53"}
2024-02-25 01:32:43 查询号码 【1785592】，GSD为【"安徽-合肥"】

2024-02-25 01:32:44 开始第 5684 次操作

2024-02-25 01:32:44 开始操作号码 【1785593】
2024-02-25 01:32:49 GSD getOne 第 1 次 等待 3 秒
2024-02-25 01:32:52 查询号码 【1785593】，返回信息 {"status":"ok","msg":"安徽-亳州","gid":"300775","time_insert":"2021-07-17 06:52"}
2024-02-25 01:32:52 查询号码 【1785593】，GSD为【"安徽-亳州"】

2024-02-25 02:09:31 开始第 5685 次操作

2024-02-25 02:09:31 开始操作号码 【1785594】
2024-02-25 02:09:36 GSD getOne 第 1 次 等待 3 秒
2024-02-25 02:09:39 查询号码 【1785594】，返回信息 {"status":"ok","msg":"安徽-阜阳","gid":"300770","time_insert":"2021-07-17 06:52"}
2024-02-25 02:09:39 查询号码 【1785594】，GSD为【"安徽-阜阳"】

2024-02-25 02:09:40 开始第 5686 次操作

2024-02-25 02:09:40 开始操作号码 【1785595】
2024-02-25 02:09:45 GSD getOne 第 1 次 等待 3 秒
2024-02-25 02:09:48 查询号码 【1785595】，返回信息 {"status":"ok","msg":"安徽-芜湖","gid":"300762","time_insert":"2021-07-17 06:51"}
2024-02-25 02:09:48 查询号码 【1785595】，GSD为【"安徽-芜湖"】

2024-02-25 02:09:49 开始第 5687 次操作

2024-02-25 02:09:49 开始操作号码 【1785596】
2024-02-25 02:09:54 GSD getOne 第 1 次 等待 3 秒
2024-02-25 02:09:57 查询号码 【1785596】，返回信息 {"status":"ok","msg":"安徽-安庆","gid":"300755","time_insert":"2021-07-17 06:51"}
2024-02-25 02:09:57 查询号码 【1785596】，GSD为【"安徽-安庆"】

2024-02-25 02:09:58 开始第 5688 次操作

2024-02-25 02:09:58 开始操作号码 【1785597】
2024-02-25 02:10:03 GSD getOne 第 1 次 等待 3 秒
2024-02-25 02:10:06 查询号码 【1785597】，返回信息 {"status":"ok","msg":"安徽-六安","gid":"300751","time_insert":"2021-07-17 06:50"}
2024-02-25 02:10:06 查询号码 【1785597】，GSD为【"安徽-六安"】

2024-02-25 02:32:18 开始第 5689 次操作

2024-02-25 02:32:18 开始操作号码 【1785598】
2024-02-25 02:32:24 GSD getOne 第 1 次 等待 3 秒
2024-02-25 02:32:27 查询号码 【1785598】，返回信息 {"status":"ok","msg":"安徽-六安","gid":"300742","time_insert":"2021-07-17 06:49"}
2024-02-25 02:32:27 查询号码 【1785598】，GSD为【"安徽-六安"】

2024-02-25 02:32:28 开始第 5690 次操作

2024-02-25 02:32:28 开始操作号码 【1785599】
2024-02-25 02:32:32 GSD getOne 第 1 次 等待 3 秒
2024-02-25 02:32:35 查询号码 【1785599】，返回信息 {"status":"ok","msg":"安徽-宣城","gid":"300735","time_insert":"2021-07-17 06:49"}
2024-02-25 02:32:35 查询号码 【1785599】，GSD为【"安徽-宣城"】

2024-02-25 02:32:36 开始第 5691 次操作

2024-02-25 02:32:36 开始操作号码 【1785600】
2024-02-25 02:32:42 GSD getOne 第 1 次 等待 3 秒
2024-02-25 02:32:45 查询号码 【1785600】，返回信息 {"status":"ok","msg":"安徽-滁州","gid":"300729","time_insert":"2021-07-17 06:48"}
2024-02-25 02:32:45 查询号码 【1785600】，GSD为【"安徽-滁州"】

2024-02-25 02:32:46 开始第 5692 次操作

2024-02-25 02:32:46 开始操作号码 【1785601】
2024-02-25 02:32:51 GSD getOne 第 1 次 等待 3 秒
2024-02-25 02:32:54 查询号码 【1785601】，返回信息 {"status":"ok","msg":"安徽-滁州","gid":"300725","time_insert":"2021-07-17 06:48"}
2024-02-25 02:32:54 查询号码 【1785601】，GSD为【"安徽-滁州"】

