2024-11-24 00:24:57 开始第 6285 次操作

2024-11-24 00:24:57 开始操作号码 【1346284】
2024-11-24 00:24:58 GSD getOne 第 1 次 等待 3 秒
2024-11-24 00:25:01 查询号码 【1346284】，返回信息 {"status":"ok","msg":"河南-焦作","gid":"294587","time_insert":"2021-07-16 16:01"}
2024-11-24 00:25:02 查询号码 【1346284】，GSD为【"河南-焦作"】

2024-11-24 00:25:03 开始第 6286 次操作

2024-11-24 00:25:03 开始操作号码 【1346285】
2024-11-24 00:25:04 GSD getOne 第 1 次 等待 3 秒
2024-11-24 00:25:07 查询号码 【1346285】，返回信息 {"status":"ok","msg":"河南-焦作","gid":"294626","time_insert":"2021-07-16 16:15"}
2024-11-24 00:25:07 查询号码 【1346285】，GSD为【"河南-焦作"】

2024-11-24 00:25:08 开始第 6287 次操作

2024-11-24 00:25:08 开始操作号码 【1346286】
2024-11-24 00:25:09 GSD getOne 第 1 次 等待 3 秒
2024-11-24 00:25:12 查询号码 【1346286】，返回信息 {"status":"ok","msg":"河南-焦作","gid":"53275","time_insert":"2020-09-11 17:53"}
2024-11-24 00:25:12 查询号码 【1346286】，GSD为【"河南-焦作"】

2024-11-24 00:25:13 开始第 6288 次操作

2024-11-24 00:25:13 开始操作号码 【1346287】
2024-11-24 00:25:14 GSD getOne 第 1 次 等待 3 秒
2024-11-24 00:25:17 查询号码 【1346287】，返回信息 {"status":"ok","msg":"河南-焦作","gid":"294646","time_insert":"2021-07-16 16:27"}
2024-11-24 00:25:17 查询号码 【1346287】，GSD为【"河南-焦作"】

2024-11-24 00:45:11 开始第 6289 次操作

2024-11-24 00:45:11 开始操作号码 【1346288】
2024-11-24 00:45:13 GSD getOne 第 1 次 等待 3 秒
2024-11-24 00:45:16 查询号码 【1346288】，返回信息 {"status":"ok","msg":"河南-焦作","gid":"4726","time_insert":"2017-07-10 20:04","time_update":"2020-09-14 03:03"}
2024-11-24 00:45:16 查询号码 【1346288】，GSD为【"河南-焦作"】

2024-11-24 00:45:17 开始第 6290 次操作

2024-11-24 00:45:17 开始操作号码 【1346289】
2024-11-24 00:45:18 GSD getOne 第 1 次 等待 3 秒
2024-11-24 00:45:21 查询号码 【1346289】，返回信息 {"status":"ok","msg":"河南-焦作","gid":"294672","time_insert":"2021-07-16 16:39"}
2024-11-24 00:45:21 查询号码 【1346289】，GSD为【"河南-焦作"】

2024-11-24 00:45:22 开始第 6291 次操作

2024-11-24 00:45:22 开始操作号码 【1346290】
2024-11-24 00:45:23 GSD getOne 第 1 次 等待 3 秒
2024-11-24 00:45:26 查询号码 【1346290】，返回信息 {"status":"ok","msg":"河南-商丘","gid":"294849","time_insert":"2021-07-16 16:54"}
2024-11-24 00:45:26 查询号码 【1346290】，GSD为【"河南-商丘"】

2024-11-24 00:45:27 开始第 6292 次操作

2024-11-24 00:45:27 开始操作号码 【1346291】
2024-11-24 00:45:28 GSD getOne 第 1 次 等待 3 秒
2024-11-24 00:45:31 查询号码 【1346291】，返回信息 {"status":"ok","msg":"河南-商丘","gid":"295029","time_insert":"2021-07-16 17:08"}
2024-11-24 00:45:31 查询号码 【1346291】，GSD为【"河南-商丘"】

