2021-08-03 00:00:32 开始第 19 次操作

2021-08-03 00:00:32 开始操作号码 【1852550】
2021-08-03 00:00:42 GSD getOne 第 1 次 等待 3 秒
2021-08-03 00:00:45 查询号码 【1852550】，返回信息 {"status":"bad","msg":""}
2021-08-03 00:00:46 查询号码 【1852550】，GSD为【""】
2021-08-03 00:00:46 bad
2021-08-03 00:00:48 CHB 1852550?1627920046 第 1 次 等待 3 秒
2021-08-03 00:00:51 CHB 1852550?1627920046 第 1 次 获取到号码【1852550】GSD
2021-08-03 00:00:51 获取到号码【1852550】的GSD为【辽宁-大连】
2021-08-03 00:00:55 GSD insert 第 1 次 等待 3 秒
2021-08-03 00:00:58 {"status":"ok","gid":484602,"msg":"添加成功！"}
2021-08-03 00:00:58 下次操作: 2021-08-03 00:01:13

2021-08-03 00:01:13 开始第 20 次操作

2021-08-03 00:01:13 开始操作号码 【1852549】
2021-08-03 00:02:26 GSD getOne 第 1 次 等待 3 秒
2021-08-03 00:02:29 查询号码 【1852549】，返回信息 {"status":"bad","msg":""}
2021-08-03 00:02:29 查询号码 【1852549】，GSD为【""】
2021-08-03 00:02:29 bad
2021-08-03 00:02:31 CHB 1852549?1627920149 第 1 次 等待 3 秒
2021-08-03 00:02:34 CHB 1852549?1627920149 第 1 次 获取到号码【1852549】GSD
2021-08-03 00:02:34 获取到号码【1852549】的GSD为【辽宁-大连】
2021-08-03 00:02:40 GSD insert 第 1 次 等待 3 秒
2021-08-03 00:02:43 {"status":"ok","gid":484615,"msg":"添加成功！"}
2021-08-03 00:02:43 下次操作: 2021-08-03 00:03:02

2021-08-03 00:03:02 开始第 21 次操作

2021-08-03 00:03:02 开始操作号码 【1852548】
2021-08-03 00:03:06 GSD getOne 第 1 次 等待 3 秒
2021-08-03 00:03:09 查询号码 【1852548】，返回信息 {"status":"bad","msg":""}
2021-08-03 00:03:09 查询号码 【1852548】，GSD为【""】
2021-08-03 00:03:09 bad
2021-08-03 00:03:11 CHB 1852548?1627920189 第 1 次 等待 3 秒
2021-08-03 00:03:14 CHB 1852548?1627920189 第 1 次 获取到号码【1852548】GSD
2021-08-03 00:03:14 获取到号码【1852548】的GSD为【辽宁-大连】
2021-08-03 00:03:24 GSD insert 第 1 次 等待 3 秒
2021-08-03 00:03:27 {"status":"ok","gid":484623,"msg":"添加成功！"}
2021-08-03 00:03:27 下次操作: 2021-08-03 00:03:50

2021-08-03 00:03:50 开始第 22 次操作

2021-08-03 00:03:50 开始操作号码 【1852547】
2021-08-03 00:03:55 GSD getOne 第 1 次 等待 3 秒
2021-08-03 00:03:58 查询号码 【1852547】，返回信息 {"status":"bad","msg":""}
2021-08-03 00:03:58 查询号码 【1852547】，GSD为【""】
2021-08-03 00:03:58 bad
2021-08-03 00:03:59 CHB 1852547?1627920238 第 1 次 等待 3 秒
2021-08-03 00:04:02 CHB 1852547?1627920238 第 1 次 获取到号码【1852547】GSD
2021-08-03 00:04:02 获取到号码【1852547】的GSD为【辽宁-大连】
2021-08-03 00:04:09 GSD insert 第 1 次 等待 3 秒
2021-08-03 00:04:12 {"status":"ok","gid":484633,"msg":"添加成功！"}
2021-08-03 00:04:12 下次操作: 2021-08-03 00:04:32

2021-08-03 00:04:32 开始第 23 次操作

2021-08-03 00:04:32 开始操作号码 【1852546】
2021-08-03 00:04:42 GSD getOne 第 1 次 等待 3 秒
2021-08-03 00:04:45 查询号码 【1852546】，返回信息 {"status":"ok","msg":"辽宁-大连","gid":"39857","time_insert":"2020-08-05 11:53","time_update":"2020-08-20 21:56"}
2021-08-03 00:04:45 查询号码 【1852546】，GSD为【"辽宁-大连"】

2021-08-03 00:04:45 开始第 23 次操作

2021-08-03 00:04:45 开始操作号码 【1852545】
2021-08-03 00:04:51 GSD getOne 第 1 次 等待 3 秒
2021-08-03 00:04:54 查询号码 【1852545】，返回信息 {"status":"bad","msg":""}
2021-08-03 00:04:54 查询号码 【1852545】，GSD为【""】
2021-08-03 00:04:54 bad
2021-08-03 00:04:56 CHB 1852545?1627920294 第 1 次 等待 3 秒
2021-08-03 00:04:59 CHB 1852545?1627920294 第 1 次 获取到号码【1852545】GSD
2021-08-03 00:04:59 获取到号码【1852545】的GSD为【辽宁-大连】
2021-08-03 00:05:11 GSD insert 第 1 次 等待 3 秒
2021-08-03 00:05:14 {"status":"ok","gid":484649,"msg":"添加成功！"}
2021-08-03 00:05:14 下次操作: 2021-08-03 00:05:30

2021-08-03 00:05:30 开始第 24 次操作

2021-08-03 00:05:30 开始操作号码 【1852544】
2021-08-03 00:05:34 GSD getOne 第 1 次 等待 3 秒
2021-08-03 00:05:37 查询号码 【1852544】，返回信息 {"status":"bad","msg":""}
2021-08-03 00:05:38 查询号码 【1852544】，GSD为【""】
2021-08-03 00:05:38 bad
2021-08-03 00:05:39 CHB 1852544?1627920338 第 1 次 等待 3 秒
2021-08-03 00:05:42 CHB 1852544?1627920338 第 1 次 获取到号码【1852544】GSD
2021-08-03 00:05:42 获取到号码【1852544】的GSD为【辽宁-大连】
2021-08-03 00:05:51 GSD insert 第 1 次 等待 3 秒
2021-08-03 00:05:54 {"status":"ok","gid":484653,"msg":"添加成功！"}
2021-08-03 00:05:54 下次操作: 2021-08-03 00:06:06

2021-08-03 00:06:06 开始第 25 次操作

2021-08-03 00:06:06 开始操作号码 【1852543】
2021-08-03 00:06:15 GSD getOne 第 1 次 等待 3 秒
2021-08-03 00:06:18 查询号码 【1852543】，返回信息 {"status":"bad","msg":""}
2021-08-03 00:06:18 查询号码 【1852543】，GSD为【""】
2021-08-03 00:06:18 bad
2021-08-03 00:06:20 CHB 1852543?1627920378 第 1 次 等待 3 秒
2021-08-03 00:06:23 CHB 1852543?1627920378 第 1 次 获取到号码【1852543】GSD
2021-08-03 00:06:23 获取到号码【1852543】的GSD为【辽宁-大连】
2021-08-03 00:06:34 GSD insert 第 1 次 等待 3 秒
2021-08-03 00:06:37 {"status":"ok","gid":484660,"msg":"添加成功！"}
2021-08-03 00:06:37 下次操作: 2021-08-03 00:06:52

2021-08-03 00:06:52 开始第 26 次操作

2021-08-03 00:06:52 开始操作号码 【1852542】
2021-08-03 00:06:57 GSD getOne 第 1 次 等待 3 秒
2021-08-03 00:07:00 查询号码 【1852542】，返回信息 {"status":"bad","msg":""}
2021-08-03 00:07:00 查询号码 【1852542】，GSD为【""】
2021-08-03 00:07:00 bad
2021-08-03 00:07:01 CHB 1852542?1627920420 第 1 次 等待 3 秒
2021-08-03 00:07:04 CHB 1852542?1627920420 第 1 次 获取到号码【1852542】GSD
2021-08-03 00:07:04 获取到号码【1852542】的GSD为【辽宁-大连】
2021-08-03 00:07:30 GSD insert 第 1 次 等待 3 秒
2021-08-03 00:07:33 {"status":"ok","gid":484669,"msg":"添加成功！"}
2021-08-03 00:07:33 下次操作: 2021-08-03 00:07:53

2021-08-03 00:07:53 开始第 27 次操作

2021-08-03 00:07:53 开始操作号码 【1852541】
2021-08-03 00:08:02 GSD getOne 第 1 次 等待 3 秒
2021-08-03 00:08:05 查询号码 【1852541】，返回信息 {"status":"bad","msg":""}
2021-08-03 00:08:05 查询号码 【1852541】，GSD为【""】
2021-08-03 00:08:05 bad
2021-08-03 00:08:07 CHB 1852541?1627920485 第 1 次 等待 3 秒
2021-08-03 00:08:10 CHB 1852541?1627920485 第 1 次 获取到号码【1852541】GSD
2021-08-03 00:08:11 获取到号码【1852541】的GSD为【辽宁-大连】
2021-08-03 00:08:15 GSD insert 第 1 次 等待 3 秒
2021-08-03 00:08:18 {"status":"ok","gid":484677,"msg":"添加成功！"}
2021-08-03 00:08:18 下次操作: 2021-08-03 00:08:35

2021-08-03 00:08:35 开始第 28 次操作

2021-08-03 00:08:35 开始操作号码 【1852540】
2021-08-03 00:08:38 GSD getOne 第 1 次 等待 3 秒
2021-08-03 00:08:41 查询号码 【1852540】，返回信息 {"status":"bad","msg":""}
2021-08-03 00:08:41 查询号码 【1852540】，GSD为【""】
2021-08-03 00:08:41 bad
2021-08-03 00:08:43 CHB 1852540?1627920521 第 1 次 等待 3 秒
2021-08-03 00:08:46 CHB 1852540?1627920521 第 1 次 获取到号码【1852540】GSD
2021-08-03 00:08:46 获取到号码【1852540】的GSD为【辽宁-大连】
2021-08-03 00:08:58 GSD insert 第 1 次 等待 3 秒
2021-08-03 00:09:01 {"status":"ok","gid":484680,"msg":"添加成功！"}
2021-08-03 00:09:01 下次操作: 2021-08-03 00:09:22

2021-08-03 00:09:22 开始第 29 次操作

2021-08-03 00:09:22 开始操作号码 【1852539】
2021-08-03 00:09:25 GSD getOne 第 1 次 等待 3 秒
2021-08-03 00:09:28 查询号码 【1852539】，返回信息 {"status":"bad","msg":""}
2021-08-03 00:09:29 查询号码 【1852539】，GSD为【""】
2021-08-03 00:09:29 bad
2021-08-03 00:09:31 CHB 1852539?1627920569 第 1 次 等待 3 秒
2021-08-03 00:09:34 CHB 1852539?1627920569 第 1 次 获取到号码【1852539】GSD
2021-08-03 00:09:34 获取到号码【1852539】的GSD为【辽宁-大连】
2021-08-03 00:09:52 GSD insert 第 1 次 等待 3 秒
2021-08-03 00:09:55 {"status":"ok","gid":484691,"msg":"添加成功！"}
2021-08-03 00:09:55 下次操作: 2021-08-03 00:10:12

2021-08-03 00:10:12 开始第 30 次操作

2021-08-03 00:10:12 开始操作号码 【1852538】
2021-08-03 00:10:16 GSD getOne 第 1 次 等待 3 秒
2021-08-03 00:10:19 查询号码 【1852538】，返回信息 {"status":"bad","msg":""}
2021-08-03 00:10:19 查询号码 【1852538】，GSD为【""】
2021-08-03 00:10:19 bad
2021-08-03 00:10:21 CHB 1852538?1627920619 第 1 次 等待 3 秒
2021-08-03 00:10:24 CHB 1852538?1627920619 第 1 次 获取到号码【1852538】GSD
2021-08-03 00:10:24 获取到号码【1852538】的GSD为【辽宁-大连】
2021-08-03 00:10:29 GSD insert 第 1 次 等待 3 秒
2021-08-03 00:10:32 {"status":"ok","gid":484699,"msg":"添加成功！"}
2021-08-03 00:10:32 下次操作: 2021-08-03 00:10:55

2021-08-03 00:10:55 开始第 31 次操作

2021-08-03 00:10:55 开始操作号码 【1852537】
2021-08-03 00:11:00 GSD getOne 第 1 次 等待 3 秒
2021-08-03 00:11:03 查询号码 【1852537】，返回信息 {"status":"bad","msg":""}
2021-08-03 00:11:03 查询号码 【1852537】，GSD为【""】
2021-08-03 00:11:03 bad
2021-08-03 00:11:05 CHB 1852537?1627920663 第 1 次 等待 3 秒
2021-08-03 00:11:08 CHB 1852537?1627920663 第 1 次 获取到号码【1852537】GSD
2021-08-03 00:11:08 获取到号码【1852537】的GSD为【辽宁-大连】
2021-08-03 00:11:40 GSD insert 第 1 次 等待 3 秒
2021-08-03 00:11:43 {"status":"ok","gid":484709,"msg":"添加成功！"}
2021-08-03 00:11:43 下次操作: 2021-08-03 00:11:57

2021-08-03 00:11:57 开始第 32 次操作

2021-08-03 00:11:57 开始操作号码 【1852536】
2021-08-03 00:12:15 GSD getOne 第 1 次 等待 3 秒
2021-08-03 00:12:18 查询号码 【1852536】，返回信息 {"status":"bad","msg":""}
2021-08-03 00:12:18 查询号码 【1852536】，GSD为【""】
2021-08-03 00:12:18 bad
2021-08-03 00:12:19 CHB 1852536?1627920738 第 1 次 等待 3 秒
2021-08-03 00:12:22 CHB 1852536?1627920738 第 1 次 获取到号码【1852536】GSD
2021-08-03 00:12:22 获取到号码【1852536】的GSD为【辽宁-大连】
2021-08-03 00:12:26 GSD insert 第 1 次 等待 3 秒
2021-08-03 00:12:29 {"status":"ok","gid":484717,"msg":"添加成功！"}
2021-08-03 00:12:29 下次操作: 2021-08-03 00:12:47

2021-08-03 00:12:47 开始第 33 次操作

2021-08-03 00:12:47 开始操作号码 【1852535】
2021-08-03 00:13:01 GSD getOne 第 1 次 等待 3 秒
2021-08-03 00:13:04 查询号码 【1852535】，返回信息 {"status":"bad","msg":""}
2021-08-03 00:13:04 查询号码 【1852535】，GSD为【""】
2021-08-03 00:13:04 bad
2021-08-03 00:13:07 CHB 1852535?1627920784 第 1 次 等待 3 秒
2021-08-03 00:13:10 CHB 1852535?1627920784 第 1 次 获取到号码【1852535】GSD
2021-08-03 00:13:10 获取到号码【1852535】的GSD为【辽宁-大连】
2021-08-03 00:13:15 GSD insert 第 1 次 等待 3 秒
2021-08-03 00:13:18 {"status":"ok","gid":484726,"msg":"添加成功！"}
2021-08-03 00:13:18 下次操作: 2021-08-03 00:13:38

2021-08-03 00:13:38 开始第 34 次操作

2021-08-03 00:13:38 开始操作号码 【1852534】
2021-08-03 00:13:50 GSD getOne 第 1 次 等待 3 秒
2021-08-03 00:13:53 查询号码 【1852534】，返回信息 {"status":"bad","msg":""}
2021-08-03 00:13:53 查询号码 【1852534】，GSD为【""】
2021-08-03 00:13:53 bad
2021-08-03 00:13:55 CHB 1852534?1627920833 第 1 次 等待 3 秒
2021-08-03 00:13:58 CHB 1852534?1627920833 第 1 次 获取到号码【1852534】GSD
2021-08-03 00:13:58 获取到号码【1852534】的GSD为【辽宁-大连】
2021-08-03 00:14:01 GSD insert 第 1 次 等待 3 秒
2021-08-03 00:14:04 {"status":"ok","gid":484736,"msg":"添加成功！"}
2021-08-03 00:14:04 下次操作: 2021-08-03 00:14:16

2021-08-03 00:14:16 开始第 35 次操作

2021-08-03 00:14:16 开始操作号码 【1852533】
2021-08-03 00:14:23 GSD getOne 第 1 次 等待 3 秒
2021-08-03 00:14:27 查询号码 【1852533】，返回信息 {"status":"bad","msg":""}
2021-08-03 00:14:27 查询号码 【1852533】，GSD为【""】
2021-08-03 00:14:27 bad
2021-08-03 00:14:28 CHB 1852533?1627920867 第 1 次 等待 3 秒
2021-08-03 00:14:31 CHB 1852533?1627920867 第 1 次 获取到号码【1852533】GSD
2021-08-03 00:14:31 获取到号码【1852533】的GSD为【辽宁-大连】
2021-08-03 00:14:37 GSD insert 第 1 次 等待 3 秒
2021-08-03 00:14:40 {"status":"ok","gid":484745,"msg":"添加成功！"}
2021-08-03 00:14:40 下次操作: 2021-08-03 00:15:02

2021-08-03 00:15:02 开始第 36 次操作

2021-08-03 00:15:02 开始操作号码 【1852532】
2021-08-03 00:15:08 GSD getOne 第 1 次 等待 3 秒
2021-08-03 00:15:11 查询号码 【1852532】，返回信息 {"status":"bad","msg":""}
2021-08-03 00:15:11 查询号码 【1852532】，GSD为【""】
2021-08-03 00:15:11 bad
2021-08-03 00:15:14 CHB 1852532?1627920911 第 1 次 等待 3 秒
2021-08-03 00:15:17 CHB 1852532?1627920911 第 1 次 获取到号码【1852532】GSD
2021-08-03 00:15:17 获取到号码【1852532】的GSD为【辽宁-大连】
2021-08-03 00:15:49 GSD insert 第 1 次 等待 3 秒
2021-08-03 00:15:52 {"status":"ok","gid":484755,"msg":"添加成功！"}
2021-08-03 00:15:52 下次操作: 2021-08-03 00:16:09

2021-08-03 00:16:09 开始第 37 次操作

2021-08-03 00:16:09 开始操作号码 【1852531】
2021-08-03 00:16:12 GSD getOne 第 1 次 等待 3 秒
2021-08-03 00:16:15 查询号码 【1852531】，返回信息 {"status":"bad","msg":""}
2021-08-03 00:16:15 查询号码 【1852531】，GSD为【""】
2021-08-03 00:16:15 bad
2021-08-03 00:16:18 CHB 1852531?1627920975 第 1 次 等待 3 秒
2021-08-03 00:16:21 CHB 1852531?1627920975 第 1 次 获取到号码【1852531】GSD
2021-08-03 00:16:21 获取到号码【1852531】的GSD为【辽宁-大连】
2021-08-03 00:16:24 GSD insert 第 1 次 等待 3 秒
2021-08-03 00:16:27 {"status":"ok","gid":484761,"msg":"添加成功！"}
2021-08-03 00:16:27 下次操作: 2021-08-03 00:16:45

2021-08-03 00:16:45 开始第 38 次操作

2021-08-03 00:16:45 开始操作号码 【1852530】
2021-08-03 00:16:49 GSD getOne 第 1 次 等待 3 秒
2021-08-03 00:16:52 查询号码 【1852530】，返回信息 {"status":"bad","msg":""}
2021-08-03 00:16:52 查询号码 【1852530】，GSD为【""】
2021-08-03 00:16:52 bad
2021-08-03 00:16:55 CHB 1852530?1627921012 第 1 次 等待 3 秒
2021-08-03 00:16:58 CHB 1852530?1627921012 第 1 次 获取到号码【1852530】GSD
2021-08-03 00:16:58 获取到号码【1852530】的GSD为【辽宁-大连】
2021-08-03 00:17:14 GSD insert 第 1 次 等待 3 秒
2021-08-03 00:17:17 {"status":"ok","gid":484771,"msg":"添加成功！"}
2021-08-03 00:17:17 下次操作: 2021-08-03 00:17:35

2021-08-03 00:17:35 开始第 39 次操作

2021-08-03 00:17:35 开始操作号码 【1852529】
2021-08-03 00:17:44 GSD getOne 第 1 次 等待 3 秒
2021-08-03 00:17:47 查询号码 【1852529】，返回信息 {"status":"bad","msg":""}
2021-08-03 00:17:47 查询号码 【1852529】，GSD为【""】
2021-08-03 00:17:47 bad
2021-08-03 00:17:48 CHB 1852529?1627921067 第 1 次 等待 3 秒
2021-08-03 00:17:51 CHB 1852529?1627921067 第 1 次 获取到号码【1852529】GSD
2021-08-03 00:17:51 获取到号码【1852529】的GSD为【辽宁-沈阳】
2021-08-03 00:18:05 GSD insert 第 1 次 等待 3 秒
2021-08-03 00:18:08 {"status":"ok","gid":484781,"msg":"添加成功！"}
2021-08-03 00:18:08 下次操作: 2021-08-03 00:18:24

2021-08-03 00:18:24 开始第 40 次操作

2021-08-03 00:18:24 开始操作号码 【1852528】
2021-08-03 00:18:27 GSD getOne 第 1 次 等待 3 秒
2021-08-03 00:18:30 查询号码 【1852528】，返回信息 {"status":"bad","msg":""}
2021-08-03 00:18:30 查询号码 【1852528】，GSD为【""】
2021-08-03 00:18:30 bad
2021-08-03 00:18:32 CHB 1852528?1627921110 第 1 次 等待 3 秒
2021-08-03 00:18:35 CHB 1852528?1627921110 第 1 次 获取到号码【1852528】GSD
2021-08-03 00:18:35 获取到号码【1852528】的GSD为【辽宁-沈阳】
2021-08-03 00:18:41 GSD insert 第 1 次 等待 3 秒
2021-08-03 00:18:44 {"status":"ok","gid":484787,"msg":"添加成功！"}

