2024-10-18 00:27:45 开始第 73 次操作

2024-10-18 00:27:45 开始操作号码 【1340072】
2024-10-18 00:27:46 GSD getOne 第 1 次 等待 3 秒
2024-10-18 00:27:49 查询号码 【1340072】，返回信息 {"status":"ok","msg":"福建-厦门","gid":"49290","time_insert":"2021-04-16 23:57"}
2024-10-18 00:27:49 查询号码 【1340072】，GSD为【"福建-厦门"】

2024-10-18 00:27:50 开始第 74 次操作

2024-10-18 00:27:50 开始操作号码 【1340073】
2024-10-18 00:27:51 GSD getOne 第 1 次 等待 3 秒
2024-10-18 00:27:54 查询号码 【1340073】，返回信息 {"status":"ok","msg":"福建-厦门","gid":"49294","time_insert":"2021-04-17 01:03"}
2024-10-18 00:27:54 查询号码 【1340073】，GSD为【"福建-厦门"】

2024-10-18 00:27:55 开始第 75 次操作

2024-10-18 00:27:55 开始操作号码 【1340074】
2024-10-18 00:27:56 GSD getOne 第 1 次 等待 3 秒
2024-10-18 00:27:59 查询号码 【1340074】，返回信息 {"status":"ok","msg":"福建-厦门","gid":"3798","time_insert":"2018-06-03 22:30","time_update":"2020-09-06 15:46"}
2024-10-18 00:27:59 查询号码 【1340074】，GSD为【"福建-厦门"】

2024-10-18 00:28:00 开始第 76 次操作

2024-10-18 00:28:00 开始操作号码 【1340075】
2024-10-18 00:28:01 GSD getOne 第 1 次 等待 3 秒
2024-10-18 00:28:04 查询号码 【1340075】，返回信息 {"status":"ok","msg":"福建-厦门","gid":"49298","time_insert":"2021-04-17 02:28"}
2024-10-18 00:28:04 查询号码 【1340075】，GSD为【"福建-厦门"】

