2024-03-05 00:10:58 开始第 7277 次操作

2024-03-05 00:10:58 开始操作号码 【1787186】
2024-03-05 00:11:04 GSD getOne 第 1 次 等待 3 秒
2024-03-05 00:11:07 查询号码 【1787186】，返回信息 {"status":"ok","msg":"湖北-荆门","gid":"284146","time_insert":"2021-07-15 13:43"}
2024-03-05 00:11:07 查询号码 【1787186】，GSD为【"湖北-荆门"】

2024-03-05 00:11:08 开始第 7278 次操作

2024-03-05 00:11:08 开始操作号码 【1787187】
2024-03-05 00:11:13 GSD getOne 第 1 次 等待 3 秒
2024-03-05 00:11:16 查询号码 【1787187】，返回信息 {"status":"ok","msg":"湖北-宜昌","gid":"284140","time_insert":"2021-07-15 13:42"}
2024-03-05 00:11:16 查询号码 【1787187】，GSD为【"湖北-宜昌"】

2024-03-05 00:11:17 开始第 7279 次操作

2024-03-05 00:11:17 开始操作号码 【1787188】
2024-03-05 00:11:22 GSD getOne 第 1 次 等待 3 秒
2024-03-05 00:11:25 查询号码 【1787188】，返回信息 {"status":"ok","msg":"湖北-襄阳","gid":"31678","time_insert":"2019-07-24 09:38","time_update":"2020-09-18 15:15"}
2024-03-05 00:11:25 查询号码 【1787188】，GSD为【"湖北-襄阳"】

2024-03-05 00:11:26 开始第 7280 次操作

2024-03-05 00:11:26 开始操作号码 【1787189】
2024-03-05 00:11:31 GSD getOne 第 1 次 等待 3 秒
2024-03-05 00:11:34 查询号码 【1787189】，返回信息 {"status":"ok","msg":"湖北-黄冈","gid":"284133","time_insert":"2021-07-15 13:41"}
2024-03-05 00:11:34 查询号码 【1787189】，GSD为【"湖北-黄冈"】

