2023-11-21 00:35:42 开始第 1 次操作

2023-11-21 00:35:42 开始操作号码 【1999909】
2023-11-21 00:35:46 GSD getOne 第 1 次 等待 3 秒
2023-11-21 00:35:49 查询号码 【1999909】，返回信息 {"status":"ok","msg":"-","gid":"466419","time_insert":"2021-08-01 11:00"}
2023-11-21 00:35:49 查询号码 【1999909】，GSD为【"-"】
2023-11-21 00:35:49 ok && -
2023-11-21 00:35:52 CHB 1999909?1700498149 第 1 次 等待 3 秒
2023-11-21 00:35:55 CHB 1999909?1700498149 第 1 次 获取到号码【1999909】GSD
2023-11-21 00:35:55 未获取到号码【1999909】GSD，可能号码格式错误
2023-11-21 00:35:55 获取到号码【1999909】的GSD为【-】
2023-11-21 00:35:58 GSD insert 第 1 次 等待 3 秒
2023-11-21 00:36:01 {"status":"bad","gid":"466419","msg":"添加失败！号码【1999909(-|-)】已存在！"}
2023-11-21 00:36:01 随机等待 88 秒，约 1 分钟
2023-11-21 00:36:01 下次操作: 2023-11-21 00:37:29

2023-11-21 00:37:29 开始第 2 次操作

2023-11-21 00:37:29 开始操作号码 【1999910】
2023-11-21 00:37:34 GSD getOne 第 1 次 等待 3 秒
2023-11-21 00:37:37 查询号码 【1999910】，返回信息 {"status":"ok","msg":"新疆-乌鲁木齐","gid":"466405","time_insert":"2021-08-01 10:59"}
2023-11-21 00:37:37 查询号码 【1999910】，GSD为【"新疆-乌鲁木齐"】

2023-11-21 00:37:38 开始第 3 次操作

2023-11-21 00:37:38 开始操作号码 【1999911】
2023-11-21 00:37:42 GSD getOne 第 1 次 等待 3 秒
2023-11-21 00:37:45 查询号码 【1999911】，返回信息 {"status":"ok","msg":"新疆-乌鲁木齐","gid":"466392","time_insert":"2021-08-01 10:58"}
2023-11-21 00:37:45 查询号码 【1999911】，GSD为【"新疆-乌鲁木齐"】

2023-11-21 00:37:46 开始第 4 次操作

2023-11-21 00:37:46 开始操作号码 【1999912】
2023-11-21 00:37:53 GSD getOne 第 1 次 等待 3 秒
2023-11-21 00:37:56 查询号码 【1999912】，返回信息 {"status":"ok","msg":"新疆-乌鲁木齐","gid":"466379","time_insert":"2021-08-01 10:58"}
2023-11-21 00:37:56 查询号码 【1999912】，GSD为【"新疆-乌鲁木齐"】

2023-11-21 01:06:23 开始第 5 次操作

2023-11-21 01:06:23 开始操作号码 【1999913】
2023-11-21 01:06:28 GSD getOne 第 1 次 等待 3 秒
2023-11-21 01:06:31 查询号码 【1999913】，返回信息 {"status":"ok","msg":"新疆-塔城","gid":"466364","time_insert":"2021-08-01 10:57"}
2023-11-21 01:06:31 查询号码 【1999913】，GSD为【"新疆-塔城"】

2023-11-21 01:06:32 开始第 6 次操作

2023-11-21 01:06:32 开始操作号码 【1999914】
2023-11-21 01:06:35 GSD getOne 第 1 次 等待 3 秒
2023-11-21 01:06:38 查询号码 【1999914】，返回信息 {"status":"ok","msg":"新疆-塔城","gid":"466351","time_insert":"2021-08-01 10:56"}
2023-11-21 01:06:38 查询号码 【1999914】，GSD为【"新疆-塔城"】

2023-11-21 01:06:39 开始第 7 次操作

2023-11-21 01:06:39 开始操作号码 【1999915】
2023-11-21 01:06:43 GSD getOne 第 1 次 等待 3 秒
2023-11-21 01:06:46 查询号码 【1999915】，返回信息 {"status":"ok","msg":"新疆-塔城","gid":"466339","time_insert":"2021-08-01 10:55"}
2023-11-21 01:06:46 查询号码 【1999915】，GSD为【"新疆-塔城"】

2023-11-21 01:06:47 开始第 8 次操作

2023-11-21 01:06:47 开始操作号码 【1999916】
2023-11-21 01:06:50 GSD getOne 第 1 次 等待 3 秒
2023-11-21 01:06:53 查询号码 【1999916】，返回信息 {"status":"ok","msg":"新疆-库尔勒","gid":"466320","time_insert":"2021-08-01 10:54"}
2023-11-21 01:06:53 查询号码 【1999916】，GSD为【"新疆-库尔勒"】

