2023-11-18 00:11:05 开始第 9453 次操作

2023-11-18 00:11:05 开始操作号码 【1999361】
2023-11-18 00:11:18 GSD getOne 第 1 次 等待 3 秒
2023-11-18 00:11:21 查询号码 【1999361】，返回信息 {"status":"ok","msg":"甘肃-张掖","gid":"473778","time_insert":"2021-08-02 01:39"}
2023-11-18 00:11:21 查询号码 【1999361】，GSD为【"甘肃-张掖"】

2023-11-18 00:11:22 开始第 9454 次操作

2023-11-18 00:11:22 开始操作号码 【1999362】
2023-11-18 00:11:25 GSD getOne 第 1 次 等待 3 秒
2023-11-18 00:11:28 查询号码 【1999362】，返回信息 {"status":"ok","msg":"甘肃-张掖","gid":"473774","time_insert":"2021-08-02 01:39"}
2023-11-18 00:11:28 查询号码 【1999362】，GSD为【"甘肃-张掖"】

2023-11-18 00:11:29 开始第 9455 次操作

2023-11-18 00:11:29 开始操作号码 【1999363】
2023-11-18 00:11:42 GSD getOne 第 1 次 等待 3 秒
2023-11-18 00:11:45 查询号码 【1999363】，返回信息 {"status":"ok","msg":"甘肃-张掖","gid":"473772","time_insert":"2021-08-02 01:38"}
2023-11-18 00:11:45 查询号码 【1999363】，GSD为【"甘肃-张掖"】

2023-11-18 00:11:46 开始第 9456 次操作

2023-11-18 00:11:46 开始操作号码 【1999364】
2023-11-18 00:11:49 GSD getOne 第 1 次 等待 3 秒
2023-11-18 00:11:52 查询号码 【1999364】，返回信息 {"status":"ok","msg":"甘肃-张掖","gid":"473768","time_insert":"2021-08-02 01:37"}
2023-11-18 00:11:52 查询号码 【1999364】，GSD为【"甘肃-张掖"】

2023-11-18 00:39:50 开始第 9457 次操作

2023-11-18 00:39:50 开始操作号码 【1999365】
2023-11-18 00:39:59 GSD getOne 第 1 次 等待 3 秒
2023-11-18 00:40:02 查询号码 【1999365】，返回信息 {"status":"ok","msg":"甘肃-张掖","gid":"473764","time_insert":"2021-08-02 01:37"}
2023-11-18 00:40:02 查询号码 【1999365】，GSD为【"甘肃-张掖"】

2023-11-18 00:40:03 开始第 9458 次操作

2023-11-18 00:40:03 开始操作号码 【1999366】
2023-11-18 00:40:06 GSD getOne 第 1 次 等待 3 秒
2023-11-18 00:40:09 查询号码 【1999366】，返回信息 {"status":"ok","msg":"甘肃-张掖","gid":"473761","time_insert":"2021-08-02 01:36"}
2023-11-18 00:40:09 查询号码 【1999366】，GSD为【"甘肃-张掖"】

2023-11-18 00:40:10 开始第 9459 次操作

2023-11-18 00:40:10 开始操作号码 【1999367】
2023-11-18 00:40:16 GSD getOne 第 1 次 等待 3 秒
2023-11-18 00:40:19 查询号码 【1999367】，返回信息 {"status":"ok","msg":"甘肃-张掖","gid":"473758","time_insert":"2021-08-02 01:36"}
2023-11-18 00:40:19 查询号码 【1999367】，GSD为【"甘肃-张掖"】

2023-11-18 00:40:20 开始第 9460 次操作

2023-11-18 00:40:20 开始操作号码 【1999368】
2023-11-18 00:40:26 GSD getOne 第 1 次 等待 3 秒
2023-11-18 00:40:29 查询号码 【1999368】，返回信息 {"status":"ok","msg":"甘肃-张掖","gid":"473754","time_insert":"2021-08-02 01:35"}
2023-11-18 00:40:29 查询号码 【1999368】，GSD为【"甘肃-张掖"】

