2021-07-12 00:59:00 开始第 1 次操作

2021-07-12 00:59:00 开始操作号码 【1721424】
2021-07-12 00:59:06 GSD getOne 第 1 次 等待 1 秒
2021-07-12 00:59:07 查询号码 【1721424】，返回信息 {"status":"ok","msg":"四川-成都","time_insert":"2021-07-12 00:11"}
2021-07-12 00:59:07 查询号码 【1721424】，GSD为【"四川-成都"】

2021-07-12 00:59:07 开始第 1 次操作

2021-07-12 00:59:07 开始操作号码 【1721425】
2021-07-12 00:59:11 GSD getOne 第 1 次 等待 1 秒
2021-07-12 00:59:12 查询号码 【1721425】，返回信息 {"status":"ok","msg":"四川-成都","time_insert":"2021-07-12 00:12"}
2021-07-12 00:59:12 查询号码 【1721425】，GSD为【"四川-成都"】

2021-07-12 00:59:12 开始第 1 次操作

2021-07-12 00:59:12 开始操作号码 【1721426】
2021-07-12 00:59:16 GSD getOne 第 1 次 等待 1 秒
2021-07-12 00:59:17 查询号码 【1721426】，返回信息 {"status":"ok","msg":"四川-成都","time_insert":"2021-07-12 00:12"}
2021-07-12 00:59:17 查询号码 【1721426】，GSD为【"四川-成都"】

2021-07-12 00:59:17 开始第 1 次操作

2021-07-12 00:59:17 开始操作号码 【1721427】
2021-07-12 00:59:21 GSD getOne 第 1 次 等待 1 秒
2021-07-12 00:59:22 查询号码 【1721427】，返回信息 {"status":"ok","msg":"四川-成都","time_insert":"2021-07-12 00:12"}
2021-07-12 00:59:22 查询号码 【1721427】，GSD为【"四川-成都"】

2021-07-12 00:59:22 开始第 1 次操作

2021-07-12 00:59:22 开始操作号码 【1721428】
2021-07-12 00:59:28 GSD getOne 第 1 次 等待 1 秒
2021-07-12 00:59:29 查询号码 【1721428】，返回信息 {"status":"ok","msg":"四川-成都","time_insert":"2021-07-12 00:13"}
2021-07-12 00:59:29 查询号码 【1721428】，GSD为【"四川-成都"】

2021-07-12 00:59:29 开始第 1 次操作

2021-07-12 00:59:29 开始操作号码 【1721429】
2021-07-12 00:59:39 GSD getOne 第 1 次 等待 1 秒
2021-07-12 00:59:40 查询号码 【1721429】，返回信息 {"status":"ok","msg":"四川-成都","time_insert":"2021-07-12 00:13"}
2021-07-12 00:59:40 查询号码 【1721429】，GSD为【"四川-成都"】

2021-07-12 00:59:40 开始第 1 次操作

2021-07-12 00:59:40 开始操作号码 【1721430】
2021-07-12 00:59:44 GSD getOne 第 1 次 等待 1 秒
2021-07-12 00:59:45 查询号码 【1721430】，返回信息 {"status":"ok","msg":"四川-成都","time_insert":"2021-07-12 00:14"}
2021-07-12 00:59:45 查询号码 【1721430】，GSD为【"四川-成都"】

2021-07-12 00:59:45 开始第 1 次操作

2021-07-12 00:59:45 开始操作号码 【1721431】
2021-07-12 00:59:50 GSD getOne 第 1 次 等待 1 秒
2021-07-12 00:59:51 查询号码 【1721431】，返回信息 {"status":"ok","msg":"四川-成都","time_insert":"2021-07-12 00:14"}
2021-07-12 00:59:51 查询号码 【1721431】，GSD为【"四川-成都"】

2021-07-12 00:59:51 开始第 1 次操作

2021-07-12 00:59:51 开始操作号码 【1721432】
2021-07-12 00:59:55 GSD getOne 第 1 次 等待 1 秒
2021-07-12 00:59:56 查询号码 【1721432】，返回信息 {"status":"ok","msg":"四川-成都","time_insert":"2021-07-12 00:15"}
2021-07-12 00:59:56 查询号码 【1721432】，GSD为【"四川-成都"】

2021-07-12 00:59:56 开始第 1 次操作

2021-07-12 00:59:56 开始操作号码 【1721433】
2021-07-12 01:00:01 GSD getOne 第 1 次 等待 1 秒
2021-07-12 01:00:02 查询号码 【1721433】，返回信息 {"status":"ok","msg":"四川-成都","time_insert":"2021-07-12 00:15"}
2021-07-12 01:00:02 查询号码 【1721433】，GSD为【"四川-成都"】

2021-07-12 01:00:02 开始第 1 次操作

2021-07-12 01:00:02 开始操作号码 【1721434】
2021-07-12 01:00:06 GSD getOne 第 1 次 等待 1 秒
2021-07-12 01:00:07 查询号码 【1721434】，返回信息 {"status":"ok","msg":"四川-成都","time_insert":"2021-07-12 00:16"}
2021-07-12 01:00:07 查询号码 【1721434】，GSD为【"四川-成都"】

2021-07-12 01:00:07 开始第 1 次操作

2021-07-12 01:00:07 开始操作号码 【1721435】
2021-07-12 01:00:14 GSD getOne 第 1 次 等待 1 秒
2021-07-12 01:00:15 查询号码 【1721435】，返回信息 {"status":"ok","msg":"四川-成都","time_insert":"2021-07-12 00:17"}
2021-07-12 01:00:15 查询号码 【1721435】，GSD为【"四川-成都"】

2021-07-12 01:00:15 开始第 1 次操作

2021-07-12 01:00:15 开始操作号码 【1721436】
2021-07-12 01:00:19 GSD getOne 第 1 次 等待 1 秒
2021-07-12 01:00:20 查询号码 【1721436】，返回信息 {"status":"bad","msg":""}
2021-07-12 01:00:20 查询号码 【1721436】，GSD为【""】
2021-07-12 01:00:20 bad
2021-07-12 01:00:41 CHB 1721436?1626022820 第 1 次 等待 1 秒
2021-07-12 01:00:42 CHB 1721436?1626022820 第 1 次 获取到号码【1721436】GSD
2021-07-12 01:00:42 获取到号码【1721436】的GSD为【四川-成都】
2021-07-12 01:00:49 GSD insert 第 1 次 等待 1 秒
2021-07-12 01:00:50 {"status":"ok","msg":"添加成功！252151"}
2021-07-12 01:00:50 下次操作: 2021-07-12 01:00:59

2021-07-12 01:00:59 开始第 2 次操作

2021-07-12 01:00:59 开始操作号码 【1721437】
2021-07-12 01:01:02 GSD getOne 第 1 次 等待 1 秒
2021-07-12 01:01:03 查询号码 【1721437】，返回信息 {"status":"bad","msg":""}
2021-07-12 01:01:03 查询号码 【1721437】，GSD为【""】
2021-07-12 01:01:03 bad
2021-07-12 01:01:09 CHB 1721437?1626022863 第 1 次 等待 1 秒
2021-07-12 01:01:10 CHB 1721437?1626022863 第 1 次 获取到号码【1721437】GSD
2021-07-12 01:01:10 获取到号码【1721437】的GSD为【四川-成都】
2021-07-12 01:01:15 GSD insert 第 1 次 等待 1 秒
2021-07-12 01:01:16 {"status":"ok","msg":"添加成功！252158"}
2021-07-12 01:01:16 下次操作: 2021-07-12 01:01:34

2021-07-12 01:01:34 开始第 3 次操作

2021-07-12 01:01:34 开始操作号码 【1721438】
2021-07-12 01:01:38 GSD getOne 第 1 次 等待 1 秒
2021-07-12 01:01:39 查询号码 【1721438】，返回信息 {"status":"bad","msg":""}
2021-07-12 01:01:39 查询号码 【1721438】，GSD为【""】
2021-07-12 01:01:39 bad
2021-07-12 01:01:43 CHB 1721438?1626022899 第 1 次 等待 1 秒
2021-07-12 01:01:44 CHB 1721438?1626022899 第 1 次 获取到号码【1721438】GSD
2021-07-12 01:01:44 获取到号码【1721438】的GSD为【四川-成都】
2021-07-12 01:01:48 GSD insert 第 1 次 等待 1 秒
2021-07-12 01:01:49 {"status":"ok","msg":"添加成功！252165"}
2021-07-12 01:01:49 下次操作: 2021-07-12 01:02:02

2021-07-12 01:02:02 开始第 4 次操作

2021-07-12 01:02:02 开始操作号码 【1721439】
2021-07-12 01:02:06 GSD getOne 第 1 次 等待 1 秒
2021-07-12 01:02:07 查询号码 【1721439】，返回信息 {"status":"bad","msg":""}
2021-07-12 01:02:07 查询号码 【1721439】，GSD为【""】
2021-07-12 01:02:07 bad
2021-07-12 01:02:09 CHB 1721439?1626022927 第 1 次 等待 1 秒
2021-07-12 01:02:10 CHB 1721439?1626022927 第 1 次 获取到号码【1721439】GSD
2021-07-12 01:02:10 获取到号码【1721439】的GSD为【四川-成都】
2021-07-12 01:02:14 GSD insert 第 1 次 等待 1 秒
2021-07-12 01:02:15 {"status":"ok","msg":"添加成功！252171"}
2021-07-12 01:02:15 下次操作: 2021-07-12 01:02:32

2021-07-12 01:02:32 开始第 5 次操作

2021-07-12 01:02:32 开始操作号码 【1721440】
2021-07-12 01:02:40 GSD getOne 第 1 次 等待 1 秒
2021-07-12 01:02:41 查询号码 【1721440】，返回信息 {"status":"bad","msg":""}
2021-07-12 01:02:42 查询号码 【1721440】，GSD为【""】
2021-07-12 01:02:42 bad
2021-07-12 01:02:44 CHB 1721440?1626022962 第 1 次 等待 1 秒
2021-07-12 01:02:45 CHB 1721440?1626022962 第 1 次 获取到号码【1721440】GSD
2021-07-12 01:02:46 获取到号码【1721440】的GSD为【四川-成都】
2021-07-12 01:02:51 GSD insert 第 1 次 等待 1 秒
2021-07-12 01:02:52 {"status":"ok","msg":"添加成功！252179"}
2021-07-12 01:02:52 下次操作: 2021-07-12 01:03:02

2021-07-12 01:03:02 开始第 6 次操作

2021-07-12 01:03:02 开始操作号码 【1721441】
2021-07-12 01:03:08 GSD getOne 第 1 次 等待 1 秒
2021-07-12 01:03:09 查询号码 【1721441】，返回信息 {"status":"bad","msg":""}
2021-07-12 01:03:09 查询号码 【1721441】，GSD为【""】
2021-07-12 01:03:09 bad
2021-07-12 01:03:11 CHB 1721441?1626022989 第 1 次 等待 1 秒
2021-07-12 01:03:12 CHB 1721441?1626022989 第 1 次 获取到号码【1721441】GSD
2021-07-12 01:03:13 获取到号码【1721441】的GSD为【四川-成都】
2021-07-12 01:03:16 GSD insert 第 1 次 等待 1 秒
2021-07-12 01:03:17 {"status":"ok","msg":"添加成功！252185"}
2021-07-12 01:03:17 下次操作: 2021-07-12 01:03:28

2021-07-12 01:03:28 开始第 7 次操作

2021-07-12 01:03:28 开始操作号码 【1721442】
2021-07-12 01:03:37 GSD getOne 第 1 次 等待 1 秒
2021-07-12 01:03:38 查询号码 【1721442】，返回信息 {"status":"bad","msg":""}
2021-07-12 01:03:38 查询号码 【1721442】，GSD为【""】
2021-07-12 01:03:38 bad
2021-07-12 01:03:40 CHB 1721442?1626023018 第 1 次 等待 1 秒
2021-07-12 01:03:41 CHB 1721442?1626023018 第 1 次 获取到号码【1721442】GSD
2021-07-12 01:03:41 获取到号码【1721442】的GSD为【四川-成都】
2021-07-12 01:03:50 GSD insert 第 1 次 等待 1 秒
2021-07-12 01:03:51 {"status":"ok","msg":"添加成功！252193"}
2021-07-12 01:03:51 下次操作: 2021-07-12 01:04:03

2021-07-12 01:04:03 开始第 8 次操作

2021-07-12 01:04:03 开始操作号码 【1721443】
2021-07-12 01:04:07 GSD getOne 第 1 次 等待 1 秒
2021-07-12 01:04:08 查询号码 【1721443】，返回信息 {"status":"bad","msg":""}
2021-07-12 01:04:08 查询号码 【1721443】，GSD为【""】
2021-07-12 01:04:08 bad
2021-07-12 01:04:11 CHB 1721443?1626023048 第 1 次 等待 1 秒
2021-07-12 01:04:12 CHB 1721443?1626023048 第 1 次 获取到号码【1721443】GSD
2021-07-12 01:04:12 获取到号码【1721443】的GSD为【四川-成都】
2021-07-12 01:04:18 GSD insert 第 1 次 等待 1 秒
2021-07-12 01:04:19 {"status":"ok","msg":"添加成功！252199"}
2021-07-12 01:04:19 下次操作: 2021-07-12 01:04:30

2021-07-12 01:04:30 开始第 9 次操作

2021-07-12 01:04:30 开始操作号码 【1721444】
2021-07-12 01:04:35 GSD getOne 第 1 次 等待 1 秒
2021-07-12 01:04:36 查询号码 【1721444】，返回信息 {"status":"bad","msg":""}
2021-07-12 01:04:36 查询号码 【1721444】，GSD为【""】
2021-07-12 01:04:36 bad
2021-07-12 01:04:39 CHB 1721444?1626023076 第 1 次 等待 1 秒
2021-07-12 01:04:40 CHB 1721444?1626023076 第 1 次 获取到号码【1721444】GSD
2021-07-12 01:04:40 获取到号码【1721444】的GSD为【四川-成都】
2021-07-12 01:04:45 GSD insert 第 1 次 等待 1 秒
2021-07-12 01:04:46 {"status":"ok","msg":"添加成功！252205"}
2021-07-12 01:04:46 下次操作: 2021-07-12 01:04:52

2021-07-12 01:04:52 开始第 10 次操作

2021-07-12 01:04:52 开始操作号码 【1721445】
2021-07-12 01:04:56 GSD getOne 第 1 次 等待 1 秒
2021-07-12 01:04:57 查询号码 【1721445】，返回信息 {"status":"bad","msg":""}
2021-07-12 01:04:57 查询号码 【1721445】，GSD为【""】
2021-07-12 01:04:57 bad
2021-07-12 01:06:11 CHB 1721445?1626023097 第 1 次 等待 1 秒
2021-07-12 01:06:12 CHB 1721445?1626023097 第 1 次 获取到号码【1721445】GSD
2021-07-12 01:06:12 未获取到号码【1721445】GSD，查号吧 525 错误
2021-07-12 01:06:12 获取到号码【1721445】的GSD为【-】
2021-07-12 01:06:17 GSD insert 第 1 次 等待 1 秒
2021-07-12 01:06:18 {"status":"ok","msg":"添加成功！252215"}
2021-07-12 01:06:18 下次操作: 2021-07-12 01:06:28

2021-07-12 01:06:28 开始第 11 次操作

2021-07-12 01:06:28 开始操作号码 【1721446】
2021-07-12 01:06:37 GSD getOne 第 1 次 等待 1 秒
2021-07-12 01:06:38 查询号码 【1721446】，返回信息 {"status":"bad","msg":""}
2021-07-12 01:06:38 查询号码 【1721446】，GSD为【""】
2021-07-12 01:06:38 bad
2021-07-12 01:07:24 CHB 1721446?1626023198 第 1 次 等待 1 秒
2021-07-12 01:07:25 CHB 1721446?1626023198 第 1 次 获取到号码【1721446】GSD
2021-07-12 01:07:25 获取到号码【1721446】的GSD为【四川-成都】
2021-07-12 01:07:31 GSD insert 第 1 次 等待 1 秒
2021-07-12 01:07:32 {"status":"ok","msg":"添加成功！252229"}
2021-07-12 01:07:32 下次操作: 2021-07-12 01:07:45

2021-07-12 01:07:45 开始第 12 次操作

2021-07-12 01:07:45 开始操作号码 【1721447】
2021-07-12 01:07:51 GSD getOne 第 1 次 等待 1 秒
2021-07-12 01:07:52 查询号码 【1721447】，返回信息 {"status":"bad","msg":""}
2021-07-12 01:07:52 查询号码 【1721447】，GSD为【""】
2021-07-12 01:07:52 bad
2021-07-12 01:07:54 CHB 1721447?1626023272 第 1 次 等待 1 秒
2021-07-12 01:07:55 CHB 1721447?1626023272 第 1 次 获取到号码【1721447】GSD
2021-07-12 01:07:55 获取到号码【1721447】的GSD为【福建-福州】
2021-07-12 01:08:01 GSD insert 第 1 次 等待 1 秒
2021-07-12 01:08:02 {"status":"ok","msg":"添加成功！252236"}
2021-07-12 01:08:02 下次操作: 2021-07-12 01:08:12

2021-07-12 01:08:12 开始第 13 次操作

2021-07-12 01:08:12 开始操作号码 【1721448】
2021-07-12 01:08:16 GSD getOne 第 1 次 等待 1 秒
2021-07-12 01:08:17 查询号码 【1721448】，返回信息 {"status":"bad","msg":""}
2021-07-12 01:08:17 查询号码 【1721448】，GSD为【""】
2021-07-12 01:08:17 bad
2021-07-12 01:08:18 CHB 1721448?1626023297 第 1 次 等待 1 秒
2021-07-12 01:08:19 CHB 1721448?1626023297 第 1 次 获取到号码【1721448】GSD
2021-07-12 01:08:19 获取到号码【1721448】的GSD为【福建-福州】
2021-07-12 01:08:28 GSD insert 第 1 次 等待 1 秒
2021-07-12 01:08:29 {"status":"ok","msg":"添加成功！252245"}
2021-07-12 01:08:29 下次操作: 2021-07-12 01:08:35

2021-07-12 01:08:35 开始第 14 次操作

2021-07-12 01:08:35 开始操作号码 【1721449】
2021-07-12 01:08:39 GSD getOne 第 1 次 等待 1 秒
2021-07-12 01:08:40 查询号码 【1721449】，返回信息 {"status":"bad","msg":""}
2021-07-12 01:08:40 查询号码 【1721449】，GSD为【""】
2021-07-12 01:08:40 bad
2021-07-12 01:08:42 CHB 1721449?1626023320 第 1 次 等待 1 秒
2021-07-12 01:08:43 CHB 1721449?1626023320 第 1 次 获取到号码【1721449】GSD
2021-07-12 01:08:43 获取到号码【1721449】的GSD为【福建-福州】
2021-07-12 01:08:50 GSD insert 第 1 次 等待 1 秒
2021-07-12 01:08:51 {"status":"ok","msg":"添加成功！252249"}
2021-07-12 01:08:51 下次操作: 2021-07-12 01:09:09

2021-07-12 01:09:09 开始第 15 次操作

2021-07-12 01:09:09 开始操作号码 【1721450】
2021-07-12 01:09:16 GSD getOne 第 1 次 等待 1 秒
2021-07-12 01:09:17 查询号码 【1721450】，返回信息 {"status":"bad","msg":""}
2021-07-12 01:09:17 查询号码 【1721450】，GSD为【""】
2021-07-12 01:09:17 bad
2021-07-12 01:09:19 CHB 1721450?1626023357 第 1 次 等待 1 秒
2021-07-12 01:09:20 CHB 1721450?1626023357 第 1 次 获取到号码【1721450】GSD
2021-07-12 01:09:20 获取到号码【1721450】的GSD为【福建-福州】
2021-07-12 01:09:26 GSD insert 第 1 次 等待 1 秒
2021-07-12 01:09:27 {"status":"ok","msg":"添加成功！252259"}
2021-07-12 01:09:27 下次操作: 2021-07-12 01:09:44

2021-07-12 01:09:44 开始第 16 次操作

2021-07-12 01:09:44 开始操作号码 【1721451】
2021-07-12 01:09:49 GSD getOne 第 1 次 等待 1 秒
2021-07-12 01:09:50 查询号码 【1721451】，返回信息 {"status":"bad","msg":""}
2021-07-12 01:09:50 查询号码 【1721451】，GSD为【""】
2021-07-12 01:09:50 bad
2021-07-12 01:09:52 CHB 1721451?1626023390 第 1 次 等待 1 秒
2021-07-12 01:09:53 CHB 1721451?1626023390 第 1 次 获取到号码【1721451】GSD
2021-07-12 01:09:53 获取到号码【1721451】的GSD为【福建-福州】
2021-07-12 01:10:02 GSD insert 第 1 次 等待 1 秒
2021-07-12 01:10:03 {"status":"ok","msg":"添加成功！252266"}
2021-07-12 01:10:03 下次操作: 2021-07-12 01:10:21

2021-07-12 01:10:21 开始第 17 次操作

2021-07-12 01:10:21 开始操作号码 【1721452】
2021-07-12 01:10:27 GSD getOne 第 1 次 等待 1 秒
2021-07-12 01:10:28 查询号码 【1721452】，返回信息 {"status":"bad","msg":""}
2021-07-12 01:10:29 查询号码 【1721452】，GSD为【""】
2021-07-12 01:10:29 bad
2021-07-12 01:10:31 CHB 1721452?1626023429 第 1 次 等待 1 秒
2021-07-12 01:10:32 CHB 1721452?1626023429 第 1 次 获取到号码【1721452】GSD
2021-07-12 01:10:32 获取到号码【1721452】的GSD为【福建-福州】
2021-07-12 01:10:36 GSD insert 第 1 次 等待 1 秒
2021-07-12 01:10:37 {"status":"ok","msg":"添加成功！252276"}
2021-07-12 01:10:37 下次操作: 2021-07-12 01:10:47

2021-07-12 01:10:47 开始第 18 次操作

2021-07-12 01:10:47 开始操作号码 【1721453】
2021-07-12 01:10:57 GSD getOne 第 1 次 等待 1 秒
2021-07-12 01:10:58 查询号码 【1721453】，返回信息 {"status":"bad","msg":""}
2021-07-12 01:10:58 查询号码 【1721453】，GSD为【""】
2021-07-12 01:10:58 bad
2021-07-12 01:13:30 CHB 1721453?1626023458 第 1 次 等待 1 秒
2021-07-12 01:13:31 CHB 1721453?1626023458 第 1 次 获取到号码【1721453】GSD
2021-07-12 01:13:31 未获取到号码【1721453】GSD，查号吧 502 错误
2021-07-12 01:13:31 获取到号码【1721453】的GSD为【-】
2021-07-12 01:13:36 GSD insert 第 1 次 等待 1 秒
2021-07-12 01:13:37 {"status":"ok","msg":"添加成功！252306"}
2021-07-12 01:13:37 下次操作: 2021-07-12 01:13:49

2021-07-12 01:13:49 开始第 19 次操作

2021-07-12 01:13:49 开始操作号码 【1721454】
2021-07-12 01:13:53 GSD getOne 第 1 次 等待 1 秒
2021-07-12 01:13:54 查询号码 【1721454】，返回信息 {"status":"bad","msg":""}
2021-07-12 01:13:54 查询号码 【1721454】，GSD为【""】
2021-07-12 01:13:54 bad
2021-07-12 01:13:56 CHB 1721454?1626023634 第 1 次 等待 1 秒
2021-07-12 01:13:57 CHB 1721454?1626023634 第 1 次 获取到号码【1721454】GSD
2021-07-12 01:13:57 获取到号码【1721454】的GSD为【福建-福州】
2021-07-12 01:14:02 GSD insert 第 1 次 等待 1 秒
2021-07-12 01:14:03 {"status":"ok","msg":"添加成功！252311"}
2021-07-12 01:14:03 下次操作: 2021-07-12 01:14:15

2021-07-12 01:14:15 开始第 20 次操作

2021-07-12 01:14:15 开始操作号码 【1721455】
2021-07-12 01:14:19 GSD getOne 第 1 次 等待 1 秒
2021-07-12 01:14:20 查询号码 【1721455】，返回信息 {"status":"bad","msg":""}
2021-07-12 01:14:20 查询号码 【1721455】，GSD为【""】
2021-07-12 01:14:20 bad
2021-07-12 01:14:22 CHB 1721455?1626023660 第 1 次 等待 1 秒
2021-07-12 01:14:23 CHB 1721455?1626023660 第 1 次 获取到号码【1721455】GSD
2021-07-12 01:14:23 获取到号码【1721455】的GSD为【福建-福州】
2021-07-12 01:14:26 GSD insert 第 1 次 等待 1 秒
2021-07-12 01:14:27 {"status":"ok","msg":"添加成功！252316"}
2021-07-12 01:14:27 下次操作: 2021-07-12 01:14:40

2021-07-12 01:14:40 开始第 21 次操作

2021-07-12 01:14:40 开始操作号码 【1721456】
2021-07-12 01:14:44 GSD getOne 第 1 次 等待 1 秒
2021-07-12 01:14:45 查询号码 【1721456】，返回信息 {"status":"bad","msg":""}
2021-07-12 01:14:45 查询号码 【1721456】，GSD为【""】
2021-07-12 01:14:45 bad
2021-07-12 01:14:48 CHB 1721456?1626023685 第 1 次 等待 1 秒
2021-07-12 01:14:49 CHB 1721456?1626023685 第 1 次 获取到号码【1721456】GSD
2021-07-12 01:14:49 获取到号码【1721456】的GSD为【福建-福州】
2021-07-12 01:14:56 GSD insert 第 1 次 等待 1 秒
2021-07-12 01:14:57 {"status":"ok","msg":"添加成功！252321"}
2021-07-12 01:14:57 下次操作: 2021-07-12 01:15:07

2021-07-12 01:15:07 开始第 22 次操作

2021-07-12 01:15:07 开始操作号码 【1721457】
2021-07-12 01:15:11 GSD getOne 第 1 次 等待 1 秒
2021-07-12 01:15:12 查询号码 【1721457】，返回信息 {"status":"bad","msg":""}
2021-07-12 01:15:13 查询号码 【1721457】，GSD为【""】
2021-07-12 01:15:13 bad
2021-07-12 01:15:15 CHB 1721457?1626023713 第 1 次 等待 1 秒
2021-07-12 01:15:16 CHB 1721457?1626023713 第 1 次 获取到号码【1721457】GSD
2021-07-12 01:15:16 获取到号码【1721457】的GSD为【福建-福州】
2021-07-12 01:15:20 GSD insert 第 1 次 等待 1 秒
2021-07-12 01:15:21 {"status":"ok","msg":"添加成功！252327"}
2021-07-12 01:15:21 下次操作: 2021-07-12 01:15:39

2021-07-12 01:15:39 开始第 23 次操作

2021-07-12 01:15:39 开始操作号码 【1721458】
2021-07-12 01:15:44 GSD getOne 第 1 次 等待 1 秒
2021-07-12 01:15:45 查询号码 【1721458】，返回信息 {"status":"bad","msg":""}
2021-07-12 01:15:45 查询号码 【1721458】，GSD为【""】
2021-07-12 01:15:45 bad
2021-07-12 01:15:46 CHB 1721458?1626023745 第 1 次 等待 1 秒
2021-07-12 01:15:47 CHB 1721458?1626023745 第 1 次 获取到号码【1721458】GSD
2021-07-12 01:15:47 获取到号码【1721458】的GSD为【福建-福州】
2021-07-12 01:15:54 GSD insert 第 1 次 等待 1 秒
2021-07-12 01:15:55 {"status":"ok","msg":"添加成功！252335"}
2021-07-12 01:15:55 下次操作: 2021-07-12 01:16:10

2021-07-12 01:16:10 开始第 24 次操作

2021-07-12 01:16:10 开始操作号码 【1721459】
2021-07-12 01:16:22 GSD getOne 第 1 次 等待 1 秒
2021-07-12 01:16:23 查询号码 【1721459】，返回信息 {"status":"bad","msg":""}
2021-07-12 01:16:23 查询号码 【1721459】，GSD为【""】
2021-07-12 01:16:23 bad
2021-07-12 01:16:25 CHB 1721459?1626023783 第 1 次 等待 1 秒
2021-07-12 01:16:26 CHB 1721459?1626023783 第 1 次 获取到号码【1721459】GSD
2021-07-12 01:16:26 获取到号码【1721459】的GSD为【福建-福州】
2021-07-12 01:16:30 GSD insert 第 1 次 等待 1 秒
2021-07-12 01:16:31 {"status":"ok","msg":"添加成功！252341"}
2021-07-12 01:16:31 下次操作: 2021-07-12 01:16:43

2021-07-12 01:16:43 开始第 25 次操作

2021-07-12 01:16:43 开始操作号码 【1721460】
2021-07-12 01:16:48 GSD getOne 第 1 次 等待 1 秒
2021-07-12 01:16:49 查询号码 【1721460】，返回信息 {"status":"bad","msg":""}
2021-07-12 01:16:49 查询号码 【1721460】，GSD为【""】
2021-07-12 01:16:49 bad
2021-07-12 01:18:10 CHB 1721460?1626023809 第 1 次 等待 1 秒
2021-07-12 01:18:11 CHB 1721460?1626023809 第 1 次 获取到号码【1721460】GSD
2021-07-12 01:18:11 获取到号码【1721460】的GSD为【福建-福州】
2021-07-12 01:18:18 GSD insert 第 1 次 等待 1 秒
2021-07-12 01:18:19 {"status":"ok","msg":"添加成功！252353"}
2021-07-12 01:18:19 下次操作: 2021-07-12 01:18:35

2021-07-12 01:18:35 开始第 26 次操作

2021-07-12 01:18:35 开始操作号码 【1721461】
2021-07-12 01:18:39 GSD getOne 第 1 次 等待 1 秒
2021-07-12 01:18:40 查询号码 【1721461】，返回信息 {"status":"bad","msg":""}
2021-07-12 01:18:40 查询号码 【1721461】，GSD为【""】
2021-07-12 01:18:40 bad
2021-07-12 01:18:58 CHB 1721461?1626023920 第 1 次 等待 1 秒
2021-07-12 01:18:59 CHB 1721461?1626023920 第 1 次 获取到号码【1721461】GSD
2021-07-12 01:18:59 获取到号码【1721461】的GSD为【福建-福州】
2021-07-12 01:19:03 GSD insert 第 1 次 等待 1 秒
2021-07-12 01:19:04 {"status":"ok","msg":"添加成功！252356"}
2021-07-12 01:19:04 下次操作: 2021-07-12 01:19:17

2021-07-12 01:19:17 开始第 27 次操作

2021-07-12 01:19:17 开始操作号码 【1721462】
2021-07-12 01:19:21 GSD getOne 第 1 次 等待 1 秒
2021-07-12 01:19:22 查询号码 【1721462】，返回信息 {"status":"bad","msg":""}
2021-07-12 01:19:22 查询号码 【1721462】，GSD为【""】
2021-07-12 01:19:22 bad
2021-07-12 01:19:24 CHB 1721462?1626023962 第 1 次 等待 1 秒
2021-07-12 01:19:25 CHB 1721462?1626023962 第 1 次 获取到号码【1721462】GSD
2021-07-12 01:19:25 获取到号码【1721462】的GSD为【福建-福州】
2021-07-12 01:19:29 GSD insert 第 1 次 等待 1 秒
2021-07-12 01:19:30 {"status":"ok","msg":"添加成功！252360"}
2021-07-12 01:19:30 下次操作: 2021-07-12 01:19:37

2021-07-12 01:19:37 开始第 28 次操作

2021-07-12 01:19:37 开始操作号码 【1721463】
2021-07-12 01:19:41 GSD getOne 第 1 次 等待 1 秒
2021-07-12 01:19:42 查询号码 【1721463】，返回信息 {"status":"bad","msg":""}
2021-07-12 01:19:42 查询号码 【1721463】，GSD为【""】
2021-07-12 01:19:42 bad
2021-07-12 01:19:48 CHB 1721463?1626023982 第 1 次 等待 1 秒
2021-07-12 01:19:49 CHB 1721463?1626023982 第 1 次 获取到号码【1721463】GSD
2021-07-12 01:19:49 获取到号码【1721463】的GSD为【福建-福州】
2021-07-12 01:19:54 GSD insert 第 1 次 等待 1 秒
2021-07-12 01:19:55 {"status":"ok","msg":"添加成功！252366"}
2021-07-12 01:19:55 下次操作: 2021-07-12 01:20:11

2021-07-12 01:20:11 开始第 29 次操作

2021-07-12 01:20:11 开始操作号码 【1721464】
2021-07-12 01:20:16 GSD getOne 第 1 次 等待 1 秒
2021-07-12 01:20:17 查询号码 【1721464】，返回信息 {"status":"bad","msg":""}
2021-07-12 01:20:17 查询号码 【1721464】，GSD为【""】
2021-07-12 01:20:17 bad
2021-07-12 01:20:21 CHB 1721464?1626024017 第 1 次 等待 1 秒
2021-07-12 01:20:22 CHB 1721464?1626024017 第 1 次 获取到号码【1721464】GSD
2021-07-12 01:20:22 获取到号码【1721464】的GSD为【福建-福州】
2021-07-12 01:20:26 GSD insert 第 1 次 等待 1 秒
2021-07-12 01:20:27 {"status":"ok","msg":"添加成功！252371"}
2021-07-12 01:20:27 下次操作: 2021-07-12 01:20:45

2021-07-12 01:20:45 开始第 30 次操作

2021-07-12 01:20:45 开始操作号码 【1721465】
2021-07-12 01:20:49 GSD getOne 第 1 次 等待 1 秒
2021-07-12 01:20:50 查询号码 【1721465】，返回信息 {"status":"bad","msg":""}
2021-07-12 01:20:50 查询号码 【1721465】，GSD为【""】
2021-07-12 01:20:50 bad
2021-07-12 01:20:52 CHB 1721465?1626024050 第 1 次 等待 1 秒
2021-07-12 01:20:53 CHB 1721465?1626024050 第 1 次 获取到号码【1721465】GSD
2021-07-12 01:20:53 获取到号码【1721465】的GSD为【福建-福州】
2021-07-12 01:21:00 GSD insert 第 1 次 等待 1 秒
2021-07-12 01:21:01 {"status":"ok","msg":"添加成功！252375"}

