2024-02-03 00:08:22 开始第 1621 次操作

2024-02-03 00:08:22 开始操作号码 【1781530】
2024-02-03 00:08:27 GSD getOne 第 1 次 等待 3 秒
2024-02-03 00:08:30 查询号码 【1781530】，返回信息 {"status":"ok","msg":"重庆-重庆","gid":"346628","time_insert":"2021-07-21 14:55"}
2024-02-03 00:08:30 查询号码 【1781530】，GSD为【"重庆-重庆"】

2024-02-03 00:08:31 开始第 1622 次操作

2024-02-03 00:08:31 开始操作号码 【1781531】
2024-02-03 00:08:36 GSD getOne 第 1 次 等待 3 秒
2024-02-03 00:08:39 查询号码 【1781531】，返回信息 {"status":"ok","msg":"重庆-重庆","gid":"346622","time_insert":"2021-07-21 14:54"}
2024-02-03 00:08:39 查询号码 【1781531】，GSD为【"重庆-重庆"】

2024-02-03 00:08:40 开始第 1623 次操作

2024-02-03 00:08:40 开始操作号码 【1781532】
2024-02-03 00:08:45 GSD getOne 第 1 次 等待 3 秒
2024-02-03 00:08:48 查询号码 【1781532】，返回信息 {"status":"ok","msg":"重庆-重庆","gid":"346612","time_insert":"2021-07-21 14:54"}
2024-02-03 00:08:48 查询号码 【1781532】，GSD为【"重庆-重庆"】

2024-02-03 00:08:49 开始第 1624 次操作

2024-02-03 00:08:49 开始操作号码 【1781533】
2024-02-03 00:08:53 GSD getOne 第 1 次 等待 3 秒
2024-02-03 00:08:56 查询号码 【1781533】，返回信息 {"status":"ok","msg":"重庆-重庆","gid":"31477","time_insert":"2019-07-09 12:47","time_update":"2021-01-15 09:56"}
2024-02-03 00:08:57 查询号码 【1781533】，GSD为【"重庆-重庆"】

2024-02-03 00:32:41 开始第 1625 次操作

2024-02-03 00:32:41 开始操作号码 【1781534】
2024-02-03 00:32:46 GSD getOne 第 1 次 等待 3 秒
2024-02-03 00:32:49 查询号码 【1781534】，返回信息 {"status":"ok","msg":"重庆-重庆","gid":"31478","time_insert":"2018-11-14 15:12","time_update":"2021-01-15 10:04"}
2024-02-03 00:32:49 查询号码 【1781534】，GSD为【"重庆-重庆"】

2024-02-03 00:32:50 开始第 1626 次操作

2024-02-03 00:32:50 开始操作号码 【1781535】
2024-02-03 00:32:54 GSD getOne 第 1 次 等待 3 秒
2024-02-03 00:32:57 查询号码 【1781535】，返回信息 {"status":"ok","msg":"重庆-重庆","gid":"346602","time_insert":"2021-07-21 14:52"}
2024-02-03 00:32:57 查询号码 【1781535】，GSD为【"重庆-重庆"】

2024-02-03 00:32:58 开始第 1627 次操作

2024-02-03 00:32:58 开始操作号码 【1781536】
2024-02-03 00:33:03 GSD getOne 第 1 次 等待 3 秒
2024-02-03 00:33:06 查询号码 【1781536】，返回信息 {"status":"ok","msg":"重庆-重庆","gid":"346594","time_insert":"2021-07-21 14:52"}
2024-02-03 00:33:06 查询号码 【1781536】，GSD为【"重庆-重庆"】

2024-02-03 00:33:07 开始第 1628 次操作

2024-02-03 00:33:07 开始操作号码 【1781537】
2024-02-03 00:33:12 GSD getOne 第 1 次 等待 3 秒
2024-02-03 00:33:15 查询号码 【1781537】，返回信息 {"status":"ok","msg":"重庆-重庆","gid":"50400","time_insert":"2021-04-21 16:34"}
2024-02-03 00:33:15 查询号码 【1781537】，GSD为【"重庆-重庆"】

2024-02-03 01:08:31 开始第 1629 次操作

2024-02-03 01:08:31 开始操作号码 【1781538】
2024-02-03 01:08:39 GSD getOne 第 1 次 等待 3 秒
2024-02-03 01:08:42 查询号码 【1781538】，返回信息 {"status":"ok","msg":"重庆-重庆","gid":"346587","time_insert":"2021-07-21 14:51"}
2024-02-03 01:08:42 查询号码 【1781538】，GSD为【"重庆-重庆"】

2024-02-03 01:08:43 开始第 1630 次操作

2024-02-03 01:08:43 开始操作号码 【1781539】
2024-02-03 01:08:47 GSD getOne 第 1 次 等待 3 秒
2024-02-03 01:08:50 查询号码 【1781539】，返回信息 {"status":"ok","msg":"重庆-重庆","gid":"346582","time_insert":"2021-07-21 14:51"}
2024-02-03 01:08:50 查询号码 【1781539】，GSD为【"重庆-重庆"】

2024-02-03 01:08:51 开始第 1631 次操作

2024-02-03 01:08:51 开始操作号码 【1781540】
2024-02-03 01:08:55 GSD getOne 第 1 次 等待 3 秒
2024-02-03 01:08:58 查询号码 【1781540】，返回信息 {"status":"ok","msg":"重庆-重庆","gid":"346514","time_insert":"2021-07-21 14:25"}
2024-02-03 01:08:58 查询号码 【1781540】，GSD为【"重庆-重庆"】

2024-02-03 01:08:59 开始第 1632 次操作

2024-02-03 01:08:59 开始操作号码 【1781541】
2024-02-03 01:09:03 GSD getOne 第 1 次 等待 3 秒
2024-02-03 01:09:06 查询号码 【1781541】，返回信息 {"status":"ok","msg":"重庆-重庆","gid":"346511","time_insert":"2021-07-21 14:24"}
2024-02-03 01:09:06 查询号码 【1781541】，GSD为【"重庆-重庆"】

2024-02-03 01:32:14 开始第 1633 次操作

2024-02-03 01:32:14 开始操作号码 【1781542】
2024-02-03 01:32:25 GSD getOne 第 1 次 等待 3 秒
2024-02-03 01:32:28 查询号码 【1781542】，返回信息 {"status":"ok","msg":"重庆-重庆","gid":"346508","time_insert":"2021-07-21 14:23","time_update":"2021-07-22 06:26"}
2024-02-03 01:32:28 查询号码 【1781542】，GSD为【"重庆-重庆"】

2024-02-03 01:32:29 开始第 1634 次操作

2024-02-03 01:32:29 开始操作号码 【1781543】
2024-02-03 01:32:34 GSD getOne 第 1 次 等待 3 秒
2024-02-03 01:32:37 查询号码 【1781543】，返回信息 {"status":"ok","msg":"重庆-重庆","gid":"346506","time_insert":"2021-07-21 14:22","time_update":"2021-07-22 06:40"}
2024-02-03 01:32:37 查询号码 【1781543】，GSD为【"重庆-重庆"】

2024-02-03 01:32:38 开始第 1635 次操作

2024-02-03 01:32:38 开始操作号码 【1781544】
2024-02-03 01:32:42 GSD getOne 第 1 次 等待 3 秒
2024-02-03 01:32:45 查询号码 【1781544】，返回信息 {"status":"ok","msg":"重庆-重庆","gid":"346504","time_insert":"2021-07-21 14:21","time_update":"2021-07-22 06:51"}
2024-02-03 01:32:45 查询号码 【1781544】，GSD为【"重庆-重庆"】

2024-02-03 01:32:46 开始第 1636 次操作

2024-02-03 01:32:46 开始操作号码 【1781545】
2024-02-03 01:32:50 GSD getOne 第 1 次 等待 3 秒
2024-02-03 01:32:53 查询号码 【1781545】，返回信息 {"status":"ok","msg":"重庆-重庆","gid":"346499","time_insert":"2021-07-21 14:20"}
2024-02-03 01:32:53 查询号码 【1781545】，GSD为【"重庆-重庆"】

2024-02-03 02:10:22 开始第 1637 次操作

2024-02-03 02:10:22 开始操作号码 【1781546】
2024-02-03 02:10:27 GSD getOne 第 1 次 等待 3 秒
2024-02-03 02:10:30 查询号码 【1781546】，返回信息 {"status":"ok","msg":"重庆-重庆","gid":"346496","time_insert":"2021-07-21 14:19","time_update":"2021-07-22 07:02"}
2024-02-03 02:10:30 查询号码 【1781546】，GSD为【"重庆-重庆"】

2024-02-03 02:10:31 开始第 1638 次操作

2024-02-03 02:10:31 开始操作号码 【1781547】
2024-02-03 02:10:35 GSD getOne 第 1 次 等待 3 秒
2024-02-03 02:10:38 查询号码 【1781547】，返回信息 {"status":"ok","msg":"重庆-重庆","gid":"346493","time_insert":"2021-07-21 14:17","time_update":"2021-07-22 07:12"}
2024-02-03 02:10:38 查询号码 【1781547】，GSD为【"重庆-重庆"】

2024-02-03 02:10:39 开始第 1639 次操作

2024-02-03 02:10:39 开始操作号码 【1781548】
2024-02-03 02:10:43 GSD getOne 第 1 次 等待 3 秒
2024-02-03 02:10:46 查询号码 【1781548】，返回信息 {"status":"ok","msg":"重庆-重庆","gid":"346486","time_insert":"2021-07-21 14:16"}
2024-02-03 02:10:46 查询号码 【1781548】，GSD为【"重庆-重庆"】

2024-02-03 02:10:47 开始第 1640 次操作

2024-02-03 02:10:47 开始操作号码 【1781549】
2024-02-03 02:10:52 GSD getOne 第 1 次 等待 3 秒
2024-02-03 02:10:55 查询号码 【1781549】，返回信息 {"status":"ok","msg":"重庆-重庆","gid":"346481","time_insert":"2021-07-21 14:15","time_update":"2021-07-22 07:26"}
2024-02-03 02:10:55 查询号码 【1781549】，GSD为【"重庆-重庆"】

2024-02-03 02:34:01 开始第 1641 次操作

2024-02-03 02:34:01 开始操作号码 【1781550】
2024-02-03 02:34:05 GSD getOne 第 1 次 等待 3 秒
2024-02-03 02:34:08 查询号码 【1781550】，返回信息 {"status":"ok","msg":"浙江-绍兴","gid":"346475","time_insert":"2021-07-21 14:13","time_update":"2021-07-22 07:39"}
2024-02-03 02:34:08 查询号码 【1781550】，GSD为【"浙江-绍兴"】

2024-02-03 02:34:09 开始第 1642 次操作

2024-02-03 02:34:09 开始操作号码 【1781551】
2024-02-03 02:34:13 GSD getOne 第 1 次 等待 3 秒
2024-02-03 02:34:16 查询号码 【1781551】，返回信息 {"status":"ok","msg":"浙江-绍兴","gid":"346472","time_insert":"2021-07-21 14:12","time_update":"2021-07-22 07:50"}
2024-02-03 02:34:16 查询号码 【1781551】，GSD为【"浙江-绍兴"】

2024-02-03 02:34:17 开始第 1643 次操作

2024-02-03 02:34:17 开始操作号码 【1781552】
2024-02-03 02:34:21 GSD getOne 第 1 次 等待 3 秒
2024-02-03 02:34:24 查询号码 【1781552】，返回信息 {"status":"ok","msg":"浙江-绍兴","gid":"346468","time_insert":"2021-07-21 14:11","time_update":"2021-07-22 08:00"}
2024-02-03 02:34:24 查询号码 【1781552】，GSD为【"浙江-绍兴"】

2024-02-03 02:34:25 开始第 1644 次操作

2024-02-03 02:34:25 开始操作号码 【1781553】
2024-02-03 02:34:29 GSD getOne 第 1 次 等待 3 秒
2024-02-03 02:34:32 查询号码 【1781553】，返回信息 {"status":"ok","msg":"浙江-金华","gid":"346463","time_insert":"2021-07-21 14:09","time_update":"2021-07-22 08:14"}
2024-02-03 02:34:32 查询号码 【1781553】，GSD为【"浙江-金华"】

2024-02-03 03:07:59 开始第 1645 次操作

2024-02-03 03:07:59 开始操作号码 【1781554】
2024-02-03 03:08:03 GSD getOne 第 1 次 等待 3 秒
2024-02-03 03:08:06 查询号码 【1781554】，返回信息 {"status":"ok","msg":"浙江-金华","gid":"51234","time_insert":"2021-04-22 09:29"}
2024-02-03 03:08:06 查询号码 【1781554】，GSD为【"浙江-金华"】

2024-02-03 03:08:07 开始第 1646 次操作

2024-02-03 03:08:07 开始操作号码 【1781555】
2024-02-03 03:08:12 GSD getOne 第 1 次 等待 3 秒
2024-02-03 03:08:15 查询号码 【1781555】，返回信息 {"status":"ok","msg":"浙江-金华","gid":"346456","time_insert":"2021-07-21 14:08","time_update":"2021-07-22 08:29"}
2024-02-03 03:08:15 查询号码 【1781555】，GSD为【"浙江-金华"】

2024-02-03 03:08:16 开始第 1647 次操作

2024-02-03 03:08:16 开始操作号码 【1781556】
2024-02-03 03:08:21 GSD getOne 第 1 次 等待 3 秒
2024-02-03 03:08:24 查询号码 【1781556】，返回信息 {"status":"ok","msg":"浙江-金华","gid":"346450","time_insert":"2021-07-21 14:06","time_update":"2021-07-22 08:39"}
2024-02-03 03:08:24 查询号码 【1781556】，GSD为【"浙江-金华"】

2024-02-03 03:08:25 开始第 1648 次操作

2024-02-03 03:08:25 开始操作号码 【1781557】
2024-02-03 03:08:29 GSD getOne 第 1 次 等待 3 秒
2024-02-03 03:08:32 查询号码 【1781557】，返回信息 {"status":"ok","msg":"浙江-金华","gid":"78346","time_insert":"2021-06-03 12:21","time_update":"2021-06-11 23:02"}
2024-02-03 03:08:32 查询号码 【1781557】，GSD为【"浙江-金华"】

