2024-01-17 00:10:24 开始第 9393 次操作

2024-01-17 00:10:24 开始操作号码 【1899302】
2024-01-17 00:10:28 GSD getOne 第 1 次 等待 3 秒
2024-01-17 00:10:31 查询号码 【1899302】，返回信息 {"status":"ok","msg":"甘肃-临夏","gid":"436869","time_insert":"2021-07-29 20:00"}
2024-01-17 00:10:31 查询号码 【1899302】，GSD为【"甘肃-临夏"】

2024-01-17 00:10:32 开始第 9394 次操作

2024-01-17 00:10:32 开始操作号码 【1899303】
2024-01-17 00:10:36 GSD getOne 第 1 次 等待 3 秒
2024-01-17 00:10:39 查询号码 【1899303】，返回信息 {"status":"ok","msg":"甘肃-兰州","gid":"436859","time_insert":"2021-07-29 19:59"}
2024-01-17 00:10:39 查询号码 【1899303】，GSD为【"甘肃-兰州"】

2024-01-17 00:10:40 开始第 9395 次操作

2024-01-17 00:10:40 开始操作号码 【1899304】
2024-01-17 00:10:44 GSD getOne 第 1 次 等待 3 秒
2024-01-17 00:10:47 查询号码 【1899304】，返回信息 {"status":"ok","msg":"甘肃-兰州","gid":"436848","time_insert":"2021-07-29 19:58"}
2024-01-17 00:10:47 查询号码 【1899304】，GSD为【"甘肃-兰州"】

2024-01-17 00:10:48 开始第 9396 次操作

2024-01-17 00:10:48 开始操作号码 【1899305】
2024-01-17 00:10:52 GSD getOne 第 1 次 等待 3 秒
2024-01-17 00:10:55 查询号码 【1899305】，返回信息 {"status":"ok","msg":"甘肃-兰州","gid":"46007","time_insert":"2019-03-19 11:33","time_update":"2020-12-14 13:51"}
2024-01-17 00:10:55 查询号码 【1899305】，GSD为【"甘肃-兰州"】

2024-01-17 00:38:19 开始第 9397 次操作

2024-01-17 00:38:19 开始操作号码 【1899306】
2024-01-17 00:38:23 GSD getOne 第 1 次 等待 3 秒
2024-01-17 00:38:26 查询号码 【1899306】，返回信息 {"status":"ok","msg":"甘肃-兰州","gid":"436835","time_insert":"2021-07-29 19:57"}
2024-01-17 00:38:26 查询号码 【1899306】，GSD为【"甘肃-兰州"】

2024-01-17 00:38:27 开始第 9398 次操作

2024-01-17 00:38:27 开始操作号码 【1899307】
2024-01-17 00:38:31 GSD getOne 第 1 次 等待 3 秒
2024-01-17 00:38:34 查询号码 【1899307】，返回信息 {"status":"ok","msg":"甘肃-兰州","gid":"436818","time_insert":"2021-07-29 19:56"}
2024-01-17 00:38:34 查询号码 【1899307】，GSD为【"甘肃-兰州"】

2024-01-17 00:38:35 开始第 9399 次操作

2024-01-17 00:38:35 开始操作号码 【1899308】
2024-01-17 00:38:39 GSD getOne 第 1 次 等待 3 秒
2024-01-17 00:38:42 查询号码 【1899308】，返回信息 {"status":"ok","msg":"甘肃-兰州","gid":"436805","time_insert":"2021-07-29 19:55"}
2024-01-17 00:38:42 查询号码 【1899308】，GSD为【"甘肃-兰州"】

2024-01-17 00:38:43 开始第 9400 次操作

2024-01-17 00:38:43 开始操作号码 【1899309】
2024-01-17 00:38:47 GSD getOne 第 1 次 等待 3 秒
2024-01-17 00:38:50 查询号码 【1899309】，返回信息 {"status":"ok","msg":"甘肃-兰州","gid":"46008","time_insert":"2018-05-18 23:04","time_update":"2020-12-14 11:58"}
2024-01-17 00:38:50 查询号码 【1899309】，GSD为【"甘肃-兰州"】

