2024-09-09 00:21:37 开始第 3581 次操作

2024-09-09 00:21:37 开始操作号码 【1453580】
2024-09-09 00:21:46 GSD getOne 第 1 次 等待 3 秒
2024-09-09 00:21:49 查询号码 【1453580】，返回信息 {"status":"ok","msg":"福建-福州","gid":"77523","time_insert":"2021-06-02 19:31"}
2024-09-09 00:21:49 查询号码 【1453580】，GSD为【"福建-福州"】

2024-09-09 00:21:50 开始第 3582 次操作

2024-09-09 00:21:50 开始操作号码 【1453581】
2024-09-09 00:21:58 GSD getOne 第 1 次 等待 3 秒
2024-09-09 00:22:01 查询号码 【1453581】，返回信息 {"status":"ok","msg":"福建-福州","gid":"77527","time_insert":"2021-06-02 19:35"}
2024-09-09 00:22:01 查询号码 【1453581】，GSD为【"福建-福州"】

2024-09-09 00:22:02 开始第 3583 次操作

2024-09-09 00:22:02 开始操作号码 【1453582】
2024-09-09 00:22:10 GSD getOne 第 1 次 等待 3 秒
2024-09-09 00:22:13 查询号码 【1453582】，返回信息 {"status":"ok","msg":"福建-福州","gid":"77531","time_insert":"2021-06-02 19:39"}
2024-09-09 00:22:13 查询号码 【1453582】，GSD为【"福建-福州"】

2024-09-09 00:22:14 开始第 3584 次操作

2024-09-09 00:22:14 开始操作号码 【1453583】
2024-09-09 00:22:22 GSD getOne 第 1 次 等待 3 秒
2024-09-09 00:22:25 查询号码 【1453583】，返回信息 {"status":"ok","msg":"福建-福州","gid":"77536","time_insert":"2021-06-02 19:44"}
2024-09-09 00:22:25 查询号码 【1453583】，GSD为【"福建-福州"】

