2024-05-07 00:10:52 开始第 7725 次操作

2024-05-07 00:10:52 开始操作号码 【1677635】
2024-05-07 00:10:59 GSD getOne 第 1 次 等待 3 秒
2024-05-07 00:11:02 查询号码 【1677635】，返回信息 {"status":"ok","msg":"山东-聊城","gid":"309451","time_insert":"2021-07-18 01:54"}
2024-05-07 00:11:02 查询号码 【1677635】，GSD为【"山东-聊城"】

2024-05-07 00:11:03 开始第 7726 次操作

2024-05-07 00:11:03 开始操作号码 【1677636】
2024-05-07 00:11:11 GSD getOne 第 1 次 等待 3 秒
2024-05-07 00:11:14 查询号码 【1677636】，返回信息 {"status":"ok","msg":"山东-济南","gid":"309460","time_insert":"2021-07-18 01:54"}
2024-05-07 00:11:14 查询号码 【1677636】，GSD为【"山东-济南"】

2024-05-07 00:11:15 开始第 7727 次操作

2024-05-07 00:11:15 开始操作号码 【1677637】
2024-05-07 00:11:20 GSD getOne 第 1 次 等待 3 秒
2024-05-07 00:11:23 查询号码 【1677637】，返回信息 {"status":"ok","msg":"山东-济南","gid":"309469","time_insert":"2021-07-18 01:55"}
2024-05-07 00:11:23 查询号码 【1677637】，GSD为【"山东-济南"】

2024-05-07 00:11:24 开始第 7728 次操作

2024-05-07 00:11:24 开始操作号码 【1677638】
2024-05-07 00:11:34 GSD getOne 第 1 次 等待 3 秒
2024-05-07 00:11:37 查询号码 【1677638】，返回信息 {"status":"ok","msg":"山东-济南","gid":"309479","time_insert":"2021-07-18 01:56"}
2024-05-07 00:11:37 查询号码 【1677638】，GSD为【"山东-济南"】

