2023-12-01 00:10:49 开始第 753 次操作

2023-12-01 00:10:49 开始操作号码 【1890662】
2023-12-01 00:10:54 GSD getOne 第 1 次 等待 3 秒
2023-12-01 00:10:57 查询号码 【1890662】，返回信息 {"status":"ok","msg":"浙江-宁波","gid":"421737","time_insert":"2021-07-28 06:01"}
2023-12-01 00:10:57 查询号码 【1890662】，GSD为【"浙江-宁波"】

2023-12-01 00:10:58 开始第 754 次操作

2023-12-01 00:10:58 开始操作号码 【1890663】
2023-12-01 00:11:01 GSD getOne 第 1 次 等待 3 秒
2023-12-01 00:11:04 查询号码 【1890663】，返回信息 {"status":"ok","msg":"浙江-温州","gid":"421830","time_insert":"2021-07-28 06:12"}
2023-12-01 00:11:04 查询号码 【1890663】，GSD为【"浙江-温州"】

2023-12-01 00:11:05 开始第 755 次操作

2023-12-01 00:11:05 开始操作号码 【1890664】
2023-12-01 00:11:09 GSD getOne 第 1 次 等待 3 秒
2023-12-01 00:11:12 查询号码 【1890664】，返回信息 {"status":"ok","msg":"浙江-温州","gid":"421855","time_insert":"2021-07-28 06:27"}
2023-12-01 00:11:12 查询号码 【1890664】，GSD为【"浙江-温州"】

2023-12-01 00:11:13 开始第 756 次操作

2023-12-01 00:11:13 开始操作号码 【1890665】
2023-12-01 00:11:16 GSD getOne 第 1 次 等待 3 秒
2023-12-01 00:11:19 查询号码 【1890665】，返回信息 {"status":"ok","msg":"浙江-温州","gid":"421885","time_insert":"2021-07-28 06:40"}
2023-12-01 00:11:20 查询号码 【1890665】，GSD为【"浙江-温州"】

2023-12-01 00:39:19 开始第 757 次操作

2023-12-01 00:39:19 开始操作号码 【1890666】
2023-12-01 00:39:23 GSD getOne 第 1 次 等待 3 秒
2023-12-01 00:39:26 查询号码 【1890666】，返回信息 {"status":"ok","msg":"浙江-温州","gid":"422096","time_insert":"2021-07-28 06:54"}
2023-12-01 00:39:26 查询号码 【1890666】，GSD为【"浙江-温州"】

2023-12-01 00:39:27 开始第 758 次操作

2023-12-01 00:39:27 开始操作号码 【1890667】
2023-12-01 00:39:33 GSD getOne 第 1 次 等待 3 秒
2023-12-01 00:39:36 查询号码 【1890667】，返回信息 {"status":"ok","msg":"浙江-温州","gid":"422258","time_insert":"2021-07-28 07:07"}
2023-12-01 00:39:36 查询号码 【1890667】，GSD为【"浙江-温州"】

2023-12-01 00:39:37 开始第 759 次操作

2023-12-01 00:39:37 开始操作号码 【1890668】
2023-12-01 00:39:40 GSD getOne 第 1 次 等待 3 秒
2023-12-01 00:39:43 查询号码 【1890668】，返回信息 {"status":"ok","msg":"浙江-宁波","gid":"44899","time_insert":"2014-06-26 13:48","time_update":"2021-06-21 23:46"}
2023-12-01 00:39:43 查询号码 【1890668】，GSD为【"浙江-宁波"】

2023-12-01 00:39:44 开始第 760 次操作

2023-12-01 00:39:44 开始操作号码 【1890669】
2023-12-01 00:39:47 GSD getOne 第 1 次 等待 3 秒
2023-12-01 00:39:50 查询号码 【1890669】，返回信息 {"status":"ok","msg":"浙江-宁波","gid":"422314","time_insert":"2021-07-28 07:19"}
2023-12-01 00:39:50 查询号码 【1890669】，GSD为【"浙江-宁波"】

2023-12-01 01:07:41 开始第 761 次操作

2023-12-01 01:07:41 开始操作号码 【1890670】
2023-12-01 01:07:45 GSD getOne 第 1 次 等待 3 秒
2023-12-01 01:07:48 查询号码 【1890670】，返回信息 {"status":"ok","msg":"浙江-衢州","gid":"422327","time_insert":"2021-07-28 07:32"}
2023-12-01 01:07:48 查询号码 【1890670】，GSD为【"浙江-衢州"】

2023-12-01 01:07:49 开始第 762 次操作

2023-12-01 01:07:49 开始操作号码 【1890671】
2023-12-01 01:07:53 GSD getOne 第 1 次 等待 3 秒
2023-12-01 01:07:56 查询号码 【1890671】，返回信息 {"status":"ok","msg":"浙江-杭州","gid":"422433","time_insert":"2021-07-28 07:45"}
2023-12-01 01:07:56 查询号码 【1890671】，GSD为【"浙江-杭州"】

2023-12-01 01:07:57 开始第 763 次操作

2023-12-01 01:07:57 开始操作号码 【1890672】
2023-12-01 01:08:02 GSD getOne 第 1 次 等待 3 秒
2023-12-01 01:08:05 查询号码 【1890672】，返回信息 {"status":"ok","msg":"浙江-湖州","gid":"422597","time_insert":"2021-07-28 08:00"}
2023-12-01 01:08:05 查询号码 【1890672】，GSD为【"浙江-湖州"】

2023-12-01 01:08:06 开始第 764 次操作

2023-12-01 01:08:06 开始操作号码 【1890673】
2023-12-01 01:08:09 GSD getOne 第 1 次 等待 3 秒
2023-12-01 01:08:12 查询号码 【1890673】，返回信息 {"status":"ok","msg":"浙江-嘉兴","gid":"422693","time_insert":"2021-07-28 08:11"}
2023-12-01 01:08:12 查询号码 【1890673】，GSD为【"浙江-嘉兴"】

2023-12-01 01:32:31 开始第 765 次操作

2023-12-01 01:32:31 开始操作号码 【1890674】
2023-12-01 01:32:36 GSD getOne 第 1 次 等待 3 秒
2023-12-01 01:32:39 查询号码 【1890674】，返回信息 {"status":"ok","msg":"浙江-宁波","gid":"422722","time_insert":"2021-07-28 08:22"}
2023-12-01 01:32:39 查询号码 【1890674】，GSD为【"浙江-宁波"】

2023-12-01 01:32:40 开始第 766 次操作

2023-12-01 01:32:40 开始操作号码 【1890675】
2023-12-01 01:32:43 GSD getOne 第 1 次 等待 3 秒
2023-12-01 01:32:46 查询号码 【1890675】，返回信息 {"status":"ok","msg":"浙江-绍兴","gid":"422737","time_insert":"2021-07-28 08:35"}
2023-12-01 01:32:46 查询号码 【1890675】，GSD为【"浙江-绍兴"】

2023-12-01 01:32:47 开始第 767 次操作

2023-12-01 01:32:48 开始操作号码 【1890676】
2023-12-01 01:32:52 GSD getOne 第 1 次 等待 3 秒
2023-12-01 01:32:55 查询号码 【1890676】，返回信息 {"status":"ok","msg":"浙江-台州","gid":"44900","time_insert":"2015-12-07 20:53","time_update":"2021-06-22 00:01"}
2023-12-01 01:32:55 查询号码 【1890676】，GSD为【"浙江-台州"】

2023-12-01 01:32:56 开始第 768 次操作

2023-12-01 01:32:56 开始操作号码 【1890677】
2023-12-01 01:32:59 GSD getOne 第 1 次 等待 3 秒
2023-12-01 01:33:02 查询号码 【1890677】，返回信息 {"status":"ok","msg":"浙江-温州","gid":"422764","time_insert":"2021-07-28 08:46"}
2023-12-01 01:33:02 查询号码 【1890677】，GSD为【"浙江-温州"】

