2024-04-02 00:10:18 开始第 1461 次操作

2024-04-02 00:10:18 开始操作号码 【1671371】
2024-04-02 00:10:24 GSD getOne 第 1 次 等待 3 秒
2024-04-02 00:10:27 查询号码 【1671371】，返回信息 {"status":"ok","msg":"河南-郑州","gid":"231596","time_insert":"2021-07-09 14:56"}
2024-04-02 00:10:28 查询号码 【1671371】，GSD为【"河南-郑州"】

2024-04-02 00:10:29 开始第 1462 次操作

2024-04-02 00:10:29 开始操作号码 【1671372】
2024-04-02 00:10:36 GSD getOne 第 1 次 等待 3 秒
2024-04-02 00:10:39 查询号码 【1671372】，返回信息 {"status":"ok","msg":"河南-安阳","gid":"231603","time_insert":"2021-07-09 14:57"}
2024-04-02 00:10:39 查询号码 【1671372】，GSD为【"河南-安阳"】

2024-04-02 00:10:40 开始第 1463 次操作

2024-04-02 00:10:40 开始操作号码 【1671373】
2024-04-02 00:10:47 GSD getOne 第 1 次 等待 3 秒
2024-04-02 00:10:50 查询号码 【1671373】，返回信息 {"status":"ok","msg":"河南-新乡","gid":"231609","time_insert":"2021-07-09 14:57"}
2024-04-02 00:10:50 查询号码 【1671373】，GSD为【"河南-新乡"】

2024-04-02 00:10:51 开始第 1464 次操作

2024-04-02 00:10:51 开始操作号码 【1671374】
2024-04-02 00:10:57 GSD getOne 第 1 次 等待 3 秒
2024-04-02 00:11:00 查询号码 【1671374】，返回信息 {"status":"ok","msg":"河南-许昌","gid":"231614","time_insert":"2021-07-09 14:58"}
2024-04-02 00:11:00 查询号码 【1671374】，GSD为【"河南-许昌"】

2024-04-02 00:36:40 开始第 1465 次操作

2024-04-02 00:36:40 开始操作号码 【1671375】
2024-04-02 00:36:45 GSD getOne 第 1 次 等待 3 秒
2024-04-02 00:36:48 查询号码 【1671375】，返回信息 {"status":"ok","msg":"河南-平顶山","gid":"231624","time_insert":"2021-07-09 14:58"}
2024-04-02 00:36:48 查询号码 【1671375】，GSD为【"河南-平顶山"】

2024-04-02 00:36:49 开始第 1466 次操作

2024-04-02 00:36:49 开始操作号码 【1671376】
2024-04-02 00:36:54 GSD getOne 第 1 次 等待 3 秒
2024-04-02 00:36:57 查询号码 【1671376】，返回信息 {"status":"ok","msg":"河南-信阳","gid":"231633","time_insert":"2021-07-09 14:59"}
2024-04-02 00:36:57 查询号码 【1671376】，GSD为【"河南-信阳"】

2024-04-02 00:36:58 开始第 1467 次操作

2024-04-02 00:36:58 开始操作号码 【1671377】
2024-04-02 00:37:06 GSD getOne 第 1 次 等待 3 秒
2024-04-02 00:37:09 查询号码 【1671377】，返回信息 {"status":"ok","msg":"河南-南阳","gid":"231636","time_insert":"2021-07-09 14:59"}
2024-04-02 00:37:10 查询号码 【1671377】，GSD为【"河南-南阳"】

2024-04-02 00:37:11 开始第 1468 次操作

2024-04-02 00:37:11 开始操作号码 【1671378】
2024-04-02 00:37:20 GSD getOne 第 1 次 等待 3 秒
2024-04-02 00:37:23 查询号码 【1671378】，返回信息 {"status":"ok","msg":"河南-新乡","gid":"231646","time_insert":"2021-07-09 15:00"}
2024-04-02 00:37:23 查询号码 【1671378】，GSD为【"河南-新乡"】

2024-04-02 01:09:54 开始第 1469 次操作

2024-04-02 01:09:54 开始操作号码 【1671379】
2024-04-02 01:10:00 GSD getOne 第 1 次 等待 3 秒
2024-04-02 01:10:03 查询号码 【1671379】，返回信息 {"status":"ok","msg":"河南-洛阳","gid":"231652","time_insert":"2021-07-09 15:00"}
2024-04-02 01:10:03 查询号码 【1671379】，GSD为【"河南-洛阳"】

2024-04-02 01:10:04 开始第 1470 次操作

2024-04-02 01:10:04 开始操作号码 【1671380】
2024-04-02 01:10:09 GSD getOne 第 1 次 等待 3 秒
2024-04-02 01:10:12 查询号码 【1671380】，返回信息 {"status":"ok","msg":"河北-唐山","gid":"231657","time_insert":"2021-07-09 15:00"}
2024-04-02 01:10:12 查询号码 【1671380】，GSD为【"河北-唐山"】

2024-04-02 01:10:13 开始第 1471 次操作

2024-04-02 01:10:13 开始操作号码 【1671381】
2024-04-02 01:10:18 GSD getOne 第 1 次 等待 3 秒
2024-04-02 01:10:21 查询号码 【1671381】，返回信息 {"status":"ok","msg":"河北-唐山","gid":"231876","time_insert":"2021-07-09 15:34"}
2024-04-02 01:10:21 查询号码 【1671381】，GSD为【"河北-唐山"】

2024-04-02 01:10:22 开始第 1472 次操作

2024-04-02 01:10:22 开始操作号码 【1671382】
2024-04-02 01:10:28 GSD getOne 第 1 次 等待 3 秒
2024-04-02 01:10:31 查询号码 【1671382】，返回信息 {"status":"ok","msg":"河北-唐山","gid":"231879","time_insert":"2021-07-09 15:35"}
2024-04-02 01:10:31 查询号码 【1671382】，GSD为【"河北-唐山"】

2024-04-02 01:32:52 开始第 1473 次操作

2024-04-02 01:32:53 开始操作号码 【1671383】
2024-04-02 01:32:59 GSD getOne 第 1 次 等待 3 秒
2024-04-02 01:33:02 查询号码 【1671383】，返回信息 {"status":"ok","msg":"河北-唐山","gid":"231882","time_insert":"2021-07-09 15:35"}
2024-04-02 01:33:02 查询号码 【1671383】，GSD为【"河北-唐山"】

2024-04-02 01:33:03 开始第 1474 次操作

2024-04-02 01:33:03 开始操作号码 【1671384】
2024-04-02 01:33:09 GSD getOne 第 1 次 等待 3 秒
2024-04-02 01:33:12 查询号码 【1671384】，返回信息 {"status":"ok","msg":"河北-唐山","gid":"231884","time_insert":"2021-07-09 15:35"}
2024-04-02 01:33:12 查询号码 【1671384】，GSD为【"河北-唐山"】

2024-04-02 01:33:13 开始第 1475 次操作

2024-04-02 01:33:13 开始操作号码 【1671385】
2024-04-02 01:33:19 GSD getOne 第 1 次 等待 3 秒
2024-04-02 01:33:22 查询号码 【1671385】，返回信息 {"status":"ok","msg":"河北-唐山","gid":"231889","time_insert":"2021-07-09 15:36"}
2024-04-02 01:33:22 查询号码 【1671385】，GSD为【"河北-唐山"】

2024-04-02 01:33:23 开始第 1476 次操作

2024-04-02 01:33:23 开始操作号码 【1671386】
2024-04-02 01:33:29 GSD getOne 第 1 次 等待 3 秒
2024-04-02 01:33:32 查询号码 【1671386】，返回信息 {"status":"ok","msg":"河北-邢台","gid":"231893","time_insert":"2021-07-09 15:36"}
2024-04-02 01:33:32 查询号码 【1671386】，GSD为【"河北-邢台"】

2024-04-02 02:09:55 开始第 1477 次操作

2024-04-02 02:09:55 开始操作号码 【1671387】
2024-04-02 02:10:01 GSD getOne 第 1 次 等待 3 秒
2024-04-02 02:10:04 查询号码 【1671387】，返回信息 {"status":"ok","msg":"河北-邢台","gid":"231899","time_insert":"2021-07-09 15:36"}
2024-04-02 02:10:04 查询号码 【1671387】，GSD为【"河北-邢台"】

2024-04-02 02:10:05 开始第 1478 次操作

2024-04-02 02:10:05 开始操作号码 【1671388】
2024-04-02 02:10:10 GSD getOne 第 1 次 等待 3 秒
2024-04-02 02:10:13 查询号码 【1671388】，返回信息 {"status":"ok","msg":"河北-邢台","gid":"231904","time_insert":"2021-07-09 15:37"}
2024-04-02 02:10:13 查询号码 【1671388】，GSD为【"河北-邢台"】

2024-04-02 02:10:14 开始第 1479 次操作

2024-04-02 02:10:14 开始操作号码 【1671389】
2024-04-02 02:10:19 GSD getOne 第 1 次 等待 3 秒
2024-04-02 02:10:22 查询号码 【1671389】，返回信息 {"status":"ok","msg":"河北-邢台","gid":"231910","time_insert":"2021-07-09 15:37"}
2024-04-02 02:10:22 查询号码 【1671389】，GSD为【"河北-邢台"】

2024-04-02 02:10:23 开始第 1480 次操作

2024-04-02 02:10:23 开始操作号码 【1671390】
2024-04-02 02:10:28 GSD getOne 第 1 次 等待 3 秒
2024-04-02 02:10:31 查询号码 【1671390】，返回信息 {"status":"ok","msg":"河南-新乡","gid":"231916","time_insert":"2021-07-09 15:38"}
2024-04-02 02:10:31 查询号码 【1671390】，GSD为【"河南-新乡"】

2024-04-02 02:32:31 开始第 1481 次操作

2024-04-02 02:32:31 开始操作号码 【1671391】
2024-04-02 02:32:36 GSD getOne 第 1 次 等待 3 秒
2024-04-02 02:32:39 查询号码 【1671391】，返回信息 {"status":"ok","msg":"河南-新乡","gid":"231922","time_insert":"2021-07-09 15:38"}
2024-04-02 02:32:39 查询号码 【1671391】，GSD为【"河南-新乡"】

2024-04-02 02:32:40 开始第 1482 次操作

2024-04-02 02:32:40 开始操作号码 【1671392】
2024-04-02 02:32:47 GSD getOne 第 1 次 等待 3 秒
2024-04-02 02:32:50 查询号码 【1671392】，返回信息 {"status":"ok","msg":"河南-鹤壁","gid":"231929","time_insert":"2021-07-09 15:39"}
2024-04-02 02:32:50 查询号码 【1671392】，GSD为【"河南-鹤壁"】

2024-04-02 02:32:51 开始第 1483 次操作

2024-04-02 02:32:51 开始操作号码 【1671393】
2024-04-02 02:32:56 GSD getOne 第 1 次 等待 3 秒
2024-04-02 02:32:59 查询号码 【1671393】，返回信息 {"status":"ok","msg":"河南-濮阳","gid":"231936","time_insert":"2021-07-09 15:39"}
2024-04-02 02:32:59 查询号码 【1671393】，GSD为【"河南-濮阳"】

2024-04-02 02:33:00 开始第 1484 次操作

2024-04-02 02:33:00 开始操作号码 【1671394】
2024-04-02 02:33:06 GSD getOne 第 1 次 等待 3 秒
2024-04-02 02:33:09 查询号码 【1671394】，返回信息 {"status":"ok","msg":"河南-周口","gid":"231946","time_insert":"2021-07-09 15:39"}
2024-04-02 02:33:09 查询号码 【1671394】，GSD为【"河南-周口"】

